[2024-04-18T02:47:53.772+0000] {local_task_job_runner.py:120} INFO - ::group::Pre task execution logs
[2024-04-18T02:47:53.881+0000] {taskinstance.py:2073} INFO - Dependencies all met for dep_context=non-requeueable deps ti=<TaskInstance: example_sensors.week_day_sensor_failing_on_timeout manual__2024-04-18T02:47:33.787232+00:00 [queued]>
[2024-04-18T02:47:53.945+0000] {taskinstance.py:2073} INFO - Dependencies all met for dep_context=requeueable deps ti=<TaskInstance: example_sensors.week_day_sensor_failing_on_timeout manual__2024-04-18T02:47:33.787232+00:00 [queued]>
[2024-04-18T02:47:53.959+0000] {taskinstance.py:2303} INFO - Starting attempt 1 of 1
[2024-04-18T02:47:54.149+0000] {taskinstance.py:2327} INFO - Executing <Task(DayOfWeekSensor): week_day_sensor_failing_on_timeout> on 2024-04-18 02:47:33.787232+00:00
[2024-04-18T02:47:54.194+0000] {standard_task_runner.py:90} INFO - Running: ['***', 'tasks', 'run', 'example_sensors', 'week_day_sensor_failing_on_timeout', 'manual__2024-04-18T02:47:33.787232+00:00', '--job-id', '20', '--raw', '--subdir', '/home/***/.local/lib/python3.12/site-packages/***/example_dags/example_sensors.py', '--cfg-path', '/tmp/tmpqjx4vzd_']
[2024-04-18T02:47:54.208+0000] {standard_task_runner.py:91} INFO - Job 20: Subtask week_day_sensor_failing_on_timeout
[2024-04-18T02:47:54.186+0000] {warnings.py:110} WARNING - /home/***/.local/lib/python3.12/site-packages/***/task/task_runner/standard_task_runner.py:61: DeprecationWarning: This process (pid=1584) is multi-threaded, use of fork() may lead to deadlocks in the child.
  pid = os.fork()

[2024-04-18T02:47:54.246+0000] {standard_task_runner.py:63} INFO - Started process 1607 to run task
[2024-04-18T02:47:54.700+0000] {task_command.py:426} INFO - Running <TaskInstance: example_sensors.week_day_sensor_failing_on_timeout manual__2024-04-18T02:47:33.787232+00:00 [running]> on host f31c3e7472ea
[2024-04-18T02:47:55.225+0000] {taskinstance.py:2644} INFO - Exporting env vars: AIRFLOW_CTX_DAG_OWNER='***' AIRFLOW_CTX_DAG_ID='example_sensors' AIRFLOW_CTX_TASK_ID='week_day_sensor_failing_on_timeout' AIRFLOW_CTX_EXECUTION_DATE='2024-04-18T02:47:33.787232+00:00' AIRFLOW_CTX_TRY_NUMBER='1' AIRFLOW_CTX_DAG_RUN_ID='manual__2024-04-18T02:47:33.787232+00:00'
[2024-04-18T02:47:55.234+0000] {taskinstance.py:430} INFO - ::endgroup::
[2024-04-18T02:47:55.235+0000] {weekday.py:107} INFO - Poking until weekday is in 1, Today is THURSDAY
[2024-04-18T02:48:55.236+0000] {weekday.py:107} INFO - Poking until weekday is in 1, Today is THURSDAY
[2024-04-18T02:48:55.237+0000] {taskinstance.py:441} INFO - ::group::Post task execution logs
[2024-04-18T02:48:55.238+0000] {taskinstance.py:2502} INFO - Sensor has timed out; run duration of 60.002594188999865 seconds exceeds the specified timeout of 3.0.
[2024-04-18T02:48:55.256+0000] {taskinstance.py:1205} INFO - Marking task as SKIPPED. dag_id=example_sensors, task_id=week_day_sensor_failing_on_timeout, execution_date=20240418T024733, start_date=20240418T024753, end_date=20240418T024855
[2024-04-18T02:48:55.358+0000] {local_task_job_runner.py:240} INFO - Task exited with return code 0
[2024-04-18T02:48:55.465+0000] {taskinstance.py:3482} INFO - 0 downstream tasks scheduled from follow-on schedule check
[2024-04-18T02:48:55.469+0000] {local_task_job_runner.py:222} INFO - ::endgroup::
