[2024-04-18T02:47:53.650+0000] {local_task_job_runner.py:120} INFO - ::group::Pre task execution logs
[2024-04-18T02:47:53.845+0000] {taskinstance.py:2073} INFO - Dependencies all met for dep_context=non-requeueable deps ti=<TaskInstance: example_sensors.create_file_after_3_seconds manual__2024-04-18T02:47:33.787232+00:00 [queued]>
[2024-04-18T02:47:53.880+0000] {taskinstance.py:2073} INFO - Dependencies all met for dep_context=requeueable deps ti=<TaskInstance: example_sensors.create_file_after_3_seconds manual__2024-04-18T02:47:33.787232+00:00 [queued]>
[2024-04-18T02:47:53.892+0000] {taskinstance.py:2303} INFO - Starting attempt 1 of 1
[2024-04-18T02:47:53.965+0000] {taskinstance.py:2327} INFO - Executing <Task(BashOperator): create_file_after_3_seconds> on 2024-04-18 02:47:33.787232+00:00
[2024-04-18T02:47:53.994+0000] {warnings.py:110} WARNING - /home/***/.local/lib/python3.12/site-packages/***/task/task_runner/standard_task_runner.py:61: DeprecationWarning: This process (pid=1582) is multi-threaded, use of fork() may lead to deadlocks in the child.
  pid = os.fork()

[2024-04-18T02:47:53.998+0000] {standard_task_runner.py:63} INFO - Started process 1602 to run task
[2024-04-18T02:47:54.005+0000] {standard_task_runner.py:90} INFO - Running: ['***', 'tasks', 'run', 'example_sensors', 'create_file_after_3_seconds', 'manual__2024-04-18T02:47:33.787232+00:00', '--job-id', '16', '--raw', '--subdir', '/home/***/.local/lib/python3.12/site-packages/***/example_dags/example_sensors.py', '--cfg-path', '/tmp/tmpn_7w3ufc']
[2024-04-18T02:47:54.010+0000] {standard_task_runner.py:91} INFO - Job 16: Subtask create_file_after_3_seconds
[2024-04-18T02:47:54.495+0000] {task_command.py:426} INFO - Running <TaskInstance: example_sensors.create_file_after_3_seconds manual__2024-04-18T02:47:33.787232+00:00 [running]> on host f31c3e7472ea
[2024-04-18T02:47:55.209+0000] {taskinstance.py:2644} INFO - Exporting env vars: AIRFLOW_CTX_DAG_OWNER='***' AIRFLOW_CTX_DAG_ID='example_sensors' AIRFLOW_CTX_TASK_ID='create_file_after_3_seconds' AIRFLOW_CTX_EXECUTION_DATE='2024-04-18T02:47:33.787232+00:00' AIRFLOW_CTX_TRY_NUMBER='1' AIRFLOW_CTX_DAG_RUN_ID='manual__2024-04-18T02:47:33.787232+00:00'
[2024-04-18T02:47:55.215+0000] {taskinstance.py:430} INFO - ::endgroup::
[2024-04-18T02:47:55.334+0000] {subprocess.py:63} INFO - Tmp dir root location: /tmp
[2024-04-18T02:47:55.336+0000] {subprocess.py:75} INFO - Running command: ['/usr/bin/bash', '-c', 'sleep 3; touch /tmp/temporary_file_for_testing']
[2024-04-18T02:47:55.379+0000] {subprocess.py:86} INFO - Output:
[2024-04-18T02:47:58.611+0000] {subprocess.py:97} INFO - Command exited with return code 0
[2024-04-18T02:47:58.614+0000] {taskinstance.py:441} INFO - ::group::Post task execution logs
[2024-04-18T02:47:58.709+0000] {taskinstance.py:1205} INFO - Marking task as SUCCESS. dag_id=example_sensors, task_id=create_file_after_3_seconds, execution_date=20240418T024733, start_date=20240418T024753, end_date=20240418T024758
[2024-04-18T02:47:58.871+0000] {local_task_job_runner.py:240} INFO - Task exited with return code 0
[2024-04-18T02:47:58.941+0000] {taskinstance.py:3482} INFO - 0 downstream tasks scheduled from follow-on schedule check
[2024-04-18T02:47:58.949+0000] {local_task_job_runner.py:222} INFO - ::endgroup::
