[2024-04-18T02:47:53.666+0000] {local_task_job_runner.py:120} INFO - ::group::Pre task execution logs
[2024-04-18T02:47:53.841+0000] {taskinstance.py:2073} INFO - Dependencies all met for dep_context=non-requeueable deps ti=<TaskInstance: example_sensors.wait_some_seconds manual__2024-04-18T02:47:33.787232+00:00 [queued]>
[2024-04-18T02:47:53.915+0000] {taskinstance.py:2073} INFO - Dependencies all met for dep_context=requeueable deps ti=<TaskInstance: example_sensors.wait_some_seconds manual__2024-04-18T02:47:33.787232+00:00 [queued]>
[2024-04-18T02:47:53.917+0000] {taskinstance.py:2303} INFO - Starting attempt 1 of 1
[2024-04-18T02:47:54.028+0000] {taskinstance.py:2327} INFO - Executing <Task(TimeDeltaSensor): wait_some_seconds> on 2024-04-18 02:47:33.787232+00:00
[2024-04-18T02:47:54.052+0000] {warnings.py:110} WARNING - /home/***/.local/lib/python3.12/site-packages/***/task/task_runner/standard_task_runner.py:61: DeprecationWarning: This process (pid=1577) is multi-threaded, use of fork() may lead to deadlocks in the child.
  pid = os.fork()

[2024-04-18T02:47:54.070+0000] {standard_task_runner.py:90} INFO - Running: ['***', 'tasks', 'run', 'example_sensors', 'wait_some_seconds', 'manual__2024-04-18T02:47:33.787232+00:00', '--job-id', '14', '--raw', '--subdir', '/home/***/.local/lib/python3.12/site-packages/***/example_dags/example_sensors.py', '--cfg-path', '/tmp/tmpcm3_pwp0']
[2024-04-18T02:47:54.077+0000] {standard_task_runner.py:91} INFO - Job 14: Subtask wait_some_seconds
[2024-04-18T02:47:54.073+0000] {standard_task_runner.py:63} INFO - Started process 1604 to run task
[2024-04-18T02:47:54.527+0000] {task_command.py:426} INFO - Running <TaskInstance: example_sensors.wait_some_seconds manual__2024-04-18T02:47:33.787232+00:00 [running]> on host f31c3e7472ea
[2024-04-18T02:47:55.136+0000] {taskinstance.py:2644} INFO - Exporting env vars: AIRFLOW_CTX_DAG_OWNER='***' AIRFLOW_CTX_DAG_ID='example_sensors' AIRFLOW_CTX_TASK_ID='wait_some_seconds' AIRFLOW_CTX_EXECUTION_DATE='2024-04-18T02:47:33.787232+00:00' AIRFLOW_CTX_TRY_NUMBER='1' AIRFLOW_CTX_DAG_RUN_ID='manual__2024-04-18T02:47:33.787232+00:00'
[2024-04-18T02:47:55.149+0000] {taskinstance.py:430} INFO - ::endgroup::
[2024-04-18T02:47:55.152+0000] {time_delta.py:51} INFO - Checking if the time (2024-04-18 02:47:35.787232+00:00) has come
[2024-04-18T02:47:55.154+0000] {base.py:294} INFO - Success criteria met. Exiting.
[2024-04-18T02:47:55.155+0000] {taskinstance.py:441} INFO - ::group::Post task execution logs
[2024-04-18T02:47:55.209+0000] {taskinstance.py:1205} INFO - Marking task as SUCCESS. dag_id=example_sensors, task_id=wait_some_seconds, execution_date=20240418T024733, start_date=20240418T024753, end_date=20240418T024755
[2024-04-18T02:47:55.364+0000] {local_task_job_runner.py:240} INFO - Task exited with return code 0
[2024-04-18T02:47:55.538+0000] {taskinstance.py:3482} INFO - 0 downstream tasks scheduled from follow-on schedule check
[2024-04-18T02:47:55.545+0000] {local_task_job_runner.py:222} INFO - ::endgroup::
