[2024-04-18T03:20:06.491+0000] {processor.py:161} INFO - Started process (PID=17752) to work on /opt/airflow/dags/DAG_01.py
[2024-04-18T03:20:06.493+0000] {processor.py:830} INFO - Processing file /opt/airflow/dags/DAG_01.py for tasks to queue
[2024-04-18T03:20:06.496+0000] {logging_mixin.py:188} INFO - [2024-04-18T03:20:06.495+0000] {dagbag.py:540} INFO - Filling up the DagBag from /opt/airflow/dags/DAG_01.py
[2024-04-18T03:20:06.570+0000] {processor.py:840} INFO - DAG(s) 'hello_world_dag' retrieved from /opt/airflow/dags/DAG_01.py
[2024-04-18T03:20:06.782+0000] {logging_mixin.py:188} INFO - [2024-04-18T03:20:06.780+0000] {override.py:1829} INFO - Created Permission View: can read on DAG:hello_world_dag
[2024-04-18T03:20:06.803+0000] {logging_mixin.py:188} INFO - [2024-04-18T03:20:06.802+0000] {override.py:1829} INFO - Created Permission View: can delete on DAG:hello_world_dag
[2024-04-18T03:20:06.821+0000] {logging_mixin.py:188} INFO - [2024-04-18T03:20:06.820+0000] {override.py:1829} INFO - Created Permission View: can edit on DAG:hello_world_dag
[2024-04-18T03:20:06.822+0000] {logging_mixin.py:188} INFO - [2024-04-18T03:20:06.822+0000] {dag.py:3096} INFO - Sync 1 DAGs
[2024-04-18T03:20:06.848+0000] {logging_mixin.py:188} INFO - [2024-04-18T03:20:06.847+0000] {dag.py:3118} INFO - Creating ORM DAG for hello_world_dag
[2024-04-18T03:20:06.863+0000] {logging_mixin.py:188} INFO - [2024-04-18T03:20:06.863+0000] {dag.py:3954} INFO - Setting next_dagrun for hello_world_dag to 2024-04-17 00:00:00+00:00, run_after=2024-04-18 00:00:00+00:00
[2024-04-18T03:20:06.909+0000] {processor.py:183} INFO - Processing /opt/airflow/dags/DAG_01.py took 0.428 seconds
[2024-04-18T03:20:37.371+0000] {processor.py:161} INFO - Started process (PID=17811) to work on /opt/airflow/dags/DAG_01.py
[2024-04-18T03:20:37.373+0000] {processor.py:830} INFO - Processing file /opt/airflow/dags/DAG_01.py for tasks to queue
[2024-04-18T03:20:37.377+0000] {logging_mixin.py:188} INFO - [2024-04-18T03:20:37.377+0000] {dagbag.py:540} INFO - Filling up the DagBag from /opt/airflow/dags/DAG_01.py
[2024-04-18T03:20:37.406+0000] {processor.py:840} INFO - DAG(s) 'hello_world_dag' retrieved from /opt/airflow/dags/DAG_01.py
[2024-04-18T03:20:37.436+0000] {logging_mixin.py:188} INFO - [2024-04-18T03:20:37.436+0000] {dag.py:3096} INFO - Sync 1 DAGs
[2024-04-18T03:20:37.484+0000] {logging_mixin.py:188} INFO - [2024-04-18T03:20:37.484+0000] {dag.py:3954} INFO - Setting next_dagrun for hello_world_dag to 2024-04-17 00:00:00+00:00, run_after=2024-04-18 00:00:00+00:00
[2024-04-18T03:20:37.524+0000] {processor.py:183} INFO - Processing /opt/airflow/dags/DAG_01.py took 0.162 seconds
[2024-04-18T03:21:07.808+0000] {processor.py:161} INFO - Started process (PID=17870) to work on /opt/airflow/dags/DAG_01.py
[2024-04-18T03:21:07.810+0000] {processor.py:830} INFO - Processing file /opt/airflow/dags/DAG_01.py for tasks to queue
[2024-04-18T03:21:07.813+0000] {logging_mixin.py:188} INFO - [2024-04-18T03:21:07.812+0000] {dagbag.py:540} INFO - Filling up the DagBag from /opt/airflow/dags/DAG_01.py
[2024-04-18T03:21:07.845+0000] {processor.py:840} INFO - DAG(s) 'hello_world_dag' retrieved from /opt/airflow/dags/DAG_01.py
[2024-04-18T03:21:07.883+0000] {logging_mixin.py:188} INFO - [2024-04-18T03:21:07.882+0000] {dag.py:3096} INFO - Sync 1 DAGs
[2024-04-18T03:21:07.947+0000] {logging_mixin.py:188} INFO - [2024-04-18T03:21:07.947+0000] {dag.py:3954} INFO - Setting next_dagrun for hello_world_dag to 2024-04-17 00:00:00+00:00, run_after=2024-04-18 00:00:00+00:00
[2024-04-18T03:21:08.001+0000] {processor.py:183} INFO - Processing /opt/airflow/dags/DAG_01.py took 0.205 seconds
[2024-04-18T03:21:38.201+0000] {processor.py:161} INFO - Started process (PID=17929) to work on /opt/airflow/dags/DAG_01.py
[2024-04-18T03:21:38.203+0000] {processor.py:830} INFO - Processing file /opt/airflow/dags/DAG_01.py for tasks to queue
[2024-04-18T03:21:38.208+0000] {logging_mixin.py:188} INFO - [2024-04-18T03:21:38.207+0000] {dagbag.py:540} INFO - Filling up the DagBag from /opt/airflow/dags/DAG_01.py
[2024-04-18T03:21:38.246+0000] {processor.py:840} INFO - DAG(s) 'hello_world_dag' retrieved from /opt/airflow/dags/DAG_01.py
[2024-04-18T03:21:38.283+0000] {logging_mixin.py:188} INFO - [2024-04-18T03:21:38.282+0000] {dag.py:3096} INFO - Sync 1 DAGs
[2024-04-18T03:21:38.356+0000] {logging_mixin.py:188} INFO - [2024-04-18T03:21:38.356+0000] {dag.py:3954} INFO - Setting next_dagrun for hello_world_dag to 2024-04-17 00:00:00+00:00, run_after=2024-04-18 00:00:00+00:00
[2024-04-18T03:21:38.415+0000] {processor.py:183} INFO - Processing /opt/airflow/dags/DAG_01.py took 0.223 seconds
[2024-04-18T03:22:08.936+0000] {processor.py:161} INFO - Started process (PID=17988) to work on /opt/airflow/dags/DAG_01.py
[2024-04-18T03:22:08.938+0000] {processor.py:830} INFO - Processing file /opt/airflow/dags/DAG_01.py for tasks to queue
[2024-04-18T03:22:08.944+0000] {logging_mixin.py:188} INFO - [2024-04-18T03:22:08.941+0000] {dagbag.py:540} INFO - Filling up the DagBag from /opt/airflow/dags/DAG_01.py
[2024-04-18T03:22:08.985+0000] {processor.py:840} INFO - DAG(s) 'hello_world_dag' retrieved from /opt/airflow/dags/DAG_01.py
[2024-04-18T03:22:09.037+0000] {logging_mixin.py:188} INFO - [2024-04-18T03:22:09.037+0000] {dag.py:3096} INFO - Sync 1 DAGs
[2024-04-18T03:22:09.105+0000] {logging_mixin.py:188} INFO - [2024-04-18T03:22:09.104+0000] {dag.py:3954} INFO - Setting next_dagrun for hello_world_dag to 2024-04-17 00:00:00+00:00, run_after=2024-04-18 00:00:00+00:00
[2024-04-18T03:22:09.170+0000] {processor.py:183} INFO - Processing /opt/airflow/dags/DAG_01.py took 0.246 seconds
[2024-04-18T03:22:39.837+0000] {processor.py:161} INFO - Started process (PID=18048) to work on /opt/airflow/dags/DAG_01.py
[2024-04-18T03:22:39.839+0000] {processor.py:830} INFO - Processing file /opt/airflow/dags/DAG_01.py for tasks to queue
[2024-04-18T03:22:39.844+0000] {logging_mixin.py:188} INFO - [2024-04-18T03:22:39.844+0000] {dagbag.py:540} INFO - Filling up the DagBag from /opt/airflow/dags/DAG_01.py
[2024-04-18T03:22:39.885+0000] {processor.py:840} INFO - DAG(s) 'hello_world_dag' retrieved from /opt/airflow/dags/DAG_01.py
[2024-04-18T03:22:39.923+0000] {logging_mixin.py:188} INFO - [2024-04-18T03:22:39.922+0000] {dag.py:3096} INFO - Sync 1 DAGs
[2024-04-18T03:22:39.979+0000] {logging_mixin.py:188} INFO - [2024-04-18T03:22:39.978+0000] {dag.py:3954} INFO - Setting next_dagrun for hello_world_dag to 2024-04-17 00:00:00+00:00, run_after=2024-04-18 00:00:00+00:00
[2024-04-18T03:22:40.036+0000] {processor.py:183} INFO - Processing /opt/airflow/dags/DAG_01.py took 0.215 seconds
[2024-04-18T03:23:10.361+0000] {processor.py:161} INFO - Started process (PID=18107) to work on /opt/airflow/dags/DAG_01.py
[2024-04-18T03:23:10.365+0000] {processor.py:830} INFO - Processing file /opt/airflow/dags/DAG_01.py for tasks to queue
[2024-04-18T03:23:10.369+0000] {logging_mixin.py:188} INFO - [2024-04-18T03:23:10.368+0000] {dagbag.py:540} INFO - Filling up the DagBag from /opt/airflow/dags/DAG_01.py
[2024-04-18T03:23:10.413+0000] {processor.py:840} INFO - DAG(s) 'hello_world_dag' retrieved from /opt/airflow/dags/DAG_01.py
[2024-04-18T03:23:10.457+0000] {logging_mixin.py:188} INFO - [2024-04-18T03:23:10.456+0000] {dag.py:3096} INFO - Sync 1 DAGs
[2024-04-18T03:23:10.525+0000] {logging_mixin.py:188} INFO - [2024-04-18T03:23:10.524+0000] {dag.py:3954} INFO - Setting next_dagrun for hello_world_dag to 2024-04-17 00:00:00+00:00, run_after=2024-04-18 00:00:00+00:00
[2024-04-18T03:23:10.581+0000] {processor.py:183} INFO - Processing /opt/airflow/dags/DAG_01.py took 0.233 seconds
[2024-04-18T03:23:40.687+0000] {processor.py:161} INFO - Started process (PID=18166) to work on /opt/airflow/dags/DAG_01.py
[2024-04-18T03:23:40.688+0000] {processor.py:830} INFO - Processing file /opt/airflow/dags/DAG_01.py for tasks to queue
[2024-04-18T03:23:40.691+0000] {logging_mixin.py:188} INFO - [2024-04-18T03:23:40.690+0000] {dagbag.py:540} INFO - Filling up the DagBag from /opt/airflow/dags/DAG_01.py
[2024-04-18T03:23:40.742+0000] {processor.py:840} INFO - DAG(s) 'hello_world_dag' retrieved from /opt/airflow/dags/DAG_01.py
[2024-04-18T03:23:40.782+0000] {logging_mixin.py:188} INFO - [2024-04-18T03:23:40.781+0000] {dag.py:3096} INFO - Sync 1 DAGs
[2024-04-18T03:23:40.828+0000] {logging_mixin.py:188} INFO - [2024-04-18T03:23:40.828+0000] {dag.py:3954} INFO - Setting next_dagrun for hello_world_dag to 2024-04-17 00:00:00+00:00, run_after=2024-04-18 00:00:00+00:00
[2024-04-18T03:23:40.880+0000] {processor.py:183} INFO - Processing /opt/airflow/dags/DAG_01.py took 0.201 seconds
[2024-04-18T03:24:11.236+0000] {processor.py:161} INFO - Started process (PID=18231) to work on /opt/airflow/dags/DAG_01.py
[2024-04-18T03:24:11.239+0000] {processor.py:830} INFO - Processing file /opt/airflow/dags/DAG_01.py for tasks to queue
[2024-04-18T03:24:11.250+0000] {logging_mixin.py:188} INFO - [2024-04-18T03:24:11.249+0000] {dagbag.py:540} INFO - Filling up the DagBag from /opt/airflow/dags/DAG_01.py
[2024-04-18T03:24:11.297+0000] {processor.py:840} INFO - DAG(s) 'hello_world_dag' retrieved from /opt/airflow/dags/DAG_01.py
[2024-04-18T03:24:11.354+0000] {logging_mixin.py:188} INFO - [2024-04-18T03:24:11.353+0000] {dag.py:3096} INFO - Sync 1 DAGs
[2024-04-18T03:24:11.430+0000] {logging_mixin.py:188} INFO - [2024-04-18T03:24:11.429+0000] {dag.py:3954} INFO - Setting next_dagrun for hello_world_dag to 2024-04-17 00:00:00+00:00, run_after=2024-04-18 00:00:00+00:00
[2024-04-18T03:24:11.488+0000] {processor.py:183} INFO - Processing /opt/airflow/dags/DAG_01.py took 0.269 seconds
[2024-04-18T03:24:41.742+0000] {processor.py:161} INFO - Started process (PID=18290) to work on /opt/airflow/dags/DAG_01.py
[2024-04-18T03:24:41.744+0000] {processor.py:830} INFO - Processing file /opt/airflow/dags/DAG_01.py for tasks to queue
[2024-04-18T03:24:41.747+0000] {logging_mixin.py:188} INFO - [2024-04-18T03:24:41.746+0000] {dagbag.py:540} INFO - Filling up the DagBag from /opt/airflow/dags/DAG_01.py
[2024-04-18T03:24:41.782+0000] {processor.py:840} INFO - DAG(s) 'hello_world_dag' retrieved from /opt/airflow/dags/DAG_01.py
[2024-04-18T03:24:41.815+0000] {logging_mixin.py:188} INFO - [2024-04-18T03:24:41.815+0000] {dag.py:3096} INFO - Sync 1 DAGs
[2024-04-18T03:24:41.856+0000] {logging_mixin.py:188} INFO - [2024-04-18T03:24:41.855+0000] {dag.py:3954} INFO - Setting next_dagrun for hello_world_dag to 2024-04-17 00:00:00+00:00, run_after=2024-04-18 00:00:00+00:00
[2024-04-18T03:24:41.907+0000] {processor.py:183} INFO - Processing /opt/airflow/dags/DAG_01.py took 0.179 seconds
[2024-04-18T03:25:12.520+0000] {processor.py:161} INFO - Started process (PID=18349) to work on /opt/airflow/dags/DAG_01.py
[2024-04-18T03:25:12.521+0000] {processor.py:830} INFO - Processing file /opt/airflow/dags/DAG_01.py for tasks to queue
[2024-04-18T03:25:12.525+0000] {logging_mixin.py:188} INFO - [2024-04-18T03:25:12.524+0000] {dagbag.py:540} INFO - Filling up the DagBag from /opt/airflow/dags/DAG_01.py
[2024-04-18T03:25:12.550+0000] {processor.py:840} INFO - DAG(s) 'hello_world_dag' retrieved from /opt/airflow/dags/DAG_01.py
[2024-04-18T03:25:12.576+0000] {logging_mixin.py:188} INFO - [2024-04-18T03:25:12.576+0000] {dag.py:3096} INFO - Sync 1 DAGs
[2024-04-18T03:25:12.613+0000] {logging_mixin.py:188} INFO - [2024-04-18T03:25:12.613+0000] {dag.py:3954} INFO - Setting next_dagrun for hello_world_dag to 2024-04-17 00:00:00+00:00, run_after=2024-04-18 00:00:00+00:00
[2024-04-18T03:25:12.647+0000] {processor.py:183} INFO - Processing /opt/airflow/dags/DAG_01.py took 0.133 seconds
[2024-04-18T03:25:43.046+0000] {processor.py:161} INFO - Started process (PID=18408) to work on /opt/airflow/dags/DAG_01.py
[2024-04-18T03:25:43.047+0000] {processor.py:830} INFO - Processing file /opt/airflow/dags/DAG_01.py for tasks to queue
[2024-04-18T03:25:43.050+0000] {logging_mixin.py:188} INFO - [2024-04-18T03:25:43.049+0000] {dagbag.py:540} INFO - Filling up the DagBag from /opt/airflow/dags/DAG_01.py
[2024-04-18T03:25:43.079+0000] {processor.py:840} INFO - DAG(s) 'hello_world_dag' retrieved from /opt/airflow/dags/DAG_01.py
[2024-04-18T03:25:43.109+0000] {logging_mixin.py:188} INFO - [2024-04-18T03:25:43.108+0000] {dag.py:3096} INFO - Sync 1 DAGs
[2024-04-18T03:25:43.145+0000] {logging_mixin.py:188} INFO - [2024-04-18T03:25:43.145+0000] {dag.py:3954} INFO - Setting next_dagrun for hello_world_dag to 2024-04-17 00:00:00+00:00, run_after=2024-04-18 00:00:00+00:00
[2024-04-18T03:25:43.181+0000] {processor.py:183} INFO - Processing /opt/airflow/dags/DAG_01.py took 0.142 seconds
[2024-04-18T03:26:13.888+0000] {processor.py:161} INFO - Started process (PID=18467) to work on /opt/airflow/dags/DAG_01.py
[2024-04-18T03:26:13.890+0000] {processor.py:830} INFO - Processing file /opt/airflow/dags/DAG_01.py for tasks to queue
[2024-04-18T03:26:13.893+0000] {logging_mixin.py:188} INFO - [2024-04-18T03:26:13.892+0000] {dagbag.py:540} INFO - Filling up the DagBag from /opt/airflow/dags/DAG_01.py
[2024-04-18T03:26:13.922+0000] {processor.py:840} INFO - DAG(s) 'hello_world_dag' retrieved from /opt/airflow/dags/DAG_01.py
[2024-04-18T03:26:13.950+0000] {logging_mixin.py:188} INFO - [2024-04-18T03:26:13.950+0000] {dag.py:3096} INFO - Sync 1 DAGs
[2024-04-18T03:26:13.988+0000] {logging_mixin.py:188} INFO - [2024-04-18T03:26:13.988+0000] {dag.py:3954} INFO - Setting next_dagrun for hello_world_dag to 2024-04-17 00:00:00+00:00, run_after=2024-04-18 00:00:00+00:00
[2024-04-18T03:26:14.032+0000] {processor.py:183} INFO - Processing /opt/airflow/dags/DAG_01.py took 0.152 seconds
[2024-04-18T03:26:44.603+0000] {processor.py:161} INFO - Started process (PID=18526) to work on /opt/airflow/dags/DAG_01.py
[2024-04-18T03:26:44.604+0000] {processor.py:830} INFO - Processing file /opt/airflow/dags/DAG_01.py for tasks to queue
[2024-04-18T03:26:44.607+0000] {logging_mixin.py:188} INFO - [2024-04-18T03:26:44.606+0000] {dagbag.py:540} INFO - Filling up the DagBag from /opt/airflow/dags/DAG_01.py
[2024-04-18T03:26:44.633+0000] {processor.py:840} INFO - DAG(s) 'hello_world_dag' retrieved from /opt/airflow/dags/DAG_01.py
[2024-04-18T03:26:44.659+0000] {logging_mixin.py:188} INFO - [2024-04-18T03:26:44.659+0000] {dag.py:3096} INFO - Sync 1 DAGs
[2024-04-18T03:26:44.696+0000] {logging_mixin.py:188} INFO - [2024-04-18T03:26:44.696+0000] {dag.py:3954} INFO - Setting next_dagrun for hello_world_dag to 2024-04-17 00:00:00+00:00, run_after=2024-04-18 00:00:00+00:00
[2024-04-18T03:26:44.748+0000] {processor.py:183} INFO - Processing /opt/airflow/dags/DAG_01.py took 0.152 seconds
[2024-04-18T03:27:00.690+0000] {processor.py:161} INFO - Started process (PID=18547) to work on /opt/airflow/dags/DAG_01.py
[2024-04-18T03:27:00.693+0000] {processor.py:830} INFO - Processing file /opt/airflow/dags/DAG_01.py for tasks to queue
[2024-04-18T03:27:00.698+0000] {logging_mixin.py:188} INFO - [2024-04-18T03:27:00.697+0000] {dagbag.py:540} INFO - Filling up the DagBag from /opt/airflow/dags/DAG_01.py
[2024-04-18T03:27:00.752+0000] {processor.py:840} INFO - DAG(s) 'hello_world_dag' retrieved from /opt/airflow/dags/DAG_01.py
[2024-04-18T03:27:00.967+0000] {logging_mixin.py:188} INFO - [2024-04-18T03:27:00.966+0000] {dag.py:3096} INFO - Sync 1 DAGs
[2024-04-18T03:27:01.004+0000] {logging_mixin.py:188} INFO - [2024-04-18T03:27:01.004+0000] {dag.py:3954} INFO - Setting next_dagrun for hello_world_dag to 2024-04-17 00:00:00+00:00, run_after=2024-04-18 00:00:00+00:00
[2024-04-18T03:27:01.051+0000] {processor.py:183} INFO - Processing /opt/airflow/dags/DAG_01.py took 0.369 seconds
[2024-04-18T03:27:31.452+0000] {processor.py:161} INFO - Started process (PID=18606) to work on /opt/airflow/dags/DAG_01.py
[2024-04-18T03:27:31.453+0000] {processor.py:830} INFO - Processing file /opt/airflow/dags/DAG_01.py for tasks to queue
[2024-04-18T03:27:31.458+0000] {logging_mixin.py:188} INFO - [2024-04-18T03:27:31.457+0000] {dagbag.py:540} INFO - Filling up the DagBag from /opt/airflow/dags/DAG_01.py
[2024-04-18T03:27:31.502+0000] {processor.py:840} INFO - DAG(s) 'hello_world_dag' retrieved from /opt/airflow/dags/DAG_01.py
[2024-04-18T03:27:31.541+0000] {logging_mixin.py:188} INFO - [2024-04-18T03:27:31.540+0000] {dag.py:3096} INFO - Sync 1 DAGs
[2024-04-18T03:27:31.589+0000] {logging_mixin.py:188} INFO - [2024-04-18T03:27:31.589+0000] {dag.py:3954} INFO - Setting next_dagrun for hello_world_dag to 2024-04-17 00:00:00+00:00, run_after=2024-04-18 00:00:00+00:00
[2024-04-18T03:27:31.644+0000] {processor.py:183} INFO - Processing /opt/airflow/dags/DAG_01.py took 0.204 seconds
[2024-04-18T03:28:02.361+0000] {processor.py:161} INFO - Started process (PID=18665) to work on /opt/airflow/dags/DAG_01.py
[2024-04-18T03:28:02.366+0000] {processor.py:830} INFO - Processing file /opt/airflow/dags/DAG_01.py for tasks to queue
[2024-04-18T03:28:02.371+0000] {logging_mixin.py:188} INFO - [2024-04-18T03:28:02.370+0000] {dagbag.py:540} INFO - Filling up the DagBag from /opt/airflow/dags/DAG_01.py
[2024-04-18T03:28:02.408+0000] {processor.py:840} INFO - DAG(s) 'hello_world_dag' retrieved from /opt/airflow/dags/DAG_01.py
[2024-04-18T03:28:02.443+0000] {logging_mixin.py:188} INFO - [2024-04-18T03:28:02.443+0000] {dag.py:3096} INFO - Sync 1 DAGs
[2024-04-18T03:28:02.485+0000] {logging_mixin.py:188} INFO - [2024-04-18T03:28:02.484+0000] {dag.py:3954} INFO - Setting next_dagrun for hello_world_dag to 2024-04-17 00:00:00+00:00, run_after=2024-04-18 00:00:00+00:00
[2024-04-18T03:28:02.525+0000] {processor.py:183} INFO - Processing /opt/airflow/dags/DAG_01.py took 0.178 seconds
[2024-04-18T03:28:33.138+0000] {processor.py:161} INFO - Started process (PID=18724) to work on /opt/airflow/dags/DAG_01.py
[2024-04-18T03:28:33.139+0000] {processor.py:830} INFO - Processing file /opt/airflow/dags/DAG_01.py for tasks to queue
[2024-04-18T03:28:33.141+0000] {logging_mixin.py:188} INFO - [2024-04-18T03:28:33.141+0000] {dagbag.py:540} INFO - Filling up the DagBag from /opt/airflow/dags/DAG_01.py
[2024-04-18T03:28:33.168+0000] {processor.py:840} INFO - DAG(s) 'hello_world_dag' retrieved from /opt/airflow/dags/DAG_01.py
[2024-04-18T03:28:33.200+0000] {logging_mixin.py:188} INFO - [2024-04-18T03:28:33.200+0000] {dag.py:3096} INFO - Sync 1 DAGs
[2024-04-18T03:28:33.243+0000] {logging_mixin.py:188} INFO - [2024-04-18T03:28:33.242+0000] {dag.py:3954} INFO - Setting next_dagrun for hello_world_dag to 2024-04-17 00:00:00+00:00, run_after=2024-04-18 00:00:00+00:00
[2024-04-18T03:28:33.274+0000] {processor.py:183} INFO - Processing /opt/airflow/dags/DAG_01.py took 0.144 seconds
[2024-04-18T03:29:03.486+0000] {processor.py:161} INFO - Started process (PID=18783) to work on /opt/airflow/dags/DAG_01.py
[2024-04-18T03:29:03.487+0000] {processor.py:830} INFO - Processing file /opt/airflow/dags/DAG_01.py for tasks to queue
[2024-04-18T03:29:03.493+0000] {logging_mixin.py:188} INFO - [2024-04-18T03:29:03.492+0000] {dagbag.py:540} INFO - Filling up the DagBag from /opt/airflow/dags/DAG_01.py
[2024-04-18T03:29:03.522+0000] {processor.py:840} INFO - DAG(s) 'hello_world_dag' retrieved from /opt/airflow/dags/DAG_01.py
[2024-04-18T03:29:03.558+0000] {logging_mixin.py:188} INFO - [2024-04-18T03:29:03.558+0000] {dag.py:3096} INFO - Sync 1 DAGs
[2024-04-18T03:29:03.608+0000] {logging_mixin.py:188} INFO - [2024-04-18T03:29:03.608+0000] {dag.py:3954} INFO - Setting next_dagrun for hello_world_dag to 2024-04-17 00:00:00+00:00, run_after=2024-04-18 00:00:00+00:00
[2024-04-18T03:29:03.651+0000] {processor.py:183} INFO - Processing /opt/airflow/dags/DAG_01.py took 0.172 seconds
[2024-04-18T03:29:33.838+0000] {processor.py:161} INFO - Started process (PID=18842) to work on /opt/airflow/dags/DAG_01.py
[2024-04-18T03:29:33.839+0000] {processor.py:830} INFO - Processing file /opt/airflow/dags/DAG_01.py for tasks to queue
[2024-04-18T03:29:33.842+0000] {logging_mixin.py:188} INFO - [2024-04-18T03:29:33.841+0000] {dagbag.py:540} INFO - Filling up the DagBag from /opt/airflow/dags/DAG_01.py
[2024-04-18T03:29:33.869+0000] {processor.py:840} INFO - DAG(s) 'hello_world_dag' retrieved from /opt/airflow/dags/DAG_01.py
[2024-04-18T03:29:33.900+0000] {logging_mixin.py:188} INFO - [2024-04-18T03:29:33.900+0000] {dag.py:3096} INFO - Sync 1 DAGs
[2024-04-18T03:29:33.941+0000] {logging_mixin.py:188} INFO - [2024-04-18T03:29:33.941+0000] {dag.py:3954} INFO - Setting next_dagrun for hello_world_dag to 2024-04-17 00:00:00+00:00, run_after=2024-04-18 00:00:00+00:00
[2024-04-18T03:29:33.981+0000] {processor.py:183} INFO - Processing /opt/airflow/dags/DAG_01.py took 0.150 seconds
[2024-04-18T03:30:04.583+0000] {processor.py:161} INFO - Started process (PID=18901) to work on /opt/airflow/dags/DAG_01.py
[2024-04-18T03:30:04.584+0000] {processor.py:830} INFO - Processing file /opt/airflow/dags/DAG_01.py for tasks to queue
[2024-04-18T03:30:04.586+0000] {logging_mixin.py:188} INFO - [2024-04-18T03:30:04.586+0000] {dagbag.py:540} INFO - Filling up the DagBag from /opt/airflow/dags/DAG_01.py
[2024-04-18T03:30:04.610+0000] {processor.py:840} INFO - DAG(s) 'hello_world_dag' retrieved from /opt/airflow/dags/DAG_01.py
[2024-04-18T03:30:04.636+0000] {logging_mixin.py:188} INFO - [2024-04-18T03:30:04.636+0000] {dag.py:3096} INFO - Sync 1 DAGs
[2024-04-18T03:30:04.677+0000] {logging_mixin.py:188} INFO - [2024-04-18T03:30:04.677+0000] {dag.py:3954} INFO - Setting next_dagrun for hello_world_dag to 2024-04-17 00:00:00+00:00, run_after=2024-04-18 00:00:00+00:00
[2024-04-18T03:30:04.731+0000] {processor.py:183} INFO - Processing /opt/airflow/dags/DAG_01.py took 0.154 seconds
[2024-04-18T03:30:16.878+0000] {processor.py:161} INFO - Started process (PID=18937) to work on /opt/airflow/dags/DAG_01.py
[2024-04-18T03:30:16.879+0000] {processor.py:830} INFO - Processing file /opt/airflow/dags/DAG_01.py for tasks to queue
[2024-04-18T03:30:16.883+0000] {logging_mixin.py:188} INFO - [2024-04-18T03:30:16.882+0000] {dagbag.py:540} INFO - Filling up the DagBag from /opt/airflow/dags/DAG_01.py
[2024-04-18T03:30:16.934+0000] {processor.py:840} INFO - DAG(s) 'hello_world_dag' retrieved from /opt/airflow/dags/DAG_01.py
[2024-04-18T03:30:16.978+0000] {logging_mixin.py:188} INFO - [2024-04-18T03:30:16.977+0000] {dag.py:3096} INFO - Sync 1 DAGs
[2024-04-18T03:30:17.041+0000] {logging_mixin.py:188} INFO - [2024-04-18T03:30:17.040+0000] {dag.py:3954} INFO - Setting next_dagrun for hello_world_dag to 2024-04-17 00:00:00+00:00, run_after=2024-04-18 00:00:00+00:00
[2024-04-18T03:30:17.106+0000] {processor.py:183} INFO - Processing /opt/airflow/dags/DAG_01.py took 0.235 seconds
[2024-04-18T03:30:47.198+0000] {processor.py:161} INFO - Started process (PID=18996) to work on /opt/airflow/dags/DAG_01.py
[2024-04-18T03:30:47.199+0000] {processor.py:830} INFO - Processing file /opt/airflow/dags/DAG_01.py for tasks to queue
[2024-04-18T03:30:47.202+0000] {logging_mixin.py:188} INFO - [2024-04-18T03:30:47.202+0000] {dagbag.py:540} INFO - Filling up the DagBag from /opt/airflow/dags/DAG_01.py
[2024-04-18T03:30:47.236+0000] {processor.py:840} INFO - DAG(s) 'hello_world_dag' retrieved from /opt/airflow/dags/DAG_01.py
[2024-04-18T03:30:47.270+0000] {logging_mixin.py:188} INFO - [2024-04-18T03:30:47.270+0000] {dag.py:3096} INFO - Sync 1 DAGs
[2024-04-18T03:30:47.328+0000] {logging_mixin.py:188} INFO - [2024-04-18T03:30:47.327+0000] {dag.py:3954} INFO - Setting next_dagrun for hello_world_dag to 2024-04-17 00:00:00+00:00, run_after=2024-04-18 00:00:00+00:00
[2024-04-18T03:30:47.388+0000] {processor.py:183} INFO - Processing /opt/airflow/dags/DAG_01.py took 0.199 seconds
[2024-04-18T03:31:17.883+0000] {processor.py:161} INFO - Started process (PID=19055) to work on /opt/airflow/dags/DAG_01.py
[2024-04-18T03:31:17.884+0000] {processor.py:830} INFO - Processing file /opt/airflow/dags/DAG_01.py for tasks to queue
[2024-04-18T03:31:17.887+0000] {logging_mixin.py:188} INFO - [2024-04-18T03:31:17.887+0000] {dagbag.py:540} INFO - Filling up the DagBag from /opt/airflow/dags/DAG_01.py
[2024-04-18T03:31:17.917+0000] {processor.py:840} INFO - DAG(s) 'hello_world_dag' retrieved from /opt/airflow/dags/DAG_01.py
[2024-04-18T03:31:17.950+0000] {logging_mixin.py:188} INFO - [2024-04-18T03:31:17.949+0000] {dag.py:3096} INFO - Sync 1 DAGs
[2024-04-18T03:31:17.998+0000] {logging_mixin.py:188} INFO - [2024-04-18T03:31:17.998+0000] {dag.py:3954} INFO - Setting next_dagrun for hello_world_dag to 2024-04-17 00:00:00+00:00, run_after=2024-04-18 00:00:00+00:00
[2024-04-18T03:31:18.036+0000] {processor.py:183} INFO - Processing /opt/airflow/dags/DAG_01.py took 0.161 seconds
[2024-04-18T03:31:42.002+0000] {processor.py:161} INFO - Started process (PID=19100) to work on /opt/airflow/dags/DAG_01.py
[2024-04-18T03:31:42.003+0000] {processor.py:830} INFO - Processing file /opt/airflow/dags/DAG_01.py for tasks to queue
[2024-04-18T03:31:42.006+0000] {logging_mixin.py:188} INFO - [2024-04-18T03:31:42.005+0000] {dagbag.py:540} INFO - Filling up the DagBag from /opt/airflow/dags/DAG_01.py
[2024-04-18T03:31:42.076+0000] {logging_mixin.py:188} INFO - [2024-04-18T03:31:42.057+0000] {dagbag.py:350} ERROR - Failed to import: /opt/airflow/dags/DAG_01.py
Traceback (most recent call last):
  File "/home/airflow/.local/lib/python3.12/site-packages/airflow/models/dagbag.py", line 346, in parse
    loader.exec_module(new_module)
  File "<frozen importlib._bootstrap_external>", line 995, in exec_module
  File "<frozen importlib._bootstrap>", line 488, in _call_with_frames_removed
  File "/opt/airflow/dags/DAG_01.py", line 25, in <module>
    start = DummyOperator(task_id='start')
            ^^^^^^^^^^^^^
NameError: name 'DummyOperator' is not defined
[2024-04-18T03:31:42.092+0000] {processor.py:842} WARNING - No viable dags retrieved from /opt/airflow/dags/DAG_01.py
[2024-04-18T03:31:42.129+0000] {processor.py:183} INFO - Processing /opt/airflow/dags/DAG_01.py took 0.137 seconds
[2024-04-18T03:31:55.156+0000] {processor.py:161} INFO - Started process (PID=19128) to work on /opt/airflow/dags/DAG_01.py
[2024-04-18T03:31:55.158+0000] {processor.py:830} INFO - Processing file /opt/airflow/dags/DAG_01.py for tasks to queue
[2024-04-18T03:31:55.165+0000] {logging_mixin.py:188} INFO - [2024-04-18T03:31:55.164+0000] {dagbag.py:540} INFO - Filling up the DagBag from /opt/airflow/dags/DAG_01.py
[2024-04-18T03:31:55.261+0000] {processor.py:840} INFO - DAG(s) 'hello_world_dag' retrieved from /opt/airflow/dags/DAG_01.py
[2024-04-18T03:31:55.304+0000] {logging_mixin.py:188} INFO - [2024-04-18T03:31:55.303+0000] {dag.py:3096} INFO - Sync 1 DAGs
[2024-04-18T03:31:55.370+0000] {logging_mixin.py:188} INFO - [2024-04-18T03:31:55.369+0000] {dag.py:3954} INFO - Setting next_dagrun for hello_world_dag to 2024-04-17 00:00:00+00:00, run_after=2024-04-18 00:00:00+00:00
[2024-04-18T03:31:55.418+0000] {processor.py:183} INFO - Processing /opt/airflow/dags/DAG_01.py took 0.278 seconds
[2024-04-18T03:31:56.898+0000] {processor.py:161} INFO - Started process (PID=19131) to work on /opt/airflow/dags/DAG_01.py
[2024-04-18T03:31:56.903+0000] {processor.py:830} INFO - Processing file /opt/airflow/dags/DAG_01.py for tasks to queue
[2024-04-18T03:31:56.906+0000] {logging_mixin.py:188} INFO - [2024-04-18T03:31:56.905+0000] {dagbag.py:540} INFO - Filling up the DagBag from /opt/airflow/dags/DAG_01.py
[2024-04-18T03:31:56.972+0000] {processor.py:840} INFO - DAG(s) 'hello_world_dag' retrieved from /opt/airflow/dags/DAG_01.py
[2024-04-18T03:31:57.034+0000] {logging_mixin.py:188} INFO - [2024-04-18T03:31:57.032+0000] {dag.py:3096} INFO - Sync 1 DAGs
[2024-04-18T03:31:57.105+0000] {logging_mixin.py:188} INFO - [2024-04-18T03:31:57.104+0000] {dag.py:3954} INFO - Setting next_dagrun for hello_world_dag to 2024-04-17 00:00:00+00:00, run_after=2024-04-18 00:00:00+00:00
[2024-04-18T03:31:57.203+0000] {processor.py:183} INFO - Processing /opt/airflow/dags/DAG_01.py took 0.318 seconds
[2024-04-18T03:32:27.322+0000] {processor.py:161} INFO - Started process (PID=19188) to work on /opt/airflow/dags/DAG_01.py
[2024-04-18T03:32:27.323+0000] {processor.py:830} INFO - Processing file /opt/airflow/dags/DAG_01.py for tasks to queue
[2024-04-18T03:32:27.326+0000] {logging_mixin.py:188} INFO - [2024-04-18T03:32:27.325+0000] {dagbag.py:540} INFO - Filling up the DagBag from /opt/airflow/dags/DAG_01.py
[2024-04-18T03:32:27.357+0000] {processor.py:840} INFO - DAG(s) 'hello_world_dag' retrieved from /opt/airflow/dags/DAG_01.py
[2024-04-18T03:32:27.383+0000] {logging_mixin.py:188} INFO - [2024-04-18T03:32:27.383+0000] {dag.py:3096} INFO - Sync 1 DAGs
[2024-04-18T03:32:27.423+0000] {logging_mixin.py:188} INFO - [2024-04-18T03:32:27.423+0000] {dag.py:3954} INFO - Setting next_dagrun for hello_world_dag to 2024-04-17 00:00:00+00:00, run_after=2024-04-18 00:00:00+00:00
[2024-04-18T03:32:27.460+0000] {processor.py:183} INFO - Processing /opt/airflow/dags/DAG_01.py took 0.147 seconds
[2024-04-18T03:32:57.661+0000] {processor.py:161} INFO - Started process (PID=19247) to work on /opt/airflow/dags/DAG_01.py
[2024-04-18T03:32:57.662+0000] {processor.py:830} INFO - Processing file /opt/airflow/dags/DAG_01.py for tasks to queue
[2024-04-18T03:32:57.665+0000] {logging_mixin.py:188} INFO - [2024-04-18T03:32:57.664+0000] {dagbag.py:540} INFO - Filling up the DagBag from /opt/airflow/dags/DAG_01.py
[2024-04-18T03:32:57.691+0000] {processor.py:840} INFO - DAG(s) 'hello_world_dag' retrieved from /opt/airflow/dags/DAG_01.py
[2024-04-18T03:32:57.718+0000] {logging_mixin.py:188} INFO - [2024-04-18T03:32:57.717+0000] {dag.py:3096} INFO - Sync 1 DAGs
[2024-04-18T03:32:57.757+0000] {logging_mixin.py:188} INFO - [2024-04-18T03:32:57.757+0000] {dag.py:3954} INFO - Setting next_dagrun for hello_world_dag to 2024-04-17 00:00:00+00:00, run_after=2024-04-18 00:00:00+00:00
[2024-04-18T03:32:57.794+0000] {processor.py:183} INFO - Processing /opt/airflow/dags/DAG_01.py took 0.140 seconds
[2024-04-18T03:33:18.789+0000] {processor.py:161} INFO - Started process (PID=19289) to work on /opt/airflow/dags/DAG_01.py
[2024-04-18T03:33:18.790+0000] {processor.py:830} INFO - Processing file /opt/airflow/dags/DAG_01.py for tasks to queue
[2024-04-18T03:33:18.793+0000] {logging_mixin.py:188} INFO - [2024-04-18T03:33:18.792+0000] {dagbag.py:540} INFO - Filling up the DagBag from /opt/airflow/dags/DAG_01.py
[2024-04-18T03:33:18.835+0000] {processor.py:840} INFO - DAG(s) 'hello_world_dag' retrieved from /opt/airflow/dags/DAG_01.py
[2024-04-18T03:33:18.864+0000] {logging_mixin.py:188} INFO - [2024-04-18T03:33:18.863+0000] {dag.py:3096} INFO - Sync 1 DAGs
[2024-04-18T03:33:18.909+0000] {logging_mixin.py:188} INFO - [2024-04-18T03:33:18.909+0000] {dag.py:3954} INFO - Setting next_dagrun for hello_world_dag to 2024-04-17 00:00:00+00:00, run_after=2024-04-18 00:00:00+00:00
[2024-04-18T03:33:18.957+0000] {processor.py:183} INFO - Processing /opt/airflow/dags/DAG_01.py took 0.178 seconds
[2024-04-18T03:33:49.827+0000] {processor.py:161} INFO - Started process (PID=19348) to work on /opt/airflow/dags/DAG_01.py
[2024-04-18T03:33:49.828+0000] {processor.py:830} INFO - Processing file /opt/airflow/dags/DAG_01.py for tasks to queue
[2024-04-18T03:33:49.831+0000] {logging_mixin.py:188} INFO - [2024-04-18T03:33:49.830+0000] {dagbag.py:540} INFO - Filling up the DagBag from /opt/airflow/dags/DAG_01.py
[2024-04-18T03:33:49.856+0000] {processor.py:840} INFO - DAG(s) 'hello_world_dag' retrieved from /opt/airflow/dags/DAG_01.py
[2024-04-18T03:33:49.883+0000] {logging_mixin.py:188} INFO - [2024-04-18T03:33:49.882+0000] {dag.py:3096} INFO - Sync 1 DAGs
[2024-04-18T03:33:49.919+0000] {logging_mixin.py:188} INFO - [2024-04-18T03:33:49.918+0000] {dag.py:3954} INFO - Setting next_dagrun for hello_world_dag to 2024-04-17 00:00:00+00:00, run_after=2024-04-18 00:00:00+00:00
[2024-04-18T03:33:49.957+0000] {processor.py:183} INFO - Processing /opt/airflow/dags/DAG_01.py took 0.137 seconds
[2024-04-18T03:34:20.831+0000] {processor.py:161} INFO - Started process (PID=19407) to work on /opt/airflow/dags/DAG_01.py
[2024-04-18T03:34:20.832+0000] {processor.py:830} INFO - Processing file /opt/airflow/dags/DAG_01.py for tasks to queue
[2024-04-18T03:34:20.834+0000] {logging_mixin.py:188} INFO - [2024-04-18T03:34:20.834+0000] {dagbag.py:540} INFO - Filling up the DagBag from /opt/airflow/dags/DAG_01.py
[2024-04-18T03:34:20.857+0000] {processor.py:840} INFO - DAG(s) 'hello_world_dag' retrieved from /opt/airflow/dags/DAG_01.py
[2024-04-18T03:34:20.887+0000] {logging_mixin.py:188} INFO - [2024-04-18T03:34:20.886+0000] {dag.py:3096} INFO - Sync 1 DAGs
[2024-04-18T03:34:20.936+0000] {logging_mixin.py:188} INFO - [2024-04-18T03:34:20.936+0000] {dag.py:3954} INFO - Setting next_dagrun for hello_world_dag to 2024-04-17 00:00:00+00:00, run_after=2024-04-18 00:00:00+00:00
[2024-04-18T03:34:20.982+0000] {processor.py:183} INFO - Processing /opt/airflow/dags/DAG_01.py took 0.157 seconds
[2024-04-18T03:34:51.327+0000] {processor.py:161} INFO - Started process (PID=19466) to work on /opt/airflow/dags/DAG_01.py
[2024-04-18T03:34:51.328+0000] {processor.py:830} INFO - Processing file /opt/airflow/dags/DAG_01.py for tasks to queue
[2024-04-18T03:34:51.331+0000] {logging_mixin.py:188} INFO - [2024-04-18T03:34:51.330+0000] {dagbag.py:540} INFO - Filling up the DagBag from /opt/airflow/dags/DAG_01.py
[2024-04-18T03:34:51.354+0000] {processor.py:840} INFO - DAG(s) 'hello_world_dag' retrieved from /opt/airflow/dags/DAG_01.py
[2024-04-18T03:34:51.382+0000] {logging_mixin.py:188} INFO - [2024-04-18T03:34:51.382+0000] {dag.py:3096} INFO - Sync 1 DAGs
[2024-04-18T03:34:51.419+0000] {logging_mixin.py:188} INFO - [2024-04-18T03:34:51.419+0000] {dag.py:3954} INFO - Setting next_dagrun for hello_world_dag to 2024-04-17 00:00:00+00:00, run_after=2024-04-18 00:00:00+00:00
[2024-04-18T03:34:51.464+0000] {processor.py:183} INFO - Processing /opt/airflow/dags/DAG_01.py took 0.143 seconds
[2024-04-18T03:35:19.958+0000] {processor.py:161} INFO - Started process (PID=19521) to work on /opt/airflow/dags/DAG_01.py
[2024-04-18T03:35:19.960+0000] {processor.py:830} INFO - Processing file /opt/airflow/dags/DAG_01.py for tasks to queue
[2024-04-18T03:35:19.963+0000] {logging_mixin.py:188} INFO - [2024-04-18T03:35:19.962+0000] {dagbag.py:540} INFO - Filling up the DagBag from /opt/airflow/dags/DAG_01.py
[2024-04-18T03:35:20.008+0000] {processor.py:840} INFO - DAG(s) 'hello_world_dag' retrieved from /opt/airflow/dags/DAG_01.py
[2024-04-18T03:35:20.040+0000] {logging_mixin.py:188} INFO - [2024-04-18T03:35:20.039+0000] {dag.py:3096} INFO - Sync 1 DAGs
[2024-04-18T03:35:20.085+0000] {logging_mixin.py:188} INFO - [2024-04-18T03:35:20.085+0000] {dag.py:3954} INFO - Setting next_dagrun for hello_world_dag to 2024-04-17 00:00:00+00:00, run_after=2024-04-18 00:00:00+00:00
[2024-04-18T03:35:20.140+0000] {processor.py:183} INFO - Processing /opt/airflow/dags/DAG_01.py took 0.191 seconds
[2024-04-18T03:35:50.476+0000] {processor.py:161} INFO - Started process (PID=19580) to work on /opt/airflow/dags/DAG_01.py
[2024-04-18T03:35:50.477+0000] {processor.py:830} INFO - Processing file /opt/airflow/dags/DAG_01.py for tasks to queue
[2024-04-18T03:35:50.480+0000] {logging_mixin.py:188} INFO - [2024-04-18T03:35:50.479+0000] {dagbag.py:540} INFO - Filling up the DagBag from /opt/airflow/dags/DAG_01.py
[2024-04-18T03:35:50.503+0000] {processor.py:840} INFO - DAG(s) 'hello_world_dag' retrieved from /opt/airflow/dags/DAG_01.py
[2024-04-18T03:35:50.529+0000] {logging_mixin.py:188} INFO - [2024-04-18T03:35:50.529+0000] {dag.py:3096} INFO - Sync 1 DAGs
[2024-04-18T03:35:50.569+0000] {logging_mixin.py:188} INFO - [2024-04-18T03:35:50.568+0000] {dag.py:3954} INFO - Setting next_dagrun for hello_world_dag to 2024-04-17 00:00:00+00:00, run_after=2024-04-18 00:00:00+00:00
[2024-04-18T03:35:50.602+0000] {processor.py:183} INFO - Processing /opt/airflow/dags/DAG_01.py took 0.132 seconds
[2024-04-18T03:36:21.072+0000] {processor.py:161} INFO - Started process (PID=19639) to work on /opt/airflow/dags/DAG_01.py
[2024-04-18T03:36:21.074+0000] {processor.py:830} INFO - Processing file /opt/airflow/dags/DAG_01.py for tasks to queue
[2024-04-18T03:36:21.076+0000] {logging_mixin.py:188} INFO - [2024-04-18T03:36:21.075+0000] {dagbag.py:540} INFO - Filling up the DagBag from /opt/airflow/dags/DAG_01.py
[2024-04-18T03:36:21.098+0000] {processor.py:840} INFO - DAG(s) 'hello_world_dag' retrieved from /opt/airflow/dags/DAG_01.py
[2024-04-18T03:36:21.129+0000] {logging_mixin.py:188} INFO - [2024-04-18T03:36:21.128+0000] {dag.py:3096} INFO - Sync 1 DAGs
[2024-04-18T03:36:21.167+0000] {logging_mixin.py:188} INFO - [2024-04-18T03:36:21.167+0000] {dag.py:3954} INFO - Setting next_dagrun for hello_world_dag to 2024-04-17 00:00:00+00:00, run_after=2024-04-18 00:00:00+00:00
[2024-04-18T03:36:21.205+0000] {processor.py:183} INFO - Processing /opt/airflow/dags/DAG_01.py took 0.139 seconds
