[2024-04-18T02:47:53.665+0000] {local_task_job_runner.py:120} INFO - ::group::Pre task execution logs
[2024-04-18T02:47:53.872+0000] {taskinstance.py:2073} INFO - Dependencies all met for dep_context=non-requeueable deps ti=<TaskInstance: example_sensors.fire_immediately manual__2024-04-18T02:47:33.787232+00:00 [queued]>
[2024-04-18T02:47:53.937+0000] {taskinstance.py:2073} INFO - Dependencies all met for dep_context=requeueable deps ti=<TaskInstance: example_sensors.fire_immediately manual__2024-04-18T02:47:33.787232+00:00 [queued]>
[2024-04-18T02:47:53.941+0000] {taskinstance.py:2303} INFO - Starting attempt 1 of 1
[2024-04-18T02:47:54.078+0000] {taskinstance.py:2327} INFO - Executing <Task(TimeSensor): fire_immediately> on 2024-04-18 02:47:33.787232+00:00
[2024-04-18T02:47:54.105+0000] {warnings.py:110} WARNING - /home/***/.local/lib/python3.12/site-packages/***/task/task_runner/standard_task_runner.py:61: DeprecationWarning: This process (pid=1580) is multi-threaded, use of fork() may lead to deadlocks in the child.
  pid = os.fork()

[2024-04-18T02:47:54.120+0000] {standard_task_runner.py:63} INFO - Started process 1605 to run task
[2024-04-18T02:47:54.111+0000] {standard_task_runner.py:90} INFO - Running: ['***', 'tasks', 'run', 'example_sensors', 'fire_immediately', 'manual__2024-04-18T02:47:33.787232+00:00', '--job-id', '13', '--raw', '--subdir', '/home/***/.local/lib/python3.12/site-packages/***/example_dags/example_sensors.py', '--cfg-path', '/tmp/tmpjkyz8zk_']
[2024-04-18T02:47:54.131+0000] {standard_task_runner.py:91} INFO - Job 13: Subtask fire_immediately
[2024-04-18T02:47:54.627+0000] {task_command.py:426} INFO - Running <TaskInstance: example_sensors.fire_immediately manual__2024-04-18T02:47:33.787232+00:00 [running]> on host f31c3e7472ea
[2024-04-18T02:47:55.145+0000] {taskinstance.py:2644} INFO - Exporting env vars: AIRFLOW_CTX_DAG_OWNER='***' AIRFLOW_CTX_DAG_ID='example_sensors' AIRFLOW_CTX_TASK_ID='fire_immediately' AIRFLOW_CTX_EXECUTION_DATE='2024-04-18T02:47:33.787232+00:00' AIRFLOW_CTX_TRY_NUMBER='1' AIRFLOW_CTX_DAG_RUN_ID='manual__2024-04-18T02:47:33.787232+00:00'
[2024-04-18T02:47:55.166+0000] {taskinstance.py:430} INFO - ::endgroup::
[2024-04-18T02:47:55.176+0000] {time_sensor.py:48} INFO - Checking if the time (02:47:39.801850) has come
[2024-04-18T02:47:55.178+0000] {base.py:294} INFO - Success criteria met. Exiting.
[2024-04-18T02:47:55.179+0000] {taskinstance.py:441} INFO - ::group::Post task execution logs
[2024-04-18T02:47:55.247+0000] {taskinstance.py:1205} INFO - Marking task as SUCCESS. dag_id=example_sensors, task_id=fire_immediately, execution_date=20240418T024733, start_date=20240418T024753, end_date=20240418T024755
[2024-04-18T02:47:55.370+0000] {local_task_job_runner.py:240} INFO - Task exited with return code 0
[2024-04-18T02:47:55.473+0000] {taskinstance.py:3482} INFO - 0 downstream tasks scheduled from follow-on schedule check
[2024-04-18T02:47:55.483+0000] {local_task_job_runner.py:222} INFO - ::endgroup::
