[2024-04-17T21:04:51.971+0000] {processor.py:161} INFO - Started process (PID=85) to work on /home/airflow/.local/lib/python3.12/site-packages/airflow/example_dags/example_setup_teardown.py
[2024-04-17T21:04:51.978+0000] {processor.py:830} INFO - Processing file /home/airflow/.local/lib/python3.12/site-packages/airflow/example_dags/example_setup_teardown.py for tasks to queue
[2024-04-17T21:04:51.983+0000] {logging_mixin.py:188} INFO - [2024-04-17T21:04:51.982+0000] {dagbag.py:540} INFO - Filling up the DagBag from /home/airflow/.local/lib/python3.12/site-packages/airflow/example_dags/example_setup_teardown.py
[2024-04-17T21:04:52.057+0000] {processor.py:840} INFO - DAG(s) 'example_setup_teardown' retrieved from /home/airflow/.local/lib/python3.12/site-packages/airflow/example_dags/example_setup_teardown.py
[2024-04-17T21:04:52.727+0000] {logging_mixin.py:188} INFO - [2024-04-17T21:04:52.726+0000] {dag.py:3096} INFO - Sync 1 DAGs
[2024-04-17T21:04:52.859+0000] {logging_mixin.py:188} INFO - [2024-04-17T21:04:52.858+0000] {dag.py:3954} INFO - Setting next_dagrun for example_setup_teardown to 2024-04-16 00:00:00+00:00, run_after=2024-04-17 00:00:00+00:00
[2024-04-17T21:04:52.999+0000] {processor.py:183} INFO - Processing /home/airflow/.local/lib/python3.12/site-packages/airflow/example_dags/example_setup_teardown.py took 1.066 seconds
[2024-04-17T21:05:26.750+0000] {processor.py:161} INFO - Started process (PID=143) to work on /home/airflow/.local/lib/python3.12/site-packages/airflow/example_dags/example_setup_teardown.py
[2024-04-17T21:05:26.753+0000] {processor.py:830} INFO - Processing file /home/airflow/.local/lib/python3.12/site-packages/airflow/example_dags/example_setup_teardown.py for tasks to queue
[2024-04-17T21:05:26.758+0000] {logging_mixin.py:188} INFO - [2024-04-17T21:05:26.757+0000] {dagbag.py:540} INFO - Filling up the DagBag from /home/airflow/.local/lib/python3.12/site-packages/airflow/example_dags/example_setup_teardown.py
[2024-04-17T21:05:26.790+0000] {processor.py:840} INFO - DAG(s) 'example_setup_teardown' retrieved from /home/airflow/.local/lib/python3.12/site-packages/airflow/example_dags/example_setup_teardown.py
[2024-04-17T21:05:26.883+0000] {logging_mixin.py:188} INFO - [2024-04-17T21:05:26.878+0000] {dag.py:3096} INFO - Sync 1 DAGs
[2024-04-17T21:05:27.002+0000] {logging_mixin.py:188} INFO - [2024-04-17T21:05:27.002+0000] {dag.py:3954} INFO - Setting next_dagrun for example_setup_teardown to 2024-04-16 00:00:00+00:00, run_after=2024-04-17 00:00:00+00:00
[2024-04-17T21:05:27.149+0000] {processor.py:183} INFO - Processing /home/airflow/.local/lib/python3.12/site-packages/airflow/example_dags/example_setup_teardown.py took 0.433 seconds
[2024-04-17T21:05:58.425+0000] {processor.py:161} INFO - Started process (PID=201) to work on /home/airflow/.local/lib/python3.12/site-packages/airflow/example_dags/example_setup_teardown.py
[2024-04-17T21:05:58.511+0000] {processor.py:830} INFO - Processing file /home/airflow/.local/lib/python3.12/site-packages/airflow/example_dags/example_setup_teardown.py for tasks to queue
[2024-04-17T21:05:58.522+0000] {logging_mixin.py:188} INFO - [2024-04-17T21:05:58.520+0000] {dagbag.py:540} INFO - Filling up the DagBag from /home/airflow/.local/lib/python3.12/site-packages/airflow/example_dags/example_setup_teardown.py
[2024-04-17T21:05:58.579+0000] {processor.py:840} INFO - DAG(s) 'example_setup_teardown' retrieved from /home/airflow/.local/lib/python3.12/site-packages/airflow/example_dags/example_setup_teardown.py
[2024-04-17T21:05:58.741+0000] {logging_mixin.py:188} INFO - [2024-04-17T21:05:58.740+0000] {dag.py:3096} INFO - Sync 1 DAGs
[2024-04-17T21:05:58.848+0000] {logging_mixin.py:188} INFO - [2024-04-17T21:05:58.847+0000] {dag.py:3954} INFO - Setting next_dagrun for example_setup_teardown to 2024-04-16 00:00:00+00:00, run_after=2024-04-17 00:00:00+00:00
[2024-04-17T21:05:59.273+0000] {processor.py:183} INFO - Processing /home/airflow/.local/lib/python3.12/site-packages/airflow/example_dags/example_setup_teardown.py took 0.865 seconds
[2024-04-17T21:06:32.739+0000] {processor.py:161} INFO - Started process (PID=259) to work on /home/airflow/.local/lib/python3.12/site-packages/airflow/example_dags/example_setup_teardown.py
[2024-04-17T21:06:32.770+0000] {processor.py:830} INFO - Processing file /home/airflow/.local/lib/python3.12/site-packages/airflow/example_dags/example_setup_teardown.py for tasks to queue
[2024-04-17T21:06:32.783+0000] {logging_mixin.py:188} INFO - [2024-04-17T21:06:32.782+0000] {dagbag.py:540} INFO - Filling up the DagBag from /home/airflow/.local/lib/python3.12/site-packages/airflow/example_dags/example_setup_teardown.py
[2024-04-17T21:06:32.902+0000] {processor.py:840} INFO - DAG(s) 'example_setup_teardown' retrieved from /home/airflow/.local/lib/python3.12/site-packages/airflow/example_dags/example_setup_teardown.py
[2024-04-17T21:06:33.073+0000] {logging_mixin.py:188} INFO - [2024-04-17T21:06:33.073+0000] {dag.py:3096} INFO - Sync 1 DAGs
[2024-04-17T21:06:33.302+0000] {logging_mixin.py:188} INFO - [2024-04-17T21:06:33.301+0000] {dag.py:3954} INFO - Setting next_dagrun for example_setup_teardown to 2024-04-16 00:00:00+00:00, run_after=2024-04-17 00:00:00+00:00
[2024-04-17T21:06:33.419+0000] {processor.py:183} INFO - Processing /home/airflow/.local/lib/python3.12/site-packages/airflow/example_dags/example_setup_teardown.py took 0.716 seconds
[2024-04-17T21:07:03.539+0000] {processor.py:161} INFO - Started process (PID=317) to work on /home/airflow/.local/lib/python3.12/site-packages/airflow/example_dags/example_setup_teardown.py
[2024-04-17T21:07:03.542+0000] {processor.py:830} INFO - Processing file /home/airflow/.local/lib/python3.12/site-packages/airflow/example_dags/example_setup_teardown.py for tasks to queue
[2024-04-17T21:07:03.546+0000] {logging_mixin.py:188} INFO - [2024-04-17T21:07:03.545+0000] {dagbag.py:540} INFO - Filling up the DagBag from /home/airflow/.local/lib/python3.12/site-packages/airflow/example_dags/example_setup_teardown.py
[2024-04-17T21:07:03.557+0000] {processor.py:840} INFO - DAG(s) 'example_setup_teardown' retrieved from /home/airflow/.local/lib/python3.12/site-packages/airflow/example_dags/example_setup_teardown.py
[2024-04-17T21:07:03.613+0000] {logging_mixin.py:188} INFO - [2024-04-17T21:07:03.612+0000] {dag.py:3096} INFO - Sync 1 DAGs
[2024-04-17T21:07:03.686+0000] {logging_mixin.py:188} INFO - [2024-04-17T21:07:03.685+0000] {dag.py:3954} INFO - Setting next_dagrun for example_setup_teardown to 2024-04-16 00:00:00+00:00, run_after=2024-04-17 00:00:00+00:00
[2024-04-17T21:07:03.803+0000] {processor.py:183} INFO - Processing /home/airflow/.local/lib/python3.12/site-packages/airflow/example_dags/example_setup_teardown.py took 0.274 seconds
[2024-04-17T21:07:34.423+0000] {processor.py:161} INFO - Started process (PID=375) to work on /home/airflow/.local/lib/python3.12/site-packages/airflow/example_dags/example_setup_teardown.py
[2024-04-17T21:07:34.426+0000] {processor.py:830} INFO - Processing file /home/airflow/.local/lib/python3.12/site-packages/airflow/example_dags/example_setup_teardown.py for tasks to queue
[2024-04-17T21:07:34.440+0000] {logging_mixin.py:188} INFO - [2024-04-17T21:07:34.438+0000] {dagbag.py:540} INFO - Filling up the DagBag from /home/airflow/.local/lib/python3.12/site-packages/airflow/example_dags/example_setup_teardown.py
[2024-04-17T21:07:34.461+0000] {processor.py:840} INFO - DAG(s) 'example_setup_teardown' retrieved from /home/airflow/.local/lib/python3.12/site-packages/airflow/example_dags/example_setup_teardown.py
[2024-04-17T21:07:34.556+0000] {logging_mixin.py:188} INFO - [2024-04-17T21:07:34.555+0000] {dag.py:3096} INFO - Sync 1 DAGs
[2024-04-17T21:07:34.658+0000] {logging_mixin.py:188} INFO - [2024-04-17T21:07:34.657+0000] {dag.py:3954} INFO - Setting next_dagrun for example_setup_teardown to 2024-04-16 00:00:00+00:00, run_after=2024-04-17 00:00:00+00:00
[2024-04-17T21:07:34.714+0000] {processor.py:183} INFO - Processing /home/airflow/.local/lib/python3.12/site-packages/airflow/example_dags/example_setup_teardown.py took 0.316 seconds
[2024-04-17T21:08:04.793+0000] {processor.py:161} INFO - Started process (PID=432) to work on /home/airflow/.local/lib/python3.12/site-packages/airflow/example_dags/example_setup_teardown.py
[2024-04-17T21:08:04.795+0000] {processor.py:830} INFO - Processing file /home/airflow/.local/lib/python3.12/site-packages/airflow/example_dags/example_setup_teardown.py for tasks to queue
[2024-04-17T21:08:04.799+0000] {logging_mixin.py:188} INFO - [2024-04-17T21:08:04.798+0000] {dagbag.py:540} INFO - Filling up the DagBag from /home/airflow/.local/lib/python3.12/site-packages/airflow/example_dags/example_setup_teardown.py
[2024-04-17T21:08:04.820+0000] {processor.py:840} INFO - DAG(s) 'example_setup_teardown' retrieved from /home/airflow/.local/lib/python3.12/site-packages/airflow/example_dags/example_setup_teardown.py
[2024-04-17T21:08:04.902+0000] {logging_mixin.py:188} INFO - [2024-04-17T21:08:04.901+0000] {dag.py:3096} INFO - Sync 1 DAGs
[2024-04-17T21:08:05.067+0000] {logging_mixin.py:188} INFO - [2024-04-17T21:08:05.066+0000] {dag.py:3954} INFO - Setting next_dagrun for example_setup_teardown to 2024-04-16 00:00:00+00:00, run_after=2024-04-17 00:00:00+00:00
[2024-04-17T21:08:05.156+0000] {processor.py:183} INFO - Processing /home/airflow/.local/lib/python3.12/site-packages/airflow/example_dags/example_setup_teardown.py took 0.376 seconds
[2024-04-17T21:08:36.351+0000] {processor.py:161} INFO - Started process (PID=490) to work on /home/airflow/.local/lib/python3.12/site-packages/airflow/example_dags/example_setup_teardown.py
[2024-04-17T21:08:36.364+0000] {processor.py:830} INFO - Processing file /home/airflow/.local/lib/python3.12/site-packages/airflow/example_dags/example_setup_teardown.py for tasks to queue
[2024-04-17T21:08:36.380+0000] {logging_mixin.py:188} INFO - [2024-04-17T21:08:36.379+0000] {dagbag.py:540} INFO - Filling up the DagBag from /home/airflow/.local/lib/python3.12/site-packages/airflow/example_dags/example_setup_teardown.py
[2024-04-17T21:08:36.418+0000] {processor.py:840} INFO - DAG(s) 'example_setup_teardown' retrieved from /home/airflow/.local/lib/python3.12/site-packages/airflow/example_dags/example_setup_teardown.py
[2024-04-17T21:08:36.544+0000] {logging_mixin.py:188} INFO - [2024-04-17T21:08:36.543+0000] {dag.py:3096} INFO - Sync 1 DAGs
[2024-04-17T21:08:36.651+0000] {logging_mixin.py:188} INFO - [2024-04-17T21:08:36.651+0000] {dag.py:3954} INFO - Setting next_dagrun for example_setup_teardown to 2024-04-16 00:00:00+00:00, run_after=2024-04-17 00:00:00+00:00
[2024-04-17T21:08:36.784+0000] {processor.py:183} INFO - Processing /home/airflow/.local/lib/python3.12/site-packages/airflow/example_dags/example_setup_teardown.py took 0.463 seconds
[2024-04-17T21:09:07.082+0000] {processor.py:161} INFO - Started process (PID=548) to work on /home/airflow/.local/lib/python3.12/site-packages/airflow/example_dags/example_setup_teardown.py
[2024-04-17T21:09:07.086+0000] {processor.py:830} INFO - Processing file /home/airflow/.local/lib/python3.12/site-packages/airflow/example_dags/example_setup_teardown.py for tasks to queue
[2024-04-17T21:09:07.090+0000] {logging_mixin.py:188} INFO - [2024-04-17T21:09:07.089+0000] {dagbag.py:540} INFO - Filling up the DagBag from /home/airflow/.local/lib/python3.12/site-packages/airflow/example_dags/example_setup_teardown.py
[2024-04-17T21:09:07.108+0000] {processor.py:840} INFO - DAG(s) 'example_setup_teardown' retrieved from /home/airflow/.local/lib/python3.12/site-packages/airflow/example_dags/example_setup_teardown.py
[2024-04-17T21:09:07.164+0000] {logging_mixin.py:188} INFO - [2024-04-17T21:09:07.163+0000] {dag.py:3096} INFO - Sync 1 DAGs
[2024-04-17T21:09:07.243+0000] {logging_mixin.py:188} INFO - [2024-04-17T21:09:07.241+0000] {dag.py:3954} INFO - Setting next_dagrun for example_setup_teardown to 2024-04-16 00:00:00+00:00, run_after=2024-04-17 00:00:00+00:00
[2024-04-17T21:09:07.307+0000] {processor.py:183} INFO - Processing /home/airflow/.local/lib/python3.12/site-packages/airflow/example_dags/example_setup_teardown.py took 0.242 seconds
[2024-04-17T21:09:38.409+0000] {processor.py:161} INFO - Started process (PID=606) to work on /home/airflow/.local/lib/python3.12/site-packages/airflow/example_dags/example_setup_teardown.py
[2024-04-17T21:09:38.458+0000] {processor.py:830} INFO - Processing file /home/airflow/.local/lib/python3.12/site-packages/airflow/example_dags/example_setup_teardown.py for tasks to queue
[2024-04-17T21:09:38.468+0000] {logging_mixin.py:188} INFO - [2024-04-17T21:09:38.466+0000] {dagbag.py:540} INFO - Filling up the DagBag from /home/airflow/.local/lib/python3.12/site-packages/airflow/example_dags/example_setup_teardown.py
[2024-04-17T21:09:38.499+0000] {processor.py:840} INFO - DAG(s) 'example_setup_teardown' retrieved from /home/airflow/.local/lib/python3.12/site-packages/airflow/example_dags/example_setup_teardown.py
[2024-04-17T21:09:38.565+0000] {logging_mixin.py:188} INFO - [2024-04-17T21:09:38.564+0000] {dag.py:3096} INFO - Sync 1 DAGs
[2024-04-17T21:09:38.640+0000] {logging_mixin.py:188} INFO - [2024-04-17T21:09:38.639+0000] {dag.py:3954} INFO - Setting next_dagrun for example_setup_teardown to 2024-04-16 00:00:00+00:00, run_after=2024-04-17 00:00:00+00:00
[2024-04-17T21:09:38.840+0000] {processor.py:183} INFO - Processing /home/airflow/.local/lib/python3.12/site-packages/airflow/example_dags/example_setup_teardown.py took 0.442 seconds
[2024-04-17T21:10:09.308+0000] {processor.py:161} INFO - Started process (PID=669) to work on /home/airflow/.local/lib/python3.12/site-packages/airflow/example_dags/example_setup_teardown.py
[2024-04-17T21:10:09.312+0000] {processor.py:830} INFO - Processing file /home/airflow/.local/lib/python3.12/site-packages/airflow/example_dags/example_setup_teardown.py for tasks to queue
[2024-04-17T21:10:09.319+0000] {logging_mixin.py:188} INFO - [2024-04-17T21:10:09.319+0000] {dagbag.py:540} INFO - Filling up the DagBag from /home/airflow/.local/lib/python3.12/site-packages/airflow/example_dags/example_setup_teardown.py
[2024-04-17T21:10:09.354+0000] {processor.py:840} INFO - DAG(s) 'example_setup_teardown' retrieved from /home/airflow/.local/lib/python3.12/site-packages/airflow/example_dags/example_setup_teardown.py
[2024-04-17T21:10:09.409+0000] {logging_mixin.py:188} INFO - [2024-04-17T21:10:09.408+0000] {dag.py:3096} INFO - Sync 1 DAGs
[2024-04-17T21:10:09.475+0000] {logging_mixin.py:188} INFO - [2024-04-17T21:10:09.474+0000] {dag.py:3954} INFO - Setting next_dagrun for example_setup_teardown to 2024-04-16 00:00:00+00:00, run_after=2024-04-17 00:00:00+00:00
[2024-04-17T21:10:09.541+0000] {processor.py:183} INFO - Processing /home/airflow/.local/lib/python3.12/site-packages/airflow/example_dags/example_setup_teardown.py took 0.256 seconds
[2024-04-17T21:10:39.808+0000] {processor.py:161} INFO - Started process (PID=728) to work on /home/airflow/.local/lib/python3.12/site-packages/airflow/example_dags/example_setup_teardown.py
[2024-04-17T21:10:39.810+0000] {processor.py:830} INFO - Processing file /home/airflow/.local/lib/python3.12/site-packages/airflow/example_dags/example_setup_teardown.py for tasks to queue
[2024-04-17T21:10:39.814+0000] {logging_mixin.py:188} INFO - [2024-04-17T21:10:39.813+0000] {dagbag.py:540} INFO - Filling up the DagBag from /home/airflow/.local/lib/python3.12/site-packages/airflow/example_dags/example_setup_teardown.py
[2024-04-17T21:10:39.831+0000] {processor.py:840} INFO - DAG(s) 'example_setup_teardown' retrieved from /home/airflow/.local/lib/python3.12/site-packages/airflow/example_dags/example_setup_teardown.py
[2024-04-17T21:10:39.883+0000] {logging_mixin.py:188} INFO - [2024-04-17T21:10:39.883+0000] {dag.py:3096} INFO - Sync 1 DAGs
[2024-04-17T21:10:39.948+0000] {logging_mixin.py:188} INFO - [2024-04-17T21:10:39.948+0000] {dag.py:3954} INFO - Setting next_dagrun for example_setup_teardown to 2024-04-16 00:00:00+00:00, run_after=2024-04-17 00:00:00+00:00
[2024-04-17T21:10:40.006+0000] {processor.py:183} INFO - Processing /home/airflow/.local/lib/python3.12/site-packages/airflow/example_dags/example_setup_teardown.py took 0.212 seconds
[2024-04-17T21:11:10.339+0000] {processor.py:161} INFO - Started process (PID=784) to work on /home/airflow/.local/lib/python3.12/site-packages/airflow/example_dags/example_setup_teardown.py
[2024-04-17T21:11:10.342+0000] {processor.py:830} INFO - Processing file /home/airflow/.local/lib/python3.12/site-packages/airflow/example_dags/example_setup_teardown.py for tasks to queue
[2024-04-17T21:11:10.345+0000] {logging_mixin.py:188} INFO - [2024-04-17T21:11:10.344+0000] {dagbag.py:540} INFO - Filling up the DagBag from /home/airflow/.local/lib/python3.12/site-packages/airflow/example_dags/example_setup_teardown.py
[2024-04-17T21:11:10.355+0000] {processor.py:840} INFO - DAG(s) 'example_setup_teardown' retrieved from /home/airflow/.local/lib/python3.12/site-packages/airflow/example_dags/example_setup_teardown.py
[2024-04-17T21:11:10.387+0000] {logging_mixin.py:188} INFO - [2024-04-17T21:11:10.386+0000] {dag.py:3096} INFO - Sync 1 DAGs
[2024-04-17T21:11:10.423+0000] {logging_mixin.py:188} INFO - [2024-04-17T21:11:10.423+0000] {dag.py:3954} INFO - Setting next_dagrun for example_setup_teardown to 2024-04-16 00:00:00+00:00, run_after=2024-04-17 00:00:00+00:00
[2024-04-17T21:11:10.468+0000] {processor.py:183} INFO - Processing /home/airflow/.local/lib/python3.12/site-packages/airflow/example_dags/example_setup_teardown.py took 0.139 seconds
[2024-04-17T21:11:40.890+0000] {processor.py:161} INFO - Started process (PID=842) to work on /home/airflow/.local/lib/python3.12/site-packages/airflow/example_dags/example_setup_teardown.py
[2024-04-17T21:11:40.893+0000] {processor.py:830} INFO - Processing file /home/airflow/.local/lib/python3.12/site-packages/airflow/example_dags/example_setup_teardown.py for tasks to queue
[2024-04-17T21:11:40.898+0000] {logging_mixin.py:188} INFO - [2024-04-17T21:11:40.897+0000] {dagbag.py:540} INFO - Filling up the DagBag from /home/airflow/.local/lib/python3.12/site-packages/airflow/example_dags/example_setup_teardown.py
[2024-04-17T21:11:40.917+0000] {processor.py:840} INFO - DAG(s) 'example_setup_teardown' retrieved from /home/airflow/.local/lib/python3.12/site-packages/airflow/example_dags/example_setup_teardown.py
[2024-04-17T21:11:40.961+0000] {logging_mixin.py:188} INFO - [2024-04-17T21:11:40.961+0000] {dag.py:3096} INFO - Sync 1 DAGs
[2024-04-17T21:11:41.036+0000] {logging_mixin.py:188} INFO - [2024-04-17T21:11:41.036+0000] {dag.py:3954} INFO - Setting next_dagrun for example_setup_teardown to 2024-04-16 00:00:00+00:00, run_after=2024-04-17 00:00:00+00:00
[2024-04-17T21:11:41.139+0000] {processor.py:183} INFO - Processing /home/airflow/.local/lib/python3.12/site-packages/airflow/example_dags/example_setup_teardown.py took 0.271 seconds
[2024-04-17T21:12:11.925+0000] {processor.py:161} INFO - Started process (PID=900) to work on /home/airflow/.local/lib/python3.12/site-packages/airflow/example_dags/example_setup_teardown.py
[2024-04-17T21:12:11.926+0000] {processor.py:830} INFO - Processing file /home/airflow/.local/lib/python3.12/site-packages/airflow/example_dags/example_setup_teardown.py for tasks to queue
[2024-04-17T21:12:11.929+0000] {logging_mixin.py:188} INFO - [2024-04-17T21:12:11.929+0000] {dagbag.py:540} INFO - Filling up the DagBag from /home/airflow/.local/lib/python3.12/site-packages/airflow/example_dags/example_setup_teardown.py
[2024-04-17T21:12:11.941+0000] {processor.py:840} INFO - DAG(s) 'example_setup_teardown' retrieved from /home/airflow/.local/lib/python3.12/site-packages/airflow/example_dags/example_setup_teardown.py
[2024-04-17T21:12:11.976+0000] {logging_mixin.py:188} INFO - [2024-04-17T21:12:11.975+0000] {dag.py:3096} INFO - Sync 1 DAGs
[2024-04-17T21:12:12.016+0000] {logging_mixin.py:188} INFO - [2024-04-17T21:12:12.016+0000] {dag.py:3954} INFO - Setting next_dagrun for example_setup_teardown to 2024-04-16 00:00:00+00:00, run_after=2024-04-17 00:00:00+00:00
[2024-04-17T21:12:12.056+0000] {processor.py:183} INFO - Processing /home/airflow/.local/lib/python3.12/site-packages/airflow/example_dags/example_setup_teardown.py took 0.139 seconds
[2024-04-17T21:12:42.554+0000] {processor.py:161} INFO - Started process (PID=958) to work on /home/airflow/.local/lib/python3.12/site-packages/airflow/example_dags/example_setup_teardown.py
[2024-04-17T21:12:42.557+0000] {processor.py:830} INFO - Processing file /home/airflow/.local/lib/python3.12/site-packages/airflow/example_dags/example_setup_teardown.py for tasks to queue
[2024-04-17T21:12:42.561+0000] {logging_mixin.py:188} INFO - [2024-04-17T21:12:42.560+0000] {dagbag.py:540} INFO - Filling up the DagBag from /home/airflow/.local/lib/python3.12/site-packages/airflow/example_dags/example_setup_teardown.py
[2024-04-17T21:12:42.581+0000] {processor.py:840} INFO - DAG(s) 'example_setup_teardown' retrieved from /home/airflow/.local/lib/python3.12/site-packages/airflow/example_dags/example_setup_teardown.py
[2024-04-17T21:12:42.644+0000] {logging_mixin.py:188} INFO - [2024-04-17T21:12:42.643+0000] {dag.py:3096} INFO - Sync 1 DAGs
[2024-04-17T21:12:42.691+0000] {logging_mixin.py:188} INFO - [2024-04-17T21:12:42.691+0000] {dag.py:3954} INFO - Setting next_dagrun for example_setup_teardown to 2024-04-16 00:00:00+00:00, run_after=2024-04-17 00:00:00+00:00
[2024-04-17T21:12:42.736+0000] {processor.py:183} INFO - Processing /home/airflow/.local/lib/python3.12/site-packages/airflow/example_dags/example_setup_teardown.py took 0.194 seconds
[2024-04-17T21:13:13.593+0000] {processor.py:161} INFO - Started process (PID=1016) to work on /home/airflow/.local/lib/python3.12/site-packages/airflow/example_dags/example_setup_teardown.py
[2024-04-17T21:13:13.594+0000] {processor.py:830} INFO - Processing file /home/airflow/.local/lib/python3.12/site-packages/airflow/example_dags/example_setup_teardown.py for tasks to queue
[2024-04-17T21:13:13.598+0000] {logging_mixin.py:188} INFO - [2024-04-17T21:13:13.597+0000] {dagbag.py:540} INFO - Filling up the DagBag from /home/airflow/.local/lib/python3.12/site-packages/airflow/example_dags/example_setup_teardown.py
[2024-04-17T21:13:13.613+0000] {processor.py:840} INFO - DAG(s) 'example_setup_teardown' retrieved from /home/airflow/.local/lib/python3.12/site-packages/airflow/example_dags/example_setup_teardown.py
[2024-04-17T21:13:13.661+0000] {logging_mixin.py:188} INFO - [2024-04-17T21:13:13.661+0000] {dag.py:3096} INFO - Sync 1 DAGs
[2024-04-17T21:13:13.741+0000] {logging_mixin.py:188} INFO - [2024-04-17T21:13:13.740+0000] {dag.py:3954} INFO - Setting next_dagrun for example_setup_teardown to 2024-04-16 00:00:00+00:00, run_after=2024-04-17 00:00:00+00:00
[2024-04-17T21:13:14.023+0000] {processor.py:183} INFO - Processing /home/airflow/.local/lib/python3.12/site-packages/airflow/example_dags/example_setup_teardown.py took 0.439 seconds
[2024-04-17T21:15:03.606+0000] {processor.py:161} INFO - Started process (PID=68) to work on /home/airflow/.local/lib/python3.12/site-packages/airflow/example_dags/example_setup_teardown.py
[2024-04-17T21:15:03.608+0000] {processor.py:830} INFO - Processing file /home/airflow/.local/lib/python3.12/site-packages/airflow/example_dags/example_setup_teardown.py for tasks to queue
[2024-04-17T21:15:03.613+0000] {logging_mixin.py:188} INFO - [2024-04-17T21:15:03.612+0000] {dagbag.py:540} INFO - Filling up the DagBag from /home/airflow/.local/lib/python3.12/site-packages/airflow/example_dags/example_setup_teardown.py
[2024-04-17T21:15:03.648+0000] {processor.py:840} INFO - DAG(s) 'example_setup_teardown' retrieved from /home/airflow/.local/lib/python3.12/site-packages/airflow/example_dags/example_setup_teardown.py
[2024-04-17T21:15:03.930+0000] {logging_mixin.py:188} INFO - [2024-04-17T21:15:03.930+0000] {dag.py:3096} INFO - Sync 1 DAGs
[2024-04-17T21:15:03.979+0000] {logging_mixin.py:188} INFO - [2024-04-17T21:15:03.978+0000] {dag.py:3954} INFO - Setting next_dagrun for example_setup_teardown to 2024-04-16 00:00:00+00:00, run_after=2024-04-17 00:00:00+00:00
[2024-04-17T21:15:04.020+0000] {processor.py:183} INFO - Processing /home/airflow/.local/lib/python3.12/site-packages/airflow/example_dags/example_setup_teardown.py took 0.433 seconds
[2024-04-17T21:15:34.677+0000] {processor.py:161} INFO - Started process (PID=126) to work on /home/airflow/.local/lib/python3.12/site-packages/airflow/example_dags/example_setup_teardown.py
[2024-04-17T21:15:34.680+0000] {processor.py:830} INFO - Processing file /home/airflow/.local/lib/python3.12/site-packages/airflow/example_dags/example_setup_teardown.py for tasks to queue
[2024-04-17T21:15:34.683+0000] {logging_mixin.py:188} INFO - [2024-04-17T21:15:34.683+0000] {dagbag.py:540} INFO - Filling up the DagBag from /home/airflow/.local/lib/python3.12/site-packages/airflow/example_dags/example_setup_teardown.py
[2024-04-17T21:15:34.695+0000] {processor.py:840} INFO - DAG(s) 'example_setup_teardown' retrieved from /home/airflow/.local/lib/python3.12/site-packages/airflow/example_dags/example_setup_teardown.py
[2024-04-17T21:15:34.743+0000] {logging_mixin.py:188} INFO - [2024-04-17T21:15:34.742+0000] {dag.py:3096} INFO - Sync 1 DAGs
[2024-04-17T21:15:34.819+0000] {logging_mixin.py:188} INFO - [2024-04-17T21:15:34.818+0000] {dag.py:3954} INFO - Setting next_dagrun for example_setup_teardown to 2024-04-16 00:00:00+00:00, run_after=2024-04-17 00:00:00+00:00
[2024-04-17T21:15:34.864+0000] {processor.py:183} INFO - Processing /home/airflow/.local/lib/python3.12/site-packages/airflow/example_dags/example_setup_teardown.py took 0.201 seconds
[2024-04-17T21:16:05.098+0000] {processor.py:161} INFO - Started process (PID=184) to work on /home/airflow/.local/lib/python3.12/site-packages/airflow/example_dags/example_setup_teardown.py
[2024-04-17T21:16:05.099+0000] {processor.py:830} INFO - Processing file /home/airflow/.local/lib/python3.12/site-packages/airflow/example_dags/example_setup_teardown.py for tasks to queue
[2024-04-17T21:16:05.101+0000] {logging_mixin.py:188} INFO - [2024-04-17T21:16:05.101+0000] {dagbag.py:540} INFO - Filling up the DagBag from /home/airflow/.local/lib/python3.12/site-packages/airflow/example_dags/example_setup_teardown.py
[2024-04-17T21:16:05.113+0000] {processor.py:840} INFO - DAG(s) 'example_setup_teardown' retrieved from /home/airflow/.local/lib/python3.12/site-packages/airflow/example_dags/example_setup_teardown.py
[2024-04-17T21:16:05.142+0000] {logging_mixin.py:188} INFO - [2024-04-17T21:16:05.142+0000] {dag.py:3096} INFO - Sync 1 DAGs
[2024-04-17T21:16:05.180+0000] {logging_mixin.py:188} INFO - [2024-04-17T21:16:05.179+0000] {dag.py:3954} INFO - Setting next_dagrun for example_setup_teardown to 2024-04-16 00:00:00+00:00, run_after=2024-04-17 00:00:00+00:00
[2024-04-17T21:16:05.219+0000] {processor.py:183} INFO - Processing /home/airflow/.local/lib/python3.12/site-packages/airflow/example_dags/example_setup_teardown.py took 0.130 seconds
[2024-04-17T21:16:35.473+0000] {processor.py:161} INFO - Started process (PID=242) to work on /home/airflow/.local/lib/python3.12/site-packages/airflow/example_dags/example_setup_teardown.py
[2024-04-17T21:16:35.476+0000] {processor.py:830} INFO - Processing file /home/airflow/.local/lib/python3.12/site-packages/airflow/example_dags/example_setup_teardown.py for tasks to queue
[2024-04-17T21:16:35.479+0000] {logging_mixin.py:188} INFO - [2024-04-17T21:16:35.479+0000] {dagbag.py:540} INFO - Filling up the DagBag from /home/airflow/.local/lib/python3.12/site-packages/airflow/example_dags/example_setup_teardown.py
[2024-04-17T21:16:35.491+0000] {processor.py:840} INFO - DAG(s) 'example_setup_teardown' retrieved from /home/airflow/.local/lib/python3.12/site-packages/airflow/example_dags/example_setup_teardown.py
[2024-04-17T21:16:35.532+0000] {logging_mixin.py:188} INFO - [2024-04-17T21:16:35.532+0000] {dag.py:3096} INFO - Sync 1 DAGs
[2024-04-17T21:16:35.596+0000] {logging_mixin.py:188} INFO - [2024-04-17T21:16:35.596+0000] {dag.py:3954} INFO - Setting next_dagrun for example_setup_teardown to 2024-04-16 00:00:00+00:00, run_after=2024-04-17 00:00:00+00:00
[2024-04-17T21:16:35.644+0000] {processor.py:183} INFO - Processing /home/airflow/.local/lib/python3.12/site-packages/airflow/example_dags/example_setup_teardown.py took 0.181 seconds
[2024-04-17T21:17:05.695+0000] {processor.py:161} INFO - Started process (PID=300) to work on /home/airflow/.local/lib/python3.12/site-packages/airflow/example_dags/example_setup_teardown.py
[2024-04-17T21:17:05.696+0000] {processor.py:830} INFO - Processing file /home/airflow/.local/lib/python3.12/site-packages/airflow/example_dags/example_setup_teardown.py for tasks to queue
[2024-04-17T21:17:05.699+0000] {logging_mixin.py:188} INFO - [2024-04-17T21:17:05.698+0000] {dagbag.py:540} INFO - Filling up the DagBag from /home/airflow/.local/lib/python3.12/site-packages/airflow/example_dags/example_setup_teardown.py
[2024-04-17T21:17:05.710+0000] {processor.py:840} INFO - DAG(s) 'example_setup_teardown' retrieved from /home/airflow/.local/lib/python3.12/site-packages/airflow/example_dags/example_setup_teardown.py
[2024-04-17T21:17:05.752+0000] {logging_mixin.py:188} INFO - [2024-04-17T21:17:05.752+0000] {dag.py:3096} INFO - Sync 1 DAGs
[2024-04-17T21:17:05.798+0000] {logging_mixin.py:188} INFO - [2024-04-17T21:17:05.797+0000] {dag.py:3954} INFO - Setting next_dagrun for example_setup_teardown to 2024-04-16 00:00:00+00:00, run_after=2024-04-17 00:00:00+00:00
[2024-04-17T21:17:05.850+0000] {processor.py:183} INFO - Processing /home/airflow/.local/lib/python3.12/site-packages/airflow/example_dags/example_setup_teardown.py took 0.165 seconds
[2024-04-17T21:17:36.064+0000] {processor.py:161} INFO - Started process (PID=358) to work on /home/airflow/.local/lib/python3.12/site-packages/airflow/example_dags/example_setup_teardown.py
[2024-04-17T21:17:36.067+0000] {processor.py:830} INFO - Processing file /home/airflow/.local/lib/python3.12/site-packages/airflow/example_dags/example_setup_teardown.py for tasks to queue
[2024-04-17T21:17:36.072+0000] {logging_mixin.py:188} INFO - [2024-04-17T21:17:36.071+0000] {dagbag.py:540} INFO - Filling up the DagBag from /home/airflow/.local/lib/python3.12/site-packages/airflow/example_dags/example_setup_teardown.py
[2024-04-17T21:17:36.089+0000] {processor.py:840} INFO - DAG(s) 'example_setup_teardown' retrieved from /home/airflow/.local/lib/python3.12/site-packages/airflow/example_dags/example_setup_teardown.py
[2024-04-17T21:17:36.131+0000] {logging_mixin.py:188} INFO - [2024-04-17T21:17:36.130+0000] {dag.py:3096} INFO - Sync 1 DAGs
[2024-04-17T21:17:36.176+0000] {logging_mixin.py:188} INFO - [2024-04-17T21:17:36.175+0000] {dag.py:3954} INFO - Setting next_dagrun for example_setup_teardown to 2024-04-16 00:00:00+00:00, run_after=2024-04-17 00:00:00+00:00
[2024-04-17T21:17:36.219+0000] {processor.py:183} INFO - Processing /home/airflow/.local/lib/python3.12/site-packages/airflow/example_dags/example_setup_teardown.py took 0.164 seconds
[2024-04-17T21:18:06.501+0000] {processor.py:161} INFO - Started process (PID=416) to work on /home/airflow/.local/lib/python3.12/site-packages/airflow/example_dags/example_setup_teardown.py
[2024-04-17T21:18:06.504+0000] {processor.py:830} INFO - Processing file /home/airflow/.local/lib/python3.12/site-packages/airflow/example_dags/example_setup_teardown.py for tasks to queue
[2024-04-17T21:18:06.509+0000] {logging_mixin.py:188} INFO - [2024-04-17T21:18:06.508+0000] {dagbag.py:540} INFO - Filling up the DagBag from /home/airflow/.local/lib/python3.12/site-packages/airflow/example_dags/example_setup_teardown.py
[2024-04-17T21:18:06.523+0000] {processor.py:840} INFO - DAG(s) 'example_setup_teardown' retrieved from /home/airflow/.local/lib/python3.12/site-packages/airflow/example_dags/example_setup_teardown.py
[2024-04-17T21:18:06.573+0000] {logging_mixin.py:188} INFO - [2024-04-17T21:18:06.572+0000] {dag.py:3096} INFO - Sync 1 DAGs
[2024-04-17T21:18:06.628+0000] {logging_mixin.py:188} INFO - [2024-04-17T21:18:06.628+0000] {dag.py:3954} INFO - Setting next_dagrun for example_setup_teardown to 2024-04-16 00:00:00+00:00, run_after=2024-04-17 00:00:00+00:00
[2024-04-17T21:18:06.675+0000] {processor.py:183} INFO - Processing /home/airflow/.local/lib/python3.12/site-packages/airflow/example_dags/example_setup_teardown.py took 0.185 seconds
[2024-04-17T21:18:37.261+0000] {processor.py:161} INFO - Started process (PID=473) to work on /home/airflow/.local/lib/python3.12/site-packages/airflow/example_dags/example_setup_teardown.py
[2024-04-17T21:18:37.263+0000] {processor.py:830} INFO - Processing file /home/airflow/.local/lib/python3.12/site-packages/airflow/example_dags/example_setup_teardown.py for tasks to queue
[2024-04-17T21:18:37.266+0000] {logging_mixin.py:188} INFO - [2024-04-17T21:18:37.266+0000] {dagbag.py:540} INFO - Filling up the DagBag from /home/airflow/.local/lib/python3.12/site-packages/airflow/example_dags/example_setup_teardown.py
[2024-04-17T21:18:37.279+0000] {processor.py:840} INFO - DAG(s) 'example_setup_teardown' retrieved from /home/airflow/.local/lib/python3.12/site-packages/airflow/example_dags/example_setup_teardown.py
[2024-04-17T21:18:37.318+0000] {logging_mixin.py:188} INFO - [2024-04-17T21:18:37.318+0000] {dag.py:3096} INFO - Sync 1 DAGs
[2024-04-17T21:18:37.360+0000] {logging_mixin.py:188} INFO - [2024-04-17T21:18:37.360+0000] {dag.py:3954} INFO - Setting next_dagrun for example_setup_teardown to 2024-04-16 00:00:00+00:00, run_after=2024-04-17 00:00:00+00:00
[2024-04-17T21:18:37.401+0000] {processor.py:183} INFO - Processing /home/airflow/.local/lib/python3.12/site-packages/airflow/example_dags/example_setup_teardown.py took 0.149 seconds
[2024-04-17T21:19:08.516+0000] {processor.py:161} INFO - Started process (PID=532) to work on /home/airflow/.local/lib/python3.12/site-packages/airflow/example_dags/example_setup_teardown.py
[2024-04-17T21:19:08.517+0000] {processor.py:830} INFO - Processing file /home/airflow/.local/lib/python3.12/site-packages/airflow/example_dags/example_setup_teardown.py for tasks to queue
[2024-04-17T21:19:08.521+0000] {logging_mixin.py:188} INFO - [2024-04-17T21:19:08.521+0000] {dagbag.py:540} INFO - Filling up the DagBag from /home/airflow/.local/lib/python3.12/site-packages/airflow/example_dags/example_setup_teardown.py
[2024-04-17T21:19:08.534+0000] {processor.py:840} INFO - DAG(s) 'example_setup_teardown' retrieved from /home/airflow/.local/lib/python3.12/site-packages/airflow/example_dags/example_setup_teardown.py
[2024-04-17T21:19:08.577+0000] {logging_mixin.py:188} INFO - [2024-04-17T21:19:08.576+0000] {dag.py:3096} INFO - Sync 1 DAGs
[2024-04-17T21:19:08.624+0000] {logging_mixin.py:188} INFO - [2024-04-17T21:19:08.624+0000] {dag.py:3954} INFO - Setting next_dagrun for example_setup_teardown to 2024-04-16 00:00:00+00:00, run_after=2024-04-17 00:00:00+00:00
[2024-04-17T21:19:08.681+0000] {processor.py:183} INFO - Processing /home/airflow/.local/lib/python3.12/site-packages/airflow/example_dags/example_setup_teardown.py took 0.178 seconds
[2024-04-17T23:57:41.119+0000] {processor.py:161} INFO - Started process (PID=66) to work on /home/airflow/.local/lib/python3.12/site-packages/airflow/example_dags/example_setup_teardown.py
[2024-04-17T23:57:41.121+0000] {processor.py:830} INFO - Processing file /home/airflow/.local/lib/python3.12/site-packages/airflow/example_dags/example_setup_teardown.py for tasks to queue
[2024-04-17T23:57:41.124+0000] {logging_mixin.py:188} INFO - [2024-04-17T23:57:41.123+0000] {dagbag.py:540} INFO - Filling up the DagBag from /home/airflow/.local/lib/python3.12/site-packages/airflow/example_dags/example_setup_teardown.py
[2024-04-17T23:57:41.136+0000] {processor.py:840} INFO - DAG(s) 'example_setup_teardown' retrieved from /home/airflow/.local/lib/python3.12/site-packages/airflow/example_dags/example_setup_teardown.py
[2024-04-17T23:57:41.163+0000] {logging_mixin.py:188} INFO - [2024-04-17T23:57:41.163+0000] {dag.py:3096} INFO - Sync 1 DAGs
[2024-04-17T23:57:41.195+0000] {logging_mixin.py:188} INFO - [2024-04-17T23:57:41.195+0000] {dag.py:3954} INFO - Setting next_dagrun for example_setup_teardown to 2024-04-16 00:00:00+00:00, run_after=2024-04-17 00:00:00+00:00
[2024-04-17T23:57:41.227+0000] {processor.py:183} INFO - Processing /home/airflow/.local/lib/python3.12/site-packages/airflow/example_dags/example_setup_teardown.py took 0.116 seconds
[2024-04-17T23:58:12.483+0000] {processor.py:161} INFO - Started process (PID=124) to work on /home/airflow/.local/lib/python3.12/site-packages/airflow/example_dags/example_setup_teardown.py
[2024-04-17T23:58:12.484+0000] {processor.py:830} INFO - Processing file /home/airflow/.local/lib/python3.12/site-packages/airflow/example_dags/example_setup_teardown.py for tasks to queue
[2024-04-17T23:58:12.487+0000] {logging_mixin.py:188} INFO - [2024-04-17T23:58:12.487+0000] {dagbag.py:540} INFO - Filling up the DagBag from /home/airflow/.local/lib/python3.12/site-packages/airflow/example_dags/example_setup_teardown.py
[2024-04-17T23:58:12.503+0000] {processor.py:840} INFO - DAG(s) 'example_setup_teardown' retrieved from /home/airflow/.local/lib/python3.12/site-packages/airflow/example_dags/example_setup_teardown.py
[2024-04-17T23:58:12.543+0000] {logging_mixin.py:188} INFO - [2024-04-17T23:58:12.542+0000] {dag.py:3096} INFO - Sync 1 DAGs
[2024-04-17T23:58:12.596+0000] {logging_mixin.py:188} INFO - [2024-04-17T23:58:12.595+0000] {dag.py:3954} INFO - Setting next_dagrun for example_setup_teardown to 2024-04-16 00:00:00+00:00, run_after=2024-04-17 00:00:00+00:00
[2024-04-17T23:58:12.629+0000] {processor.py:183} INFO - Processing /home/airflow/.local/lib/python3.12/site-packages/airflow/example_dags/example_setup_teardown.py took 0.160 seconds
[2024-04-17T23:58:43.283+0000] {processor.py:161} INFO - Started process (PID=182) to work on /home/airflow/.local/lib/python3.12/site-packages/airflow/example_dags/example_setup_teardown.py
[2024-04-17T23:58:43.285+0000] {processor.py:830} INFO - Processing file /home/airflow/.local/lib/python3.12/site-packages/airflow/example_dags/example_setup_teardown.py for tasks to queue
[2024-04-17T23:58:43.288+0000] {logging_mixin.py:188} INFO - [2024-04-17T23:58:43.288+0000] {dagbag.py:540} INFO - Filling up the DagBag from /home/airflow/.local/lib/python3.12/site-packages/airflow/example_dags/example_setup_teardown.py
[2024-04-17T23:58:43.297+0000] {processor.py:840} INFO - DAG(s) 'example_setup_teardown' retrieved from /home/airflow/.local/lib/python3.12/site-packages/airflow/example_dags/example_setup_teardown.py
[2024-04-17T23:58:43.327+0000] {logging_mixin.py:188} INFO - [2024-04-17T23:58:43.327+0000] {dag.py:3096} INFO - Sync 1 DAGs
[2024-04-17T23:58:43.362+0000] {logging_mixin.py:188} INFO - [2024-04-17T23:58:43.361+0000] {dag.py:3954} INFO - Setting next_dagrun for example_setup_teardown to 2024-04-16 00:00:00+00:00, run_after=2024-04-17 00:00:00+00:00
[2024-04-17T23:58:43.397+0000] {processor.py:183} INFO - Processing /home/airflow/.local/lib/python3.12/site-packages/airflow/example_dags/example_setup_teardown.py took 0.121 seconds
[2024-04-17T23:59:14.410+0000] {processor.py:161} INFO - Started process (PID=240) to work on /home/airflow/.local/lib/python3.12/site-packages/airflow/example_dags/example_setup_teardown.py
[2024-04-17T23:59:14.411+0000] {processor.py:830} INFO - Processing file /home/airflow/.local/lib/python3.12/site-packages/airflow/example_dags/example_setup_teardown.py for tasks to queue
[2024-04-17T23:59:14.414+0000] {logging_mixin.py:188} INFO - [2024-04-17T23:59:14.413+0000] {dagbag.py:540} INFO - Filling up the DagBag from /home/airflow/.local/lib/python3.12/site-packages/airflow/example_dags/example_setup_teardown.py
[2024-04-17T23:59:14.424+0000] {processor.py:840} INFO - DAG(s) 'example_setup_teardown' retrieved from /home/airflow/.local/lib/python3.12/site-packages/airflow/example_dags/example_setup_teardown.py
[2024-04-17T23:59:14.454+0000] {logging_mixin.py:188} INFO - [2024-04-17T23:59:14.453+0000] {dag.py:3096} INFO - Sync 1 DAGs
[2024-04-17T23:59:14.493+0000] {logging_mixin.py:188} INFO - [2024-04-17T23:59:14.493+0000] {dag.py:3954} INFO - Setting next_dagrun for example_setup_teardown to 2024-04-16 00:00:00+00:00, run_after=2024-04-17 00:00:00+00:00
[2024-04-17T23:59:14.529+0000] {processor.py:183} INFO - Processing /home/airflow/.local/lib/python3.12/site-packages/airflow/example_dags/example_setup_teardown.py took 0.126 seconds
[2024-04-17T23:59:45.481+0000] {processor.py:161} INFO - Started process (PID=299) to work on /home/airflow/.local/lib/python3.12/site-packages/airflow/example_dags/example_setup_teardown.py
[2024-04-17T23:59:45.483+0000] {processor.py:830} INFO - Processing file /home/airflow/.local/lib/python3.12/site-packages/airflow/example_dags/example_setup_teardown.py for tasks to queue
[2024-04-17T23:59:45.486+0000] {logging_mixin.py:188} INFO - [2024-04-17T23:59:45.485+0000] {dagbag.py:540} INFO - Filling up the DagBag from /home/airflow/.local/lib/python3.12/site-packages/airflow/example_dags/example_setup_teardown.py
[2024-04-17T23:59:45.496+0000] {processor.py:840} INFO - DAG(s) 'example_setup_teardown' retrieved from /home/airflow/.local/lib/python3.12/site-packages/airflow/example_dags/example_setup_teardown.py
[2024-04-17T23:59:45.531+0000] {logging_mixin.py:188} INFO - [2024-04-17T23:59:45.530+0000] {dag.py:3096} INFO - Sync 1 DAGs
[2024-04-17T23:59:45.571+0000] {logging_mixin.py:188} INFO - [2024-04-17T23:59:45.570+0000] {dag.py:3954} INFO - Setting next_dagrun for example_setup_teardown to 2024-04-16 00:00:00+00:00, run_after=2024-04-17 00:00:00+00:00
[2024-04-17T23:59:45.610+0000] {processor.py:183} INFO - Processing /home/airflow/.local/lib/python3.12/site-packages/airflow/example_dags/example_setup_teardown.py took 0.138 seconds
