[2024-04-17T21:04:50.627+0000] {processor.py:161} INFO - Started process (PID=83) to work on /home/airflow/.local/lib/python3.12/site-packages/airflow/example_dags/example_task_group_decorator.py
[2024-04-17T21:04:50.636+0000] {processor.py:830} INFO - Processing file /home/airflow/.local/lib/python3.12/site-packages/airflow/example_dags/example_task_group_decorator.py for tasks to queue
[2024-04-17T21:04:50.660+0000] {logging_mixin.py:188} INFO - [2024-04-17T21:04:50.655+0000] {dagbag.py:540} INFO - Filling up the DagBag from /home/airflow/.local/lib/python3.12/site-packages/airflow/example_dags/example_task_group_decorator.py
[2024-04-17T21:04:50.767+0000] {processor.py:840} INFO - DAG(s) 'example_task_group_decorator' retrieved from /home/airflow/.local/lib/python3.12/site-packages/airflow/example_dags/example_task_group_decorator.py
[2024-04-17T21:04:51.482+0000] {logging_mixin.py:188} INFO - [2024-04-17T21:04:51.476+0000] {dag.py:3096} INFO - Sync 1 DAGs
[2024-04-17T21:04:51.608+0000] {logging_mixin.py:188} INFO - [2024-04-17T21:04:51.603+0000] {dag.py:3954} INFO - Setting next_dagrun for example_task_group_decorator to 2024-04-16 00:00:00+00:00, run_after=2024-04-17 00:00:00+00:00
[2024-04-17T21:04:51.757+0000] {processor.py:183} INFO - Processing /home/airflow/.local/lib/python3.12/site-packages/airflow/example_dags/example_task_group_decorator.py took 1.172 seconds
[2024-04-17T21:05:24.658+0000] {processor.py:161} INFO - Started process (PID=141) to work on /home/airflow/.local/lib/python3.12/site-packages/airflow/example_dags/example_task_group_decorator.py
[2024-04-17T21:05:24.673+0000] {processor.py:830} INFO - Processing file /home/airflow/.local/lib/python3.12/site-packages/airflow/example_dags/example_task_group_decorator.py for tasks to queue
[2024-04-17T21:05:24.700+0000] {logging_mixin.py:188} INFO - [2024-04-17T21:05:24.699+0000] {dagbag.py:540} INFO - Filling up the DagBag from /home/airflow/.local/lib/python3.12/site-packages/airflow/example_dags/example_task_group_decorator.py
[2024-04-17T21:05:24.841+0000] {processor.py:840} INFO - DAG(s) 'example_task_group_decorator' retrieved from /home/airflow/.local/lib/python3.12/site-packages/airflow/example_dags/example_task_group_decorator.py
[2024-04-17T21:05:25.007+0000] {logging_mixin.py:188} INFO - [2024-04-17T21:05:25.006+0000] {dag.py:3096} INFO - Sync 1 DAGs
[2024-04-17T21:05:25.141+0000] {logging_mixin.py:188} INFO - [2024-04-17T21:05:25.140+0000] {dag.py:3954} INFO - Setting next_dagrun for example_task_group_decorator to 2024-04-16 00:00:00+00:00, run_after=2024-04-17 00:00:00+00:00
[2024-04-17T21:05:25.268+0000] {processor.py:183} INFO - Processing /home/airflow/.local/lib/python3.12/site-packages/airflow/example_dags/example_task_group_decorator.py took 0.674 seconds
[2024-04-17T21:05:56.574+0000] {processor.py:161} INFO - Started process (PID=198) to work on /home/airflow/.local/lib/python3.12/site-packages/airflow/example_dags/example_task_group_decorator.py
[2024-04-17T21:05:56.595+0000] {processor.py:830} INFO - Processing file /home/airflow/.local/lib/python3.12/site-packages/airflow/example_dags/example_task_group_decorator.py for tasks to queue
[2024-04-17T21:05:56.603+0000] {logging_mixin.py:188} INFO - [2024-04-17T21:05:56.601+0000] {dagbag.py:540} INFO - Filling up the DagBag from /home/airflow/.local/lib/python3.12/site-packages/airflow/example_dags/example_task_group_decorator.py
[2024-04-17T21:05:56.710+0000] {processor.py:840} INFO - DAG(s) 'example_task_group_decorator' retrieved from /home/airflow/.local/lib/python3.12/site-packages/airflow/example_dags/example_task_group_decorator.py
[2024-04-17T21:05:56.893+0000] {logging_mixin.py:188} INFO - [2024-04-17T21:05:56.892+0000] {dag.py:3096} INFO - Sync 1 DAGs
[2024-04-17T21:05:57.053+0000] {logging_mixin.py:188} INFO - [2024-04-17T21:05:57.053+0000] {dag.py:3954} INFO - Setting next_dagrun for example_task_group_decorator to 2024-04-16 00:00:00+00:00, run_after=2024-04-17 00:00:00+00:00
[2024-04-17T21:05:57.207+0000] {processor.py:183} INFO - Processing /home/airflow/.local/lib/python3.12/site-packages/airflow/example_dags/example_task_group_decorator.py took 0.660 seconds
[2024-04-17T21:06:28.205+0000] {processor.py:161} INFO - Started process (PID=256) to work on /home/airflow/.local/lib/python3.12/site-packages/airflow/example_dags/example_task_group_decorator.py
[2024-04-17T21:06:28.216+0000] {processor.py:830} INFO - Processing file /home/airflow/.local/lib/python3.12/site-packages/airflow/example_dags/example_task_group_decorator.py for tasks to queue
[2024-04-17T21:06:28.226+0000] {logging_mixin.py:188} INFO - [2024-04-17T21:06:28.225+0000] {dagbag.py:540} INFO - Filling up the DagBag from /home/airflow/.local/lib/python3.12/site-packages/airflow/example_dags/example_task_group_decorator.py
[2024-04-17T21:06:28.332+0000] {processor.py:840} INFO - DAG(s) 'example_task_group_decorator' retrieved from /home/airflow/.local/lib/python3.12/site-packages/airflow/example_dags/example_task_group_decorator.py
[2024-04-17T21:06:28.506+0000] {logging_mixin.py:188} INFO - [2024-04-17T21:06:28.506+0000] {dag.py:3096} INFO - Sync 1 DAGs
[2024-04-17T21:06:28.661+0000] {logging_mixin.py:188} INFO - [2024-04-17T21:06:28.660+0000] {dag.py:3954} INFO - Setting next_dagrun for example_task_group_decorator to 2024-04-16 00:00:00+00:00, run_after=2024-04-17 00:00:00+00:00
[2024-04-17T21:06:28.802+0000] {processor.py:183} INFO - Processing /home/airflow/.local/lib/python3.12/site-packages/airflow/example_dags/example_task_group_decorator.py took 0.627 seconds
[2024-04-17T21:06:59.893+0000] {processor.py:161} INFO - Started process (PID=314) to work on /home/airflow/.local/lib/python3.12/site-packages/airflow/example_dags/example_task_group_decorator.py
[2024-04-17T21:06:59.896+0000] {processor.py:830} INFO - Processing file /home/airflow/.local/lib/python3.12/site-packages/airflow/example_dags/example_task_group_decorator.py for tasks to queue
[2024-04-17T21:06:59.909+0000] {logging_mixin.py:188} INFO - [2024-04-17T21:06:59.908+0000] {dagbag.py:540} INFO - Filling up the DagBag from /home/airflow/.local/lib/python3.12/site-packages/airflow/example_dags/example_task_group_decorator.py
[2024-04-17T21:07:00.016+0000] {processor.py:840} INFO - DAG(s) 'example_task_group_decorator' retrieved from /home/airflow/.local/lib/python3.12/site-packages/airflow/example_dags/example_task_group_decorator.py
[2024-04-17T21:07:00.146+0000] {logging_mixin.py:188} INFO - [2024-04-17T21:07:00.145+0000] {dag.py:3096} INFO - Sync 1 DAGs
[2024-04-17T21:07:00.283+0000] {logging_mixin.py:188} INFO - [2024-04-17T21:07:00.283+0000] {dag.py:3954} INFO - Setting next_dagrun for example_task_group_decorator to 2024-04-16 00:00:00+00:00, run_after=2024-04-17 00:00:00+00:00
[2024-04-17T21:07:00.390+0000] {processor.py:183} INFO - Processing /home/airflow/.local/lib/python3.12/site-packages/airflow/example_dags/example_task_group_decorator.py took 0.521 seconds
[2024-04-17T21:07:31.217+0000] {processor.py:161} INFO - Started process (PID=372) to work on /home/airflow/.local/lib/python3.12/site-packages/airflow/example_dags/example_task_group_decorator.py
[2024-04-17T21:07:31.220+0000] {processor.py:830} INFO - Processing file /home/airflow/.local/lib/python3.12/site-packages/airflow/example_dags/example_task_group_decorator.py for tasks to queue
[2024-04-17T21:07:31.226+0000] {logging_mixin.py:188} INFO - [2024-04-17T21:07:31.224+0000] {dagbag.py:540} INFO - Filling up the DagBag from /home/airflow/.local/lib/python3.12/site-packages/airflow/example_dags/example_task_group_decorator.py
[2024-04-17T21:07:31.327+0000] {processor.py:840} INFO - DAG(s) 'example_task_group_decorator' retrieved from /home/airflow/.local/lib/python3.12/site-packages/airflow/example_dags/example_task_group_decorator.py
[2024-04-17T21:07:31.477+0000] {logging_mixin.py:188} INFO - [2024-04-17T21:07:31.477+0000] {dag.py:3096} INFO - Sync 1 DAGs
[2024-04-17T21:07:31.601+0000] {logging_mixin.py:188} INFO - [2024-04-17T21:07:31.600+0000] {dag.py:3954} INFO - Setting next_dagrun for example_task_group_decorator to 2024-04-16 00:00:00+00:00, run_after=2024-04-17 00:00:00+00:00
[2024-04-17T21:07:31.721+0000] {processor.py:183} INFO - Processing /home/airflow/.local/lib/python3.12/site-packages/airflow/example_dags/example_task_group_decorator.py took 0.539 seconds
[2024-04-17T21:08:03.728+0000] {processor.py:161} INFO - Started process (PID=430) to work on /home/airflow/.local/lib/python3.12/site-packages/airflow/example_dags/example_task_group_decorator.py
[2024-04-17T21:08:03.733+0000] {processor.py:830} INFO - Processing file /home/airflow/.local/lib/python3.12/site-packages/airflow/example_dags/example_task_group_decorator.py for tasks to queue
[2024-04-17T21:08:03.738+0000] {logging_mixin.py:188} INFO - [2024-04-17T21:08:03.737+0000] {dagbag.py:540} INFO - Filling up the DagBag from /home/airflow/.local/lib/python3.12/site-packages/airflow/example_dags/example_task_group_decorator.py
[2024-04-17T21:08:03.822+0000] {processor.py:840} INFO - DAG(s) 'example_task_group_decorator' retrieved from /home/airflow/.local/lib/python3.12/site-packages/airflow/example_dags/example_task_group_decorator.py
[2024-04-17T21:08:03.919+0000] {logging_mixin.py:188} INFO - [2024-04-17T21:08:03.919+0000] {dag.py:3096} INFO - Sync 1 DAGs
[2024-04-17T21:08:04.024+0000] {logging_mixin.py:188} INFO - [2024-04-17T21:08:04.024+0000] {dag.py:3954} INFO - Setting next_dagrun for example_task_group_decorator to 2024-04-16 00:00:00+00:00, run_after=2024-04-17 00:00:00+00:00
[2024-04-17T21:08:04.725+0000] {processor.py:183} INFO - Processing /home/airflow/.local/lib/python3.12/site-packages/airflow/example_dags/example_task_group_decorator.py took 1.030 seconds
[2024-04-17T21:08:35.657+0000] {processor.py:161} INFO - Started process (PID=488) to work on /home/airflow/.local/lib/python3.12/site-packages/airflow/example_dags/example_task_group_decorator.py
[2024-04-17T21:08:35.659+0000] {processor.py:830} INFO - Processing file /home/airflow/.local/lib/python3.12/site-packages/airflow/example_dags/example_task_group_decorator.py for tasks to queue
[2024-04-17T21:08:35.665+0000] {logging_mixin.py:188} INFO - [2024-04-17T21:08:35.663+0000] {dagbag.py:540} INFO - Filling up the DagBag from /home/airflow/.local/lib/python3.12/site-packages/airflow/example_dags/example_task_group_decorator.py
[2024-04-17T21:08:35.749+0000] {processor.py:840} INFO - DAG(s) 'example_task_group_decorator' retrieved from /home/airflow/.local/lib/python3.12/site-packages/airflow/example_dags/example_task_group_decorator.py
[2024-04-17T21:08:35.889+0000] {logging_mixin.py:188} INFO - [2024-04-17T21:08:35.888+0000] {dag.py:3096} INFO - Sync 1 DAGs
[2024-04-17T21:08:36.051+0000] {logging_mixin.py:188} INFO - [2024-04-17T21:08:36.050+0000] {dag.py:3954} INFO - Setting next_dagrun for example_task_group_decorator to 2024-04-16 00:00:00+00:00, run_after=2024-04-17 00:00:00+00:00
[2024-04-17T21:08:36.218+0000] {processor.py:183} INFO - Processing /home/airflow/.local/lib/python3.12/site-packages/airflow/example_dags/example_task_group_decorator.py took 0.582 seconds
[2024-04-17T21:09:06.529+0000] {processor.py:161} INFO - Started process (PID=546) to work on /home/airflow/.local/lib/python3.12/site-packages/airflow/example_dags/example_task_group_decorator.py
[2024-04-17T21:09:06.560+0000] {processor.py:830} INFO - Processing file /home/airflow/.local/lib/python3.12/site-packages/airflow/example_dags/example_task_group_decorator.py for tasks to queue
[2024-04-17T21:09:06.565+0000] {logging_mixin.py:188} INFO - [2024-04-17T21:09:06.564+0000] {dagbag.py:540} INFO - Filling up the DagBag from /home/airflow/.local/lib/python3.12/site-packages/airflow/example_dags/example_task_group_decorator.py
[2024-04-17T21:09:06.612+0000] {processor.py:840} INFO - DAG(s) 'example_task_group_decorator' retrieved from /home/airflow/.local/lib/python3.12/site-packages/airflow/example_dags/example_task_group_decorator.py
[2024-04-17T21:09:06.694+0000] {logging_mixin.py:188} INFO - [2024-04-17T21:09:06.693+0000] {dag.py:3096} INFO - Sync 1 DAGs
[2024-04-17T21:09:06.740+0000] {logging_mixin.py:188} INFO - [2024-04-17T21:09:06.740+0000] {dag.py:3954} INFO - Setting next_dagrun for example_task_group_decorator to 2024-04-16 00:00:00+00:00, run_after=2024-04-17 00:00:00+00:00
[2024-04-17T21:09:06.794+0000] {processor.py:183} INFO - Processing /home/airflow/.local/lib/python3.12/site-packages/airflow/example_dags/example_task_group_decorator.py took 0.273 seconds
[2024-04-17T21:09:37.284+0000] {processor.py:161} INFO - Started process (PID=603) to work on /home/airflow/.local/lib/python3.12/site-packages/airflow/example_dags/example_task_group_decorator.py
[2024-04-17T21:09:37.286+0000] {processor.py:830} INFO - Processing file /home/airflow/.local/lib/python3.12/site-packages/airflow/example_dags/example_task_group_decorator.py for tasks to queue
[2024-04-17T21:09:37.290+0000] {logging_mixin.py:188} INFO - [2024-04-17T21:09:37.289+0000] {dagbag.py:540} INFO - Filling up the DagBag from /home/airflow/.local/lib/python3.12/site-packages/airflow/example_dags/example_task_group_decorator.py
[2024-04-17T21:09:37.341+0000] {processor.py:840} INFO - DAG(s) 'example_task_group_decorator' retrieved from /home/airflow/.local/lib/python3.12/site-packages/airflow/example_dags/example_task_group_decorator.py
[2024-04-17T21:09:37.419+0000] {logging_mixin.py:188} INFO - [2024-04-17T21:09:37.418+0000] {dag.py:3096} INFO - Sync 1 DAGs
[2024-04-17T21:09:37.527+0000] {logging_mixin.py:188} INFO - [2024-04-17T21:09:37.527+0000] {dag.py:3954} INFO - Setting next_dagrun for example_task_group_decorator to 2024-04-16 00:00:00+00:00, run_after=2024-04-17 00:00:00+00:00
[2024-04-17T21:09:37.657+0000] {processor.py:183} INFO - Processing /home/airflow/.local/lib/python3.12/site-packages/airflow/example_dags/example_task_group_decorator.py took 0.385 seconds
[2024-04-17T21:10:08.620+0000] {processor.py:161} INFO - Started process (PID=661) to work on /home/airflow/.local/lib/python3.12/site-packages/airflow/example_dags/example_task_group_decorator.py
[2024-04-17T21:10:08.624+0000] {processor.py:830} INFO - Processing file /home/airflow/.local/lib/python3.12/site-packages/airflow/example_dags/example_task_group_decorator.py for tasks to queue
[2024-04-17T21:10:08.634+0000] {logging_mixin.py:188} INFO - [2024-04-17T21:10:08.633+0000] {dagbag.py:540} INFO - Filling up the DagBag from /home/airflow/.local/lib/python3.12/site-packages/airflow/example_dags/example_task_group_decorator.py
[2024-04-17T21:10:08.718+0000] {processor.py:840} INFO - DAG(s) 'example_task_group_decorator' retrieved from /home/airflow/.local/lib/python3.12/site-packages/airflow/example_dags/example_task_group_decorator.py
[2024-04-17T21:10:08.864+0000] {logging_mixin.py:188} INFO - [2024-04-17T21:10:08.864+0000] {dag.py:3096} INFO - Sync 1 DAGs
[2024-04-17T21:10:09.008+0000] {logging_mixin.py:188} INFO - [2024-04-17T21:10:09.008+0000] {dag.py:3954} INFO - Setting next_dagrun for example_task_group_decorator to 2024-04-16 00:00:00+00:00, run_after=2024-04-17 00:00:00+00:00
[2024-04-17T21:10:09.112+0000] {processor.py:183} INFO - Processing /home/airflow/.local/lib/python3.12/site-packages/airflow/example_dags/example_task_group_decorator.py took 0.510 seconds
[2024-04-17T21:10:39.219+0000] {processor.py:161} INFO - Started process (PID=724) to work on /home/airflow/.local/lib/python3.12/site-packages/airflow/example_dags/example_task_group_decorator.py
[2024-04-17T21:10:39.220+0000] {processor.py:830} INFO - Processing file /home/airflow/.local/lib/python3.12/site-packages/airflow/example_dags/example_task_group_decorator.py for tasks to queue
[2024-04-17T21:10:39.224+0000] {logging_mixin.py:188} INFO - [2024-04-17T21:10:39.223+0000] {dagbag.py:540} INFO - Filling up the DagBag from /home/airflow/.local/lib/python3.12/site-packages/airflow/example_dags/example_task_group_decorator.py
[2024-04-17T21:10:39.252+0000] {processor.py:840} INFO - DAG(s) 'example_task_group_decorator' retrieved from /home/airflow/.local/lib/python3.12/site-packages/airflow/example_dags/example_task_group_decorator.py
[2024-04-17T21:10:39.313+0000] {logging_mixin.py:188} INFO - [2024-04-17T21:10:39.312+0000] {dag.py:3096} INFO - Sync 1 DAGs
[2024-04-17T21:10:39.377+0000] {logging_mixin.py:188} INFO - [2024-04-17T21:10:39.376+0000] {dag.py:3954} INFO - Setting next_dagrun for example_task_group_decorator to 2024-04-16 00:00:00+00:00, run_after=2024-04-17 00:00:00+00:00
[2024-04-17T21:10:39.446+0000] {processor.py:183} INFO - Processing /home/airflow/.local/lib/python3.12/site-packages/airflow/example_dags/example_task_group_decorator.py took 0.238 seconds
[2024-04-17T21:11:09.936+0000] {processor.py:161} INFO - Started process (PID=782) to work on /home/airflow/.local/lib/python3.12/site-packages/airflow/example_dags/example_task_group_decorator.py
[2024-04-17T21:11:09.938+0000] {processor.py:830} INFO - Processing file /home/airflow/.local/lib/python3.12/site-packages/airflow/example_dags/example_task_group_decorator.py for tasks to queue
[2024-04-17T21:11:09.941+0000] {logging_mixin.py:188} INFO - [2024-04-17T21:11:09.940+0000] {dagbag.py:540} INFO - Filling up the DagBag from /home/airflow/.local/lib/python3.12/site-packages/airflow/example_dags/example_task_group_decorator.py
[2024-04-17T21:11:09.965+0000] {processor.py:840} INFO - DAG(s) 'example_task_group_decorator' retrieved from /home/airflow/.local/lib/python3.12/site-packages/airflow/example_dags/example_task_group_decorator.py
[2024-04-17T21:11:10.012+0000] {logging_mixin.py:188} INFO - [2024-04-17T21:11:10.011+0000] {dag.py:3096} INFO - Sync 1 DAGs
[2024-04-17T21:11:10.064+0000] {logging_mixin.py:188} INFO - [2024-04-17T21:11:10.063+0000] {dag.py:3954} INFO - Setting next_dagrun for example_task_group_decorator to 2024-04-16 00:00:00+00:00, run_after=2024-04-17 00:00:00+00:00
[2024-04-17T21:11:10.116+0000] {processor.py:183} INFO - Processing /home/airflow/.local/lib/python3.12/site-packages/airflow/example_dags/example_task_group_decorator.py took 0.188 seconds
[2024-04-17T21:11:40.266+0000] {processor.py:161} INFO - Started process (PID=839) to work on /home/airflow/.local/lib/python3.12/site-packages/airflow/example_dags/example_task_group_decorator.py
[2024-04-17T21:11:40.267+0000] {processor.py:830} INFO - Processing file /home/airflow/.local/lib/python3.12/site-packages/airflow/example_dags/example_task_group_decorator.py for tasks to queue
[2024-04-17T21:11:40.271+0000] {logging_mixin.py:188} INFO - [2024-04-17T21:11:40.271+0000] {dagbag.py:540} INFO - Filling up the DagBag from /home/airflow/.local/lib/python3.12/site-packages/airflow/example_dags/example_task_group_decorator.py
[2024-04-17T21:11:40.306+0000] {processor.py:840} INFO - DAG(s) 'example_task_group_decorator' retrieved from /home/airflow/.local/lib/python3.12/site-packages/airflow/example_dags/example_task_group_decorator.py
[2024-04-17T21:11:40.408+0000] {logging_mixin.py:188} INFO - [2024-04-17T21:11:40.407+0000] {dag.py:3096} INFO - Sync 1 DAGs
[2024-04-17T21:11:40.486+0000] {logging_mixin.py:188} INFO - [2024-04-17T21:11:40.486+0000] {dag.py:3954} INFO - Setting next_dagrun for example_task_group_decorator to 2024-04-16 00:00:00+00:00, run_after=2024-04-17 00:00:00+00:00
[2024-04-17T21:11:40.557+0000] {processor.py:183} INFO - Processing /home/airflow/.local/lib/python3.12/site-packages/airflow/example_dags/example_task_group_decorator.py took 0.303 seconds
[2024-04-17T21:12:11.535+0000] {processor.py:161} INFO - Started process (PID=898) to work on /home/airflow/.local/lib/python3.12/site-packages/airflow/example_dags/example_task_group_decorator.py
[2024-04-17T21:12:11.537+0000] {processor.py:830} INFO - Processing file /home/airflow/.local/lib/python3.12/site-packages/airflow/example_dags/example_task_group_decorator.py for tasks to queue
[2024-04-17T21:12:11.542+0000] {logging_mixin.py:188} INFO - [2024-04-17T21:12:11.541+0000] {dagbag.py:540} INFO - Filling up the DagBag from /home/airflow/.local/lib/python3.12/site-packages/airflow/example_dags/example_task_group_decorator.py
[2024-04-17T21:12:11.582+0000] {processor.py:840} INFO - DAG(s) 'example_task_group_decorator' retrieved from /home/airflow/.local/lib/python3.12/site-packages/airflow/example_dags/example_task_group_decorator.py
[2024-04-17T21:12:11.638+0000] {logging_mixin.py:188} INFO - [2024-04-17T21:12:11.637+0000] {dag.py:3096} INFO - Sync 1 DAGs
[2024-04-17T21:12:11.682+0000] {logging_mixin.py:188} INFO - [2024-04-17T21:12:11.682+0000] {dag.py:3954} INFO - Setting next_dagrun for example_task_group_decorator to 2024-04-16 00:00:00+00:00, run_after=2024-04-17 00:00:00+00:00
[2024-04-17T21:12:11.727+0000] {processor.py:183} INFO - Processing /home/airflow/.local/lib/python3.12/site-packages/airflow/example_dags/example_task_group_decorator.py took 0.200 seconds
[2024-04-17T21:12:42.199+0000] {processor.py:161} INFO - Started process (PID=956) to work on /home/airflow/.local/lib/python3.12/site-packages/airflow/example_dags/example_task_group_decorator.py
[2024-04-17T21:12:42.200+0000] {processor.py:830} INFO - Processing file /home/airflow/.local/lib/python3.12/site-packages/airflow/example_dags/example_task_group_decorator.py for tasks to queue
[2024-04-17T21:12:42.203+0000] {logging_mixin.py:188} INFO - [2024-04-17T21:12:42.203+0000] {dagbag.py:540} INFO - Filling up the DagBag from /home/airflow/.local/lib/python3.12/site-packages/airflow/example_dags/example_task_group_decorator.py
[2024-04-17T21:12:42.228+0000] {processor.py:840} INFO - DAG(s) 'example_task_group_decorator' retrieved from /home/airflow/.local/lib/python3.12/site-packages/airflow/example_dags/example_task_group_decorator.py
[2024-04-17T21:12:42.273+0000] {logging_mixin.py:188} INFO - [2024-04-17T21:12:42.273+0000] {dag.py:3096} INFO - Sync 1 DAGs
[2024-04-17T21:12:42.322+0000] {logging_mixin.py:188} INFO - [2024-04-17T21:12:42.322+0000] {dag.py:3954} INFO - Setting next_dagrun for example_task_group_decorator to 2024-04-16 00:00:00+00:00, run_after=2024-04-17 00:00:00+00:00
[2024-04-17T21:12:42.363+0000] {processor.py:183} INFO - Processing /home/airflow/.local/lib/python3.12/site-packages/airflow/example_dags/example_task_group_decorator.py took 0.171 seconds
[2024-04-17T21:13:12.865+0000] {processor.py:161} INFO - Started process (PID=1014) to work on /home/airflow/.local/lib/python3.12/site-packages/airflow/example_dags/example_task_group_decorator.py
[2024-04-17T21:13:12.866+0000] {processor.py:830} INFO - Processing file /home/airflow/.local/lib/python3.12/site-packages/airflow/example_dags/example_task_group_decorator.py for tasks to queue
[2024-04-17T21:13:12.870+0000] {logging_mixin.py:188} INFO - [2024-04-17T21:13:12.869+0000] {dagbag.py:540} INFO - Filling up the DagBag from /home/airflow/.local/lib/python3.12/site-packages/airflow/example_dags/example_task_group_decorator.py
[2024-04-17T21:13:12.904+0000] {processor.py:840} INFO - DAG(s) 'example_task_group_decorator' retrieved from /home/airflow/.local/lib/python3.12/site-packages/airflow/example_dags/example_task_group_decorator.py
[2024-04-17T21:13:12.976+0000] {logging_mixin.py:188} INFO - [2024-04-17T21:13:12.975+0000] {dag.py:3096} INFO - Sync 1 DAGs
[2024-04-17T21:13:13.037+0000] {logging_mixin.py:188} INFO - [2024-04-17T21:13:13.036+0000] {dag.py:3954} INFO - Setting next_dagrun for example_task_group_decorator to 2024-04-16 00:00:00+00:00, run_after=2024-04-17 00:00:00+00:00
[2024-04-17T21:13:13.362+0000] {processor.py:183} INFO - Processing /home/airflow/.local/lib/python3.12/site-packages/airflow/example_dags/example_task_group_decorator.py took 0.510 seconds
[2024-04-17T21:15:02.915+0000] {processor.py:161} INFO - Started process (PID=66) to work on /home/airflow/.local/lib/python3.12/site-packages/airflow/example_dags/example_task_group_decorator.py
[2024-04-17T21:15:02.919+0000] {processor.py:830} INFO - Processing file /home/airflow/.local/lib/python3.12/site-packages/airflow/example_dags/example_task_group_decorator.py for tasks to queue
[2024-04-17T21:15:02.930+0000] {logging_mixin.py:188} INFO - [2024-04-17T21:15:02.929+0000] {dagbag.py:540} INFO - Filling up the DagBag from /home/airflow/.local/lib/python3.12/site-packages/airflow/example_dags/example_task_group_decorator.py
[2024-04-17T21:15:03.020+0000] {processor.py:840} INFO - DAG(s) 'example_task_group_decorator' retrieved from /home/airflow/.local/lib/python3.12/site-packages/airflow/example_dags/example_task_group_decorator.py
[2024-04-17T21:15:03.475+0000] {logging_mixin.py:188} INFO - [2024-04-17T21:15:03.475+0000] {dag.py:3096} INFO - Sync 1 DAGs
[2024-04-17T21:15:03.524+0000] {logging_mixin.py:188} INFO - [2024-04-17T21:15:03.523+0000] {dag.py:3954} INFO - Setting next_dagrun for example_task_group_decorator to 2024-04-16 00:00:00+00:00, run_after=2024-04-17 00:00:00+00:00
[2024-04-17T21:15:03.586+0000] {processor.py:183} INFO - Processing /home/airflow/.local/lib/python3.12/site-packages/airflow/example_dags/example_task_group_decorator.py took 0.690 seconds
[2024-04-17T21:15:34.458+0000] {processor.py:161} INFO - Started process (PID=124) to work on /home/airflow/.local/lib/python3.12/site-packages/airflow/example_dags/example_task_group_decorator.py
[2024-04-17T21:15:34.459+0000] {processor.py:830} INFO - Processing file /home/airflow/.local/lib/python3.12/site-packages/airflow/example_dags/example_task_group_decorator.py for tasks to queue
[2024-04-17T21:15:34.463+0000] {logging_mixin.py:188} INFO - [2024-04-17T21:15:34.463+0000] {dagbag.py:540} INFO - Filling up the DagBag from /home/airflow/.local/lib/python3.12/site-packages/airflow/example_dags/example_task_group_decorator.py
[2024-04-17T21:15:34.497+0000] {processor.py:840} INFO - DAG(s) 'example_task_group_decorator' retrieved from /home/airflow/.local/lib/python3.12/site-packages/airflow/example_dags/example_task_group_decorator.py
[2024-04-17T21:15:34.567+0000] {logging_mixin.py:188} INFO - [2024-04-17T21:15:34.566+0000] {dag.py:3096} INFO - Sync 1 DAGs
[2024-04-17T21:15:34.623+0000] {logging_mixin.py:188} INFO - [2024-04-17T21:15:34.622+0000] {dag.py:3954} INFO - Setting next_dagrun for example_task_group_decorator to 2024-04-16 00:00:00+00:00, run_after=2024-04-17 00:00:00+00:00
[2024-04-17T21:15:34.682+0000] {processor.py:183} INFO - Processing /home/airflow/.local/lib/python3.12/site-packages/airflow/example_dags/example_task_group_decorator.py took 0.233 seconds
[2024-04-17T21:16:04.891+0000] {processor.py:161} INFO - Started process (PID=183) to work on /home/airflow/.local/lib/python3.12/site-packages/airflow/example_dags/example_task_group_decorator.py
[2024-04-17T21:16:04.893+0000] {processor.py:830} INFO - Processing file /home/airflow/.local/lib/python3.12/site-packages/airflow/example_dags/example_task_group_decorator.py for tasks to queue
[2024-04-17T21:16:04.896+0000] {logging_mixin.py:188} INFO - [2024-04-17T21:16:04.896+0000] {dagbag.py:540} INFO - Filling up the DagBag from /home/airflow/.local/lib/python3.12/site-packages/airflow/example_dags/example_task_group_decorator.py
[2024-04-17T21:16:04.926+0000] {processor.py:840} INFO - DAG(s) 'example_task_group_decorator' retrieved from /home/airflow/.local/lib/python3.12/site-packages/airflow/example_dags/example_task_group_decorator.py
[2024-04-17T21:16:04.977+0000] {logging_mixin.py:188} INFO - [2024-04-17T21:16:04.976+0000] {dag.py:3096} INFO - Sync 1 DAGs
[2024-04-17T21:16:05.013+0000] {logging_mixin.py:188} INFO - [2024-04-17T21:16:05.012+0000] {dag.py:3954} INFO - Setting next_dagrun for example_task_group_decorator to 2024-04-16 00:00:00+00:00, run_after=2024-04-17 00:00:00+00:00
[2024-04-17T21:16:05.046+0000] {processor.py:183} INFO - Processing /home/airflow/.local/lib/python3.12/site-packages/airflow/example_dags/example_task_group_decorator.py took 0.163 seconds
[2024-04-17T21:16:35.149+0000] {processor.py:161} INFO - Started process (PID=241) to work on /home/airflow/.local/lib/python3.12/site-packages/airflow/example_dags/example_task_group_decorator.py
[2024-04-17T21:16:35.151+0000] {processor.py:830} INFO - Processing file /home/airflow/.local/lib/python3.12/site-packages/airflow/example_dags/example_task_group_decorator.py for tasks to queue
[2024-04-17T21:16:35.154+0000] {logging_mixin.py:188} INFO - [2024-04-17T21:16:35.154+0000] {dagbag.py:540} INFO - Filling up the DagBag from /home/airflow/.local/lib/python3.12/site-packages/airflow/example_dags/example_task_group_decorator.py
[2024-04-17T21:16:35.190+0000] {processor.py:840} INFO - DAG(s) 'example_task_group_decorator' retrieved from /home/airflow/.local/lib/python3.12/site-packages/airflow/example_dags/example_task_group_decorator.py
[2024-04-17T21:16:35.244+0000] {logging_mixin.py:188} INFO - [2024-04-17T21:16:35.243+0000] {dag.py:3096} INFO - Sync 1 DAGs
[2024-04-17T21:16:35.300+0000] {logging_mixin.py:188} INFO - [2024-04-17T21:16:35.299+0000] {dag.py:3954} INFO - Setting next_dagrun for example_task_group_decorator to 2024-04-16 00:00:00+00:00, run_after=2024-04-17 00:00:00+00:00
[2024-04-17T21:16:35.410+0000] {processor.py:183} INFO - Processing /home/airflow/.local/lib/python3.12/site-packages/airflow/example_dags/example_task_group_decorator.py took 0.270 seconds
[2024-04-17T21:17:05.530+0000] {processor.py:161} INFO - Started process (PID=299) to work on /home/airflow/.local/lib/python3.12/site-packages/airflow/example_dags/example_task_group_decorator.py
[2024-04-17T21:17:05.531+0000] {processor.py:830} INFO - Processing file /home/airflow/.local/lib/python3.12/site-packages/airflow/example_dags/example_task_group_decorator.py for tasks to queue
[2024-04-17T21:17:05.535+0000] {logging_mixin.py:188} INFO - [2024-04-17T21:17:05.534+0000] {dagbag.py:540} INFO - Filling up the DagBag from /home/airflow/.local/lib/python3.12/site-packages/airflow/example_dags/example_task_group_decorator.py
[2024-04-17T21:17:05.564+0000] {processor.py:840} INFO - DAG(s) 'example_task_group_decorator' retrieved from /home/airflow/.local/lib/python3.12/site-packages/airflow/example_dags/example_task_group_decorator.py
[2024-04-17T21:17:05.614+0000] {logging_mixin.py:188} INFO - [2024-04-17T21:17:05.614+0000] {dag.py:3096} INFO - Sync 1 DAGs
[2024-04-17T21:17:05.658+0000] {logging_mixin.py:188} INFO - [2024-04-17T21:17:05.657+0000] {dag.py:3954} INFO - Setting next_dagrun for example_task_group_decorator to 2024-04-16 00:00:00+00:00, run_after=2024-04-17 00:00:00+00:00
[2024-04-17T21:17:05.713+0000] {processor.py:183} INFO - Processing /home/airflow/.local/lib/python3.12/site-packages/airflow/example_dags/example_task_group_decorator.py took 0.194 seconds
[2024-04-17T21:17:35.896+0000] {processor.py:161} INFO - Started process (PID=357) to work on /home/airflow/.local/lib/python3.12/site-packages/airflow/example_dags/example_task_group_decorator.py
[2024-04-17T21:17:35.898+0000] {processor.py:830} INFO - Processing file /home/airflow/.local/lib/python3.12/site-packages/airflow/example_dags/example_task_group_decorator.py for tasks to queue
[2024-04-17T21:17:35.901+0000] {logging_mixin.py:188} INFO - [2024-04-17T21:17:35.900+0000] {dagbag.py:540} INFO - Filling up the DagBag from /home/airflow/.local/lib/python3.12/site-packages/airflow/example_dags/example_task_group_decorator.py
[2024-04-17T21:17:35.925+0000] {processor.py:840} INFO - DAG(s) 'example_task_group_decorator' retrieved from /home/airflow/.local/lib/python3.12/site-packages/airflow/example_dags/example_task_group_decorator.py
[2024-04-17T21:17:35.965+0000] {logging_mixin.py:188} INFO - [2024-04-17T21:17:35.965+0000] {dag.py:3096} INFO - Sync 1 DAGs
[2024-04-17T21:17:36.022+0000] {logging_mixin.py:188} INFO - [2024-04-17T21:17:36.022+0000] {dag.py:3954} INFO - Setting next_dagrun for example_task_group_decorator to 2024-04-16 00:00:00+00:00, run_after=2024-04-17 00:00:00+00:00
[2024-04-17T21:17:36.087+0000] {processor.py:183} INFO - Processing /home/airflow/.local/lib/python3.12/site-packages/airflow/example_dags/example_task_group_decorator.py took 0.198 seconds
[2024-04-17T21:18:06.499+0000] {processor.py:161} INFO - Started process (PID=415) to work on /home/airflow/.local/lib/python3.12/site-packages/airflow/example_dags/example_task_group_decorator.py
[2024-04-17T21:18:06.501+0000] {processor.py:830} INFO - Processing file /home/airflow/.local/lib/python3.12/site-packages/airflow/example_dags/example_task_group_decorator.py for tasks to queue
[2024-04-17T21:18:06.506+0000] {logging_mixin.py:188} INFO - [2024-04-17T21:18:06.505+0000] {dagbag.py:540} INFO - Filling up the DagBag from /home/airflow/.local/lib/python3.12/site-packages/airflow/example_dags/example_task_group_decorator.py
[2024-04-17T21:18:06.555+0000] {processor.py:840} INFO - DAG(s) 'example_task_group_decorator' retrieved from /home/airflow/.local/lib/python3.12/site-packages/airflow/example_dags/example_task_group_decorator.py
[2024-04-17T21:18:06.626+0000] {logging_mixin.py:188} INFO - [2024-04-17T21:18:06.626+0000] {dag.py:3096} INFO - Sync 1 DAGs
[2024-04-17T21:18:06.674+0000] {logging_mixin.py:188} INFO - [2024-04-17T21:18:06.674+0000] {dag.py:3954} INFO - Setting next_dagrun for example_task_group_decorator to 2024-04-16 00:00:00+00:00, run_after=2024-04-17 00:00:00+00:00
[2024-04-17T21:18:06.717+0000] {processor.py:183} INFO - Processing /home/airflow/.local/lib/python3.12/site-packages/airflow/example_dags/example_task_group_decorator.py took 0.230 seconds
[2024-04-17T21:18:37.473+0000] {processor.py:161} INFO - Started process (PID=474) to work on /home/airflow/.local/lib/python3.12/site-packages/airflow/example_dags/example_task_group_decorator.py
[2024-04-17T21:18:37.475+0000] {processor.py:830} INFO - Processing file /home/airflow/.local/lib/python3.12/site-packages/airflow/example_dags/example_task_group_decorator.py for tasks to queue
[2024-04-17T21:18:37.478+0000] {logging_mixin.py:188} INFO - [2024-04-17T21:18:37.477+0000] {dagbag.py:540} INFO - Filling up the DagBag from /home/airflow/.local/lib/python3.12/site-packages/airflow/example_dags/example_task_group_decorator.py
[2024-04-17T21:18:37.508+0000] {processor.py:840} INFO - DAG(s) 'example_task_group_decorator' retrieved from /home/airflow/.local/lib/python3.12/site-packages/airflow/example_dags/example_task_group_decorator.py
[2024-04-17T21:18:37.570+0000] {logging_mixin.py:188} INFO - [2024-04-17T21:18:37.569+0000] {dag.py:3096} INFO - Sync 1 DAGs
[2024-04-17T21:18:37.615+0000] {logging_mixin.py:188} INFO - [2024-04-17T21:18:37.614+0000] {dag.py:3954} INFO - Setting next_dagrun for example_task_group_decorator to 2024-04-16 00:00:00+00:00, run_after=2024-04-17 00:00:00+00:00
[2024-04-17T21:18:37.677+0000] {processor.py:183} INFO - Processing /home/airflow/.local/lib/python3.12/site-packages/airflow/example_dags/example_task_group_decorator.py took 0.215 seconds
[2024-04-17T21:19:08.478+0000] {processor.py:161} INFO - Started process (PID=531) to work on /home/airflow/.local/lib/python3.12/site-packages/airflow/example_dags/example_task_group_decorator.py
[2024-04-17T21:19:08.479+0000] {processor.py:830} INFO - Processing file /home/airflow/.local/lib/python3.12/site-packages/airflow/example_dags/example_task_group_decorator.py for tasks to queue
[2024-04-17T21:19:08.483+0000] {logging_mixin.py:188} INFO - [2024-04-17T21:19:08.482+0000] {dagbag.py:540} INFO - Filling up the DagBag from /home/airflow/.local/lib/python3.12/site-packages/airflow/example_dags/example_task_group_decorator.py
[2024-04-17T21:19:08.515+0000] {processor.py:840} INFO - DAG(s) 'example_task_group_decorator' retrieved from /home/airflow/.local/lib/python3.12/site-packages/airflow/example_dags/example_task_group_decorator.py
[2024-04-17T21:19:08.566+0000] {logging_mixin.py:188} INFO - [2024-04-17T21:19:08.565+0000] {dag.py:3096} INFO - Sync 1 DAGs
[2024-04-17T21:19:08.610+0000] {logging_mixin.py:188} INFO - [2024-04-17T21:19:08.609+0000] {dag.py:3954} INFO - Setting next_dagrun for example_task_group_decorator to 2024-04-16 00:00:00+00:00, run_after=2024-04-17 00:00:00+00:00
[2024-04-17T21:19:08.655+0000] {processor.py:183} INFO - Processing /home/airflow/.local/lib/python3.12/site-packages/airflow/example_dags/example_task_group_decorator.py took 0.187 seconds
[2024-04-17T23:57:40.841+0000] {processor.py:161} INFO - Started process (PID=64) to work on /home/airflow/.local/lib/python3.12/site-packages/airflow/example_dags/example_task_group_decorator.py
[2024-04-17T23:57:40.843+0000] {processor.py:830} INFO - Processing file /home/airflow/.local/lib/python3.12/site-packages/airflow/example_dags/example_task_group_decorator.py for tasks to queue
[2024-04-17T23:57:40.848+0000] {logging_mixin.py:188} INFO - [2024-04-17T23:57:40.847+0000] {dagbag.py:540} INFO - Filling up the DagBag from /home/airflow/.local/lib/python3.12/site-packages/airflow/example_dags/example_task_group_decorator.py
[2024-04-17T23:57:40.897+0000] {processor.py:840} INFO - DAG(s) 'example_task_group_decorator' retrieved from /home/airflow/.local/lib/python3.12/site-packages/airflow/example_dags/example_task_group_decorator.py
[2024-04-17T23:57:40.971+0000] {logging_mixin.py:188} INFO - [2024-04-17T23:57:40.971+0000] {dag.py:3096} INFO - Sync 1 DAGs
[2024-04-17T23:57:41.028+0000] {logging_mixin.py:188} INFO - [2024-04-17T23:57:41.027+0000] {dag.py:3954} INFO - Setting next_dagrun for example_task_group_decorator to 2024-04-16 00:00:00+00:00, run_after=2024-04-17 00:00:00+00:00
[2024-04-17T23:57:41.073+0000] {processor.py:183} INFO - Processing /home/airflow/.local/lib/python3.12/site-packages/airflow/example_dags/example_task_group_decorator.py took 0.245 seconds
[2024-04-17T23:58:12.047+0000] {processor.py:161} INFO - Started process (PID=122) to work on /home/airflow/.local/lib/python3.12/site-packages/airflow/example_dags/example_task_group_decorator.py
[2024-04-17T23:58:12.048+0000] {processor.py:830} INFO - Processing file /home/airflow/.local/lib/python3.12/site-packages/airflow/example_dags/example_task_group_decorator.py for tasks to queue
[2024-04-17T23:58:12.052+0000] {logging_mixin.py:188} INFO - [2024-04-17T23:58:12.051+0000] {dagbag.py:540} INFO - Filling up the DagBag from /home/airflow/.local/lib/python3.12/site-packages/airflow/example_dags/example_task_group_decorator.py
[2024-04-17T23:58:12.104+0000] {processor.py:840} INFO - DAG(s) 'example_task_group_decorator' retrieved from /home/airflow/.local/lib/python3.12/site-packages/airflow/example_dags/example_task_group_decorator.py
[2024-04-17T23:58:12.167+0000] {logging_mixin.py:188} INFO - [2024-04-17T23:58:12.167+0000] {dag.py:3096} INFO - Sync 1 DAGs
[2024-04-17T23:58:12.219+0000] {logging_mixin.py:188} INFO - [2024-04-17T23:58:12.218+0000] {dag.py:3954} INFO - Setting next_dagrun for example_task_group_decorator to 2024-04-16 00:00:00+00:00, run_after=2024-04-17 00:00:00+00:00
[2024-04-17T23:58:12.259+0000] {processor.py:183} INFO - Processing /home/airflow/.local/lib/python3.12/site-packages/airflow/example_dags/example_task_group_decorator.py took 0.221 seconds
[2024-04-17T23:58:43.080+0000] {processor.py:161} INFO - Started process (PID=180) to work on /home/airflow/.local/lib/python3.12/site-packages/airflow/example_dags/example_task_group_decorator.py
[2024-04-17T23:58:43.081+0000] {processor.py:830} INFO - Processing file /home/airflow/.local/lib/python3.12/site-packages/airflow/example_dags/example_task_group_decorator.py for tasks to queue
[2024-04-17T23:58:43.084+0000] {logging_mixin.py:188} INFO - [2024-04-17T23:58:43.083+0000] {dagbag.py:540} INFO - Filling up the DagBag from /home/airflow/.local/lib/python3.12/site-packages/airflow/example_dags/example_task_group_decorator.py
[2024-04-17T23:58:43.110+0000] {processor.py:840} INFO - DAG(s) 'example_task_group_decorator' retrieved from /home/airflow/.local/lib/python3.12/site-packages/airflow/example_dags/example_task_group_decorator.py
[2024-04-17T23:58:43.148+0000] {logging_mixin.py:188} INFO - [2024-04-17T23:58:43.148+0000] {dag.py:3096} INFO - Sync 1 DAGs
[2024-04-17T23:58:43.193+0000] {logging_mixin.py:188} INFO - [2024-04-17T23:58:43.193+0000] {dag.py:3954} INFO - Setting next_dagrun for example_task_group_decorator to 2024-04-16 00:00:00+00:00, run_after=2024-04-17 00:00:00+00:00
[2024-04-17T23:58:43.233+0000] {processor.py:183} INFO - Processing /home/airflow/.local/lib/python3.12/site-packages/airflow/example_dags/example_task_group_decorator.py took 0.160 seconds
[2024-04-17T23:59:14.202+0000] {processor.py:161} INFO - Started process (PID=238) to work on /home/airflow/.local/lib/python3.12/site-packages/airflow/example_dags/example_task_group_decorator.py
[2024-04-17T23:59:14.203+0000] {processor.py:830} INFO - Processing file /home/airflow/.local/lib/python3.12/site-packages/airflow/example_dags/example_task_group_decorator.py for tasks to queue
[2024-04-17T23:59:14.207+0000] {logging_mixin.py:188} INFO - [2024-04-17T23:59:14.207+0000] {dagbag.py:540} INFO - Filling up the DagBag from /home/airflow/.local/lib/python3.12/site-packages/airflow/example_dags/example_task_group_decorator.py
[2024-04-17T23:59:14.241+0000] {processor.py:840} INFO - DAG(s) 'example_task_group_decorator' retrieved from /home/airflow/.local/lib/python3.12/site-packages/airflow/example_dags/example_task_group_decorator.py
[2024-04-17T23:59:14.293+0000] {logging_mixin.py:188} INFO - [2024-04-17T23:59:14.292+0000] {dag.py:3096} INFO - Sync 1 DAGs
[2024-04-17T23:59:14.333+0000] {logging_mixin.py:188} INFO - [2024-04-17T23:59:14.333+0000] {dag.py:3954} INFO - Setting next_dagrun for example_task_group_decorator to 2024-04-16 00:00:00+00:00, run_after=2024-04-17 00:00:00+00:00
[2024-04-17T23:59:14.370+0000] {processor.py:183} INFO - Processing /home/airflow/.local/lib/python3.12/site-packages/airflow/example_dags/example_task_group_decorator.py took 0.178 seconds
[2024-04-17T23:59:45.267+0000] {processor.py:161} INFO - Started process (PID=297) to work on /home/airflow/.local/lib/python3.12/site-packages/airflow/example_dags/example_task_group_decorator.py
[2024-04-17T23:59:45.269+0000] {processor.py:830} INFO - Processing file /home/airflow/.local/lib/python3.12/site-packages/airflow/example_dags/example_task_group_decorator.py for tasks to queue
[2024-04-17T23:59:45.271+0000] {logging_mixin.py:188} INFO - [2024-04-17T23:59:45.271+0000] {dagbag.py:540} INFO - Filling up the DagBag from /home/airflow/.local/lib/python3.12/site-packages/airflow/example_dags/example_task_group_decorator.py
[2024-04-17T23:59:45.294+0000] {processor.py:840} INFO - DAG(s) 'example_task_group_decorator' retrieved from /home/airflow/.local/lib/python3.12/site-packages/airflow/example_dags/example_task_group_decorator.py
[2024-04-17T23:59:45.347+0000] {logging_mixin.py:188} INFO - [2024-04-17T23:59:45.347+0000] {dag.py:3096} INFO - Sync 1 DAGs
[2024-04-17T23:59:45.398+0000] {logging_mixin.py:188} INFO - [2024-04-17T23:59:45.397+0000] {dag.py:3954} INFO - Setting next_dagrun for example_task_group_decorator to 2024-04-16 00:00:00+00:00, run_after=2024-04-17 00:00:00+00:00
[2024-04-17T23:59:45.435+0000] {processor.py:183} INFO - Processing /home/airflow/.local/lib/python3.12/site-packages/airflow/example_dags/example_task_group_decorator.py took 0.176 seconds
