[2024-04-17T21:04:42.466+0000] {processor.py:161} INFO - Started process (PID=76) to work on /home/airflow/.local/lib/python3.12/site-packages/airflow/example_dags/example_branch_operator.py
[2024-04-17T21:04:42.471+0000] {processor.py:830} INFO - Processing file /home/airflow/.local/lib/python3.12/site-packages/airflow/example_dags/example_branch_operator.py for tasks to queue
[2024-04-17T21:04:42.485+0000] {logging_mixin.py:188} INFO - [2024-04-17T21:04:42.483+0000] {dagbag.py:540} INFO - Filling up the DagBag from /home/airflow/.local/lib/python3.12/site-packages/airflow/example_dags/example_branch_operator.py
[2024-04-17T21:04:42.976+0000] {processor.py:840} INFO - DAG(s) 'example_branch_operator' retrieved from /home/airflow/.local/lib/python3.12/site-packages/airflow/example_dags/example_branch_operator.py
[2024-04-17T21:04:44.415+0000] {logging_mixin.py:188} INFO - [2024-04-17T21:04:44.415+0000] {dag.py:3096} INFO - Sync 1 DAGs
[2024-04-17T21:04:44.546+0000] {logging_mixin.py:188} INFO - [2024-04-17T21:04:44.546+0000] {dag.py:3954} INFO - Setting next_dagrun for example_branch_operator to 2024-04-16 00:00:00+00:00, run_after=2024-04-17 00:00:00+00:00
[2024-04-17T21:04:44.714+0000] {processor.py:183} INFO - Processing /home/airflow/.local/lib/python3.12/site-packages/airflow/example_dags/example_branch_operator.py took 2.288 seconds
[2024-04-17T21:05:17.145+0000] {processor.py:161} INFO - Started process (PID=134) to work on /home/airflow/.local/lib/python3.12/site-packages/airflow/example_dags/example_branch_operator.py
[2024-04-17T21:05:17.153+0000] {processor.py:830} INFO - Processing file /home/airflow/.local/lib/python3.12/site-packages/airflow/example_dags/example_branch_operator.py for tasks to queue
[2024-04-17T21:05:17.167+0000] {logging_mixin.py:188} INFO - [2024-04-17T21:05:17.166+0000] {dagbag.py:540} INFO - Filling up the DagBag from /home/airflow/.local/lib/python3.12/site-packages/airflow/example_dags/example_branch_operator.py
[2024-04-17T21:05:17.791+0000] {processor.py:840} INFO - DAG(s) 'example_branch_operator' retrieved from /home/airflow/.local/lib/python3.12/site-packages/airflow/example_dags/example_branch_operator.py
[2024-04-17T21:05:18.760+0000] {logging_mixin.py:188} INFO - [2024-04-17T21:05:18.759+0000] {dag.py:3096} INFO - Sync 1 DAGs
[2024-04-17T21:05:20.230+0000] {logging_mixin.py:188} INFO - [2024-04-17T21:05:20.229+0000] {dag.py:3954} INFO - Setting next_dagrun for example_branch_operator to 2024-04-16 00:00:00+00:00, run_after=2024-04-17 00:00:00+00:00
[2024-04-17T21:05:20.389+0000] {processor.py:183} INFO - Processing /home/airflow/.local/lib/python3.12/site-packages/airflow/example_dags/example_branch_operator.py took 3.314 seconds
[2024-04-17T21:05:50.888+0000] {processor.py:161} INFO - Started process (PID=192) to work on /home/airflow/.local/lib/python3.12/site-packages/airflow/example_dags/example_branch_operator.py
[2024-04-17T21:05:50.893+0000] {processor.py:830} INFO - Processing file /home/airflow/.local/lib/python3.12/site-packages/airflow/example_dags/example_branch_operator.py for tasks to queue
[2024-04-17T21:05:50.906+0000] {logging_mixin.py:188} INFO - [2024-04-17T21:05:50.898+0000] {dagbag.py:540} INFO - Filling up the DagBag from /home/airflow/.local/lib/python3.12/site-packages/airflow/example_dags/example_branch_operator.py
[2024-04-17T21:05:51.058+0000] {processor.py:840} INFO - DAG(s) 'example_branch_operator' retrieved from /home/airflow/.local/lib/python3.12/site-packages/airflow/example_dags/example_branch_operator.py
[2024-04-17T21:05:51.258+0000] {logging_mixin.py:188} INFO - [2024-04-17T21:05:51.257+0000] {dag.py:3096} INFO - Sync 1 DAGs
[2024-04-17T21:05:51.391+0000] {logging_mixin.py:188} INFO - [2024-04-17T21:05:51.390+0000] {dag.py:3954} INFO - Setting next_dagrun for example_branch_operator to 2024-04-16 00:00:00+00:00, run_after=2024-04-17 00:00:00+00:00
[2024-04-17T21:05:51.549+0000] {processor.py:183} INFO - Processing /home/airflow/.local/lib/python3.12/site-packages/airflow/example_dags/example_branch_operator.py took 0.693 seconds
[2024-04-17T21:06:22.111+0000] {processor.py:161} INFO - Started process (PID=250) to work on /home/airflow/.local/lib/python3.12/site-packages/airflow/example_dags/example_branch_operator.py
[2024-04-17T21:06:22.171+0000] {processor.py:830} INFO - Processing file /home/airflow/.local/lib/python3.12/site-packages/airflow/example_dags/example_branch_operator.py for tasks to queue
[2024-04-17T21:06:22.175+0000] {logging_mixin.py:188} INFO - [2024-04-17T21:06:22.174+0000] {dagbag.py:540} INFO - Filling up the DagBag from /home/airflow/.local/lib/python3.12/site-packages/airflow/example_dags/example_branch_operator.py
[2024-04-17T21:06:22.224+0000] {processor.py:840} INFO - DAG(s) 'example_branch_operator' retrieved from /home/airflow/.local/lib/python3.12/site-packages/airflow/example_dags/example_branch_operator.py
[2024-04-17T21:06:22.307+0000] {logging_mixin.py:188} INFO - [2024-04-17T21:06:22.306+0000] {dag.py:3096} INFO - Sync 1 DAGs
[2024-04-17T21:06:22.382+0000] {logging_mixin.py:188} INFO - [2024-04-17T21:06:22.382+0000] {dag.py:3954} INFO - Setting next_dagrun for example_branch_operator to 2024-04-16 00:00:00+00:00, run_after=2024-04-17 00:00:00+00:00
[2024-04-17T21:06:23.078+0000] {processor.py:183} INFO - Processing /home/airflow/.local/lib/python3.12/site-packages/airflow/example_dags/example_branch_operator.py took 0.999 seconds
[2024-04-17T21:06:53.348+0000] {processor.py:161} INFO - Started process (PID=308) to work on /home/airflow/.local/lib/python3.12/site-packages/airflow/example_dags/example_branch_operator.py
[2024-04-17T21:06:53.351+0000] {processor.py:830} INFO - Processing file /home/airflow/.local/lib/python3.12/site-packages/airflow/example_dags/example_branch_operator.py for tasks to queue
[2024-04-17T21:06:53.356+0000] {logging_mixin.py:188} INFO - [2024-04-17T21:06:53.354+0000] {dagbag.py:540} INFO - Filling up the DagBag from /home/airflow/.local/lib/python3.12/site-packages/airflow/example_dags/example_branch_operator.py
[2024-04-17T21:06:53.413+0000] {processor.py:840} INFO - DAG(s) 'example_branch_operator' retrieved from /home/airflow/.local/lib/python3.12/site-packages/airflow/example_dags/example_branch_operator.py
[2024-04-17T21:06:53.510+0000] {logging_mixin.py:188} INFO - [2024-04-17T21:06:53.509+0000] {dag.py:3096} INFO - Sync 1 DAGs
[2024-04-17T21:06:53.565+0000] {logging_mixin.py:188} INFO - [2024-04-17T21:06:53.564+0000] {dag.py:3954} INFO - Setting next_dagrun for example_branch_operator to 2024-04-16 00:00:00+00:00, run_after=2024-04-17 00:00:00+00:00
[2024-04-17T21:06:53.615+0000] {processor.py:183} INFO - Processing /home/airflow/.local/lib/python3.12/site-packages/airflow/example_dags/example_branch_operator.py took 0.285 seconds
[2024-04-17T21:07:27.754+0000] {processor.py:161} INFO - Started process (PID=366) to work on /home/airflow/.local/lib/python3.12/site-packages/airflow/example_dags/example_branch_operator.py
[2024-04-17T21:07:27.795+0000] {processor.py:830} INFO - Processing file /home/airflow/.local/lib/python3.12/site-packages/airflow/example_dags/example_branch_operator.py for tasks to queue
[2024-04-17T21:07:27.800+0000] {logging_mixin.py:188} INFO - [2024-04-17T21:07:27.799+0000] {dagbag.py:540} INFO - Filling up the DagBag from /home/airflow/.local/lib/python3.12/site-packages/airflow/example_dags/example_branch_operator.py
[2024-04-17T21:07:27.861+0000] {processor.py:840} INFO - DAG(s) 'example_branch_operator' retrieved from /home/airflow/.local/lib/python3.12/site-packages/airflow/example_dags/example_branch_operator.py
[2024-04-17T21:07:28.034+0000] {logging_mixin.py:188} INFO - [2024-04-17T21:07:28.033+0000] {dag.py:3096} INFO - Sync 1 DAGs
[2024-04-17T21:07:28.182+0000] {logging_mixin.py:188} INFO - [2024-04-17T21:07:28.181+0000] {dag.py:3954} INFO - Setting next_dagrun for example_branch_operator to 2024-04-16 00:00:00+00:00, run_after=2024-04-17 00:00:00+00:00
[2024-04-17T21:07:28.346+0000] {processor.py:183} INFO - Processing /home/airflow/.local/lib/python3.12/site-packages/airflow/example_dags/example_branch_operator.py took 0.619 seconds
[2024-04-17T21:07:58.826+0000] {processor.py:161} INFO - Started process (PID=422) to work on /home/airflow/.local/lib/python3.12/site-packages/airflow/example_dags/example_branch_operator.py
[2024-04-17T21:07:58.829+0000] {processor.py:830} INFO - Processing file /home/airflow/.local/lib/python3.12/site-packages/airflow/example_dags/example_branch_operator.py for tasks to queue
[2024-04-17T21:07:58.834+0000] {logging_mixin.py:188} INFO - [2024-04-17T21:07:58.833+0000] {dagbag.py:540} INFO - Filling up the DagBag from /home/airflow/.local/lib/python3.12/site-packages/airflow/example_dags/example_branch_operator.py
[2024-04-17T21:07:58.914+0000] {processor.py:840} INFO - DAG(s) 'example_branch_operator' retrieved from /home/airflow/.local/lib/python3.12/site-packages/airflow/example_dags/example_branch_operator.py
[2024-04-17T21:07:59.080+0000] {logging_mixin.py:188} INFO - [2024-04-17T21:07:59.079+0000] {dag.py:3096} INFO - Sync 1 DAGs
[2024-04-17T21:07:59.212+0000] {logging_mixin.py:188} INFO - [2024-04-17T21:07:59.211+0000] {dag.py:3954} INFO - Setting next_dagrun for example_branch_operator to 2024-04-16 00:00:00+00:00, run_after=2024-04-17 00:00:00+00:00
[2024-04-17T21:07:59.344+0000] {processor.py:183} INFO - Processing /home/airflow/.local/lib/python3.12/site-packages/airflow/example_dags/example_branch_operator.py took 0.540 seconds
[2024-04-17T21:08:29.902+0000] {processor.py:161} INFO - Started process (PID=480) to work on /home/airflow/.local/lib/python3.12/site-packages/airflow/example_dags/example_branch_operator.py
[2024-04-17T21:08:29.905+0000] {processor.py:830} INFO - Processing file /home/airflow/.local/lib/python3.12/site-packages/airflow/example_dags/example_branch_operator.py for tasks to queue
[2024-04-17T21:08:29.912+0000] {logging_mixin.py:188} INFO - [2024-04-17T21:08:29.911+0000] {dagbag.py:540} INFO - Filling up the DagBag from /home/airflow/.local/lib/python3.12/site-packages/airflow/example_dags/example_branch_operator.py
[2024-04-17T21:08:30.028+0000] {processor.py:840} INFO - DAG(s) 'example_branch_operator' retrieved from /home/airflow/.local/lib/python3.12/site-packages/airflow/example_dags/example_branch_operator.py
[2024-04-17T21:08:30.216+0000] {logging_mixin.py:188} INFO - [2024-04-17T21:08:30.216+0000] {dag.py:3096} INFO - Sync 1 DAGs
[2024-04-17T21:08:30.353+0000] {logging_mixin.py:188} INFO - [2024-04-17T21:08:30.352+0000] {dag.py:3954} INFO - Setting next_dagrun for example_branch_operator to 2024-04-16 00:00:00+00:00, run_after=2024-04-17 00:00:00+00:00
[2024-04-17T21:08:30.458+0000] {processor.py:183} INFO - Processing /home/airflow/.local/lib/python3.12/site-packages/airflow/example_dags/example_branch_operator.py took 0.569 seconds
[2024-04-17T21:09:01.168+0000] {processor.py:161} INFO - Started process (PID=538) to work on /home/airflow/.local/lib/python3.12/site-packages/airflow/example_dags/example_branch_operator.py
[2024-04-17T21:09:01.218+0000] {processor.py:830} INFO - Processing file /home/airflow/.local/lib/python3.12/site-packages/airflow/example_dags/example_branch_operator.py for tasks to queue
[2024-04-17T21:09:01.223+0000] {logging_mixin.py:188} INFO - [2024-04-17T21:09:01.222+0000] {dagbag.py:540} INFO - Filling up the DagBag from /home/airflow/.local/lib/python3.12/site-packages/airflow/example_dags/example_branch_operator.py
[2024-04-17T21:09:01.276+0000] {processor.py:840} INFO - DAG(s) 'example_branch_operator' retrieved from /home/airflow/.local/lib/python3.12/site-packages/airflow/example_dags/example_branch_operator.py
[2024-04-17T21:09:01.363+0000] {logging_mixin.py:188} INFO - [2024-04-17T21:09:01.363+0000] {dag.py:3096} INFO - Sync 1 DAGs
[2024-04-17T21:09:01.418+0000] {logging_mixin.py:188} INFO - [2024-04-17T21:09:01.417+0000] {dag.py:3954} INFO - Setting next_dagrun for example_branch_operator to 2024-04-16 00:00:00+00:00, run_after=2024-04-17 00:00:00+00:00
[2024-04-17T21:09:01.709+0000] {processor.py:183} INFO - Processing /home/airflow/.local/lib/python3.12/site-packages/airflow/example_dags/example_branch_operator.py took 0.561 seconds
[2024-04-17T21:09:32.250+0000] {processor.py:161} INFO - Started process (PID=596) to work on /home/airflow/.local/lib/python3.12/site-packages/airflow/example_dags/example_branch_operator.py
[2024-04-17T21:09:32.253+0000] {processor.py:830} INFO - Processing file /home/airflow/.local/lib/python3.12/site-packages/airflow/example_dags/example_branch_operator.py for tasks to queue
[2024-04-17T21:09:32.265+0000] {logging_mixin.py:188} INFO - [2024-04-17T21:09:32.264+0000] {dagbag.py:540} INFO - Filling up the DagBag from /home/airflow/.local/lib/python3.12/site-packages/airflow/example_dags/example_branch_operator.py
[2024-04-17T21:09:32.365+0000] {processor.py:840} INFO - DAG(s) 'example_branch_operator' retrieved from /home/airflow/.local/lib/python3.12/site-packages/airflow/example_dags/example_branch_operator.py
[2024-04-17T21:09:32.458+0000] {logging_mixin.py:188} INFO - [2024-04-17T21:09:32.457+0000] {dag.py:3096} INFO - Sync 1 DAGs
[2024-04-17T21:09:32.512+0000] {logging_mixin.py:188} INFO - [2024-04-17T21:09:32.511+0000] {dag.py:3954} INFO - Setting next_dagrun for example_branch_operator to 2024-04-16 00:00:00+00:00, run_after=2024-04-17 00:00:00+00:00
[2024-04-17T21:09:32.702+0000] {processor.py:183} INFO - Processing /home/airflow/.local/lib/python3.12/site-packages/airflow/example_dags/example_branch_operator.py took 0.476 seconds
[2024-04-17T21:10:03.097+0000] {processor.py:161} INFO - Started process (PID=654) to work on /home/airflow/.local/lib/python3.12/site-packages/airflow/example_dags/example_branch_operator.py
[2024-04-17T21:10:03.099+0000] {processor.py:830} INFO - Processing file /home/airflow/.local/lib/python3.12/site-packages/airflow/example_dags/example_branch_operator.py for tasks to queue
[2024-04-17T21:10:03.102+0000] {logging_mixin.py:188} INFO - [2024-04-17T21:10:03.101+0000] {dagbag.py:540} INFO - Filling up the DagBag from /home/airflow/.local/lib/python3.12/site-packages/airflow/example_dags/example_branch_operator.py
[2024-04-17T21:10:03.140+0000] {processor.py:840} INFO - DAG(s) 'example_branch_operator' retrieved from /home/airflow/.local/lib/python3.12/site-packages/airflow/example_dags/example_branch_operator.py
[2024-04-17T21:10:03.200+0000] {logging_mixin.py:188} INFO - [2024-04-17T21:10:03.199+0000] {dag.py:3096} INFO - Sync 1 DAGs
[2024-04-17T21:10:03.250+0000] {logging_mixin.py:188} INFO - [2024-04-17T21:10:03.249+0000] {dag.py:3954} INFO - Setting next_dagrun for example_branch_operator to 2024-04-16 00:00:00+00:00, run_after=2024-04-17 00:00:00+00:00
[2024-04-17T21:10:03.299+0000] {processor.py:183} INFO - Processing /home/airflow/.local/lib/python3.12/site-packages/airflow/example_dags/example_branch_operator.py took 0.211 seconds
[2024-04-17T21:10:33.676+0000] {processor.py:161} INFO - Started process (PID=712) to work on /home/airflow/.local/lib/python3.12/site-packages/airflow/example_dags/example_branch_operator.py
[2024-04-17T21:10:33.678+0000] {processor.py:830} INFO - Processing file /home/airflow/.local/lib/python3.12/site-packages/airflow/example_dags/example_branch_operator.py for tasks to queue
[2024-04-17T21:10:33.682+0000] {logging_mixin.py:188} INFO - [2024-04-17T21:10:33.681+0000] {dagbag.py:540} INFO - Filling up the DagBag from /home/airflow/.local/lib/python3.12/site-packages/airflow/example_dags/example_branch_operator.py
[2024-04-17T21:10:33.711+0000] {processor.py:840} INFO - DAG(s) 'example_branch_operator' retrieved from /home/airflow/.local/lib/python3.12/site-packages/airflow/example_dags/example_branch_operator.py
[2024-04-17T21:10:33.761+0000] {logging_mixin.py:188} INFO - [2024-04-17T21:10:33.761+0000] {dag.py:3096} INFO - Sync 1 DAGs
[2024-04-17T21:10:33.804+0000] {logging_mixin.py:188} INFO - [2024-04-17T21:10:33.803+0000] {dag.py:3954} INFO - Setting next_dagrun for example_branch_operator to 2024-04-16 00:00:00+00:00, run_after=2024-04-17 00:00:00+00:00
[2024-04-17T21:10:33.845+0000] {processor.py:183} INFO - Processing /home/airflow/.local/lib/python3.12/site-packages/airflow/example_dags/example_branch_operator.py took 0.178 seconds
[2024-04-17T21:11:04.234+0000] {processor.py:161} INFO - Started process (PID=771) to work on /home/airflow/.local/lib/python3.12/site-packages/airflow/example_dags/example_branch_operator.py
[2024-04-17T21:11:04.236+0000] {processor.py:830} INFO - Processing file /home/airflow/.local/lib/python3.12/site-packages/airflow/example_dags/example_branch_operator.py for tasks to queue
[2024-04-17T21:11:04.242+0000] {logging_mixin.py:188} INFO - [2024-04-17T21:11:04.241+0000] {dagbag.py:540} INFO - Filling up the DagBag from /home/airflow/.local/lib/python3.12/site-packages/airflow/example_dags/example_branch_operator.py
[2024-04-17T21:11:04.290+0000] {processor.py:840} INFO - DAG(s) 'example_branch_operator' retrieved from /home/airflow/.local/lib/python3.12/site-packages/airflow/example_dags/example_branch_operator.py
[2024-04-17T21:11:04.403+0000] {logging_mixin.py:188} INFO - [2024-04-17T21:11:04.402+0000] {dag.py:3096} INFO - Sync 1 DAGs
[2024-04-17T21:11:04.483+0000] {logging_mixin.py:188} INFO - [2024-04-17T21:11:04.482+0000] {dag.py:3954} INFO - Setting next_dagrun for example_branch_operator to 2024-04-16 00:00:00+00:00, run_after=2024-04-17 00:00:00+00:00
[2024-04-17T21:11:04.558+0000] {processor.py:183} INFO - Processing /home/airflow/.local/lib/python3.12/site-packages/airflow/example_dags/example_branch_operator.py took 0.337 seconds
[2024-04-17T21:11:34.760+0000] {processor.py:161} INFO - Started process (PID=830) to work on /home/airflow/.local/lib/python3.12/site-packages/airflow/example_dags/example_branch_operator.py
[2024-04-17T21:11:34.761+0000] {processor.py:830} INFO - Processing file /home/airflow/.local/lib/python3.12/site-packages/airflow/example_dags/example_branch_operator.py for tasks to queue
[2024-04-17T21:11:34.764+0000] {logging_mixin.py:188} INFO - [2024-04-17T21:11:34.764+0000] {dagbag.py:540} INFO - Filling up the DagBag from /home/airflow/.local/lib/python3.12/site-packages/airflow/example_dags/example_branch_operator.py
[2024-04-17T21:11:34.794+0000] {processor.py:840} INFO - DAG(s) 'example_branch_operator' retrieved from /home/airflow/.local/lib/python3.12/site-packages/airflow/example_dags/example_branch_operator.py
[2024-04-17T21:11:34.842+0000] {logging_mixin.py:188} INFO - [2024-04-17T21:11:34.842+0000] {dag.py:3096} INFO - Sync 1 DAGs
[2024-04-17T21:11:34.886+0000] {logging_mixin.py:188} INFO - [2024-04-17T21:11:34.886+0000] {dag.py:3954} INFO - Setting next_dagrun for example_branch_operator to 2024-04-16 00:00:00+00:00, run_after=2024-04-17 00:00:00+00:00
[2024-04-17T21:11:34.947+0000] {processor.py:183} INFO - Processing /home/airflow/.local/lib/python3.12/site-packages/airflow/example_dags/example_branch_operator.py took 0.194 seconds
[2024-04-17T21:12:05.084+0000] {processor.py:161} INFO - Started process (PID=888) to work on /home/airflow/.local/lib/python3.12/site-packages/airflow/example_dags/example_branch_operator.py
[2024-04-17T21:12:05.086+0000] {processor.py:830} INFO - Processing file /home/airflow/.local/lib/python3.12/site-packages/airflow/example_dags/example_branch_operator.py for tasks to queue
[2024-04-17T21:12:05.088+0000] {logging_mixin.py:188} INFO - [2024-04-17T21:12:05.088+0000] {dagbag.py:540} INFO - Filling up the DagBag from /home/airflow/.local/lib/python3.12/site-packages/airflow/example_dags/example_branch_operator.py
[2024-04-17T21:12:05.112+0000] {processor.py:840} INFO - DAG(s) 'example_branch_operator' retrieved from /home/airflow/.local/lib/python3.12/site-packages/airflow/example_dags/example_branch_operator.py
[2024-04-17T21:12:05.163+0000] {logging_mixin.py:188} INFO - [2024-04-17T21:12:05.163+0000] {dag.py:3096} INFO - Sync 1 DAGs
[2024-04-17T21:12:05.219+0000] {logging_mixin.py:188} INFO - [2024-04-17T21:12:05.218+0000] {dag.py:3954} INFO - Setting next_dagrun for example_branch_operator to 2024-04-16 00:00:00+00:00, run_after=2024-04-17 00:00:00+00:00
[2024-04-17T21:12:05.257+0000] {processor.py:183} INFO - Processing /home/airflow/.local/lib/python3.12/site-packages/airflow/example_dags/example_branch_operator.py took 0.181 seconds
[2024-04-17T21:12:35.744+0000] {processor.py:161} INFO - Started process (PID=945) to work on /home/airflow/.local/lib/python3.12/site-packages/airflow/example_dags/example_branch_operator.py
[2024-04-17T21:12:35.745+0000] {processor.py:830} INFO - Processing file /home/airflow/.local/lib/python3.12/site-packages/airflow/example_dags/example_branch_operator.py for tasks to queue
[2024-04-17T21:12:35.748+0000] {logging_mixin.py:188} INFO - [2024-04-17T21:12:35.748+0000] {dagbag.py:540} INFO - Filling up the DagBag from /home/airflow/.local/lib/python3.12/site-packages/airflow/example_dags/example_branch_operator.py
[2024-04-17T21:12:35.779+0000] {processor.py:840} INFO - DAG(s) 'example_branch_operator' retrieved from /home/airflow/.local/lib/python3.12/site-packages/airflow/example_dags/example_branch_operator.py
[2024-04-17T21:12:35.834+0000] {logging_mixin.py:188} INFO - [2024-04-17T21:12:35.833+0000] {dag.py:3096} INFO - Sync 1 DAGs
[2024-04-17T21:12:35.889+0000] {logging_mixin.py:188} INFO - [2024-04-17T21:12:35.888+0000] {dag.py:3954} INFO - Setting next_dagrun for example_branch_operator to 2024-04-16 00:00:00+00:00, run_after=2024-04-17 00:00:00+00:00
[2024-04-17T21:12:35.936+0000] {processor.py:183} INFO - Processing /home/airflow/.local/lib/python3.12/site-packages/airflow/example_dags/example_branch_operator.py took 0.201 seconds
[2024-04-17T21:13:06.387+0000] {processor.py:161} INFO - Started process (PID=1003) to work on /home/airflow/.local/lib/python3.12/site-packages/airflow/example_dags/example_branch_operator.py
[2024-04-17T21:13:06.388+0000] {processor.py:830} INFO - Processing file /home/airflow/.local/lib/python3.12/site-packages/airflow/example_dags/example_branch_operator.py for tasks to queue
[2024-04-17T21:13:06.391+0000] {logging_mixin.py:188} INFO - [2024-04-17T21:13:06.390+0000] {dagbag.py:540} INFO - Filling up the DagBag from /home/airflow/.local/lib/python3.12/site-packages/airflow/example_dags/example_branch_operator.py
[2024-04-17T21:13:06.428+0000] {processor.py:840} INFO - DAG(s) 'example_branch_operator' retrieved from /home/airflow/.local/lib/python3.12/site-packages/airflow/example_dags/example_branch_operator.py
[2024-04-17T21:13:06.494+0000] {logging_mixin.py:188} INFO - [2024-04-17T21:13:06.493+0000] {dag.py:3096} INFO - Sync 1 DAGs
[2024-04-17T21:13:06.556+0000] {logging_mixin.py:188} INFO - [2024-04-17T21:13:06.555+0000] {dag.py:3954} INFO - Setting next_dagrun for example_branch_operator to 2024-04-16 00:00:00+00:00, run_after=2024-04-17 00:00:00+00:00
[2024-04-17T21:13:06.789+0000] {processor.py:183} INFO - Processing /home/airflow/.local/lib/python3.12/site-packages/airflow/example_dags/example_branch_operator.py took 0.413 seconds
[2024-04-17T21:14:59.985+0000] {processor.py:161} INFO - Started process (PID=59) to work on /home/airflow/.local/lib/python3.12/site-packages/airflow/example_dags/example_branch_operator.py
[2024-04-17T21:14:59.987+0000] {processor.py:830} INFO - Processing file /home/airflow/.local/lib/python3.12/site-packages/airflow/example_dags/example_branch_operator.py for tasks to queue
[2024-04-17T21:14:59.993+0000] {logging_mixin.py:188} INFO - [2024-04-17T21:14:59.991+0000] {dagbag.py:540} INFO - Filling up the DagBag from /home/airflow/.local/lib/python3.12/site-packages/airflow/example_dags/example_branch_operator.py
[2024-04-17T21:15:00.073+0000] {processor.py:840} INFO - DAG(s) 'example_branch_operator' retrieved from /home/airflow/.local/lib/python3.12/site-packages/airflow/example_dags/example_branch_operator.py
[2024-04-17T21:15:00.454+0000] {logging_mixin.py:188} INFO - [2024-04-17T21:15:00.453+0000] {dag.py:3096} INFO - Sync 1 DAGs
[2024-04-17T21:15:00.527+0000] {logging_mixin.py:188} INFO - [2024-04-17T21:15:00.526+0000] {dag.py:3954} INFO - Setting next_dagrun for example_branch_operator to 2024-04-16 00:00:00+00:00, run_after=2024-04-17 00:00:00+00:00
[2024-04-17T21:15:00.657+0000] {processor.py:183} INFO - Processing /home/airflow/.local/lib/python3.12/site-packages/airflow/example_dags/example_branch_operator.py took 0.693 seconds
[2024-04-17T21:15:31.556+0000] {processor.py:161} INFO - Started process (PID=117) to work on /home/airflow/.local/lib/python3.12/site-packages/airflow/example_dags/example_branch_operator.py
[2024-04-17T21:15:31.558+0000] {processor.py:830} INFO - Processing file /home/airflow/.local/lib/python3.12/site-packages/airflow/example_dags/example_branch_operator.py for tasks to queue
[2024-04-17T21:15:31.561+0000] {logging_mixin.py:188} INFO - [2024-04-17T21:15:31.560+0000] {dagbag.py:540} INFO - Filling up the DagBag from /home/airflow/.local/lib/python3.12/site-packages/airflow/example_dags/example_branch_operator.py
[2024-04-17T21:15:31.590+0000] {processor.py:840} INFO - DAG(s) 'example_branch_operator' retrieved from /home/airflow/.local/lib/python3.12/site-packages/airflow/example_dags/example_branch_operator.py
[2024-04-17T21:15:31.646+0000] {logging_mixin.py:188} INFO - [2024-04-17T21:15:31.645+0000] {dag.py:3096} INFO - Sync 1 DAGs
[2024-04-17T21:15:31.688+0000] {logging_mixin.py:188} INFO - [2024-04-17T21:15:31.687+0000] {dag.py:3954} INFO - Setting next_dagrun for example_branch_operator to 2024-04-16 00:00:00+00:00, run_after=2024-04-17 00:00:00+00:00
[2024-04-17T21:15:31.727+0000] {processor.py:183} INFO - Processing /home/airflow/.local/lib/python3.12/site-packages/airflow/example_dags/example_branch_operator.py took 0.182 seconds
[2024-04-17T21:16:01.832+0000] {processor.py:161} INFO - Started process (PID=175) to work on /home/airflow/.local/lib/python3.12/site-packages/airflow/example_dags/example_branch_operator.py
[2024-04-17T21:16:01.834+0000] {processor.py:830} INFO - Processing file /home/airflow/.local/lib/python3.12/site-packages/airflow/example_dags/example_branch_operator.py for tasks to queue
[2024-04-17T21:16:01.837+0000] {logging_mixin.py:188} INFO - [2024-04-17T21:16:01.836+0000] {dagbag.py:540} INFO - Filling up the DagBag from /home/airflow/.local/lib/python3.12/site-packages/airflow/example_dags/example_branch_operator.py
[2024-04-17T21:16:01.868+0000] {processor.py:840} INFO - DAG(s) 'example_branch_operator' retrieved from /home/airflow/.local/lib/python3.12/site-packages/airflow/example_dags/example_branch_operator.py
[2024-04-17T21:16:01.915+0000] {logging_mixin.py:188} INFO - [2024-04-17T21:16:01.914+0000] {dag.py:3096} INFO - Sync 1 DAGs
[2024-04-17T21:16:01.962+0000] {logging_mixin.py:188} INFO - [2024-04-17T21:16:01.962+0000] {dag.py:3954} INFO - Setting next_dagrun for example_branch_operator to 2024-04-16 00:00:00+00:00, run_after=2024-04-17 00:00:00+00:00
[2024-04-17T21:16:02.005+0000] {processor.py:183} INFO - Processing /home/airflow/.local/lib/python3.12/site-packages/airflow/example_dags/example_branch_operator.py took 0.180 seconds
[2024-04-17T21:16:32.120+0000] {processor.py:161} INFO - Started process (PID=233) to work on /home/airflow/.local/lib/python3.12/site-packages/airflow/example_dags/example_branch_operator.py
[2024-04-17T21:16:32.121+0000] {processor.py:830} INFO - Processing file /home/airflow/.local/lib/python3.12/site-packages/airflow/example_dags/example_branch_operator.py for tasks to queue
[2024-04-17T21:16:32.124+0000] {logging_mixin.py:188} INFO - [2024-04-17T21:16:32.124+0000] {dagbag.py:540} INFO - Filling up the DagBag from /home/airflow/.local/lib/python3.12/site-packages/airflow/example_dags/example_branch_operator.py
[2024-04-17T21:16:32.154+0000] {processor.py:840} INFO - DAG(s) 'example_branch_operator' retrieved from /home/airflow/.local/lib/python3.12/site-packages/airflow/example_dags/example_branch_operator.py
[2024-04-17T21:16:32.203+0000] {logging_mixin.py:188} INFO - [2024-04-17T21:16:32.202+0000] {dag.py:3096} INFO - Sync 1 DAGs
[2024-04-17T21:16:32.243+0000] {logging_mixin.py:188} INFO - [2024-04-17T21:16:32.242+0000] {dag.py:3954} INFO - Setting next_dagrun for example_branch_operator to 2024-04-16 00:00:00+00:00, run_after=2024-04-17 00:00:00+00:00
[2024-04-17T21:16:32.278+0000] {processor.py:183} INFO - Processing /home/airflow/.local/lib/python3.12/site-packages/airflow/example_dags/example_branch_operator.py took 0.166 seconds
[2024-04-17T21:17:02.395+0000] {processor.py:161} INFO - Started process (PID=291) to work on /home/airflow/.local/lib/python3.12/site-packages/airflow/example_dags/example_branch_operator.py
[2024-04-17T21:17:02.397+0000] {processor.py:830} INFO - Processing file /home/airflow/.local/lib/python3.12/site-packages/airflow/example_dags/example_branch_operator.py for tasks to queue
[2024-04-17T21:17:02.401+0000] {logging_mixin.py:188} INFO - [2024-04-17T21:17:02.400+0000] {dagbag.py:540} INFO - Filling up the DagBag from /home/airflow/.local/lib/python3.12/site-packages/airflow/example_dags/example_branch_operator.py
[2024-04-17T21:17:02.447+0000] {processor.py:840} INFO - DAG(s) 'example_branch_operator' retrieved from /home/airflow/.local/lib/python3.12/site-packages/airflow/example_dags/example_branch_operator.py
[2024-04-17T21:17:02.499+0000] {logging_mixin.py:188} INFO - [2024-04-17T21:17:02.498+0000] {dag.py:3096} INFO - Sync 1 DAGs
[2024-04-17T21:17:02.542+0000] {logging_mixin.py:188} INFO - [2024-04-17T21:17:02.542+0000] {dag.py:3954} INFO - Setting next_dagrun for example_branch_operator to 2024-04-16 00:00:00+00:00, run_after=2024-04-17 00:00:00+00:00
[2024-04-17T21:17:02.585+0000] {processor.py:183} INFO - Processing /home/airflow/.local/lib/python3.12/site-packages/airflow/example_dags/example_branch_operator.py took 0.200 seconds
[2024-04-17T21:17:32.934+0000] {processor.py:161} INFO - Started process (PID=349) to work on /home/airflow/.local/lib/python3.12/site-packages/airflow/example_dags/example_branch_operator.py
[2024-04-17T21:17:32.937+0000] {processor.py:830} INFO - Processing file /home/airflow/.local/lib/python3.12/site-packages/airflow/example_dags/example_branch_operator.py for tasks to queue
[2024-04-17T21:17:32.940+0000] {logging_mixin.py:188} INFO - [2024-04-17T21:17:32.940+0000] {dagbag.py:540} INFO - Filling up the DagBag from /home/airflow/.local/lib/python3.12/site-packages/airflow/example_dags/example_branch_operator.py
[2024-04-17T21:17:32.971+0000] {processor.py:840} INFO - DAG(s) 'example_branch_operator' retrieved from /home/airflow/.local/lib/python3.12/site-packages/airflow/example_dags/example_branch_operator.py
[2024-04-17T21:17:33.028+0000] {logging_mixin.py:188} INFO - [2024-04-17T21:17:33.027+0000] {dag.py:3096} INFO - Sync 1 DAGs
[2024-04-17T21:17:33.078+0000] {logging_mixin.py:188} INFO - [2024-04-17T21:17:33.077+0000] {dag.py:3954} INFO - Setting next_dagrun for example_branch_operator to 2024-04-16 00:00:00+00:00, run_after=2024-04-17 00:00:00+00:00
[2024-04-17T21:17:33.123+0000] {processor.py:183} INFO - Processing /home/airflow/.local/lib/python3.12/site-packages/airflow/example_dags/example_branch_operator.py took 0.198 seconds
[2024-04-17T21:18:03.341+0000] {processor.py:161} INFO - Started process (PID=407) to work on /home/airflow/.local/lib/python3.12/site-packages/airflow/example_dags/example_branch_operator.py
[2024-04-17T21:18:03.345+0000] {processor.py:830} INFO - Processing file /home/airflow/.local/lib/python3.12/site-packages/airflow/example_dags/example_branch_operator.py for tasks to queue
[2024-04-17T21:18:03.349+0000] {logging_mixin.py:188} INFO - [2024-04-17T21:18:03.348+0000] {dagbag.py:540} INFO - Filling up the DagBag from /home/airflow/.local/lib/python3.12/site-packages/airflow/example_dags/example_branch_operator.py
[2024-04-17T21:18:03.434+0000] {processor.py:840} INFO - DAG(s) 'example_branch_operator' retrieved from /home/airflow/.local/lib/python3.12/site-packages/airflow/example_dags/example_branch_operator.py
[2024-04-17T21:18:03.554+0000] {logging_mixin.py:188} INFO - [2024-04-17T21:18:03.554+0000] {dag.py:3096} INFO - Sync 1 DAGs
[2024-04-17T21:18:03.634+0000] {logging_mixin.py:188} INFO - [2024-04-17T21:18:03.633+0000] {dag.py:3954} INFO - Setting next_dagrun for example_branch_operator to 2024-04-16 00:00:00+00:00, run_after=2024-04-17 00:00:00+00:00
[2024-04-17T21:18:03.693+0000] {processor.py:183} INFO - Processing /home/airflow/.local/lib/python3.12/site-packages/airflow/example_dags/example_branch_operator.py took 0.366 seconds
[2024-04-17T21:18:33.842+0000] {processor.py:161} INFO - Started process (PID=465) to work on /home/airflow/.local/lib/python3.12/site-packages/airflow/example_dags/example_branch_operator.py
[2024-04-17T21:18:33.843+0000] {processor.py:830} INFO - Processing file /home/airflow/.local/lib/python3.12/site-packages/airflow/example_dags/example_branch_operator.py for tasks to queue
[2024-04-17T21:18:33.847+0000] {logging_mixin.py:188} INFO - [2024-04-17T21:18:33.846+0000] {dagbag.py:540} INFO - Filling up the DagBag from /home/airflow/.local/lib/python3.12/site-packages/airflow/example_dags/example_branch_operator.py
[2024-04-17T21:18:33.873+0000] {processor.py:840} INFO - DAG(s) 'example_branch_operator' retrieved from /home/airflow/.local/lib/python3.12/site-packages/airflow/example_dags/example_branch_operator.py
[2024-04-17T21:18:33.926+0000] {logging_mixin.py:188} INFO - [2024-04-17T21:18:33.926+0000] {dag.py:3096} INFO - Sync 1 DAGs
[2024-04-17T21:18:33.969+0000] {logging_mixin.py:188} INFO - [2024-04-17T21:18:33.968+0000] {dag.py:3954} INFO - Setting next_dagrun for example_branch_operator to 2024-04-16 00:00:00+00:00, run_after=2024-04-17 00:00:00+00:00
[2024-04-17T21:18:34.008+0000] {processor.py:183} INFO - Processing /home/airflow/.local/lib/python3.12/site-packages/airflow/example_dags/example_branch_operator.py took 0.176 seconds
[2024-04-17T21:19:04.360+0000] {processor.py:161} INFO - Started process (PID=523) to work on /home/airflow/.local/lib/python3.12/site-packages/airflow/example_dags/example_branch_operator.py
[2024-04-17T21:19:04.362+0000] {processor.py:830} INFO - Processing file /home/airflow/.local/lib/python3.12/site-packages/airflow/example_dags/example_branch_operator.py for tasks to queue
[2024-04-17T21:19:04.365+0000] {logging_mixin.py:188} INFO - [2024-04-17T21:19:04.364+0000] {dagbag.py:540} INFO - Filling up the DagBag from /home/airflow/.local/lib/python3.12/site-packages/airflow/example_dags/example_branch_operator.py
[2024-04-17T21:19:04.392+0000] {processor.py:840} INFO - DAG(s) 'example_branch_operator' retrieved from /home/airflow/.local/lib/python3.12/site-packages/airflow/example_dags/example_branch_operator.py
[2024-04-17T21:19:04.453+0000] {logging_mixin.py:188} INFO - [2024-04-17T21:19:04.452+0000] {dag.py:3096} INFO - Sync 1 DAGs
[2024-04-17T21:19:04.510+0000] {logging_mixin.py:188} INFO - [2024-04-17T21:19:04.509+0000] {dag.py:3954} INFO - Setting next_dagrun for example_branch_operator to 2024-04-16 00:00:00+00:00, run_after=2024-04-17 00:00:00+00:00
[2024-04-17T21:19:04.553+0000] {processor.py:183} INFO - Processing /home/airflow/.local/lib/python3.12/site-packages/airflow/example_dags/example_branch_operator.py took 0.202 seconds
[2024-04-17T23:57:39.808+0000] {processor.py:161} INFO - Started process (PID=57) to work on /home/airflow/.local/lib/python3.12/site-packages/airflow/example_dags/example_branch_operator.py
[2024-04-17T23:57:39.810+0000] {processor.py:830} INFO - Processing file /home/airflow/.local/lib/python3.12/site-packages/airflow/example_dags/example_branch_operator.py for tasks to queue
[2024-04-17T23:57:39.813+0000] {logging_mixin.py:188} INFO - [2024-04-17T23:57:39.813+0000] {dagbag.py:540} INFO - Filling up the DagBag from /home/airflow/.local/lib/python3.12/site-packages/airflow/example_dags/example_branch_operator.py
[2024-04-17T23:57:39.847+0000] {processor.py:840} INFO - DAG(s) 'example_branch_operator' retrieved from /home/airflow/.local/lib/python3.12/site-packages/airflow/example_dags/example_branch_operator.py
[2024-04-17T23:57:40.040+0000] {logging_mixin.py:188} INFO - [2024-04-17T23:57:40.039+0000] {dag.py:3096} INFO - Sync 1 DAGs
[2024-04-17T23:57:40.080+0000] {logging_mixin.py:188} INFO - [2024-04-17T23:57:40.080+0000] {dag.py:3954} INFO - Setting next_dagrun for example_branch_operator to 2024-04-16 00:00:00+00:00, run_after=2024-04-17 00:00:00+00:00
[2024-04-17T23:57:40.116+0000] {processor.py:183} INFO - Processing /home/airflow/.local/lib/python3.12/site-packages/airflow/example_dags/example_branch_operator.py took 0.317 seconds
[2024-04-17T23:58:10.930+0000] {processor.py:161} INFO - Started process (PID=115) to work on /home/airflow/.local/lib/python3.12/site-packages/airflow/example_dags/example_branch_operator.py
[2024-04-17T23:58:10.931+0000] {processor.py:830} INFO - Processing file /home/airflow/.local/lib/python3.12/site-packages/airflow/example_dags/example_branch_operator.py for tasks to queue
[2024-04-17T23:58:10.934+0000] {logging_mixin.py:188} INFO - [2024-04-17T23:58:10.933+0000] {dagbag.py:540} INFO - Filling up the DagBag from /home/airflow/.local/lib/python3.12/site-packages/airflow/example_dags/example_branch_operator.py
[2024-04-17T23:58:10.982+0000] {processor.py:840} INFO - DAG(s) 'example_branch_operator' retrieved from /home/airflow/.local/lib/python3.12/site-packages/airflow/example_dags/example_branch_operator.py
[2024-04-17T23:58:11.056+0000] {logging_mixin.py:188} INFO - [2024-04-17T23:58:11.056+0000] {dag.py:3096} INFO - Sync 1 DAGs
[2024-04-17T23:58:11.101+0000] {logging_mixin.py:188} INFO - [2024-04-17T23:58:11.101+0000] {dag.py:3954} INFO - Setting next_dagrun for example_branch_operator to 2024-04-16 00:00:00+00:00, run_after=2024-04-17 00:00:00+00:00
[2024-04-17T23:58:11.138+0000] {processor.py:183} INFO - Processing /home/airflow/.local/lib/python3.12/site-packages/airflow/example_dags/example_branch_operator.py took 0.215 seconds
[2024-04-17T23:58:41.226+0000] {processor.py:161} INFO - Started process (PID=173) to work on /home/airflow/.local/lib/python3.12/site-packages/airflow/example_dags/example_branch_operator.py
[2024-04-17T23:58:41.228+0000] {processor.py:830} INFO - Processing file /home/airflow/.local/lib/python3.12/site-packages/airflow/example_dags/example_branch_operator.py for tasks to queue
[2024-04-17T23:58:41.232+0000] {logging_mixin.py:188} INFO - [2024-04-17T23:58:41.231+0000] {dagbag.py:540} INFO - Filling up the DagBag from /home/airflow/.local/lib/python3.12/site-packages/airflow/example_dags/example_branch_operator.py
[2024-04-17T23:58:41.275+0000] {processor.py:840} INFO - DAG(s) 'example_branch_operator' retrieved from /home/airflow/.local/lib/python3.12/site-packages/airflow/example_dags/example_branch_operator.py
[2024-04-17T23:58:41.343+0000] {logging_mixin.py:188} INFO - [2024-04-17T23:58:41.343+0000] {dag.py:3096} INFO - Sync 1 DAGs
[2024-04-17T23:58:41.384+0000] {logging_mixin.py:188} INFO - [2024-04-17T23:58:41.383+0000] {dag.py:3954} INFO - Setting next_dagrun for example_branch_operator to 2024-04-16 00:00:00+00:00, run_after=2024-04-17 00:00:00+00:00
[2024-04-17T23:58:41.427+0000] {processor.py:183} INFO - Processing /home/airflow/.local/lib/python3.12/site-packages/airflow/example_dags/example_branch_operator.py took 0.216 seconds
[2024-04-17T23:59:12.237+0000] {processor.py:161} INFO - Started process (PID=231) to work on /home/airflow/.local/lib/python3.12/site-packages/airflow/example_dags/example_branch_operator.py
[2024-04-17T23:59:12.239+0000] {processor.py:830} INFO - Processing file /home/airflow/.local/lib/python3.12/site-packages/airflow/example_dags/example_branch_operator.py for tasks to queue
[2024-04-17T23:59:12.241+0000] {logging_mixin.py:188} INFO - [2024-04-17T23:59:12.241+0000] {dagbag.py:540} INFO - Filling up the DagBag from /home/airflow/.local/lib/python3.12/site-packages/airflow/example_dags/example_branch_operator.py
[2024-04-17T23:59:12.261+0000] {processor.py:840} INFO - DAG(s) 'example_branch_operator' retrieved from /home/airflow/.local/lib/python3.12/site-packages/airflow/example_dags/example_branch_operator.py
[2024-04-17T23:59:12.308+0000] {logging_mixin.py:188} INFO - [2024-04-17T23:59:12.307+0000] {dag.py:3096} INFO - Sync 1 DAGs
[2024-04-17T23:59:12.346+0000] {logging_mixin.py:188} INFO - [2024-04-17T23:59:12.346+0000] {dag.py:3954} INFO - Setting next_dagrun for example_branch_operator to 2024-04-16 00:00:00+00:00, run_after=2024-04-17 00:00:00+00:00
[2024-04-17T23:59:12.382+0000] {processor.py:183} INFO - Processing /home/airflow/.local/lib/python3.12/site-packages/airflow/example_dags/example_branch_operator.py took 0.152 seconds
[2024-04-17T23:59:43.315+0000] {processor.py:161} INFO - Started process (PID=290) to work on /home/airflow/.local/lib/python3.12/site-packages/airflow/example_dags/example_branch_operator.py
[2024-04-17T23:59:43.316+0000] {processor.py:830} INFO - Processing file /home/airflow/.local/lib/python3.12/site-packages/airflow/example_dags/example_branch_operator.py for tasks to queue
[2024-04-17T23:59:43.318+0000] {logging_mixin.py:188} INFO - [2024-04-17T23:59:43.318+0000] {dagbag.py:540} INFO - Filling up the DagBag from /home/airflow/.local/lib/python3.12/site-packages/airflow/example_dags/example_branch_operator.py
[2024-04-17T23:59:43.340+0000] {processor.py:840} INFO - DAG(s) 'example_branch_operator' retrieved from /home/airflow/.local/lib/python3.12/site-packages/airflow/example_dags/example_branch_operator.py
[2024-04-17T23:59:43.384+0000] {logging_mixin.py:188} INFO - [2024-04-17T23:59:43.384+0000] {dag.py:3096} INFO - Sync 1 DAGs
[2024-04-17T23:59:43.417+0000] {logging_mixin.py:188} INFO - [2024-04-17T23:59:43.417+0000] {dag.py:3954} INFO - Setting next_dagrun for example_branch_operator to 2024-04-16 00:00:00+00:00, run_after=2024-04-17 00:00:00+00:00
[2024-04-17T23:59:43.444+0000] {processor.py:183} INFO - Processing /home/airflow/.local/lib/python3.12/site-packages/airflow/example_dags/example_branch_operator.py took 0.135 seconds
