[2024-04-17T21:04:54.361+0000] {processor.py:161} INFO - Started process (PID=89) to work on /home/airflow/.local/lib/python3.12/site-packages/airflow/example_dags/example_subdag_operator.py
[2024-04-17T21:04:54.372+0000] {processor.py:830} INFO - Processing file /home/airflow/.local/lib/python3.12/site-packages/airflow/example_dags/example_subdag_operator.py for tasks to queue
[2024-04-17T21:04:54.390+0000] {logging_mixin.py:188} INFO - [2024-04-17T21:04:54.388+0000] {dagbag.py:540} INFO - Filling up the DagBag from /home/airflow/.local/lib/python3.12/site-packages/airflow/example_dags/example_subdag_operator.py
[2024-04-17T21:04:54.511+0000] {processor.py:840} INFO - DAG(s) 'example_subdag_operator.section-1', 'example_subdag_operator.section-2', 'example_subdag_operator' retrieved from /home/airflow/.local/lib/python3.12/site-packages/airflow/example_dags/example_subdag_operator.py
[2024-04-17T21:04:55.168+0000] {logging_mixin.py:188} INFO - [2024-04-17T21:04:55.167+0000] {dag.py:3096} INFO - Sync 3 DAGs
[2024-04-17T21:04:55.313+0000] {logging_mixin.py:188} INFO - [2024-04-17T21:04:55.312+0000] {dag.py:3954} INFO - Setting next_dagrun for example_subdag_operator to 2022-01-01 00:00:00+00:00, run_after=2022-01-01 00:00:00+00:00
[2024-04-17T21:04:55.333+0000] {logging_mixin.py:188} INFO - [2024-04-17T21:04:55.332+0000] {dag.py:3954} INFO - Setting next_dagrun for example_subdag_operator.section-1 to None, run_after=None
[2024-04-17T21:04:55.348+0000] {logging_mixin.py:188} INFO - [2024-04-17T21:04:55.348+0000] {dag.py:3954} INFO - Setting next_dagrun for example_subdag_operator.section-2 to None, run_after=None
[2024-04-17T21:04:55.418+0000] {logging_mixin.py:188} INFO - [2024-04-17T21:04:55.417+0000] {dag.py:3096} INFO - Sync 2 DAGs
[2024-04-17T21:04:55.465+0000] {logging_mixin.py:188} INFO - [2024-04-17T21:04:55.465+0000] {dag.py:3954} INFO - Setting next_dagrun for example_subdag_operator.section-1 to None, run_after=None
[2024-04-17T21:04:55.469+0000] {logging_mixin.py:188} INFO - [2024-04-17T21:04:55.468+0000] {dag.py:3954} INFO - Setting next_dagrun for example_subdag_operator.section-2 to None, run_after=None
[2024-04-17T21:04:55.557+0000] {processor.py:183} INFO - Processing /home/airflow/.local/lib/python3.12/site-packages/airflow/example_dags/example_subdag_operator.py took 1.222 seconds
[2024-04-17T21:05:27.759+0000] {processor.py:161} INFO - Started process (PID=147) to work on /home/airflow/.local/lib/python3.12/site-packages/airflow/example_dags/example_subdag_operator.py
[2024-04-17T21:05:27.763+0000] {processor.py:830} INFO - Processing file /home/airflow/.local/lib/python3.12/site-packages/airflow/example_dags/example_subdag_operator.py for tasks to queue
[2024-04-17T21:05:27.775+0000] {logging_mixin.py:188} INFO - [2024-04-17T21:05:27.774+0000] {dagbag.py:540} INFO - Filling up the DagBag from /home/airflow/.local/lib/python3.12/site-packages/airflow/example_dags/example_subdag_operator.py
[2024-04-17T21:05:27.915+0000] {processor.py:840} INFO - DAG(s) 'example_subdag_operator.section-1', 'example_subdag_operator.section-2', 'example_subdag_operator' retrieved from /home/airflow/.local/lib/python3.12/site-packages/airflow/example_dags/example_subdag_operator.py
[2024-04-17T21:05:28.002+0000] {logging_mixin.py:188} INFO - [2024-04-17T21:05:28.001+0000] {dag.py:3096} INFO - Sync 3 DAGs
[2024-04-17T21:05:28.137+0000] {logging_mixin.py:188} INFO - [2024-04-17T21:05:28.136+0000] {dag.py:3954} INFO - Setting next_dagrun for example_subdag_operator to 2022-01-01 00:00:00+00:00, run_after=2022-01-01 00:00:00+00:00
[2024-04-17T21:05:28.162+0000] {logging_mixin.py:188} INFO - [2024-04-17T21:05:28.162+0000] {dag.py:3954} INFO - Setting next_dagrun for example_subdag_operator.section-1 to None, run_after=None
[2024-04-17T21:05:28.168+0000] {logging_mixin.py:188} INFO - [2024-04-17T21:05:28.167+0000] {dag.py:3954} INFO - Setting next_dagrun for example_subdag_operator.section-2 to None, run_after=None
[2024-04-17T21:05:28.206+0000] {logging_mixin.py:188} INFO - [2024-04-17T21:05:28.205+0000] {dag.py:3096} INFO - Sync 2 DAGs
[2024-04-17T21:05:28.249+0000] {logging_mixin.py:188} INFO - [2024-04-17T21:05:28.240+0000] {dag.py:3954} INFO - Setting next_dagrun for example_subdag_operator.section-1 to None, run_after=None
[2024-04-17T21:05:28.257+0000] {logging_mixin.py:188} INFO - [2024-04-17T21:05:28.256+0000] {dag.py:3954} INFO - Setting next_dagrun for example_subdag_operator.section-2 to None, run_after=None
[2024-04-17T21:05:28.377+0000] {processor.py:183} INFO - Processing /home/airflow/.local/lib/python3.12/site-packages/airflow/example_dags/example_subdag_operator.py took 0.656 seconds
[2024-04-17T21:06:00.241+0000] {processor.py:161} INFO - Started process (PID=205) to work on /home/airflow/.local/lib/python3.12/site-packages/airflow/example_dags/example_subdag_operator.py
[2024-04-17T21:06:00.245+0000] {processor.py:830} INFO - Processing file /home/airflow/.local/lib/python3.12/site-packages/airflow/example_dags/example_subdag_operator.py for tasks to queue
[2024-04-17T21:06:00.259+0000] {logging_mixin.py:188} INFO - [2024-04-17T21:06:00.258+0000] {dagbag.py:540} INFO - Filling up the DagBag from /home/airflow/.local/lib/python3.12/site-packages/airflow/example_dags/example_subdag_operator.py
[2024-04-17T21:06:00.395+0000] {processor.py:840} INFO - DAG(s) 'example_subdag_operator.section-1', 'example_subdag_operator.section-2', 'example_subdag_operator' retrieved from /home/airflow/.local/lib/python3.12/site-packages/airflow/example_dags/example_subdag_operator.py
[2024-04-17T21:06:00.522+0000] {logging_mixin.py:188} INFO - [2024-04-17T21:06:00.522+0000] {dag.py:3096} INFO - Sync 3 DAGs
[2024-04-17T21:06:01.887+0000] {logging_mixin.py:188} INFO - [2024-04-17T21:06:01.887+0000] {dag.py:3954} INFO - Setting next_dagrun for example_subdag_operator to 2022-01-01 00:00:00+00:00, run_after=2022-01-01 00:00:00+00:00
[2024-04-17T21:06:01.965+0000] {logging_mixin.py:188} INFO - [2024-04-17T21:06:01.965+0000] {dag.py:3954} INFO - Setting next_dagrun for example_subdag_operator.section-1 to None, run_after=None
[2024-04-17T21:06:01.971+0000] {logging_mixin.py:188} INFO - [2024-04-17T21:06:01.971+0000] {dag.py:3954} INFO - Setting next_dagrun for example_subdag_operator.section-2 to None, run_after=None
[2024-04-17T21:06:02.022+0000] {logging_mixin.py:188} INFO - [2024-04-17T21:06:02.021+0000] {dag.py:3096} INFO - Sync 2 DAGs
[2024-04-17T21:06:02.044+0000] {logging_mixin.py:188} INFO - [2024-04-17T21:06:02.044+0000] {dag.py:3954} INFO - Setting next_dagrun for example_subdag_operator.section-1 to None, run_after=None
[2024-04-17T21:06:02.048+0000] {logging_mixin.py:188} INFO - [2024-04-17T21:06:02.047+0000] {dag.py:3954} INFO - Setting next_dagrun for example_subdag_operator.section-2 to None, run_after=None
[2024-04-17T21:06:02.543+0000] {processor.py:183} INFO - Processing /home/airflow/.local/lib/python3.12/site-packages/airflow/example_dags/example_subdag_operator.py took 2.319 seconds
[2024-04-17T21:06:34.426+0000] {processor.py:161} INFO - Started process (PID=263) to work on /home/airflow/.local/lib/python3.12/site-packages/airflow/example_dags/example_subdag_operator.py
[2024-04-17T21:06:34.467+0000] {processor.py:830} INFO - Processing file /home/airflow/.local/lib/python3.12/site-packages/airflow/example_dags/example_subdag_operator.py for tasks to queue
[2024-04-17T21:06:34.484+0000] {logging_mixin.py:188} INFO - [2024-04-17T21:06:34.483+0000] {dagbag.py:540} INFO - Filling up the DagBag from /home/airflow/.local/lib/python3.12/site-packages/airflow/example_dags/example_subdag_operator.py
[2024-04-17T21:06:34.561+0000] {processor.py:840} INFO - DAG(s) 'example_subdag_operator.section-1', 'example_subdag_operator.section-2', 'example_subdag_operator' retrieved from /home/airflow/.local/lib/python3.12/site-packages/airflow/example_dags/example_subdag_operator.py
[2024-04-17T21:06:34.629+0000] {logging_mixin.py:188} INFO - [2024-04-17T21:06:34.628+0000] {dag.py:3096} INFO - Sync 3 DAGs
[2024-04-17T21:06:34.722+0000] {logging_mixin.py:188} INFO - [2024-04-17T21:06:34.721+0000] {dag.py:3954} INFO - Setting next_dagrun for example_subdag_operator to 2022-01-01 00:00:00+00:00, run_after=2022-01-01 00:00:00+00:00
[2024-04-17T21:06:34.739+0000] {logging_mixin.py:188} INFO - [2024-04-17T21:06:34.738+0000] {dag.py:3954} INFO - Setting next_dagrun for example_subdag_operator.section-1 to None, run_after=None
[2024-04-17T21:06:34.748+0000] {logging_mixin.py:188} INFO - [2024-04-17T21:06:34.747+0000] {dag.py:3954} INFO - Setting next_dagrun for example_subdag_operator.section-2 to None, run_after=None
[2024-04-17T21:06:34.781+0000] {logging_mixin.py:188} INFO - [2024-04-17T21:06:34.780+0000] {dag.py:3096} INFO - Sync 2 DAGs
[2024-04-17T21:06:34.809+0000] {logging_mixin.py:188} INFO - [2024-04-17T21:06:34.809+0000] {dag.py:3954} INFO - Setting next_dagrun for example_subdag_operator.section-1 to None, run_after=None
[2024-04-17T21:06:34.822+0000] {logging_mixin.py:188} INFO - [2024-04-17T21:06:34.821+0000] {dag.py:3954} INFO - Setting next_dagrun for example_subdag_operator.section-2 to None, run_after=None
[2024-04-17T21:06:35.124+0000] {processor.py:183} INFO - Processing /home/airflow/.local/lib/python3.12/site-packages/airflow/example_dags/example_subdag_operator.py took 0.709 seconds
[2024-04-17T21:07:05.276+0000] {processor.py:161} INFO - Started process (PID=321) to work on /home/airflow/.local/lib/python3.12/site-packages/airflow/example_dags/example_subdag_operator.py
[2024-04-17T21:07:05.278+0000] {processor.py:830} INFO - Processing file /home/airflow/.local/lib/python3.12/site-packages/airflow/example_dags/example_subdag_operator.py for tasks to queue
[2024-04-17T21:07:05.281+0000] {logging_mixin.py:188} INFO - [2024-04-17T21:07:05.281+0000] {dagbag.py:540} INFO - Filling up the DagBag from /home/airflow/.local/lib/python3.12/site-packages/airflow/example_dags/example_subdag_operator.py
[2024-04-17T21:07:05.336+0000] {processor.py:840} INFO - DAG(s) 'example_subdag_operator.section-1', 'example_subdag_operator.section-2', 'example_subdag_operator' retrieved from /home/airflow/.local/lib/python3.12/site-packages/airflow/example_dags/example_subdag_operator.py
[2024-04-17T21:07:05.409+0000] {logging_mixin.py:188} INFO - [2024-04-17T21:07:05.408+0000] {dag.py:3096} INFO - Sync 3 DAGs
[2024-04-17T21:07:05.512+0000] {logging_mixin.py:188} INFO - [2024-04-17T21:07:05.511+0000] {dag.py:3954} INFO - Setting next_dagrun for example_subdag_operator to 2022-01-01 00:00:00+00:00, run_after=2022-01-01 00:00:00+00:00
[2024-04-17T21:07:05.524+0000] {logging_mixin.py:188} INFO - [2024-04-17T21:07:05.523+0000] {dag.py:3954} INFO - Setting next_dagrun for example_subdag_operator.section-1 to None, run_after=None
[2024-04-17T21:07:05.529+0000] {logging_mixin.py:188} INFO - [2024-04-17T21:07:05.528+0000] {dag.py:3954} INFO - Setting next_dagrun for example_subdag_operator.section-2 to None, run_after=None
[2024-04-17T21:07:05.552+0000] {logging_mixin.py:188} INFO - [2024-04-17T21:07:05.552+0000] {dag.py:3096} INFO - Sync 2 DAGs
[2024-04-17T21:07:05.566+0000] {logging_mixin.py:188} INFO - [2024-04-17T21:07:05.565+0000] {dag.py:3954} INFO - Setting next_dagrun for example_subdag_operator.section-1 to None, run_after=None
[2024-04-17T21:07:05.568+0000] {logging_mixin.py:188} INFO - [2024-04-17T21:07:05.567+0000] {dag.py:3954} INFO - Setting next_dagrun for example_subdag_operator.section-2 to None, run_after=None
[2024-04-17T21:07:05.601+0000] {processor.py:183} INFO - Processing /home/airflow/.local/lib/python3.12/site-packages/airflow/example_dags/example_subdag_operator.py took 0.339 seconds
[2024-04-17T21:07:36.059+0000] {processor.py:161} INFO - Started process (PID=379) to work on /home/airflow/.local/lib/python3.12/site-packages/airflow/example_dags/example_subdag_operator.py
[2024-04-17T21:07:36.061+0000] {processor.py:830} INFO - Processing file /home/airflow/.local/lib/python3.12/site-packages/airflow/example_dags/example_subdag_operator.py for tasks to queue
[2024-04-17T21:07:36.064+0000] {logging_mixin.py:188} INFO - [2024-04-17T21:07:36.063+0000] {dagbag.py:540} INFO - Filling up the DagBag from /home/airflow/.local/lib/python3.12/site-packages/airflow/example_dags/example_subdag_operator.py
[2024-04-17T21:07:36.102+0000] {processor.py:840} INFO - DAG(s) 'example_subdag_operator.section-1', 'example_subdag_operator.section-2', 'example_subdag_operator' retrieved from /home/airflow/.local/lib/python3.12/site-packages/airflow/example_dags/example_subdag_operator.py
[2024-04-17T21:07:36.153+0000] {logging_mixin.py:188} INFO - [2024-04-17T21:07:36.152+0000] {dag.py:3096} INFO - Sync 3 DAGs
[2024-04-17T21:07:36.271+0000] {logging_mixin.py:188} INFO - [2024-04-17T21:07:36.270+0000] {dag.py:3954} INFO - Setting next_dagrun for example_subdag_operator to 2022-01-01 00:00:00+00:00, run_after=2022-01-01 00:00:00+00:00
[2024-04-17T21:07:36.294+0000] {logging_mixin.py:188} INFO - [2024-04-17T21:07:36.294+0000] {dag.py:3954} INFO - Setting next_dagrun for example_subdag_operator.section-1 to None, run_after=None
[2024-04-17T21:07:36.527+0000] {logging_mixin.py:188} INFO - [2024-04-17T21:07:36.526+0000] {dag.py:3954} INFO - Setting next_dagrun for example_subdag_operator.section-2 to None, run_after=None
[2024-04-17T21:07:36.574+0000] {logging_mixin.py:188} INFO - [2024-04-17T21:07:36.574+0000] {dag.py:3096} INFO - Sync 2 DAGs
[2024-04-17T21:07:36.612+0000] {logging_mixin.py:188} INFO - [2024-04-17T21:07:36.611+0000] {dag.py:3954} INFO - Setting next_dagrun for example_subdag_operator.section-1 to None, run_after=None
[2024-04-17T21:07:36.627+0000] {logging_mixin.py:188} INFO - [2024-04-17T21:07:36.626+0000] {dag.py:3954} INFO - Setting next_dagrun for example_subdag_operator.section-2 to None, run_after=None
[2024-04-17T21:07:36.704+0000] {processor.py:183} INFO - Processing /home/airflow/.local/lib/python3.12/site-packages/airflow/example_dags/example_subdag_operator.py took 0.655 seconds
[2024-04-17T21:08:07.179+0000] {processor.py:161} INFO - Started process (PID=437) to work on /home/airflow/.local/lib/python3.12/site-packages/airflow/example_dags/example_subdag_operator.py
[2024-04-17T21:08:07.182+0000] {processor.py:830} INFO - Processing file /home/airflow/.local/lib/python3.12/site-packages/airflow/example_dags/example_subdag_operator.py for tasks to queue
[2024-04-17T21:08:07.190+0000] {logging_mixin.py:188} INFO - [2024-04-17T21:08:07.189+0000] {dagbag.py:540} INFO - Filling up the DagBag from /home/airflow/.local/lib/python3.12/site-packages/airflow/example_dags/example_subdag_operator.py
[2024-04-17T21:08:07.293+0000] {processor.py:840} INFO - DAG(s) 'example_subdag_operator.section-1', 'example_subdag_operator.section-2', 'example_subdag_operator' retrieved from /home/airflow/.local/lib/python3.12/site-packages/airflow/example_dags/example_subdag_operator.py
[2024-04-17T21:08:07.387+0000] {logging_mixin.py:188} INFO - [2024-04-17T21:08:07.386+0000] {dag.py:3096} INFO - Sync 3 DAGs
[2024-04-17T21:08:07.500+0000] {logging_mixin.py:188} INFO - [2024-04-17T21:08:07.499+0000] {dag.py:3954} INFO - Setting next_dagrun for example_subdag_operator to 2022-01-01 00:00:00+00:00, run_after=2022-01-01 00:00:00+00:00
[2024-04-17T21:08:07.532+0000] {logging_mixin.py:188} INFO - [2024-04-17T21:08:07.531+0000] {dag.py:3954} INFO - Setting next_dagrun for example_subdag_operator.section-1 to None, run_after=None
[2024-04-17T21:08:07.538+0000] {logging_mixin.py:188} INFO - [2024-04-17T21:08:07.537+0000] {dag.py:3954} INFO - Setting next_dagrun for example_subdag_operator.section-2 to None, run_after=None
[2024-04-17T21:08:07.579+0000] {logging_mixin.py:188} INFO - [2024-04-17T21:08:07.578+0000] {dag.py:3096} INFO - Sync 2 DAGs
[2024-04-17T21:08:07.606+0000] {logging_mixin.py:188} INFO - [2024-04-17T21:08:07.605+0000] {dag.py:3954} INFO - Setting next_dagrun for example_subdag_operator.section-1 to None, run_after=None
[2024-04-17T21:08:07.608+0000] {logging_mixin.py:188} INFO - [2024-04-17T21:08:07.608+0000] {dag.py:3954} INFO - Setting next_dagrun for example_subdag_operator.section-2 to None, run_after=None
[2024-04-17T21:08:07.663+0000] {processor.py:183} INFO - Processing /home/airflow/.local/lib/python3.12/site-packages/airflow/example_dags/example_subdag_operator.py took 0.508 seconds
[2024-04-17T21:08:37.894+0000] {processor.py:161} INFO - Started process (PID=495) to work on /home/airflow/.local/lib/python3.12/site-packages/airflow/example_dags/example_subdag_operator.py
[2024-04-17T21:08:37.902+0000] {processor.py:830} INFO - Processing file /home/airflow/.local/lib/python3.12/site-packages/airflow/example_dags/example_subdag_operator.py for tasks to queue
[2024-04-17T21:08:37.912+0000] {logging_mixin.py:188} INFO - [2024-04-17T21:08:37.911+0000] {dagbag.py:540} INFO - Filling up the DagBag from /home/airflow/.local/lib/python3.12/site-packages/airflow/example_dags/example_subdag_operator.py
[2024-04-17T21:08:38.054+0000] {processor.py:840} INFO - DAG(s) 'example_subdag_operator.section-1', 'example_subdag_operator.section-2', 'example_subdag_operator' retrieved from /home/airflow/.local/lib/python3.12/site-packages/airflow/example_dags/example_subdag_operator.py
[2024-04-17T21:08:38.512+0000] {logging_mixin.py:188} INFO - [2024-04-17T21:08:38.511+0000] {dag.py:3096} INFO - Sync 3 DAGs
[2024-04-17T21:08:38.638+0000] {logging_mixin.py:188} INFO - [2024-04-17T21:08:38.637+0000] {dag.py:3954} INFO - Setting next_dagrun for example_subdag_operator to 2022-01-01 00:00:00+00:00, run_after=2022-01-01 00:00:00+00:00
[2024-04-17T21:08:38.660+0000] {logging_mixin.py:188} INFO - [2024-04-17T21:08:38.659+0000] {dag.py:3954} INFO - Setting next_dagrun for example_subdag_operator.section-1 to None, run_after=None
[2024-04-17T21:08:38.675+0000] {logging_mixin.py:188} INFO - [2024-04-17T21:08:38.675+0000] {dag.py:3954} INFO - Setting next_dagrun for example_subdag_operator.section-2 to None, run_after=None
[2024-04-17T21:08:38.722+0000] {logging_mixin.py:188} INFO - [2024-04-17T21:08:38.721+0000] {dag.py:3096} INFO - Sync 2 DAGs
[2024-04-17T21:08:38.754+0000] {logging_mixin.py:188} INFO - [2024-04-17T21:08:38.754+0000] {dag.py:3954} INFO - Setting next_dagrun for example_subdag_operator.section-1 to None, run_after=None
[2024-04-17T21:08:38.756+0000] {logging_mixin.py:188} INFO - [2024-04-17T21:08:38.756+0000] {dag.py:3954} INFO - Setting next_dagrun for example_subdag_operator.section-2 to None, run_after=None
[2024-04-17T21:08:38.821+0000] {processor.py:183} INFO - Processing /home/airflow/.local/lib/python3.12/site-packages/airflow/example_dags/example_subdag_operator.py took 0.963 seconds
[2024-04-17T21:09:09.295+0000] {processor.py:161} INFO - Started process (PID=559) to work on /home/airflow/.local/lib/python3.12/site-packages/airflow/example_dags/example_subdag_operator.py
[2024-04-17T21:09:09.298+0000] {processor.py:830} INFO - Processing file /home/airflow/.local/lib/python3.12/site-packages/airflow/example_dags/example_subdag_operator.py for tasks to queue
[2024-04-17T21:09:09.303+0000] {logging_mixin.py:188} INFO - [2024-04-17T21:09:09.302+0000] {dagbag.py:540} INFO - Filling up the DagBag from /home/airflow/.local/lib/python3.12/site-packages/airflow/example_dags/example_subdag_operator.py
[2024-04-17T21:09:09.377+0000] {processor.py:840} INFO - DAG(s) 'example_subdag_operator.section-1', 'example_subdag_operator.section-2', 'example_subdag_operator' retrieved from /home/airflow/.local/lib/python3.12/site-packages/airflow/example_dags/example_subdag_operator.py
[2024-04-17T21:09:09.443+0000] {logging_mixin.py:188} INFO - [2024-04-17T21:09:09.442+0000] {dag.py:3096} INFO - Sync 3 DAGs
[2024-04-17T21:09:09.533+0000] {logging_mixin.py:188} INFO - [2024-04-17T21:09:09.533+0000] {dag.py:3954} INFO - Setting next_dagrun for example_subdag_operator to 2022-01-01 00:00:00+00:00, run_after=2022-01-01 00:00:00+00:00
[2024-04-17T21:09:09.556+0000] {logging_mixin.py:188} INFO - [2024-04-17T21:09:09.555+0000] {dag.py:3954} INFO - Setting next_dagrun for example_subdag_operator.section-1 to None, run_after=None
[2024-04-17T21:09:09.562+0000] {logging_mixin.py:188} INFO - [2024-04-17T21:09:09.561+0000] {dag.py:3954} INFO - Setting next_dagrun for example_subdag_operator.section-2 to None, run_after=None
[2024-04-17T21:09:09.593+0000] {logging_mixin.py:188} INFO - [2024-04-17T21:09:09.592+0000] {dag.py:3096} INFO - Sync 2 DAGs
[2024-04-17T21:09:09.625+0000] {logging_mixin.py:188} INFO - [2024-04-17T21:09:09.624+0000] {dag.py:3954} INFO - Setting next_dagrun for example_subdag_operator.section-1 to None, run_after=None
[2024-04-17T21:09:09.628+0000] {logging_mixin.py:188} INFO - [2024-04-17T21:09:09.627+0000] {dag.py:3954} INFO - Setting next_dagrun for example_subdag_operator.section-2 to None, run_after=None
[2024-04-17T21:09:09.693+0000] {processor.py:183} INFO - Processing /home/airflow/.local/lib/python3.12/site-packages/airflow/example_dags/example_subdag_operator.py took 0.416 seconds
[2024-04-17T21:09:41.899+0000] {processor.py:161} INFO - Started process (PID=617) to work on /home/airflow/.local/lib/python3.12/site-packages/airflow/example_dags/example_subdag_operator.py
[2024-04-17T21:09:41.907+0000] {processor.py:830} INFO - Processing file /home/airflow/.local/lib/python3.12/site-packages/airflow/example_dags/example_subdag_operator.py for tasks to queue
[2024-04-17T21:09:41.912+0000] {logging_mixin.py:188} INFO - [2024-04-17T21:09:41.910+0000] {dagbag.py:540} INFO - Filling up the DagBag from /home/airflow/.local/lib/python3.12/site-packages/airflow/example_dags/example_subdag_operator.py
[2024-04-17T21:09:42.010+0000] {processor.py:840} INFO - DAG(s) 'example_subdag_operator.section-1', 'example_subdag_operator.section-2', 'example_subdag_operator' retrieved from /home/airflow/.local/lib/python3.12/site-packages/airflow/example_dags/example_subdag_operator.py
[2024-04-17T21:09:42.117+0000] {logging_mixin.py:188} INFO - [2024-04-17T21:09:42.106+0000] {dag.py:3096} INFO - Sync 3 DAGs
[2024-04-17T21:09:42.238+0000] {logging_mixin.py:188} INFO - [2024-04-17T21:09:42.237+0000] {dag.py:3954} INFO - Setting next_dagrun for example_subdag_operator to 2022-01-01 00:00:00+00:00, run_after=2022-01-01 00:00:00+00:00
[2024-04-17T21:09:42.260+0000] {logging_mixin.py:188} INFO - [2024-04-17T21:09:42.259+0000] {dag.py:3954} INFO - Setting next_dagrun for example_subdag_operator.section-1 to None, run_after=None
[2024-04-17T21:09:42.281+0000] {logging_mixin.py:188} INFO - [2024-04-17T21:09:42.280+0000] {dag.py:3954} INFO - Setting next_dagrun for example_subdag_operator.section-2 to None, run_after=None
[2024-04-17T21:09:42.312+0000] {logging_mixin.py:188} INFO - [2024-04-17T21:09:42.312+0000] {dag.py:3096} INFO - Sync 2 DAGs
[2024-04-17T21:09:42.347+0000] {logging_mixin.py:188} INFO - [2024-04-17T21:09:42.346+0000] {dag.py:3954} INFO - Setting next_dagrun for example_subdag_operator.section-1 to None, run_after=None
[2024-04-17T21:09:42.353+0000] {logging_mixin.py:188} INFO - [2024-04-17T21:09:42.352+0000] {dag.py:3954} INFO - Setting next_dagrun for example_subdag_operator.section-2 to None, run_after=None
[2024-04-17T21:09:42.419+0000] {processor.py:183} INFO - Processing /home/airflow/.local/lib/python3.12/site-packages/airflow/example_dags/example_subdag_operator.py took 0.531 seconds
[2024-04-17T21:10:12.765+0000] {processor.py:161} INFO - Started process (PID=675) to work on /home/airflow/.local/lib/python3.12/site-packages/airflow/example_dags/example_subdag_operator.py
[2024-04-17T21:10:12.767+0000] {processor.py:830} INFO - Processing file /home/airflow/.local/lib/python3.12/site-packages/airflow/example_dags/example_subdag_operator.py for tasks to queue
[2024-04-17T21:10:12.774+0000] {logging_mixin.py:188} INFO - [2024-04-17T21:10:12.773+0000] {dagbag.py:540} INFO - Filling up the DagBag from /home/airflow/.local/lib/python3.12/site-packages/airflow/example_dags/example_subdag_operator.py
[2024-04-17T21:10:12.823+0000] {processor.py:840} INFO - DAG(s) 'example_subdag_operator.section-1', 'example_subdag_operator.section-2', 'example_subdag_operator' retrieved from /home/airflow/.local/lib/python3.12/site-packages/airflow/example_dags/example_subdag_operator.py
[2024-04-17T21:10:12.868+0000] {logging_mixin.py:188} INFO - [2024-04-17T21:10:12.867+0000] {dag.py:3096} INFO - Sync 3 DAGs
[2024-04-17T21:10:12.929+0000] {logging_mixin.py:188} INFO - [2024-04-17T21:10:12.928+0000] {dag.py:3954} INFO - Setting next_dagrun for example_subdag_operator to 2022-01-01 00:00:00+00:00, run_after=2022-01-01 00:00:00+00:00
[2024-04-17T21:10:12.950+0000] {logging_mixin.py:188} INFO - [2024-04-17T21:10:12.949+0000] {dag.py:3954} INFO - Setting next_dagrun for example_subdag_operator.section-1 to None, run_after=None
[2024-04-17T21:10:12.957+0000] {logging_mixin.py:188} INFO - [2024-04-17T21:10:12.956+0000] {dag.py:3954} INFO - Setting next_dagrun for example_subdag_operator.section-2 to None, run_after=None
[2024-04-17T21:10:13.002+0000] {logging_mixin.py:188} INFO - [2024-04-17T21:10:12.999+0000] {dag.py:3096} INFO - Sync 2 DAGs
[2024-04-17T21:10:13.027+0000] {logging_mixin.py:188} INFO - [2024-04-17T21:10:13.025+0000] {dag.py:3954} INFO - Setting next_dagrun for example_subdag_operator.section-1 to None, run_after=None
[2024-04-17T21:10:13.029+0000] {logging_mixin.py:188} INFO - [2024-04-17T21:10:13.028+0000] {dag.py:3954} INFO - Setting next_dagrun for example_subdag_operator.section-2 to None, run_after=None
[2024-04-17T21:10:13.069+0000] {processor.py:183} INFO - Processing /home/airflow/.local/lib/python3.12/site-packages/airflow/example_dags/example_subdag_operator.py took 0.313 seconds
[2024-04-17T21:10:43.338+0000] {processor.py:161} INFO - Started process (PID=734) to work on /home/airflow/.local/lib/python3.12/site-packages/airflow/example_dags/example_subdag_operator.py
[2024-04-17T21:10:43.340+0000] {processor.py:830} INFO - Processing file /home/airflow/.local/lib/python3.12/site-packages/airflow/example_dags/example_subdag_operator.py for tasks to queue
[2024-04-17T21:10:43.345+0000] {logging_mixin.py:188} INFO - [2024-04-17T21:10:43.344+0000] {dagbag.py:540} INFO - Filling up the DagBag from /home/airflow/.local/lib/python3.12/site-packages/airflow/example_dags/example_subdag_operator.py
[2024-04-17T21:10:43.385+0000] {processor.py:840} INFO - DAG(s) 'example_subdag_operator.section-1', 'example_subdag_operator.section-2', 'example_subdag_operator' retrieved from /home/airflow/.local/lib/python3.12/site-packages/airflow/example_dags/example_subdag_operator.py
[2024-04-17T21:10:43.423+0000] {logging_mixin.py:188} INFO - [2024-04-17T21:10:43.422+0000] {dag.py:3096} INFO - Sync 3 DAGs
[2024-04-17T21:10:43.466+0000] {logging_mixin.py:188} INFO - [2024-04-17T21:10:43.465+0000] {dag.py:3954} INFO - Setting next_dagrun for example_subdag_operator to 2022-01-01 00:00:00+00:00, run_after=2022-01-01 00:00:00+00:00
[2024-04-17T21:10:43.476+0000] {logging_mixin.py:188} INFO - [2024-04-17T21:10:43.476+0000] {dag.py:3954} INFO - Setting next_dagrun for example_subdag_operator.section-1 to None, run_after=None
[2024-04-17T21:10:43.481+0000] {logging_mixin.py:188} INFO - [2024-04-17T21:10:43.480+0000] {dag.py:3954} INFO - Setting next_dagrun for example_subdag_operator.section-2 to None, run_after=None
[2024-04-17T21:10:43.495+0000] {logging_mixin.py:188} INFO - [2024-04-17T21:10:43.495+0000] {dag.py:3096} INFO - Sync 2 DAGs
[2024-04-17T21:10:43.506+0000] {logging_mixin.py:188} INFO - [2024-04-17T21:10:43.506+0000] {dag.py:3954} INFO - Setting next_dagrun for example_subdag_operator.section-1 to None, run_after=None
[2024-04-17T21:10:43.507+0000] {logging_mixin.py:188} INFO - [2024-04-17T21:10:43.507+0000] {dag.py:3954} INFO - Setting next_dagrun for example_subdag_operator.section-2 to None, run_after=None
[2024-04-17T21:10:43.543+0000] {processor.py:183} INFO - Processing /home/airflow/.local/lib/python3.12/site-packages/airflow/example_dags/example_subdag_operator.py took 0.213 seconds
[2024-04-17T21:11:13.909+0000] {processor.py:161} INFO - Started process (PID=792) to work on /home/airflow/.local/lib/python3.12/site-packages/airflow/example_dags/example_subdag_operator.py
[2024-04-17T21:11:13.911+0000] {processor.py:830} INFO - Processing file /home/airflow/.local/lib/python3.12/site-packages/airflow/example_dags/example_subdag_operator.py for tasks to queue
[2024-04-17T21:11:13.914+0000] {logging_mixin.py:188} INFO - [2024-04-17T21:11:13.914+0000] {dagbag.py:540} INFO - Filling up the DagBag from /home/airflow/.local/lib/python3.12/site-packages/airflow/example_dags/example_subdag_operator.py
[2024-04-17T21:11:13.952+0000] {processor.py:840} INFO - DAG(s) 'example_subdag_operator.section-1', 'example_subdag_operator.section-2', 'example_subdag_operator' retrieved from /home/airflow/.local/lib/python3.12/site-packages/airflow/example_dags/example_subdag_operator.py
[2024-04-17T21:11:13.980+0000] {logging_mixin.py:188} INFO - [2024-04-17T21:11:13.980+0000] {dag.py:3096} INFO - Sync 3 DAGs
[2024-04-17T21:11:14.023+0000] {logging_mixin.py:188} INFO - [2024-04-17T21:11:14.022+0000] {dag.py:3954} INFO - Setting next_dagrun for example_subdag_operator to 2022-01-01 00:00:00+00:00, run_after=2022-01-01 00:00:00+00:00
[2024-04-17T21:11:14.030+0000] {logging_mixin.py:188} INFO - [2024-04-17T21:11:14.030+0000] {dag.py:3954} INFO - Setting next_dagrun for example_subdag_operator.section-1 to None, run_after=None
[2024-04-17T21:11:14.033+0000] {logging_mixin.py:188} INFO - [2024-04-17T21:11:14.033+0000] {dag.py:3954} INFO - Setting next_dagrun for example_subdag_operator.section-2 to None, run_after=None
[2024-04-17T21:11:14.049+0000] {logging_mixin.py:188} INFO - [2024-04-17T21:11:14.049+0000] {dag.py:3096} INFO - Sync 2 DAGs
[2024-04-17T21:11:14.060+0000] {logging_mixin.py:188} INFO - [2024-04-17T21:11:14.060+0000] {dag.py:3954} INFO - Setting next_dagrun for example_subdag_operator.section-1 to None, run_after=None
[2024-04-17T21:11:14.061+0000] {logging_mixin.py:188} INFO - [2024-04-17T21:11:14.061+0000] {dag.py:3954} INFO - Setting next_dagrun for example_subdag_operator.section-2 to None, run_after=None
[2024-04-17T21:11:14.091+0000] {processor.py:183} INFO - Processing /home/airflow/.local/lib/python3.12/site-packages/airflow/example_dags/example_subdag_operator.py took 0.191 seconds
[2024-04-17T21:11:44.294+0000] {processor.py:161} INFO - Started process (PID=850) to work on /home/airflow/.local/lib/python3.12/site-packages/airflow/example_dags/example_subdag_operator.py
[2024-04-17T21:11:44.295+0000] {processor.py:830} INFO - Processing file /home/airflow/.local/lib/python3.12/site-packages/airflow/example_dags/example_subdag_operator.py for tasks to queue
[2024-04-17T21:11:44.299+0000] {logging_mixin.py:188} INFO - [2024-04-17T21:11:44.298+0000] {dagbag.py:540} INFO - Filling up the DagBag from /home/airflow/.local/lib/python3.12/site-packages/airflow/example_dags/example_subdag_operator.py
[2024-04-17T21:11:44.351+0000] {processor.py:840} INFO - DAG(s) 'example_subdag_operator.section-1', 'example_subdag_operator.section-2', 'example_subdag_operator' retrieved from /home/airflow/.local/lib/python3.12/site-packages/airflow/example_dags/example_subdag_operator.py
[2024-04-17T21:11:44.395+0000] {logging_mixin.py:188} INFO - [2024-04-17T21:11:44.395+0000] {dag.py:3096} INFO - Sync 3 DAGs
[2024-04-17T21:11:44.444+0000] {logging_mixin.py:188} INFO - [2024-04-17T21:11:44.444+0000] {dag.py:3954} INFO - Setting next_dagrun for example_subdag_operator to 2022-01-01 00:00:00+00:00, run_after=2022-01-01 00:00:00+00:00
[2024-04-17T21:11:44.452+0000] {logging_mixin.py:188} INFO - [2024-04-17T21:11:44.451+0000] {dag.py:3954} INFO - Setting next_dagrun for example_subdag_operator.section-1 to None, run_after=None
[2024-04-17T21:11:44.454+0000] {logging_mixin.py:188} INFO - [2024-04-17T21:11:44.454+0000] {dag.py:3954} INFO - Setting next_dagrun for example_subdag_operator.section-2 to None, run_after=None
[2024-04-17T21:11:44.706+0000] {logging_mixin.py:188} INFO - [2024-04-17T21:11:44.705+0000] {dag.py:3096} INFO - Sync 2 DAGs
[2024-04-17T21:11:44.733+0000] {logging_mixin.py:188} INFO - [2024-04-17T21:11:44.732+0000] {dag.py:3954} INFO - Setting next_dagrun for example_subdag_operator.section-1 to None, run_after=None
[2024-04-17T21:11:44.735+0000] {logging_mixin.py:188} INFO - [2024-04-17T21:11:44.734+0000] {dag.py:3954} INFO - Setting next_dagrun for example_subdag_operator.section-2 to None, run_after=None
[2024-04-17T21:11:44.767+0000] {processor.py:183} INFO - Processing /home/airflow/.local/lib/python3.12/site-packages/airflow/example_dags/example_subdag_operator.py took 0.483 seconds
[2024-04-17T21:12:14.943+0000] {processor.py:161} INFO - Started process (PID=909) to work on /home/airflow/.local/lib/python3.12/site-packages/airflow/example_dags/example_subdag_operator.py
[2024-04-17T21:12:14.945+0000] {processor.py:830} INFO - Processing file /home/airflow/.local/lib/python3.12/site-packages/airflow/example_dags/example_subdag_operator.py for tasks to queue
[2024-04-17T21:12:14.948+0000] {logging_mixin.py:188} INFO - [2024-04-17T21:12:14.947+0000] {dagbag.py:540} INFO - Filling up the DagBag from /home/airflow/.local/lib/python3.12/site-packages/airflow/example_dags/example_subdag_operator.py
[2024-04-17T21:12:14.988+0000] {processor.py:840} INFO - DAG(s) 'example_subdag_operator.section-1', 'example_subdag_operator.section-2', 'example_subdag_operator' retrieved from /home/airflow/.local/lib/python3.12/site-packages/airflow/example_dags/example_subdag_operator.py
[2024-04-17T21:12:15.018+0000] {logging_mixin.py:188} INFO - [2024-04-17T21:12:15.017+0000] {dag.py:3096} INFO - Sync 3 DAGs
[2024-04-17T21:12:15.056+0000] {logging_mixin.py:188} INFO - [2024-04-17T21:12:15.055+0000] {dag.py:3954} INFO - Setting next_dagrun for example_subdag_operator to 2022-01-01 00:00:00+00:00, run_after=2022-01-01 00:00:00+00:00
[2024-04-17T21:12:15.062+0000] {logging_mixin.py:188} INFO - [2024-04-17T21:12:15.062+0000] {dag.py:3954} INFO - Setting next_dagrun for example_subdag_operator.section-1 to None, run_after=None
[2024-04-17T21:12:15.065+0000] {logging_mixin.py:188} INFO - [2024-04-17T21:12:15.065+0000] {dag.py:3954} INFO - Setting next_dagrun for example_subdag_operator.section-2 to None, run_after=None
[2024-04-17T21:12:15.079+0000] {logging_mixin.py:188} INFO - [2024-04-17T21:12:15.078+0000] {dag.py:3096} INFO - Sync 2 DAGs
[2024-04-17T21:12:15.088+0000] {logging_mixin.py:188} INFO - [2024-04-17T21:12:15.088+0000] {dag.py:3954} INFO - Setting next_dagrun for example_subdag_operator.section-1 to None, run_after=None
[2024-04-17T21:12:15.089+0000] {logging_mixin.py:188} INFO - [2024-04-17T21:12:15.089+0000] {dag.py:3954} INFO - Setting next_dagrun for example_subdag_operator.section-2 to None, run_after=None
[2024-04-17T21:12:15.111+0000] {processor.py:183} INFO - Processing /home/airflow/.local/lib/python3.12/site-packages/airflow/example_dags/example_subdag_operator.py took 0.177 seconds
[2024-04-17T21:12:45.182+0000] {processor.py:161} INFO - Started process (PID=964) to work on /home/airflow/.local/lib/python3.12/site-packages/airflow/example_dags/example_subdag_operator.py
[2024-04-17T21:12:45.184+0000] {processor.py:830} INFO - Processing file /home/airflow/.local/lib/python3.12/site-packages/airflow/example_dags/example_subdag_operator.py for tasks to queue
[2024-04-17T21:12:45.187+0000] {logging_mixin.py:188} INFO - [2024-04-17T21:12:45.186+0000] {dagbag.py:540} INFO - Filling up the DagBag from /home/airflow/.local/lib/python3.12/site-packages/airflow/example_dags/example_subdag_operator.py
[2024-04-17T21:12:45.248+0000] {processor.py:840} INFO - DAG(s) 'example_subdag_operator.section-1', 'example_subdag_operator.section-2', 'example_subdag_operator' retrieved from /home/airflow/.local/lib/python3.12/site-packages/airflow/example_dags/example_subdag_operator.py
[2024-04-17T21:12:45.283+0000] {logging_mixin.py:188} INFO - [2024-04-17T21:12:45.282+0000] {dag.py:3096} INFO - Sync 3 DAGs
[2024-04-17T21:12:45.326+0000] {logging_mixin.py:188} INFO - [2024-04-17T21:12:45.326+0000] {dag.py:3954} INFO - Setting next_dagrun for example_subdag_operator to 2022-01-01 00:00:00+00:00, run_after=2022-01-01 00:00:00+00:00
[2024-04-17T21:12:45.334+0000] {logging_mixin.py:188} INFO - [2024-04-17T21:12:45.334+0000] {dag.py:3954} INFO - Setting next_dagrun for example_subdag_operator.section-1 to None, run_after=None
[2024-04-17T21:12:45.339+0000] {logging_mixin.py:188} INFO - [2024-04-17T21:12:45.338+0000] {dag.py:3954} INFO - Setting next_dagrun for example_subdag_operator.section-2 to None, run_after=None
[2024-04-17T21:12:45.353+0000] {logging_mixin.py:188} INFO - [2024-04-17T21:12:45.353+0000] {dag.py:3096} INFO - Sync 2 DAGs
[2024-04-17T21:12:45.364+0000] {logging_mixin.py:188} INFO - [2024-04-17T21:12:45.364+0000] {dag.py:3954} INFO - Setting next_dagrun for example_subdag_operator.section-1 to None, run_after=None
[2024-04-17T21:12:45.365+0000] {logging_mixin.py:188} INFO - [2024-04-17T21:12:45.365+0000] {dag.py:3954} INFO - Setting next_dagrun for example_subdag_operator.section-2 to None, run_after=None
[2024-04-17T21:12:45.394+0000] {processor.py:183} INFO - Processing /home/airflow/.local/lib/python3.12/site-packages/airflow/example_dags/example_subdag_operator.py took 0.218 seconds
[2024-04-17T21:13:15.742+0000] {processor.py:161} INFO - Started process (PID=1022) to work on /home/airflow/.local/lib/python3.12/site-packages/airflow/example_dags/example_subdag_operator.py
[2024-04-17T21:13:15.744+0000] {processor.py:830} INFO - Processing file /home/airflow/.local/lib/python3.12/site-packages/airflow/example_dags/example_subdag_operator.py for tasks to queue
[2024-04-17T21:13:15.747+0000] {logging_mixin.py:188} INFO - [2024-04-17T21:13:15.746+0000] {dagbag.py:540} INFO - Filling up the DagBag from /home/airflow/.local/lib/python3.12/site-packages/airflow/example_dags/example_subdag_operator.py
[2024-04-17T21:13:15.796+0000] {processor.py:840} INFO - DAG(s) 'example_subdag_operator.section-1', 'example_subdag_operator.section-2', 'example_subdag_operator' retrieved from /home/airflow/.local/lib/python3.12/site-packages/airflow/example_dags/example_subdag_operator.py
[2024-04-17T21:13:15.832+0000] {logging_mixin.py:188} INFO - [2024-04-17T21:13:15.831+0000] {dag.py:3096} INFO - Sync 3 DAGs
[2024-04-17T21:13:16.068+0000] {logging_mixin.py:188} INFO - [2024-04-17T21:13:16.067+0000] {dag.py:3954} INFO - Setting next_dagrun for example_subdag_operator to 2022-01-01 00:00:00+00:00, run_after=2022-01-01 00:00:00+00:00
[2024-04-17T21:13:16.079+0000] {logging_mixin.py:188} INFO - [2024-04-17T21:13:16.079+0000] {dag.py:3954} INFO - Setting next_dagrun for example_subdag_operator.section-1 to None, run_after=None
[2024-04-17T21:13:16.082+0000] {logging_mixin.py:188} INFO - [2024-04-17T21:13:16.082+0000] {dag.py:3954} INFO - Setting next_dagrun for example_subdag_operator.section-2 to None, run_after=None
[2024-04-17T21:13:16.096+0000] {logging_mixin.py:188} INFO - [2024-04-17T21:13:16.095+0000] {dag.py:3096} INFO - Sync 2 DAGs
[2024-04-17T21:13:16.110+0000] {logging_mixin.py:188} INFO - [2024-04-17T21:13:16.110+0000] {dag.py:3954} INFO - Setting next_dagrun for example_subdag_operator.section-1 to None, run_after=None
[2024-04-17T21:13:16.112+0000] {logging_mixin.py:188} INFO - [2024-04-17T21:13:16.111+0000] {dag.py:3954} INFO - Setting next_dagrun for example_subdag_operator.section-2 to None, run_after=None
[2024-04-17T21:13:16.145+0000] {processor.py:183} INFO - Processing /home/airflow/.local/lib/python3.12/site-packages/airflow/example_dags/example_subdag_operator.py took 0.415 seconds
[2024-04-17T21:15:04.443+0000] {processor.py:161} INFO - Started process (PID=72) to work on /home/airflow/.local/lib/python3.12/site-packages/airflow/example_dags/example_subdag_operator.py
[2024-04-17T21:15:04.445+0000] {processor.py:830} INFO - Processing file /home/airflow/.local/lib/python3.12/site-packages/airflow/example_dags/example_subdag_operator.py for tasks to queue
[2024-04-17T21:15:04.448+0000] {logging_mixin.py:188} INFO - [2024-04-17T21:15:04.448+0000] {dagbag.py:540} INFO - Filling up the DagBag from /home/airflow/.local/lib/python3.12/site-packages/airflow/example_dags/example_subdag_operator.py
[2024-04-17T21:15:04.491+0000] {processor.py:840} INFO - DAG(s) 'example_subdag_operator.section-1', 'example_subdag_operator.section-2', 'example_subdag_operator' retrieved from /home/airflow/.local/lib/python3.12/site-packages/airflow/example_dags/example_subdag_operator.py
[2024-04-17T21:15:04.691+0000] {logging_mixin.py:188} INFO - [2024-04-17T21:15:04.690+0000] {dag.py:3096} INFO - Sync 3 DAGs
[2024-04-17T21:15:04.742+0000] {logging_mixin.py:188} INFO - [2024-04-17T21:15:04.742+0000] {dag.py:3954} INFO - Setting next_dagrun for example_subdag_operator to 2022-01-01 00:00:00+00:00, run_after=2022-01-01 00:00:00+00:00
[2024-04-17T21:15:04.753+0000] {logging_mixin.py:188} INFO - [2024-04-17T21:15:04.752+0000] {dag.py:3954} INFO - Setting next_dagrun for example_subdag_operator.section-1 to None, run_after=None
[2024-04-17T21:15:04.756+0000] {logging_mixin.py:188} INFO - [2024-04-17T21:15:04.755+0000] {dag.py:3954} INFO - Setting next_dagrun for example_subdag_operator.section-2 to None, run_after=None
[2024-04-17T21:15:04.783+0000] {logging_mixin.py:188} INFO - [2024-04-17T21:15:04.782+0000] {dag.py:3096} INFO - Sync 2 DAGs
[2024-04-17T21:15:04.794+0000] {logging_mixin.py:188} INFO - [2024-04-17T21:15:04.793+0000] {dag.py:3954} INFO - Setting next_dagrun for example_subdag_operator.section-1 to None, run_after=None
[2024-04-17T21:15:04.795+0000] {logging_mixin.py:188} INFO - [2024-04-17T21:15:04.795+0000] {dag.py:3954} INFO - Setting next_dagrun for example_subdag_operator.section-2 to None, run_after=None
[2024-04-17T21:15:04.822+0000] {processor.py:183} INFO - Processing /home/airflow/.local/lib/python3.12/site-packages/airflow/example_dags/example_subdag_operator.py took 0.389 seconds
[2024-04-17T21:15:35.178+0000] {processor.py:161} INFO - Started process (PID=130) to work on /home/airflow/.local/lib/python3.12/site-packages/airflow/example_dags/example_subdag_operator.py
[2024-04-17T21:15:35.180+0000] {processor.py:830} INFO - Processing file /home/airflow/.local/lib/python3.12/site-packages/airflow/example_dags/example_subdag_operator.py for tasks to queue
[2024-04-17T21:15:35.183+0000] {logging_mixin.py:188} INFO - [2024-04-17T21:15:35.182+0000] {dagbag.py:540} INFO - Filling up the DagBag from /home/airflow/.local/lib/python3.12/site-packages/airflow/example_dags/example_subdag_operator.py
[2024-04-17T21:15:35.230+0000] {processor.py:840} INFO - DAG(s) 'example_subdag_operator.section-1', 'example_subdag_operator.section-2', 'example_subdag_operator' retrieved from /home/airflow/.local/lib/python3.12/site-packages/airflow/example_dags/example_subdag_operator.py
[2024-04-17T21:15:35.262+0000] {logging_mixin.py:188} INFO - [2024-04-17T21:15:35.261+0000] {dag.py:3096} INFO - Sync 3 DAGs
[2024-04-17T21:15:35.312+0000] {logging_mixin.py:188} INFO - [2024-04-17T21:15:35.311+0000] {dag.py:3954} INFO - Setting next_dagrun for example_subdag_operator to 2022-01-01 00:00:00+00:00, run_after=2022-01-01 00:00:00+00:00
[2024-04-17T21:15:35.333+0000] {logging_mixin.py:188} INFO - [2024-04-17T21:15:35.332+0000] {dag.py:3954} INFO - Setting next_dagrun for example_subdag_operator.section-1 to None, run_after=None
[2024-04-17T21:15:35.346+0000] {logging_mixin.py:188} INFO - [2024-04-17T21:15:35.345+0000] {dag.py:3954} INFO - Setting next_dagrun for example_subdag_operator.section-2 to None, run_after=None
[2024-04-17T21:15:35.376+0000] {logging_mixin.py:188} INFO - [2024-04-17T21:15:35.375+0000] {dag.py:3096} INFO - Sync 2 DAGs
[2024-04-17T21:15:35.388+0000] {logging_mixin.py:188} INFO - [2024-04-17T21:15:35.388+0000] {dag.py:3954} INFO - Setting next_dagrun for example_subdag_operator.section-1 to None, run_after=None
[2024-04-17T21:15:35.390+0000] {logging_mixin.py:188} INFO - [2024-04-17T21:15:35.389+0000] {dag.py:3954} INFO - Setting next_dagrun for example_subdag_operator.section-2 to None, run_after=None
[2024-04-17T21:15:35.425+0000] {processor.py:183} INFO - Processing /home/airflow/.local/lib/python3.12/site-packages/airflow/example_dags/example_subdag_operator.py took 0.260 seconds
[2024-04-17T21:16:06.289+0000] {processor.py:161} INFO - Started process (PID=188) to work on /home/airflow/.local/lib/python3.12/site-packages/airflow/example_dags/example_subdag_operator.py
[2024-04-17T21:16:06.291+0000] {processor.py:830} INFO - Processing file /home/airflow/.local/lib/python3.12/site-packages/airflow/example_dags/example_subdag_operator.py for tasks to queue
[2024-04-17T21:16:06.294+0000] {logging_mixin.py:188} INFO - [2024-04-17T21:16:06.293+0000] {dagbag.py:540} INFO - Filling up the DagBag from /home/airflow/.local/lib/python3.12/site-packages/airflow/example_dags/example_subdag_operator.py
[2024-04-17T21:16:06.331+0000] {processor.py:840} INFO - DAG(s) 'example_subdag_operator.section-1', 'example_subdag_operator.section-2', 'example_subdag_operator' retrieved from /home/airflow/.local/lib/python3.12/site-packages/airflow/example_dags/example_subdag_operator.py
[2024-04-17T21:16:06.358+0000] {logging_mixin.py:188} INFO - [2024-04-17T21:16:06.358+0000] {dag.py:3096} INFO - Sync 3 DAGs
[2024-04-17T21:16:06.402+0000] {logging_mixin.py:188} INFO - [2024-04-17T21:16:06.401+0000] {dag.py:3954} INFO - Setting next_dagrun for example_subdag_operator to 2022-01-01 00:00:00+00:00, run_after=2022-01-01 00:00:00+00:00
[2024-04-17T21:16:06.415+0000] {logging_mixin.py:188} INFO - [2024-04-17T21:16:06.415+0000] {dag.py:3954} INFO - Setting next_dagrun for example_subdag_operator.section-1 to None, run_after=None
[2024-04-17T21:16:06.418+0000] {logging_mixin.py:188} INFO - [2024-04-17T21:16:06.418+0000] {dag.py:3954} INFO - Setting next_dagrun for example_subdag_operator.section-2 to None, run_after=None
[2024-04-17T21:16:06.435+0000] {logging_mixin.py:188} INFO - [2024-04-17T21:16:06.435+0000] {dag.py:3096} INFO - Sync 2 DAGs
[2024-04-17T21:16:06.452+0000] {logging_mixin.py:188} INFO - [2024-04-17T21:16:06.452+0000] {dag.py:3954} INFO - Setting next_dagrun for example_subdag_operator.section-1 to None, run_after=None
[2024-04-17T21:16:06.454+0000] {logging_mixin.py:188} INFO - [2024-04-17T21:16:06.454+0000] {dag.py:3954} INFO - Setting next_dagrun for example_subdag_operator.section-2 to None, run_after=None
[2024-04-17T21:16:06.486+0000] {processor.py:183} INFO - Processing /home/airflow/.local/lib/python3.12/site-packages/airflow/example_dags/example_subdag_operator.py took 0.206 seconds
[2024-04-17T21:16:36.879+0000] {processor.py:161} INFO - Started process (PID=246) to work on /home/airflow/.local/lib/python3.12/site-packages/airflow/example_dags/example_subdag_operator.py
[2024-04-17T21:16:36.881+0000] {processor.py:830} INFO - Processing file /home/airflow/.local/lib/python3.12/site-packages/airflow/example_dags/example_subdag_operator.py for tasks to queue
[2024-04-17T21:16:36.884+0000] {logging_mixin.py:188} INFO - [2024-04-17T21:16:36.883+0000] {dagbag.py:540} INFO - Filling up the DagBag from /home/airflow/.local/lib/python3.12/site-packages/airflow/example_dags/example_subdag_operator.py
[2024-04-17T21:16:36.922+0000] {processor.py:840} INFO - DAG(s) 'example_subdag_operator.section-1', 'example_subdag_operator.section-2', 'example_subdag_operator' retrieved from /home/airflow/.local/lib/python3.12/site-packages/airflow/example_dags/example_subdag_operator.py
[2024-04-17T21:16:36.961+0000] {logging_mixin.py:188} INFO - [2024-04-17T21:16:36.960+0000] {dag.py:3096} INFO - Sync 3 DAGs
[2024-04-17T21:16:37.008+0000] {logging_mixin.py:188} INFO - [2024-04-17T21:16:37.008+0000] {dag.py:3954} INFO - Setting next_dagrun for example_subdag_operator to 2022-01-01 00:00:00+00:00, run_after=2022-01-01 00:00:00+00:00
[2024-04-17T21:16:37.016+0000] {logging_mixin.py:188} INFO - [2024-04-17T21:16:37.016+0000] {dag.py:3954} INFO - Setting next_dagrun for example_subdag_operator.section-1 to None, run_after=None
[2024-04-17T21:16:37.020+0000] {logging_mixin.py:188} INFO - [2024-04-17T21:16:37.019+0000] {dag.py:3954} INFO - Setting next_dagrun for example_subdag_operator.section-2 to None, run_after=None
[2024-04-17T21:16:37.038+0000] {logging_mixin.py:188} INFO - [2024-04-17T21:16:37.038+0000] {dag.py:3096} INFO - Sync 2 DAGs
[2024-04-17T21:16:37.051+0000] {logging_mixin.py:188} INFO - [2024-04-17T21:16:37.050+0000] {dag.py:3954} INFO - Setting next_dagrun for example_subdag_operator.section-1 to None, run_after=None
[2024-04-17T21:16:37.052+0000] {logging_mixin.py:188} INFO - [2024-04-17T21:16:37.052+0000] {dag.py:3954} INFO - Setting next_dagrun for example_subdag_operator.section-2 to None, run_after=None
[2024-04-17T21:16:37.079+0000] {processor.py:183} INFO - Processing /home/airflow/.local/lib/python3.12/site-packages/airflow/example_dags/example_subdag_operator.py took 0.208 seconds
[2024-04-17T21:17:07.291+0000] {processor.py:161} INFO - Started process (PID=305) to work on /home/airflow/.local/lib/python3.12/site-packages/airflow/example_dags/example_subdag_operator.py
[2024-04-17T21:17:07.293+0000] {processor.py:830} INFO - Processing file /home/airflow/.local/lib/python3.12/site-packages/airflow/example_dags/example_subdag_operator.py for tasks to queue
[2024-04-17T21:17:07.296+0000] {logging_mixin.py:188} INFO - [2024-04-17T21:17:07.296+0000] {dagbag.py:540} INFO - Filling up the DagBag from /home/airflow/.local/lib/python3.12/site-packages/airflow/example_dags/example_subdag_operator.py
[2024-04-17T21:17:07.340+0000] {processor.py:840} INFO - DAG(s) 'example_subdag_operator.section-1', 'example_subdag_operator.section-2', 'example_subdag_operator' retrieved from /home/airflow/.local/lib/python3.12/site-packages/airflow/example_dags/example_subdag_operator.py
[2024-04-17T21:17:07.378+0000] {logging_mixin.py:188} INFO - [2024-04-17T21:17:07.378+0000] {dag.py:3096} INFO - Sync 3 DAGs
[2024-04-17T21:17:07.423+0000] {logging_mixin.py:188} INFO - [2024-04-17T21:17:07.423+0000] {dag.py:3954} INFO - Setting next_dagrun for example_subdag_operator to 2022-01-01 00:00:00+00:00, run_after=2022-01-01 00:00:00+00:00
[2024-04-17T21:17:07.431+0000] {logging_mixin.py:188} INFO - [2024-04-17T21:17:07.431+0000] {dag.py:3954} INFO - Setting next_dagrun for example_subdag_operator.section-1 to None, run_after=None
[2024-04-17T21:17:07.435+0000] {logging_mixin.py:188} INFO - [2024-04-17T21:17:07.434+0000] {dag.py:3954} INFO - Setting next_dagrun for example_subdag_operator.section-2 to None, run_after=None
[2024-04-17T21:17:07.450+0000] {logging_mixin.py:188} INFO - [2024-04-17T21:17:07.450+0000] {dag.py:3096} INFO - Sync 2 DAGs
[2024-04-17T21:17:07.461+0000] {logging_mixin.py:188} INFO - [2024-04-17T21:17:07.460+0000] {dag.py:3954} INFO - Setting next_dagrun for example_subdag_operator.section-1 to None, run_after=None
[2024-04-17T21:17:07.463+0000] {logging_mixin.py:188} INFO - [2024-04-17T21:17:07.462+0000] {dag.py:3954} INFO - Setting next_dagrun for example_subdag_operator.section-2 to None, run_after=None
[2024-04-17T21:17:07.495+0000] {processor.py:183} INFO - Processing /home/airflow/.local/lib/python3.12/site-packages/airflow/example_dags/example_subdag_operator.py took 0.214 seconds
[2024-04-17T21:17:38.342+0000] {processor.py:161} INFO - Started process (PID=363) to work on /home/airflow/.local/lib/python3.12/site-packages/airflow/example_dags/example_subdag_operator.py
[2024-04-17T21:17:38.343+0000] {processor.py:830} INFO - Processing file /home/airflow/.local/lib/python3.12/site-packages/airflow/example_dags/example_subdag_operator.py for tasks to queue
[2024-04-17T21:17:38.346+0000] {logging_mixin.py:188} INFO - [2024-04-17T21:17:38.346+0000] {dagbag.py:540} INFO - Filling up the DagBag from /home/airflow/.local/lib/python3.12/site-packages/airflow/example_dags/example_subdag_operator.py
[2024-04-17T21:17:38.389+0000] {processor.py:840} INFO - DAG(s) 'example_subdag_operator.section-1', 'example_subdag_operator.section-2', 'example_subdag_operator' retrieved from /home/airflow/.local/lib/python3.12/site-packages/airflow/example_dags/example_subdag_operator.py
[2024-04-17T21:17:38.420+0000] {logging_mixin.py:188} INFO - [2024-04-17T21:17:38.419+0000] {dag.py:3096} INFO - Sync 3 DAGs
[2024-04-17T21:17:38.460+0000] {logging_mixin.py:188} INFO - [2024-04-17T21:17:38.459+0000] {dag.py:3954} INFO - Setting next_dagrun for example_subdag_operator to 2022-01-01 00:00:00+00:00, run_after=2022-01-01 00:00:00+00:00
[2024-04-17T21:17:38.466+0000] {logging_mixin.py:188} INFO - [2024-04-17T21:17:38.465+0000] {dag.py:3954} INFO - Setting next_dagrun for example_subdag_operator.section-1 to None, run_after=None
[2024-04-17T21:17:38.470+0000] {logging_mixin.py:188} INFO - [2024-04-17T21:17:38.469+0000] {dag.py:3954} INFO - Setting next_dagrun for example_subdag_operator.section-2 to None, run_after=None
[2024-04-17T21:17:38.483+0000] {logging_mixin.py:188} INFO - [2024-04-17T21:17:38.482+0000] {dag.py:3096} INFO - Sync 2 DAGs
[2024-04-17T21:17:38.493+0000] {logging_mixin.py:188} INFO - [2024-04-17T21:17:38.493+0000] {dag.py:3954} INFO - Setting next_dagrun for example_subdag_operator.section-1 to None, run_after=None
[2024-04-17T21:17:38.495+0000] {logging_mixin.py:188} INFO - [2024-04-17T21:17:38.494+0000] {dag.py:3954} INFO - Setting next_dagrun for example_subdag_operator.section-2 to None, run_after=None
[2024-04-17T21:17:38.516+0000] {processor.py:183} INFO - Processing /home/airflow/.local/lib/python3.12/site-packages/airflow/example_dags/example_subdag_operator.py took 0.182 seconds
[2024-04-17T21:18:09.158+0000] {processor.py:161} INFO - Started process (PID=421) to work on /home/airflow/.local/lib/python3.12/site-packages/airflow/example_dags/example_subdag_operator.py
[2024-04-17T21:18:09.159+0000] {processor.py:830} INFO - Processing file /home/airflow/.local/lib/python3.12/site-packages/airflow/example_dags/example_subdag_operator.py for tasks to queue
[2024-04-17T21:18:09.163+0000] {logging_mixin.py:188} INFO - [2024-04-17T21:18:09.162+0000] {dagbag.py:540} INFO - Filling up the DagBag from /home/airflow/.local/lib/python3.12/site-packages/airflow/example_dags/example_subdag_operator.py
[2024-04-17T21:18:09.211+0000] {processor.py:840} INFO - DAG(s) 'example_subdag_operator.section-1', 'example_subdag_operator.section-2', 'example_subdag_operator' retrieved from /home/airflow/.local/lib/python3.12/site-packages/airflow/example_dags/example_subdag_operator.py
[2024-04-17T21:18:09.247+0000] {logging_mixin.py:188} INFO - [2024-04-17T21:18:09.246+0000] {dag.py:3096} INFO - Sync 3 DAGs
[2024-04-17T21:18:09.291+0000] {logging_mixin.py:188} INFO - [2024-04-17T21:18:09.291+0000] {dag.py:3954} INFO - Setting next_dagrun for example_subdag_operator to 2022-01-01 00:00:00+00:00, run_after=2022-01-01 00:00:00+00:00
[2024-04-17T21:18:09.300+0000] {logging_mixin.py:188} INFO - [2024-04-17T21:18:09.299+0000] {dag.py:3954} INFO - Setting next_dagrun for example_subdag_operator.section-1 to None, run_after=None
[2024-04-17T21:18:09.304+0000] {logging_mixin.py:188} INFO - [2024-04-17T21:18:09.303+0000] {dag.py:3954} INFO - Setting next_dagrun for example_subdag_operator.section-2 to None, run_after=None
[2024-04-17T21:18:09.322+0000] {logging_mixin.py:188} INFO - [2024-04-17T21:18:09.321+0000] {dag.py:3096} INFO - Sync 2 DAGs
[2024-04-17T21:18:09.335+0000] {logging_mixin.py:188} INFO - [2024-04-17T21:18:09.335+0000] {dag.py:3954} INFO - Setting next_dagrun for example_subdag_operator.section-1 to None, run_after=None
[2024-04-17T21:18:09.338+0000] {logging_mixin.py:188} INFO - [2024-04-17T21:18:09.337+0000] {dag.py:3954} INFO - Setting next_dagrun for example_subdag_operator.section-2 to None, run_after=None
[2024-04-17T21:18:09.373+0000] {processor.py:183} INFO - Processing /home/airflow/.local/lib/python3.12/site-packages/airflow/example_dags/example_subdag_operator.py took 0.225 seconds
[2024-04-17T21:18:39.564+0000] {processor.py:161} INFO - Started process (PID=479) to work on /home/airflow/.local/lib/python3.12/site-packages/airflow/example_dags/example_subdag_operator.py
[2024-04-17T21:18:39.566+0000] {processor.py:830} INFO - Processing file /home/airflow/.local/lib/python3.12/site-packages/airflow/example_dags/example_subdag_operator.py for tasks to queue
[2024-04-17T21:18:39.571+0000] {logging_mixin.py:188} INFO - [2024-04-17T21:18:39.570+0000] {dagbag.py:540} INFO - Filling up the DagBag from /home/airflow/.local/lib/python3.12/site-packages/airflow/example_dags/example_subdag_operator.py
[2024-04-17T21:18:39.639+0000] {processor.py:840} INFO - DAG(s) 'example_subdag_operator.section-1', 'example_subdag_operator.section-2', 'example_subdag_operator' retrieved from /home/airflow/.local/lib/python3.12/site-packages/airflow/example_dags/example_subdag_operator.py
[2024-04-17T21:18:39.691+0000] {logging_mixin.py:188} INFO - [2024-04-17T21:18:39.690+0000] {dag.py:3096} INFO - Sync 3 DAGs
[2024-04-17T21:18:39.748+0000] {logging_mixin.py:188} INFO - [2024-04-17T21:18:39.747+0000] {dag.py:3954} INFO - Setting next_dagrun for example_subdag_operator to 2022-01-01 00:00:00+00:00, run_after=2022-01-01 00:00:00+00:00
[2024-04-17T21:18:39.756+0000] {logging_mixin.py:188} INFO - [2024-04-17T21:18:39.756+0000] {dag.py:3954} INFO - Setting next_dagrun for example_subdag_operator.section-1 to None, run_after=None
[2024-04-17T21:18:39.761+0000] {logging_mixin.py:188} INFO - [2024-04-17T21:18:39.760+0000] {dag.py:3954} INFO - Setting next_dagrun for example_subdag_operator.section-2 to None, run_after=None
[2024-04-17T21:18:39.781+0000] {logging_mixin.py:188} INFO - [2024-04-17T21:18:39.781+0000] {dag.py:3096} INFO - Sync 2 DAGs
[2024-04-17T21:18:39.794+0000] {logging_mixin.py:188} INFO - [2024-04-17T21:18:39.793+0000] {dag.py:3954} INFO - Setting next_dagrun for example_subdag_operator.section-1 to None, run_after=None
[2024-04-17T21:18:39.795+0000] {logging_mixin.py:188} INFO - [2024-04-17T21:18:39.795+0000] {dag.py:3954} INFO - Setting next_dagrun for example_subdag_operator.section-2 to None, run_after=None
[2024-04-17T21:18:39.826+0000] {processor.py:183} INFO - Processing /home/airflow/.local/lib/python3.12/site-packages/airflow/example_dags/example_subdag_operator.py took 0.274 seconds
[2024-04-17T21:19:10.105+0000] {processor.py:161} INFO - Started process (PID=537) to work on /home/airflow/.local/lib/python3.12/site-packages/airflow/example_dags/example_subdag_operator.py
[2024-04-17T21:19:10.107+0000] {processor.py:830} INFO - Processing file /home/airflow/.local/lib/python3.12/site-packages/airflow/example_dags/example_subdag_operator.py for tasks to queue
[2024-04-17T21:19:10.111+0000] {logging_mixin.py:188} INFO - [2024-04-17T21:19:10.110+0000] {dagbag.py:540} INFO - Filling up the DagBag from /home/airflow/.local/lib/python3.12/site-packages/airflow/example_dags/example_subdag_operator.py
[2024-04-17T21:19:10.159+0000] {processor.py:840} INFO - DAG(s) 'example_subdag_operator.section-1', 'example_subdag_operator.section-2', 'example_subdag_operator' retrieved from /home/airflow/.local/lib/python3.12/site-packages/airflow/example_dags/example_subdag_operator.py
[2024-04-17T21:19:10.193+0000] {logging_mixin.py:188} INFO - [2024-04-17T21:19:10.193+0000] {dag.py:3096} INFO - Sync 3 DAGs
[2024-04-17T21:19:10.236+0000] {logging_mixin.py:188} INFO - [2024-04-17T21:19:10.235+0000] {dag.py:3954} INFO - Setting next_dagrun for example_subdag_operator to 2022-01-01 00:00:00+00:00, run_after=2022-01-01 00:00:00+00:00
[2024-04-17T21:19:10.247+0000] {logging_mixin.py:188} INFO - [2024-04-17T21:19:10.246+0000] {dag.py:3954} INFO - Setting next_dagrun for example_subdag_operator.section-1 to None, run_after=None
[2024-04-17T21:19:10.251+0000] {logging_mixin.py:188} INFO - [2024-04-17T21:19:10.250+0000] {dag.py:3954} INFO - Setting next_dagrun for example_subdag_operator.section-2 to None, run_after=None
[2024-04-17T21:19:10.267+0000] {logging_mixin.py:188} INFO - [2024-04-17T21:19:10.266+0000] {dag.py:3096} INFO - Sync 2 DAGs
[2024-04-17T21:19:10.281+0000] {logging_mixin.py:188} INFO - [2024-04-17T21:19:10.281+0000] {dag.py:3954} INFO - Setting next_dagrun for example_subdag_operator.section-1 to None, run_after=None
[2024-04-17T21:19:10.283+0000] {logging_mixin.py:188} INFO - [2024-04-17T21:19:10.283+0000] {dag.py:3954} INFO - Setting next_dagrun for example_subdag_operator.section-2 to None, run_after=None
[2024-04-17T21:19:10.311+0000] {processor.py:183} INFO - Processing /home/airflow/.local/lib/python3.12/site-packages/airflow/example_dags/example_subdag_operator.py took 0.216 seconds
[2024-04-17T23:57:41.435+0000] {processor.py:161} INFO - Started process (PID=70) to work on /home/airflow/.local/lib/python3.12/site-packages/airflow/example_dags/example_subdag_operator.py
[2024-04-17T23:57:41.436+0000] {processor.py:830} INFO - Processing file /home/airflow/.local/lib/python3.12/site-packages/airflow/example_dags/example_subdag_operator.py for tasks to queue
[2024-04-17T23:57:41.439+0000] {logging_mixin.py:188} INFO - [2024-04-17T23:57:41.439+0000] {dagbag.py:540} INFO - Filling up the DagBag from /home/airflow/.local/lib/python3.12/site-packages/airflow/example_dags/example_subdag_operator.py
[2024-04-17T23:57:41.475+0000] {processor.py:840} INFO - DAG(s) 'example_subdag_operator.section-1', 'example_subdag_operator.section-2', 'example_subdag_operator' retrieved from /home/airflow/.local/lib/python3.12/site-packages/airflow/example_dags/example_subdag_operator.py
[2024-04-17T23:57:41.509+0000] {logging_mixin.py:188} INFO - [2024-04-17T23:57:41.509+0000] {dag.py:3096} INFO - Sync 3 DAGs
[2024-04-17T23:57:41.550+0000] {logging_mixin.py:188} INFO - [2024-04-17T23:57:41.550+0000] {dag.py:3954} INFO - Setting next_dagrun for example_subdag_operator to 2022-01-01 00:00:00+00:00, run_after=2022-01-01 00:00:00+00:00
[2024-04-17T23:57:41.560+0000] {logging_mixin.py:188} INFO - [2024-04-17T23:57:41.559+0000] {dag.py:3954} INFO - Setting next_dagrun for example_subdag_operator.section-1 to None, run_after=None
[2024-04-17T23:57:41.563+0000] {logging_mixin.py:188} INFO - [2024-04-17T23:57:41.562+0000] {dag.py:3954} INFO - Setting next_dagrun for example_subdag_operator.section-2 to None, run_after=None
[2024-04-17T23:57:41.578+0000] {logging_mixin.py:188} INFO - [2024-04-17T23:57:41.577+0000] {dag.py:3096} INFO - Sync 2 DAGs
[2024-04-17T23:57:41.590+0000] {logging_mixin.py:188} INFO - [2024-04-17T23:57:41.589+0000] {dag.py:3954} INFO - Setting next_dagrun for example_subdag_operator.section-1 to None, run_after=None
[2024-04-17T23:57:41.591+0000] {logging_mixin.py:188} INFO - [2024-04-17T23:57:41.591+0000] {dag.py:3954} INFO - Setting next_dagrun for example_subdag_operator.section-2 to None, run_after=None
[2024-04-17T23:57:41.615+0000] {processor.py:183} INFO - Processing /home/airflow/.local/lib/python3.12/site-packages/airflow/example_dags/example_subdag_operator.py took 0.188 seconds
[2024-04-17T23:58:12.818+0000] {processor.py:161} INFO - Started process (PID=128) to work on /home/airflow/.local/lib/python3.12/site-packages/airflow/example_dags/example_subdag_operator.py
[2024-04-17T23:58:12.819+0000] {processor.py:830} INFO - Processing file /home/airflow/.local/lib/python3.12/site-packages/airflow/example_dags/example_subdag_operator.py for tasks to queue
[2024-04-17T23:58:12.822+0000] {logging_mixin.py:188} INFO - [2024-04-17T23:58:12.822+0000] {dagbag.py:540} INFO - Filling up the DagBag from /home/airflow/.local/lib/python3.12/site-packages/airflow/example_dags/example_subdag_operator.py
[2024-04-17T23:58:12.860+0000] {processor.py:840} INFO - DAG(s) 'example_subdag_operator.section-1', 'example_subdag_operator.section-2', 'example_subdag_operator' retrieved from /home/airflow/.local/lib/python3.12/site-packages/airflow/example_dags/example_subdag_operator.py
[2024-04-17T23:58:12.919+0000] {logging_mixin.py:188} INFO - [2024-04-17T23:58:12.919+0000] {dag.py:3096} INFO - Sync 3 DAGs
[2024-04-17T23:58:12.962+0000] {logging_mixin.py:188} INFO - [2024-04-17T23:58:12.961+0000] {dag.py:3954} INFO - Setting next_dagrun for example_subdag_operator to 2022-01-01 00:00:00+00:00, run_after=2022-01-01 00:00:00+00:00
[2024-04-17T23:58:12.970+0000] {logging_mixin.py:188} INFO - [2024-04-17T23:58:12.970+0000] {dag.py:3954} INFO - Setting next_dagrun for example_subdag_operator.section-1 to None, run_after=None
[2024-04-17T23:58:12.976+0000] {logging_mixin.py:188} INFO - [2024-04-17T23:58:12.975+0000] {dag.py:3954} INFO - Setting next_dagrun for example_subdag_operator.section-2 to None, run_after=None
[2024-04-17T23:58:12.992+0000] {logging_mixin.py:188} INFO - [2024-04-17T23:58:12.991+0000] {dag.py:3096} INFO - Sync 2 DAGs
[2024-04-17T23:58:13.003+0000] {logging_mixin.py:188} INFO - [2024-04-17T23:58:13.002+0000] {dag.py:3954} INFO - Setting next_dagrun for example_subdag_operator.section-1 to None, run_after=None
[2024-04-17T23:58:13.005+0000] {logging_mixin.py:188} INFO - [2024-04-17T23:58:13.004+0000] {dag.py:3954} INFO - Setting next_dagrun for example_subdag_operator.section-2 to None, run_after=None
[2024-04-17T23:58:13.026+0000] {processor.py:183} INFO - Processing /home/airflow/.local/lib/python3.12/site-packages/airflow/example_dags/example_subdag_operator.py took 0.214 seconds
[2024-04-17T23:58:43.601+0000] {processor.py:161} INFO - Started process (PID=186) to work on /home/airflow/.local/lib/python3.12/site-packages/airflow/example_dags/example_subdag_operator.py
[2024-04-17T23:58:43.603+0000] {processor.py:830} INFO - Processing file /home/airflow/.local/lib/python3.12/site-packages/airflow/example_dags/example_subdag_operator.py for tasks to queue
[2024-04-17T23:58:43.606+0000] {logging_mixin.py:188} INFO - [2024-04-17T23:58:43.606+0000] {dagbag.py:540} INFO - Filling up the DagBag from /home/airflow/.local/lib/python3.12/site-packages/airflow/example_dags/example_subdag_operator.py
[2024-04-17T23:58:43.640+0000] {processor.py:840} INFO - DAG(s) 'example_subdag_operator.section-1', 'example_subdag_operator.section-2', 'example_subdag_operator' retrieved from /home/airflow/.local/lib/python3.12/site-packages/airflow/example_dags/example_subdag_operator.py
[2024-04-17T23:58:43.670+0000] {logging_mixin.py:188} INFO - [2024-04-17T23:58:43.669+0000] {dag.py:3096} INFO - Sync 3 DAGs
[2024-04-17T23:58:43.706+0000] {logging_mixin.py:188} INFO - [2024-04-17T23:58:43.706+0000] {dag.py:3954} INFO - Setting next_dagrun for example_subdag_operator to 2022-01-01 00:00:00+00:00, run_after=2022-01-01 00:00:00+00:00
[2024-04-17T23:58:43.713+0000] {logging_mixin.py:188} INFO - [2024-04-17T23:58:43.713+0000] {dag.py:3954} INFO - Setting next_dagrun for example_subdag_operator.section-1 to None, run_after=None
[2024-04-17T23:58:43.716+0000] {logging_mixin.py:188} INFO - [2024-04-17T23:58:43.715+0000] {dag.py:3954} INFO - Setting next_dagrun for example_subdag_operator.section-2 to None, run_after=None
[2024-04-17T23:58:43.730+0000] {logging_mixin.py:188} INFO - [2024-04-17T23:58:43.730+0000] {dag.py:3096} INFO - Sync 2 DAGs
[2024-04-17T23:58:43.740+0000] {logging_mixin.py:188} INFO - [2024-04-17T23:58:43.740+0000] {dag.py:3954} INFO - Setting next_dagrun for example_subdag_operator.section-1 to None, run_after=None
[2024-04-17T23:58:43.741+0000] {logging_mixin.py:188} INFO - [2024-04-17T23:58:43.741+0000] {dag.py:3954} INFO - Setting next_dagrun for example_subdag_operator.section-2 to None, run_after=None
[2024-04-17T23:58:43.762+0000] {processor.py:183} INFO - Processing /home/airflow/.local/lib/python3.12/site-packages/airflow/example_dags/example_subdag_operator.py took 0.171 seconds
[2024-04-17T23:59:14.720+0000] {processor.py:161} INFO - Started process (PID=244) to work on /home/airflow/.local/lib/python3.12/site-packages/airflow/example_dags/example_subdag_operator.py
[2024-04-17T23:59:14.721+0000] {processor.py:830} INFO - Processing file /home/airflow/.local/lib/python3.12/site-packages/airflow/example_dags/example_subdag_operator.py for tasks to queue
[2024-04-17T23:59:14.723+0000] {logging_mixin.py:188} INFO - [2024-04-17T23:59:14.723+0000] {dagbag.py:540} INFO - Filling up the DagBag from /home/airflow/.local/lib/python3.12/site-packages/airflow/example_dags/example_subdag_operator.py
[2024-04-17T23:59:14.757+0000] {processor.py:840} INFO - DAG(s) 'example_subdag_operator.section-1', 'example_subdag_operator.section-2', 'example_subdag_operator' retrieved from /home/airflow/.local/lib/python3.12/site-packages/airflow/example_dags/example_subdag_operator.py
[2024-04-17T23:59:14.779+0000] {logging_mixin.py:188} INFO - [2024-04-17T23:59:14.778+0000] {dag.py:3096} INFO - Sync 3 DAGs
[2024-04-17T23:59:14.821+0000] {logging_mixin.py:188} INFO - [2024-04-17T23:59:14.820+0000] {dag.py:3954} INFO - Setting next_dagrun for example_subdag_operator to 2022-01-01 00:00:00+00:00, run_after=2022-01-01 00:00:00+00:00
[2024-04-17T23:59:14.828+0000] {logging_mixin.py:188} INFO - [2024-04-17T23:59:14.827+0000] {dag.py:3954} INFO - Setting next_dagrun for example_subdag_operator.section-1 to None, run_after=None
[2024-04-17T23:59:14.831+0000] {logging_mixin.py:188} INFO - [2024-04-17T23:59:14.830+0000] {dag.py:3954} INFO - Setting next_dagrun for example_subdag_operator.section-2 to None, run_after=None
[2024-04-17T23:59:14.842+0000] {logging_mixin.py:188} INFO - [2024-04-17T23:59:14.842+0000] {dag.py:3096} INFO - Sync 2 DAGs
[2024-04-17T23:59:14.851+0000] {logging_mixin.py:188} INFO - [2024-04-17T23:59:14.851+0000] {dag.py:3954} INFO - Setting next_dagrun for example_subdag_operator.section-1 to None, run_after=None
[2024-04-17T23:59:14.852+0000] {logging_mixin.py:188} INFO - [2024-04-17T23:59:14.852+0000] {dag.py:3954} INFO - Setting next_dagrun for example_subdag_operator.section-2 to None, run_after=None
[2024-04-17T23:59:14.873+0000] {processor.py:183} INFO - Processing /home/airflow/.local/lib/python3.12/site-packages/airflow/example_dags/example_subdag_operator.py took 0.160 seconds
[2024-04-17T23:59:45.827+0000] {processor.py:161} INFO - Started process (PID=303) to work on /home/airflow/.local/lib/python3.12/site-packages/airflow/example_dags/example_subdag_operator.py
[2024-04-17T23:59:45.829+0000] {processor.py:830} INFO - Processing file /home/airflow/.local/lib/python3.12/site-packages/airflow/example_dags/example_subdag_operator.py for tasks to queue
[2024-04-17T23:59:45.833+0000] {logging_mixin.py:188} INFO - [2024-04-17T23:59:45.832+0000] {dagbag.py:540} INFO - Filling up the DagBag from /home/airflow/.local/lib/python3.12/site-packages/airflow/example_dags/example_subdag_operator.py
[2024-04-17T23:59:45.871+0000] {processor.py:840} INFO - DAG(s) 'example_subdag_operator.section-1', 'example_subdag_operator.section-2', 'example_subdag_operator' retrieved from /home/airflow/.local/lib/python3.12/site-packages/airflow/example_dags/example_subdag_operator.py
[2024-04-17T23:59:45.899+0000] {logging_mixin.py:188} INFO - [2024-04-17T23:59:45.899+0000] {dag.py:3096} INFO - Sync 3 DAGs
[2024-04-17T23:59:45.936+0000] {logging_mixin.py:188} INFO - [2024-04-17T23:59:45.935+0000] {dag.py:3954} INFO - Setting next_dagrun for example_subdag_operator to 2022-01-01 00:00:00+00:00, run_after=2022-01-01 00:00:00+00:00
[2024-04-17T23:59:45.942+0000] {logging_mixin.py:188} INFO - [2024-04-17T23:59:45.942+0000] {dag.py:3954} INFO - Setting next_dagrun for example_subdag_operator.section-1 to None, run_after=None
[2024-04-17T23:59:45.945+0000] {logging_mixin.py:188} INFO - [2024-04-17T23:59:45.945+0000] {dag.py:3954} INFO - Setting next_dagrun for example_subdag_operator.section-2 to None, run_after=None
[2024-04-17T23:59:45.957+0000] {logging_mixin.py:188} INFO - [2024-04-17T23:59:45.957+0000] {dag.py:3096} INFO - Sync 2 DAGs
[2024-04-17T23:59:45.966+0000] {logging_mixin.py:188} INFO - [2024-04-17T23:59:45.966+0000] {dag.py:3954} INFO - Setting next_dagrun for example_subdag_operator.section-1 to None, run_after=None
[2024-04-17T23:59:45.967+0000] {logging_mixin.py:188} INFO - [2024-04-17T23:59:45.967+0000] {dag.py:3954} INFO - Setting next_dagrun for example_subdag_operator.section-2 to None, run_after=None
[2024-04-17T23:59:45.987+0000] {processor.py:183} INFO - Processing /home/airflow/.local/lib/python3.12/site-packages/airflow/example_dags/example_subdag_operator.py took 0.168 seconds
