[2024-04-17T21:04:12.917+0000] {processor.py:161} INFO - Started process (PID=51) to work on /home/airflow/.local/lib/python3.12/site-packages/airflow/example_dags/example_sla_dag.py
[2024-04-17T21:04:12.919+0000] {processor.py:830} INFO - Processing file /home/airflow/.local/lib/python3.12/site-packages/airflow/example_dags/example_sla_dag.py for tasks to queue
[2024-04-17T21:04:12.923+0000] {logging_mixin.py:188} INFO - [2024-04-17T21:04:12.922+0000] {dagbag.py:540} INFO - Filling up the DagBag from /home/airflow/.local/lib/python3.12/site-packages/airflow/example_dags/example_sla_dag.py
[2024-04-17T21:04:13.021+0000] {processor.py:840} INFO - DAG(s) 'example_sla_dag' retrieved from /home/airflow/.local/lib/python3.12/site-packages/airflow/example_dags/example_sla_dag.py
[2024-04-17T21:04:14.290+0000] {logging_mixin.py:188} INFO - [2024-04-17T21:04:14.289+0000] {dag.py:3096} INFO - Sync 1 DAGs
[2024-04-17T21:04:14.578+0000] {logging_mixin.py:188} INFO - [2024-04-17T21:04:14.577+0000] {dag.py:3954} INFO - Setting next_dagrun for example_sla_dag to 2024-04-17 21:02:00+00:00, run_after=2024-04-17 21:04:00+00:00
[2024-04-17T21:04:14.742+0000] {processor.py:183} INFO - Processing /home/airflow/.local/lib/python3.12/site-packages/airflow/example_dags/example_sla_dag.py took 1.944 seconds
[2024-04-17T21:05:04.470+0000] {processor.py:161} INFO - Started process (PID=109) to work on /home/airflow/.local/lib/python3.12/site-packages/airflow/example_dags/example_sla_dag.py
[2024-04-17T21:05:04.475+0000] {processor.py:830} INFO - Processing file /home/airflow/.local/lib/python3.12/site-packages/airflow/example_dags/example_sla_dag.py for tasks to queue
[2024-04-17T21:05:04.480+0000] {logging_mixin.py:188} INFO - [2024-04-17T21:05:04.479+0000] {dagbag.py:540} INFO - Filling up the DagBag from /home/airflow/.local/lib/python3.12/site-packages/airflow/example_dags/example_sla_dag.py
[2024-04-17T21:05:04.498+0000] {processor.py:840} INFO - DAG(s) 'example_sla_dag' retrieved from /home/airflow/.local/lib/python3.12/site-packages/airflow/example_dags/example_sla_dag.py
[2024-04-17T21:05:04.544+0000] {logging_mixin.py:188} INFO - [2024-04-17T21:05:04.543+0000] {dag.py:3096} INFO - Sync 1 DAGs
[2024-04-17T21:05:04.615+0000] {logging_mixin.py:188} INFO - [2024-04-17T21:05:04.614+0000] {dag.py:3954} INFO - Setting next_dagrun for example_sla_dag to 2024-04-17 21:02:00+00:00, run_after=2024-04-17 21:04:00+00:00
[2024-04-17T21:05:04.697+0000] {processor.py:183} INFO - Processing /home/airflow/.local/lib/python3.12/site-packages/airflow/example_dags/example_sla_dag.py took 0.239 seconds
[2024-04-17T21:05:35.542+0000] {processor.py:161} INFO - Started process (PID=165) to work on /home/airflow/.local/lib/python3.12/site-packages/airflow/example_dags/example_sla_dag.py
[2024-04-17T21:05:35.614+0000] {processor.py:830} INFO - Processing file /home/airflow/.local/lib/python3.12/site-packages/airflow/example_dags/example_sla_dag.py for tasks to queue
[2024-04-17T21:05:35.617+0000] {logging_mixin.py:188} INFO - [2024-04-17T21:05:35.616+0000] {dagbag.py:540} INFO - Filling up the DagBag from /home/airflow/.local/lib/python3.12/site-packages/airflow/example_dags/example_sla_dag.py
[2024-04-17T21:05:35.632+0000] {processor.py:840} INFO - DAG(s) 'example_sla_dag' retrieved from /home/airflow/.local/lib/python3.12/site-packages/airflow/example_dags/example_sla_dag.py
[2024-04-17T21:05:35.702+0000] {logging_mixin.py:188} INFO - [2024-04-17T21:05:35.701+0000] {dag.py:3096} INFO - Sync 1 DAGs
[2024-04-17T21:05:35.784+0000] {logging_mixin.py:188} INFO - [2024-04-17T21:05:35.784+0000] {dag.py:3954} INFO - Setting next_dagrun for example_sla_dag to 2024-04-17 21:02:00+00:00, run_after=2024-04-17 21:04:00+00:00
[2024-04-17T21:05:35.893+0000] {processor.py:183} INFO - Processing /home/airflow/.local/lib/python3.12/site-packages/airflow/example_dags/example_sla_dag.py took 0.363 seconds
[2024-04-17T21:06:08.064+0000] {processor.py:161} INFO - Started process (PID=227) to work on /home/airflow/.local/lib/python3.12/site-packages/airflow/example_dags/example_sla_dag.py
[2024-04-17T21:06:08.067+0000] {processor.py:830} INFO - Processing file /home/airflow/.local/lib/python3.12/site-packages/airflow/example_dags/example_sla_dag.py for tasks to queue
[2024-04-17T21:06:08.080+0000] {logging_mixin.py:188} INFO - [2024-04-17T21:06:08.079+0000] {dagbag.py:540} INFO - Filling up the DagBag from /home/airflow/.local/lib/python3.12/site-packages/airflow/example_dags/example_sla_dag.py
[2024-04-17T21:06:08.109+0000] {processor.py:840} INFO - DAG(s) 'example_sla_dag' retrieved from /home/airflow/.local/lib/python3.12/site-packages/airflow/example_dags/example_sla_dag.py
[2024-04-17T21:06:08.215+0000] {logging_mixin.py:188} INFO - [2024-04-17T21:06:08.214+0000] {dag.py:3096} INFO - Sync 1 DAGs
[2024-04-17T21:06:08.333+0000] {logging_mixin.py:188} INFO - [2024-04-17T21:06:08.332+0000] {dag.py:3954} INFO - Setting next_dagrun for example_sla_dag to 2024-04-17 21:04:00+00:00, run_after=2024-04-17 21:06:00+00:00
[2024-04-17T21:06:08.493+0000] {processor.py:183} INFO - Processing /home/airflow/.local/lib/python3.12/site-packages/airflow/example_dags/example_sla_dag.py took 0.450 seconds
[2024-04-17T21:06:41.125+0000] {processor.py:161} INFO - Started process (PID=285) to work on /home/airflow/.local/lib/python3.12/site-packages/airflow/example_dags/example_sla_dag.py
[2024-04-17T21:06:41.128+0000] {processor.py:830} INFO - Processing file /home/airflow/.local/lib/python3.12/site-packages/airflow/example_dags/example_sla_dag.py for tasks to queue
[2024-04-17T21:06:41.141+0000] {logging_mixin.py:188} INFO - [2024-04-17T21:06:41.140+0000] {dagbag.py:540} INFO - Filling up the DagBag from /home/airflow/.local/lib/python3.12/site-packages/airflow/example_dags/example_sla_dag.py
[2024-04-17T21:06:41.205+0000] {processor.py:840} INFO - DAG(s) 'example_sla_dag' retrieved from /home/airflow/.local/lib/python3.12/site-packages/airflow/example_dags/example_sla_dag.py
[2024-04-17T21:06:41.308+0000] {logging_mixin.py:188} INFO - [2024-04-17T21:06:41.307+0000] {dag.py:3096} INFO - Sync 1 DAGs
[2024-04-17T21:06:41.455+0000] {logging_mixin.py:188} INFO - [2024-04-17T21:06:41.454+0000] {dag.py:3954} INFO - Setting next_dagrun for example_sla_dag to 2024-04-17 21:04:00+00:00, run_after=2024-04-17 21:06:00+00:00
[2024-04-17T21:06:41.633+0000] {processor.py:183} INFO - Processing /home/airflow/.local/lib/python3.12/site-packages/airflow/example_dags/example_sla_dag.py took 0.550 seconds
[2024-04-17T21:07:15.766+0000] {processor.py:161} INFO - Started process (PID=343) to work on /home/airflow/.local/lib/python3.12/site-packages/airflow/example_dags/example_sla_dag.py
[2024-04-17T21:07:15.769+0000] {processor.py:830} INFO - Processing file /home/airflow/.local/lib/python3.12/site-packages/airflow/example_dags/example_sla_dag.py for tasks to queue
[2024-04-17T21:07:15.782+0000] {logging_mixin.py:188} INFO - [2024-04-17T21:07:15.781+0000] {dagbag.py:540} INFO - Filling up the DagBag from /home/airflow/.local/lib/python3.12/site-packages/airflow/example_dags/example_sla_dag.py
[2024-04-17T21:07:15.843+0000] {processor.py:840} INFO - DAG(s) 'example_sla_dag' retrieved from /home/airflow/.local/lib/python3.12/site-packages/airflow/example_dags/example_sla_dag.py
[2024-04-17T21:07:15.959+0000] {logging_mixin.py:188} INFO - [2024-04-17T21:07:15.958+0000] {dag.py:3096} INFO - Sync 1 DAGs
[2024-04-17T21:07:16.157+0000] {logging_mixin.py:188} INFO - [2024-04-17T21:07:16.157+0000] {dag.py:3954} INFO - Setting next_dagrun for example_sla_dag to 2024-04-17 21:04:00+00:00, run_after=2024-04-17 21:06:00+00:00
[2024-04-17T21:07:18.874+0000] {processor.py:183} INFO - Processing /home/airflow/.local/lib/python3.12/site-packages/airflow/example_dags/example_sla_dag.py took 3.132 seconds
[2024-04-17T21:07:49.592+0000] {processor.py:161} INFO - Started process (PID=402) to work on /home/airflow/.local/lib/python3.12/site-packages/airflow/example_dags/example_sla_dag.py
[2024-04-17T21:07:49.594+0000] {processor.py:830} INFO - Processing file /home/airflow/.local/lib/python3.12/site-packages/airflow/example_dags/example_sla_dag.py for tasks to queue
[2024-04-17T21:07:49.597+0000] {logging_mixin.py:188} INFO - [2024-04-17T21:07:49.596+0000] {dagbag.py:540} INFO - Filling up the DagBag from /home/airflow/.local/lib/python3.12/site-packages/airflow/example_dags/example_sla_dag.py
[2024-04-17T21:07:49.615+0000] {processor.py:840} INFO - DAG(s) 'example_sla_dag' retrieved from /home/airflow/.local/lib/python3.12/site-packages/airflow/example_dags/example_sla_dag.py
[2024-04-17T21:07:49.691+0000] {logging_mixin.py:188} INFO - [2024-04-17T21:07:49.690+0000] {dag.py:3096} INFO - Sync 1 DAGs
[2024-04-17T21:07:49.840+0000] {logging_mixin.py:188} INFO - [2024-04-17T21:07:49.839+0000] {dag.py:3954} INFO - Setting next_dagrun for example_sla_dag to 2024-04-17 21:04:00+00:00, run_after=2024-04-17 21:06:00+00:00
[2024-04-17T21:07:50.117+0000] {processor.py:183} INFO - Processing /home/airflow/.local/lib/python3.12/site-packages/airflow/example_dags/example_sla_dag.py took 0.536 seconds
[2024-04-17T21:08:20.468+0000] {processor.py:161} INFO - Started process (PID=461) to work on /home/airflow/.local/lib/python3.12/site-packages/airflow/example_dags/example_sla_dag.py
[2024-04-17T21:08:20.474+0000] {processor.py:830} INFO - Processing file /home/airflow/.local/lib/python3.12/site-packages/airflow/example_dags/example_sla_dag.py for tasks to queue
[2024-04-17T21:08:20.491+0000] {logging_mixin.py:188} INFO - [2024-04-17T21:08:20.490+0000] {dagbag.py:540} INFO - Filling up the DagBag from /home/airflow/.local/lib/python3.12/site-packages/airflow/example_dags/example_sla_dag.py
[2024-04-17T21:08:20.532+0000] {processor.py:840} INFO - DAG(s) 'example_sla_dag' retrieved from /home/airflow/.local/lib/python3.12/site-packages/airflow/example_dags/example_sla_dag.py
[2024-04-17T21:08:20.596+0000] {logging_mixin.py:188} INFO - [2024-04-17T21:08:20.595+0000] {dag.py:3096} INFO - Sync 1 DAGs
[2024-04-17T21:08:20.727+0000] {logging_mixin.py:188} INFO - [2024-04-17T21:08:20.727+0000] {dag.py:3954} INFO - Setting next_dagrun for example_sla_dag to 2024-04-17 21:06:00+00:00, run_after=2024-04-17 21:08:00+00:00
[2024-04-17T21:08:20.836+0000] {processor.py:183} INFO - Processing /home/airflow/.local/lib/python3.12/site-packages/airflow/example_dags/example_sla_dag.py took 0.390 seconds
[2024-04-17T21:08:51.563+0000] {processor.py:161} INFO - Started process (PID=519) to work on /home/airflow/.local/lib/python3.12/site-packages/airflow/example_dags/example_sla_dag.py
[2024-04-17T21:08:51.566+0000] {processor.py:830} INFO - Processing file /home/airflow/.local/lib/python3.12/site-packages/airflow/example_dags/example_sla_dag.py for tasks to queue
[2024-04-17T21:08:51.572+0000] {logging_mixin.py:188} INFO - [2024-04-17T21:08:51.571+0000] {dagbag.py:540} INFO - Filling up the DagBag from /home/airflow/.local/lib/python3.12/site-packages/airflow/example_dags/example_sla_dag.py
[2024-04-17T21:08:51.607+0000] {processor.py:840} INFO - DAG(s) 'example_sla_dag' retrieved from /home/airflow/.local/lib/python3.12/site-packages/airflow/example_dags/example_sla_dag.py
[2024-04-17T21:08:51.677+0000] {logging_mixin.py:188} INFO - [2024-04-17T21:08:51.676+0000] {dag.py:3096} INFO - Sync 1 DAGs
[2024-04-17T21:08:51.804+0000] {logging_mixin.py:188} INFO - [2024-04-17T21:08:51.803+0000] {dag.py:3954} INFO - Setting next_dagrun for example_sla_dag to 2024-04-17 21:06:00+00:00, run_after=2024-04-17 21:08:00+00:00
[2024-04-17T21:08:51.907+0000] {processor.py:183} INFO - Processing /home/airflow/.local/lib/python3.12/site-packages/airflow/example_dags/example_sla_dag.py took 0.367 seconds
[2024-04-17T21:09:22.111+0000] {processor.py:161} INFO - Started process (PID=577) to work on /home/airflow/.local/lib/python3.12/site-packages/airflow/example_dags/example_sla_dag.py
[2024-04-17T21:09:22.139+0000] {processor.py:830} INFO - Processing file /home/airflow/.local/lib/python3.12/site-packages/airflow/example_dags/example_sla_dag.py for tasks to queue
[2024-04-17T21:09:22.145+0000] {logging_mixin.py:188} INFO - [2024-04-17T21:09:22.144+0000] {dagbag.py:540} INFO - Filling up the DagBag from /home/airflow/.local/lib/python3.12/site-packages/airflow/example_dags/example_sla_dag.py
[2024-04-17T21:09:22.212+0000] {processor.py:840} INFO - DAG(s) 'example_sla_dag' retrieved from /home/airflow/.local/lib/python3.12/site-packages/airflow/example_dags/example_sla_dag.py
[2024-04-17T21:09:22.264+0000] {logging_mixin.py:188} INFO - [2024-04-17T21:09:22.264+0000] {dag.py:3096} INFO - Sync 1 DAGs
[2024-04-17T21:09:22.329+0000] {logging_mixin.py:188} INFO - [2024-04-17T21:09:22.328+0000] {dag.py:3954} INFO - Setting next_dagrun for example_sla_dag to 2024-04-17 21:06:00+00:00, run_after=2024-04-17 21:08:00+00:00
[2024-04-17T21:09:22.688+0000] {processor.py:183} INFO - Processing /home/airflow/.local/lib/python3.12/site-packages/airflow/example_dags/example_sla_dag.py took 0.589 seconds
[2024-04-17T21:09:52.794+0000] {processor.py:161} INFO - Started process (PID=634) to work on /home/airflow/.local/lib/python3.12/site-packages/airflow/example_dags/example_sla_dag.py
[2024-04-17T21:09:52.796+0000] {processor.py:830} INFO - Processing file /home/airflow/.local/lib/python3.12/site-packages/airflow/example_dags/example_sla_dag.py for tasks to queue
[2024-04-17T21:09:52.800+0000] {logging_mixin.py:188} INFO - [2024-04-17T21:09:52.799+0000] {dagbag.py:540} INFO - Filling up the DagBag from /home/airflow/.local/lib/python3.12/site-packages/airflow/example_dags/example_sla_dag.py
[2024-04-17T21:09:52.830+0000] {processor.py:840} INFO - DAG(s) 'example_sla_dag' retrieved from /home/airflow/.local/lib/python3.12/site-packages/airflow/example_dags/example_sla_dag.py
[2024-04-17T21:09:52.900+0000] {logging_mixin.py:188} INFO - [2024-04-17T21:09:52.900+0000] {dag.py:3096} INFO - Sync 1 DAGs
[2024-04-17T21:09:52.990+0000] {logging_mixin.py:188} INFO - [2024-04-17T21:09:52.989+0000] {dag.py:3954} INFO - Setting next_dagrun for example_sla_dag to 2024-04-17 21:06:00+00:00, run_after=2024-04-17 21:08:00+00:00
[2024-04-17T21:09:53.093+0000] {processor.py:183} INFO - Processing /home/airflow/.local/lib/python3.12/site-packages/airflow/example_dags/example_sla_dag.py took 0.316 seconds
[2024-04-17T21:10:23.199+0000] {processor.py:161} INFO - Started process (PID=692) to work on /home/airflow/.local/lib/python3.12/site-packages/airflow/example_dags/example_sla_dag.py
[2024-04-17T21:10:23.200+0000] {processor.py:830} INFO - Processing file /home/airflow/.local/lib/python3.12/site-packages/airflow/example_dags/example_sla_dag.py for tasks to queue
[2024-04-17T21:10:23.203+0000] {logging_mixin.py:188} INFO - [2024-04-17T21:10:23.202+0000] {dagbag.py:540} INFO - Filling up the DagBag from /home/airflow/.local/lib/python3.12/site-packages/airflow/example_dags/example_sla_dag.py
[2024-04-17T21:10:23.215+0000] {processor.py:840} INFO - DAG(s) 'example_sla_dag' retrieved from /home/airflow/.local/lib/python3.12/site-packages/airflow/example_dags/example_sla_dag.py
[2024-04-17T21:10:23.248+0000] {logging_mixin.py:188} INFO - [2024-04-17T21:10:23.247+0000] {dag.py:3096} INFO - Sync 1 DAGs
[2024-04-17T21:10:23.293+0000] {logging_mixin.py:188} INFO - [2024-04-17T21:10:23.292+0000] {dag.py:3954} INFO - Setting next_dagrun for example_sla_dag to 2024-04-17 21:08:00+00:00, run_after=2024-04-17 21:10:00+00:00
[2024-04-17T21:10:23.341+0000] {processor.py:183} INFO - Processing /home/airflow/.local/lib/python3.12/site-packages/airflow/example_dags/example_sla_dag.py took 0.149 seconds
[2024-04-17T21:10:53.592+0000] {processor.py:161} INFO - Started process (PID=751) to work on /home/airflow/.local/lib/python3.12/site-packages/airflow/example_dags/example_sla_dag.py
[2024-04-17T21:10:53.596+0000] {processor.py:830} INFO - Processing file /home/airflow/.local/lib/python3.12/site-packages/airflow/example_dags/example_sla_dag.py for tasks to queue
[2024-04-17T21:10:53.602+0000] {logging_mixin.py:188} INFO - [2024-04-17T21:10:53.601+0000] {dagbag.py:540} INFO - Filling up the DagBag from /home/airflow/.local/lib/python3.12/site-packages/airflow/example_dags/example_sla_dag.py
[2024-04-17T21:10:53.624+0000] {processor.py:840} INFO - DAG(s) 'example_sla_dag' retrieved from /home/airflow/.local/lib/python3.12/site-packages/airflow/example_dags/example_sla_dag.py
[2024-04-17T21:10:53.674+0000] {logging_mixin.py:188} INFO - [2024-04-17T21:10:53.673+0000] {dag.py:3096} INFO - Sync 1 DAGs
[2024-04-17T21:10:53.748+0000] {logging_mixin.py:188} INFO - [2024-04-17T21:10:53.747+0000] {dag.py:3954} INFO - Setting next_dagrun for example_sla_dag to 2024-04-17 21:08:00+00:00, run_after=2024-04-17 21:10:00+00:00
[2024-04-17T21:10:53.817+0000] {processor.py:183} INFO - Processing /home/airflow/.local/lib/python3.12/site-packages/airflow/example_dags/example_sla_dag.py took 0.249 seconds
[2024-04-17T21:11:24.657+0000] {processor.py:161} INFO - Started process (PID=809) to work on /home/airflow/.local/lib/python3.12/site-packages/airflow/example_dags/example_sla_dag.py
[2024-04-17T21:11:24.659+0000] {processor.py:830} INFO - Processing file /home/airflow/.local/lib/python3.12/site-packages/airflow/example_dags/example_sla_dag.py for tasks to queue
[2024-04-17T21:11:24.662+0000] {logging_mixin.py:188} INFO - [2024-04-17T21:11:24.662+0000] {dagbag.py:540} INFO - Filling up the DagBag from /home/airflow/.local/lib/python3.12/site-packages/airflow/example_dags/example_sla_dag.py
[2024-04-17T21:11:24.690+0000] {processor.py:840} INFO - DAG(s) 'example_sla_dag' retrieved from /home/airflow/.local/lib/python3.12/site-packages/airflow/example_dags/example_sla_dag.py
[2024-04-17T21:11:24.734+0000] {logging_mixin.py:188} INFO - [2024-04-17T21:11:24.733+0000] {dag.py:3096} INFO - Sync 1 DAGs
[2024-04-17T21:11:24.792+0000] {logging_mixin.py:188} INFO - [2024-04-17T21:11:24.792+0000] {dag.py:3954} INFO - Setting next_dagrun for example_sla_dag to 2024-04-17 21:08:00+00:00, run_after=2024-04-17 21:10:00+00:00
[2024-04-17T21:11:24.838+0000] {processor.py:183} INFO - Processing /home/airflow/.local/lib/python3.12/site-packages/airflow/example_dags/example_sla_dag.py took 0.190 seconds
[2024-04-17T21:11:55.153+0000] {processor.py:161} INFO - Started process (PID=867) to work on /home/airflow/.local/lib/python3.12/site-packages/airflow/example_dags/example_sla_dag.py
[2024-04-17T21:11:55.154+0000] {processor.py:830} INFO - Processing file /home/airflow/.local/lib/python3.12/site-packages/airflow/example_dags/example_sla_dag.py for tasks to queue
[2024-04-17T21:11:55.157+0000] {logging_mixin.py:188} INFO - [2024-04-17T21:11:55.156+0000] {dagbag.py:540} INFO - Filling up the DagBag from /home/airflow/.local/lib/python3.12/site-packages/airflow/example_dags/example_sla_dag.py
[2024-04-17T21:11:55.168+0000] {processor.py:840} INFO - DAG(s) 'example_sla_dag' retrieved from /home/airflow/.local/lib/python3.12/site-packages/airflow/example_dags/example_sla_dag.py
[2024-04-17T21:11:55.200+0000] {logging_mixin.py:188} INFO - [2024-04-17T21:11:55.199+0000] {dag.py:3096} INFO - Sync 1 DAGs
[2024-04-17T21:11:55.254+0000] {logging_mixin.py:188} INFO - [2024-04-17T21:11:55.253+0000] {dag.py:3954} INFO - Setting next_dagrun for example_sla_dag to 2024-04-17 21:08:00+00:00, run_after=2024-04-17 21:10:00+00:00
[2024-04-17T21:11:55.293+0000] {processor.py:183} INFO - Processing /home/airflow/.local/lib/python3.12/site-packages/airflow/example_dags/example_sla_dag.py took 0.149 seconds
[2024-04-17T21:12:25.890+0000] {processor.py:161} INFO - Started process (PID=925) to work on /home/airflow/.local/lib/python3.12/site-packages/airflow/example_dags/example_sla_dag.py
[2024-04-17T21:12:25.892+0000] {processor.py:830} INFO - Processing file /home/airflow/.local/lib/python3.12/site-packages/airflow/example_dags/example_sla_dag.py for tasks to queue
[2024-04-17T21:12:25.895+0000] {logging_mixin.py:188} INFO - [2024-04-17T21:12:25.894+0000] {dagbag.py:540} INFO - Filling up the DagBag from /home/airflow/.local/lib/python3.12/site-packages/airflow/example_dags/example_sla_dag.py
[2024-04-17T21:12:25.912+0000] {processor.py:840} INFO - DAG(s) 'example_sla_dag' retrieved from /home/airflow/.local/lib/python3.12/site-packages/airflow/example_dags/example_sla_dag.py
[2024-04-17T21:12:25.949+0000] {logging_mixin.py:188} INFO - [2024-04-17T21:12:25.949+0000] {dag.py:3096} INFO - Sync 1 DAGs
[2024-04-17T21:12:25.996+0000] {logging_mixin.py:188} INFO - [2024-04-17T21:12:25.995+0000] {dag.py:3954} INFO - Setting next_dagrun for example_sla_dag to 2024-04-17 21:10:00+00:00, run_after=2024-04-17 21:12:00+00:00
[2024-04-17T21:12:26.216+0000] {processor.py:183} INFO - Processing /home/airflow/.local/lib/python3.12/site-packages/airflow/example_dags/example_sla_dag.py took 0.335 seconds
[2024-04-17T21:12:56.691+0000] {processor.py:161} INFO - Started process (PID=983) to work on /home/airflow/.local/lib/python3.12/site-packages/airflow/example_dags/example_sla_dag.py
[2024-04-17T21:12:56.695+0000] {processor.py:830} INFO - Processing file /home/airflow/.local/lib/python3.12/site-packages/airflow/example_dags/example_sla_dag.py for tasks to queue
[2024-04-17T21:12:56.698+0000] {logging_mixin.py:188} INFO - [2024-04-17T21:12:56.698+0000] {dagbag.py:540} INFO - Filling up the DagBag from /home/airflow/.local/lib/python3.12/site-packages/airflow/example_dags/example_sla_dag.py
[2024-04-17T21:12:56.714+0000] {processor.py:840} INFO - DAG(s) 'example_sla_dag' retrieved from /home/airflow/.local/lib/python3.12/site-packages/airflow/example_dags/example_sla_dag.py
[2024-04-17T21:12:56.751+0000] {logging_mixin.py:188} INFO - [2024-04-17T21:12:56.750+0000] {dag.py:3096} INFO - Sync 1 DAGs
[2024-04-17T21:12:56.800+0000] {logging_mixin.py:188} INFO - [2024-04-17T21:12:56.800+0000] {dag.py:3954} INFO - Setting next_dagrun for example_sla_dag to 2024-04-17 21:10:00+00:00, run_after=2024-04-17 21:12:00+00:00
[2024-04-17T21:12:56.849+0000] {processor.py:183} INFO - Processing /home/airflow/.local/lib/python3.12/site-packages/airflow/example_dags/example_sla_dag.py took 0.171 seconds
[2024-04-17T21:13:27.585+0000] {processor.py:161} INFO - Started process (PID=1041) to work on /home/airflow/.local/lib/python3.12/site-packages/airflow/example_dags/example_sla_dag.py
[2024-04-17T21:13:27.587+0000] {processor.py:830} INFO - Processing file /home/airflow/.local/lib/python3.12/site-packages/airflow/example_dags/example_sla_dag.py for tasks to queue
[2024-04-17T21:13:27.591+0000] {logging_mixin.py:188} INFO - [2024-04-17T21:13:27.590+0000] {dagbag.py:540} INFO - Filling up the DagBag from /home/airflow/.local/lib/python3.12/site-packages/airflow/example_dags/example_sla_dag.py
[2024-04-17T21:13:27.613+0000] {processor.py:840} INFO - DAG(s) 'example_sla_dag' retrieved from /home/airflow/.local/lib/python3.12/site-packages/airflow/example_dags/example_sla_dag.py
[2024-04-17T21:13:27.659+0000] {logging_mixin.py:188} INFO - [2024-04-17T21:13:27.659+0000] {dag.py:3096} INFO - Sync 1 DAGs
[2024-04-17T21:13:27.732+0000] {logging_mixin.py:188} INFO - [2024-04-17T21:13:27.731+0000] {dag.py:3954} INFO - Setting next_dagrun for example_sla_dag to 2024-04-17 21:10:00+00:00, run_after=2024-04-17 21:12:00+00:00
[2024-04-17T21:13:27.796+0000] {processor.py:183} INFO - Processing /home/airflow/.local/lib/python3.12/site-packages/airflow/example_dags/example_sla_dag.py took 0.221 seconds
[2024-04-17T21:14:53.854+0000] {processor.py:161} INFO - Started process (PID=40) to work on /home/airflow/.local/lib/python3.12/site-packages/airflow/example_dags/example_sla_dag.py
[2024-04-17T21:14:53.856+0000] {processor.py:830} INFO - Processing file /home/airflow/.local/lib/python3.12/site-packages/airflow/example_dags/example_sla_dag.py for tasks to queue
[2024-04-17T21:14:53.861+0000] {logging_mixin.py:188} INFO - [2024-04-17T21:14:53.860+0000] {dagbag.py:540} INFO - Filling up the DagBag from /home/airflow/.local/lib/python3.12/site-packages/airflow/example_dags/example_sla_dag.py
[2024-04-17T21:14:53.891+0000] {processor.py:840} INFO - DAG(s) 'example_sla_dag' retrieved from /home/airflow/.local/lib/python3.12/site-packages/airflow/example_dags/example_sla_dag.py
[2024-04-17T21:14:54.307+0000] {logging_mixin.py:188} INFO - [2024-04-17T21:14:54.306+0000] {dag.py:3096} INFO - Sync 1 DAGs
[2024-04-17T21:14:54.395+0000] {logging_mixin.py:188} INFO - [2024-04-17T21:14:54.394+0000] {dag.py:3954} INFO - Setting next_dagrun for example_sla_dag to 2024-04-17 21:12:00+00:00, run_after=2024-04-17 21:14:00+00:00
[2024-04-17T21:14:54.461+0000] {processor.py:183} INFO - Processing /home/airflow/.local/lib/python3.12/site-packages/airflow/example_dags/example_sla_dag.py took 0.623 seconds
[2024-04-17T21:15:24.809+0000] {processor.py:161} INFO - Started process (PID=98) to work on /home/airflow/.local/lib/python3.12/site-packages/airflow/example_dags/example_sla_dag.py
[2024-04-17T21:15:24.811+0000] {processor.py:830} INFO - Processing file /home/airflow/.local/lib/python3.12/site-packages/airflow/example_dags/example_sla_dag.py for tasks to queue
[2024-04-17T21:15:24.819+0000] {logging_mixin.py:188} INFO - [2024-04-17T21:15:24.818+0000] {dagbag.py:540} INFO - Filling up the DagBag from /home/airflow/.local/lib/python3.12/site-packages/airflow/example_dags/example_sla_dag.py
[2024-04-17T21:15:24.851+0000] {processor.py:840} INFO - DAG(s) 'example_sla_dag' retrieved from /home/airflow/.local/lib/python3.12/site-packages/airflow/example_dags/example_sla_dag.py
[2024-04-17T21:15:24.959+0000] {logging_mixin.py:188} INFO - [2024-04-17T21:15:24.958+0000] {dag.py:3096} INFO - Sync 1 DAGs
[2024-04-17T21:15:25.100+0000] {logging_mixin.py:188} INFO - [2024-04-17T21:15:25.090+0000] {dag.py:3954} INFO - Setting next_dagrun for example_sla_dag to 2024-04-17 21:12:00+00:00, run_after=2024-04-17 21:14:00+00:00
[2024-04-17T21:15:25.322+0000] {processor.py:183} INFO - Processing /home/airflow/.local/lib/python3.12/site-packages/airflow/example_dags/example_sla_dag.py took 0.532 seconds
[2024-04-17T21:15:55.570+0000] {processor.py:161} INFO - Started process (PID=156) to work on /home/airflow/.local/lib/python3.12/site-packages/airflow/example_dags/example_sla_dag.py
[2024-04-17T21:15:55.572+0000] {processor.py:830} INFO - Processing file /home/airflow/.local/lib/python3.12/site-packages/airflow/example_dags/example_sla_dag.py for tasks to queue
[2024-04-17T21:15:55.580+0000] {logging_mixin.py:188} INFO - [2024-04-17T21:15:55.580+0000] {dagbag.py:540} INFO - Filling up the DagBag from /home/airflow/.local/lib/python3.12/site-packages/airflow/example_dags/example_sla_dag.py
[2024-04-17T21:15:55.594+0000] {processor.py:840} INFO - DAG(s) 'example_sla_dag' retrieved from /home/airflow/.local/lib/python3.12/site-packages/airflow/example_dags/example_sla_dag.py
[2024-04-17T21:15:55.634+0000] {logging_mixin.py:188} INFO - [2024-04-17T21:15:55.633+0000] {dag.py:3096} INFO - Sync 1 DAGs
[2024-04-17T21:15:55.687+0000] {logging_mixin.py:188} INFO - [2024-04-17T21:15:55.687+0000] {dag.py:3954} INFO - Setting next_dagrun for example_sla_dag to 2024-04-17 21:12:00+00:00, run_after=2024-04-17 21:14:00+00:00
[2024-04-17T21:15:55.760+0000] {processor.py:183} INFO - Processing /home/airflow/.local/lib/python3.12/site-packages/airflow/example_dags/example_sla_dag.py took 0.199 seconds
[2024-04-17T21:16:25.853+0000] {processor.py:161} INFO - Started process (PID=214) to work on /home/airflow/.local/lib/python3.12/site-packages/airflow/example_dags/example_sla_dag.py
[2024-04-17T21:16:25.854+0000] {processor.py:830} INFO - Processing file /home/airflow/.local/lib/python3.12/site-packages/airflow/example_dags/example_sla_dag.py for tasks to queue
[2024-04-17T21:16:25.858+0000] {logging_mixin.py:188} INFO - [2024-04-17T21:16:25.857+0000] {dagbag.py:540} INFO - Filling up the DagBag from /home/airflow/.local/lib/python3.12/site-packages/airflow/example_dags/example_sla_dag.py
[2024-04-17T21:16:25.871+0000] {processor.py:840} INFO - DAG(s) 'example_sla_dag' retrieved from /home/airflow/.local/lib/python3.12/site-packages/airflow/example_dags/example_sla_dag.py
[2024-04-17T21:16:25.899+0000] {logging_mixin.py:188} INFO - [2024-04-17T21:16:25.899+0000] {dag.py:3096} INFO - Sync 1 DAGs
[2024-04-17T21:16:25.944+0000] {logging_mixin.py:188} INFO - [2024-04-17T21:16:25.943+0000] {dag.py:3954} INFO - Setting next_dagrun for example_sla_dag to 2024-04-17 21:14:00+00:00, run_after=2024-04-17 21:16:00+00:00
[2024-04-17T21:16:25.981+0000] {processor.py:183} INFO - Processing /home/airflow/.local/lib/python3.12/site-packages/airflow/example_dags/example_sla_dag.py took 0.138 seconds
[2024-04-17T21:16:56.313+0000] {processor.py:161} INFO - Started process (PID=272) to work on /home/airflow/.local/lib/python3.12/site-packages/airflow/example_dags/example_sla_dag.py
[2024-04-17T21:16:56.315+0000] {processor.py:830} INFO - Processing file /home/airflow/.local/lib/python3.12/site-packages/airflow/example_dags/example_sla_dag.py for tasks to queue
[2024-04-17T21:16:56.319+0000] {logging_mixin.py:188} INFO - [2024-04-17T21:16:56.318+0000] {dagbag.py:540} INFO - Filling up the DagBag from /home/airflow/.local/lib/python3.12/site-packages/airflow/example_dags/example_sla_dag.py
[2024-04-17T21:16:56.332+0000] {processor.py:840} INFO - DAG(s) 'example_sla_dag' retrieved from /home/airflow/.local/lib/python3.12/site-packages/airflow/example_dags/example_sla_dag.py
[2024-04-17T21:16:56.366+0000] {logging_mixin.py:188} INFO - [2024-04-17T21:16:56.365+0000] {dag.py:3096} INFO - Sync 1 DAGs
[2024-04-17T21:16:56.415+0000] {logging_mixin.py:188} INFO - [2024-04-17T21:16:56.415+0000] {dag.py:3954} INFO - Setting next_dagrun for example_sla_dag to 2024-04-17 21:14:00+00:00, run_after=2024-04-17 21:16:00+00:00
[2024-04-17T21:16:56.449+0000] {processor.py:183} INFO - Processing /home/airflow/.local/lib/python3.12/site-packages/airflow/example_dags/example_sla_dag.py took 0.150 seconds
[2024-04-17T21:17:26.957+0000] {processor.py:161} INFO - Started process (PID=330) to work on /home/airflow/.local/lib/python3.12/site-packages/airflow/example_dags/example_sla_dag.py
[2024-04-17T21:17:26.959+0000] {processor.py:830} INFO - Processing file /home/airflow/.local/lib/python3.12/site-packages/airflow/example_dags/example_sla_dag.py for tasks to queue
[2024-04-17T21:17:26.963+0000] {logging_mixin.py:188} INFO - [2024-04-17T21:17:26.962+0000] {dagbag.py:540} INFO - Filling up the DagBag from /home/airflow/.local/lib/python3.12/site-packages/airflow/example_dags/example_sla_dag.py
[2024-04-17T21:17:26.994+0000] {processor.py:840} INFO - DAG(s) 'example_sla_dag' retrieved from /home/airflow/.local/lib/python3.12/site-packages/airflow/example_dags/example_sla_dag.py
[2024-04-17T21:17:27.054+0000] {logging_mixin.py:188} INFO - [2024-04-17T21:17:27.054+0000] {dag.py:3096} INFO - Sync 1 DAGs
[2024-04-17T21:17:27.125+0000] {logging_mixin.py:188} INFO - [2024-04-17T21:17:27.124+0000] {dag.py:3954} INFO - Setting next_dagrun for example_sla_dag to 2024-04-17 21:14:00+00:00, run_after=2024-04-17 21:16:00+00:00
[2024-04-17T21:17:27.168+0000] {processor.py:183} INFO - Processing /home/airflow/.local/lib/python3.12/site-packages/airflow/example_dags/example_sla_dag.py took 0.230 seconds
[2024-04-17T21:17:57.759+0000] {processor.py:161} INFO - Started process (PID=388) to work on /home/airflow/.local/lib/python3.12/site-packages/airflow/example_dags/example_sla_dag.py
[2024-04-17T21:17:57.760+0000] {processor.py:830} INFO - Processing file /home/airflow/.local/lib/python3.12/site-packages/airflow/example_dags/example_sla_dag.py for tasks to queue
[2024-04-17T21:17:57.770+0000] {logging_mixin.py:188} INFO - [2024-04-17T21:17:57.763+0000] {dagbag.py:540} INFO - Filling up the DagBag from /home/airflow/.local/lib/python3.12/site-packages/airflow/example_dags/example_sla_dag.py
[2024-04-17T21:17:57.824+0000] {processor.py:840} INFO - DAG(s) 'example_sla_dag' retrieved from /home/airflow/.local/lib/python3.12/site-packages/airflow/example_dags/example_sla_dag.py
[2024-04-17T21:17:57.896+0000] {logging_mixin.py:188} INFO - [2024-04-17T21:17:57.895+0000] {dag.py:3096} INFO - Sync 1 DAGs
[2024-04-17T21:17:57.949+0000] {logging_mixin.py:188} INFO - [2024-04-17T21:17:57.949+0000] {dag.py:3954} INFO - Setting next_dagrun for example_sla_dag to 2024-04-17 21:14:00+00:00, run_after=2024-04-17 21:16:00+00:00
[2024-04-17T21:17:57.992+0000] {processor.py:183} INFO - Processing /home/airflow/.local/lib/python3.12/site-packages/airflow/example_dags/example_sla_dag.py took 0.244 seconds
[2024-04-17T21:18:28.948+0000] {processor.py:161} INFO - Started process (PID=446) to work on /home/airflow/.local/lib/python3.12/site-packages/airflow/example_dags/example_sla_dag.py
[2024-04-17T21:18:28.949+0000] {processor.py:830} INFO - Processing file /home/airflow/.local/lib/python3.12/site-packages/airflow/example_dags/example_sla_dag.py for tasks to queue
[2024-04-17T21:18:28.952+0000] {logging_mixin.py:188} INFO - [2024-04-17T21:18:28.952+0000] {dagbag.py:540} INFO - Filling up the DagBag from /home/airflow/.local/lib/python3.12/site-packages/airflow/example_dags/example_sla_dag.py
[2024-04-17T21:18:28.962+0000] {processor.py:840} INFO - DAG(s) 'example_sla_dag' retrieved from /home/airflow/.local/lib/python3.12/site-packages/airflow/example_dags/example_sla_dag.py
[2024-04-17T21:18:28.993+0000] {logging_mixin.py:188} INFO - [2024-04-17T21:18:28.992+0000] {dag.py:3096} INFO - Sync 1 DAGs
[2024-04-17T21:18:29.037+0000] {logging_mixin.py:188} INFO - [2024-04-17T21:18:29.037+0000] {dag.py:3954} INFO - Setting next_dagrun for example_sla_dag to 2024-04-17 21:16:00+00:00, run_after=2024-04-17 21:18:00+00:00
[2024-04-17T21:18:29.079+0000] {processor.py:183} INFO - Processing /home/airflow/.local/lib/python3.12/site-packages/airflow/example_dags/example_sla_dag.py took 0.137 seconds
[2024-04-17T21:18:59.675+0000] {processor.py:161} INFO - Started process (PID=504) to work on /home/airflow/.local/lib/python3.12/site-packages/airflow/example_dags/example_sla_dag.py
[2024-04-17T21:18:59.677+0000] {processor.py:830} INFO - Processing file /home/airflow/.local/lib/python3.12/site-packages/airflow/example_dags/example_sla_dag.py for tasks to queue
[2024-04-17T21:18:59.679+0000] {logging_mixin.py:188} INFO - [2024-04-17T21:18:59.679+0000] {dagbag.py:540} INFO - Filling up the DagBag from /home/airflow/.local/lib/python3.12/site-packages/airflow/example_dags/example_sla_dag.py
[2024-04-17T21:18:59.695+0000] {processor.py:840} INFO - DAG(s) 'example_sla_dag' retrieved from /home/airflow/.local/lib/python3.12/site-packages/airflow/example_dags/example_sla_dag.py
[2024-04-17T21:18:59.732+0000] {logging_mixin.py:188} INFO - [2024-04-17T21:18:59.732+0000] {dag.py:3096} INFO - Sync 1 DAGs
[2024-04-17T21:18:59.783+0000] {logging_mixin.py:188} INFO - [2024-04-17T21:18:59.783+0000] {dag.py:3954} INFO - Setting next_dagrun for example_sla_dag to 2024-04-17 21:16:00+00:00, run_after=2024-04-17 21:18:00+00:00
[2024-04-17T21:18:59.906+0000] {processor.py:183} INFO - Processing /home/airflow/.local/lib/python3.12/site-packages/airflow/example_dags/example_sla_dag.py took 0.240 seconds
[2024-04-17T21:19:30.014+0000] {processor.py:161} INFO - Started process (PID=562) to work on /home/airflow/.local/lib/python3.12/site-packages/airflow/example_dags/example_sla_dag.py
[2024-04-17T21:19:30.016+0000] {processor.py:830} INFO - Processing file /home/airflow/.local/lib/python3.12/site-packages/airflow/example_dags/example_sla_dag.py for tasks to queue
[2024-04-17T21:19:30.019+0000] {logging_mixin.py:188} INFO - [2024-04-17T21:19:30.019+0000] {dagbag.py:540} INFO - Filling up the DagBag from /home/airflow/.local/lib/python3.12/site-packages/airflow/example_dags/example_sla_dag.py
[2024-04-17T21:19:30.037+0000] {processor.py:840} INFO - DAG(s) 'example_sla_dag' retrieved from /home/airflow/.local/lib/python3.12/site-packages/airflow/example_dags/example_sla_dag.py
[2024-04-17T21:19:30.081+0000] {logging_mixin.py:188} INFO - [2024-04-17T21:19:30.080+0000] {dag.py:3096} INFO - Sync 1 DAGs
[2024-04-17T21:19:30.144+0000] {logging_mixin.py:188} INFO - [2024-04-17T21:19:30.143+0000] {dag.py:3954} INFO - Setting next_dagrun for example_sla_dag to 2024-04-17 21:16:00+00:00, run_after=2024-04-17 21:18:00+00:00
[2024-04-17T21:19:30.201+0000] {processor.py:183} INFO - Processing /home/airflow/.local/lib/python3.12/site-packages/airflow/example_dags/example_sla_dag.py took 0.196 seconds
[2024-04-17T23:57:37.823+0000] {processor.py:161} INFO - Started process (PID=38) to work on /home/airflow/.local/lib/python3.12/site-packages/airflow/example_dags/example_sla_dag.py
[2024-04-17T23:57:37.825+0000] {processor.py:830} INFO - Processing file /home/airflow/.local/lib/python3.12/site-packages/airflow/example_dags/example_sla_dag.py for tasks to queue
[2024-04-17T23:57:37.828+0000] {logging_mixin.py:188} INFO - [2024-04-17T23:57:37.827+0000] {dagbag.py:540} INFO - Filling up the DagBag from /home/airflow/.local/lib/python3.12/site-packages/airflow/example_dags/example_sla_dag.py
[2024-04-17T23:57:37.844+0000] {processor.py:840} INFO - DAG(s) 'example_sla_dag' retrieved from /home/airflow/.local/lib/python3.12/site-packages/airflow/example_dags/example_sla_dag.py
[2024-04-17T23:57:37.884+0000] {logging_mixin.py:188} INFO - [2024-04-17T23:57:37.884+0000] {dag.py:3096} INFO - Sync 1 DAGs
[2024-04-17T23:57:37.932+0000] {logging_mixin.py:188} INFO - [2024-04-17T23:57:37.931+0000] {dag.py:3954} INFO - Setting next_dagrun for example_sla_dag to 2024-04-17 23:54:00+00:00, run_after=2024-04-17 23:56:00+00:00
[2024-04-17T23:57:37.969+0000] {processor.py:183} INFO - Processing /home/airflow/.local/lib/python3.12/site-packages/airflow/example_dags/example_sla_dag.py took 0.154 seconds
[2024-04-17T23:58:08.296+0000] {processor.py:161} INFO - Started process (PID=96) to work on /home/airflow/.local/lib/python3.12/site-packages/airflow/example_dags/example_sla_dag.py
[2024-04-17T23:58:08.297+0000] {processor.py:830} INFO - Processing file /home/airflow/.local/lib/python3.12/site-packages/airflow/example_dags/example_sla_dag.py for tasks to queue
[2024-04-17T23:58:08.299+0000] {logging_mixin.py:188} INFO - [2024-04-17T23:58:08.299+0000] {dagbag.py:540} INFO - Filling up the DagBag from /home/airflow/.local/lib/python3.12/site-packages/airflow/example_dags/example_sla_dag.py
[2024-04-17T23:58:08.309+0000] {processor.py:840} INFO - DAG(s) 'example_sla_dag' retrieved from /home/airflow/.local/lib/python3.12/site-packages/airflow/example_dags/example_sla_dag.py
[2024-04-17T23:58:08.333+0000] {logging_mixin.py:188} INFO - [2024-04-17T23:58:08.333+0000] {dag.py:3096} INFO - Sync 1 DAGs
[2024-04-17T23:58:08.370+0000] {logging_mixin.py:188} INFO - [2024-04-17T23:58:08.369+0000] {dag.py:3954} INFO - Setting next_dagrun for example_sla_dag to 2024-04-17 23:56:00+00:00, run_after=2024-04-17 23:58:00+00:00
[2024-04-17T23:58:08.399+0000] {processor.py:183} INFO - Processing /home/airflow/.local/lib/python3.12/site-packages/airflow/example_dags/example_sla_dag.py took 0.110 seconds
[2024-04-17T23:58:38.580+0000] {processor.py:161} INFO - Started process (PID=154) to work on /home/airflow/.local/lib/python3.12/site-packages/airflow/example_dags/example_sla_dag.py
[2024-04-17T23:58:38.581+0000] {processor.py:830} INFO - Processing file /home/airflow/.local/lib/python3.12/site-packages/airflow/example_dags/example_sla_dag.py for tasks to queue
[2024-04-17T23:58:38.584+0000] {logging_mixin.py:188} INFO - [2024-04-17T23:58:38.584+0000] {dagbag.py:540} INFO - Filling up the DagBag from /home/airflow/.local/lib/python3.12/site-packages/airflow/example_dags/example_sla_dag.py
[2024-04-17T23:58:38.599+0000] {processor.py:840} INFO - DAG(s) 'example_sla_dag' retrieved from /home/airflow/.local/lib/python3.12/site-packages/airflow/example_dags/example_sla_dag.py
[2024-04-17T23:58:38.631+0000] {logging_mixin.py:188} INFO - [2024-04-17T23:58:38.630+0000] {dag.py:3096} INFO - Sync 1 DAGs
[2024-04-17T23:58:38.680+0000] {logging_mixin.py:188} INFO - [2024-04-17T23:58:38.680+0000] {dag.py:3954} INFO - Setting next_dagrun for example_sla_dag to 2024-04-17 23:56:00+00:00, run_after=2024-04-17 23:58:00+00:00
[2024-04-17T23:58:38.722+0000] {processor.py:183} INFO - Processing /home/airflow/.local/lib/python3.12/site-packages/airflow/example_dags/example_sla_dag.py took 0.149 seconds
[2024-04-17T23:59:09.052+0000] {processor.py:161} INFO - Started process (PID=212) to work on /home/airflow/.local/lib/python3.12/site-packages/airflow/example_dags/example_sla_dag.py
[2024-04-17T23:59:09.053+0000] {processor.py:830} INFO - Processing file /home/airflow/.local/lib/python3.12/site-packages/airflow/example_dags/example_sla_dag.py for tasks to queue
[2024-04-17T23:59:09.055+0000] {logging_mixin.py:188} INFO - [2024-04-17T23:59:09.055+0000] {dagbag.py:540} INFO - Filling up the DagBag from /home/airflow/.local/lib/python3.12/site-packages/airflow/example_dags/example_sla_dag.py
[2024-04-17T23:59:09.086+0000] {processor.py:840} INFO - DAG(s) 'example_sla_dag' retrieved from /home/airflow/.local/lib/python3.12/site-packages/airflow/example_dags/example_sla_dag.py
[2024-04-17T23:59:09.142+0000] {logging_mixin.py:188} INFO - [2024-04-17T23:59:09.141+0000] {dag.py:3096} INFO - Sync 1 DAGs
[2024-04-17T23:59:09.196+0000] {logging_mixin.py:188} INFO - [2024-04-17T23:59:09.196+0000] {dag.py:3954} INFO - Setting next_dagrun for example_sla_dag to 2024-04-17 23:56:00+00:00, run_after=2024-04-17 23:58:00+00:00
[2024-04-17T23:59:09.230+0000] {processor.py:183} INFO - Processing /home/airflow/.local/lib/python3.12/site-packages/airflow/example_dags/example_sla_dag.py took 0.185 seconds
[2024-04-17T23:59:40.202+0000] {processor.py:161} INFO - Started process (PID=271) to work on /home/airflow/.local/lib/python3.12/site-packages/airflow/example_dags/example_sla_dag.py
[2024-04-17T23:59:40.203+0000] {processor.py:830} INFO - Processing file /home/airflow/.local/lib/python3.12/site-packages/airflow/example_dags/example_sla_dag.py for tasks to queue
[2024-04-17T23:59:40.205+0000] {logging_mixin.py:188} INFO - [2024-04-17T23:59:40.205+0000] {dagbag.py:540} INFO - Filling up the DagBag from /home/airflow/.local/lib/python3.12/site-packages/airflow/example_dags/example_sla_dag.py
[2024-04-17T23:59:40.213+0000] {processor.py:840} INFO - DAG(s) 'example_sla_dag' retrieved from /home/airflow/.local/lib/python3.12/site-packages/airflow/example_dags/example_sla_dag.py
[2024-04-17T23:59:40.236+0000] {logging_mixin.py:188} INFO - [2024-04-17T23:59:40.236+0000] {dag.py:3096} INFO - Sync 1 DAGs
[2024-04-17T23:59:40.269+0000] {logging_mixin.py:188} INFO - [2024-04-17T23:59:40.268+0000] {dag.py:3954} INFO - Setting next_dagrun for example_sla_dag to 2024-04-17 23:56:00+00:00, run_after=2024-04-17 23:58:00+00:00
[2024-04-17T23:59:40.298+0000] {processor.py:183} INFO - Processing /home/airflow/.local/lib/python3.12/site-packages/airflow/example_dags/example_sla_dag.py took 0.102 seconds
