[2024-04-17T21:04:45.796+0000] {processor.py:161} INFO - Started process (PID=79) to work on /home/airflow/.local/lib/python3.12/site-packages/airflow/example_dags/example_dag_decorator.py
[2024-04-17T21:04:45.798+0000] {processor.py:830} INFO - Processing file /home/airflow/.local/lib/python3.12/site-packages/airflow/example_dags/example_dag_decorator.py for tasks to queue
[2024-04-17T21:04:45.811+0000] {logging_mixin.py:188} INFO - [2024-04-17T21:04:45.810+0000] {dagbag.py:540} INFO - Filling up the DagBag from /home/airflow/.local/lib/python3.12/site-packages/airflow/example_dags/example_dag_decorator.py
[2024-04-17T21:04:46.938+0000] {processor.py:840} INFO - DAG(s) 'example_dag_decorator' retrieved from /home/airflow/.local/lib/python3.12/site-packages/airflow/example_dags/example_dag_decorator.py
[2024-04-17T21:04:47.943+0000] {logging_mixin.py:188} INFO - [2024-04-17T21:04:47.942+0000] {dag.py:3096} INFO - Sync 1 DAGs
[2024-04-17T21:04:48.048+0000] {logging_mixin.py:188} INFO - [2024-04-17T21:04:48.047+0000] {dag.py:3954} INFO - Setting next_dagrun for example_dag_decorator to None, run_after=None
[2024-04-17T21:04:48.189+0000] {processor.py:183} INFO - Processing /home/airflow/.local/lib/python3.12/site-packages/airflow/example_dags/example_dag_decorator.py took 2.415 seconds
[2024-04-17T21:05:21.440+0000] {processor.py:161} INFO - Started process (PID=137) to work on /home/airflow/.local/lib/python3.12/site-packages/airflow/example_dags/example_dag_decorator.py
[2024-04-17T21:05:21.446+0000] {processor.py:830} INFO - Processing file /home/airflow/.local/lib/python3.12/site-packages/airflow/example_dags/example_dag_decorator.py for tasks to queue
[2024-04-17T21:05:21.463+0000] {logging_mixin.py:188} INFO - [2024-04-17T21:05:21.461+0000] {dagbag.py:540} INFO - Filling up the DagBag from /home/airflow/.local/lib/python3.12/site-packages/airflow/example_dags/example_dag_decorator.py
[2024-04-17T21:05:22.320+0000] {processor.py:840} INFO - DAG(s) 'example_dag_decorator' retrieved from /home/airflow/.local/lib/python3.12/site-packages/airflow/example_dags/example_dag_decorator.py
[2024-04-17T21:05:24.030+0000] {logging_mixin.py:188} INFO - [2024-04-17T21:05:24.029+0000] {dag.py:3096} INFO - Sync 1 DAGs
[2024-04-17T21:05:24.113+0000] {logging_mixin.py:188} INFO - [2024-04-17T21:05:24.112+0000] {dag.py:3954} INFO - Setting next_dagrun for example_dag_decorator to None, run_after=None
[2024-04-17T21:05:24.266+0000] {processor.py:183} INFO - Processing /home/airflow/.local/lib/python3.12/site-packages/airflow/example_dags/example_dag_decorator.py took 2.866 seconds
[2024-04-17T21:05:55.056+0000] {processor.py:161} INFO - Started process (PID=196) to work on /home/airflow/.local/lib/python3.12/site-packages/airflow/example_dags/example_dag_decorator.py
[2024-04-17T21:05:55.070+0000] {processor.py:830} INFO - Processing file /home/airflow/.local/lib/python3.12/site-packages/airflow/example_dags/example_dag_decorator.py for tasks to queue
[2024-04-17T21:05:55.086+0000] {logging_mixin.py:188} INFO - [2024-04-17T21:05:55.075+0000] {dagbag.py:540} INFO - Filling up the DagBag from /home/airflow/.local/lib/python3.12/site-packages/airflow/example_dags/example_dag_decorator.py
[2024-04-17T21:05:55.773+0000] {processor.py:840} INFO - DAG(s) 'example_dag_decorator' retrieved from /home/airflow/.local/lib/python3.12/site-packages/airflow/example_dags/example_dag_decorator.py
[2024-04-17T21:05:55.970+0000] {logging_mixin.py:188} INFO - [2024-04-17T21:05:55.969+0000] {dag.py:3096} INFO - Sync 1 DAGs
[2024-04-17T21:05:56.093+0000] {logging_mixin.py:188} INFO - [2024-04-17T21:05:56.092+0000] {dag.py:3954} INFO - Setting next_dagrun for example_dag_decorator to None, run_after=None
[2024-04-17T21:05:56.326+0000] {processor.py:183} INFO - Processing /home/airflow/.local/lib/python3.12/site-packages/airflow/example_dags/example_dag_decorator.py took 1.294 seconds
[2024-04-17T21:06:26.850+0000] {processor.py:161} INFO - Started process (PID=254) to work on /home/airflow/.local/lib/python3.12/site-packages/airflow/example_dags/example_dag_decorator.py
[2024-04-17T21:06:26.854+0000] {processor.py:830} INFO - Processing file /home/airflow/.local/lib/python3.12/site-packages/airflow/example_dags/example_dag_decorator.py for tasks to queue
[2024-04-17T21:06:26.869+0000] {logging_mixin.py:188} INFO - [2024-04-17T21:06:26.868+0000] {dagbag.py:540} INFO - Filling up the DagBag from /home/airflow/.local/lib/python3.12/site-packages/airflow/example_dags/example_dag_decorator.py
[2024-04-17T21:06:27.626+0000] {processor.py:840} INFO - DAG(s) 'example_dag_decorator' retrieved from /home/airflow/.local/lib/python3.12/site-packages/airflow/example_dags/example_dag_decorator.py
[2024-04-17T21:06:27.820+0000] {logging_mixin.py:188} INFO - [2024-04-17T21:06:27.820+0000] {dag.py:3096} INFO - Sync 1 DAGs
[2024-04-17T21:06:27.949+0000] {logging_mixin.py:188} INFO - [2024-04-17T21:06:27.948+0000] {dag.py:3954} INFO - Setting next_dagrun for example_dag_decorator to None, run_after=None
[2024-04-17T21:06:28.102+0000] {processor.py:183} INFO - Processing /home/airflow/.local/lib/python3.12/site-packages/airflow/example_dags/example_dag_decorator.py took 1.278 seconds
[2024-04-17T21:06:58.811+0000] {processor.py:161} INFO - Started process (PID=312) to work on /home/airflow/.local/lib/python3.12/site-packages/airflow/example_dags/example_dag_decorator.py
[2024-04-17T21:06:58.819+0000] {processor.py:830} INFO - Processing file /home/airflow/.local/lib/python3.12/site-packages/airflow/example_dags/example_dag_decorator.py for tasks to queue
[2024-04-17T21:06:58.823+0000] {logging_mixin.py:188} INFO - [2024-04-17T21:06:58.822+0000] {dagbag.py:540} INFO - Filling up the DagBag from /home/airflow/.local/lib/python3.12/site-packages/airflow/example_dags/example_dag_decorator.py
[2024-04-17T21:06:59.369+0000] {processor.py:840} INFO - DAG(s) 'example_dag_decorator' retrieved from /home/airflow/.local/lib/python3.12/site-packages/airflow/example_dags/example_dag_decorator.py
[2024-04-17T21:06:59.502+0000] {logging_mixin.py:188} INFO - [2024-04-17T21:06:59.501+0000] {dag.py:3096} INFO - Sync 1 DAGs
[2024-04-17T21:06:59.593+0000] {logging_mixin.py:188} INFO - [2024-04-17T21:06:59.592+0000] {dag.py:3954} INFO - Setting next_dagrun for example_dag_decorator to None, run_after=None
[2024-04-17T21:06:59.717+0000] {processor.py:183} INFO - Processing /home/airflow/.local/lib/python3.12/site-packages/airflow/example_dags/example_dag_decorator.py took 0.918 seconds
[2024-04-17T21:07:30.000+0000] {processor.py:161} INFO - Started process (PID=370) to work on /home/airflow/.local/lib/python3.12/site-packages/airflow/example_dags/example_dag_decorator.py
[2024-04-17T21:07:30.318+0000] {processor.py:830} INFO - Processing file /home/airflow/.local/lib/python3.12/site-packages/airflow/example_dags/example_dag_decorator.py for tasks to queue
[2024-04-17T21:07:30.322+0000] {logging_mixin.py:188} INFO - [2024-04-17T21:07:30.321+0000] {dagbag.py:540} INFO - Filling up the DagBag from /home/airflow/.local/lib/python3.12/site-packages/airflow/example_dags/example_dag_decorator.py
[2024-04-17T21:07:30.690+0000] {processor.py:840} INFO - DAG(s) 'example_dag_decorator' retrieved from /home/airflow/.local/lib/python3.12/site-packages/airflow/example_dags/example_dag_decorator.py
[2024-04-17T21:07:30.855+0000] {logging_mixin.py:188} INFO - [2024-04-17T21:07:30.845+0000] {dag.py:3096} INFO - Sync 1 DAGs
[2024-04-17T21:07:30.947+0000] {logging_mixin.py:188} INFO - [2024-04-17T21:07:30.946+0000] {dag.py:3954} INFO - Setting next_dagrun for example_dag_decorator to None, run_after=None
[2024-04-17T21:07:31.078+0000] {processor.py:183} INFO - Processing /home/airflow/.local/lib/python3.12/site-packages/airflow/example_dags/example_dag_decorator.py took 1.091 seconds
[2024-04-17T21:08:01.846+0000] {processor.py:161} INFO - Started process (PID=428) to work on /home/airflow/.local/lib/python3.12/site-packages/airflow/example_dags/example_dag_decorator.py
[2024-04-17T21:08:01.849+0000] {processor.py:830} INFO - Processing file /home/airflow/.local/lib/python3.12/site-packages/airflow/example_dags/example_dag_decorator.py for tasks to queue
[2024-04-17T21:08:01.866+0000] {logging_mixin.py:188} INFO - [2024-04-17T21:08:01.865+0000] {dagbag.py:540} INFO - Filling up the DagBag from /home/airflow/.local/lib/python3.12/site-packages/airflow/example_dags/example_dag_decorator.py
[2024-04-17T21:08:02.473+0000] {processor.py:840} INFO - DAG(s) 'example_dag_decorator' retrieved from /home/airflow/.local/lib/python3.12/site-packages/airflow/example_dags/example_dag_decorator.py
[2024-04-17T21:08:02.573+0000] {logging_mixin.py:188} INFO - [2024-04-17T21:08:02.572+0000] {dag.py:3096} INFO - Sync 1 DAGs
[2024-04-17T21:08:02.614+0000] {logging_mixin.py:188} INFO - [2024-04-17T21:08:02.613+0000] {dag.py:3954} INFO - Setting next_dagrun for example_dag_decorator to None, run_after=None
[2024-04-17T21:08:03.534+0000] {processor.py:183} INFO - Processing /home/airflow/.local/lib/python3.12/site-packages/airflow/example_dags/example_dag_decorator.py took 1.714 seconds
[2024-04-17T21:08:34.333+0000] {processor.py:161} INFO - Started process (PID=486) to work on /home/airflow/.local/lib/python3.12/site-packages/airflow/example_dags/example_dag_decorator.py
[2024-04-17T21:08:34.361+0000] {processor.py:830} INFO - Processing file /home/airflow/.local/lib/python3.12/site-packages/airflow/example_dags/example_dag_decorator.py for tasks to queue
[2024-04-17T21:08:34.428+0000] {logging_mixin.py:188} INFO - [2024-04-17T21:08:34.426+0000] {dagbag.py:540} INFO - Filling up the DagBag from /home/airflow/.local/lib/python3.12/site-packages/airflow/example_dags/example_dag_decorator.py
[2024-04-17T21:08:34.982+0000] {processor.py:840} INFO - DAG(s) 'example_dag_decorator' retrieved from /home/airflow/.local/lib/python3.12/site-packages/airflow/example_dags/example_dag_decorator.py
[2024-04-17T21:08:35.092+0000] {logging_mixin.py:188} INFO - [2024-04-17T21:08:35.091+0000] {dag.py:3096} INFO - Sync 1 DAGs
[2024-04-17T21:08:35.153+0000] {logging_mixin.py:188} INFO - [2024-04-17T21:08:35.153+0000] {dag.py:3954} INFO - Setting next_dagrun for example_dag_decorator to None, run_after=None
[2024-04-17T21:08:35.597+0000] {processor.py:183} INFO - Processing /home/airflow/.local/lib/python3.12/site-packages/airflow/example_dags/example_dag_decorator.py took 1.280 seconds
[2024-04-17T21:09:06.086+0000] {processor.py:161} INFO - Started process (PID=545) to work on /home/airflow/.local/lib/python3.12/site-packages/airflow/example_dags/example_dag_decorator.py
[2024-04-17T21:09:06.150+0000] {processor.py:830} INFO - Processing file /home/airflow/.local/lib/python3.12/site-packages/airflow/example_dags/example_dag_decorator.py for tasks to queue
[2024-04-17T21:09:06.154+0000] {logging_mixin.py:188} INFO - [2024-04-17T21:09:06.153+0000] {dagbag.py:540} INFO - Filling up the DagBag from /home/airflow/.local/lib/python3.12/site-packages/airflow/example_dags/example_dag_decorator.py
[2024-04-17T21:09:06.335+0000] {processor.py:840} INFO - DAG(s) 'example_dag_decorator' retrieved from /home/airflow/.local/lib/python3.12/site-packages/airflow/example_dags/example_dag_decorator.py
[2024-04-17T21:09:06.907+0000] {logging_mixin.py:188} INFO - [2024-04-17T21:09:06.907+0000] {dag.py:3096} INFO - Sync 1 DAGs
[2024-04-17T21:09:06.939+0000] {logging_mixin.py:188} INFO - [2024-04-17T21:09:06.938+0000] {dag.py:3954} INFO - Setting next_dagrun for example_dag_decorator to None, run_after=None
[2024-04-17T21:09:06.998+0000] {processor.py:183} INFO - Processing /home/airflow/.local/lib/python3.12/site-packages/airflow/example_dags/example_dag_decorator.py took 0.922 seconds
[2024-04-17T21:09:37.647+0000] {processor.py:161} INFO - Started process (PID=604) to work on /home/airflow/.local/lib/python3.12/site-packages/airflow/example_dags/example_dag_decorator.py
[2024-04-17T21:09:37.665+0000] {processor.py:830} INFO - Processing file /home/airflow/.local/lib/python3.12/site-packages/airflow/example_dags/example_dag_decorator.py for tasks to queue
[2024-04-17T21:09:37.674+0000] {logging_mixin.py:188} INFO - [2024-04-17T21:09:37.673+0000] {dagbag.py:540} INFO - Filling up the DagBag from /home/airflow/.local/lib/python3.12/site-packages/airflow/example_dags/example_dag_decorator.py
[2024-04-17T21:09:38.144+0000] {processor.py:840} INFO - DAG(s) 'example_dag_decorator' retrieved from /home/airflow/.local/lib/python3.12/site-packages/airflow/example_dags/example_dag_decorator.py
[2024-04-17T21:09:38.890+0000] {logging_mixin.py:188} INFO - [2024-04-17T21:09:38.889+0000] {dag.py:3096} INFO - Sync 1 DAGs
[2024-04-17T21:09:38.928+0000] {logging_mixin.py:188} INFO - [2024-04-17T21:09:38.928+0000] {dag.py:3954} INFO - Setting next_dagrun for example_dag_decorator to None, run_after=None
[2024-04-17T21:09:39.286+0000] {processor.py:183} INFO - Processing /home/airflow/.local/lib/python3.12/site-packages/airflow/example_dags/example_dag_decorator.py took 1.672 seconds
[2024-04-17T21:10:09.526+0000] {processor.py:161} INFO - Started process (PID=670) to work on /home/airflow/.local/lib/python3.12/site-packages/airflow/example_dags/example_dag_decorator.py
[2024-04-17T21:10:09.527+0000] {processor.py:830} INFO - Processing file /home/airflow/.local/lib/python3.12/site-packages/airflow/example_dags/example_dag_decorator.py for tasks to queue
[2024-04-17T21:10:09.532+0000] {logging_mixin.py:188} INFO - [2024-04-17T21:10:09.531+0000] {dagbag.py:540} INFO - Filling up the DagBag from /home/airflow/.local/lib/python3.12/site-packages/airflow/example_dags/example_dag_decorator.py
[2024-04-17T21:10:09.758+0000] {processor.py:840} INFO - DAG(s) 'example_dag_decorator' retrieved from /home/airflow/.local/lib/python3.12/site-packages/airflow/example_dags/example_dag_decorator.py
[2024-04-17T21:10:10.161+0000] {logging_mixin.py:188} INFO - [2024-04-17T21:10:10.161+0000] {dag.py:3096} INFO - Sync 1 DAGs
[2024-04-17T21:10:10.178+0000] {logging_mixin.py:188} INFO - [2024-04-17T21:10:10.178+0000] {dag.py:3954} INFO - Setting next_dagrun for example_dag_decorator to None, run_after=None
[2024-04-17T21:10:10.218+0000] {processor.py:183} INFO - Processing /home/airflow/.local/lib/python3.12/site-packages/airflow/example_dags/example_dag_decorator.py took 0.708 seconds
[2024-04-17T21:10:40.668+0000] {processor.py:161} INFO - Started process (PID=729) to work on /home/airflow/.local/lib/python3.12/site-packages/airflow/example_dags/example_dag_decorator.py
[2024-04-17T21:10:40.670+0000] {processor.py:830} INFO - Processing file /home/airflow/.local/lib/python3.12/site-packages/airflow/example_dags/example_dag_decorator.py for tasks to queue
[2024-04-17T21:10:40.674+0000] {logging_mixin.py:188} INFO - [2024-04-17T21:10:40.673+0000] {dagbag.py:540} INFO - Filling up the DagBag from /home/airflow/.local/lib/python3.12/site-packages/airflow/example_dags/example_dag_decorator.py
[2024-04-17T21:10:40.875+0000] {processor.py:840} INFO - DAG(s) 'example_dag_decorator' retrieved from /home/airflow/.local/lib/python3.12/site-packages/airflow/example_dags/example_dag_decorator.py
[2024-04-17T21:10:41.264+0000] {logging_mixin.py:188} INFO - [2024-04-17T21:10:41.264+0000] {dag.py:3096} INFO - Sync 1 DAGs
[2024-04-17T21:10:41.283+0000] {logging_mixin.py:188} INFO - [2024-04-17T21:10:41.283+0000] {dag.py:3954} INFO - Setting next_dagrun for example_dag_decorator to None, run_after=None
[2024-04-17T21:10:41.329+0000] {processor.py:183} INFO - Processing /home/airflow/.local/lib/python3.12/site-packages/airflow/example_dags/example_dag_decorator.py took 0.670 seconds
[2024-04-17T21:11:11.390+0000] {processor.py:161} INFO - Started process (PID=785) to work on /home/airflow/.local/lib/python3.12/site-packages/airflow/example_dags/example_dag_decorator.py
[2024-04-17T21:11:11.391+0000] {processor.py:830} INFO - Processing file /home/airflow/.local/lib/python3.12/site-packages/airflow/example_dags/example_dag_decorator.py for tasks to queue
[2024-04-17T21:11:11.395+0000] {logging_mixin.py:188} INFO - [2024-04-17T21:11:11.395+0000] {dagbag.py:540} INFO - Filling up the DagBag from /home/airflow/.local/lib/python3.12/site-packages/airflow/example_dags/example_dag_decorator.py
[2024-04-17T21:11:11.579+0000] {processor.py:840} INFO - DAG(s) 'example_dag_decorator' retrieved from /home/airflow/.local/lib/python3.12/site-packages/airflow/example_dags/example_dag_decorator.py
[2024-04-17T21:11:11.629+0000] {logging_mixin.py:188} INFO - [2024-04-17T21:11:11.628+0000] {dag.py:3096} INFO - Sync 1 DAGs
[2024-04-17T21:11:11.658+0000] {logging_mixin.py:188} INFO - [2024-04-17T21:11:11.658+0000] {dag.py:3954} INFO - Setting next_dagrun for example_dag_decorator to None, run_after=None
[2024-04-17T21:11:11.951+0000] {processor.py:183} INFO - Processing /home/airflow/.local/lib/python3.12/site-packages/airflow/example_dags/example_dag_decorator.py took 0.568 seconds
[2024-04-17T21:11:42.241+0000] {processor.py:161} INFO - Started process (PID=843) to work on /home/airflow/.local/lib/python3.12/site-packages/airflow/example_dags/example_dag_decorator.py
[2024-04-17T21:11:42.242+0000] {processor.py:830} INFO - Processing file /home/airflow/.local/lib/python3.12/site-packages/airflow/example_dags/example_dag_decorator.py for tasks to queue
[2024-04-17T21:11:42.246+0000] {logging_mixin.py:188} INFO - [2024-04-17T21:11:42.245+0000] {dagbag.py:540} INFO - Filling up the DagBag from /home/airflow/.local/lib/python3.12/site-packages/airflow/example_dags/example_dag_decorator.py
[2024-04-17T21:11:42.504+0000] {processor.py:840} INFO - DAG(s) 'example_dag_decorator' retrieved from /home/airflow/.local/lib/python3.12/site-packages/airflow/example_dags/example_dag_decorator.py
[2024-04-17T21:11:43.229+0000] {logging_mixin.py:188} INFO - [2024-04-17T21:11:43.228+0000] {dag.py:3096} INFO - Sync 1 DAGs
[2024-04-17T21:11:43.297+0000] {logging_mixin.py:188} INFO - [2024-04-17T21:11:43.296+0000] {dag.py:3954} INFO - Setting next_dagrun for example_dag_decorator to None, run_after=None
[2024-04-17T21:11:43.374+0000] {processor.py:183} INFO - Processing /home/airflow/.local/lib/python3.12/site-packages/airflow/example_dags/example_dag_decorator.py took 1.146 seconds
[2024-04-17T21:12:13.548+0000] {processor.py:161} INFO - Started process (PID=903) to work on /home/airflow/.local/lib/python3.12/site-packages/airflow/example_dags/example_dag_decorator.py
[2024-04-17T21:12:13.550+0000] {processor.py:830} INFO - Processing file /home/airflow/.local/lib/python3.12/site-packages/airflow/example_dags/example_dag_decorator.py for tasks to queue
[2024-04-17T21:12:13.555+0000] {logging_mixin.py:188} INFO - [2024-04-17T21:12:13.554+0000] {dagbag.py:540} INFO - Filling up the DagBag from /home/airflow/.local/lib/python3.12/site-packages/airflow/example_dags/example_dag_decorator.py
[2024-04-17T21:12:14.047+0000] {processor.py:840} INFO - DAG(s) 'example_dag_decorator' retrieved from /home/airflow/.local/lib/python3.12/site-packages/airflow/example_dags/example_dag_decorator.py
[2024-04-17T21:12:14.302+0000] {logging_mixin.py:188} INFO - [2024-04-17T21:12:14.301+0000] {dag.py:3096} INFO - Sync 1 DAGs
[2024-04-17T21:12:14.329+0000] {logging_mixin.py:188} INFO - [2024-04-17T21:12:14.328+0000] {dag.py:3954} INFO - Setting next_dagrun for example_dag_decorator to None, run_after=None
[2024-04-17T21:12:14.387+0000] {processor.py:183} INFO - Processing /home/airflow/.local/lib/python3.12/site-packages/airflow/example_dags/example_dag_decorator.py took 0.853 seconds
[2024-04-17T21:12:44.812+0000] {processor.py:161} INFO - Started process (PID=961) to work on /home/airflow/.local/lib/python3.12/site-packages/airflow/example_dags/example_dag_decorator.py
[2024-04-17T21:12:44.813+0000] {processor.py:830} INFO - Processing file /home/airflow/.local/lib/python3.12/site-packages/airflow/example_dags/example_dag_decorator.py for tasks to queue
[2024-04-17T21:12:44.818+0000] {logging_mixin.py:188} INFO - [2024-04-17T21:12:44.817+0000] {dagbag.py:540} INFO - Filling up the DagBag from /home/airflow/.local/lib/python3.12/site-packages/airflow/example_dags/example_dag_decorator.py
[2024-04-17T21:12:45.013+0000] {processor.py:840} INFO - DAG(s) 'example_dag_decorator' retrieved from /home/airflow/.local/lib/python3.12/site-packages/airflow/example_dags/example_dag_decorator.py
[2024-04-17T21:12:45.054+0000] {logging_mixin.py:188} INFO - [2024-04-17T21:12:45.054+0000] {dag.py:3096} INFO - Sync 1 DAGs
[2024-04-17T21:12:45.279+0000] {logging_mixin.py:188} INFO - [2024-04-17T21:12:45.279+0000] {dag.py:3954} INFO - Setting next_dagrun for example_dag_decorator to None, run_after=None
[2024-04-17T21:12:45.316+0000] {processor.py:183} INFO - Processing /home/airflow/.local/lib/python3.12/site-packages/airflow/example_dags/example_dag_decorator.py took 0.514 seconds
[2024-04-17T21:13:15.697+0000] {processor.py:161} INFO - Started process (PID=1021) to work on /home/airflow/.local/lib/python3.12/site-packages/airflow/example_dags/example_dag_decorator.py
[2024-04-17T21:13:15.699+0000] {processor.py:830} INFO - Processing file /home/airflow/.local/lib/python3.12/site-packages/airflow/example_dags/example_dag_decorator.py for tasks to queue
[2024-04-17T21:13:15.703+0000] {logging_mixin.py:188} INFO - [2024-04-17T21:13:15.702+0000] {dagbag.py:540} INFO - Filling up the DagBag from /home/airflow/.local/lib/python3.12/site-packages/airflow/example_dags/example_dag_decorator.py
[2024-04-17T21:13:16.143+0000] {processor.py:840} INFO - DAG(s) 'example_dag_decorator' retrieved from /home/airflow/.local/lib/python3.12/site-packages/airflow/example_dags/example_dag_decorator.py
[2024-04-17T21:13:16.210+0000] {logging_mixin.py:188} INFO - [2024-04-17T21:13:16.209+0000] {dag.py:3096} INFO - Sync 1 DAGs
[2024-04-17T21:13:16.251+0000] {logging_mixin.py:188} INFO - [2024-04-17T21:13:16.250+0000] {dag.py:3954} INFO - Setting next_dagrun for example_dag_decorator to None, run_after=None
[2024-04-17T21:13:16.321+0000] {processor.py:183} INFO - Processing /home/airflow/.local/lib/python3.12/site-packages/airflow/example_dags/example_dag_decorator.py took 0.634 seconds
[2024-04-17T21:15:00.754+0000] {processor.py:161} INFO - Started process (PID=62) to work on /home/airflow/.local/lib/python3.12/site-packages/airflow/example_dags/example_dag_decorator.py
[2024-04-17T21:15:00.757+0000] {processor.py:830} INFO - Processing file /home/airflow/.local/lib/python3.12/site-packages/airflow/example_dags/example_dag_decorator.py for tasks to queue
[2024-04-17T21:15:00.760+0000] {logging_mixin.py:188} INFO - [2024-04-17T21:15:00.759+0000] {dagbag.py:540} INFO - Filling up the DagBag from /home/airflow/.local/lib/python3.12/site-packages/airflow/example_dags/example_dag_decorator.py
[2024-04-17T21:15:01.120+0000] {processor.py:840} INFO - DAG(s) 'example_dag_decorator' retrieved from /home/airflow/.local/lib/python3.12/site-packages/airflow/example_dags/example_dag_decorator.py
[2024-04-17T21:15:01.460+0000] {logging_mixin.py:188} INFO - [2024-04-17T21:15:01.460+0000] {dag.py:3096} INFO - Sync 1 DAGs
[2024-04-17T21:15:01.499+0000] {logging_mixin.py:188} INFO - [2024-04-17T21:15:01.498+0000] {dag.py:3954} INFO - Setting next_dagrun for example_dag_decorator to None, run_after=None
[2024-04-17T21:15:01.561+0000] {processor.py:183} INFO - Processing /home/airflow/.local/lib/python3.12/site-packages/airflow/example_dags/example_dag_decorator.py took 0.818 seconds
[2024-04-17T21:15:31.961+0000] {processor.py:161} INFO - Started process (PID=120) to work on /home/airflow/.local/lib/python3.12/site-packages/airflow/example_dags/example_dag_decorator.py
[2024-04-17T21:15:31.962+0000] {processor.py:830} INFO - Processing file /home/airflow/.local/lib/python3.12/site-packages/airflow/example_dags/example_dag_decorator.py for tasks to queue
[2024-04-17T21:15:31.965+0000] {logging_mixin.py:188} INFO - [2024-04-17T21:15:31.964+0000] {dagbag.py:540} INFO - Filling up the DagBag from /home/airflow/.local/lib/python3.12/site-packages/airflow/example_dags/example_dag_decorator.py
[2024-04-17T21:15:32.121+0000] {processor.py:840} INFO - DAG(s) 'example_dag_decorator' retrieved from /home/airflow/.local/lib/python3.12/site-packages/airflow/example_dags/example_dag_decorator.py
[2024-04-17T21:15:32.155+0000] {logging_mixin.py:188} INFO - [2024-04-17T21:15:32.155+0000] {dag.py:3096} INFO - Sync 1 DAGs
[2024-04-17T21:15:32.173+0000] {logging_mixin.py:188} INFO - [2024-04-17T21:15:32.172+0000] {dag.py:3954} INFO - Setting next_dagrun for example_dag_decorator to None, run_after=None
[2024-04-17T21:15:32.204+0000] {processor.py:183} INFO - Processing /home/airflow/.local/lib/python3.12/site-packages/airflow/example_dags/example_dag_decorator.py took 0.250 seconds
[2024-04-17T21:16:02.434+0000] {processor.py:161} INFO - Started process (PID=179) to work on /home/airflow/.local/lib/python3.12/site-packages/airflow/example_dags/example_dag_decorator.py
[2024-04-17T21:16:02.436+0000] {processor.py:830} INFO - Processing file /home/airflow/.local/lib/python3.12/site-packages/airflow/example_dags/example_dag_decorator.py for tasks to queue
[2024-04-17T21:16:02.440+0000] {logging_mixin.py:188} INFO - [2024-04-17T21:16:02.439+0000] {dagbag.py:540} INFO - Filling up the DagBag from /home/airflow/.local/lib/python3.12/site-packages/airflow/example_dags/example_dag_decorator.py
[2024-04-17T21:16:02.612+0000] {processor.py:840} INFO - DAG(s) 'example_dag_decorator' retrieved from /home/airflow/.local/lib/python3.12/site-packages/airflow/example_dags/example_dag_decorator.py
[2024-04-17T21:16:02.656+0000] {logging_mixin.py:188} INFO - [2024-04-17T21:16:02.655+0000] {dag.py:3096} INFO - Sync 1 DAGs
[2024-04-17T21:16:02.681+0000] {logging_mixin.py:188} INFO - [2024-04-17T21:16:02.681+0000] {dag.py:3954} INFO - Setting next_dagrun for example_dag_decorator to None, run_after=None
[2024-04-17T21:16:02.728+0000] {processor.py:183} INFO - Processing /home/airflow/.local/lib/python3.12/site-packages/airflow/example_dags/example_dag_decorator.py took 0.301 seconds
[2024-04-17T21:16:33.502+0000] {processor.py:161} INFO - Started process (PID=237) to work on /home/airflow/.local/lib/python3.12/site-packages/airflow/example_dags/example_dag_decorator.py
[2024-04-17T21:16:33.504+0000] {processor.py:830} INFO - Processing file /home/airflow/.local/lib/python3.12/site-packages/airflow/example_dags/example_dag_decorator.py for tasks to queue
[2024-04-17T21:16:33.507+0000] {logging_mixin.py:188} INFO - [2024-04-17T21:16:33.506+0000] {dagbag.py:540} INFO - Filling up the DagBag from /home/airflow/.local/lib/python3.12/site-packages/airflow/example_dags/example_dag_decorator.py
[2024-04-17T21:16:33.643+0000] {processor.py:840} INFO - DAG(s) 'example_dag_decorator' retrieved from /home/airflow/.local/lib/python3.12/site-packages/airflow/example_dags/example_dag_decorator.py
[2024-04-17T21:16:33.679+0000] {logging_mixin.py:188} INFO - [2024-04-17T21:16:33.679+0000] {dag.py:3096} INFO - Sync 1 DAGs
[2024-04-17T21:16:33.706+0000] {logging_mixin.py:188} INFO - [2024-04-17T21:16:33.706+0000] {dag.py:3954} INFO - Setting next_dagrun for example_dag_decorator to None, run_after=None
[2024-04-17T21:16:33.742+0000] {processor.py:183} INFO - Processing /home/airflow/.local/lib/python3.12/site-packages/airflow/example_dags/example_dag_decorator.py took 0.247 seconds
[2024-04-17T21:17:03.938+0000] {processor.py:161} INFO - Started process (PID=295) to work on /home/airflow/.local/lib/python3.12/site-packages/airflow/example_dags/example_dag_decorator.py
[2024-04-17T21:17:03.939+0000] {processor.py:830} INFO - Processing file /home/airflow/.local/lib/python3.12/site-packages/airflow/example_dags/example_dag_decorator.py for tasks to queue
[2024-04-17T21:17:03.942+0000] {logging_mixin.py:188} INFO - [2024-04-17T21:17:03.941+0000] {dagbag.py:540} INFO - Filling up the DagBag from /home/airflow/.local/lib/python3.12/site-packages/airflow/example_dags/example_dag_decorator.py
[2024-04-17T21:17:04.141+0000] {processor.py:840} INFO - DAG(s) 'example_dag_decorator' retrieved from /home/airflow/.local/lib/python3.12/site-packages/airflow/example_dags/example_dag_decorator.py
[2024-04-17T21:17:04.184+0000] {logging_mixin.py:188} INFO - [2024-04-17T21:17:04.183+0000] {dag.py:3096} INFO - Sync 1 DAGs
[2024-04-17T21:17:04.208+0000] {logging_mixin.py:188} INFO - [2024-04-17T21:17:04.208+0000] {dag.py:3954} INFO - Setting next_dagrun for example_dag_decorator to None, run_after=None
[2024-04-17T21:17:04.261+0000] {processor.py:183} INFO - Processing /home/airflow/.local/lib/python3.12/site-packages/airflow/example_dags/example_dag_decorator.py took 0.331 seconds
[2024-04-17T21:17:34.467+0000] {processor.py:161} INFO - Started process (PID=353) to work on /home/airflow/.local/lib/python3.12/site-packages/airflow/example_dags/example_dag_decorator.py
[2024-04-17T21:17:34.469+0000] {processor.py:830} INFO - Processing file /home/airflow/.local/lib/python3.12/site-packages/airflow/example_dags/example_dag_decorator.py for tasks to queue
[2024-04-17T21:17:34.474+0000] {logging_mixin.py:188} INFO - [2024-04-17T21:17:34.473+0000] {dagbag.py:540} INFO - Filling up the DagBag from /home/airflow/.local/lib/python3.12/site-packages/airflow/example_dags/example_dag_decorator.py
[2024-04-17T21:17:34.645+0000] {processor.py:840} INFO - DAG(s) 'example_dag_decorator' retrieved from /home/airflow/.local/lib/python3.12/site-packages/airflow/example_dags/example_dag_decorator.py
[2024-04-17T21:17:34.692+0000] {logging_mixin.py:188} INFO - [2024-04-17T21:17:34.692+0000] {dag.py:3096} INFO - Sync 1 DAGs
[2024-04-17T21:17:34.718+0000] {logging_mixin.py:188} INFO - [2024-04-17T21:17:34.718+0000] {dag.py:3954} INFO - Setting next_dagrun for example_dag_decorator to None, run_after=None
[2024-04-17T21:17:34.760+0000] {processor.py:183} INFO - Processing /home/airflow/.local/lib/python3.12/site-packages/airflow/example_dags/example_dag_decorator.py took 0.303 seconds
[2024-04-17T21:18:05.027+0000] {processor.py:161} INFO - Started process (PID=411) to work on /home/airflow/.local/lib/python3.12/site-packages/airflow/example_dags/example_dag_decorator.py
[2024-04-17T21:18:05.029+0000] {processor.py:830} INFO - Processing file /home/airflow/.local/lib/python3.12/site-packages/airflow/example_dags/example_dag_decorator.py for tasks to queue
[2024-04-17T21:18:05.033+0000] {logging_mixin.py:188} INFO - [2024-04-17T21:18:05.032+0000] {dagbag.py:540} INFO - Filling up the DagBag from /home/airflow/.local/lib/python3.12/site-packages/airflow/example_dags/example_dag_decorator.py
[2024-04-17T21:18:05.291+0000] {processor.py:840} INFO - DAG(s) 'example_dag_decorator' retrieved from /home/airflow/.local/lib/python3.12/site-packages/airflow/example_dags/example_dag_decorator.py
[2024-04-17T21:18:05.784+0000] {logging_mixin.py:188} INFO - [2024-04-17T21:18:05.784+0000] {dag.py:3096} INFO - Sync 1 DAGs
[2024-04-17T21:18:05.812+0000] {logging_mixin.py:188} INFO - [2024-04-17T21:18:05.811+0000] {dag.py:3954} INFO - Setting next_dagrun for example_dag_decorator to None, run_after=None
[2024-04-17T21:18:05.850+0000] {processor.py:183} INFO - Processing /home/airflow/.local/lib/python3.12/site-packages/airflow/example_dags/example_dag_decorator.py took 0.856 seconds
[2024-04-17T21:18:36.490+0000] {processor.py:161} INFO - Started process (PID=470) to work on /home/airflow/.local/lib/python3.12/site-packages/airflow/example_dags/example_dag_decorator.py
[2024-04-17T21:18:36.492+0000] {processor.py:830} INFO - Processing file /home/airflow/.local/lib/python3.12/site-packages/airflow/example_dags/example_dag_decorator.py for tasks to queue
[2024-04-17T21:18:36.495+0000] {logging_mixin.py:188} INFO - [2024-04-17T21:18:36.494+0000] {dagbag.py:540} INFO - Filling up the DagBag from /home/airflow/.local/lib/python3.12/site-packages/airflow/example_dags/example_dag_decorator.py
[2024-04-17T21:18:36.754+0000] {processor.py:840} INFO - DAG(s) 'example_dag_decorator' retrieved from /home/airflow/.local/lib/python3.12/site-packages/airflow/example_dags/example_dag_decorator.py
[2024-04-17T21:18:37.347+0000] {logging_mixin.py:188} INFO - [2024-04-17T21:18:37.347+0000] {dag.py:3096} INFO - Sync 1 DAGs
[2024-04-17T21:18:37.368+0000] {logging_mixin.py:188} INFO - [2024-04-17T21:18:37.367+0000] {dag.py:3954} INFO - Setting next_dagrun for example_dag_decorator to None, run_after=None
[2024-04-17T21:18:37.407+0000] {processor.py:183} INFO - Processing /home/airflow/.local/lib/python3.12/site-packages/airflow/example_dags/example_dag_decorator.py took 0.928 seconds
[2024-04-17T21:19:08.151+0000] {processor.py:161} INFO - Started process (PID=529) to work on /home/airflow/.local/lib/python3.12/site-packages/airflow/example_dags/example_dag_decorator.py
[2024-04-17T21:19:08.153+0000] {processor.py:830} INFO - Processing file /home/airflow/.local/lib/python3.12/site-packages/airflow/example_dags/example_dag_decorator.py for tasks to queue
[2024-04-17T21:19:08.155+0000] {logging_mixin.py:188} INFO - [2024-04-17T21:19:08.155+0000] {dagbag.py:540} INFO - Filling up the DagBag from /home/airflow/.local/lib/python3.12/site-packages/airflow/example_dags/example_dag_decorator.py
[2024-04-17T21:19:08.324+0000] {processor.py:840} INFO - DAG(s) 'example_dag_decorator' retrieved from /home/airflow/.local/lib/python3.12/site-packages/airflow/example_dags/example_dag_decorator.py
[2024-04-17T21:19:08.362+0000] {logging_mixin.py:188} INFO - [2024-04-17T21:19:08.362+0000] {dag.py:3096} INFO - Sync 1 DAGs
[2024-04-17T21:19:08.393+0000] {logging_mixin.py:188} INFO - [2024-04-17T21:19:08.393+0000] {dag.py:3954} INFO - Setting next_dagrun for example_dag_decorator to None, run_after=None
[2024-04-17T21:19:08.428+0000] {processor.py:183} INFO - Processing /home/airflow/.local/lib/python3.12/site-packages/airflow/example_dags/example_dag_decorator.py took 0.284 seconds
[2024-04-17T23:57:40.219+0000] {processor.py:161} INFO - Started process (PID=60) to work on /home/airflow/.local/lib/python3.12/site-packages/airflow/example_dags/example_dag_decorator.py
[2024-04-17T23:57:40.220+0000] {processor.py:830} INFO - Processing file /home/airflow/.local/lib/python3.12/site-packages/airflow/example_dags/example_dag_decorator.py for tasks to queue
[2024-04-17T23:57:40.222+0000] {logging_mixin.py:188} INFO - [2024-04-17T23:57:40.222+0000] {dagbag.py:540} INFO - Filling up the DagBag from /home/airflow/.local/lib/python3.12/site-packages/airflow/example_dags/example_dag_decorator.py
[2024-04-17T23:57:40.442+0000] {processor.py:840} INFO - DAG(s) 'example_dag_decorator' retrieved from /home/airflow/.local/lib/python3.12/site-packages/airflow/example_dags/example_dag_decorator.py
[2024-04-17T23:57:40.607+0000] {logging_mixin.py:188} INFO - [2024-04-17T23:57:40.607+0000] {dag.py:3096} INFO - Sync 1 DAGs
[2024-04-17T23:57:40.634+0000] {logging_mixin.py:188} INFO - [2024-04-17T23:57:40.634+0000] {dag.py:3954} INFO - Setting next_dagrun for example_dag_decorator to None, run_after=None
[2024-04-17T23:57:40.677+0000] {processor.py:183} INFO - Processing /home/airflow/.local/lib/python3.12/site-packages/airflow/example_dags/example_dag_decorator.py took 0.465 seconds
[2024-04-17T23:58:11.320+0000] {processor.py:161} INFO - Started process (PID=118) to work on /home/airflow/.local/lib/python3.12/site-packages/airflow/example_dags/example_dag_decorator.py
[2024-04-17T23:58:11.322+0000] {processor.py:830} INFO - Processing file /home/airflow/.local/lib/python3.12/site-packages/airflow/example_dags/example_dag_decorator.py for tasks to queue
[2024-04-17T23:58:11.327+0000] {logging_mixin.py:188} INFO - [2024-04-17T23:58:11.326+0000] {dagbag.py:540} INFO - Filling up the DagBag from /home/airflow/.local/lib/python3.12/site-packages/airflow/example_dags/example_dag_decorator.py
[2024-04-17T23:58:11.575+0000] {processor.py:840} INFO - DAG(s) 'example_dag_decorator' retrieved from /home/airflow/.local/lib/python3.12/site-packages/airflow/example_dags/example_dag_decorator.py
[2024-04-17T23:58:11.865+0000] {logging_mixin.py:188} INFO - [2024-04-17T23:58:11.864+0000] {dag.py:3096} INFO - Sync 1 DAGs
[2024-04-17T23:58:11.895+0000] {logging_mixin.py:188} INFO - [2024-04-17T23:58:11.894+0000] {dag.py:3954} INFO - Setting next_dagrun for example_dag_decorator to None, run_after=None
[2024-04-17T23:58:11.943+0000] {processor.py:183} INFO - Processing /home/airflow/.local/lib/python3.12/site-packages/airflow/example_dags/example_dag_decorator.py took 0.635 seconds
[2024-04-17T23:58:42.638+0000] {processor.py:161} INFO - Started process (PID=177) to work on /home/airflow/.local/lib/python3.12/site-packages/airflow/example_dags/example_dag_decorator.py
[2024-04-17T23:58:42.639+0000] {processor.py:830} INFO - Processing file /home/airflow/.local/lib/python3.12/site-packages/airflow/example_dags/example_dag_decorator.py for tasks to queue
[2024-04-17T23:58:42.642+0000] {logging_mixin.py:188} INFO - [2024-04-17T23:58:42.641+0000] {dagbag.py:540} INFO - Filling up the DagBag from /home/airflow/.local/lib/python3.12/site-packages/airflow/example_dags/example_dag_decorator.py
[2024-04-17T23:58:42.778+0000] {processor.py:840} INFO - DAG(s) 'example_dag_decorator' retrieved from /home/airflow/.local/lib/python3.12/site-packages/airflow/example_dags/example_dag_decorator.py
[2024-04-17T23:58:42.958+0000] {logging_mixin.py:188} INFO - [2024-04-17T23:58:42.957+0000] {dag.py:3096} INFO - Sync 1 DAGs
[2024-04-17T23:58:42.980+0000] {logging_mixin.py:188} INFO - [2024-04-17T23:58:42.979+0000] {dag.py:3954} INFO - Setting next_dagrun for example_dag_decorator to None, run_after=None
[2024-04-17T23:58:43.030+0000] {processor.py:183} INFO - Processing /home/airflow/.local/lib/python3.12/site-packages/airflow/example_dags/example_dag_decorator.py took 0.400 seconds
[2024-04-17T23:59:13.604+0000] {processor.py:161} INFO - Started process (PID=235) to work on /home/airflow/.local/lib/python3.12/site-packages/airflow/example_dags/example_dag_decorator.py
[2024-04-17T23:59:13.605+0000] {processor.py:830} INFO - Processing file /home/airflow/.local/lib/python3.12/site-packages/airflow/example_dags/example_dag_decorator.py for tasks to queue
[2024-04-17T23:59:13.608+0000] {logging_mixin.py:188} INFO - [2024-04-17T23:59:13.607+0000] {dagbag.py:540} INFO - Filling up the DagBag from /home/airflow/.local/lib/python3.12/site-packages/airflow/example_dags/example_dag_decorator.py
[2024-04-17T23:59:13.796+0000] {processor.py:840} INFO - DAG(s) 'example_dag_decorator' retrieved from /home/airflow/.local/lib/python3.12/site-packages/airflow/example_dags/example_dag_decorator.py
[2024-04-17T23:59:14.202+0000] {logging_mixin.py:188} INFO - [2024-04-17T23:59:14.201+0000] {dag.py:3096} INFO - Sync 1 DAGs
[2024-04-17T23:59:14.233+0000] {logging_mixin.py:188} INFO - [2024-04-17T23:59:14.233+0000] {dag.py:3954} INFO - Setting next_dagrun for example_dag_decorator to None, run_after=None
[2024-04-17T23:59:14.281+0000] {processor.py:183} INFO - Processing /home/airflow/.local/lib/python3.12/site-packages/airflow/example_dags/example_dag_decorator.py took 0.685 seconds
[2024-04-17T23:59:44.718+0000] {processor.py:161} INFO - Started process (PID=294) to work on /home/airflow/.local/lib/python3.12/site-packages/airflow/example_dags/example_dag_decorator.py
[2024-04-17T23:59:44.720+0000] {processor.py:830} INFO - Processing file /home/airflow/.local/lib/python3.12/site-packages/airflow/example_dags/example_dag_decorator.py for tasks to queue
[2024-04-17T23:59:44.722+0000] {logging_mixin.py:188} INFO - [2024-04-17T23:59:44.722+0000] {dagbag.py:540} INFO - Filling up the DagBag from /home/airflow/.local/lib/python3.12/site-packages/airflow/example_dags/example_dag_decorator.py
[2024-04-17T23:59:44.864+0000] {processor.py:840} INFO - DAG(s) 'example_dag_decorator' retrieved from /home/airflow/.local/lib/python3.12/site-packages/airflow/example_dags/example_dag_decorator.py
[2024-04-17T23:59:45.038+0000] {logging_mixin.py:188} INFO - [2024-04-17T23:59:45.038+0000] {dag.py:3096} INFO - Sync 1 DAGs
[2024-04-17T23:59:45.262+0000] {logging_mixin.py:188} INFO - [2024-04-17T23:59:45.262+0000] {dag.py:3954} INFO - Setting next_dagrun for example_dag_decorator to None, run_after=None
[2024-04-17T23:59:45.302+0000] {processor.py:183} INFO - Processing /home/airflow/.local/lib/python3.12/site-packages/airflow/example_dags/example_dag_decorator.py took 0.591 seconds
