[2024-04-17T21:04:41.261+0000] {processor.py:161} INFO - Started process (PID=74) to work on /home/airflow/.local/lib/python3.12/site-packages/airflow/example_dags/example_nested_branch_dag.py
[2024-04-17T21:04:41.263+0000] {processor.py:830} INFO - Processing file /home/airflow/.local/lib/python3.12/site-packages/airflow/example_dags/example_nested_branch_dag.py for tasks to queue
[2024-04-17T21:04:41.276+0000] {logging_mixin.py:188} INFO - [2024-04-17T21:04:41.275+0000] {dagbag.py:540} INFO - Filling up the DagBag from /home/airflow/.local/lib/python3.12/site-packages/airflow/example_dags/example_nested_branch_dag.py
[2024-04-17T21:04:41.329+0000] {processor.py:840} INFO - DAG(s) 'example_nested_branch_dag' retrieved from /home/airflow/.local/lib/python3.12/site-packages/airflow/example_dags/example_nested_branch_dag.py
[2024-04-17T21:04:42.140+0000] {logging_mixin.py:188} INFO - [2024-04-17T21:04:42.140+0000] {dag.py:3096} INFO - Sync 1 DAGs
[2024-04-17T21:04:42.243+0000] {logging_mixin.py:188} INFO - [2024-04-17T21:04:42.234+0000] {dag.py:3954} INFO - Setting next_dagrun for example_nested_branch_dag to 2024-04-16 00:00:00+00:00, run_after=2024-04-17 00:00:00+00:00
[2024-04-17T21:04:42.332+0000] {processor.py:183} INFO - Processing /home/airflow/.local/lib/python3.12/site-packages/airflow/example_dags/example_nested_branch_dag.py took 1.092 seconds
[2024-04-17T21:05:12.681+0000] {processor.py:161} INFO - Started process (PID=132) to work on /home/airflow/.local/lib/python3.12/site-packages/airflow/example_dags/example_nested_branch_dag.py
[2024-04-17T21:05:12.785+0000] {processor.py:830} INFO - Processing file /home/airflow/.local/lib/python3.12/site-packages/airflow/example_dags/example_nested_branch_dag.py for tasks to queue
[2024-04-17T21:05:12.790+0000] {logging_mixin.py:188} INFO - [2024-04-17T21:05:12.789+0000] {dagbag.py:540} INFO - Filling up the DagBag from /home/airflow/.local/lib/python3.12/site-packages/airflow/example_dags/example_nested_branch_dag.py
[2024-04-17T21:05:12.826+0000] {processor.py:840} INFO - DAG(s) 'example_nested_branch_dag' retrieved from /home/airflow/.local/lib/python3.12/site-packages/airflow/example_dags/example_nested_branch_dag.py
[2024-04-17T21:05:12.905+0000] {logging_mixin.py:188} INFO - [2024-04-17T21:05:12.904+0000] {dag.py:3096} INFO - Sync 1 DAGs
[2024-04-17T21:05:13.025+0000] {logging_mixin.py:188} INFO - [2024-04-17T21:05:13.024+0000] {dag.py:3954} INFO - Setting next_dagrun for example_nested_branch_dag to 2024-04-16 00:00:00+00:00, run_after=2024-04-17 00:00:00+00:00
[2024-04-17T21:05:13.627+0000] {processor.py:183} INFO - Processing /home/airflow/.local/lib/python3.12/site-packages/airflow/example_dags/example_nested_branch_dag.py took 0.961 seconds
[2024-04-17T21:05:44.357+0000] {processor.py:161} INFO - Started process (PID=190) to work on /home/airflow/.local/lib/python3.12/site-packages/airflow/example_dags/example_nested_branch_dag.py
[2024-04-17T21:05:44.361+0000] {processor.py:830} INFO - Processing file /home/airflow/.local/lib/python3.12/site-packages/airflow/example_dags/example_nested_branch_dag.py for tasks to queue
[2024-04-17T21:05:44.365+0000] {logging_mixin.py:188} INFO - [2024-04-17T21:05:44.364+0000] {dagbag.py:540} INFO - Filling up the DagBag from /home/airflow/.local/lib/python3.12/site-packages/airflow/example_dags/example_nested_branch_dag.py
[2024-04-17T21:05:44.423+0000] {processor.py:840} INFO - DAG(s) 'example_nested_branch_dag' retrieved from /home/airflow/.local/lib/python3.12/site-packages/airflow/example_dags/example_nested_branch_dag.py
[2024-04-17T21:05:44.584+0000] {logging_mixin.py:188} INFO - [2024-04-17T21:05:44.583+0000] {dag.py:3096} INFO - Sync 1 DAGs
[2024-04-17T21:05:44.687+0000] {logging_mixin.py:188} INFO - [2024-04-17T21:05:44.687+0000] {dag.py:3954} INFO - Setting next_dagrun for example_nested_branch_dag to 2024-04-16 00:00:00+00:00, run_after=2024-04-17 00:00:00+00:00
[2024-04-17T21:05:45.035+0000] {processor.py:183} INFO - Processing /home/airflow/.local/lib/python3.12/site-packages/airflow/example_dags/example_nested_branch_dag.py took 0.700 seconds
[2024-04-17T21:06:15.643+0000] {processor.py:161} INFO - Started process (PID=248) to work on /home/airflow/.local/lib/python3.12/site-packages/airflow/example_dags/example_nested_branch_dag.py
[2024-04-17T21:06:15.688+0000] {processor.py:830} INFO - Processing file /home/airflow/.local/lib/python3.12/site-packages/airflow/example_dags/example_nested_branch_dag.py for tasks to queue
[2024-04-17T21:06:15.691+0000] {logging_mixin.py:188} INFO - [2024-04-17T21:06:15.691+0000] {dagbag.py:540} INFO - Filling up the DagBag from /home/airflow/.local/lib/python3.12/site-packages/airflow/example_dags/example_nested_branch_dag.py
[2024-04-17T21:06:15.710+0000] {processor.py:840} INFO - DAG(s) 'example_nested_branch_dag' retrieved from /home/airflow/.local/lib/python3.12/site-packages/airflow/example_dags/example_nested_branch_dag.py
[2024-04-17T21:06:15.753+0000] {logging_mixin.py:188} INFO - [2024-04-17T21:06:15.752+0000] {dag.py:3096} INFO - Sync 1 DAGs
[2024-04-17T21:06:15.812+0000] {logging_mixin.py:188} INFO - [2024-04-17T21:06:15.811+0000] {dag.py:3954} INFO - Setting next_dagrun for example_nested_branch_dag to 2024-04-16 00:00:00+00:00, run_after=2024-04-17 00:00:00+00:00
[2024-04-17T21:06:16.111+0000] {processor.py:183} INFO - Processing /home/airflow/.local/lib/python3.12/site-packages/airflow/example_dags/example_nested_branch_dag.py took 0.478 seconds
[2024-04-17T21:06:50.336+0000] {processor.py:161} INFO - Started process (PID=306) to work on /home/airflow/.local/lib/python3.12/site-packages/airflow/example_dags/example_nested_branch_dag.py
[2024-04-17T21:06:50.367+0000] {processor.py:830} INFO - Processing file /home/airflow/.local/lib/python3.12/site-packages/airflow/example_dags/example_nested_branch_dag.py for tasks to queue
[2024-04-17T21:06:50.371+0000] {logging_mixin.py:188} INFO - [2024-04-17T21:06:50.370+0000] {dagbag.py:540} INFO - Filling up the DagBag from /home/airflow/.local/lib/python3.12/site-packages/airflow/example_dags/example_nested_branch_dag.py
[2024-04-17T21:06:50.396+0000] {processor.py:840} INFO - DAG(s) 'example_nested_branch_dag' retrieved from /home/airflow/.local/lib/python3.12/site-packages/airflow/example_dags/example_nested_branch_dag.py
[2024-04-17T21:06:50.660+0000] {logging_mixin.py:188} INFO - [2024-04-17T21:06:50.659+0000] {dag.py:3096} INFO - Sync 1 DAGs
[2024-04-17T21:06:50.783+0000] {logging_mixin.py:188} INFO - [2024-04-17T21:06:50.782+0000] {dag.py:3954} INFO - Setting next_dagrun for example_nested_branch_dag to 2024-04-16 00:00:00+00:00, run_after=2024-04-17 00:00:00+00:00
[2024-04-17T21:06:50.862+0000] {processor.py:183} INFO - Processing /home/airflow/.local/lib/python3.12/site-packages/airflow/example_dags/example_nested_branch_dag.py took 0.542 seconds
[2024-04-17T21:07:25.802+0000] {processor.py:161} INFO - Started process (PID=362) to work on /home/airflow/.local/lib/python3.12/site-packages/airflow/example_dags/example_nested_branch_dag.py
[2024-04-17T21:07:25.817+0000] {processor.py:830} INFO - Processing file /home/airflow/.local/lib/python3.12/site-packages/airflow/example_dags/example_nested_branch_dag.py for tasks to queue
[2024-04-17T21:07:25.822+0000] {logging_mixin.py:188} INFO - [2024-04-17T21:07:25.821+0000] {dagbag.py:540} INFO - Filling up the DagBag from /home/airflow/.local/lib/python3.12/site-packages/airflow/example_dags/example_nested_branch_dag.py
[2024-04-17T21:07:25.880+0000] {processor.py:840} INFO - DAG(s) 'example_nested_branch_dag' retrieved from /home/airflow/.local/lib/python3.12/site-packages/airflow/example_dags/example_nested_branch_dag.py
[2024-04-17T21:07:26.128+0000] {logging_mixin.py:188} INFO - [2024-04-17T21:07:26.127+0000] {dag.py:3096} INFO - Sync 1 DAGs
[2024-04-17T21:07:26.396+0000] {logging_mixin.py:188} INFO - [2024-04-17T21:07:26.395+0000] {dag.py:3954} INFO - Setting next_dagrun for example_nested_branch_dag to 2024-04-16 00:00:00+00:00, run_after=2024-04-17 00:00:00+00:00
[2024-04-17T21:07:26.561+0000] {processor.py:183} INFO - Processing /home/airflow/.local/lib/python3.12/site-packages/airflow/example_dags/example_nested_branch_dag.py took 0.794 seconds
[2024-04-17T21:07:57.308+0000] {processor.py:161} INFO - Started process (PID=420) to work on /home/airflow/.local/lib/python3.12/site-packages/airflow/example_dags/example_nested_branch_dag.py
[2024-04-17T21:07:57.314+0000] {processor.py:830} INFO - Processing file /home/airflow/.local/lib/python3.12/site-packages/airflow/example_dags/example_nested_branch_dag.py for tasks to queue
[2024-04-17T21:07:57.323+0000] {logging_mixin.py:188} INFO - [2024-04-17T21:07:57.322+0000] {dagbag.py:540} INFO - Filling up the DagBag from /home/airflow/.local/lib/python3.12/site-packages/airflow/example_dags/example_nested_branch_dag.py
[2024-04-17T21:07:57.369+0000] {processor.py:840} INFO - DAG(s) 'example_nested_branch_dag' retrieved from /home/airflow/.local/lib/python3.12/site-packages/airflow/example_dags/example_nested_branch_dag.py
[2024-04-17T21:07:57.447+0000] {logging_mixin.py:188} INFO - [2024-04-17T21:07:57.446+0000] {dag.py:3096} INFO - Sync 1 DAGs
[2024-04-17T21:07:57.572+0000] {logging_mixin.py:188} INFO - [2024-04-17T21:07:57.571+0000] {dag.py:3954} INFO - Setting next_dagrun for example_nested_branch_dag to 2024-04-16 00:00:00+00:00, run_after=2024-04-17 00:00:00+00:00
[2024-04-17T21:07:57.682+0000] {processor.py:183} INFO - Processing /home/airflow/.local/lib/python3.12/site-packages/airflow/example_dags/example_nested_branch_dag.py took 0.389 seconds
[2024-04-17T21:08:28.358+0000] {processor.py:161} INFO - Started process (PID=478) to work on /home/airflow/.local/lib/python3.12/site-packages/airflow/example_dags/example_nested_branch_dag.py
[2024-04-17T21:08:28.361+0000] {processor.py:830} INFO - Processing file /home/airflow/.local/lib/python3.12/site-packages/airflow/example_dags/example_nested_branch_dag.py for tasks to queue
[2024-04-17T21:08:28.374+0000] {logging_mixin.py:188} INFO - [2024-04-17T21:08:28.373+0000] {dagbag.py:540} INFO - Filling up the DagBag from /home/airflow/.local/lib/python3.12/site-packages/airflow/example_dags/example_nested_branch_dag.py
[2024-04-17T21:08:28.432+0000] {processor.py:840} INFO - DAG(s) 'example_nested_branch_dag' retrieved from /home/airflow/.local/lib/python3.12/site-packages/airflow/example_dags/example_nested_branch_dag.py
[2024-04-17T21:08:28.558+0000] {logging_mixin.py:188} INFO - [2024-04-17T21:08:28.557+0000] {dag.py:3096} INFO - Sync 1 DAGs
[2024-04-17T21:08:28.677+0000] {logging_mixin.py:188} INFO - [2024-04-17T21:08:28.676+0000] {dag.py:3954} INFO - Setting next_dagrun for example_nested_branch_dag to 2024-04-16 00:00:00+00:00, run_after=2024-04-17 00:00:00+00:00
[2024-04-17T21:08:28.782+0000] {processor.py:183} INFO - Processing /home/airflow/.local/lib/python3.12/site-packages/airflow/example_dags/example_nested_branch_dag.py took 0.448 seconds
[2024-04-17T21:08:59.304+0000] {processor.py:161} INFO - Started process (PID=536) to work on /home/airflow/.local/lib/python3.12/site-packages/airflow/example_dags/example_nested_branch_dag.py
[2024-04-17T21:08:59.323+0000] {processor.py:830} INFO - Processing file /home/airflow/.local/lib/python3.12/site-packages/airflow/example_dags/example_nested_branch_dag.py for tasks to queue
[2024-04-17T21:08:59.350+0000] {logging_mixin.py:188} INFO - [2024-04-17T21:08:59.349+0000] {dagbag.py:540} INFO - Filling up the DagBag from /home/airflow/.local/lib/python3.12/site-packages/airflow/example_dags/example_nested_branch_dag.py
[2024-04-17T21:08:59.420+0000] {processor.py:840} INFO - DAG(s) 'example_nested_branch_dag' retrieved from /home/airflow/.local/lib/python3.12/site-packages/airflow/example_dags/example_nested_branch_dag.py
[2024-04-17T21:08:59.671+0000] {logging_mixin.py:188} INFO - [2024-04-17T21:08:59.670+0000] {dag.py:3096} INFO - Sync 1 DAGs
[2024-04-17T21:08:59.765+0000] {logging_mixin.py:188} INFO - [2024-04-17T21:08:59.762+0000] {dag.py:3954} INFO - Setting next_dagrun for example_nested_branch_dag to 2024-04-16 00:00:00+00:00, run_after=2024-04-17 00:00:00+00:00
[2024-04-17T21:09:00.273+0000] {processor.py:183} INFO - Processing /home/airflow/.local/lib/python3.12/site-packages/airflow/example_dags/example_nested_branch_dag.py took 0.992 seconds
[2024-04-17T21:09:30.451+0000] {processor.py:161} INFO - Started process (PID=594) to work on /home/airflow/.local/lib/python3.12/site-packages/airflow/example_dags/example_nested_branch_dag.py
[2024-04-17T21:09:30.578+0000] {processor.py:830} INFO - Processing file /home/airflow/.local/lib/python3.12/site-packages/airflow/example_dags/example_nested_branch_dag.py for tasks to queue
[2024-04-17T21:09:30.585+0000] {logging_mixin.py:188} INFO - [2024-04-17T21:09:30.583+0000] {dagbag.py:540} INFO - Filling up the DagBag from /home/airflow/.local/lib/python3.12/site-packages/airflow/example_dags/example_nested_branch_dag.py
[2024-04-17T21:09:30.632+0000] {processor.py:840} INFO - DAG(s) 'example_nested_branch_dag' retrieved from /home/airflow/.local/lib/python3.12/site-packages/airflow/example_dags/example_nested_branch_dag.py
[2024-04-17T21:09:30.728+0000] {logging_mixin.py:188} INFO - [2024-04-17T21:09:30.728+0000] {dag.py:3096} INFO - Sync 1 DAGs
[2024-04-17T21:09:30.787+0000] {logging_mixin.py:188} INFO - [2024-04-17T21:09:30.786+0000] {dag.py:3954} INFO - Setting next_dagrun for example_nested_branch_dag to 2024-04-16 00:00:00+00:00, run_after=2024-04-17 00:00:00+00:00
[2024-04-17T21:09:31.082+0000] {processor.py:183} INFO - Processing /home/airflow/.local/lib/python3.12/site-packages/airflow/example_dags/example_nested_branch_dag.py took 0.643 seconds
[2024-04-17T21:10:01.818+0000] {processor.py:161} INFO - Started process (PID=652) to work on /home/airflow/.local/lib/python3.12/site-packages/airflow/example_dags/example_nested_branch_dag.py
[2024-04-17T21:10:01.820+0000] {processor.py:830} INFO - Processing file /home/airflow/.local/lib/python3.12/site-packages/airflow/example_dags/example_nested_branch_dag.py for tasks to queue
[2024-04-17T21:10:01.824+0000] {logging_mixin.py:188} INFO - [2024-04-17T21:10:01.823+0000] {dagbag.py:540} INFO - Filling up the DagBag from /home/airflow/.local/lib/python3.12/site-packages/airflow/example_dags/example_nested_branch_dag.py
[2024-04-17T21:10:01.845+0000] {processor.py:840} INFO - DAG(s) 'example_nested_branch_dag' retrieved from /home/airflow/.local/lib/python3.12/site-packages/airflow/example_dags/example_nested_branch_dag.py
[2024-04-17T21:10:01.888+0000] {logging_mixin.py:188} INFO - [2024-04-17T21:10:01.888+0000] {dag.py:3096} INFO - Sync 1 DAGs
[2024-04-17T21:10:01.962+0000] {logging_mixin.py:188} INFO - [2024-04-17T21:10:01.961+0000] {dag.py:3954} INFO - Setting next_dagrun for example_nested_branch_dag to 2024-04-16 00:00:00+00:00, run_after=2024-04-17 00:00:00+00:00
[2024-04-17T21:10:02.023+0000] {processor.py:183} INFO - Processing /home/airflow/.local/lib/python3.12/site-packages/airflow/example_dags/example_nested_branch_dag.py took 0.213 seconds
[2024-04-17T21:10:32.409+0000] {processor.py:161} INFO - Started process (PID=710) to work on /home/airflow/.local/lib/python3.12/site-packages/airflow/example_dags/example_nested_branch_dag.py
[2024-04-17T21:10:32.412+0000] {processor.py:830} INFO - Processing file /home/airflow/.local/lib/python3.12/site-packages/airflow/example_dags/example_nested_branch_dag.py for tasks to queue
[2024-04-17T21:10:32.416+0000] {logging_mixin.py:188} INFO - [2024-04-17T21:10:32.415+0000] {dagbag.py:540} INFO - Filling up the DagBag from /home/airflow/.local/lib/python3.12/site-packages/airflow/example_dags/example_nested_branch_dag.py
[2024-04-17T21:10:32.439+0000] {processor.py:840} INFO - DAG(s) 'example_nested_branch_dag' retrieved from /home/airflow/.local/lib/python3.12/site-packages/airflow/example_dags/example_nested_branch_dag.py
[2024-04-17T21:10:32.502+0000] {logging_mixin.py:188} INFO - [2024-04-17T21:10:32.500+0000] {dag.py:3096} INFO - Sync 1 DAGs
[2024-04-17T21:10:32.566+0000] {logging_mixin.py:188} INFO - [2024-04-17T21:10:32.566+0000] {dag.py:3954} INFO - Setting next_dagrun for example_nested_branch_dag to 2024-04-16 00:00:00+00:00, run_after=2024-04-17 00:00:00+00:00
[2024-04-17T21:10:32.626+0000] {processor.py:183} INFO - Processing /home/airflow/.local/lib/python3.12/site-packages/airflow/example_dags/example_nested_branch_dag.py took 0.230 seconds
[2024-04-17T21:11:02.878+0000] {processor.py:161} INFO - Started process (PID=769) to work on /home/airflow/.local/lib/python3.12/site-packages/airflow/example_dags/example_nested_branch_dag.py
[2024-04-17T21:11:02.880+0000] {processor.py:830} INFO - Processing file /home/airflow/.local/lib/python3.12/site-packages/airflow/example_dags/example_nested_branch_dag.py for tasks to queue
[2024-04-17T21:11:02.889+0000] {logging_mixin.py:188} INFO - [2024-04-17T21:11:02.888+0000] {dagbag.py:540} INFO - Filling up the DagBag from /home/airflow/.local/lib/python3.12/site-packages/airflow/example_dags/example_nested_branch_dag.py
[2024-04-17T21:11:02.917+0000] {processor.py:840} INFO - DAG(s) 'example_nested_branch_dag' retrieved from /home/airflow/.local/lib/python3.12/site-packages/airflow/example_dags/example_nested_branch_dag.py
[2024-04-17T21:11:02.983+0000] {logging_mixin.py:188} INFO - [2024-04-17T21:11:02.982+0000] {dag.py:3096} INFO - Sync 1 DAGs
[2024-04-17T21:11:03.055+0000] {logging_mixin.py:188} INFO - [2024-04-17T21:11:03.054+0000] {dag.py:3954} INFO - Setting next_dagrun for example_nested_branch_dag to 2024-04-16 00:00:00+00:00, run_after=2024-04-17 00:00:00+00:00
[2024-04-17T21:11:03.157+0000] {processor.py:183} INFO - Processing /home/airflow/.local/lib/python3.12/site-packages/airflow/example_dags/example_nested_branch_dag.py took 0.301 seconds
[2024-04-17T21:11:33.313+0000] {processor.py:161} INFO - Started process (PID=827) to work on /home/airflow/.local/lib/python3.12/site-packages/airflow/example_dags/example_nested_branch_dag.py
[2024-04-17T21:11:33.315+0000] {processor.py:830} INFO - Processing file /home/airflow/.local/lib/python3.12/site-packages/airflow/example_dags/example_nested_branch_dag.py for tasks to queue
[2024-04-17T21:11:33.318+0000] {logging_mixin.py:188} INFO - [2024-04-17T21:11:33.318+0000] {dagbag.py:540} INFO - Filling up the DagBag from /home/airflow/.local/lib/python3.12/site-packages/airflow/example_dags/example_nested_branch_dag.py
[2024-04-17T21:11:33.334+0000] {processor.py:840} INFO - DAG(s) 'example_nested_branch_dag' retrieved from /home/airflow/.local/lib/python3.12/site-packages/airflow/example_dags/example_nested_branch_dag.py
[2024-04-17T21:11:33.369+0000] {logging_mixin.py:188} INFO - [2024-04-17T21:11:33.368+0000] {dag.py:3096} INFO - Sync 1 DAGs
[2024-04-17T21:11:33.414+0000] {logging_mixin.py:188} INFO - [2024-04-17T21:11:33.414+0000] {dag.py:3954} INFO - Setting next_dagrun for example_nested_branch_dag to 2024-04-16 00:00:00+00:00, run_after=2024-04-17 00:00:00+00:00
[2024-04-17T21:11:33.484+0000] {processor.py:183} INFO - Processing /home/airflow/.local/lib/python3.12/site-packages/airflow/example_dags/example_nested_branch_dag.py took 0.182 seconds
[2024-04-17T21:12:03.717+0000] {processor.py:161} INFO - Started process (PID=885) to work on /home/airflow/.local/lib/python3.12/site-packages/airflow/example_dags/example_nested_branch_dag.py
[2024-04-17T21:12:03.718+0000] {processor.py:830} INFO - Processing file /home/airflow/.local/lib/python3.12/site-packages/airflow/example_dags/example_nested_branch_dag.py for tasks to queue
[2024-04-17T21:12:03.721+0000] {logging_mixin.py:188} INFO - [2024-04-17T21:12:03.721+0000] {dagbag.py:540} INFO - Filling up the DagBag from /home/airflow/.local/lib/python3.12/site-packages/airflow/example_dags/example_nested_branch_dag.py
[2024-04-17T21:12:03.735+0000] {processor.py:840} INFO - DAG(s) 'example_nested_branch_dag' retrieved from /home/airflow/.local/lib/python3.12/site-packages/airflow/example_dags/example_nested_branch_dag.py
[2024-04-17T21:12:03.771+0000] {logging_mixin.py:188} INFO - [2024-04-17T21:12:03.770+0000] {dag.py:3096} INFO - Sync 1 DAGs
[2024-04-17T21:12:03.814+0000] {logging_mixin.py:188} INFO - [2024-04-17T21:12:03.814+0000] {dag.py:3954} INFO - Setting next_dagrun for example_nested_branch_dag to 2024-04-16 00:00:00+00:00, run_after=2024-04-17 00:00:00+00:00
[2024-04-17T21:12:03.854+0000] {processor.py:183} INFO - Processing /home/airflow/.local/lib/python3.12/site-packages/airflow/example_dags/example_nested_branch_dag.py took 0.145 seconds
[2024-04-17T21:12:34.519+0000] {processor.py:161} INFO - Started process (PID=943) to work on /home/airflow/.local/lib/python3.12/site-packages/airflow/example_dags/example_nested_branch_dag.py
[2024-04-17T21:12:34.520+0000] {processor.py:830} INFO - Processing file /home/airflow/.local/lib/python3.12/site-packages/airflow/example_dags/example_nested_branch_dag.py for tasks to queue
[2024-04-17T21:12:34.523+0000] {logging_mixin.py:188} INFO - [2024-04-17T21:12:34.522+0000] {dagbag.py:540} INFO - Filling up the DagBag from /home/airflow/.local/lib/python3.12/site-packages/airflow/example_dags/example_nested_branch_dag.py
[2024-04-17T21:12:34.537+0000] {processor.py:840} INFO - DAG(s) 'example_nested_branch_dag' retrieved from /home/airflow/.local/lib/python3.12/site-packages/airflow/example_dags/example_nested_branch_dag.py
[2024-04-17T21:12:34.573+0000] {logging_mixin.py:188} INFO - [2024-04-17T21:12:34.572+0000] {dag.py:3096} INFO - Sync 1 DAGs
[2024-04-17T21:12:34.629+0000] {logging_mixin.py:188} INFO - [2024-04-17T21:12:34.628+0000] {dag.py:3954} INFO - Setting next_dagrun for example_nested_branch_dag to 2024-04-16 00:00:00+00:00, run_after=2024-04-17 00:00:00+00:00
[2024-04-17T21:12:34.690+0000] {processor.py:183} INFO - Processing /home/airflow/.local/lib/python3.12/site-packages/airflow/example_dags/example_nested_branch_dag.py took 0.178 seconds
[2024-04-17T21:13:05.029+0000] {processor.py:161} INFO - Started process (PID=1001) to work on /home/airflow/.local/lib/python3.12/site-packages/airflow/example_dags/example_nested_branch_dag.py
[2024-04-17T21:13:05.032+0000] {processor.py:830} INFO - Processing file /home/airflow/.local/lib/python3.12/site-packages/airflow/example_dags/example_nested_branch_dag.py for tasks to queue
[2024-04-17T21:13:05.046+0000] {logging_mixin.py:188} INFO - [2024-04-17T21:13:05.045+0000] {dagbag.py:540} INFO - Filling up the DagBag from /home/airflow/.local/lib/python3.12/site-packages/airflow/example_dags/example_nested_branch_dag.py
[2024-04-17T21:13:05.083+0000] {processor.py:840} INFO - DAG(s) 'example_nested_branch_dag' retrieved from /home/airflow/.local/lib/python3.12/site-packages/airflow/example_dags/example_nested_branch_dag.py
[2024-04-17T21:13:05.158+0000] {logging_mixin.py:188} INFO - [2024-04-17T21:13:05.158+0000] {dag.py:3096} INFO - Sync 1 DAGs
[2024-04-17T21:13:05.247+0000] {logging_mixin.py:188} INFO - [2024-04-17T21:13:05.245+0000] {dag.py:3954} INFO - Setting next_dagrun for example_nested_branch_dag to 2024-04-16 00:00:00+00:00, run_after=2024-04-17 00:00:00+00:00
[2024-04-17T21:13:05.331+0000] {processor.py:183} INFO - Processing /home/airflow/.local/lib/python3.12/site-packages/airflow/example_dags/example_nested_branch_dag.py took 0.326 seconds
[2024-04-17T21:14:59.350+0000] {processor.py:161} INFO - Started process (PID=57) to work on /home/airflow/.local/lib/python3.12/site-packages/airflow/example_dags/example_nested_branch_dag.py
[2024-04-17T21:14:59.352+0000] {processor.py:830} INFO - Processing file /home/airflow/.local/lib/python3.12/site-packages/airflow/example_dags/example_nested_branch_dag.py for tasks to queue
[2024-04-17T21:14:59.358+0000] {logging_mixin.py:188} INFO - [2024-04-17T21:14:59.357+0000] {dagbag.py:540} INFO - Filling up the DagBag from /home/airflow/.local/lib/python3.12/site-packages/airflow/example_dags/example_nested_branch_dag.py
[2024-04-17T21:14:59.391+0000] {processor.py:840} INFO - DAG(s) 'example_nested_branch_dag' retrieved from /home/airflow/.local/lib/python3.12/site-packages/airflow/example_dags/example_nested_branch_dag.py
[2024-04-17T21:14:59.772+0000] {logging_mixin.py:188} INFO - [2024-04-17T21:14:59.771+0000] {dag.py:3096} INFO - Sync 1 DAGs
[2024-04-17T21:14:59.835+0000] {logging_mixin.py:188} INFO - [2024-04-17T21:14:59.834+0000] {dag.py:3954} INFO - Setting next_dagrun for example_nested_branch_dag to 2024-04-16 00:00:00+00:00, run_after=2024-04-17 00:00:00+00:00
[2024-04-17T21:14:59.897+0000] {processor.py:183} INFO - Processing /home/airflow/.local/lib/python3.12/site-packages/airflow/example_dags/example_nested_branch_dag.py took 0.567 seconds
[2024-04-17T21:15:30.319+0000] {processor.py:161} INFO - Started process (PID=115) to work on /home/airflow/.local/lib/python3.12/site-packages/airflow/example_dags/example_nested_branch_dag.py
[2024-04-17T21:15:30.320+0000] {processor.py:830} INFO - Processing file /home/airflow/.local/lib/python3.12/site-packages/airflow/example_dags/example_nested_branch_dag.py for tasks to queue
[2024-04-17T21:15:30.326+0000] {logging_mixin.py:188} INFO - [2024-04-17T21:15:30.324+0000] {dagbag.py:540} INFO - Filling up the DagBag from /home/airflow/.local/lib/python3.12/site-packages/airflow/example_dags/example_nested_branch_dag.py
[2024-04-17T21:15:30.348+0000] {processor.py:840} INFO - DAG(s) 'example_nested_branch_dag' retrieved from /home/airflow/.local/lib/python3.12/site-packages/airflow/example_dags/example_nested_branch_dag.py
[2024-04-17T21:15:30.384+0000] {logging_mixin.py:188} INFO - [2024-04-17T21:15:30.384+0000] {dag.py:3096} INFO - Sync 1 DAGs
[2024-04-17T21:15:30.435+0000] {logging_mixin.py:188} INFO - [2024-04-17T21:15:30.435+0000] {dag.py:3954} INFO - Setting next_dagrun for example_nested_branch_dag to 2024-04-16 00:00:00+00:00, run_after=2024-04-17 00:00:00+00:00
[2024-04-17T21:15:30.482+0000] {processor.py:183} INFO - Processing /home/airflow/.local/lib/python3.12/site-packages/airflow/example_dags/example_nested_branch_dag.py took 0.178 seconds
[2024-04-17T21:16:00.634+0000] {processor.py:161} INFO - Started process (PID=173) to work on /home/airflow/.local/lib/python3.12/site-packages/airflow/example_dags/example_nested_branch_dag.py
[2024-04-17T21:16:00.636+0000] {processor.py:830} INFO - Processing file /home/airflow/.local/lib/python3.12/site-packages/airflow/example_dags/example_nested_branch_dag.py for tasks to queue
[2024-04-17T21:16:00.639+0000] {logging_mixin.py:188} INFO - [2024-04-17T21:16:00.639+0000] {dagbag.py:540} INFO - Filling up the DagBag from /home/airflow/.local/lib/python3.12/site-packages/airflow/example_dags/example_nested_branch_dag.py
[2024-04-17T21:16:00.658+0000] {processor.py:840} INFO - DAG(s) 'example_nested_branch_dag' retrieved from /home/airflow/.local/lib/python3.12/site-packages/airflow/example_dags/example_nested_branch_dag.py
[2024-04-17T21:16:00.693+0000] {logging_mixin.py:188} INFO - [2024-04-17T21:16:00.693+0000] {dag.py:3096} INFO - Sync 1 DAGs
[2024-04-17T21:16:00.734+0000] {logging_mixin.py:188} INFO - [2024-04-17T21:16:00.734+0000] {dag.py:3954} INFO - Setting next_dagrun for example_nested_branch_dag to 2024-04-16 00:00:00+00:00, run_after=2024-04-17 00:00:00+00:00
[2024-04-17T21:16:00.773+0000] {processor.py:183} INFO - Processing /home/airflow/.local/lib/python3.12/site-packages/airflow/example_dags/example_nested_branch_dag.py took 0.145 seconds
[2024-04-17T21:16:30.885+0000] {processor.py:161} INFO - Started process (PID=231) to work on /home/airflow/.local/lib/python3.12/site-packages/airflow/example_dags/example_nested_branch_dag.py
[2024-04-17T21:16:30.887+0000] {processor.py:830} INFO - Processing file /home/airflow/.local/lib/python3.12/site-packages/airflow/example_dags/example_nested_branch_dag.py for tasks to queue
[2024-04-17T21:16:30.890+0000] {logging_mixin.py:188} INFO - [2024-04-17T21:16:30.890+0000] {dagbag.py:540} INFO - Filling up the DagBag from /home/airflow/.local/lib/python3.12/site-packages/airflow/example_dags/example_nested_branch_dag.py
[2024-04-17T21:16:30.904+0000] {processor.py:840} INFO - DAG(s) 'example_nested_branch_dag' retrieved from /home/airflow/.local/lib/python3.12/site-packages/airflow/example_dags/example_nested_branch_dag.py
[2024-04-17T21:16:30.946+0000] {logging_mixin.py:188} INFO - [2024-04-17T21:16:30.945+0000] {dag.py:3096} INFO - Sync 1 DAGs
[2024-04-17T21:16:30.990+0000] {logging_mixin.py:188} INFO - [2024-04-17T21:16:30.989+0000] {dag.py:3954} INFO - Setting next_dagrun for example_nested_branch_dag to 2024-04-16 00:00:00+00:00, run_after=2024-04-17 00:00:00+00:00
[2024-04-17T21:16:31.032+0000] {processor.py:183} INFO - Processing /home/airflow/.local/lib/python3.12/site-packages/airflow/example_dags/example_nested_branch_dag.py took 0.153 seconds
[2024-04-17T21:17:01.342+0000] {processor.py:161} INFO - Started process (PID=289) to work on /home/airflow/.local/lib/python3.12/site-packages/airflow/example_dags/example_nested_branch_dag.py
[2024-04-17T21:17:01.345+0000] {processor.py:830} INFO - Processing file /home/airflow/.local/lib/python3.12/site-packages/airflow/example_dags/example_nested_branch_dag.py for tasks to queue
[2024-04-17T21:17:01.349+0000] {logging_mixin.py:188} INFO - [2024-04-17T21:17:01.349+0000] {dagbag.py:540} INFO - Filling up the DagBag from /home/airflow/.local/lib/python3.12/site-packages/airflow/example_dags/example_nested_branch_dag.py
[2024-04-17T21:17:01.378+0000] {processor.py:840} INFO - DAG(s) 'example_nested_branch_dag' retrieved from /home/airflow/.local/lib/python3.12/site-packages/airflow/example_dags/example_nested_branch_dag.py
[2024-04-17T21:17:01.431+0000] {logging_mixin.py:188} INFO - [2024-04-17T21:17:01.431+0000] {dag.py:3096} INFO - Sync 1 DAGs
[2024-04-17T21:17:01.493+0000] {logging_mixin.py:188} INFO - [2024-04-17T21:17:01.492+0000] {dag.py:3954} INFO - Setting next_dagrun for example_nested_branch_dag to 2024-04-16 00:00:00+00:00, run_after=2024-04-17 00:00:00+00:00
[2024-04-17T21:17:01.570+0000] {processor.py:183} INFO - Processing /home/airflow/.local/lib/python3.12/site-packages/airflow/example_dags/example_nested_branch_dag.py took 0.244 seconds
[2024-04-17T21:17:31.653+0000] {processor.py:161} INFO - Started process (PID=347) to work on /home/airflow/.local/lib/python3.12/site-packages/airflow/example_dags/example_nested_branch_dag.py
[2024-04-17T21:17:31.654+0000] {processor.py:830} INFO - Processing file /home/airflow/.local/lib/python3.12/site-packages/airflow/example_dags/example_nested_branch_dag.py for tasks to queue
[2024-04-17T21:17:31.657+0000] {logging_mixin.py:188} INFO - [2024-04-17T21:17:31.657+0000] {dagbag.py:540} INFO - Filling up the DagBag from /home/airflow/.local/lib/python3.12/site-packages/airflow/example_dags/example_nested_branch_dag.py
[2024-04-17T21:17:31.675+0000] {processor.py:840} INFO - DAG(s) 'example_nested_branch_dag' retrieved from /home/airflow/.local/lib/python3.12/site-packages/airflow/example_dags/example_nested_branch_dag.py
[2024-04-17T21:17:31.712+0000] {logging_mixin.py:188} INFO - [2024-04-17T21:17:31.711+0000] {dag.py:3096} INFO - Sync 1 DAGs
[2024-04-17T21:17:31.806+0000] {logging_mixin.py:188} INFO - [2024-04-17T21:17:31.805+0000] {dag.py:3954} INFO - Setting next_dagrun for example_nested_branch_dag to 2024-04-16 00:00:00+00:00, run_after=2024-04-17 00:00:00+00:00
[2024-04-17T21:17:31.853+0000] {processor.py:183} INFO - Processing /home/airflow/.local/lib/python3.12/site-packages/airflow/example_dags/example_nested_branch_dag.py took 0.210 seconds
[2024-04-17T21:18:02.064+0000] {processor.py:161} INFO - Started process (PID=405) to work on /home/airflow/.local/lib/python3.12/site-packages/airflow/example_dags/example_nested_branch_dag.py
[2024-04-17T21:18:02.066+0000] {processor.py:830} INFO - Processing file /home/airflow/.local/lib/python3.12/site-packages/airflow/example_dags/example_nested_branch_dag.py for tasks to queue
[2024-04-17T21:18:02.070+0000] {logging_mixin.py:188} INFO - [2024-04-17T21:18:02.069+0000] {dagbag.py:540} INFO - Filling up the DagBag from /home/airflow/.local/lib/python3.12/site-packages/airflow/example_dags/example_nested_branch_dag.py
[2024-04-17T21:18:02.094+0000] {processor.py:840} INFO - DAG(s) 'example_nested_branch_dag' retrieved from /home/airflow/.local/lib/python3.12/site-packages/airflow/example_dags/example_nested_branch_dag.py
[2024-04-17T21:18:02.145+0000] {logging_mixin.py:188} INFO - [2024-04-17T21:18:02.144+0000] {dag.py:3096} INFO - Sync 1 DAGs
[2024-04-17T21:18:02.192+0000] {logging_mixin.py:188} INFO - [2024-04-17T21:18:02.191+0000] {dag.py:3954} INFO - Setting next_dagrun for example_nested_branch_dag to 2024-04-16 00:00:00+00:00, run_after=2024-04-17 00:00:00+00:00
[2024-04-17T21:18:02.235+0000] {processor.py:183} INFO - Processing /home/airflow/.local/lib/python3.12/site-packages/airflow/example_dags/example_nested_branch_dag.py took 0.179 seconds
[2024-04-17T21:18:32.603+0000] {processor.py:161} INFO - Started process (PID=463) to work on /home/airflow/.local/lib/python3.12/site-packages/airflow/example_dags/example_nested_branch_dag.py
[2024-04-17T21:18:32.605+0000] {processor.py:830} INFO - Processing file /home/airflow/.local/lib/python3.12/site-packages/airflow/example_dags/example_nested_branch_dag.py for tasks to queue
[2024-04-17T21:18:32.609+0000] {logging_mixin.py:188} INFO - [2024-04-17T21:18:32.608+0000] {dagbag.py:540} INFO - Filling up the DagBag from /home/airflow/.local/lib/python3.12/site-packages/airflow/example_dags/example_nested_branch_dag.py
[2024-04-17T21:18:32.627+0000] {processor.py:840} INFO - DAG(s) 'example_nested_branch_dag' retrieved from /home/airflow/.local/lib/python3.12/site-packages/airflow/example_dags/example_nested_branch_dag.py
[2024-04-17T21:18:32.666+0000] {logging_mixin.py:188} INFO - [2024-04-17T21:18:32.666+0000] {dag.py:3096} INFO - Sync 1 DAGs
[2024-04-17T21:18:32.718+0000] {logging_mixin.py:188} INFO - [2024-04-17T21:18:32.718+0000] {dag.py:3954} INFO - Setting next_dagrun for example_nested_branch_dag to 2024-04-16 00:00:00+00:00, run_after=2024-04-17 00:00:00+00:00
[2024-04-17T21:18:32.767+0000] {processor.py:183} INFO - Processing /home/airflow/.local/lib/python3.12/site-packages/airflow/example_dags/example_nested_branch_dag.py took 0.171 seconds
[2024-04-17T21:19:03.026+0000] {processor.py:161} INFO - Started process (PID=521) to work on /home/airflow/.local/lib/python3.12/site-packages/airflow/example_dags/example_nested_branch_dag.py
[2024-04-17T21:19:03.028+0000] {processor.py:830} INFO - Processing file /home/airflow/.local/lib/python3.12/site-packages/airflow/example_dags/example_nested_branch_dag.py for tasks to queue
[2024-04-17T21:19:03.033+0000] {logging_mixin.py:188} INFO - [2024-04-17T21:19:03.032+0000] {dagbag.py:540} INFO - Filling up the DagBag from /home/airflow/.local/lib/python3.12/site-packages/airflow/example_dags/example_nested_branch_dag.py
[2024-04-17T21:19:03.081+0000] {processor.py:840} INFO - DAG(s) 'example_nested_branch_dag' retrieved from /home/airflow/.local/lib/python3.12/site-packages/airflow/example_dags/example_nested_branch_dag.py
[2024-04-17T21:19:03.149+0000] {logging_mixin.py:188} INFO - [2024-04-17T21:19:03.148+0000] {dag.py:3096} INFO - Sync 1 DAGs
[2024-04-17T21:19:03.211+0000] {logging_mixin.py:188} INFO - [2024-04-17T21:19:03.211+0000] {dag.py:3954} INFO - Setting next_dagrun for example_nested_branch_dag to 2024-04-16 00:00:00+00:00, run_after=2024-04-17 00:00:00+00:00
[2024-04-17T21:19:03.284+0000] {processor.py:183} INFO - Processing /home/airflow/.local/lib/python3.12/site-packages/airflow/example_dags/example_nested_branch_dag.py took 0.271 seconds
[2024-04-17T23:57:39.607+0000] {processor.py:161} INFO - Started process (PID=55) to work on /home/airflow/.local/lib/python3.12/site-packages/airflow/example_dags/example_nested_branch_dag.py
[2024-04-17T23:57:39.610+0000] {processor.py:830} INFO - Processing file /home/airflow/.local/lib/python3.12/site-packages/airflow/example_dags/example_nested_branch_dag.py for tasks to queue
[2024-04-17T23:57:39.615+0000] {logging_mixin.py:188} INFO - [2024-04-17T23:57:39.614+0000] {dagbag.py:540} INFO - Filling up the DagBag from /home/airflow/.local/lib/python3.12/site-packages/airflow/example_dags/example_nested_branch_dag.py
[2024-04-17T23:57:39.636+0000] {processor.py:840} INFO - DAG(s) 'example_nested_branch_dag' retrieved from /home/airflow/.local/lib/python3.12/site-packages/airflow/example_dags/example_nested_branch_dag.py
[2024-04-17T23:57:39.676+0000] {logging_mixin.py:188} INFO - [2024-04-17T23:57:39.676+0000] {dag.py:3096} INFO - Sync 1 DAGs
[2024-04-17T23:57:39.727+0000] {logging_mixin.py:188} INFO - [2024-04-17T23:57:39.726+0000] {dag.py:3954} INFO - Setting next_dagrun for example_nested_branch_dag to 2024-04-16 00:00:00+00:00, run_after=2024-04-17 00:00:00+00:00
[2024-04-17T23:57:39.765+0000] {processor.py:183} INFO - Processing /home/airflow/.local/lib/python3.12/site-packages/airflow/example_dags/example_nested_branch_dag.py took 0.173 seconds
[2024-04-17T23:58:09.815+0000] {processor.py:161} INFO - Started process (PID=113) to work on /home/airflow/.local/lib/python3.12/site-packages/airflow/example_dags/example_nested_branch_dag.py
[2024-04-17T23:58:09.816+0000] {processor.py:830} INFO - Processing file /home/airflow/.local/lib/python3.12/site-packages/airflow/example_dags/example_nested_branch_dag.py for tasks to queue
[2024-04-17T23:58:09.819+0000] {logging_mixin.py:188} INFO - [2024-04-17T23:58:09.818+0000] {dagbag.py:540} INFO - Filling up the DagBag from /home/airflow/.local/lib/python3.12/site-packages/airflow/example_dags/example_nested_branch_dag.py
[2024-04-17T23:58:09.832+0000] {processor.py:840} INFO - DAG(s) 'example_nested_branch_dag' retrieved from /home/airflow/.local/lib/python3.12/site-packages/airflow/example_dags/example_nested_branch_dag.py
[2024-04-17T23:58:09.863+0000] {logging_mixin.py:188} INFO - [2024-04-17T23:58:09.862+0000] {dag.py:3096} INFO - Sync 1 DAGs
[2024-04-17T23:58:09.901+0000] {logging_mixin.py:188} INFO - [2024-04-17T23:58:09.900+0000] {dag.py:3954} INFO - Setting next_dagrun for example_nested_branch_dag to 2024-04-16 00:00:00+00:00, run_after=2024-04-17 00:00:00+00:00
[2024-04-17T23:58:09.932+0000] {processor.py:183} INFO - Processing /home/airflow/.local/lib/python3.12/site-packages/airflow/example_dags/example_nested_branch_dag.py took 0.124 seconds
[2024-04-17T23:58:40.870+0000] {processor.py:161} INFO - Started process (PID=171) to work on /home/airflow/.local/lib/python3.12/site-packages/airflow/example_dags/example_nested_branch_dag.py
[2024-04-17T23:58:40.873+0000] {processor.py:830} INFO - Processing file /home/airflow/.local/lib/python3.12/site-packages/airflow/example_dags/example_nested_branch_dag.py for tasks to queue
[2024-04-17T23:58:40.878+0000] {logging_mixin.py:188} INFO - [2024-04-17T23:58:40.877+0000] {dagbag.py:540} INFO - Filling up the DagBag from /home/airflow/.local/lib/python3.12/site-packages/airflow/example_dags/example_nested_branch_dag.py
[2024-04-17T23:58:40.912+0000] {processor.py:840} INFO - DAG(s) 'example_nested_branch_dag' retrieved from /home/airflow/.local/lib/python3.12/site-packages/airflow/example_dags/example_nested_branch_dag.py
[2024-04-17T23:58:40.994+0000] {logging_mixin.py:188} INFO - [2024-04-17T23:58:40.993+0000] {dag.py:3096} INFO - Sync 1 DAGs
[2024-04-17T23:58:41.099+0000] {logging_mixin.py:188} INFO - [2024-04-17T23:58:41.098+0000] {dag.py:3954} INFO - Setting next_dagrun for example_nested_branch_dag to 2024-04-16 00:00:00+00:00, run_after=2024-04-17 00:00:00+00:00
[2024-04-17T23:58:41.146+0000] {processor.py:183} INFO - Processing /home/airflow/.local/lib/python3.12/site-packages/airflow/example_dags/example_nested_branch_dag.py took 0.288 seconds
[2024-04-17T23:59:12.041+0000] {processor.py:161} INFO - Started process (PID=229) to work on /home/airflow/.local/lib/python3.12/site-packages/airflow/example_dags/example_nested_branch_dag.py
[2024-04-17T23:59:12.043+0000] {processor.py:830} INFO - Processing file /home/airflow/.local/lib/python3.12/site-packages/airflow/example_dags/example_nested_branch_dag.py for tasks to queue
[2024-04-17T23:59:12.045+0000] {logging_mixin.py:188} INFO - [2024-04-17T23:59:12.045+0000] {dagbag.py:540} INFO - Filling up the DagBag from /home/airflow/.local/lib/python3.12/site-packages/airflow/example_dags/example_nested_branch_dag.py
[2024-04-17T23:59:12.061+0000] {processor.py:840} INFO - DAG(s) 'example_nested_branch_dag' retrieved from /home/airflow/.local/lib/python3.12/site-packages/airflow/example_dags/example_nested_branch_dag.py
[2024-04-17T23:59:12.106+0000] {logging_mixin.py:188} INFO - [2024-04-17T23:59:12.105+0000] {dag.py:3096} INFO - Sync 1 DAGs
[2024-04-17T23:59:12.150+0000] {logging_mixin.py:188} INFO - [2024-04-17T23:59:12.149+0000] {dag.py:3954} INFO - Setting next_dagrun for example_nested_branch_dag to 2024-04-16 00:00:00+00:00, run_after=2024-04-17 00:00:00+00:00
[2024-04-17T23:59:12.186+0000] {processor.py:183} INFO - Processing /home/airflow/.local/lib/python3.12/site-packages/airflow/example_dags/example_nested_branch_dag.py took 0.155 seconds
[2024-04-17T23:59:43.156+0000] {processor.py:161} INFO - Started process (PID=288) to work on /home/airflow/.local/lib/python3.12/site-packages/airflow/example_dags/example_nested_branch_dag.py
[2024-04-17T23:59:43.158+0000] {processor.py:830} INFO - Processing file /home/airflow/.local/lib/python3.12/site-packages/airflow/example_dags/example_nested_branch_dag.py for tasks to queue
[2024-04-17T23:59:43.160+0000] {logging_mixin.py:188} INFO - [2024-04-17T23:59:43.160+0000] {dagbag.py:540} INFO - Filling up the DagBag from /home/airflow/.local/lib/python3.12/site-packages/airflow/example_dags/example_nested_branch_dag.py
[2024-04-17T23:59:43.173+0000] {processor.py:840} INFO - DAG(s) 'example_nested_branch_dag' retrieved from /home/airflow/.local/lib/python3.12/site-packages/airflow/example_dags/example_nested_branch_dag.py
[2024-04-17T23:59:43.204+0000] {logging_mixin.py:188} INFO - [2024-04-17T23:59:43.204+0000] {dag.py:3096} INFO - Sync 1 DAGs
[2024-04-17T23:59:43.250+0000] {logging_mixin.py:188} INFO - [2024-04-17T23:59:43.250+0000] {dag.py:3954} INFO - Setting next_dagrun for example_nested_branch_dag to 2024-04-16 00:00:00+00:00, run_after=2024-04-17 00:00:00+00:00
[2024-04-17T23:59:43.279+0000] {processor.py:183} INFO - Processing /home/airflow/.local/lib/python3.12/site-packages/airflow/example_dags/example_nested_branch_dag.py took 0.129 seconds
