[2024-04-17T21:04:15.764+0000] {processor.py:161} INFO - Started process (PID=53) to work on /home/airflow/.local/lib/python3.12/site-packages/airflow/example_dags/example_python_operator.py
[2024-04-17T21:04:15.797+0000] {processor.py:830} INFO - Processing file /home/airflow/.local/lib/python3.12/site-packages/airflow/example_dags/example_python_operator.py for tasks to queue
[2024-04-17T21:04:15.870+0000] {logging_mixin.py:188} INFO - [2024-04-17T21:04:15.869+0000] {dagbag.py:540} INFO - Filling up the DagBag from /home/airflow/.local/lib/python3.12/site-packages/airflow/example_dags/example_python_operator.py
[2024-04-17T21:04:17.161+0000] {processor.py:840} INFO - DAG(s) 'example_python_operator' retrieved from /home/airflow/.local/lib/python3.12/site-packages/airflow/example_dags/example_python_operator.py
[2024-04-17T21:04:19.352+0000] {logging_mixin.py:188} INFO - [2024-04-17T21:04:19.352+0000] {dag.py:3096} INFO - Sync 1 DAGs
[2024-04-17T21:04:19.629+0000] {logging_mixin.py:188} INFO - [2024-04-17T21:04:19.629+0000] {dag.py:3954} INFO - Setting next_dagrun for example_python_operator to None, run_after=None
[2024-04-17T21:04:19.836+0000] {processor.py:183} INFO - Processing /home/airflow/.local/lib/python3.12/site-packages/airflow/example_dags/example_python_operator.py took 4.177 seconds
[2024-04-17T21:05:05.160+0000] {processor.py:161} INFO - Started process (PID=111) to work on /home/airflow/.local/lib/python3.12/site-packages/airflow/example_dags/example_python_operator.py
[2024-04-17T21:05:05.163+0000] {processor.py:830} INFO - Processing file /home/airflow/.local/lib/python3.12/site-packages/airflow/example_dags/example_python_operator.py for tasks to queue
[2024-04-17T21:05:05.169+0000] {logging_mixin.py:188} INFO - [2024-04-17T21:05:05.168+0000] {dagbag.py:540} INFO - Filling up the DagBag from /home/airflow/.local/lib/python3.12/site-packages/airflow/example_dags/example_python_operator.py
[2024-04-17T21:05:05.196+0000] {processor.py:840} INFO - DAG(s) 'example_python_operator' retrieved from /home/airflow/.local/lib/python3.12/site-packages/airflow/example_dags/example_python_operator.py
[2024-04-17T21:05:05.253+0000] {logging_mixin.py:188} INFO - [2024-04-17T21:05:05.252+0000] {dag.py:3096} INFO - Sync 1 DAGs
[2024-04-17T21:05:05.280+0000] {logging_mixin.py:188} INFO - [2024-04-17T21:05:05.279+0000] {dag.py:3954} INFO - Setting next_dagrun for example_python_operator to None, run_after=None
[2024-04-17T21:05:05.342+0000] {processor.py:183} INFO - Processing /home/airflow/.local/lib/python3.12/site-packages/airflow/example_dags/example_python_operator.py took 0.218 seconds
[2024-04-17T21:05:36.060+0000] {processor.py:161} INFO - Started process (PID=167) to work on /home/airflow/.local/lib/python3.12/site-packages/airflow/example_dags/example_python_operator.py
[2024-04-17T21:05:36.065+0000] {processor.py:830} INFO - Processing file /home/airflow/.local/lib/python3.12/site-packages/airflow/example_dags/example_python_operator.py for tasks to queue
[2024-04-17T21:05:36.078+0000] {logging_mixin.py:188} INFO - [2024-04-17T21:05:36.077+0000] {dagbag.py:540} INFO - Filling up the DagBag from /home/airflow/.local/lib/python3.12/site-packages/airflow/example_dags/example_python_operator.py
[2024-04-17T21:05:36.155+0000] {processor.py:840} INFO - DAG(s) 'example_python_operator' retrieved from /home/airflow/.local/lib/python3.12/site-packages/airflow/example_dags/example_python_operator.py
[2024-04-17T21:05:36.343+0000] {logging_mixin.py:188} INFO - [2024-04-17T21:05:36.342+0000] {dag.py:3096} INFO - Sync 1 DAGs
[2024-04-17T21:05:36.422+0000] {logging_mixin.py:188} INFO - [2024-04-17T21:05:36.420+0000] {dag.py:3954} INFO - Setting next_dagrun for example_python_operator to None, run_after=None
[2024-04-17T21:05:36.539+0000] {processor.py:183} INFO - Processing /home/airflow/.local/lib/python3.12/site-packages/airflow/example_dags/example_python_operator.py took 0.510 seconds
[2024-04-17T21:06:08.615+0000] {processor.py:161} INFO - Started process (PID=229) to work on /home/airflow/.local/lib/python3.12/site-packages/airflow/example_dags/example_python_operator.py
[2024-04-17T21:06:08.617+0000] {processor.py:830} INFO - Processing file /home/airflow/.local/lib/python3.12/site-packages/airflow/example_dags/example_python_operator.py for tasks to queue
[2024-04-17T21:06:08.630+0000] {logging_mixin.py:188} INFO - [2024-04-17T21:06:08.624+0000] {dagbag.py:540} INFO - Filling up the DagBag from /home/airflow/.local/lib/python3.12/site-packages/airflow/example_dags/example_python_operator.py
[2024-04-17T21:06:08.681+0000] {processor.py:840} INFO - DAG(s) 'example_python_operator' retrieved from /home/airflow/.local/lib/python3.12/site-packages/airflow/example_dags/example_python_operator.py
[2024-04-17T21:06:08.787+0000] {logging_mixin.py:188} INFO - [2024-04-17T21:06:08.786+0000] {dag.py:3096} INFO - Sync 1 DAGs
[2024-04-17T21:06:08.873+0000] {logging_mixin.py:188} INFO - [2024-04-17T21:06:08.873+0000] {dag.py:3954} INFO - Setting next_dagrun for example_python_operator to None, run_after=None
[2024-04-17T21:06:08.961+0000] {processor.py:183} INFO - Processing /home/airflow/.local/lib/python3.12/site-packages/airflow/example_dags/example_python_operator.py took 0.367 seconds
[2024-04-17T21:06:41.798+0000] {processor.py:161} INFO - Started process (PID=287) to work on /home/airflow/.local/lib/python3.12/site-packages/airflow/example_dags/example_python_operator.py
[2024-04-17T21:06:41.806+0000] {processor.py:830} INFO - Processing file /home/airflow/.local/lib/python3.12/site-packages/airflow/example_dags/example_python_operator.py for tasks to queue
[2024-04-17T21:06:41.817+0000] {logging_mixin.py:188} INFO - [2024-04-17T21:06:41.816+0000] {dagbag.py:540} INFO - Filling up the DagBag from /home/airflow/.local/lib/python3.12/site-packages/airflow/example_dags/example_python_operator.py
[2024-04-17T21:06:41.886+0000] {processor.py:840} INFO - DAG(s) 'example_python_operator' retrieved from /home/airflow/.local/lib/python3.12/site-packages/airflow/example_dags/example_python_operator.py
[2024-04-17T21:06:42.011+0000] {logging_mixin.py:188} INFO - [2024-04-17T21:06:42.010+0000] {dag.py:3096} INFO - Sync 1 DAGs
[2024-04-17T21:06:42.079+0000] {logging_mixin.py:188} INFO - [2024-04-17T21:06:42.075+0000] {dag.py:3954} INFO - Setting next_dagrun for example_python_operator to None, run_after=None
[2024-04-17T21:06:42.196+0000] {processor.py:183} INFO - Processing /home/airflow/.local/lib/python3.12/site-packages/airflow/example_dags/example_python_operator.py took 0.416 seconds
[2024-04-17T21:07:17.233+0000] {processor.py:161} INFO - Started process (PID=345) to work on /home/airflow/.local/lib/python3.12/site-packages/airflow/example_dags/example_python_operator.py
[2024-04-17T21:07:17.238+0000] {processor.py:830} INFO - Processing file /home/airflow/.local/lib/python3.12/site-packages/airflow/example_dags/example_python_operator.py for tasks to queue
[2024-04-17T21:07:17.249+0000] {logging_mixin.py:188} INFO - [2024-04-17T21:07:17.242+0000] {dagbag.py:540} INFO - Filling up the DagBag from /home/airflow/.local/lib/python3.12/site-packages/airflow/example_dags/example_python_operator.py
[2024-04-17T21:07:17.306+0000] {processor.py:840} INFO - DAG(s) 'example_python_operator' retrieved from /home/airflow/.local/lib/python3.12/site-packages/airflow/example_dags/example_python_operator.py
[2024-04-17T21:07:17.423+0000] {logging_mixin.py:188} INFO - [2024-04-17T21:07:17.422+0000] {dag.py:3096} INFO - Sync 1 DAGs
[2024-04-17T21:07:17.519+0000] {logging_mixin.py:188} INFO - [2024-04-17T21:07:17.518+0000] {dag.py:3954} INFO - Setting next_dagrun for example_python_operator to None, run_after=None
[2024-04-17T21:07:18.822+0000] {processor.py:183} INFO - Processing /home/airflow/.local/lib/python3.12/site-packages/airflow/example_dags/example_python_operator.py took 1.625 seconds
[2024-04-17T21:07:49.594+0000] {processor.py:161} INFO - Started process (PID=403) to work on /home/airflow/.local/lib/python3.12/site-packages/airflow/example_dags/example_python_operator.py
[2024-04-17T21:07:49.596+0000] {processor.py:830} INFO - Processing file /home/airflow/.local/lib/python3.12/site-packages/airflow/example_dags/example_python_operator.py for tasks to queue
[2024-04-17T21:07:49.599+0000] {logging_mixin.py:188} INFO - [2024-04-17T21:07:49.598+0000] {dagbag.py:540} INFO - Filling up the DagBag from /home/airflow/.local/lib/python3.12/site-packages/airflow/example_dags/example_python_operator.py
[2024-04-17T21:07:49.628+0000] {processor.py:840} INFO - DAG(s) 'example_python_operator' retrieved from /home/airflow/.local/lib/python3.12/site-packages/airflow/example_dags/example_python_operator.py
[2024-04-17T21:07:49.743+0000] {logging_mixin.py:188} INFO - [2024-04-17T21:07:49.743+0000] {dag.py:3096} INFO - Sync 1 DAGs
[2024-04-17T21:07:49.823+0000] {logging_mixin.py:188} INFO - [2024-04-17T21:07:49.822+0000] {dag.py:3954} INFO - Setting next_dagrun for example_python_operator to None, run_after=None
[2024-04-17T21:07:49.938+0000] {processor.py:183} INFO - Processing /home/airflow/.local/lib/python3.12/site-packages/airflow/example_dags/example_python_operator.py took 0.355 seconds
[2024-04-17T21:08:20.049+0000] {processor.py:161} INFO - Started process (PID=460) to work on /home/airflow/.local/lib/python3.12/site-packages/airflow/example_dags/example_python_operator.py
[2024-04-17T21:08:20.051+0000] {processor.py:830} INFO - Processing file /home/airflow/.local/lib/python3.12/site-packages/airflow/example_dags/example_python_operator.py for tasks to queue
[2024-04-17T21:08:20.065+0000] {logging_mixin.py:188} INFO - [2024-04-17T21:08:20.064+0000] {dagbag.py:540} INFO - Filling up the DagBag from /home/airflow/.local/lib/python3.12/site-packages/airflow/example_dags/example_python_operator.py
[2024-04-17T21:08:20.103+0000] {processor.py:840} INFO - DAG(s) 'example_python_operator' retrieved from /home/airflow/.local/lib/python3.12/site-packages/airflow/example_dags/example_python_operator.py
[2024-04-17T21:08:20.172+0000] {logging_mixin.py:188} INFO - [2024-04-17T21:08:20.171+0000] {dag.py:3096} INFO - Sync 1 DAGs
[2024-04-17T21:08:20.232+0000] {logging_mixin.py:188} INFO - [2024-04-17T21:08:20.231+0000] {dag.py:3954} INFO - Setting next_dagrun for example_python_operator to None, run_after=None
[2024-04-17T21:08:20.329+0000] {processor.py:183} INFO - Processing /home/airflow/.local/lib/python3.12/site-packages/airflow/example_dags/example_python_operator.py took 0.298 seconds
[2024-04-17T21:08:50.522+0000] {processor.py:161} INFO - Started process (PID=518) to work on /home/airflow/.local/lib/python3.12/site-packages/airflow/example_dags/example_python_operator.py
[2024-04-17T21:08:50.524+0000] {processor.py:830} INFO - Processing file /home/airflow/.local/lib/python3.12/site-packages/airflow/example_dags/example_python_operator.py for tasks to queue
[2024-04-17T21:08:50.527+0000] {logging_mixin.py:188} INFO - [2024-04-17T21:08:50.527+0000] {dagbag.py:540} INFO - Filling up the DagBag from /home/airflow/.local/lib/python3.12/site-packages/airflow/example_dags/example_python_operator.py
[2024-04-17T21:08:50.553+0000] {processor.py:840} INFO - DAG(s) 'example_python_operator' retrieved from /home/airflow/.local/lib/python3.12/site-packages/airflow/example_dags/example_python_operator.py
[2024-04-17T21:08:50.614+0000] {logging_mixin.py:188} INFO - [2024-04-17T21:08:50.613+0000] {dag.py:3096} INFO - Sync 1 DAGs
[2024-04-17T21:08:50.647+0000] {logging_mixin.py:188} INFO - [2024-04-17T21:08:50.646+0000] {dag.py:3954} INFO - Setting next_dagrun for example_python_operator to None, run_after=None
[2024-04-17T21:08:50.707+0000] {processor.py:183} INFO - Processing /home/airflow/.local/lib/python3.12/site-packages/airflow/example_dags/example_python_operator.py took 0.198 seconds
[2024-04-17T21:09:21.131+0000] {processor.py:161} INFO - Started process (PID=576) to work on /home/airflow/.local/lib/python3.12/site-packages/airflow/example_dags/example_python_operator.py
[2024-04-17T21:09:21.187+0000] {processor.py:830} INFO - Processing file /home/airflow/.local/lib/python3.12/site-packages/airflow/example_dags/example_python_operator.py for tasks to queue
[2024-04-17T21:09:21.191+0000] {logging_mixin.py:188} INFO - [2024-04-17T21:09:21.190+0000] {dagbag.py:540} INFO - Filling up the DagBag from /home/airflow/.local/lib/python3.12/site-packages/airflow/example_dags/example_python_operator.py
[2024-04-17T21:09:21.225+0000] {processor.py:840} INFO - DAG(s) 'example_python_operator' retrieved from /home/airflow/.local/lib/python3.12/site-packages/airflow/example_dags/example_python_operator.py
[2024-04-17T21:09:21.287+0000] {logging_mixin.py:188} INFO - [2024-04-17T21:09:21.287+0000] {dag.py:3096} INFO - Sync 1 DAGs
[2024-04-17T21:09:21.323+0000] {logging_mixin.py:188} INFO - [2024-04-17T21:09:21.323+0000] {dag.py:3954} INFO - Setting next_dagrun for example_python_operator to None, run_after=None
[2024-04-17T21:09:22.466+0000] {processor.py:183} INFO - Processing /home/airflow/.local/lib/python3.12/site-packages/airflow/example_dags/example_python_operator.py took 1.349 seconds
[2024-04-17T21:09:52.794+0000] {processor.py:161} INFO - Started process (PID=635) to work on /home/airflow/.local/lib/python3.12/site-packages/airflow/example_dags/example_python_operator.py
[2024-04-17T21:09:52.796+0000] {processor.py:830} INFO - Processing file /home/airflow/.local/lib/python3.12/site-packages/airflow/example_dags/example_python_operator.py for tasks to queue
[2024-04-17T21:09:52.801+0000] {logging_mixin.py:188} INFO - [2024-04-17T21:09:52.800+0000] {dagbag.py:540} INFO - Filling up the DagBag from /home/airflow/.local/lib/python3.12/site-packages/airflow/example_dags/example_python_operator.py
[2024-04-17T21:09:52.834+0000] {processor.py:840} INFO - DAG(s) 'example_python_operator' retrieved from /home/airflow/.local/lib/python3.12/site-packages/airflow/example_dags/example_python_operator.py
[2024-04-17T21:09:52.933+0000] {logging_mixin.py:188} INFO - [2024-04-17T21:09:52.930+0000] {dag.py:3096} INFO - Sync 1 DAGs
[2024-04-17T21:09:52.977+0000] {logging_mixin.py:188} INFO - [2024-04-17T21:09:52.977+0000] {dag.py:3954} INFO - Setting next_dagrun for example_python_operator to None, run_after=None
[2024-04-17T21:09:53.079+0000] {processor.py:183} INFO - Processing /home/airflow/.local/lib/python3.12/site-packages/airflow/example_dags/example_python_operator.py took 0.301 seconds
[2024-04-17T21:10:23.199+0000] {processor.py:161} INFO - Started process (PID=693) to work on /home/airflow/.local/lib/python3.12/site-packages/airflow/example_dags/example_python_operator.py
[2024-04-17T21:10:23.200+0000] {processor.py:830} INFO - Processing file /home/airflow/.local/lib/python3.12/site-packages/airflow/example_dags/example_python_operator.py for tasks to queue
[2024-04-17T21:10:23.203+0000] {logging_mixin.py:188} INFO - [2024-04-17T21:10:23.202+0000] {dagbag.py:540} INFO - Filling up the DagBag from /home/airflow/.local/lib/python3.12/site-packages/airflow/example_dags/example_python_operator.py
[2024-04-17T21:10:23.217+0000] {processor.py:840} INFO - DAG(s) 'example_python_operator' retrieved from /home/airflow/.local/lib/python3.12/site-packages/airflow/example_dags/example_python_operator.py
[2024-04-17T21:10:23.253+0000] {logging_mixin.py:188} INFO - [2024-04-17T21:10:23.253+0000] {dag.py:3096} INFO - Sync 1 DAGs
[2024-04-17T21:10:23.277+0000] {logging_mixin.py:188} INFO - [2024-04-17T21:10:23.276+0000] {dag.py:3954} INFO - Setting next_dagrun for example_python_operator to None, run_after=None
[2024-04-17T21:10:23.320+0000] {processor.py:183} INFO - Processing /home/airflow/.local/lib/python3.12/site-packages/airflow/example_dags/example_python_operator.py took 0.128 seconds
[2024-04-17T21:10:53.583+0000] {processor.py:161} INFO - Started process (PID=752) to work on /home/airflow/.local/lib/python3.12/site-packages/airflow/example_dags/example_python_operator.py
[2024-04-17T21:10:53.593+0000] {processor.py:830} INFO - Processing file /home/airflow/.local/lib/python3.12/site-packages/airflow/example_dags/example_python_operator.py for tasks to queue
[2024-04-17T21:10:53.602+0000] {logging_mixin.py:188} INFO - [2024-04-17T21:10:53.601+0000] {dagbag.py:540} INFO - Filling up the DagBag from /home/airflow/.local/lib/python3.12/site-packages/airflow/example_dags/example_python_operator.py
[2024-04-17T21:10:53.631+0000] {processor.py:840} INFO - DAG(s) 'example_python_operator' retrieved from /home/airflow/.local/lib/python3.12/site-packages/airflow/example_dags/example_python_operator.py
[2024-04-17T21:10:53.694+0000] {logging_mixin.py:188} INFO - [2024-04-17T21:10:53.693+0000] {dag.py:3096} INFO - Sync 1 DAGs
[2024-04-17T21:10:53.736+0000] {logging_mixin.py:188} INFO - [2024-04-17T21:10:53.735+0000] {dag.py:3954} INFO - Setting next_dagrun for example_python_operator to None, run_after=None
[2024-04-17T21:10:53.801+0000] {processor.py:183} INFO - Processing /home/airflow/.local/lib/python3.12/site-packages/airflow/example_dags/example_python_operator.py took 0.234 seconds
[2024-04-17T21:11:24.661+0000] {processor.py:161} INFO - Started process (PID=810) to work on /home/airflow/.local/lib/python3.12/site-packages/airflow/example_dags/example_python_operator.py
[2024-04-17T21:11:24.662+0000] {processor.py:830} INFO - Processing file /home/airflow/.local/lib/python3.12/site-packages/airflow/example_dags/example_python_operator.py for tasks to queue
[2024-04-17T21:11:24.665+0000] {logging_mixin.py:188} INFO - [2024-04-17T21:11:24.665+0000] {dagbag.py:540} INFO - Filling up the DagBag from /home/airflow/.local/lib/python3.12/site-packages/airflow/example_dags/example_python_operator.py
[2024-04-17T21:11:24.696+0000] {processor.py:840} INFO - DAG(s) 'example_python_operator' retrieved from /home/airflow/.local/lib/python3.12/site-packages/airflow/example_dags/example_python_operator.py
[2024-04-17T21:11:24.750+0000] {logging_mixin.py:188} INFO - [2024-04-17T21:11:24.749+0000] {dag.py:3096} INFO - Sync 1 DAGs
[2024-04-17T21:11:24.783+0000] {logging_mixin.py:188} INFO - [2024-04-17T21:11:24.783+0000] {dag.py:3954} INFO - Setting next_dagrun for example_python_operator to None, run_after=None
[2024-04-17T21:11:24.830+0000] {processor.py:183} INFO - Processing /home/airflow/.local/lib/python3.12/site-packages/airflow/example_dags/example_python_operator.py took 0.180 seconds
[2024-04-17T21:11:55.153+0000] {processor.py:161} INFO - Started process (PID=868) to work on /home/airflow/.local/lib/python3.12/site-packages/airflow/example_dags/example_python_operator.py
[2024-04-17T21:11:55.154+0000] {processor.py:830} INFO - Processing file /home/airflow/.local/lib/python3.12/site-packages/airflow/example_dags/example_python_operator.py for tasks to queue
[2024-04-17T21:11:55.156+0000] {logging_mixin.py:188} INFO - [2024-04-17T21:11:55.156+0000] {dagbag.py:540} INFO - Filling up the DagBag from /home/airflow/.local/lib/python3.12/site-packages/airflow/example_dags/example_python_operator.py
[2024-04-17T21:11:55.172+0000] {processor.py:840} INFO - DAG(s) 'example_python_operator' retrieved from /home/airflow/.local/lib/python3.12/site-packages/airflow/example_dags/example_python_operator.py
[2024-04-17T21:11:55.213+0000] {logging_mixin.py:188} INFO - [2024-04-17T21:11:55.213+0000] {dag.py:3096} INFO - Sync 1 DAGs
[2024-04-17T21:11:55.242+0000] {logging_mixin.py:188} INFO - [2024-04-17T21:11:55.241+0000] {dag.py:3954} INFO - Setting next_dagrun for example_python_operator to None, run_after=None
[2024-04-17T21:11:55.288+0000] {processor.py:183} INFO - Processing /home/airflow/.local/lib/python3.12/site-packages/airflow/example_dags/example_python_operator.py took 0.143 seconds
[2024-04-17T21:12:25.895+0000] {processor.py:161} INFO - Started process (PID=926) to work on /home/airflow/.local/lib/python3.12/site-packages/airflow/example_dags/example_python_operator.py
[2024-04-17T21:12:25.897+0000] {processor.py:830} INFO - Processing file /home/airflow/.local/lib/python3.12/site-packages/airflow/example_dags/example_python_operator.py for tasks to queue
[2024-04-17T21:12:25.900+0000] {logging_mixin.py:188} INFO - [2024-04-17T21:12:25.899+0000] {dagbag.py:540} INFO - Filling up the DagBag from /home/airflow/.local/lib/python3.12/site-packages/airflow/example_dags/example_python_operator.py
[2024-04-17T21:12:25.922+0000] {processor.py:840} INFO - DAG(s) 'example_python_operator' retrieved from /home/airflow/.local/lib/python3.12/site-packages/airflow/example_dags/example_python_operator.py
[2024-04-17T21:12:25.964+0000] {logging_mixin.py:188} INFO - [2024-04-17T21:12:25.963+0000] {dag.py:3096} INFO - Sync 1 DAGs
[2024-04-17T21:12:25.991+0000] {logging_mixin.py:188} INFO - [2024-04-17T21:12:25.991+0000] {dag.py:3954} INFO - Setting next_dagrun for example_python_operator to None, run_after=None
[2024-04-17T21:12:26.033+0000] {processor.py:183} INFO - Processing /home/airflow/.local/lib/python3.12/site-packages/airflow/example_dags/example_python_operator.py took 0.149 seconds
[2024-04-17T21:12:56.691+0000] {processor.py:161} INFO - Started process (PID=984) to work on /home/airflow/.local/lib/python3.12/site-packages/airflow/example_dags/example_python_operator.py
[2024-04-17T21:12:56.692+0000] {processor.py:830} INFO - Processing file /home/airflow/.local/lib/python3.12/site-packages/airflow/example_dags/example_python_operator.py for tasks to queue
[2024-04-17T21:12:56.695+0000] {logging_mixin.py:188} INFO - [2024-04-17T21:12:56.695+0000] {dagbag.py:540} INFO - Filling up the DagBag from /home/airflow/.local/lib/python3.12/site-packages/airflow/example_dags/example_python_operator.py
[2024-04-17T21:12:56.716+0000] {processor.py:840} INFO - DAG(s) 'example_python_operator' retrieved from /home/airflow/.local/lib/python3.12/site-packages/airflow/example_dags/example_python_operator.py
[2024-04-17T21:12:56.760+0000] {logging_mixin.py:188} INFO - [2024-04-17T21:12:56.759+0000] {dag.py:3096} INFO - Sync 1 DAGs
[2024-04-17T21:12:56.800+0000] {logging_mixin.py:188} INFO - [2024-04-17T21:12:56.800+0000] {dag.py:3954} INFO - Setting next_dagrun for example_python_operator to None, run_after=None
[2024-04-17T21:12:56.857+0000] {processor.py:183} INFO - Processing /home/airflow/.local/lib/python3.12/site-packages/airflow/example_dags/example_python_operator.py took 0.176 seconds
[2024-04-17T21:13:27.586+0000] {processor.py:161} INFO - Started process (PID=1042) to work on /home/airflow/.local/lib/python3.12/site-packages/airflow/example_dags/example_python_operator.py
[2024-04-17T21:13:27.587+0000] {processor.py:830} INFO - Processing file /home/airflow/.local/lib/python3.12/site-packages/airflow/example_dags/example_python_operator.py for tasks to queue
[2024-04-17T21:13:27.591+0000] {logging_mixin.py:188} INFO - [2024-04-17T21:13:27.590+0000] {dagbag.py:540} INFO - Filling up the DagBag from /home/airflow/.local/lib/python3.12/site-packages/airflow/example_dags/example_python_operator.py
[2024-04-17T21:13:27.622+0000] {processor.py:840} INFO - DAG(s) 'example_python_operator' retrieved from /home/airflow/.local/lib/python3.12/site-packages/airflow/example_dags/example_python_operator.py
[2024-04-17T21:13:27.678+0000] {logging_mixin.py:188} INFO - [2024-04-17T21:13:27.677+0000] {dag.py:3096} INFO - Sync 1 DAGs
[2024-04-17T21:13:27.710+0000] {logging_mixin.py:188} INFO - [2024-04-17T21:13:27.710+0000] {dag.py:3954} INFO - Setting next_dagrun for example_python_operator to None, run_after=None
[2024-04-17T21:13:27.769+0000] {processor.py:183} INFO - Processing /home/airflow/.local/lib/python3.12/site-packages/airflow/example_dags/example_python_operator.py took 0.193 seconds
[2024-04-17T21:14:54.557+0000] {processor.py:161} INFO - Started process (PID=42) to work on /home/airflow/.local/lib/python3.12/site-packages/airflow/example_dags/example_python_operator.py
[2024-04-17T21:14:54.559+0000] {processor.py:830} INFO - Processing file /home/airflow/.local/lib/python3.12/site-packages/airflow/example_dags/example_python_operator.py for tasks to queue
[2024-04-17T21:14:54.563+0000] {logging_mixin.py:188} INFO - [2024-04-17T21:14:54.562+0000] {dagbag.py:540} INFO - Filling up the DagBag from /home/airflow/.local/lib/python3.12/site-packages/airflow/example_dags/example_python_operator.py
[2024-04-17T21:14:54.592+0000] {processor.py:840} INFO - DAG(s) 'example_python_operator' retrieved from /home/airflow/.local/lib/python3.12/site-packages/airflow/example_dags/example_python_operator.py
[2024-04-17T21:14:54.994+0000] {logging_mixin.py:188} INFO - [2024-04-17T21:14:54.991+0000] {dag.py:3096} INFO - Sync 1 DAGs
[2024-04-17T21:14:55.057+0000] {logging_mixin.py:188} INFO - [2024-04-17T21:14:55.057+0000] {dag.py:3954} INFO - Setting next_dagrun for example_python_operator to None, run_after=None
[2024-04-17T21:14:55.129+0000] {processor.py:183} INFO - Processing /home/airflow/.local/lib/python3.12/site-packages/airflow/example_dags/example_python_operator.py took 0.585 seconds
[2024-04-17T21:15:25.649+0000] {processor.py:161} INFO - Started process (PID=100) to work on /home/airflow/.local/lib/python3.12/site-packages/airflow/example_dags/example_python_operator.py
[2024-04-17T21:15:25.650+0000] {processor.py:830} INFO - Processing file /home/airflow/.local/lib/python3.12/site-packages/airflow/example_dags/example_python_operator.py for tasks to queue
[2024-04-17T21:15:25.654+0000] {logging_mixin.py:188} INFO - [2024-04-17T21:15:25.653+0000] {dagbag.py:540} INFO - Filling up the DagBag from /home/airflow/.local/lib/python3.12/site-packages/airflow/example_dags/example_python_operator.py
[2024-04-17T21:15:25.669+0000] {processor.py:840} INFO - DAG(s) 'example_python_operator' retrieved from /home/airflow/.local/lib/python3.12/site-packages/airflow/example_dags/example_python_operator.py
[2024-04-17T21:15:25.709+0000] {logging_mixin.py:188} INFO - [2024-04-17T21:15:25.708+0000] {dag.py:3096} INFO - Sync 1 DAGs
[2024-04-17T21:15:25.733+0000] {logging_mixin.py:188} INFO - [2024-04-17T21:15:25.733+0000] {dag.py:3954} INFO - Setting next_dagrun for example_python_operator to None, run_after=None
[2024-04-17T21:15:25.768+0000] {processor.py:183} INFO - Processing /home/airflow/.local/lib/python3.12/site-packages/airflow/example_dags/example_python_operator.py took 0.128 seconds
[2024-04-17T21:15:56.046+0000] {processor.py:161} INFO - Started process (PID=158) to work on /home/airflow/.local/lib/python3.12/site-packages/airflow/example_dags/example_python_operator.py
[2024-04-17T21:15:56.047+0000] {processor.py:830} INFO - Processing file /home/airflow/.local/lib/python3.12/site-packages/airflow/example_dags/example_python_operator.py for tasks to queue
[2024-04-17T21:15:56.050+0000] {logging_mixin.py:188} INFO - [2024-04-17T21:15:56.049+0000] {dagbag.py:540} INFO - Filling up the DagBag from /home/airflow/.local/lib/python3.12/site-packages/airflow/example_dags/example_python_operator.py
[2024-04-17T21:15:56.062+0000] {processor.py:840} INFO - DAG(s) 'example_python_operator' retrieved from /home/airflow/.local/lib/python3.12/site-packages/airflow/example_dags/example_python_operator.py
[2024-04-17T21:15:56.096+0000] {logging_mixin.py:188} INFO - [2024-04-17T21:15:56.096+0000] {dag.py:3096} INFO - Sync 1 DAGs
[2024-04-17T21:15:56.122+0000] {logging_mixin.py:188} INFO - [2024-04-17T21:15:56.121+0000] {dag.py:3954} INFO - Setting next_dagrun for example_python_operator to None, run_after=None
[2024-04-17T21:15:56.164+0000] {processor.py:183} INFO - Processing /home/airflow/.local/lib/python3.12/site-packages/airflow/example_dags/example_python_operator.py took 0.125 seconds
[2024-04-17T21:16:27.039+0000] {processor.py:161} INFO - Started process (PID=216) to work on /home/airflow/.local/lib/python3.12/site-packages/airflow/example_dags/example_python_operator.py
[2024-04-17T21:16:27.040+0000] {processor.py:830} INFO - Processing file /home/airflow/.local/lib/python3.12/site-packages/airflow/example_dags/example_python_operator.py for tasks to queue
[2024-04-17T21:16:27.044+0000] {logging_mixin.py:188} INFO - [2024-04-17T21:16:27.043+0000] {dagbag.py:540} INFO - Filling up the DagBag from /home/airflow/.local/lib/python3.12/site-packages/airflow/example_dags/example_python_operator.py
[2024-04-17T21:16:27.057+0000] {processor.py:840} INFO - DAG(s) 'example_python_operator' retrieved from /home/airflow/.local/lib/python3.12/site-packages/airflow/example_dags/example_python_operator.py
[2024-04-17T21:16:27.094+0000] {logging_mixin.py:188} INFO - [2024-04-17T21:16:27.094+0000] {dag.py:3096} INFO - Sync 1 DAGs
[2024-04-17T21:16:27.119+0000] {logging_mixin.py:188} INFO - [2024-04-17T21:16:27.119+0000] {dag.py:3954} INFO - Setting next_dagrun for example_python_operator to None, run_after=None
[2024-04-17T21:16:27.166+0000] {processor.py:183} INFO - Processing /home/airflow/.local/lib/python3.12/site-packages/airflow/example_dags/example_python_operator.py took 0.136 seconds
[2024-04-17T21:16:57.494+0000] {processor.py:161} INFO - Started process (PID=274) to work on /home/airflow/.local/lib/python3.12/site-packages/airflow/example_dags/example_python_operator.py
[2024-04-17T21:16:57.495+0000] {processor.py:830} INFO - Processing file /home/airflow/.local/lib/python3.12/site-packages/airflow/example_dags/example_python_operator.py for tasks to queue
[2024-04-17T21:16:57.499+0000] {logging_mixin.py:188} INFO - [2024-04-17T21:16:57.498+0000] {dagbag.py:540} INFO - Filling up the DagBag from /home/airflow/.local/lib/python3.12/site-packages/airflow/example_dags/example_python_operator.py
[2024-04-17T21:16:57.513+0000] {processor.py:840} INFO - DAG(s) 'example_python_operator' retrieved from /home/airflow/.local/lib/python3.12/site-packages/airflow/example_dags/example_python_operator.py
[2024-04-17T21:16:57.550+0000] {logging_mixin.py:188} INFO - [2024-04-17T21:16:57.550+0000] {dag.py:3096} INFO - Sync 1 DAGs
[2024-04-17T21:16:57.571+0000] {logging_mixin.py:188} INFO - [2024-04-17T21:16:57.570+0000] {dag.py:3954} INFO - Setting next_dagrun for example_python_operator to None, run_after=None
[2024-04-17T21:16:57.611+0000] {processor.py:183} INFO - Processing /home/airflow/.local/lib/python3.12/site-packages/airflow/example_dags/example_python_operator.py took 0.125 seconds
[2024-04-17T21:17:28.213+0000] {processor.py:161} INFO - Started process (PID=332) to work on /home/airflow/.local/lib/python3.12/site-packages/airflow/example_dags/example_python_operator.py
[2024-04-17T21:17:28.215+0000] {processor.py:830} INFO - Processing file /home/airflow/.local/lib/python3.12/site-packages/airflow/example_dags/example_python_operator.py for tasks to queue
[2024-04-17T21:17:28.218+0000] {logging_mixin.py:188} INFO - [2024-04-17T21:17:28.218+0000] {dagbag.py:540} INFO - Filling up the DagBag from /home/airflow/.local/lib/python3.12/site-packages/airflow/example_dags/example_python_operator.py
[2024-04-17T21:17:28.239+0000] {processor.py:840} INFO - DAG(s) 'example_python_operator' retrieved from /home/airflow/.local/lib/python3.12/site-packages/airflow/example_dags/example_python_operator.py
[2024-04-17T21:17:28.284+0000] {logging_mixin.py:188} INFO - [2024-04-17T21:17:28.283+0000] {dag.py:3096} INFO - Sync 1 DAGs
[2024-04-17T21:17:28.313+0000] {logging_mixin.py:188} INFO - [2024-04-17T21:17:28.312+0000] {dag.py:3954} INFO - Setting next_dagrun for example_python_operator to None, run_after=None
[2024-04-17T21:17:28.361+0000] {processor.py:183} INFO - Processing /home/airflow/.local/lib/python3.12/site-packages/airflow/example_dags/example_python_operator.py took 0.157 seconds
[2024-04-17T21:17:59.013+0000] {processor.py:161} INFO - Started process (PID=390) to work on /home/airflow/.local/lib/python3.12/site-packages/airflow/example_dags/example_python_operator.py
[2024-04-17T21:17:59.015+0000] {processor.py:830} INFO - Processing file /home/airflow/.local/lib/python3.12/site-packages/airflow/example_dags/example_python_operator.py for tasks to queue
[2024-04-17T21:17:59.018+0000] {logging_mixin.py:188} INFO - [2024-04-17T21:17:59.017+0000] {dagbag.py:540} INFO - Filling up the DagBag from /home/airflow/.local/lib/python3.12/site-packages/airflow/example_dags/example_python_operator.py
[2024-04-17T21:17:59.031+0000] {processor.py:840} INFO - DAG(s) 'example_python_operator' retrieved from /home/airflow/.local/lib/python3.12/site-packages/airflow/example_dags/example_python_operator.py
[2024-04-17T21:17:59.069+0000] {logging_mixin.py:188} INFO - [2024-04-17T21:17:59.069+0000] {dag.py:3096} INFO - Sync 1 DAGs
[2024-04-17T21:17:59.094+0000] {logging_mixin.py:188} INFO - [2024-04-17T21:17:59.093+0000] {dag.py:3954} INFO - Setting next_dagrun for example_python_operator to None, run_after=None
[2024-04-17T21:17:59.133+0000] {processor.py:183} INFO - Processing /home/airflow/.local/lib/python3.12/site-packages/airflow/example_dags/example_python_operator.py took 0.128 seconds
[2024-04-17T21:18:30.009+0000] {processor.py:161} INFO - Started process (PID=448) to work on /home/airflow/.local/lib/python3.12/site-packages/airflow/example_dags/example_python_operator.py
[2024-04-17T21:18:30.011+0000] {processor.py:830} INFO - Processing file /home/airflow/.local/lib/python3.12/site-packages/airflow/example_dags/example_python_operator.py for tasks to queue
[2024-04-17T21:18:30.014+0000] {logging_mixin.py:188} INFO - [2024-04-17T21:18:30.013+0000] {dagbag.py:540} INFO - Filling up the DagBag from /home/airflow/.local/lib/python3.12/site-packages/airflow/example_dags/example_python_operator.py
[2024-04-17T21:18:30.031+0000] {processor.py:840} INFO - DAG(s) 'example_python_operator' retrieved from /home/airflow/.local/lib/python3.12/site-packages/airflow/example_dags/example_python_operator.py
[2024-04-17T21:18:30.082+0000] {logging_mixin.py:188} INFO - [2024-04-17T21:18:30.082+0000] {dag.py:3096} INFO - Sync 1 DAGs
[2024-04-17T21:18:30.110+0000] {logging_mixin.py:188} INFO - [2024-04-17T21:18:30.109+0000] {dag.py:3954} INFO - Setting next_dagrun for example_python_operator to None, run_after=None
[2024-04-17T21:18:30.155+0000] {processor.py:183} INFO - Processing /home/airflow/.local/lib/python3.12/site-packages/airflow/example_dags/example_python_operator.py took 0.157 seconds
[2024-04-17T21:19:01.004+0000] {processor.py:161} INFO - Started process (PID=506) to work on /home/airflow/.local/lib/python3.12/site-packages/airflow/example_dags/example_python_operator.py
[2024-04-17T21:19:01.007+0000] {processor.py:830} INFO - Processing file /home/airflow/.local/lib/python3.12/site-packages/airflow/example_dags/example_python_operator.py for tasks to queue
[2024-04-17T21:19:01.013+0000] {logging_mixin.py:188} INFO - [2024-04-17T21:19:01.012+0000] {dagbag.py:540} INFO - Filling up the DagBag from /home/airflow/.local/lib/python3.12/site-packages/airflow/example_dags/example_python_operator.py
[2024-04-17T21:19:01.038+0000] {processor.py:840} INFO - DAG(s) 'example_python_operator' retrieved from /home/airflow/.local/lib/python3.12/site-packages/airflow/example_dags/example_python_operator.py
[2024-04-17T21:19:01.109+0000] {logging_mixin.py:188} INFO - [2024-04-17T21:19:01.108+0000] {dag.py:3096} INFO - Sync 1 DAGs
[2024-04-17T21:19:01.146+0000] {logging_mixin.py:188} INFO - [2024-04-17T21:19:01.145+0000] {dag.py:3954} INFO - Setting next_dagrun for example_python_operator to None, run_after=None
[2024-04-17T21:19:01.219+0000] {processor.py:183} INFO - Processing /home/airflow/.local/lib/python3.12/site-packages/airflow/example_dags/example_python_operator.py took 0.229 seconds
[2024-04-17T21:19:31.365+0000] {processor.py:161} INFO - Started process (PID=563) to work on /home/airflow/.local/lib/python3.12/site-packages/airflow/example_dags/example_python_operator.py
[2024-04-17T21:19:31.368+0000] {processor.py:830} INFO - Processing file /home/airflow/.local/lib/python3.12/site-packages/airflow/example_dags/example_python_operator.py for tasks to queue
[2024-04-17T21:19:31.374+0000] {logging_mixin.py:188} INFO - [2024-04-17T21:19:31.373+0000] {dagbag.py:540} INFO - Filling up the DagBag from /home/airflow/.local/lib/python3.12/site-packages/airflow/example_dags/example_python_operator.py
[2024-04-17T21:19:31.415+0000] {processor.py:840} INFO - DAG(s) 'example_python_operator' retrieved from /home/airflow/.local/lib/python3.12/site-packages/airflow/example_dags/example_python_operator.py
[2024-04-17T21:19:31.499+0000] {logging_mixin.py:188} INFO - [2024-04-17T21:19:31.498+0000] {dag.py:3096} INFO - Sync 1 DAGs
[2024-04-17T21:19:31.600+0000] {logging_mixin.py:188} INFO - [2024-04-17T21:19:31.599+0000] {dag.py:3954} INFO - Setting next_dagrun for example_python_operator to None, run_after=None
[2024-04-17T21:19:31.777+0000] {processor.py:183} INFO - Processing /home/airflow/.local/lib/python3.12/site-packages/airflow/example_dags/example_python_operator.py took 0.430 seconds
[2024-04-17T23:57:38.013+0000] {processor.py:161} INFO - Started process (PID=40) to work on /home/airflow/.local/lib/python3.12/site-packages/airflow/example_dags/example_python_operator.py
[2024-04-17T23:57:38.014+0000] {processor.py:830} INFO - Processing file /home/airflow/.local/lib/python3.12/site-packages/airflow/example_dags/example_python_operator.py for tasks to queue
[2024-04-17T23:57:38.016+0000] {logging_mixin.py:188} INFO - [2024-04-17T23:57:38.016+0000] {dagbag.py:540} INFO - Filling up the DagBag from /home/airflow/.local/lib/python3.12/site-packages/airflow/example_dags/example_python_operator.py
[2024-04-17T23:57:38.033+0000] {processor.py:840} INFO - DAG(s) 'example_python_operator' retrieved from /home/airflow/.local/lib/python3.12/site-packages/airflow/example_dags/example_python_operator.py
[2024-04-17T23:57:38.327+0000] {logging_mixin.py:188} INFO - [2024-04-17T23:57:38.326+0000] {dag.py:3096} INFO - Sync 1 DAGs
[2024-04-17T23:57:38.346+0000] {logging_mixin.py:188} INFO - [2024-04-17T23:57:38.345+0000] {dag.py:3954} INFO - Setting next_dagrun for example_python_operator to None, run_after=None
[2024-04-17T23:57:38.384+0000] {processor.py:183} INFO - Processing /home/airflow/.local/lib/python3.12/site-packages/airflow/example_dags/example_python_operator.py took 0.380 seconds
[2024-04-17T23:58:08.440+0000] {processor.py:161} INFO - Started process (PID=98) to work on /home/airflow/.local/lib/python3.12/site-packages/airflow/example_dags/example_python_operator.py
[2024-04-17T23:58:08.441+0000] {processor.py:830} INFO - Processing file /home/airflow/.local/lib/python3.12/site-packages/airflow/example_dags/example_python_operator.py for tasks to queue
[2024-04-17T23:58:08.444+0000] {logging_mixin.py:188} INFO - [2024-04-17T23:58:08.443+0000] {dagbag.py:540} INFO - Filling up the DagBag from /home/airflow/.local/lib/python3.12/site-packages/airflow/example_dags/example_python_operator.py
[2024-04-17T23:58:08.456+0000] {processor.py:840} INFO - DAG(s) 'example_python_operator' retrieved from /home/airflow/.local/lib/python3.12/site-packages/airflow/example_dags/example_python_operator.py
[2024-04-17T23:58:08.485+0000] {logging_mixin.py:188} INFO - [2024-04-17T23:58:08.485+0000] {dag.py:3096} INFO - Sync 1 DAGs
[2024-04-17T23:58:08.504+0000] {logging_mixin.py:188} INFO - [2024-04-17T23:58:08.504+0000] {dag.py:3954} INFO - Setting next_dagrun for example_python_operator to None, run_after=None
[2024-04-17T23:58:08.538+0000] {processor.py:183} INFO - Processing /home/airflow/.local/lib/python3.12/site-packages/airflow/example_dags/example_python_operator.py took 0.106 seconds
[2024-04-17T23:58:38.771+0000] {processor.py:161} INFO - Started process (PID=156) to work on /home/airflow/.local/lib/python3.12/site-packages/airflow/example_dags/example_python_operator.py
[2024-04-17T23:58:38.773+0000] {processor.py:830} INFO - Processing file /home/airflow/.local/lib/python3.12/site-packages/airflow/example_dags/example_python_operator.py for tasks to queue
[2024-04-17T23:58:38.776+0000] {logging_mixin.py:188} INFO - [2024-04-17T23:58:38.776+0000] {dagbag.py:540} INFO - Filling up the DagBag from /home/airflow/.local/lib/python3.12/site-packages/airflow/example_dags/example_python_operator.py
[2024-04-17T23:58:38.795+0000] {processor.py:840} INFO - DAG(s) 'example_python_operator' retrieved from /home/airflow/.local/lib/python3.12/site-packages/airflow/example_dags/example_python_operator.py
[2024-04-17T23:58:38.836+0000] {logging_mixin.py:188} INFO - [2024-04-17T23:58:38.835+0000] {dag.py:3096} INFO - Sync 1 DAGs
[2024-04-17T23:58:38.863+0000] {logging_mixin.py:188} INFO - [2024-04-17T23:58:38.863+0000] {dag.py:3954} INFO - Setting next_dagrun for example_python_operator to None, run_after=None
[2024-04-17T23:58:38.917+0000] {processor.py:183} INFO - Processing /home/airflow/.local/lib/python3.12/site-packages/airflow/example_dags/example_python_operator.py took 0.152 seconds
[2024-04-17T23:59:09.408+0000] {processor.py:161} INFO - Started process (PID=214) to work on /home/airflow/.local/lib/python3.12/site-packages/airflow/example_dags/example_python_operator.py
[2024-04-17T23:59:09.409+0000] {processor.py:830} INFO - Processing file /home/airflow/.local/lib/python3.12/site-packages/airflow/example_dags/example_python_operator.py for tasks to queue
[2024-04-17T23:59:09.412+0000] {logging_mixin.py:188} INFO - [2024-04-17T23:59:09.412+0000] {dagbag.py:540} INFO - Filling up the DagBag from /home/airflow/.local/lib/python3.12/site-packages/airflow/example_dags/example_python_operator.py
[2024-04-17T23:59:09.424+0000] {processor.py:840} INFO - DAG(s) 'example_python_operator' retrieved from /home/airflow/.local/lib/python3.12/site-packages/airflow/example_dags/example_python_operator.py
[2024-04-17T23:59:09.456+0000] {logging_mixin.py:188} INFO - [2024-04-17T23:59:09.456+0000] {dag.py:3096} INFO - Sync 1 DAGs
[2024-04-17T23:59:09.475+0000] {logging_mixin.py:188} INFO - [2024-04-17T23:59:09.474+0000] {dag.py:3954} INFO - Setting next_dagrun for example_python_operator to None, run_after=None
[2024-04-17T23:59:09.508+0000] {processor.py:183} INFO - Processing /home/airflow/.local/lib/python3.12/site-packages/airflow/example_dags/example_python_operator.py took 0.109 seconds
[2024-04-17T23:59:40.484+0000] {processor.py:161} INFO - Started process (PID=273) to work on /home/airflow/.local/lib/python3.12/site-packages/airflow/example_dags/example_python_operator.py
[2024-04-17T23:59:40.485+0000] {processor.py:830} INFO - Processing file /home/airflow/.local/lib/python3.12/site-packages/airflow/example_dags/example_python_operator.py for tasks to queue
[2024-04-17T23:59:40.487+0000] {logging_mixin.py:188} INFO - [2024-04-17T23:59:40.487+0000] {dagbag.py:540} INFO - Filling up the DagBag from /home/airflow/.local/lib/python3.12/site-packages/airflow/example_dags/example_python_operator.py
[2024-04-17T23:59:40.497+0000] {processor.py:840} INFO - DAG(s) 'example_python_operator' retrieved from /home/airflow/.local/lib/python3.12/site-packages/airflow/example_dags/example_python_operator.py
[2024-04-17T23:59:40.525+0000] {logging_mixin.py:188} INFO - [2024-04-17T23:59:40.525+0000] {dag.py:3096} INFO - Sync 1 DAGs
[2024-04-17T23:59:40.544+0000] {logging_mixin.py:188} INFO - [2024-04-17T23:59:40.544+0000] {dag.py:3954} INFO - Setting next_dagrun for example_python_operator to None, run_after=None
[2024-04-17T23:59:40.579+0000] {processor.py:183} INFO - Processing /home/airflow/.local/lib/python3.12/site-packages/airflow/example_dags/example_python_operator.py took 0.102 seconds
