[2024-04-17T21:05:00.159+0000] {processor.py:161} INFO - Started process (PID=96) to work on /home/airflow/.local/lib/python3.12/site-packages/airflow/example_dags/example_branch_datetime_operator.py
[2024-04-17T21:05:00.169+0000] {processor.py:830} INFO - Processing file /home/airflow/.local/lib/python3.12/site-packages/airflow/example_dags/example_branch_datetime_operator.py for tasks to queue
[2024-04-17T21:05:00.175+0000] {logging_mixin.py:188} INFO - [2024-04-17T21:05:00.174+0000] {dagbag.py:540} INFO - Filling up the DagBag from /home/airflow/.local/lib/python3.12/site-packages/airflow/example_dags/example_branch_datetime_operator.py
[2024-04-17T21:05:00.231+0000] {processor.py:840} INFO - DAG(s) 'example_branch_datetime_operator', 'example_branch_datetime_operator_3', 'example_branch_datetime_operator_2' retrieved from /home/airflow/.local/lib/python3.12/site-packages/airflow/example_dags/example_branch_datetime_operator.py
[2024-04-17T21:05:00.916+0000] {logging_mixin.py:188} INFO - [2024-04-17T21:05:00.915+0000] {dag.py:3096} INFO - Sync 3 DAGs
[2024-04-17T21:05:01.016+0000] {logging_mixin.py:188} INFO - [2024-04-17T21:05:01.013+0000] {dag.py:3954} INFO - Setting next_dagrun for example_branch_datetime_operator to 2024-04-16 00:00:00+00:00, run_after=2024-04-17 00:00:00+00:00
[2024-04-17T21:05:01.038+0000] {logging_mixin.py:188} INFO - [2024-04-17T21:05:01.032+0000] {dag.py:3954} INFO - Setting next_dagrun for example_branch_datetime_operator_2 to 2024-04-16 00:00:00+00:00, run_after=2024-04-17 00:00:00+00:00
[2024-04-17T21:05:01.046+0000] {logging_mixin.py:188} INFO - [2024-04-17T21:05:01.046+0000] {dag.py:3954} INFO - Setting next_dagrun for example_branch_datetime_operator_3 to 2024-04-16 00:00:00+00:00, run_after=2024-04-17 00:00:00+00:00
[2024-04-17T21:05:01.140+0000] {processor.py:183} INFO - Processing /home/airflow/.local/lib/python3.12/site-packages/airflow/example_dags/example_branch_datetime_operator.py took 1.002 seconds
[2024-04-17T21:05:31.391+0000] {processor.py:161} INFO - Started process (PID=154) to work on /home/airflow/.local/lib/python3.12/site-packages/airflow/example_dags/example_branch_datetime_operator.py
[2024-04-17T21:05:31.400+0000] {processor.py:830} INFO - Processing file /home/airflow/.local/lib/python3.12/site-packages/airflow/example_dags/example_branch_datetime_operator.py for tasks to queue
[2024-04-17T21:05:31.405+0000] {logging_mixin.py:188} INFO - [2024-04-17T21:05:31.404+0000] {dagbag.py:540} INFO - Filling up the DagBag from /home/airflow/.local/lib/python3.12/site-packages/airflow/example_dags/example_branch_datetime_operator.py
[2024-04-17T21:05:31.433+0000] {processor.py:840} INFO - DAG(s) 'example_branch_datetime_operator_3', 'example_branch_datetime_operator', 'example_branch_datetime_operator_2' retrieved from /home/airflow/.local/lib/python3.12/site-packages/airflow/example_dags/example_branch_datetime_operator.py
[2024-04-17T21:05:31.516+0000] {logging_mixin.py:188} INFO - [2024-04-17T21:05:31.515+0000] {dag.py:3096} INFO - Sync 3 DAGs
[2024-04-17T21:05:31.621+0000] {logging_mixin.py:188} INFO - [2024-04-17T21:05:31.621+0000] {dag.py:3954} INFO - Setting next_dagrun for example_branch_datetime_operator to 2024-04-16 00:00:00+00:00, run_after=2024-04-17 00:00:00+00:00
[2024-04-17T21:05:31.646+0000] {logging_mixin.py:188} INFO - [2024-04-17T21:05:31.645+0000] {dag.py:3954} INFO - Setting next_dagrun for example_branch_datetime_operator_2 to 2024-04-16 00:00:00+00:00, run_after=2024-04-17 00:00:00+00:00
[2024-04-17T21:05:31.663+0000] {logging_mixin.py:188} INFO - [2024-04-17T21:05:31.659+0000] {dag.py:3954} INFO - Setting next_dagrun for example_branch_datetime_operator_3 to 2024-04-16 00:00:00+00:00, run_after=2024-04-17 00:00:00+00:00
[2024-04-17T21:05:31.986+0000] {processor.py:183} INFO - Processing /home/airflow/.local/lib/python3.12/site-packages/airflow/example_dags/example_branch_datetime_operator.py took 0.609 seconds
[2024-04-17T21:06:05.491+0000] {processor.py:161} INFO - Started process (PID=212) to work on /home/airflow/.local/lib/python3.12/site-packages/airflow/example_dags/example_branch_datetime_operator.py
[2024-04-17T21:06:05.554+0000] {processor.py:830} INFO - Processing file /home/airflow/.local/lib/python3.12/site-packages/airflow/example_dags/example_branch_datetime_operator.py for tasks to queue
[2024-04-17T21:06:05.560+0000] {logging_mixin.py:188} INFO - [2024-04-17T21:06:05.559+0000] {dagbag.py:540} INFO - Filling up the DagBag from /home/airflow/.local/lib/python3.12/site-packages/airflow/example_dags/example_branch_datetime_operator.py
[2024-04-17T21:06:05.613+0000] {processor.py:840} INFO - DAG(s) 'example_branch_datetime_operator_2', 'example_branch_datetime_operator_3', 'example_branch_datetime_operator' retrieved from /home/airflow/.local/lib/python3.12/site-packages/airflow/example_dags/example_branch_datetime_operator.py
[2024-04-17T21:06:05.724+0000] {logging_mixin.py:188} INFO - [2024-04-17T21:06:05.723+0000] {dag.py:3096} INFO - Sync 3 DAGs
[2024-04-17T21:06:05.853+0000] {logging_mixin.py:188} INFO - [2024-04-17T21:06:05.851+0000] {dag.py:3954} INFO - Setting next_dagrun for example_branch_datetime_operator to 2024-04-16 00:00:00+00:00, run_after=2024-04-17 00:00:00+00:00
[2024-04-17T21:06:05.886+0000] {logging_mixin.py:188} INFO - [2024-04-17T21:06:05.885+0000] {dag.py:3954} INFO - Setting next_dagrun for example_branch_datetime_operator_2 to 2024-04-16 00:00:00+00:00, run_after=2024-04-17 00:00:00+00:00
[2024-04-17T21:06:05.902+0000] {logging_mixin.py:188} INFO - [2024-04-17T21:06:05.902+0000] {dag.py:3954} INFO - Setting next_dagrun for example_branch_datetime_operator_3 to 2024-04-16 00:00:00+00:00, run_after=2024-04-17 00:00:00+00:00
[2024-04-17T21:06:06.321+0000] {processor.py:183} INFO - Processing /home/airflow/.local/lib/python3.12/site-packages/airflow/example_dags/example_branch_datetime_operator.py took 0.859 seconds
[2024-04-17T21:06:37.410+0000] {processor.py:161} INFO - Started process (PID=270) to work on /home/airflow/.local/lib/python3.12/site-packages/airflow/example_dags/example_branch_datetime_operator.py
[2024-04-17T21:06:37.414+0000] {processor.py:830} INFO - Processing file /home/airflow/.local/lib/python3.12/site-packages/airflow/example_dags/example_branch_datetime_operator.py for tasks to queue
[2024-04-17T21:06:37.448+0000] {logging_mixin.py:188} INFO - [2024-04-17T21:06:37.447+0000] {dagbag.py:540} INFO - Filling up the DagBag from /home/airflow/.local/lib/python3.12/site-packages/airflow/example_dags/example_branch_datetime_operator.py
[2024-04-17T21:06:37.519+0000] {processor.py:840} INFO - DAG(s) 'example_branch_datetime_operator_2', 'example_branch_datetime_operator_3', 'example_branch_datetime_operator' retrieved from /home/airflow/.local/lib/python3.12/site-packages/airflow/example_dags/example_branch_datetime_operator.py
[2024-04-17T21:06:37.747+0000] {logging_mixin.py:188} INFO - [2024-04-17T21:06:37.746+0000] {dag.py:3096} INFO - Sync 3 DAGs
[2024-04-17T21:06:37.957+0000] {logging_mixin.py:188} INFO - [2024-04-17T21:06:37.957+0000] {dag.py:3954} INFO - Setting next_dagrun for example_branch_datetime_operator to 2024-04-16 00:00:00+00:00, run_after=2024-04-17 00:00:00+00:00
[2024-04-17T21:06:38.021+0000] {logging_mixin.py:188} INFO - [2024-04-17T21:06:38.017+0000] {dag.py:3954} INFO - Setting next_dagrun for example_branch_datetime_operator_2 to 2024-04-16 00:00:00+00:00, run_after=2024-04-17 00:00:00+00:00
[2024-04-17T21:06:38.044+0000] {logging_mixin.py:188} INFO - [2024-04-17T21:06:38.044+0000] {dag.py:3954} INFO - Setting next_dagrun for example_branch_datetime_operator_3 to 2024-04-16 00:00:00+00:00, run_after=2024-04-17 00:00:00+00:00
[2024-04-17T21:06:38.212+0000] {processor.py:183} INFO - Processing /home/airflow/.local/lib/python3.12/site-packages/airflow/example_dags/example_branch_datetime_operator.py took 0.856 seconds
[2024-04-17T21:07:08.813+0000] {processor.py:161} INFO - Started process (PID=334) to work on /home/airflow/.local/lib/python3.12/site-packages/airflow/example_dags/example_branch_datetime_operator.py
[2024-04-17T21:07:08.817+0000] {processor.py:830} INFO - Processing file /home/airflow/.local/lib/python3.12/site-packages/airflow/example_dags/example_branch_datetime_operator.py for tasks to queue
[2024-04-17T21:07:08.825+0000] {logging_mixin.py:188} INFO - [2024-04-17T21:07:08.824+0000] {dagbag.py:540} INFO - Filling up the DagBag from /home/airflow/.local/lib/python3.12/site-packages/airflow/example_dags/example_branch_datetime_operator.py
[2024-04-17T21:07:08.872+0000] {processor.py:840} INFO - DAG(s) 'example_branch_datetime_operator', 'example_branch_datetime_operator_3', 'example_branch_datetime_operator_2' retrieved from /home/airflow/.local/lib/python3.12/site-packages/airflow/example_dags/example_branch_datetime_operator.py
[2024-04-17T21:07:09.043+0000] {logging_mixin.py:188} INFO - [2024-04-17T21:07:09.042+0000] {dag.py:3096} INFO - Sync 3 DAGs
[2024-04-17T21:07:09.252+0000] {logging_mixin.py:188} INFO - [2024-04-17T21:07:09.251+0000] {dag.py:3954} INFO - Setting next_dagrun for example_branch_datetime_operator to 2024-04-16 00:00:00+00:00, run_after=2024-04-17 00:00:00+00:00
[2024-04-17T21:07:09.282+0000] {logging_mixin.py:188} INFO - [2024-04-17T21:07:09.281+0000] {dag.py:3954} INFO - Setting next_dagrun for example_branch_datetime_operator_2 to 2024-04-16 00:00:00+00:00, run_after=2024-04-17 00:00:00+00:00
[2024-04-17T21:07:09.295+0000] {logging_mixin.py:188} INFO - [2024-04-17T21:07:09.294+0000] {dag.py:3954} INFO - Setting next_dagrun for example_branch_datetime_operator_3 to 2024-04-16 00:00:00+00:00, run_after=2024-04-17 00:00:00+00:00
[2024-04-17T21:07:10.215+0000] {processor.py:183} INFO - Processing /home/airflow/.local/lib/python3.12/site-packages/airflow/example_dags/example_branch_datetime_operator.py took 1.417 seconds
[2024-04-17T21:07:40.557+0000] {processor.py:161} INFO - Started process (PID=392) to work on /home/airflow/.local/lib/python3.12/site-packages/airflow/example_dags/example_branch_datetime_operator.py
[2024-04-17T21:07:40.560+0000] {processor.py:830} INFO - Processing file /home/airflow/.local/lib/python3.12/site-packages/airflow/example_dags/example_branch_datetime_operator.py for tasks to queue
[2024-04-17T21:07:40.564+0000] {logging_mixin.py:188} INFO - [2024-04-17T21:07:40.563+0000] {dagbag.py:540} INFO - Filling up the DagBag from /home/airflow/.local/lib/python3.12/site-packages/airflow/example_dags/example_branch_datetime_operator.py
[2024-04-17T21:07:40.593+0000] {processor.py:840} INFO - DAG(s) 'example_branch_datetime_operator_2', 'example_branch_datetime_operator_3', 'example_branch_datetime_operator' retrieved from /home/airflow/.local/lib/python3.12/site-packages/airflow/example_dags/example_branch_datetime_operator.py
[2024-04-17T21:07:40.668+0000] {logging_mixin.py:188} INFO - [2024-04-17T21:07:40.667+0000] {dag.py:3096} INFO - Sync 3 DAGs
[2024-04-17T21:07:40.729+0000] {logging_mixin.py:188} INFO - [2024-04-17T21:07:40.728+0000] {dag.py:3954} INFO - Setting next_dagrun for example_branch_datetime_operator to 2024-04-16 00:00:00+00:00, run_after=2024-04-17 00:00:00+00:00
[2024-04-17T21:07:40.751+0000] {logging_mixin.py:188} INFO - [2024-04-17T21:07:40.750+0000] {dag.py:3954} INFO - Setting next_dagrun for example_branch_datetime_operator_2 to 2024-04-16 00:00:00+00:00, run_after=2024-04-17 00:00:00+00:00
[2024-04-17T21:07:40.758+0000] {logging_mixin.py:188} INFO - [2024-04-17T21:07:40.757+0000] {dag.py:3954} INFO - Setting next_dagrun for example_branch_datetime_operator_3 to 2024-04-16 00:00:00+00:00, run_after=2024-04-17 00:00:00+00:00
[2024-04-17T21:07:40.813+0000] {processor.py:183} INFO - Processing /home/airflow/.local/lib/python3.12/site-packages/airflow/example_dags/example_branch_datetime_operator.py took 0.275 seconds
[2024-04-17T21:08:11.377+0000] {processor.py:161} INFO - Started process (PID=450) to work on /home/airflow/.local/lib/python3.12/site-packages/airflow/example_dags/example_branch_datetime_operator.py
[2024-04-17T21:08:11.493+0000] {processor.py:830} INFO - Processing file /home/airflow/.local/lib/python3.12/site-packages/airflow/example_dags/example_branch_datetime_operator.py for tasks to queue
[2024-04-17T21:08:11.497+0000] {logging_mixin.py:188} INFO - [2024-04-17T21:08:11.496+0000] {dagbag.py:540} INFO - Filling up the DagBag from /home/airflow/.local/lib/python3.12/site-packages/airflow/example_dags/example_branch_datetime_operator.py
[2024-04-17T21:08:11.554+0000] {processor.py:840} INFO - DAG(s) 'example_branch_datetime_operator_3', 'example_branch_datetime_operator', 'example_branch_datetime_operator_2' retrieved from /home/airflow/.local/lib/python3.12/site-packages/airflow/example_dags/example_branch_datetime_operator.py
[2024-04-17T21:08:11.689+0000] {logging_mixin.py:188} INFO - [2024-04-17T21:08:11.689+0000] {dag.py:3096} INFO - Sync 3 DAGs
[2024-04-17T21:08:11.845+0000] {logging_mixin.py:188} INFO - [2024-04-17T21:08:11.844+0000] {dag.py:3954} INFO - Setting next_dagrun for example_branch_datetime_operator to 2024-04-16 00:00:00+00:00, run_after=2024-04-17 00:00:00+00:00
[2024-04-17T21:08:11.871+0000] {logging_mixin.py:188} INFO - [2024-04-17T21:08:11.870+0000] {dag.py:3954} INFO - Setting next_dagrun for example_branch_datetime_operator_2 to 2024-04-16 00:00:00+00:00, run_after=2024-04-17 00:00:00+00:00
[2024-04-17T21:08:11.889+0000] {logging_mixin.py:188} INFO - [2024-04-17T21:08:11.888+0000] {dag.py:3954} INFO - Setting next_dagrun for example_branch_datetime_operator_3 to 2024-04-16 00:00:00+00:00, run_after=2024-04-17 00:00:00+00:00
[2024-04-17T21:08:11.964+0000] {processor.py:183} INFO - Processing /home/airflow/.local/lib/python3.12/site-packages/airflow/example_dags/example_branch_datetime_operator.py took 0.610 seconds
[2024-04-17T21:08:42.733+0000] {processor.py:161} INFO - Started process (PID=508) to work on /home/airflow/.local/lib/python3.12/site-packages/airflow/example_dags/example_branch_datetime_operator.py
[2024-04-17T21:08:42.735+0000] {processor.py:830} INFO - Processing file /home/airflow/.local/lib/python3.12/site-packages/airflow/example_dags/example_branch_datetime_operator.py for tasks to queue
[2024-04-17T21:08:42.740+0000] {logging_mixin.py:188} INFO - [2024-04-17T21:08:42.739+0000] {dagbag.py:540} INFO - Filling up the DagBag from /home/airflow/.local/lib/python3.12/site-packages/airflow/example_dags/example_branch_datetime_operator.py
[2024-04-17T21:08:42.773+0000] {processor.py:840} INFO - DAG(s) 'example_branch_datetime_operator_2', 'example_branch_datetime_operator_3', 'example_branch_datetime_operator' retrieved from /home/airflow/.local/lib/python3.12/site-packages/airflow/example_dags/example_branch_datetime_operator.py
[2024-04-17T21:08:42.853+0000] {logging_mixin.py:188} INFO - [2024-04-17T21:08:42.852+0000] {dag.py:3096} INFO - Sync 3 DAGs
[2024-04-17T21:08:42.996+0000] {logging_mixin.py:188} INFO - [2024-04-17T21:08:42.992+0000] {dag.py:3954} INFO - Setting next_dagrun for example_branch_datetime_operator to 2024-04-16 00:00:00+00:00, run_after=2024-04-17 00:00:00+00:00
[2024-04-17T21:08:43.022+0000] {logging_mixin.py:188} INFO - [2024-04-17T21:08:43.022+0000] {dag.py:3954} INFO - Setting next_dagrun for example_branch_datetime_operator_2 to 2024-04-16 00:00:00+00:00, run_after=2024-04-17 00:00:00+00:00
[2024-04-17T21:08:43.037+0000] {logging_mixin.py:188} INFO - [2024-04-17T21:08:43.036+0000] {dag.py:3954} INFO - Setting next_dagrun for example_branch_datetime_operator_3 to 2024-04-16 00:00:00+00:00, run_after=2024-04-17 00:00:00+00:00
[2024-04-17T21:08:43.101+0000] {processor.py:183} INFO - Processing /home/airflow/.local/lib/python3.12/site-packages/airflow/example_dags/example_branch_datetime_operator.py took 0.381 seconds
[2024-04-17T21:09:13.658+0000] {processor.py:161} INFO - Started process (PID=566) to work on /home/airflow/.local/lib/python3.12/site-packages/airflow/example_dags/example_branch_datetime_operator.py
[2024-04-17T21:09:13.666+0000] {processor.py:830} INFO - Processing file /home/airflow/.local/lib/python3.12/site-packages/airflow/example_dags/example_branch_datetime_operator.py for tasks to queue
[2024-04-17T21:09:13.676+0000] {logging_mixin.py:188} INFO - [2024-04-17T21:09:13.674+0000] {dagbag.py:540} INFO - Filling up the DagBag from /home/airflow/.local/lib/python3.12/site-packages/airflow/example_dags/example_branch_datetime_operator.py
[2024-04-17T21:09:13.756+0000] {processor.py:840} INFO - DAG(s) 'example_branch_datetime_operator', 'example_branch_datetime_operator_3', 'example_branch_datetime_operator_2' retrieved from /home/airflow/.local/lib/python3.12/site-packages/airflow/example_dags/example_branch_datetime_operator.py
[2024-04-17T21:09:13.922+0000] {logging_mixin.py:188} INFO - [2024-04-17T21:09:13.921+0000] {dag.py:3096} INFO - Sync 3 DAGs
[2024-04-17T21:09:14.056+0000] {logging_mixin.py:188} INFO - [2024-04-17T21:09:14.056+0000] {dag.py:3954} INFO - Setting next_dagrun for example_branch_datetime_operator to 2024-04-16 00:00:00+00:00, run_after=2024-04-17 00:00:00+00:00
[2024-04-17T21:09:14.106+0000] {logging_mixin.py:188} INFO - [2024-04-17T21:09:14.105+0000] {dag.py:3954} INFO - Setting next_dagrun for example_branch_datetime_operator_2 to 2024-04-16 00:00:00+00:00, run_after=2024-04-17 00:00:00+00:00
[2024-04-17T21:09:14.178+0000] {logging_mixin.py:188} INFO - [2024-04-17T21:09:14.167+0000] {dag.py:3954} INFO - Setting next_dagrun for example_branch_datetime_operator_3 to 2024-04-16 00:00:00+00:00, run_after=2024-04-17 00:00:00+00:00
[2024-04-17T21:09:14.320+0000] {processor.py:183} INFO - Processing /home/airflow/.local/lib/python3.12/site-packages/airflow/example_dags/example_branch_datetime_operator.py took 0.691 seconds
[2024-04-17T21:09:44.795+0000] {processor.py:161} INFO - Started process (PID=624) to work on /home/airflow/.local/lib/python3.12/site-packages/airflow/example_dags/example_branch_datetime_operator.py
[2024-04-17T21:09:44.797+0000] {processor.py:830} INFO - Processing file /home/airflow/.local/lib/python3.12/site-packages/airflow/example_dags/example_branch_datetime_operator.py for tasks to queue
[2024-04-17T21:09:44.801+0000] {logging_mixin.py:188} INFO - [2024-04-17T21:09:44.800+0000] {dagbag.py:540} INFO - Filling up the DagBag from /home/airflow/.local/lib/python3.12/site-packages/airflow/example_dags/example_branch_datetime_operator.py
[2024-04-17T21:09:44.823+0000] {processor.py:840} INFO - DAG(s) 'example_branch_datetime_operator', 'example_branch_datetime_operator_2', 'example_branch_datetime_operator_3' retrieved from /home/airflow/.local/lib/python3.12/site-packages/airflow/example_dags/example_branch_datetime_operator.py
[2024-04-17T21:09:44.888+0000] {logging_mixin.py:188} INFO - [2024-04-17T21:09:44.887+0000] {dag.py:3096} INFO - Sync 3 DAGs
[2024-04-17T21:09:44.943+0000] {logging_mixin.py:188} INFO - [2024-04-17T21:09:44.943+0000] {dag.py:3954} INFO - Setting next_dagrun for example_branch_datetime_operator to 2024-04-16 00:00:00+00:00, run_after=2024-04-17 00:00:00+00:00
[2024-04-17T21:09:44.956+0000] {logging_mixin.py:188} INFO - [2024-04-17T21:09:44.955+0000] {dag.py:3954} INFO - Setting next_dagrun for example_branch_datetime_operator_2 to 2024-04-16 00:00:00+00:00, run_after=2024-04-17 00:00:00+00:00
[2024-04-17T21:09:44.962+0000] {logging_mixin.py:188} INFO - [2024-04-17T21:09:44.962+0000] {dag.py:3954} INFO - Setting next_dagrun for example_branch_datetime_operator_3 to 2024-04-16 00:00:00+00:00, run_after=2024-04-17 00:00:00+00:00
[2024-04-17T21:09:45.005+0000] {processor.py:183} INFO - Processing /home/airflow/.local/lib/python3.12/site-packages/airflow/example_dags/example_branch_datetime_operator.py took 0.219 seconds
[2024-04-17T21:10:15.159+0000] {processor.py:161} INFO - Started process (PID=682) to work on /home/airflow/.local/lib/python3.12/site-packages/airflow/example_dags/example_branch_datetime_operator.py
[2024-04-17T21:10:15.161+0000] {processor.py:830} INFO - Processing file /home/airflow/.local/lib/python3.12/site-packages/airflow/example_dags/example_branch_datetime_operator.py for tasks to queue
[2024-04-17T21:10:15.165+0000] {logging_mixin.py:188} INFO - [2024-04-17T21:10:15.164+0000] {dagbag.py:540} INFO - Filling up the DagBag from /home/airflow/.local/lib/python3.12/site-packages/airflow/example_dags/example_branch_datetime_operator.py
[2024-04-17T21:10:15.184+0000] {processor.py:840} INFO - DAG(s) 'example_branch_datetime_operator_2', 'example_branch_datetime_operator_3', 'example_branch_datetime_operator' retrieved from /home/airflow/.local/lib/python3.12/site-packages/airflow/example_dags/example_branch_datetime_operator.py
[2024-04-17T21:10:15.232+0000] {logging_mixin.py:188} INFO - [2024-04-17T21:10:15.231+0000] {dag.py:3096} INFO - Sync 3 DAGs
[2024-04-17T21:10:15.279+0000] {logging_mixin.py:188} INFO - [2024-04-17T21:10:15.278+0000] {dag.py:3954} INFO - Setting next_dagrun for example_branch_datetime_operator to 2024-04-16 00:00:00+00:00, run_after=2024-04-17 00:00:00+00:00
[2024-04-17T21:10:15.287+0000] {logging_mixin.py:188} INFO - [2024-04-17T21:10:15.287+0000] {dag.py:3954} INFO - Setting next_dagrun for example_branch_datetime_operator_2 to 2024-04-16 00:00:00+00:00, run_after=2024-04-17 00:00:00+00:00
[2024-04-17T21:10:15.293+0000] {logging_mixin.py:188} INFO - [2024-04-17T21:10:15.292+0000] {dag.py:3954} INFO - Setting next_dagrun for example_branch_datetime_operator_3 to 2024-04-16 00:00:00+00:00, run_after=2024-04-17 00:00:00+00:00
[2024-04-17T21:10:15.331+0000] {processor.py:183} INFO - Processing /home/airflow/.local/lib/python3.12/site-packages/airflow/example_dags/example_branch_datetime_operator.py took 0.182 seconds
[2024-04-17T21:10:45.444+0000] {processor.py:161} INFO - Started process (PID=741) to work on /home/airflow/.local/lib/python3.12/site-packages/airflow/example_dags/example_branch_datetime_operator.py
[2024-04-17T21:10:45.447+0000] {processor.py:830} INFO - Processing file /home/airflow/.local/lib/python3.12/site-packages/airflow/example_dags/example_branch_datetime_operator.py for tasks to queue
[2024-04-17T21:10:45.450+0000] {logging_mixin.py:188} INFO - [2024-04-17T21:10:45.449+0000] {dagbag.py:540} INFO - Filling up the DagBag from /home/airflow/.local/lib/python3.12/site-packages/airflow/example_dags/example_branch_datetime_operator.py
[2024-04-17T21:10:45.477+0000] {processor.py:840} INFO - DAG(s) 'example_branch_datetime_operator', 'example_branch_datetime_operator_3', 'example_branch_datetime_operator_2' retrieved from /home/airflow/.local/lib/python3.12/site-packages/airflow/example_dags/example_branch_datetime_operator.py
[2024-04-17T21:10:45.549+0000] {logging_mixin.py:188} INFO - [2024-04-17T21:10:45.548+0000] {dag.py:3096} INFO - Sync 3 DAGs
[2024-04-17T21:10:45.614+0000] {logging_mixin.py:188} INFO - [2024-04-17T21:10:45.613+0000] {dag.py:3954} INFO - Setting next_dagrun for example_branch_datetime_operator to 2024-04-16 00:00:00+00:00, run_after=2024-04-17 00:00:00+00:00
[2024-04-17T21:10:45.635+0000] {logging_mixin.py:188} INFO - [2024-04-17T21:10:45.635+0000] {dag.py:3954} INFO - Setting next_dagrun for example_branch_datetime_operator_2 to 2024-04-16 00:00:00+00:00, run_after=2024-04-17 00:00:00+00:00
[2024-04-17T21:10:45.644+0000] {logging_mixin.py:188} INFO - [2024-04-17T21:10:45.643+0000] {dag.py:3954} INFO - Setting next_dagrun for example_branch_datetime_operator_3 to 2024-04-16 00:00:00+00:00, run_after=2024-04-17 00:00:00+00:00
[2024-04-17T21:10:45.694+0000] {processor.py:183} INFO - Processing /home/airflow/.local/lib/python3.12/site-packages/airflow/example_dags/example_branch_datetime_operator.py took 0.260 seconds
[2024-04-17T21:11:16.520+0000] {processor.py:161} INFO - Started process (PID=799) to work on /home/airflow/.local/lib/python3.12/site-packages/airflow/example_dags/example_branch_datetime_operator.py
[2024-04-17T21:11:16.522+0000] {processor.py:830} INFO - Processing file /home/airflow/.local/lib/python3.12/site-packages/airflow/example_dags/example_branch_datetime_operator.py for tasks to queue
[2024-04-17T21:11:16.526+0000] {logging_mixin.py:188} INFO - [2024-04-17T21:11:16.525+0000] {dagbag.py:540} INFO - Filling up the DagBag from /home/airflow/.local/lib/python3.12/site-packages/airflow/example_dags/example_branch_datetime_operator.py
[2024-04-17T21:11:16.552+0000] {processor.py:840} INFO - DAG(s) 'example_branch_datetime_operator_3', 'example_branch_datetime_operator_2', 'example_branch_datetime_operator' retrieved from /home/airflow/.local/lib/python3.12/site-packages/airflow/example_dags/example_branch_datetime_operator.py
[2024-04-17T21:11:16.622+0000] {logging_mixin.py:188} INFO - [2024-04-17T21:11:16.621+0000] {dag.py:3096} INFO - Sync 3 DAGs
[2024-04-17T21:11:16.674+0000] {logging_mixin.py:188} INFO - [2024-04-17T21:11:16.674+0000] {dag.py:3954} INFO - Setting next_dagrun for example_branch_datetime_operator to 2024-04-16 00:00:00+00:00, run_after=2024-04-17 00:00:00+00:00
[2024-04-17T21:11:16.688+0000] {logging_mixin.py:188} INFO - [2024-04-17T21:11:16.688+0000] {dag.py:3954} INFO - Setting next_dagrun for example_branch_datetime_operator_2 to 2024-04-16 00:00:00+00:00, run_after=2024-04-17 00:00:00+00:00
[2024-04-17T21:11:16.694+0000] {logging_mixin.py:188} INFO - [2024-04-17T21:11:16.694+0000] {dag.py:3954} INFO - Setting next_dagrun for example_branch_datetime_operator_3 to 2024-04-16 00:00:00+00:00, run_after=2024-04-17 00:00:00+00:00
[2024-04-17T21:11:16.747+0000] {processor.py:183} INFO - Processing /home/airflow/.local/lib/python3.12/site-packages/airflow/example_dags/example_branch_datetime_operator.py took 0.238 seconds
[2024-04-17T21:11:47.355+0000] {processor.py:161} INFO - Started process (PID=857) to work on /home/airflow/.local/lib/python3.12/site-packages/airflow/example_dags/example_branch_datetime_operator.py
[2024-04-17T21:11:47.356+0000] {processor.py:830} INFO - Processing file /home/airflow/.local/lib/python3.12/site-packages/airflow/example_dags/example_branch_datetime_operator.py for tasks to queue
[2024-04-17T21:11:47.359+0000] {logging_mixin.py:188} INFO - [2024-04-17T21:11:47.359+0000] {dagbag.py:540} INFO - Filling up the DagBag from /home/airflow/.local/lib/python3.12/site-packages/airflow/example_dags/example_branch_datetime_operator.py
[2024-04-17T21:11:47.374+0000] {processor.py:840} INFO - DAG(s) 'example_branch_datetime_operator_2', 'example_branch_datetime_operator', 'example_branch_datetime_operator_3' retrieved from /home/airflow/.local/lib/python3.12/site-packages/airflow/example_dags/example_branch_datetime_operator.py
[2024-04-17T21:11:47.416+0000] {logging_mixin.py:188} INFO - [2024-04-17T21:11:47.415+0000] {dag.py:3096} INFO - Sync 3 DAGs
[2024-04-17T21:11:47.453+0000] {logging_mixin.py:188} INFO - [2024-04-17T21:11:47.453+0000] {dag.py:3954} INFO - Setting next_dagrun for example_branch_datetime_operator to 2024-04-16 00:00:00+00:00, run_after=2024-04-17 00:00:00+00:00
[2024-04-17T21:11:47.464+0000] {logging_mixin.py:188} INFO - [2024-04-17T21:11:47.464+0000] {dag.py:3954} INFO - Setting next_dagrun for example_branch_datetime_operator_2 to 2024-04-16 00:00:00+00:00, run_after=2024-04-17 00:00:00+00:00
[2024-04-17T21:11:47.470+0000] {logging_mixin.py:188} INFO - [2024-04-17T21:11:47.470+0000] {dag.py:3954} INFO - Setting next_dagrun for example_branch_datetime_operator_3 to 2024-04-16 00:00:00+00:00, run_after=2024-04-17 00:00:00+00:00
[2024-04-17T21:11:47.507+0000] {processor.py:183} INFO - Processing /home/airflow/.local/lib/python3.12/site-packages/airflow/example_dags/example_branch_datetime_operator.py took 0.160 seconds
[2024-04-17T21:12:17.841+0000] {processor.py:161} INFO - Started process (PID=915) to work on /home/airflow/.local/lib/python3.12/site-packages/airflow/example_dags/example_branch_datetime_operator.py
[2024-04-17T21:12:17.843+0000] {processor.py:830} INFO - Processing file /home/airflow/.local/lib/python3.12/site-packages/airflow/example_dags/example_branch_datetime_operator.py for tasks to queue
[2024-04-17T21:12:17.846+0000] {logging_mixin.py:188} INFO - [2024-04-17T21:12:17.845+0000] {dagbag.py:540} INFO - Filling up the DagBag from /home/airflow/.local/lib/python3.12/site-packages/airflow/example_dags/example_branch_datetime_operator.py
[2024-04-17T21:12:17.861+0000] {processor.py:840} INFO - DAG(s) 'example_branch_datetime_operator_2', 'example_branch_datetime_operator', 'example_branch_datetime_operator_3' retrieved from /home/airflow/.local/lib/python3.12/site-packages/airflow/example_dags/example_branch_datetime_operator.py
[2024-04-17T21:12:17.913+0000] {logging_mixin.py:188} INFO - [2024-04-17T21:12:17.912+0000] {dag.py:3096} INFO - Sync 3 DAGs
[2024-04-17T21:12:17.962+0000] {logging_mixin.py:188} INFO - [2024-04-17T21:12:17.961+0000] {dag.py:3954} INFO - Setting next_dagrun for example_branch_datetime_operator to 2024-04-16 00:00:00+00:00, run_after=2024-04-17 00:00:00+00:00
[2024-04-17T21:12:17.972+0000] {logging_mixin.py:188} INFO - [2024-04-17T21:12:17.971+0000] {dag.py:3954} INFO - Setting next_dagrun for example_branch_datetime_operator_2 to 2024-04-16 00:00:00+00:00, run_after=2024-04-17 00:00:00+00:00
[2024-04-17T21:12:17.978+0000] {logging_mixin.py:188} INFO - [2024-04-17T21:12:17.977+0000] {dag.py:3954} INFO - Setting next_dagrun for example_branch_datetime_operator_3 to 2024-04-16 00:00:00+00:00, run_after=2024-04-17 00:00:00+00:00
[2024-04-17T21:12:18.020+0000] {processor.py:183} INFO - Processing /home/airflow/.local/lib/python3.12/site-packages/airflow/example_dags/example_branch_datetime_operator.py took 0.189 seconds
[2024-04-17T21:12:48.682+0000] {processor.py:161} INFO - Started process (PID=973) to work on /home/airflow/.local/lib/python3.12/site-packages/airflow/example_dags/example_branch_datetime_operator.py
[2024-04-17T21:12:48.683+0000] {processor.py:830} INFO - Processing file /home/airflow/.local/lib/python3.12/site-packages/airflow/example_dags/example_branch_datetime_operator.py for tasks to queue
[2024-04-17T21:12:48.687+0000] {logging_mixin.py:188} INFO - [2024-04-17T21:12:48.687+0000] {dagbag.py:540} INFO - Filling up the DagBag from /home/airflow/.local/lib/python3.12/site-packages/airflow/example_dags/example_branch_datetime_operator.py
[2024-04-17T21:12:48.711+0000] {processor.py:840} INFO - DAG(s) 'example_branch_datetime_operator_3', 'example_branch_datetime_operator', 'example_branch_datetime_operator_2' retrieved from /home/airflow/.local/lib/python3.12/site-packages/airflow/example_dags/example_branch_datetime_operator.py
[2024-04-17T21:12:48.773+0000] {logging_mixin.py:188} INFO - [2024-04-17T21:12:48.773+0000] {dag.py:3096} INFO - Sync 3 DAGs
[2024-04-17T21:12:48.835+0000] {logging_mixin.py:188} INFO - [2024-04-17T21:12:48.834+0000] {dag.py:3954} INFO - Setting next_dagrun for example_branch_datetime_operator to 2024-04-16 00:00:00+00:00, run_after=2024-04-17 00:00:00+00:00
[2024-04-17T21:12:48.852+0000] {logging_mixin.py:188} INFO - [2024-04-17T21:12:48.852+0000] {dag.py:3954} INFO - Setting next_dagrun for example_branch_datetime_operator_2 to 2024-04-16 00:00:00+00:00, run_after=2024-04-17 00:00:00+00:00
[2024-04-17T21:12:48.863+0000] {logging_mixin.py:188} INFO - [2024-04-17T21:12:48.862+0000] {dag.py:3954} INFO - Setting next_dagrun for example_branch_datetime_operator_3 to 2024-04-16 00:00:00+00:00, run_after=2024-04-17 00:00:00+00:00
[2024-04-17T21:12:48.924+0000] {processor.py:183} INFO - Processing /home/airflow/.local/lib/python3.12/site-packages/airflow/example_dags/example_branch_datetime_operator.py took 0.255 seconds
[2024-04-17T21:13:19.656+0000] {processor.py:161} INFO - Started process (PID=1031) to work on /home/airflow/.local/lib/python3.12/site-packages/airflow/example_dags/example_branch_datetime_operator.py
[2024-04-17T21:13:19.659+0000] {processor.py:830} INFO - Processing file /home/airflow/.local/lib/python3.12/site-packages/airflow/example_dags/example_branch_datetime_operator.py for tasks to queue
[2024-04-17T21:13:19.662+0000] {logging_mixin.py:188} INFO - [2024-04-17T21:13:19.662+0000] {dagbag.py:540} INFO - Filling up the DagBag from /home/airflow/.local/lib/python3.12/site-packages/airflow/example_dags/example_branch_datetime_operator.py
[2024-04-17T21:13:19.698+0000] {processor.py:840} INFO - DAG(s) 'example_branch_datetime_operator_2', 'example_branch_datetime_operator_3', 'example_branch_datetime_operator' retrieved from /home/airflow/.local/lib/python3.12/site-packages/airflow/example_dags/example_branch_datetime_operator.py
[2024-04-17T21:13:19.782+0000] {logging_mixin.py:188} INFO - [2024-04-17T21:13:19.782+0000] {dag.py:3096} INFO - Sync 3 DAGs
[2024-04-17T21:13:19.853+0000] {logging_mixin.py:188} INFO - [2024-04-17T21:13:19.852+0000] {dag.py:3954} INFO - Setting next_dagrun for example_branch_datetime_operator to 2024-04-16 00:00:00+00:00, run_after=2024-04-17 00:00:00+00:00
[2024-04-17T21:13:19.870+0000] {logging_mixin.py:188} INFO - [2024-04-17T21:13:19.869+0000] {dag.py:3954} INFO - Setting next_dagrun for example_branch_datetime_operator_2 to 2024-04-16 00:00:00+00:00, run_after=2024-04-17 00:00:00+00:00
[2024-04-17T21:13:19.887+0000] {logging_mixin.py:188} INFO - [2024-04-17T21:13:19.886+0000] {dag.py:3954} INFO - Setting next_dagrun for example_branch_datetime_operator_3 to 2024-04-16 00:00:00+00:00, run_after=2024-04-17 00:00:00+00:00
[2024-04-17T21:13:19.939+0000] {processor.py:183} INFO - Processing /home/airflow/.local/lib/python3.12/site-packages/airflow/example_dags/example_branch_datetime_operator.py took 0.299 seconds
[2024-04-17T21:15:05.982+0000] {processor.py:161} INFO - Started process (PID=79) to work on /home/airflow/.local/lib/python3.12/site-packages/airflow/example_dags/example_branch_datetime_operator.py
[2024-04-17T21:15:05.984+0000] {processor.py:830} INFO - Processing file /home/airflow/.local/lib/python3.12/site-packages/airflow/example_dags/example_branch_datetime_operator.py for tasks to queue
[2024-04-17T21:15:05.987+0000] {logging_mixin.py:188} INFO - [2024-04-17T21:15:05.987+0000] {dagbag.py:540} INFO - Filling up the DagBag from /home/airflow/.local/lib/python3.12/site-packages/airflow/example_dags/example_branch_datetime_operator.py
[2024-04-17T21:15:06.007+0000] {processor.py:840} INFO - DAG(s) 'example_branch_datetime_operator', 'example_branch_datetime_operator_2', 'example_branch_datetime_operator_3' retrieved from /home/airflow/.local/lib/python3.12/site-packages/airflow/example_dags/example_branch_datetime_operator.py
[2024-04-17T21:15:06.286+0000] {logging_mixin.py:188} INFO - [2024-04-17T21:15:06.285+0000] {dag.py:3096} INFO - Sync 3 DAGs
[2024-04-17T21:15:06.332+0000] {logging_mixin.py:188} INFO - [2024-04-17T21:15:06.332+0000] {dag.py:3954} INFO - Setting next_dagrun for example_branch_datetime_operator to 2024-04-16 00:00:00+00:00, run_after=2024-04-17 00:00:00+00:00
[2024-04-17T21:15:06.343+0000] {logging_mixin.py:188} INFO - [2024-04-17T21:15:06.342+0000] {dag.py:3954} INFO - Setting next_dagrun for example_branch_datetime_operator_2 to 2024-04-16 00:00:00+00:00, run_after=2024-04-17 00:00:00+00:00
[2024-04-17T21:15:06.349+0000] {logging_mixin.py:188} INFO - [2024-04-17T21:15:06.348+0000] {dag.py:3954} INFO - Setting next_dagrun for example_branch_datetime_operator_3 to 2024-04-16 00:00:00+00:00, run_after=2024-04-17 00:00:00+00:00
[2024-04-17T21:15:06.388+0000] {processor.py:183} INFO - Processing /home/airflow/.local/lib/python3.12/site-packages/airflow/example_dags/example_branch_datetime_operator.py took 0.414 seconds
[2024-04-17T21:15:36.477+0000] {processor.py:161} INFO - Started process (PID=137) to work on /home/airflow/.local/lib/python3.12/site-packages/airflow/example_dags/example_branch_datetime_operator.py
[2024-04-17T21:15:36.487+0000] {processor.py:830} INFO - Processing file /home/airflow/.local/lib/python3.12/site-packages/airflow/example_dags/example_branch_datetime_operator.py for tasks to queue
[2024-04-17T21:15:36.503+0000] {logging_mixin.py:188} INFO - [2024-04-17T21:15:36.502+0000] {dagbag.py:540} INFO - Filling up the DagBag from /home/airflow/.local/lib/python3.12/site-packages/airflow/example_dags/example_branch_datetime_operator.py
[2024-04-17T21:15:36.590+0000] {processor.py:840} INFO - DAG(s) 'example_branch_datetime_operator', 'example_branch_datetime_operator_3', 'example_branch_datetime_operator_2' retrieved from /home/airflow/.local/lib/python3.12/site-packages/airflow/example_dags/example_branch_datetime_operator.py
[2024-04-17T21:15:36.818+0000] {logging_mixin.py:188} INFO - [2024-04-17T21:15:36.817+0000] {dag.py:3096} INFO - Sync 3 DAGs
[2024-04-17T21:15:36.973+0000] {logging_mixin.py:188} INFO - [2024-04-17T21:15:36.972+0000] {dag.py:3954} INFO - Setting next_dagrun for example_branch_datetime_operator to 2024-04-16 00:00:00+00:00, run_after=2024-04-17 00:00:00+00:00
[2024-04-17T21:15:36.998+0000] {logging_mixin.py:188} INFO - [2024-04-17T21:15:36.998+0000] {dag.py:3954} INFO - Setting next_dagrun for example_branch_datetime_operator_2 to 2024-04-16 00:00:00+00:00, run_after=2024-04-17 00:00:00+00:00
[2024-04-17T21:15:37.011+0000] {logging_mixin.py:188} INFO - [2024-04-17T21:15:37.010+0000] {dag.py:3954} INFO - Setting next_dagrun for example_branch_datetime_operator_3 to 2024-04-16 00:00:00+00:00, run_after=2024-04-17 00:00:00+00:00
[2024-04-17T21:15:37.098+0000] {processor.py:183} INFO - Processing /home/airflow/.local/lib/python3.12/site-packages/airflow/example_dags/example_branch_datetime_operator.py took 0.648 seconds
[2024-04-17T21:16:08.033+0000] {processor.py:161} INFO - Started process (PID=195) to work on /home/airflow/.local/lib/python3.12/site-packages/airflow/example_dags/example_branch_datetime_operator.py
[2024-04-17T21:16:08.035+0000] {processor.py:830} INFO - Processing file /home/airflow/.local/lib/python3.12/site-packages/airflow/example_dags/example_branch_datetime_operator.py for tasks to queue
[2024-04-17T21:16:08.040+0000] {logging_mixin.py:188} INFO - [2024-04-17T21:16:08.039+0000] {dagbag.py:540} INFO - Filling up the DagBag from /home/airflow/.local/lib/python3.12/site-packages/airflow/example_dags/example_branch_datetime_operator.py
[2024-04-17T21:16:08.058+0000] {processor.py:840} INFO - DAG(s) 'example_branch_datetime_operator', 'example_branch_datetime_operator_2', 'example_branch_datetime_operator_3' retrieved from /home/airflow/.local/lib/python3.12/site-packages/airflow/example_dags/example_branch_datetime_operator.py
[2024-04-17T21:16:08.101+0000] {logging_mixin.py:188} INFO - [2024-04-17T21:16:08.101+0000] {dag.py:3096} INFO - Sync 3 DAGs
[2024-04-17T21:16:08.144+0000] {logging_mixin.py:188} INFO - [2024-04-17T21:16:08.143+0000] {dag.py:3954} INFO - Setting next_dagrun for example_branch_datetime_operator to 2024-04-16 00:00:00+00:00, run_after=2024-04-17 00:00:00+00:00
[2024-04-17T21:16:08.153+0000] {logging_mixin.py:188} INFO - [2024-04-17T21:16:08.153+0000] {dag.py:3954} INFO - Setting next_dagrun for example_branch_datetime_operator_2 to 2024-04-16 00:00:00+00:00, run_after=2024-04-17 00:00:00+00:00
[2024-04-17T21:16:08.159+0000] {logging_mixin.py:188} INFO - [2024-04-17T21:16:08.158+0000] {dag.py:3954} INFO - Setting next_dagrun for example_branch_datetime_operator_3 to 2024-04-16 00:00:00+00:00, run_after=2024-04-17 00:00:00+00:00
[2024-04-17T21:16:08.194+0000] {processor.py:183} INFO - Processing /home/airflow/.local/lib/python3.12/site-packages/airflow/example_dags/example_branch_datetime_operator.py took 0.170 seconds
[2024-04-17T21:16:38.511+0000] {processor.py:161} INFO - Started process (PID=253) to work on /home/airflow/.local/lib/python3.12/site-packages/airflow/example_dags/example_branch_datetime_operator.py
[2024-04-17T21:16:38.513+0000] {processor.py:830} INFO - Processing file /home/airflow/.local/lib/python3.12/site-packages/airflow/example_dags/example_branch_datetime_operator.py for tasks to queue
[2024-04-17T21:16:38.516+0000] {logging_mixin.py:188} INFO - [2024-04-17T21:16:38.515+0000] {dagbag.py:540} INFO - Filling up the DagBag from /home/airflow/.local/lib/python3.12/site-packages/airflow/example_dags/example_branch_datetime_operator.py
[2024-04-17T21:16:38.530+0000] {processor.py:840} INFO - DAG(s) 'example_branch_datetime_operator_2', 'example_branch_datetime_operator', 'example_branch_datetime_operator_3' retrieved from /home/airflow/.local/lib/python3.12/site-packages/airflow/example_dags/example_branch_datetime_operator.py
[2024-04-17T21:16:38.574+0000] {logging_mixin.py:188} INFO - [2024-04-17T21:16:38.574+0000] {dag.py:3096} INFO - Sync 3 DAGs
[2024-04-17T21:16:38.619+0000] {logging_mixin.py:188} INFO - [2024-04-17T21:16:38.618+0000] {dag.py:3954} INFO - Setting next_dagrun for example_branch_datetime_operator to 2024-04-16 00:00:00+00:00, run_after=2024-04-17 00:00:00+00:00
[2024-04-17T21:16:38.629+0000] {logging_mixin.py:188} INFO - [2024-04-17T21:16:38.629+0000] {dag.py:3954} INFO - Setting next_dagrun for example_branch_datetime_operator_2 to 2024-04-16 00:00:00+00:00, run_after=2024-04-17 00:00:00+00:00
[2024-04-17T21:16:38.635+0000] {logging_mixin.py:188} INFO - [2024-04-17T21:16:38.634+0000] {dag.py:3954} INFO - Setting next_dagrun for example_branch_datetime_operator_3 to 2024-04-16 00:00:00+00:00, run_after=2024-04-17 00:00:00+00:00
[2024-04-17T21:16:38.671+0000] {processor.py:183} INFO - Processing /home/airflow/.local/lib/python3.12/site-packages/airflow/example_dags/example_branch_datetime_operator.py took 0.170 seconds
[2024-04-17T21:17:08.919+0000] {processor.py:161} INFO - Started process (PID=311) to work on /home/airflow/.local/lib/python3.12/site-packages/airflow/example_dags/example_branch_datetime_operator.py
[2024-04-17T21:17:08.921+0000] {processor.py:830} INFO - Processing file /home/airflow/.local/lib/python3.12/site-packages/airflow/example_dags/example_branch_datetime_operator.py for tasks to queue
[2024-04-17T21:17:08.924+0000] {logging_mixin.py:188} INFO - [2024-04-17T21:17:08.923+0000] {dagbag.py:540} INFO - Filling up the DagBag from /home/airflow/.local/lib/python3.12/site-packages/airflow/example_dags/example_branch_datetime_operator.py
[2024-04-17T21:17:08.938+0000] {processor.py:840} INFO - DAG(s) 'example_branch_datetime_operator_2', 'example_branch_datetime_operator_3', 'example_branch_datetime_operator' retrieved from /home/airflow/.local/lib/python3.12/site-packages/airflow/example_dags/example_branch_datetime_operator.py
[2024-04-17T21:17:08.986+0000] {logging_mixin.py:188} INFO - [2024-04-17T21:17:08.985+0000] {dag.py:3096} INFO - Sync 3 DAGs
[2024-04-17T21:17:09.026+0000] {logging_mixin.py:188} INFO - [2024-04-17T21:17:09.026+0000] {dag.py:3954} INFO - Setting next_dagrun for example_branch_datetime_operator to 2024-04-16 00:00:00+00:00, run_after=2024-04-17 00:00:00+00:00
[2024-04-17T21:17:09.035+0000] {logging_mixin.py:188} INFO - [2024-04-17T21:17:09.035+0000] {dag.py:3954} INFO - Setting next_dagrun for example_branch_datetime_operator_2 to 2024-04-16 00:00:00+00:00, run_after=2024-04-17 00:00:00+00:00
[2024-04-17T21:17:09.041+0000] {logging_mixin.py:188} INFO - [2024-04-17T21:17:09.040+0000] {dag.py:3954} INFO - Setting next_dagrun for example_branch_datetime_operator_3 to 2024-04-16 00:00:00+00:00, run_after=2024-04-17 00:00:00+00:00
[2024-04-17T21:17:09.079+0000] {processor.py:183} INFO - Processing /home/airflow/.local/lib/python3.12/site-packages/airflow/example_dags/example_branch_datetime_operator.py took 0.166 seconds
[2024-04-17T21:17:39.991+0000] {processor.py:161} INFO - Started process (PID=369) to work on /home/airflow/.local/lib/python3.12/site-packages/airflow/example_dags/example_branch_datetime_operator.py
[2024-04-17T21:17:39.993+0000] {processor.py:830} INFO - Processing file /home/airflow/.local/lib/python3.12/site-packages/airflow/example_dags/example_branch_datetime_operator.py for tasks to queue
[2024-04-17T21:17:39.997+0000] {logging_mixin.py:188} INFO - [2024-04-17T21:17:39.996+0000] {dagbag.py:540} INFO - Filling up the DagBag from /home/airflow/.local/lib/python3.12/site-packages/airflow/example_dags/example_branch_datetime_operator.py
[2024-04-17T21:17:40.020+0000] {processor.py:840} INFO - DAG(s) 'example_branch_datetime_operator_2', 'example_branch_datetime_operator', 'example_branch_datetime_operator_3' retrieved from /home/airflow/.local/lib/python3.12/site-packages/airflow/example_dags/example_branch_datetime_operator.py
[2024-04-17T21:17:40.077+0000] {logging_mixin.py:188} INFO - [2024-04-17T21:17:40.076+0000] {dag.py:3096} INFO - Sync 3 DAGs
[2024-04-17T21:17:40.134+0000] {logging_mixin.py:188} INFO - [2024-04-17T21:17:40.133+0000] {dag.py:3954} INFO - Setting next_dagrun for example_branch_datetime_operator to 2024-04-16 00:00:00+00:00, run_after=2024-04-17 00:00:00+00:00
[2024-04-17T21:17:40.148+0000] {logging_mixin.py:188} INFO - [2024-04-17T21:17:40.148+0000] {dag.py:3954} INFO - Setting next_dagrun for example_branch_datetime_operator_2 to 2024-04-16 00:00:00+00:00, run_after=2024-04-17 00:00:00+00:00
[2024-04-17T21:17:40.155+0000] {logging_mixin.py:188} INFO - [2024-04-17T21:17:40.154+0000] {dag.py:3954} INFO - Setting next_dagrun for example_branch_datetime_operator_3 to 2024-04-16 00:00:00+00:00, run_after=2024-04-17 00:00:00+00:00
[2024-04-17T21:17:40.197+0000] {processor.py:183} INFO - Processing /home/airflow/.local/lib/python3.12/site-packages/airflow/example_dags/example_branch_datetime_operator.py took 0.215 seconds
[2024-04-17T21:18:10.934+0000] {processor.py:161} INFO - Started process (PID=427) to work on /home/airflow/.local/lib/python3.12/site-packages/airflow/example_dags/example_branch_datetime_operator.py
[2024-04-17T21:18:10.935+0000] {processor.py:830} INFO - Processing file /home/airflow/.local/lib/python3.12/site-packages/airflow/example_dags/example_branch_datetime_operator.py for tasks to queue
[2024-04-17T21:18:10.939+0000] {logging_mixin.py:188} INFO - [2024-04-17T21:18:10.938+0000] {dagbag.py:540} INFO - Filling up the DagBag from /home/airflow/.local/lib/python3.12/site-packages/airflow/example_dags/example_branch_datetime_operator.py
[2024-04-17T21:18:10.957+0000] {processor.py:840} INFO - DAG(s) 'example_branch_datetime_operator', 'example_branch_datetime_operator_3', 'example_branch_datetime_operator_2' retrieved from /home/airflow/.local/lib/python3.12/site-packages/airflow/example_dags/example_branch_datetime_operator.py
[2024-04-17T21:18:11.008+0000] {logging_mixin.py:188} INFO - [2024-04-17T21:18:11.008+0000] {dag.py:3096} INFO - Sync 3 DAGs
[2024-04-17T21:18:11.053+0000] {logging_mixin.py:188} INFO - [2024-04-17T21:18:11.052+0000] {dag.py:3954} INFO - Setting next_dagrun for example_branch_datetime_operator to 2024-04-16 00:00:00+00:00, run_after=2024-04-17 00:00:00+00:00
[2024-04-17T21:18:11.063+0000] {logging_mixin.py:188} INFO - [2024-04-17T21:18:11.063+0000] {dag.py:3954} INFO - Setting next_dagrun for example_branch_datetime_operator_2 to 2024-04-16 00:00:00+00:00, run_after=2024-04-17 00:00:00+00:00
[2024-04-17T21:18:11.068+0000] {logging_mixin.py:188} INFO - [2024-04-17T21:18:11.068+0000] {dag.py:3954} INFO - Setting next_dagrun for example_branch_datetime_operator_3 to 2024-04-16 00:00:00+00:00, run_after=2024-04-17 00:00:00+00:00
[2024-04-17T21:18:11.113+0000] {processor.py:183} INFO - Processing /home/airflow/.local/lib/python3.12/site-packages/airflow/example_dags/example_branch_datetime_operator.py took 0.186 seconds
[2024-04-17T21:18:41.604+0000] {processor.py:161} INFO - Started process (PID=485) to work on /home/airflow/.local/lib/python3.12/site-packages/airflow/example_dags/example_branch_datetime_operator.py
[2024-04-17T21:18:41.606+0000] {processor.py:830} INFO - Processing file /home/airflow/.local/lib/python3.12/site-packages/airflow/example_dags/example_branch_datetime_operator.py for tasks to queue
[2024-04-17T21:18:41.612+0000] {logging_mixin.py:188} INFO - [2024-04-17T21:18:41.611+0000] {dagbag.py:540} INFO - Filling up the DagBag from /home/airflow/.local/lib/python3.12/site-packages/airflow/example_dags/example_branch_datetime_operator.py
[2024-04-17T21:18:41.650+0000] {processor.py:840} INFO - DAG(s) 'example_branch_datetime_operator_3', 'example_branch_datetime_operator', 'example_branch_datetime_operator_2' retrieved from /home/airflow/.local/lib/python3.12/site-packages/airflow/example_dags/example_branch_datetime_operator.py
[2024-04-17T21:18:41.734+0000] {logging_mixin.py:188} INFO - [2024-04-17T21:18:41.733+0000] {dag.py:3096} INFO - Sync 3 DAGs
[2024-04-17T21:18:41.834+0000] {logging_mixin.py:188} INFO - [2024-04-17T21:18:41.834+0000] {dag.py:3954} INFO - Setting next_dagrun for example_branch_datetime_operator to 2024-04-16 00:00:00+00:00, run_after=2024-04-17 00:00:00+00:00
[2024-04-17T21:18:41.856+0000] {logging_mixin.py:188} INFO - [2024-04-17T21:18:41.856+0000] {dag.py:3954} INFO - Setting next_dagrun for example_branch_datetime_operator_2 to 2024-04-16 00:00:00+00:00, run_after=2024-04-17 00:00:00+00:00
[2024-04-17T21:18:41.864+0000] {logging_mixin.py:188} INFO - [2024-04-17T21:18:41.864+0000] {dag.py:3954} INFO - Setting next_dagrun for example_branch_datetime_operator_3 to 2024-04-16 00:00:00+00:00, run_after=2024-04-17 00:00:00+00:00
[2024-04-17T21:18:41.911+0000] {processor.py:183} INFO - Processing /home/airflow/.local/lib/python3.12/site-packages/airflow/example_dags/example_branch_datetime_operator.py took 0.322 seconds
[2024-04-17T21:19:12.779+0000] {processor.py:161} INFO - Started process (PID=543) to work on /home/airflow/.local/lib/python3.12/site-packages/airflow/example_dags/example_branch_datetime_operator.py
[2024-04-17T21:19:12.781+0000] {processor.py:830} INFO - Processing file /home/airflow/.local/lib/python3.12/site-packages/airflow/example_dags/example_branch_datetime_operator.py for tasks to queue
[2024-04-17T21:19:12.784+0000] {logging_mixin.py:188} INFO - [2024-04-17T21:19:12.783+0000] {dagbag.py:540} INFO - Filling up the DagBag from /home/airflow/.local/lib/python3.12/site-packages/airflow/example_dags/example_branch_datetime_operator.py
[2024-04-17T21:19:12.820+0000] {processor.py:840} INFO - DAG(s) 'example_branch_datetime_operator', 'example_branch_datetime_operator_3', 'example_branch_datetime_operator_2' retrieved from /home/airflow/.local/lib/python3.12/site-packages/airflow/example_dags/example_branch_datetime_operator.py
[2024-04-17T21:19:12.899+0000] {logging_mixin.py:188} INFO - [2024-04-17T21:19:12.898+0000] {dag.py:3096} INFO - Sync 3 DAGs
[2024-04-17T21:19:12.992+0000] {logging_mixin.py:188} INFO - [2024-04-17T21:19:12.992+0000] {dag.py:3954} INFO - Setting next_dagrun for example_branch_datetime_operator to 2024-04-16 00:00:00+00:00, run_after=2024-04-17 00:00:00+00:00
[2024-04-17T21:19:13.009+0000] {logging_mixin.py:188} INFO - [2024-04-17T21:19:13.008+0000] {dag.py:3954} INFO - Setting next_dagrun for example_branch_datetime_operator_2 to 2024-04-16 00:00:00+00:00, run_after=2024-04-17 00:00:00+00:00
[2024-04-17T21:19:13.024+0000] {logging_mixin.py:188} INFO - [2024-04-17T21:19:13.023+0000] {dag.py:3954} INFO - Setting next_dagrun for example_branch_datetime_operator_3 to 2024-04-16 00:00:00+00:00, run_after=2024-04-17 00:00:00+00:00
[2024-04-17T21:19:13.073+0000] {processor.py:183} INFO - Processing /home/airflow/.local/lib/python3.12/site-packages/airflow/example_dags/example_branch_datetime_operator.py took 0.305 seconds
[2024-04-17T23:57:42.638+0000] {processor.py:161} INFO - Started process (PID=77) to work on /home/airflow/.local/lib/python3.12/site-packages/airflow/example_dags/example_branch_datetime_operator.py
[2024-04-17T23:57:42.639+0000] {processor.py:830} INFO - Processing file /home/airflow/.local/lib/python3.12/site-packages/airflow/example_dags/example_branch_datetime_operator.py for tasks to queue
[2024-04-17T23:57:42.642+0000] {logging_mixin.py:188} INFO - [2024-04-17T23:57:42.641+0000] {dagbag.py:540} INFO - Filling up the DagBag from /home/airflow/.local/lib/python3.12/site-packages/airflow/example_dags/example_branch_datetime_operator.py
[2024-04-17T23:57:42.656+0000] {processor.py:840} INFO - DAG(s) 'example_branch_datetime_operator_3', 'example_branch_datetime_operator_2', 'example_branch_datetime_operator' retrieved from /home/airflow/.local/lib/python3.12/site-packages/airflow/example_dags/example_branch_datetime_operator.py
[2024-04-17T23:57:42.697+0000] {logging_mixin.py:188} INFO - [2024-04-17T23:57:42.697+0000] {dag.py:3096} INFO - Sync 3 DAGs
[2024-04-17T23:57:42.738+0000] {logging_mixin.py:188} INFO - [2024-04-17T23:57:42.737+0000] {dag.py:3954} INFO - Setting next_dagrun for example_branch_datetime_operator to 2024-04-16 00:00:00+00:00, run_after=2024-04-17 00:00:00+00:00
[2024-04-17T23:57:42.747+0000] {logging_mixin.py:188} INFO - [2024-04-17T23:57:42.746+0000] {dag.py:3954} INFO - Setting next_dagrun for example_branch_datetime_operator_2 to 2024-04-16 00:00:00+00:00, run_after=2024-04-17 00:00:00+00:00
[2024-04-17T23:57:42.752+0000] {logging_mixin.py:188} INFO - [2024-04-17T23:57:42.752+0000] {dag.py:3954} INFO - Setting next_dagrun for example_branch_datetime_operator_3 to 2024-04-16 00:00:00+00:00, run_after=2024-04-17 00:00:00+00:00
[2024-04-17T23:57:42.783+0000] {processor.py:183} INFO - Processing /home/airflow/.local/lib/python3.12/site-packages/airflow/example_dags/example_branch_datetime_operator.py took 0.152 seconds
[2024-04-17T23:58:13.775+0000] {processor.py:161} INFO - Started process (PID=135) to work on /home/airflow/.local/lib/python3.12/site-packages/airflow/example_dags/example_branch_datetime_operator.py
[2024-04-17T23:58:13.776+0000] {processor.py:830} INFO - Processing file /home/airflow/.local/lib/python3.12/site-packages/airflow/example_dags/example_branch_datetime_operator.py for tasks to queue
[2024-04-17T23:58:13.780+0000] {logging_mixin.py:188} INFO - [2024-04-17T23:58:13.779+0000] {dagbag.py:540} INFO - Filling up the DagBag from /home/airflow/.local/lib/python3.12/site-packages/airflow/example_dags/example_branch_datetime_operator.py
[2024-04-17T23:58:13.811+0000] {processor.py:840} INFO - DAG(s) 'example_branch_datetime_operator_2', 'example_branch_datetime_operator', 'example_branch_datetime_operator_3' retrieved from /home/airflow/.local/lib/python3.12/site-packages/airflow/example_dags/example_branch_datetime_operator.py
[2024-04-17T23:58:13.873+0000] {logging_mixin.py:188} INFO - [2024-04-17T23:58:13.872+0000] {dag.py:3096} INFO - Sync 3 DAGs
[2024-04-17T23:58:13.948+0000] {logging_mixin.py:188} INFO - [2024-04-17T23:58:13.948+0000] {dag.py:3954} INFO - Setting next_dagrun for example_branch_datetime_operator to 2024-04-16 00:00:00+00:00, run_after=2024-04-17 00:00:00+00:00
[2024-04-17T23:58:13.962+0000] {logging_mixin.py:188} INFO - [2024-04-17T23:58:13.962+0000] {dag.py:3954} INFO - Setting next_dagrun for example_branch_datetime_operator_2 to 2024-04-16 00:00:00+00:00, run_after=2024-04-17 00:00:00+00:00
[2024-04-17T23:58:13.971+0000] {logging_mixin.py:188} INFO - [2024-04-17T23:58:13.970+0000] {dag.py:3954} INFO - Setting next_dagrun for example_branch_datetime_operator_3 to 2024-04-16 00:00:00+00:00, run_after=2024-04-17 00:00:00+00:00
[2024-04-17T23:58:14.024+0000] {processor.py:183} INFO - Processing /home/airflow/.local/lib/python3.12/site-packages/airflow/example_dags/example_branch_datetime_operator.py took 0.261 seconds
[2024-04-17T23:58:44.145+0000] {processor.py:161} INFO - Started process (PID=193) to work on /home/airflow/.local/lib/python3.12/site-packages/airflow/example_dags/example_branch_datetime_operator.py
[2024-04-17T23:58:44.146+0000] {processor.py:830} INFO - Processing file /home/airflow/.local/lib/python3.12/site-packages/airflow/example_dags/example_branch_datetime_operator.py for tasks to queue
[2024-04-17T23:58:44.149+0000] {logging_mixin.py:188} INFO - [2024-04-17T23:58:44.149+0000] {dagbag.py:540} INFO - Filling up the DagBag from /home/airflow/.local/lib/python3.12/site-packages/airflow/example_dags/example_branch_datetime_operator.py
[2024-04-17T23:58:44.164+0000] {processor.py:840} INFO - DAG(s) 'example_branch_datetime_operator', 'example_branch_datetime_operator_3', 'example_branch_datetime_operator_2' retrieved from /home/airflow/.local/lib/python3.12/site-packages/airflow/example_dags/example_branch_datetime_operator.py
[2024-04-17T23:58:44.210+0000] {logging_mixin.py:188} INFO - [2024-04-17T23:58:44.209+0000] {dag.py:3096} INFO - Sync 3 DAGs
[2024-04-17T23:58:44.250+0000] {logging_mixin.py:188} INFO - [2024-04-17T23:58:44.249+0000] {dag.py:3954} INFO - Setting next_dagrun for example_branch_datetime_operator to 2024-04-16 00:00:00+00:00, run_after=2024-04-17 00:00:00+00:00
[2024-04-17T23:58:44.259+0000] {logging_mixin.py:188} INFO - [2024-04-17T23:58:44.259+0000] {dag.py:3954} INFO - Setting next_dagrun for example_branch_datetime_operator_2 to 2024-04-16 00:00:00+00:00, run_after=2024-04-17 00:00:00+00:00
[2024-04-17T23:58:44.264+0000] {logging_mixin.py:188} INFO - [2024-04-17T23:58:44.264+0000] {dag.py:3954} INFO - Setting next_dagrun for example_branch_datetime_operator_3 to 2024-04-16 00:00:00+00:00, run_after=2024-04-17 00:00:00+00:00
[2024-04-17T23:58:44.295+0000] {processor.py:183} INFO - Processing /home/airflow/.local/lib/python3.12/site-packages/airflow/example_dags/example_branch_datetime_operator.py took 0.157 seconds
[2024-04-17T23:59:15.382+0000] {processor.py:161} INFO - Started process (PID=251) to work on /home/airflow/.local/lib/python3.12/site-packages/airflow/example_dags/example_branch_datetime_operator.py
[2024-04-17T23:59:15.383+0000] {processor.py:830} INFO - Processing file /home/airflow/.local/lib/python3.12/site-packages/airflow/example_dags/example_branch_datetime_operator.py for tasks to queue
[2024-04-17T23:59:15.385+0000] {logging_mixin.py:188} INFO - [2024-04-17T23:59:15.385+0000] {dagbag.py:540} INFO - Filling up the DagBag from /home/airflow/.local/lib/python3.12/site-packages/airflow/example_dags/example_branch_datetime_operator.py
[2024-04-17T23:59:15.402+0000] {processor.py:840} INFO - DAG(s) 'example_branch_datetime_operator', 'example_branch_datetime_operator_3', 'example_branch_datetime_operator_2' retrieved from /home/airflow/.local/lib/python3.12/site-packages/airflow/example_dags/example_branch_datetime_operator.py
[2024-04-17T23:59:15.441+0000] {logging_mixin.py:188} INFO - [2024-04-17T23:59:15.441+0000] {dag.py:3096} INFO - Sync 3 DAGs
[2024-04-17T23:59:15.481+0000] {logging_mixin.py:188} INFO - [2024-04-17T23:59:15.481+0000] {dag.py:3954} INFO - Setting next_dagrun for example_branch_datetime_operator to 2024-04-16 00:00:00+00:00, run_after=2024-04-17 00:00:00+00:00
[2024-04-17T23:59:15.492+0000] {logging_mixin.py:188} INFO - [2024-04-17T23:59:15.492+0000] {dag.py:3954} INFO - Setting next_dagrun for example_branch_datetime_operator_2 to 2024-04-16 00:00:00+00:00, run_after=2024-04-17 00:00:00+00:00
[2024-04-17T23:59:15.500+0000] {logging_mixin.py:188} INFO - [2024-04-17T23:59:15.500+0000] {dag.py:3954} INFO - Setting next_dagrun for example_branch_datetime_operator_3 to 2024-04-16 00:00:00+00:00, run_after=2024-04-17 00:00:00+00:00
[2024-04-17T23:59:15.541+0000] {processor.py:183} INFO - Processing /home/airflow/.local/lib/python3.12/site-packages/airflow/example_dags/example_branch_datetime_operator.py took 0.166 seconds
[2024-04-17T23:59:46.484+0000] {processor.py:161} INFO - Started process (PID=310) to work on /home/airflow/.local/lib/python3.12/site-packages/airflow/example_dags/example_branch_datetime_operator.py
[2024-04-17T23:59:46.485+0000] {processor.py:830} INFO - Processing file /home/airflow/.local/lib/python3.12/site-packages/airflow/example_dags/example_branch_datetime_operator.py for tasks to queue
[2024-04-17T23:59:46.488+0000] {logging_mixin.py:188} INFO - [2024-04-17T23:59:46.487+0000] {dagbag.py:540} INFO - Filling up the DagBag from /home/airflow/.local/lib/python3.12/site-packages/airflow/example_dags/example_branch_datetime_operator.py
[2024-04-17T23:59:46.506+0000] {processor.py:840} INFO - DAG(s) 'example_branch_datetime_operator_3', 'example_branch_datetime_operator_2', 'example_branch_datetime_operator' retrieved from /home/airflow/.local/lib/python3.12/site-packages/airflow/example_dags/example_branch_datetime_operator.py
[2024-04-17T23:59:46.555+0000] {logging_mixin.py:188} INFO - [2024-04-17T23:59:46.555+0000] {dag.py:3096} INFO - Sync 3 DAGs
[2024-04-17T23:59:46.597+0000] {logging_mixin.py:188} INFO - [2024-04-17T23:59:46.596+0000] {dag.py:3954} INFO - Setting next_dagrun for example_branch_datetime_operator to 2024-04-16 00:00:00+00:00, run_after=2024-04-17 00:00:00+00:00
[2024-04-17T23:59:46.608+0000] {logging_mixin.py:188} INFO - [2024-04-17T23:59:46.607+0000] {dag.py:3954} INFO - Setting next_dagrun for example_branch_datetime_operator_2 to 2024-04-16 00:00:00+00:00, run_after=2024-04-17 00:00:00+00:00
[2024-04-17T23:59:46.614+0000] {logging_mixin.py:188} INFO - [2024-04-17T23:59:46.614+0000] {dag.py:3954} INFO - Setting next_dagrun for example_branch_datetime_operator_3 to 2024-04-16 00:00:00+00:00, run_after=2024-04-17 00:00:00+00:00
[2024-04-17T23:59:46.645+0000] {processor.py:183} INFO - Processing /home/airflow/.local/lib/python3.12/site-packages/airflow/example_dags/example_branch_datetime_operator.py took 0.168 seconds
