[2024-04-17T21:04:11.894+0000] {processor.py:161} INFO - Started process (PID=50) to work on /home/airflow/.local/lib/python3.12/site-packages/airflow/example_dags/example_task_group.py
[2024-04-17T21:04:11.896+0000] {processor.py:830} INFO - Processing file /home/airflow/.local/lib/python3.12/site-packages/airflow/example_dags/example_task_group.py for tasks to queue
[2024-04-17T21:04:11.912+0000] {logging_mixin.py:188} INFO - [2024-04-17T21:04:11.912+0000] {dagbag.py:540} INFO - Filling up the DagBag from /home/airflow/.local/lib/python3.12/site-packages/airflow/example_dags/example_task_group.py
[2024-04-17T21:04:12.314+0000] {processor.py:840} INFO - DAG(s) 'example_task_group' retrieved from /home/airflow/.local/lib/python3.12/site-packages/airflow/example_dags/example_task_group.py
[2024-04-17T21:04:13.096+0000] {logging_mixin.py:188} INFO - [2024-04-17T21:04:13.095+0000] {dag.py:3096} INFO - Sync 1 DAGs
[2024-04-17T21:04:13.170+0000] {logging_mixin.py:188} INFO - [2024-04-17T21:04:13.166+0000] {dag.py:3954} INFO - Setting next_dagrun for example_task_group to 2024-04-16 00:00:00+00:00, run_after=2024-04-17 00:00:00+00:00
[2024-04-17T21:04:13.820+0000] {processor.py:183} INFO - Processing /home/airflow/.local/lib/python3.12/site-packages/airflow/example_dags/example_task_group.py took 1.949 seconds
[2024-04-17T21:05:04.141+0000] {processor.py:161} INFO - Started process (PID=108) to work on /home/airflow/.local/lib/python3.12/site-packages/airflow/example_dags/example_task_group.py
[2024-04-17T21:05:04.145+0000] {processor.py:830} INFO - Processing file /home/airflow/.local/lib/python3.12/site-packages/airflow/example_dags/example_task_group.py for tasks to queue
[2024-04-17T21:05:04.149+0000] {logging_mixin.py:188} INFO - [2024-04-17T21:05:04.148+0000] {dagbag.py:540} INFO - Filling up the DagBag from /home/airflow/.local/lib/python3.12/site-packages/airflow/example_dags/example_task_group.py
[2024-04-17T21:05:04.165+0000] {processor.py:840} INFO - DAG(s) 'example_task_group' retrieved from /home/airflow/.local/lib/python3.12/site-packages/airflow/example_dags/example_task_group.py
[2024-04-17T21:05:04.217+0000] {logging_mixin.py:188} INFO - [2024-04-17T21:05:04.216+0000] {dag.py:3096} INFO - Sync 1 DAGs
[2024-04-17T21:05:04.278+0000] {logging_mixin.py:188} INFO - [2024-04-17T21:05:04.276+0000] {dag.py:3954} INFO - Setting next_dagrun for example_task_group to 2024-04-16 00:00:00+00:00, run_after=2024-04-17 00:00:00+00:00
[2024-04-17T21:05:04.387+0000] {processor.py:183} INFO - Processing /home/airflow/.local/lib/python3.12/site-packages/airflow/example_dags/example_task_group.py took 0.260 seconds
[2024-04-17T21:05:34.658+0000] {processor.py:161} INFO - Started process (PID=164) to work on /home/airflow/.local/lib/python3.12/site-packages/airflow/example_dags/example_task_group.py
[2024-04-17T21:05:34.715+0000] {processor.py:830} INFO - Processing file /home/airflow/.local/lib/python3.12/site-packages/airflow/example_dags/example_task_group.py for tasks to queue
[2024-04-17T21:05:34.720+0000] {logging_mixin.py:188} INFO - [2024-04-17T21:05:34.719+0000] {dagbag.py:540} INFO - Filling up the DagBag from /home/airflow/.local/lib/python3.12/site-packages/airflow/example_dags/example_task_group.py
[2024-04-17T21:05:34.738+0000] {processor.py:840} INFO - DAG(s) 'example_task_group' retrieved from /home/airflow/.local/lib/python3.12/site-packages/airflow/example_dags/example_task_group.py
[2024-04-17T21:05:34.819+0000] {logging_mixin.py:188} INFO - [2024-04-17T21:05:34.818+0000] {dag.py:3096} INFO - Sync 1 DAGs
[2024-04-17T21:05:34.897+0000] {logging_mixin.py:188} INFO - [2024-04-17T21:05:34.897+0000] {dag.py:3954} INFO - Setting next_dagrun for example_task_group to 2024-04-16 00:00:00+00:00, run_after=2024-04-17 00:00:00+00:00
[2024-04-17T21:05:35.360+0000] {processor.py:183} INFO - Processing /home/airflow/.local/lib/python3.12/site-packages/airflow/example_dags/example_task_group.py took 0.716 seconds
[2024-04-17T21:06:07.793+0000] {processor.py:161} INFO - Started process (PID=226) to work on /home/airflow/.local/lib/python3.12/site-packages/airflow/example_dags/example_task_group.py
[2024-04-17T21:06:07.901+0000] {processor.py:830} INFO - Processing file /home/airflow/.local/lib/python3.12/site-packages/airflow/example_dags/example_task_group.py for tasks to queue
[2024-04-17T21:06:07.907+0000] {logging_mixin.py:188} INFO - [2024-04-17T21:06:07.906+0000] {dagbag.py:540} INFO - Filling up the DagBag from /home/airflow/.local/lib/python3.12/site-packages/airflow/example_dags/example_task_group.py
[2024-04-17T21:06:07.921+0000] {processor.py:840} INFO - DAG(s) 'example_task_group' retrieved from /home/airflow/.local/lib/python3.12/site-packages/airflow/example_dags/example_task_group.py
[2024-04-17T21:06:07.975+0000] {logging_mixin.py:188} INFO - [2024-04-17T21:06:07.974+0000] {dag.py:3096} INFO - Sync 1 DAGs
[2024-04-17T21:06:08.034+0000] {logging_mixin.py:188} INFO - [2024-04-17T21:06:08.034+0000] {dag.py:3954} INFO - Setting next_dagrun for example_task_group to 2024-04-16 00:00:00+00:00, run_after=2024-04-17 00:00:00+00:00
[2024-04-17T21:06:08.163+0000] {processor.py:183} INFO - Processing /home/airflow/.local/lib/python3.12/site-packages/airflow/example_dags/example_task_group.py took 0.378 seconds
[2024-04-17T21:06:39.384+0000] {processor.py:161} INFO - Started process (PID=280) to work on /home/airflow/.local/lib/python3.12/site-packages/airflow/example_dags/example_task_group.py
[2024-04-17T21:06:39.400+0000] {processor.py:830} INFO - Processing file /home/airflow/.local/lib/python3.12/site-packages/airflow/example_dags/example_task_group.py for tasks to queue
[2024-04-17T21:06:39.419+0000] {logging_mixin.py:188} INFO - [2024-04-17T21:06:39.418+0000] {dagbag.py:540} INFO - Filling up the DagBag from /home/airflow/.local/lib/python3.12/site-packages/airflow/example_dags/example_task_group.py
[2024-04-17T21:06:39.468+0000] {processor.py:840} INFO - DAG(s) 'example_task_group' retrieved from /home/airflow/.local/lib/python3.12/site-packages/airflow/example_dags/example_task_group.py
[2024-04-17T21:06:39.695+0000] {logging_mixin.py:188} INFO - [2024-04-17T21:06:39.693+0000] {dag.py:3096} INFO - Sync 1 DAGs
[2024-04-17T21:06:39.884+0000] {logging_mixin.py:188} INFO - [2024-04-17T21:06:39.884+0000] {dag.py:3954} INFO - Setting next_dagrun for example_task_group to 2024-04-16 00:00:00+00:00, run_after=2024-04-17 00:00:00+00:00
[2024-04-17T21:06:40.004+0000] {processor.py:183} INFO - Processing /home/airflow/.local/lib/python3.12/site-packages/airflow/example_dags/example_task_group.py took 0.708 seconds
[2024-04-17T21:07:11.569+0000] {processor.py:161} INFO - Started process (PID=338) to work on /home/airflow/.local/lib/python3.12/site-packages/airflow/example_dags/example_task_group.py
[2024-04-17T21:07:11.618+0000] {processor.py:830} INFO - Processing file /home/airflow/.local/lib/python3.12/site-packages/airflow/example_dags/example_task_group.py for tasks to queue
[2024-04-17T21:07:11.631+0000] {logging_mixin.py:188} INFO - [2024-04-17T21:07:11.630+0000] {dagbag.py:540} INFO - Filling up the DagBag from /home/airflow/.local/lib/python3.12/site-packages/airflow/example_dags/example_task_group.py
[2024-04-17T21:07:11.669+0000] {processor.py:840} INFO - DAG(s) 'example_task_group' retrieved from /home/airflow/.local/lib/python3.12/site-packages/airflow/example_dags/example_task_group.py
[2024-04-17T21:07:11.899+0000] {logging_mixin.py:188} INFO - [2024-04-17T21:07:11.899+0000] {dag.py:3096} INFO - Sync 1 DAGs
[2024-04-17T21:07:11.985+0000] {logging_mixin.py:188} INFO - [2024-04-17T21:07:11.984+0000] {dag.py:3954} INFO - Setting next_dagrun for example_task_group to 2024-04-16 00:00:00+00:00, run_after=2024-04-17 00:00:00+00:00
[2024-04-17T21:07:12.424+0000] {processor.py:183} INFO - Processing /home/airflow/.local/lib/python3.12/site-packages/airflow/example_dags/example_task_group.py took 0.901 seconds
[2024-04-17T21:07:42.632+0000] {processor.py:161} INFO - Started process (PID=396) to work on /home/airflow/.local/lib/python3.12/site-packages/airflow/example_dags/example_task_group.py
[2024-04-17T21:07:42.635+0000] {processor.py:830} INFO - Processing file /home/airflow/.local/lib/python3.12/site-packages/airflow/example_dags/example_task_group.py for tasks to queue
[2024-04-17T21:07:42.639+0000] {logging_mixin.py:188} INFO - [2024-04-17T21:07:42.638+0000] {dagbag.py:540} INFO - Filling up the DagBag from /home/airflow/.local/lib/python3.12/site-packages/airflow/example_dags/example_task_group.py
[2024-04-17T21:07:42.653+0000] {processor.py:840} INFO - DAG(s) 'example_task_group' retrieved from /home/airflow/.local/lib/python3.12/site-packages/airflow/example_dags/example_task_group.py
[2024-04-17T21:07:42.730+0000] {logging_mixin.py:188} INFO - [2024-04-17T21:07:42.730+0000] {dag.py:3096} INFO - Sync 1 DAGs
[2024-04-17T21:07:42.877+0000] {logging_mixin.py:188} INFO - [2024-04-17T21:07:42.876+0000] {dag.py:3954} INFO - Setting next_dagrun for example_task_group to 2024-04-16 00:00:00+00:00, run_after=2024-04-17 00:00:00+00:00
[2024-04-17T21:07:42.974+0000] {processor.py:183} INFO - Processing /home/airflow/.local/lib/python3.12/site-packages/airflow/example_dags/example_task_group.py took 0.351 seconds
[2024-04-17T21:08:13.538+0000] {processor.py:161} INFO - Started process (PID=454) to work on /home/airflow/.local/lib/python3.12/site-packages/airflow/example_dags/example_task_group.py
[2024-04-17T21:08:13.546+0000] {processor.py:830} INFO - Processing file /home/airflow/.local/lib/python3.12/site-packages/airflow/example_dags/example_task_group.py for tasks to queue
[2024-04-17T21:08:13.553+0000] {logging_mixin.py:188} INFO - [2024-04-17T21:08:13.550+0000] {dagbag.py:540} INFO - Filling up the DagBag from /home/airflow/.local/lib/python3.12/site-packages/airflow/example_dags/example_task_group.py
[2024-04-17T21:08:13.586+0000] {processor.py:840} INFO - DAG(s) 'example_task_group' retrieved from /home/airflow/.local/lib/python3.12/site-packages/airflow/example_dags/example_task_group.py
[2024-04-17T21:08:13.694+0000] {logging_mixin.py:188} INFO - [2024-04-17T21:08:13.694+0000] {dag.py:3096} INFO - Sync 1 DAGs
[2024-04-17T21:08:13.872+0000] {logging_mixin.py:188} INFO - [2024-04-17T21:08:13.871+0000] {dag.py:3954} INFO - Setting next_dagrun for example_task_group to 2024-04-16 00:00:00+00:00, run_after=2024-04-17 00:00:00+00:00
[2024-04-17T21:08:14.409+0000] {processor.py:183} INFO - Processing /home/airflow/.local/lib/python3.12/site-packages/airflow/example_dags/example_task_group.py took 0.896 seconds
[2024-04-17T21:08:44.619+0000] {processor.py:161} INFO - Started process (PID=512) to work on /home/airflow/.local/lib/python3.12/site-packages/airflow/example_dags/example_task_group.py
[2024-04-17T21:08:44.633+0000] {processor.py:830} INFO - Processing file /home/airflow/.local/lib/python3.12/site-packages/airflow/example_dags/example_task_group.py for tasks to queue
[2024-04-17T21:08:44.642+0000] {logging_mixin.py:188} INFO - [2024-04-17T21:08:44.641+0000] {dagbag.py:540} INFO - Filling up the DagBag from /home/airflow/.local/lib/python3.12/site-packages/airflow/example_dags/example_task_group.py
[2024-04-17T21:08:44.688+0000] {processor.py:840} INFO - DAG(s) 'example_task_group' retrieved from /home/airflow/.local/lib/python3.12/site-packages/airflow/example_dags/example_task_group.py
[2024-04-17T21:08:44.806+0000] {logging_mixin.py:188} INFO - [2024-04-17T21:08:44.797+0000] {dag.py:3096} INFO - Sync 1 DAGs
[2024-04-17T21:08:44.898+0000] {logging_mixin.py:188} INFO - [2024-04-17T21:08:44.897+0000] {dag.py:3954} INFO - Setting next_dagrun for example_task_group to 2024-04-16 00:00:00+00:00, run_after=2024-04-17 00:00:00+00:00
[2024-04-17T21:08:44.967+0000] {processor.py:183} INFO - Processing /home/airflow/.local/lib/python3.12/site-packages/airflow/example_dags/example_task_group.py took 0.397 seconds
[2024-04-17T21:09:16.183+0000] {processor.py:161} INFO - Started process (PID=570) to work on /home/airflow/.local/lib/python3.12/site-packages/airflow/example_dags/example_task_group.py
[2024-04-17T21:09:16.194+0000] {processor.py:830} INFO - Processing file /home/airflow/.local/lib/python3.12/site-packages/airflow/example_dags/example_task_group.py for tasks to queue
[2024-04-17T21:09:16.208+0000] {logging_mixin.py:188} INFO - [2024-04-17T21:09:16.207+0000] {dagbag.py:540} INFO - Filling up the DagBag from /home/airflow/.local/lib/python3.12/site-packages/airflow/example_dags/example_task_group.py
[2024-04-17T21:09:16.251+0000] {processor.py:840} INFO - DAG(s) 'example_task_group' retrieved from /home/airflow/.local/lib/python3.12/site-packages/airflow/example_dags/example_task_group.py
[2024-04-17T21:09:16.339+0000] {logging_mixin.py:188} INFO - [2024-04-17T21:09:16.338+0000] {dag.py:3096} INFO - Sync 1 DAGs
[2024-04-17T21:09:16.455+0000] {logging_mixin.py:188} INFO - [2024-04-17T21:09:16.454+0000] {dag.py:3954} INFO - Setting next_dagrun for example_task_group to 2024-04-16 00:00:00+00:00, run_after=2024-04-17 00:00:00+00:00
[2024-04-17T21:09:16.625+0000] {processor.py:183} INFO - Processing /home/airflow/.local/lib/python3.12/site-packages/airflow/example_dags/example_task_group.py took 0.465 seconds
[2024-04-17T21:09:47.253+0000] {processor.py:161} INFO - Started process (PID=628) to work on /home/airflow/.local/lib/python3.12/site-packages/airflow/example_dags/example_task_group.py
[2024-04-17T21:09:47.255+0000] {processor.py:830} INFO - Processing file /home/airflow/.local/lib/python3.12/site-packages/airflow/example_dags/example_task_group.py for tasks to queue
[2024-04-17T21:09:47.258+0000] {logging_mixin.py:188} INFO - [2024-04-17T21:09:47.257+0000] {dagbag.py:540} INFO - Filling up the DagBag from /home/airflow/.local/lib/python3.12/site-packages/airflow/example_dags/example_task_group.py
[2024-04-17T21:09:47.270+0000] {processor.py:840} INFO - DAG(s) 'example_task_group' retrieved from /home/airflow/.local/lib/python3.12/site-packages/airflow/example_dags/example_task_group.py
[2024-04-17T21:09:47.308+0000] {logging_mixin.py:188} INFO - [2024-04-17T21:09:47.308+0000] {dag.py:3096} INFO - Sync 1 DAGs
[2024-04-17T21:09:47.348+0000] {logging_mixin.py:188} INFO - [2024-04-17T21:09:47.347+0000] {dag.py:3954} INFO - Setting next_dagrun for example_task_group to 2024-04-16 00:00:00+00:00, run_after=2024-04-17 00:00:00+00:00
[2024-04-17T21:09:47.390+0000] {processor.py:183} INFO - Processing /home/airflow/.local/lib/python3.12/site-packages/airflow/example_dags/example_task_group.py took 0.147 seconds
[2024-04-17T21:10:17.627+0000] {processor.py:161} INFO - Started process (PID=686) to work on /home/airflow/.local/lib/python3.12/site-packages/airflow/example_dags/example_task_group.py
[2024-04-17T21:10:17.628+0000] {processor.py:830} INFO - Processing file /home/airflow/.local/lib/python3.12/site-packages/airflow/example_dags/example_task_group.py for tasks to queue
[2024-04-17T21:10:17.632+0000] {logging_mixin.py:188} INFO - [2024-04-17T21:10:17.631+0000] {dagbag.py:540} INFO - Filling up the DagBag from /home/airflow/.local/lib/python3.12/site-packages/airflow/example_dags/example_task_group.py
[2024-04-17T21:10:17.645+0000] {processor.py:840} INFO - DAG(s) 'example_task_group' retrieved from /home/airflow/.local/lib/python3.12/site-packages/airflow/example_dags/example_task_group.py
[2024-04-17T21:10:17.685+0000] {logging_mixin.py:188} INFO - [2024-04-17T21:10:17.684+0000] {dag.py:3096} INFO - Sync 1 DAGs
[2024-04-17T21:10:17.727+0000] {logging_mixin.py:188} INFO - [2024-04-17T21:10:17.727+0000] {dag.py:3954} INFO - Setting next_dagrun for example_task_group to 2024-04-16 00:00:00+00:00, run_after=2024-04-17 00:00:00+00:00
[2024-04-17T21:10:17.772+0000] {processor.py:183} INFO - Processing /home/airflow/.local/lib/python3.12/site-packages/airflow/example_dags/example_task_group.py took 0.154 seconds
[2024-04-17T21:10:47.997+0000] {processor.py:161} INFO - Started process (PID=745) to work on /home/airflow/.local/lib/python3.12/site-packages/airflow/example_dags/example_task_group.py
[2024-04-17T21:10:47.998+0000] {processor.py:830} INFO - Processing file /home/airflow/.local/lib/python3.12/site-packages/airflow/example_dags/example_task_group.py for tasks to queue
[2024-04-17T21:10:48.002+0000] {logging_mixin.py:188} INFO - [2024-04-17T21:10:48.001+0000] {dagbag.py:540} INFO - Filling up the DagBag from /home/airflow/.local/lib/python3.12/site-packages/airflow/example_dags/example_task_group.py
[2024-04-17T21:10:48.016+0000] {processor.py:840} INFO - DAG(s) 'example_task_group' retrieved from /home/airflow/.local/lib/python3.12/site-packages/airflow/example_dags/example_task_group.py
[2024-04-17T21:10:48.058+0000] {logging_mixin.py:188} INFO - [2024-04-17T21:10:48.058+0000] {dag.py:3096} INFO - Sync 1 DAGs
[2024-04-17T21:10:48.100+0000] {logging_mixin.py:188} INFO - [2024-04-17T21:10:48.100+0000] {dag.py:3954} INFO - Setting next_dagrun for example_task_group to 2024-04-16 00:00:00+00:00, run_after=2024-04-17 00:00:00+00:00
[2024-04-17T21:10:48.147+0000] {processor.py:183} INFO - Processing /home/airflow/.local/lib/python3.12/site-packages/airflow/example_dags/example_task_group.py took 0.161 seconds
[2024-04-17T21:11:18.973+0000] {processor.py:161} INFO - Started process (PID=803) to work on /home/airflow/.local/lib/python3.12/site-packages/airflow/example_dags/example_task_group.py
[2024-04-17T21:11:18.975+0000] {processor.py:830} INFO - Processing file /home/airflow/.local/lib/python3.12/site-packages/airflow/example_dags/example_task_group.py for tasks to queue
[2024-04-17T21:11:18.978+0000] {logging_mixin.py:188} INFO - [2024-04-17T21:11:18.977+0000] {dagbag.py:540} INFO - Filling up the DagBag from /home/airflow/.local/lib/python3.12/site-packages/airflow/example_dags/example_task_group.py
[2024-04-17T21:11:18.986+0000] {processor.py:840} INFO - DAG(s) 'example_task_group' retrieved from /home/airflow/.local/lib/python3.12/site-packages/airflow/example_dags/example_task_group.py
[2024-04-17T21:11:19.019+0000] {logging_mixin.py:188} INFO - [2024-04-17T21:11:19.018+0000] {dag.py:3096} INFO - Sync 1 DAGs
[2024-04-17T21:11:19.057+0000] {logging_mixin.py:188} INFO - [2024-04-17T21:11:19.057+0000] {dag.py:3954} INFO - Setting next_dagrun for example_task_group to 2024-04-16 00:00:00+00:00, run_after=2024-04-17 00:00:00+00:00
[2024-04-17T21:11:19.096+0000] {processor.py:183} INFO - Processing /home/airflow/.local/lib/python3.12/site-packages/airflow/example_dags/example_task_group.py took 0.132 seconds
[2024-04-17T21:11:49.720+0000] {processor.py:161} INFO - Started process (PID=861) to work on /home/airflow/.local/lib/python3.12/site-packages/airflow/example_dags/example_task_group.py
[2024-04-17T21:11:49.721+0000] {processor.py:830} INFO - Processing file /home/airflow/.local/lib/python3.12/site-packages/airflow/example_dags/example_task_group.py for tasks to queue
[2024-04-17T21:11:49.724+0000] {logging_mixin.py:188} INFO - [2024-04-17T21:11:49.723+0000] {dagbag.py:540} INFO - Filling up the DagBag from /home/airflow/.local/lib/python3.12/site-packages/airflow/example_dags/example_task_group.py
[2024-04-17T21:11:49.733+0000] {processor.py:840} INFO - DAG(s) 'example_task_group' retrieved from /home/airflow/.local/lib/python3.12/site-packages/airflow/example_dags/example_task_group.py
[2024-04-17T21:11:49.766+0000] {logging_mixin.py:188} INFO - [2024-04-17T21:11:49.765+0000] {dag.py:3096} INFO - Sync 1 DAGs
[2024-04-17T21:11:49.798+0000] {logging_mixin.py:188} INFO - [2024-04-17T21:11:49.798+0000] {dag.py:3954} INFO - Setting next_dagrun for example_task_group to 2024-04-16 00:00:00+00:00, run_after=2024-04-17 00:00:00+00:00
[2024-04-17T21:11:49.837+0000] {processor.py:183} INFO - Processing /home/airflow/.local/lib/python3.12/site-packages/airflow/example_dags/example_task_group.py took 0.124 seconds
[2024-04-17T21:12:20.326+0000] {processor.py:161} INFO - Started process (PID=919) to work on /home/airflow/.local/lib/python3.12/site-packages/airflow/example_dags/example_task_group.py
[2024-04-17T21:12:20.327+0000] {processor.py:830} INFO - Processing file /home/airflow/.local/lib/python3.12/site-packages/airflow/example_dags/example_task_group.py for tasks to queue
[2024-04-17T21:12:20.331+0000] {logging_mixin.py:188} INFO - [2024-04-17T21:12:20.331+0000] {dagbag.py:540} INFO - Filling up the DagBag from /home/airflow/.local/lib/python3.12/site-packages/airflow/example_dags/example_task_group.py
[2024-04-17T21:12:20.349+0000] {processor.py:840} INFO - DAG(s) 'example_task_group' retrieved from /home/airflow/.local/lib/python3.12/site-packages/airflow/example_dags/example_task_group.py
[2024-04-17T21:12:20.394+0000] {logging_mixin.py:188} INFO - [2024-04-17T21:12:20.394+0000] {dag.py:3096} INFO - Sync 1 DAGs
[2024-04-17T21:12:20.446+0000] {logging_mixin.py:188} INFO - [2024-04-17T21:12:20.445+0000] {dag.py:3954} INFO - Setting next_dagrun for example_task_group to 2024-04-16 00:00:00+00:00, run_after=2024-04-17 00:00:00+00:00
[2024-04-17T21:12:20.488+0000] {processor.py:183} INFO - Processing /home/airflow/.local/lib/python3.12/site-packages/airflow/example_dags/example_task_group.py took 0.171 seconds
[2024-04-17T21:12:51.210+0000] {processor.py:161} INFO - Started process (PID=977) to work on /home/airflow/.local/lib/python3.12/site-packages/airflow/example_dags/example_task_group.py
[2024-04-17T21:12:51.212+0000] {processor.py:830} INFO - Processing file /home/airflow/.local/lib/python3.12/site-packages/airflow/example_dags/example_task_group.py for tasks to queue
[2024-04-17T21:12:51.216+0000] {logging_mixin.py:188} INFO - [2024-04-17T21:12:51.215+0000] {dagbag.py:540} INFO - Filling up the DagBag from /home/airflow/.local/lib/python3.12/site-packages/airflow/example_dags/example_task_group.py
[2024-04-17T21:12:51.228+0000] {processor.py:840} INFO - DAG(s) 'example_task_group' retrieved from /home/airflow/.local/lib/python3.12/site-packages/airflow/example_dags/example_task_group.py
[2024-04-17T21:12:51.293+0000] {logging_mixin.py:188} INFO - [2024-04-17T21:12:51.292+0000] {dag.py:3096} INFO - Sync 1 DAGs
[2024-04-17T21:12:51.375+0000] {logging_mixin.py:188} INFO - [2024-04-17T21:12:51.375+0000] {dag.py:3954} INFO - Setting next_dagrun for example_task_group to 2024-04-16 00:00:00+00:00, run_after=2024-04-17 00:00:00+00:00
[2024-04-17T21:12:51.414+0000] {processor.py:183} INFO - Processing /home/airflow/.local/lib/python3.12/site-packages/airflow/example_dags/example_task_group.py took 0.216 seconds
[2024-04-17T21:13:21.960+0000] {processor.py:161} INFO - Started process (PID=1035) to work on /home/airflow/.local/lib/python3.12/site-packages/airflow/example_dags/example_task_group.py
[2024-04-17T21:13:21.962+0000] {processor.py:830} INFO - Processing file /home/airflow/.local/lib/python3.12/site-packages/airflow/example_dags/example_task_group.py for tasks to queue
[2024-04-17T21:13:21.966+0000] {logging_mixin.py:188} INFO - [2024-04-17T21:13:21.965+0000] {dagbag.py:540} INFO - Filling up the DagBag from /home/airflow/.local/lib/python3.12/site-packages/airflow/example_dags/example_task_group.py
[2024-04-17T21:13:21.984+0000] {processor.py:840} INFO - DAG(s) 'example_task_group' retrieved from /home/airflow/.local/lib/python3.12/site-packages/airflow/example_dags/example_task_group.py
[2024-04-17T21:13:22.034+0000] {logging_mixin.py:188} INFO - [2024-04-17T21:13:22.033+0000] {dag.py:3096} INFO - Sync 1 DAGs
[2024-04-17T21:13:22.089+0000] {logging_mixin.py:188} INFO - [2024-04-17T21:13:22.088+0000] {dag.py:3954} INFO - Setting next_dagrun for example_task_group to 2024-04-16 00:00:00+00:00, run_after=2024-04-17 00:00:00+00:00
[2024-04-17T21:13:22.133+0000] {processor.py:183} INFO - Processing /home/airflow/.local/lib/python3.12/site-packages/airflow/example_dags/example_task_group.py took 0.185 seconds
[2024-04-17T21:14:53.830+0000] {processor.py:161} INFO - Started process (PID=39) to work on /home/airflow/.local/lib/python3.12/site-packages/airflow/example_dags/example_task_group.py
[2024-04-17T21:14:53.831+0000] {processor.py:830} INFO - Processing file /home/airflow/.local/lib/python3.12/site-packages/airflow/example_dags/example_task_group.py for tasks to queue
[2024-04-17T21:14:53.835+0000] {logging_mixin.py:188} INFO - [2024-04-17T21:14:53.834+0000] {dagbag.py:540} INFO - Filling up the DagBag from /home/airflow/.local/lib/python3.12/site-packages/airflow/example_dags/example_task_group.py
[2024-04-17T21:14:53.858+0000] {processor.py:840} INFO - DAG(s) 'example_task_group' retrieved from /home/airflow/.local/lib/python3.12/site-packages/airflow/example_dags/example_task_group.py
[2024-04-17T21:14:54.298+0000] {logging_mixin.py:188} INFO - [2024-04-17T21:14:54.297+0000] {dag.py:3096} INFO - Sync 1 DAGs
[2024-04-17T21:14:54.368+0000] {logging_mixin.py:188} INFO - [2024-04-17T21:14:54.367+0000] {dag.py:3954} INFO - Setting next_dagrun for example_task_group to 2024-04-16 00:00:00+00:00, run_after=2024-04-17 00:00:00+00:00
[2024-04-17T21:14:54.431+0000] {processor.py:183} INFO - Processing /home/airflow/.local/lib/python3.12/site-packages/airflow/example_dags/example_task_group.py took 0.612 seconds
[2024-04-17T21:15:24.812+0000] {processor.py:161} INFO - Started process (PID=97) to work on /home/airflow/.local/lib/python3.12/site-packages/airflow/example_dags/example_task_group.py
[2024-04-17T21:15:24.815+0000] {processor.py:830} INFO - Processing file /home/airflow/.local/lib/python3.12/site-packages/airflow/example_dags/example_task_group.py for tasks to queue
[2024-04-17T21:15:24.821+0000] {logging_mixin.py:188} INFO - [2024-04-17T21:15:24.820+0000] {dagbag.py:540} INFO - Filling up the DagBag from /home/airflow/.local/lib/python3.12/site-packages/airflow/example_dags/example_task_group.py
[2024-04-17T21:15:24.853+0000] {processor.py:840} INFO - DAG(s) 'example_task_group' retrieved from /home/airflow/.local/lib/python3.12/site-packages/airflow/example_dags/example_task_group.py
[2024-04-17T21:15:24.985+0000] {logging_mixin.py:188} INFO - [2024-04-17T21:15:24.984+0000] {dag.py:3096} INFO - Sync 1 DAGs
[2024-04-17T21:15:25.133+0000] {logging_mixin.py:188} INFO - [2024-04-17T21:15:25.132+0000] {dag.py:3954} INFO - Setting next_dagrun for example_task_group to 2024-04-16 00:00:00+00:00, run_after=2024-04-17 00:00:00+00:00
[2024-04-17T21:15:25.322+0000] {processor.py:183} INFO - Processing /home/airflow/.local/lib/python3.12/site-packages/airflow/example_dags/example_task_group.py took 0.533 seconds
[2024-04-17T21:15:55.524+0000] {processor.py:161} INFO - Started process (PID=155) to work on /home/airflow/.local/lib/python3.12/site-packages/airflow/example_dags/example_task_group.py
[2024-04-17T21:15:55.526+0000] {processor.py:830} INFO - Processing file /home/airflow/.local/lib/python3.12/site-packages/airflow/example_dags/example_task_group.py for tasks to queue
[2024-04-17T21:15:55.530+0000] {logging_mixin.py:188} INFO - [2024-04-17T21:15:55.529+0000] {dagbag.py:540} INFO - Filling up the DagBag from /home/airflow/.local/lib/python3.12/site-packages/airflow/example_dags/example_task_group.py
[2024-04-17T21:15:55.547+0000] {processor.py:840} INFO - DAG(s) 'example_task_group' retrieved from /home/airflow/.local/lib/python3.12/site-packages/airflow/example_dags/example_task_group.py
[2024-04-17T21:15:55.590+0000] {logging_mixin.py:188} INFO - [2024-04-17T21:15:55.589+0000] {dag.py:3096} INFO - Sync 1 DAGs
[2024-04-17T21:15:55.637+0000] {logging_mixin.py:188} INFO - [2024-04-17T21:15:55.636+0000] {dag.py:3954} INFO - Setting next_dagrun for example_task_group to 2024-04-16 00:00:00+00:00, run_after=2024-04-17 00:00:00+00:00
[2024-04-17T21:15:55.753+0000] {processor.py:183} INFO - Processing /home/airflow/.local/lib/python3.12/site-packages/airflow/example_dags/example_task_group.py took 0.237 seconds
[2024-04-17T21:16:25.831+0000] {processor.py:161} INFO - Started process (PID=213) to work on /home/airflow/.local/lib/python3.12/site-packages/airflow/example_dags/example_task_group.py
[2024-04-17T21:16:25.833+0000] {processor.py:830} INFO - Processing file /home/airflow/.local/lib/python3.12/site-packages/airflow/example_dags/example_task_group.py for tasks to queue
[2024-04-17T21:16:25.837+0000] {logging_mixin.py:188} INFO - [2024-04-17T21:16:25.836+0000] {dagbag.py:540} INFO - Filling up the DagBag from /home/airflow/.local/lib/python3.12/site-packages/airflow/example_dags/example_task_group.py
[2024-04-17T21:16:25.853+0000] {processor.py:840} INFO - DAG(s) 'example_task_group' retrieved from /home/airflow/.local/lib/python3.12/site-packages/airflow/example_dags/example_task_group.py
[2024-04-17T21:16:25.889+0000] {logging_mixin.py:188} INFO - [2024-04-17T21:16:25.888+0000] {dag.py:3096} INFO - Sync 1 DAGs
[2024-04-17T21:16:25.928+0000] {logging_mixin.py:188} INFO - [2024-04-17T21:16:25.928+0000] {dag.py:3954} INFO - Setting next_dagrun for example_task_group to 2024-04-16 00:00:00+00:00, run_after=2024-04-17 00:00:00+00:00
[2024-04-17T21:16:25.966+0000] {processor.py:183} INFO - Processing /home/airflow/.local/lib/python3.12/site-packages/airflow/example_dags/example_task_group.py took 0.142 seconds
[2024-04-17T21:16:56.288+0000] {processor.py:161} INFO - Started process (PID=271) to work on /home/airflow/.local/lib/python3.12/site-packages/airflow/example_dags/example_task_group.py
[2024-04-17T21:16:56.290+0000] {processor.py:830} INFO - Processing file /home/airflow/.local/lib/python3.12/site-packages/airflow/example_dags/example_task_group.py for tasks to queue
[2024-04-17T21:16:56.294+0000] {logging_mixin.py:188} INFO - [2024-04-17T21:16:56.293+0000] {dagbag.py:540} INFO - Filling up the DagBag from /home/airflow/.local/lib/python3.12/site-packages/airflow/example_dags/example_task_group.py
[2024-04-17T21:16:56.308+0000] {processor.py:840} INFO - DAG(s) 'example_task_group' retrieved from /home/airflow/.local/lib/python3.12/site-packages/airflow/example_dags/example_task_group.py
[2024-04-17T21:16:56.349+0000] {logging_mixin.py:188} INFO - [2024-04-17T21:16:56.348+0000] {dag.py:3096} INFO - Sync 1 DAGs
[2024-04-17T21:16:56.392+0000] {logging_mixin.py:188} INFO - [2024-04-17T21:16:56.391+0000] {dag.py:3954} INFO - Setting next_dagrun for example_task_group to 2024-04-16 00:00:00+00:00, run_after=2024-04-17 00:00:00+00:00
[2024-04-17T21:16:56.430+0000] {processor.py:183} INFO - Processing /home/airflow/.local/lib/python3.12/site-packages/airflow/example_dags/example_task_group.py took 0.156 seconds
[2024-04-17T21:17:26.911+0000] {processor.py:161} INFO - Started process (PID=329) to work on /home/airflow/.local/lib/python3.12/site-packages/airflow/example_dags/example_task_group.py
[2024-04-17T21:17:26.913+0000] {processor.py:830} INFO - Processing file /home/airflow/.local/lib/python3.12/site-packages/airflow/example_dags/example_task_group.py for tasks to queue
[2024-04-17T21:17:26.916+0000] {logging_mixin.py:188} INFO - [2024-04-17T21:17:26.915+0000] {dagbag.py:540} INFO - Filling up the DagBag from /home/airflow/.local/lib/python3.12/site-packages/airflow/example_dags/example_task_group.py
[2024-04-17T21:17:26.939+0000] {processor.py:840} INFO - DAG(s) 'example_task_group' retrieved from /home/airflow/.local/lib/python3.12/site-packages/airflow/example_dags/example_task_group.py
[2024-04-17T21:17:27.019+0000] {logging_mixin.py:188} INFO - [2024-04-17T21:17:27.018+0000] {dag.py:3096} INFO - Sync 1 DAGs
[2024-04-17T21:17:27.088+0000] {logging_mixin.py:188} INFO - [2024-04-17T21:17:27.087+0000] {dag.py:3954} INFO - Setting next_dagrun for example_task_group to 2024-04-16 00:00:00+00:00, run_after=2024-04-17 00:00:00+00:00
[2024-04-17T21:17:27.137+0000] {processor.py:183} INFO - Processing /home/airflow/.local/lib/python3.12/site-packages/airflow/example_dags/example_task_group.py took 0.244 seconds
[2024-04-17T21:17:57.717+0000] {processor.py:161} INFO - Started process (PID=387) to work on /home/airflow/.local/lib/python3.12/site-packages/airflow/example_dags/example_task_group.py
[2024-04-17T21:17:57.718+0000] {processor.py:830} INFO - Processing file /home/airflow/.local/lib/python3.12/site-packages/airflow/example_dags/example_task_group.py for tasks to queue
[2024-04-17T21:17:57.722+0000] {logging_mixin.py:188} INFO - [2024-04-17T21:17:57.721+0000] {dagbag.py:540} INFO - Filling up the DagBag from /home/airflow/.local/lib/python3.12/site-packages/airflow/example_dags/example_task_group.py
[2024-04-17T21:17:57.735+0000] {processor.py:840} INFO - DAG(s) 'example_task_group' retrieved from /home/airflow/.local/lib/python3.12/site-packages/airflow/example_dags/example_task_group.py
[2024-04-17T21:17:57.804+0000] {logging_mixin.py:188} INFO - [2024-04-17T21:17:57.794+0000] {dag.py:3096} INFO - Sync 1 DAGs
[2024-04-17T21:17:57.894+0000] {logging_mixin.py:188} INFO - [2024-04-17T21:17:57.894+0000] {dag.py:3954} INFO - Setting next_dagrun for example_task_group to 2024-04-16 00:00:00+00:00, run_after=2024-04-17 00:00:00+00:00
[2024-04-17T21:17:57.944+0000] {processor.py:183} INFO - Processing /home/airflow/.local/lib/python3.12/site-packages/airflow/example_dags/example_task_group.py took 0.242 seconds
[2024-04-17T21:18:28.948+0000] {processor.py:161} INFO - Started process (PID=445) to work on /home/airflow/.local/lib/python3.12/site-packages/airflow/example_dags/example_task_group.py
[2024-04-17T21:18:28.949+0000] {processor.py:830} INFO - Processing file /home/airflow/.local/lib/python3.12/site-packages/airflow/example_dags/example_task_group.py for tasks to queue
[2024-04-17T21:18:28.952+0000] {logging_mixin.py:188} INFO - [2024-04-17T21:18:28.952+0000] {dagbag.py:540} INFO - Filling up the DagBag from /home/airflow/.local/lib/python3.12/site-packages/airflow/example_dags/example_task_group.py
[2024-04-17T21:18:28.961+0000] {processor.py:840} INFO - DAG(s) 'example_task_group' retrieved from /home/airflow/.local/lib/python3.12/site-packages/airflow/example_dags/example_task_group.py
[2024-04-17T21:18:28.995+0000] {logging_mixin.py:188} INFO - [2024-04-17T21:18:28.994+0000] {dag.py:3096} INFO - Sync 1 DAGs
[2024-04-17T21:18:29.034+0000] {logging_mixin.py:188} INFO - [2024-04-17T21:18:29.034+0000] {dag.py:3954} INFO - Setting next_dagrun for example_task_group to 2024-04-16 00:00:00+00:00, run_after=2024-04-17 00:00:00+00:00
[2024-04-17T21:18:29.074+0000] {processor.py:183} INFO - Processing /home/airflow/.local/lib/python3.12/site-packages/airflow/example_dags/example_task_group.py took 0.134 seconds
[2024-04-17T21:18:59.675+0000] {processor.py:161} INFO - Started process (PID=503) to work on /home/airflow/.local/lib/python3.12/site-packages/airflow/example_dags/example_task_group.py
[2024-04-17T21:18:59.677+0000] {processor.py:830} INFO - Processing file /home/airflow/.local/lib/python3.12/site-packages/airflow/example_dags/example_task_group.py for tasks to queue
[2024-04-17T21:18:59.679+0000] {logging_mixin.py:188} INFO - [2024-04-17T21:18:59.679+0000] {dagbag.py:540} INFO - Filling up the DagBag from /home/airflow/.local/lib/python3.12/site-packages/airflow/example_dags/example_task_group.py
[2024-04-17T21:18:59.692+0000] {processor.py:840} INFO - DAG(s) 'example_task_group' retrieved from /home/airflow/.local/lib/python3.12/site-packages/airflow/example_dags/example_task_group.py
[2024-04-17T21:18:59.738+0000] {logging_mixin.py:188} INFO - [2024-04-17T21:18:59.738+0000] {dag.py:3096} INFO - Sync 1 DAGs
[2024-04-17T21:18:59.784+0000] {logging_mixin.py:188} INFO - [2024-04-17T21:18:59.783+0000] {dag.py:3954} INFO - Setting next_dagrun for example_task_group to 2024-04-16 00:00:00+00:00, run_after=2024-04-17 00:00:00+00:00
[2024-04-17T21:18:59.921+0000] {processor.py:183} INFO - Processing /home/airflow/.local/lib/python3.12/site-packages/airflow/example_dags/example_task_group.py took 0.255 seconds
[2024-04-17T21:19:30.014+0000] {processor.py:161} INFO - Started process (PID=561) to work on /home/airflow/.local/lib/python3.12/site-packages/airflow/example_dags/example_task_group.py
[2024-04-17T21:19:30.016+0000] {processor.py:830} INFO - Processing file /home/airflow/.local/lib/python3.12/site-packages/airflow/example_dags/example_task_group.py for tasks to queue
[2024-04-17T21:19:30.019+0000] {logging_mixin.py:188} INFO - [2024-04-17T21:19:30.019+0000] {dagbag.py:540} INFO - Filling up the DagBag from /home/airflow/.local/lib/python3.12/site-packages/airflow/example_dags/example_task_group.py
[2024-04-17T21:19:30.035+0000] {processor.py:840} INFO - DAG(s) 'example_task_group' retrieved from /home/airflow/.local/lib/python3.12/site-packages/airflow/example_dags/example_task_group.py
[2024-04-17T21:19:30.080+0000] {logging_mixin.py:188} INFO - [2024-04-17T21:19:30.079+0000] {dag.py:3096} INFO - Sync 1 DAGs
[2024-04-17T21:19:30.131+0000] {logging_mixin.py:188} INFO - [2024-04-17T21:19:30.130+0000] {dag.py:3954} INFO - Setting next_dagrun for example_task_group to 2024-04-16 00:00:00+00:00, run_after=2024-04-17 00:00:00+00:00
[2024-04-17T21:19:30.195+0000] {processor.py:183} INFO - Processing /home/airflow/.local/lib/python3.12/site-packages/airflow/example_dags/example_task_group.py took 0.191 seconds
[2024-04-17T23:57:37.801+0000] {processor.py:161} INFO - Started process (PID=37) to work on /home/airflow/.local/lib/python3.12/site-packages/airflow/example_dags/example_task_group.py
[2024-04-17T23:57:37.803+0000] {processor.py:830} INFO - Processing file /home/airflow/.local/lib/python3.12/site-packages/airflow/example_dags/example_task_group.py for tasks to queue
[2024-04-17T23:57:37.805+0000] {logging_mixin.py:188} INFO - [2024-04-17T23:57:37.805+0000] {dagbag.py:540} INFO - Filling up the DagBag from /home/airflow/.local/lib/python3.12/site-packages/airflow/example_dags/example_task_group.py
[2024-04-17T23:57:37.817+0000] {processor.py:840} INFO - DAG(s) 'example_task_group' retrieved from /home/airflow/.local/lib/python3.12/site-packages/airflow/example_dags/example_task_group.py
[2024-04-17T23:57:37.855+0000] {logging_mixin.py:188} INFO - [2024-04-17T23:57:37.854+0000] {dag.py:3096} INFO - Sync 1 DAGs
[2024-04-17T23:57:37.897+0000] {logging_mixin.py:188} INFO - [2024-04-17T23:57:37.897+0000] {dag.py:3954} INFO - Setting next_dagrun for example_task_group to 2024-04-16 00:00:00+00:00, run_after=2024-04-17 00:00:00+00:00
[2024-04-17T23:57:37.931+0000] {processor.py:183} INFO - Processing /home/airflow/.local/lib/python3.12/site-packages/airflow/example_dags/example_task_group.py took 0.137 seconds
[2024-04-17T23:58:08.278+0000] {processor.py:161} INFO - Started process (PID=95) to work on /home/airflow/.local/lib/python3.12/site-packages/airflow/example_dags/example_task_group.py
[2024-04-17T23:58:08.279+0000] {processor.py:830} INFO - Processing file /home/airflow/.local/lib/python3.12/site-packages/airflow/example_dags/example_task_group.py for tasks to queue
[2024-04-17T23:58:08.282+0000] {logging_mixin.py:188} INFO - [2024-04-17T23:58:08.281+0000] {dagbag.py:540} INFO - Filling up the DagBag from /home/airflow/.local/lib/python3.12/site-packages/airflow/example_dags/example_task_group.py
[2024-04-17T23:58:08.290+0000] {processor.py:840} INFO - DAG(s) 'example_task_group' retrieved from /home/airflow/.local/lib/python3.12/site-packages/airflow/example_dags/example_task_group.py
[2024-04-17T23:58:08.317+0000] {logging_mixin.py:188} INFO - [2024-04-17T23:58:08.317+0000] {dag.py:3096} INFO - Sync 1 DAGs
[2024-04-17T23:58:08.349+0000] {logging_mixin.py:188} INFO - [2024-04-17T23:58:08.349+0000] {dag.py:3954} INFO - Setting next_dagrun for example_task_group to 2024-04-16 00:00:00+00:00, run_after=2024-04-17 00:00:00+00:00
[2024-04-17T23:58:08.379+0000] {processor.py:183} INFO - Processing /home/airflow/.local/lib/python3.12/site-packages/airflow/example_dags/example_task_group.py took 0.107 seconds
[2024-04-17T23:58:38.538+0000] {processor.py:161} INFO - Started process (PID=153) to work on /home/airflow/.local/lib/python3.12/site-packages/airflow/example_dags/example_task_group.py
[2024-04-17T23:58:38.540+0000] {processor.py:830} INFO - Processing file /home/airflow/.local/lib/python3.12/site-packages/airflow/example_dags/example_task_group.py for tasks to queue
[2024-04-17T23:58:38.544+0000] {logging_mixin.py:188} INFO - [2024-04-17T23:58:38.543+0000] {dagbag.py:540} INFO - Filling up the DagBag from /home/airflow/.local/lib/python3.12/site-packages/airflow/example_dags/example_task_group.py
[2024-04-17T23:58:38.557+0000] {processor.py:840} INFO - DAG(s) 'example_task_group' retrieved from /home/airflow/.local/lib/python3.12/site-packages/airflow/example_dags/example_task_group.py
[2024-04-17T23:58:38.593+0000] {logging_mixin.py:188} INFO - [2024-04-17T23:58:38.592+0000] {dag.py:3096} INFO - Sync 1 DAGs
[2024-04-17T23:58:38.633+0000] {logging_mixin.py:188} INFO - [2024-04-17T23:58:38.633+0000] {dag.py:3954} INFO - Setting next_dagrun for example_task_group to 2024-04-16 00:00:00+00:00, run_after=2024-04-17 00:00:00+00:00
[2024-04-17T23:58:38.675+0000] {processor.py:183} INFO - Processing /home/airflow/.local/lib/python3.12/site-packages/airflow/example_dags/example_task_group.py took 0.146 seconds
[2024-04-17T23:59:09.036+0000] {processor.py:161} INFO - Started process (PID=211) to work on /home/airflow/.local/lib/python3.12/site-packages/airflow/example_dags/example_task_group.py
[2024-04-17T23:59:09.038+0000] {processor.py:830} INFO - Processing file /home/airflow/.local/lib/python3.12/site-packages/airflow/example_dags/example_task_group.py for tasks to queue
[2024-04-17T23:59:09.041+0000] {logging_mixin.py:188} INFO - [2024-04-17T23:59:09.041+0000] {dagbag.py:540} INFO - Filling up the DagBag from /home/airflow/.local/lib/python3.12/site-packages/airflow/example_dags/example_task_group.py
[2024-04-17T23:59:09.053+0000] {processor.py:840} INFO - DAG(s) 'example_task_group' retrieved from /home/airflow/.local/lib/python3.12/site-packages/airflow/example_dags/example_task_group.py
[2024-04-17T23:59:09.115+0000] {logging_mixin.py:188} INFO - [2024-04-17T23:59:09.114+0000] {dag.py:3096} INFO - Sync 1 DAGs
[2024-04-17T23:59:09.181+0000] {logging_mixin.py:188} INFO - [2024-04-17T23:59:09.181+0000] {dag.py:3954} INFO - Setting next_dagrun for example_task_group to 2024-04-16 00:00:00+00:00, run_after=2024-04-17 00:00:00+00:00
[2024-04-17T23:59:09.218+0000] {processor.py:183} INFO - Processing /home/airflow/.local/lib/python3.12/site-packages/airflow/example_dags/example_task_group.py took 0.192 seconds
[2024-04-17T23:59:40.200+0000] {processor.py:161} INFO - Started process (PID=270) to work on /home/airflow/.local/lib/python3.12/site-packages/airflow/example_dags/example_task_group.py
[2024-04-17T23:59:40.201+0000] {processor.py:830} INFO - Processing file /home/airflow/.local/lib/python3.12/site-packages/airflow/example_dags/example_task_group.py for tasks to queue
[2024-04-17T23:59:40.203+0000] {logging_mixin.py:188} INFO - [2024-04-17T23:59:40.203+0000] {dagbag.py:540} INFO - Filling up the DagBag from /home/airflow/.local/lib/python3.12/site-packages/airflow/example_dags/example_task_group.py
[2024-04-17T23:59:40.212+0000] {processor.py:840} INFO - DAG(s) 'example_task_group' retrieved from /home/airflow/.local/lib/python3.12/site-packages/airflow/example_dags/example_task_group.py
[2024-04-17T23:59:40.239+0000] {logging_mixin.py:188} INFO - [2024-04-17T23:59:40.238+0000] {dag.py:3096} INFO - Sync 1 DAGs
[2024-04-17T23:59:40.268+0000] {logging_mixin.py:188} INFO - [2024-04-17T23:59:40.268+0000] {dag.py:3954} INFO - Setting next_dagrun for example_task_group to 2024-04-16 00:00:00+00:00, run_after=2024-04-17 00:00:00+00:00
[2024-04-17T23:59:40.295+0000] {processor.py:183} INFO - Processing /home/airflow/.local/lib/python3.12/site-packages/airflow/example_dags/example_task_group.py took 0.101 seconds
