[2024-04-17T21:04:37.678+0000] {processor.py:161} INFO - Started process (PID=71) to work on /home/airflow/.local/lib/python3.12/site-packages/airflow/example_dags/example_xcomargs.py
[2024-04-17T21:04:37.689+0000] {processor.py:830} INFO - Processing file /home/airflow/.local/lib/python3.12/site-packages/airflow/example_dags/example_xcomargs.py for tasks to queue
[2024-04-17T21:04:37.694+0000] {logging_mixin.py:188} INFO - [2024-04-17T21:04:37.693+0000] {dagbag.py:540} INFO - Filling up the DagBag from /home/airflow/.local/lib/python3.12/site-packages/airflow/example_dags/example_xcomargs.py
[2024-04-17T21:04:37.917+0000] {processor.py:840} INFO - DAG(s) 'example_xcom_args_with_operators', 'example_xcom_args' retrieved from /home/airflow/.local/lib/python3.12/site-packages/airflow/example_dags/example_xcomargs.py
[2024-04-17T21:04:38.838+0000] {logging_mixin.py:188} INFO - [2024-04-17T21:04:38.837+0000] {dag.py:3096} INFO - Sync 2 DAGs
[2024-04-17T21:04:38.964+0000] {logging_mixin.py:188} INFO - [2024-04-17T21:04:38.963+0000] {dag.py:3954} INFO - Setting next_dagrun for example_xcom_args to None, run_after=None
[2024-04-17T21:04:39.027+0000] {logging_mixin.py:188} INFO - [2024-04-17T21:04:39.027+0000] {dag.py:3954} INFO - Setting next_dagrun for example_xcom_args_with_operators to None, run_after=None
[2024-04-17T21:04:40.944+0000] {processor.py:183} INFO - Processing /home/airflow/.local/lib/python3.12/site-packages/airflow/example_dags/example_xcomargs.py took 3.303 seconds
[2024-04-17T21:05:11.682+0000] {processor.py:161} INFO - Started process (PID=129) to work on /home/airflow/.local/lib/python3.12/site-packages/airflow/example_dags/example_xcomargs.py
[2024-04-17T21:05:11.737+0000] {processor.py:830} INFO - Processing file /home/airflow/.local/lib/python3.12/site-packages/airflow/example_dags/example_xcomargs.py for tasks to queue
[2024-04-17T21:05:11.754+0000] {logging_mixin.py:188} INFO - [2024-04-17T21:05:11.751+0000] {dagbag.py:540} INFO - Filling up the DagBag from /home/airflow/.local/lib/python3.12/site-packages/airflow/example_dags/example_xcomargs.py
[2024-04-17T21:05:11.798+0000] {processor.py:840} INFO - DAG(s) 'example_xcom_args_with_operators', 'example_xcom_args' retrieved from /home/airflow/.local/lib/python3.12/site-packages/airflow/example_dags/example_xcomargs.py
[2024-04-17T21:05:11.953+0000] {logging_mixin.py:188} INFO - [2024-04-17T21:05:11.953+0000] {dag.py:3096} INFO - Sync 2 DAGs
[2024-04-17T21:05:12.011+0000] {logging_mixin.py:188} INFO - [2024-04-17T21:05:12.011+0000] {dag.py:3954} INFO - Setting next_dagrun for example_xcom_args to None, run_after=None
[2024-04-17T21:05:12.026+0000] {logging_mixin.py:188} INFO - [2024-04-17T21:05:12.026+0000] {dag.py:3954} INFO - Setting next_dagrun for example_xcom_args_with_operators to None, run_after=None
[2024-04-17T21:05:12.358+0000] {processor.py:183} INFO - Processing /home/airflow/.local/lib/python3.12/site-packages/airflow/example_dags/example_xcomargs.py took 0.690 seconds
[2024-04-17T21:05:42.425+0000] {processor.py:161} INFO - Started process (PID=187) to work on /home/airflow/.local/lib/python3.12/site-packages/airflow/example_dags/example_xcomargs.py
[2024-04-17T21:05:42.470+0000] {processor.py:830} INFO - Processing file /home/airflow/.local/lib/python3.12/site-packages/airflow/example_dags/example_xcomargs.py for tasks to queue
[2024-04-17T21:05:42.475+0000] {logging_mixin.py:188} INFO - [2024-04-17T21:05:42.474+0000] {dagbag.py:540} INFO - Filling up the DagBag from /home/airflow/.local/lib/python3.12/site-packages/airflow/example_dags/example_xcomargs.py
[2024-04-17T21:05:42.498+0000] {processor.py:840} INFO - DAG(s) 'example_xcom_args', 'example_xcom_args_with_operators' retrieved from /home/airflow/.local/lib/python3.12/site-packages/airflow/example_dags/example_xcomargs.py
[2024-04-17T21:05:42.732+0000] {logging_mixin.py:188} INFO - [2024-04-17T21:05:42.731+0000] {dag.py:3096} INFO - Sync 2 DAGs
[2024-04-17T21:05:42.841+0000] {logging_mixin.py:188} INFO - [2024-04-17T21:05:42.840+0000] {dag.py:3954} INFO - Setting next_dagrun for example_xcom_args to None, run_after=None
[2024-04-17T21:05:42.856+0000] {logging_mixin.py:188} INFO - [2024-04-17T21:05:42.855+0000] {dag.py:3954} INFO - Setting next_dagrun for example_xcom_args_with_operators to None, run_after=None
[2024-04-17T21:05:43.140+0000] {processor.py:183} INFO - Processing /home/airflow/.local/lib/python3.12/site-packages/airflow/example_dags/example_xcomargs.py took 0.727 seconds
[2024-04-17T21:06:13.519+0000] {processor.py:161} INFO - Started process (PID=245) to work on /home/airflow/.local/lib/python3.12/site-packages/airflow/example_dags/example_xcomargs.py
[2024-04-17T21:06:13.648+0000] {processor.py:830} INFO - Processing file /home/airflow/.local/lib/python3.12/site-packages/airflow/example_dags/example_xcomargs.py for tasks to queue
[2024-04-17T21:06:13.652+0000] {logging_mixin.py:188} INFO - [2024-04-17T21:06:13.651+0000] {dagbag.py:540} INFO - Filling up the DagBag from /home/airflow/.local/lib/python3.12/site-packages/airflow/example_dags/example_xcomargs.py
[2024-04-17T21:06:13.679+0000] {processor.py:840} INFO - DAG(s) 'example_xcom_args_with_operators', 'example_xcom_args' retrieved from /home/airflow/.local/lib/python3.12/site-packages/airflow/example_dags/example_xcomargs.py
[2024-04-17T21:06:13.749+0000] {logging_mixin.py:188} INFO - [2024-04-17T21:06:13.748+0000] {dag.py:3096} INFO - Sync 2 DAGs
[2024-04-17T21:06:13.800+0000] {logging_mixin.py:188} INFO - [2024-04-17T21:06:13.799+0000] {dag.py:3954} INFO - Setting next_dagrun for example_xcom_args to None, run_after=None
[2024-04-17T21:06:13.811+0000] {logging_mixin.py:188} INFO - [2024-04-17T21:06:13.810+0000] {dag.py:3954} INFO - Setting next_dagrun for example_xcom_args_with_operators to None, run_after=None
[2024-04-17T21:06:14.126+0000] {processor.py:183} INFO - Processing /home/airflow/.local/lib/python3.12/site-packages/airflow/example_dags/example_xcomargs.py took 0.616 seconds
[2024-04-17T21:06:46.347+0000] {processor.py:161} INFO - Started process (PID=301) to work on /home/airflow/.local/lib/python3.12/site-packages/airflow/example_dags/example_xcomargs.py
[2024-04-17T21:06:46.352+0000] {processor.py:830} INFO - Processing file /home/airflow/.local/lib/python3.12/site-packages/airflow/example_dags/example_xcomargs.py for tasks to queue
[2024-04-17T21:06:46.365+0000] {logging_mixin.py:188} INFO - [2024-04-17T21:06:46.360+0000] {dagbag.py:540} INFO - Filling up the DagBag from /home/airflow/.local/lib/python3.12/site-packages/airflow/example_dags/example_xcomargs.py
[2024-04-17T21:06:46.414+0000] {processor.py:840} INFO - DAG(s) 'example_xcom_args', 'example_xcom_args_with_operators' retrieved from /home/airflow/.local/lib/python3.12/site-packages/airflow/example_dags/example_xcomargs.py
[2024-04-17T21:06:46.564+0000] {logging_mixin.py:188} INFO - [2024-04-17T21:06:46.561+0000] {dag.py:3096} INFO - Sync 2 DAGs
[2024-04-17T21:06:46.649+0000] {logging_mixin.py:188} INFO - [2024-04-17T21:06:46.648+0000] {dag.py:3954} INFO - Setting next_dagrun for example_xcom_args to None, run_after=None
[2024-04-17T21:06:46.672+0000] {logging_mixin.py:188} INFO - [2024-04-17T21:06:46.671+0000] {dag.py:3954} INFO - Setting next_dagrun for example_xcom_args_with_operators to None, run_after=None
[2024-04-17T21:06:46.786+0000] {processor.py:183} INFO - Processing /home/airflow/.local/lib/python3.12/site-packages/airflow/example_dags/example_xcomargs.py took 0.471 seconds
[2024-04-17T21:07:24.278+0000] {processor.py:161} INFO - Started process (PID=359) to work on /home/airflow/.local/lib/python3.12/site-packages/airflow/example_dags/example_xcomargs.py
[2024-04-17T21:07:24.282+0000] {processor.py:830} INFO - Processing file /home/airflow/.local/lib/python3.12/site-packages/airflow/example_dags/example_xcomargs.py for tasks to queue
[2024-04-17T21:07:24.438+0000] {logging_mixin.py:188} INFO - [2024-04-17T21:07:24.437+0000] {dagbag.py:540} INFO - Filling up the DagBag from /home/airflow/.local/lib/python3.12/site-packages/airflow/example_dags/example_xcomargs.py
[2024-04-17T21:07:24.495+0000] {processor.py:840} INFO - DAG(s) 'example_xcom_args_with_operators', 'example_xcom_args' retrieved from /home/airflow/.local/lib/python3.12/site-packages/airflow/example_dags/example_xcomargs.py
[2024-04-17T21:07:24.655+0000] {logging_mixin.py:188} INFO - [2024-04-17T21:07:24.655+0000] {dag.py:3096} INFO - Sync 2 DAGs
[2024-04-17T21:07:24.930+0000] {logging_mixin.py:188} INFO - [2024-04-17T21:07:24.929+0000] {dag.py:3954} INFO - Setting next_dagrun for example_xcom_args to None, run_after=None
[2024-04-17T21:07:24.967+0000] {logging_mixin.py:188} INFO - [2024-04-17T21:07:24.966+0000] {dag.py:3954} INFO - Setting next_dagrun for example_xcom_args_with_operators to None, run_after=None
[2024-04-17T21:07:25.141+0000] {processor.py:183} INFO - Processing /home/airflow/.local/lib/python3.12/site-packages/airflow/example_dags/example_xcomargs.py took 1.120 seconds
[2024-04-17T21:07:55.351+0000] {processor.py:161} INFO - Started process (PID=417) to work on /home/airflow/.local/lib/python3.12/site-packages/airflow/example_dags/example_xcomargs.py
[2024-04-17T21:07:55.354+0000] {processor.py:830} INFO - Processing file /home/airflow/.local/lib/python3.12/site-packages/airflow/example_dags/example_xcomargs.py for tasks to queue
[2024-04-17T21:07:55.368+0000] {logging_mixin.py:188} INFO - [2024-04-17T21:07:55.367+0000] {dagbag.py:540} INFO - Filling up the DagBag from /home/airflow/.local/lib/python3.12/site-packages/airflow/example_dags/example_xcomargs.py
[2024-04-17T21:07:55.399+0000] {processor.py:840} INFO - DAG(s) 'example_xcom_args_with_operators', 'example_xcom_args' retrieved from /home/airflow/.local/lib/python3.12/site-packages/airflow/example_dags/example_xcomargs.py
[2024-04-17T21:07:55.519+0000] {logging_mixin.py:188} INFO - [2024-04-17T21:07:55.518+0000] {dag.py:3096} INFO - Sync 2 DAGs
[2024-04-17T21:07:55.627+0000] {logging_mixin.py:188} INFO - [2024-04-17T21:07:55.626+0000] {dag.py:3954} INFO - Setting next_dagrun for example_xcom_args to None, run_after=None
[2024-04-17T21:07:55.644+0000] {logging_mixin.py:188} INFO - [2024-04-17T21:07:55.643+0000] {dag.py:3954} INFO - Setting next_dagrun for example_xcom_args_with_operators to None, run_after=None
[2024-04-17T21:07:55.713+0000] {processor.py:183} INFO - Processing /home/airflow/.local/lib/python3.12/site-packages/airflow/example_dags/example_xcomargs.py took 0.385 seconds
[2024-04-17T21:08:26.148+0000] {processor.py:161} INFO - Started process (PID=475) to work on /home/airflow/.local/lib/python3.12/site-packages/airflow/example_dags/example_xcomargs.py
[2024-04-17T21:08:26.152+0000] {processor.py:830} INFO - Processing file /home/airflow/.local/lib/python3.12/site-packages/airflow/example_dags/example_xcomargs.py for tasks to queue
[2024-04-17T21:08:26.157+0000] {logging_mixin.py:188} INFO - [2024-04-17T21:08:26.156+0000] {dagbag.py:540} INFO - Filling up the DagBag from /home/airflow/.local/lib/python3.12/site-packages/airflow/example_dags/example_xcomargs.py
[2024-04-17T21:08:26.195+0000] {processor.py:840} INFO - DAG(s) 'example_xcom_args_with_operators', 'example_xcom_args' retrieved from /home/airflow/.local/lib/python3.12/site-packages/airflow/example_dags/example_xcomargs.py
[2024-04-17T21:08:26.318+0000] {logging_mixin.py:188} INFO - [2024-04-17T21:08:26.317+0000] {dag.py:3096} INFO - Sync 2 DAGs
[2024-04-17T21:08:26.402+0000] {logging_mixin.py:188} INFO - [2024-04-17T21:08:26.401+0000] {dag.py:3954} INFO - Setting next_dagrun for example_xcom_args to None, run_after=None
[2024-04-17T21:08:26.425+0000] {logging_mixin.py:188} INFO - [2024-04-17T21:08:26.424+0000] {dag.py:3954} INFO - Setting next_dagrun for example_xcom_args_with_operators to None, run_after=None
[2024-04-17T21:08:26.522+0000] {processor.py:183} INFO - Processing /home/airflow/.local/lib/python3.12/site-packages/airflow/example_dags/example_xcomargs.py took 0.398 seconds
[2024-04-17T21:08:56.839+0000] {processor.py:161} INFO - Started process (PID=533) to work on /home/airflow/.local/lib/python3.12/site-packages/airflow/example_dags/example_xcomargs.py
[2024-04-17T21:08:56.856+0000] {processor.py:830} INFO - Processing file /home/airflow/.local/lib/python3.12/site-packages/airflow/example_dags/example_xcomargs.py for tasks to queue
[2024-04-17T21:08:56.863+0000] {logging_mixin.py:188} INFO - [2024-04-17T21:08:56.862+0000] {dagbag.py:540} INFO - Filling up the DagBag from /home/airflow/.local/lib/python3.12/site-packages/airflow/example_dags/example_xcomargs.py
[2024-04-17T21:08:56.907+0000] {processor.py:840} INFO - DAG(s) 'example_xcom_args', 'example_xcom_args_with_operators' retrieved from /home/airflow/.local/lib/python3.12/site-packages/airflow/example_dags/example_xcomargs.py
[2024-04-17T21:08:57.027+0000] {logging_mixin.py:188} INFO - [2024-04-17T21:08:57.026+0000] {dag.py:3096} INFO - Sync 2 DAGs
[2024-04-17T21:08:57.091+0000] {logging_mixin.py:188} INFO - [2024-04-17T21:08:57.091+0000] {dag.py:3954} INFO - Setting next_dagrun for example_xcom_args to None, run_after=None
[2024-04-17T21:08:57.103+0000] {logging_mixin.py:188} INFO - [2024-04-17T21:08:57.102+0000] {dag.py:3954} INFO - Setting next_dagrun for example_xcom_args_with_operators to None, run_after=None
[2024-04-17T21:08:57.563+0000] {processor.py:183} INFO - Processing /home/airflow/.local/lib/python3.12/site-packages/airflow/example_dags/example_xcomargs.py took 0.741 seconds
[2024-04-17T21:09:28.413+0000] {processor.py:161} INFO - Started process (PID=591) to work on /home/airflow/.local/lib/python3.12/site-packages/airflow/example_dags/example_xcomargs.py
[2024-04-17T21:09:28.421+0000] {processor.py:830} INFO - Processing file /home/airflow/.local/lib/python3.12/site-packages/airflow/example_dags/example_xcomargs.py for tasks to queue
[2024-04-17T21:09:28.437+0000] {logging_mixin.py:188} INFO - [2024-04-17T21:09:28.436+0000] {dagbag.py:540} INFO - Filling up the DagBag from /home/airflow/.local/lib/python3.12/site-packages/airflow/example_dags/example_xcomargs.py
[2024-04-17T21:09:28.542+0000] {processor.py:840} INFO - DAG(s) 'example_xcom_args_with_operators', 'example_xcom_args' retrieved from /home/airflow/.local/lib/python3.12/site-packages/airflow/example_dags/example_xcomargs.py
[2024-04-17T21:09:28.657+0000] {logging_mixin.py:188} INFO - [2024-04-17T21:09:28.655+0000] {dag.py:3096} INFO - Sync 2 DAGs
[2024-04-17T21:09:28.730+0000] {logging_mixin.py:188} INFO - [2024-04-17T21:09:28.729+0000] {dag.py:3954} INFO - Setting next_dagrun for example_xcom_args to None, run_after=None
[2024-04-17T21:09:28.753+0000] {logging_mixin.py:188} INFO - [2024-04-17T21:09:28.752+0000] {dag.py:3954} INFO - Setting next_dagrun for example_xcom_args_with_operators to None, run_after=None
[2024-04-17T21:09:28.951+0000] {processor.py:183} INFO - Processing /home/airflow/.local/lib/python3.12/site-packages/airflow/example_dags/example_xcomargs.py took 0.560 seconds
[2024-04-17T21:09:59.586+0000] {processor.py:161} INFO - Started process (PID=649) to work on /home/airflow/.local/lib/python3.12/site-packages/airflow/example_dags/example_xcomargs.py
[2024-04-17T21:09:59.588+0000] {processor.py:830} INFO - Processing file /home/airflow/.local/lib/python3.12/site-packages/airflow/example_dags/example_xcomargs.py for tasks to queue
[2024-04-17T21:09:59.591+0000] {logging_mixin.py:188} INFO - [2024-04-17T21:09:59.590+0000] {dagbag.py:540} INFO - Filling up the DagBag from /home/airflow/.local/lib/python3.12/site-packages/airflow/example_dags/example_xcomargs.py
[2024-04-17T21:09:59.604+0000] {processor.py:840} INFO - DAG(s) 'example_xcom_args', 'example_xcom_args_with_operators' retrieved from /home/airflow/.local/lib/python3.12/site-packages/airflow/example_dags/example_xcomargs.py
[2024-04-17T21:09:59.649+0000] {logging_mixin.py:188} INFO - [2024-04-17T21:09:59.648+0000] {dag.py:3096} INFO - Sync 2 DAGs
[2024-04-17T21:09:59.675+0000] {logging_mixin.py:188} INFO - [2024-04-17T21:09:59.674+0000] {dag.py:3954} INFO - Setting next_dagrun for example_xcom_args to None, run_after=None
[2024-04-17T21:09:59.684+0000] {logging_mixin.py:188} INFO - [2024-04-17T21:09:59.683+0000] {dag.py:3954} INFO - Setting next_dagrun for example_xcom_args_with_operators to None, run_after=None
[2024-04-17T21:09:59.736+0000] {processor.py:183} INFO - Processing /home/airflow/.local/lib/python3.12/site-packages/airflow/example_dags/example_xcomargs.py took 0.158 seconds
[2024-04-17T21:10:30.170+0000] {processor.py:161} INFO - Started process (PID=707) to work on /home/airflow/.local/lib/python3.12/site-packages/airflow/example_dags/example_xcomargs.py
[2024-04-17T21:10:30.174+0000] {processor.py:830} INFO - Processing file /home/airflow/.local/lib/python3.12/site-packages/airflow/example_dags/example_xcomargs.py for tasks to queue
[2024-04-17T21:10:30.178+0000] {logging_mixin.py:188} INFO - [2024-04-17T21:10:30.177+0000] {dagbag.py:540} INFO - Filling up the DagBag from /home/airflow/.local/lib/python3.12/site-packages/airflow/example_dags/example_xcomargs.py
[2024-04-17T21:10:30.193+0000] {processor.py:840} INFO - DAG(s) 'example_xcom_args_with_operators', 'example_xcom_args' retrieved from /home/airflow/.local/lib/python3.12/site-packages/airflow/example_dags/example_xcomargs.py
[2024-04-17T21:10:30.234+0000] {logging_mixin.py:188} INFO - [2024-04-17T21:10:30.233+0000] {dag.py:3096} INFO - Sync 2 DAGs
[2024-04-17T21:10:30.258+0000] {logging_mixin.py:188} INFO - [2024-04-17T21:10:30.258+0000] {dag.py:3954} INFO - Setting next_dagrun for example_xcom_args to None, run_after=None
[2024-04-17T21:10:30.266+0000] {logging_mixin.py:188} INFO - [2024-04-17T21:10:30.266+0000] {dag.py:3954} INFO - Setting next_dagrun for example_xcom_args_with_operators to None, run_after=None
[2024-04-17T21:10:30.315+0000] {processor.py:183} INFO - Processing /home/airflow/.local/lib/python3.12/site-packages/airflow/example_dags/example_xcomargs.py took 0.152 seconds
[2024-04-17T21:11:00.527+0000] {processor.py:161} INFO - Started process (PID=766) to work on /home/airflow/.local/lib/python3.12/site-packages/airflow/example_dags/example_xcomargs.py
[2024-04-17T21:11:00.529+0000] {processor.py:830} INFO - Processing file /home/airflow/.local/lib/python3.12/site-packages/airflow/example_dags/example_xcomargs.py for tasks to queue
[2024-04-17T21:11:00.533+0000] {logging_mixin.py:188} INFO - [2024-04-17T21:11:00.532+0000] {dagbag.py:540} INFO - Filling up the DagBag from /home/airflow/.local/lib/python3.12/site-packages/airflow/example_dags/example_xcomargs.py
[2024-04-17T21:11:00.555+0000] {processor.py:840} INFO - DAG(s) 'example_xcom_args', 'example_xcom_args_with_operators' retrieved from /home/airflow/.local/lib/python3.12/site-packages/airflow/example_dags/example_xcomargs.py
[2024-04-17T21:11:00.615+0000] {logging_mixin.py:188} INFO - [2024-04-17T21:11:00.614+0000] {dag.py:3096} INFO - Sync 2 DAGs
[2024-04-17T21:11:00.652+0000] {logging_mixin.py:188} INFO - [2024-04-17T21:11:00.651+0000] {dag.py:3954} INFO - Setting next_dagrun for example_xcom_args to None, run_after=None
[2024-04-17T21:11:00.662+0000] {logging_mixin.py:188} INFO - [2024-04-17T21:11:00.661+0000] {dag.py:3954} INFO - Setting next_dagrun for example_xcom_args_with_operators to None, run_after=None
[2024-04-17T21:11:00.726+0000] {processor.py:183} INFO - Processing /home/airflow/.local/lib/python3.12/site-packages/airflow/example_dags/example_xcomargs.py took 0.213 seconds
[2024-04-17T21:11:31.104+0000] {processor.py:161} INFO - Started process (PID=824) to work on /home/airflow/.local/lib/python3.12/site-packages/airflow/example_dags/example_xcomargs.py
[2024-04-17T21:11:31.106+0000] {processor.py:830} INFO - Processing file /home/airflow/.local/lib/python3.12/site-packages/airflow/example_dags/example_xcomargs.py for tasks to queue
[2024-04-17T21:11:31.109+0000] {logging_mixin.py:188} INFO - [2024-04-17T21:11:31.108+0000] {dagbag.py:540} INFO - Filling up the DagBag from /home/airflow/.local/lib/python3.12/site-packages/airflow/example_dags/example_xcomargs.py
[2024-04-17T21:11:31.120+0000] {processor.py:840} INFO - DAG(s) 'example_xcom_args_with_operators', 'example_xcom_args' retrieved from /home/airflow/.local/lib/python3.12/site-packages/airflow/example_dags/example_xcomargs.py
[2024-04-17T21:11:31.157+0000] {logging_mixin.py:188} INFO - [2024-04-17T21:11:31.157+0000] {dag.py:3096} INFO - Sync 2 DAGs
[2024-04-17T21:11:31.180+0000] {logging_mixin.py:188} INFO - [2024-04-17T21:11:31.180+0000] {dag.py:3954} INFO - Setting next_dagrun for example_xcom_args to None, run_after=None
[2024-04-17T21:11:31.187+0000] {logging_mixin.py:188} INFO - [2024-04-17T21:11:31.187+0000] {dag.py:3954} INFO - Setting next_dagrun for example_xcom_args_with_operators to None, run_after=None
[2024-04-17T21:11:31.233+0000] {processor.py:183} INFO - Processing /home/airflow/.local/lib/python3.12/site-packages/airflow/example_dags/example_xcomargs.py took 0.137 seconds
[2024-04-17T21:12:01.520+0000] {processor.py:161} INFO - Started process (PID=882) to work on /home/airflow/.local/lib/python3.12/site-packages/airflow/example_dags/example_xcomargs.py
[2024-04-17T21:12:01.521+0000] {processor.py:830} INFO - Processing file /home/airflow/.local/lib/python3.12/site-packages/airflow/example_dags/example_xcomargs.py for tasks to queue
[2024-04-17T21:12:01.524+0000] {logging_mixin.py:188} INFO - [2024-04-17T21:12:01.524+0000] {dagbag.py:540} INFO - Filling up the DagBag from /home/airflow/.local/lib/python3.12/site-packages/airflow/example_dags/example_xcomargs.py
[2024-04-17T21:12:01.540+0000] {processor.py:840} INFO - DAG(s) 'example_xcom_args_with_operators', 'example_xcom_args' retrieved from /home/airflow/.local/lib/python3.12/site-packages/airflow/example_dags/example_xcomargs.py
[2024-04-17T21:12:01.583+0000] {logging_mixin.py:188} INFO - [2024-04-17T21:12:01.583+0000] {dag.py:3096} INFO - Sync 2 DAGs
[2024-04-17T21:12:01.602+0000] {logging_mixin.py:188} INFO - [2024-04-17T21:12:01.602+0000] {dag.py:3954} INFO - Setting next_dagrun for example_xcom_args to None, run_after=None
[2024-04-17T21:12:01.611+0000] {logging_mixin.py:188} INFO - [2024-04-17T21:12:01.611+0000] {dag.py:3954} INFO - Setting next_dagrun for example_xcom_args_with_operators to None, run_after=None
[2024-04-17T21:12:01.650+0000] {processor.py:183} INFO - Processing /home/airflow/.local/lib/python3.12/site-packages/airflow/example_dags/example_xcomargs.py took 0.137 seconds
[2024-04-17T21:12:32.302+0000] {processor.py:161} INFO - Started process (PID=940) to work on /home/airflow/.local/lib/python3.12/site-packages/airflow/example_dags/example_xcomargs.py
[2024-04-17T21:12:32.304+0000] {processor.py:830} INFO - Processing file /home/airflow/.local/lib/python3.12/site-packages/airflow/example_dags/example_xcomargs.py for tasks to queue
[2024-04-17T21:12:32.307+0000] {logging_mixin.py:188} INFO - [2024-04-17T21:12:32.307+0000] {dagbag.py:540} INFO - Filling up the DagBag from /home/airflow/.local/lib/python3.12/site-packages/airflow/example_dags/example_xcomargs.py
[2024-04-17T21:12:32.323+0000] {processor.py:840} INFO - DAG(s) 'example_xcom_args_with_operators', 'example_xcom_args' retrieved from /home/airflow/.local/lib/python3.12/site-packages/airflow/example_dags/example_xcomargs.py
[2024-04-17T21:12:32.367+0000] {logging_mixin.py:188} INFO - [2024-04-17T21:12:32.366+0000] {dag.py:3096} INFO - Sync 2 DAGs
[2024-04-17T21:12:32.392+0000] {logging_mixin.py:188} INFO - [2024-04-17T21:12:32.392+0000] {dag.py:3954} INFO - Setting next_dagrun for example_xcom_args to None, run_after=None
[2024-04-17T21:12:32.400+0000] {logging_mixin.py:188} INFO - [2024-04-17T21:12:32.400+0000] {dag.py:3954} INFO - Setting next_dagrun for example_xcom_args_with_operators to None, run_after=None
[2024-04-17T21:12:32.440+0000] {processor.py:183} INFO - Processing /home/airflow/.local/lib/python3.12/site-packages/airflow/example_dags/example_xcomargs.py took 0.145 seconds
[2024-04-17T21:13:03.404+0000] {processor.py:161} INFO - Started process (PID=998) to work on /home/airflow/.local/lib/python3.12/site-packages/airflow/example_dags/example_xcomargs.py
[2024-04-17T21:13:03.406+0000] {processor.py:830} INFO - Processing file /home/airflow/.local/lib/python3.12/site-packages/airflow/example_dags/example_xcomargs.py for tasks to queue
[2024-04-17T21:13:03.413+0000] {logging_mixin.py:188} INFO - [2024-04-17T21:13:03.411+0000] {dagbag.py:540} INFO - Filling up the DagBag from /home/airflow/.local/lib/python3.12/site-packages/airflow/example_dags/example_xcomargs.py
[2024-04-17T21:13:03.432+0000] {processor.py:840} INFO - DAG(s) 'example_xcom_args', 'example_xcom_args_with_operators' retrieved from /home/airflow/.local/lib/python3.12/site-packages/airflow/example_dags/example_xcomargs.py
[2024-04-17T21:13:03.483+0000] {logging_mixin.py:188} INFO - [2024-04-17T21:13:03.483+0000] {dag.py:3096} INFO - Sync 2 DAGs
[2024-04-17T21:13:03.535+0000] {logging_mixin.py:188} INFO - [2024-04-17T21:13:03.535+0000] {dag.py:3954} INFO - Setting next_dagrun for example_xcom_args to None, run_after=None
[2024-04-17T21:13:03.552+0000] {logging_mixin.py:188} INFO - [2024-04-17T21:13:03.551+0000] {dag.py:3954} INFO - Setting next_dagrun for example_xcom_args_with_operators to None, run_after=None
[2024-04-17T21:13:03.614+0000] {processor.py:183} INFO - Processing /home/airflow/.local/lib/python3.12/site-packages/airflow/example_dags/example_xcomargs.py took 0.221 seconds
[2024-04-17T21:14:58.228+0000] {processor.py:161} INFO - Started process (PID=54) to work on /home/airflow/.local/lib/python3.12/site-packages/airflow/example_dags/example_xcomargs.py
[2024-04-17T21:14:58.230+0000] {processor.py:830} INFO - Processing file /home/airflow/.local/lib/python3.12/site-packages/airflow/example_dags/example_xcomargs.py for tasks to queue
[2024-04-17T21:14:58.235+0000] {logging_mixin.py:188} INFO - [2024-04-17T21:14:58.234+0000] {dagbag.py:540} INFO - Filling up the DagBag from /home/airflow/.local/lib/python3.12/site-packages/airflow/example_dags/example_xcomargs.py
[2024-04-17T21:14:58.270+0000] {processor.py:840} INFO - DAG(s) 'example_xcom_args', 'example_xcom_args_with_operators' retrieved from /home/airflow/.local/lib/python3.12/site-packages/airflow/example_dags/example_xcomargs.py
[2024-04-17T21:14:58.727+0000] {logging_mixin.py:188} INFO - [2024-04-17T21:14:58.726+0000] {dag.py:3096} INFO - Sync 2 DAGs
[2024-04-17T21:14:58.772+0000] {logging_mixin.py:188} INFO - [2024-04-17T21:14:58.770+0000] {dag.py:3954} INFO - Setting next_dagrun for example_xcom_args to None, run_after=None
[2024-04-17T21:14:58.786+0000] {logging_mixin.py:188} INFO - [2024-04-17T21:14:58.785+0000] {dag.py:3954} INFO - Setting next_dagrun for example_xcom_args_with_operators to None, run_after=None
[2024-04-17T21:14:58.854+0000] {processor.py:183} INFO - Processing /home/airflow/.local/lib/python3.12/site-packages/airflow/example_dags/example_xcomargs.py took 0.642 seconds
[2024-04-17T21:15:28.942+0000] {processor.py:161} INFO - Started process (PID=112) to work on /home/airflow/.local/lib/python3.12/site-packages/airflow/example_dags/example_xcomargs.py
[2024-04-17T21:15:28.943+0000] {processor.py:830} INFO - Processing file /home/airflow/.local/lib/python3.12/site-packages/airflow/example_dags/example_xcomargs.py for tasks to queue
[2024-04-17T21:15:28.946+0000] {logging_mixin.py:188} INFO - [2024-04-17T21:15:28.946+0000] {dagbag.py:540} INFO - Filling up the DagBag from /home/airflow/.local/lib/python3.12/site-packages/airflow/example_dags/example_xcomargs.py
[2024-04-17T21:15:28.956+0000] {processor.py:840} INFO - DAG(s) 'example_xcom_args_with_operators', 'example_xcom_args' retrieved from /home/airflow/.local/lib/python3.12/site-packages/airflow/example_dags/example_xcomargs.py
[2024-04-17T21:15:28.996+0000] {logging_mixin.py:188} INFO - [2024-04-17T21:15:28.996+0000] {dag.py:3096} INFO - Sync 2 DAGs
[2024-04-17T21:15:29.021+0000] {logging_mixin.py:188} INFO - [2024-04-17T21:15:29.021+0000] {dag.py:3954} INFO - Setting next_dagrun for example_xcom_args to None, run_after=None
[2024-04-17T21:15:29.028+0000] {logging_mixin.py:188} INFO - [2024-04-17T21:15:29.028+0000] {dag.py:3954} INFO - Setting next_dagrun for example_xcom_args_with_operators to None, run_after=None
[2024-04-17T21:15:29.059+0000] {processor.py:183} INFO - Processing /home/airflow/.local/lib/python3.12/site-packages/airflow/example_dags/example_xcomargs.py took 0.126 seconds
[2024-04-17T21:15:59.152+0000] {processor.py:161} INFO - Started process (PID=170) to work on /home/airflow/.local/lib/python3.12/site-packages/airflow/example_dags/example_xcomargs.py
[2024-04-17T21:15:59.154+0000] {processor.py:830} INFO - Processing file /home/airflow/.local/lib/python3.12/site-packages/airflow/example_dags/example_xcomargs.py for tasks to queue
[2024-04-17T21:15:59.158+0000] {logging_mixin.py:188} INFO - [2024-04-17T21:15:59.157+0000] {dagbag.py:540} INFO - Filling up the DagBag from /home/airflow/.local/lib/python3.12/site-packages/airflow/example_dags/example_xcomargs.py
[2024-04-17T21:15:59.169+0000] {processor.py:840} INFO - DAG(s) 'example_xcom_args_with_operators', 'example_xcom_args' retrieved from /home/airflow/.local/lib/python3.12/site-packages/airflow/example_dags/example_xcomargs.py
[2024-04-17T21:15:59.210+0000] {logging_mixin.py:188} INFO - [2024-04-17T21:15:59.210+0000] {dag.py:3096} INFO - Sync 2 DAGs
[2024-04-17T21:15:59.231+0000] {logging_mixin.py:188} INFO - [2024-04-17T21:15:59.231+0000] {dag.py:3954} INFO - Setting next_dagrun for example_xcom_args to None, run_after=None
[2024-04-17T21:15:59.239+0000] {logging_mixin.py:188} INFO - [2024-04-17T21:15:59.239+0000] {dag.py:3954} INFO - Setting next_dagrun for example_xcom_args_with_operators to None, run_after=None
[2024-04-17T21:15:59.271+0000] {processor.py:183} INFO - Processing /home/airflow/.local/lib/python3.12/site-packages/airflow/example_dags/example_xcomargs.py took 0.125 seconds
[2024-04-17T21:16:29.500+0000] {processor.py:161} INFO - Started process (PID=228) to work on /home/airflow/.local/lib/python3.12/site-packages/airflow/example_dags/example_xcomargs.py
[2024-04-17T21:16:29.502+0000] {processor.py:830} INFO - Processing file /home/airflow/.local/lib/python3.12/site-packages/airflow/example_dags/example_xcomargs.py for tasks to queue
[2024-04-17T21:16:29.506+0000] {logging_mixin.py:188} INFO - [2024-04-17T21:16:29.506+0000] {dagbag.py:540} INFO - Filling up the DagBag from /home/airflow/.local/lib/python3.12/site-packages/airflow/example_dags/example_xcomargs.py
[2024-04-17T21:16:29.521+0000] {processor.py:840} INFO - DAG(s) 'example_xcom_args', 'example_xcom_args_with_operators' retrieved from /home/airflow/.local/lib/python3.12/site-packages/airflow/example_dags/example_xcomargs.py
[2024-04-17T21:16:29.570+0000] {logging_mixin.py:188} INFO - [2024-04-17T21:16:29.569+0000] {dag.py:3096} INFO - Sync 2 DAGs
[2024-04-17T21:16:29.601+0000] {logging_mixin.py:188} INFO - [2024-04-17T21:16:29.601+0000] {dag.py:3954} INFO - Setting next_dagrun for example_xcom_args to None, run_after=None
[2024-04-17T21:16:29.612+0000] {logging_mixin.py:188} INFO - [2024-04-17T21:16:29.612+0000] {dag.py:3954} INFO - Setting next_dagrun for example_xcom_args_with_operators to None, run_after=None
[2024-04-17T21:16:29.651+0000] {processor.py:183} INFO - Processing /home/airflow/.local/lib/python3.12/site-packages/airflow/example_dags/example_xcomargs.py took 0.159 seconds
[2024-04-17T21:16:59.956+0000] {processor.py:161} INFO - Started process (PID=286) to work on /home/airflow/.local/lib/python3.12/site-packages/airflow/example_dags/example_xcomargs.py
[2024-04-17T21:16:59.957+0000] {processor.py:830} INFO - Processing file /home/airflow/.local/lib/python3.12/site-packages/airflow/example_dags/example_xcomargs.py for tasks to queue
[2024-04-17T21:16:59.961+0000] {logging_mixin.py:188} INFO - [2024-04-17T21:16:59.960+0000] {dagbag.py:540} INFO - Filling up the DagBag from /home/airflow/.local/lib/python3.12/site-packages/airflow/example_dags/example_xcomargs.py
[2024-04-17T21:16:59.973+0000] {processor.py:840} INFO - DAG(s) 'example_xcom_args_with_operators', 'example_xcom_args' retrieved from /home/airflow/.local/lib/python3.12/site-packages/airflow/example_dags/example_xcomargs.py
[2024-04-17T21:17:00.016+0000] {logging_mixin.py:188} INFO - [2024-04-17T21:17:00.015+0000] {dag.py:3096} INFO - Sync 2 DAGs
[2024-04-17T21:17:00.048+0000] {logging_mixin.py:188} INFO - [2024-04-17T21:17:00.048+0000] {dag.py:3954} INFO - Setting next_dagrun for example_xcom_args to None, run_after=None
[2024-04-17T21:17:00.057+0000] {logging_mixin.py:188} INFO - [2024-04-17T21:17:00.056+0000] {dag.py:3954} INFO - Setting next_dagrun for example_xcom_args_with_operators to None, run_after=None
[2024-04-17T21:17:00.097+0000] {processor.py:183} INFO - Processing /home/airflow/.local/lib/python3.12/site-packages/airflow/example_dags/example_xcomargs.py took 0.150 seconds
[2024-04-17T21:17:30.261+0000] {processor.py:161} INFO - Started process (PID=344) to work on /home/airflow/.local/lib/python3.12/site-packages/airflow/example_dags/example_xcomargs.py
[2024-04-17T21:17:30.263+0000] {processor.py:830} INFO - Processing file /home/airflow/.local/lib/python3.12/site-packages/airflow/example_dags/example_xcomargs.py for tasks to queue
[2024-04-17T21:17:30.265+0000] {logging_mixin.py:188} INFO - [2024-04-17T21:17:30.265+0000] {dagbag.py:540} INFO - Filling up the DagBag from /home/airflow/.local/lib/python3.12/site-packages/airflow/example_dags/example_xcomargs.py
[2024-04-17T21:17:30.279+0000] {processor.py:840} INFO - DAG(s) 'example_xcom_args_with_operators', 'example_xcom_args' retrieved from /home/airflow/.local/lib/python3.12/site-packages/airflow/example_dags/example_xcomargs.py
[2024-04-17T21:17:30.315+0000] {logging_mixin.py:188} INFO - [2024-04-17T21:17:30.315+0000] {dag.py:3096} INFO - Sync 2 DAGs
[2024-04-17T21:17:30.334+0000] {logging_mixin.py:188} INFO - [2024-04-17T21:17:30.333+0000] {dag.py:3954} INFO - Setting next_dagrun for example_xcom_args to None, run_after=None
[2024-04-17T21:17:30.342+0000] {logging_mixin.py:188} INFO - [2024-04-17T21:17:30.342+0000] {dag.py:3954} INFO - Setting next_dagrun for example_xcom_args_with_operators to None, run_after=None
[2024-04-17T21:17:30.373+0000] {processor.py:183} INFO - Processing /home/airflow/.local/lib/python3.12/site-packages/airflow/example_dags/example_xcomargs.py took 0.119 seconds
[2024-04-17T21:18:00.637+0000] {processor.py:161} INFO - Started process (PID=402) to work on /home/airflow/.local/lib/python3.12/site-packages/airflow/example_dags/example_xcomargs.py
[2024-04-17T21:18:00.641+0000] {processor.py:830} INFO - Processing file /home/airflow/.local/lib/python3.12/site-packages/airflow/example_dags/example_xcomargs.py for tasks to queue
[2024-04-17T21:18:00.645+0000] {logging_mixin.py:188} INFO - [2024-04-17T21:18:00.644+0000] {dagbag.py:540} INFO - Filling up the DagBag from /home/airflow/.local/lib/python3.12/site-packages/airflow/example_dags/example_xcomargs.py
[2024-04-17T21:18:00.661+0000] {processor.py:840} INFO - DAG(s) 'example_xcom_args_with_operators', 'example_xcom_args' retrieved from /home/airflow/.local/lib/python3.12/site-packages/airflow/example_dags/example_xcomargs.py
[2024-04-17T21:18:00.712+0000] {logging_mixin.py:188} INFO - [2024-04-17T21:18:00.712+0000] {dag.py:3096} INFO - Sync 2 DAGs
[2024-04-17T21:18:00.744+0000] {logging_mixin.py:188} INFO - [2024-04-17T21:18:00.743+0000] {dag.py:3954} INFO - Setting next_dagrun for example_xcom_args to None, run_after=None
[2024-04-17T21:18:00.752+0000] {logging_mixin.py:188} INFO - [2024-04-17T21:18:00.752+0000] {dag.py:3954} INFO - Setting next_dagrun for example_xcom_args_with_operators to None, run_after=None
[2024-04-17T21:18:00.793+0000] {processor.py:183} INFO - Processing /home/airflow/.local/lib/python3.12/site-packages/airflow/example_dags/example_xcomargs.py took 0.169 seconds
[2024-04-17T21:18:31.236+0000] {processor.py:161} INFO - Started process (PID=460) to work on /home/airflow/.local/lib/python3.12/site-packages/airflow/example_dags/example_xcomargs.py
[2024-04-17T21:18:31.239+0000] {processor.py:830} INFO - Processing file /home/airflow/.local/lib/python3.12/site-packages/airflow/example_dags/example_xcomargs.py for tasks to queue
[2024-04-17T21:18:31.243+0000] {logging_mixin.py:188} INFO - [2024-04-17T21:18:31.242+0000] {dagbag.py:540} INFO - Filling up the DagBag from /home/airflow/.local/lib/python3.12/site-packages/airflow/example_dags/example_xcomargs.py
[2024-04-17T21:18:31.253+0000] {processor.py:840} INFO - DAG(s) 'example_xcom_args', 'example_xcom_args_with_operators' retrieved from /home/airflow/.local/lib/python3.12/site-packages/airflow/example_dags/example_xcomargs.py
[2024-04-17T21:18:31.295+0000] {logging_mixin.py:188} INFO - [2024-04-17T21:18:31.294+0000] {dag.py:3096} INFO - Sync 2 DAGs
[2024-04-17T21:18:31.315+0000] {logging_mixin.py:188} INFO - [2024-04-17T21:18:31.315+0000] {dag.py:3954} INFO - Setting next_dagrun for example_xcom_args to None, run_after=None
[2024-04-17T21:18:31.322+0000] {logging_mixin.py:188} INFO - [2024-04-17T21:18:31.321+0000] {dag.py:3954} INFO - Setting next_dagrun for example_xcom_args_with_operators to None, run_after=None
[2024-04-17T21:18:31.353+0000] {processor.py:183} INFO - Processing /home/airflow/.local/lib/python3.12/site-packages/airflow/example_dags/example_xcomargs.py took 0.125 seconds
[2024-04-17T21:19:02.685+0000] {processor.py:161} INFO - Started process (PID=518) to work on /home/airflow/.local/lib/python3.12/site-packages/airflow/example_dags/example_xcomargs.py
[2024-04-17T21:19:02.687+0000] {processor.py:830} INFO - Processing file /home/airflow/.local/lib/python3.12/site-packages/airflow/example_dags/example_xcomargs.py for tasks to queue
[2024-04-17T21:19:02.691+0000] {logging_mixin.py:188} INFO - [2024-04-17T21:19:02.690+0000] {dagbag.py:540} INFO - Filling up the DagBag from /home/airflow/.local/lib/python3.12/site-packages/airflow/example_dags/example_xcomargs.py
[2024-04-17T21:19:02.705+0000] {processor.py:840} INFO - DAG(s) 'example_xcom_args_with_operators', 'example_xcom_args' retrieved from /home/airflow/.local/lib/python3.12/site-packages/airflow/example_dags/example_xcomargs.py
[2024-04-17T21:19:02.765+0000] {logging_mixin.py:188} INFO - [2024-04-17T21:19:02.764+0000] {dag.py:3096} INFO - Sync 2 DAGs
[2024-04-17T21:19:02.798+0000] {logging_mixin.py:188} INFO - [2024-04-17T21:19:02.798+0000] {dag.py:3954} INFO - Setting next_dagrun for example_xcom_args to None, run_after=None
[2024-04-17T21:19:02.810+0000] {logging_mixin.py:188} INFO - [2024-04-17T21:19:02.809+0000] {dag.py:3954} INFO - Setting next_dagrun for example_xcom_args_with_operators to None, run_after=None
[2024-04-17T21:19:02.854+0000] {processor.py:183} INFO - Processing /home/airflow/.local/lib/python3.12/site-packages/airflow/example_dags/example_xcomargs.py took 0.177 seconds
[2024-04-17T23:57:39.352+0000] {processor.py:161} INFO - Started process (PID=52) to work on /home/airflow/.local/lib/python3.12/site-packages/airflow/example_dags/example_xcomargs.py
[2024-04-17T23:57:39.354+0000] {processor.py:830} INFO - Processing file /home/airflow/.local/lib/python3.12/site-packages/airflow/example_dags/example_xcomargs.py for tasks to queue
[2024-04-17T23:57:39.356+0000] {logging_mixin.py:188} INFO - [2024-04-17T23:57:39.356+0000] {dagbag.py:540} INFO - Filling up the DagBag from /home/airflow/.local/lib/python3.12/site-packages/airflow/example_dags/example_xcomargs.py
[2024-04-17T23:57:39.370+0000] {processor.py:840} INFO - DAG(s) 'example_xcom_args_with_operators', 'example_xcom_args' retrieved from /home/airflow/.local/lib/python3.12/site-packages/airflow/example_dags/example_xcomargs.py
[2024-04-17T23:57:39.405+0000] {logging_mixin.py:188} INFO - [2024-04-17T23:57:39.404+0000] {dag.py:3096} INFO - Sync 2 DAGs
[2024-04-17T23:57:39.431+0000] {logging_mixin.py:188} INFO - [2024-04-17T23:57:39.430+0000] {dag.py:3954} INFO - Setting next_dagrun for example_xcom_args to None, run_after=None
[2024-04-17T23:57:39.438+0000] {logging_mixin.py:188} INFO - [2024-04-17T23:57:39.438+0000] {dag.py:3954} INFO - Setting next_dagrun for example_xcom_args_with_operators to None, run_after=None
[2024-04-17T23:57:39.469+0000] {processor.py:183} INFO - Processing /home/airflow/.local/lib/python3.12/site-packages/airflow/example_dags/example_xcomargs.py took 0.125 seconds
[2024-04-17T23:58:09.611+0000] {processor.py:161} INFO - Started process (PID=110) to work on /home/airflow/.local/lib/python3.12/site-packages/airflow/example_dags/example_xcomargs.py
[2024-04-17T23:58:09.614+0000] {processor.py:830} INFO - Processing file /home/airflow/.local/lib/python3.12/site-packages/airflow/example_dags/example_xcomargs.py for tasks to queue
[2024-04-17T23:58:09.616+0000] {logging_mixin.py:188} INFO - [2024-04-17T23:58:09.616+0000] {dagbag.py:540} INFO - Filling up the DagBag from /home/airflow/.local/lib/python3.12/site-packages/airflow/example_dags/example_xcomargs.py
[2024-04-17T23:58:09.632+0000] {processor.py:840} INFO - DAG(s) 'example_xcom_args_with_operators', 'example_xcom_args' retrieved from /home/airflow/.local/lib/python3.12/site-packages/airflow/example_dags/example_xcomargs.py
[2024-04-17T23:58:09.681+0000] {logging_mixin.py:188} INFO - [2024-04-17T23:58:09.681+0000] {dag.py:3096} INFO - Sync 2 DAGs
[2024-04-17T23:58:09.704+0000] {logging_mixin.py:188} INFO - [2024-04-17T23:58:09.704+0000] {dag.py:3954} INFO - Setting next_dagrun for example_xcom_args to None, run_after=None
[2024-04-17T23:58:09.711+0000] {logging_mixin.py:188} INFO - [2024-04-17T23:58:09.711+0000] {dag.py:3954} INFO - Setting next_dagrun for example_xcom_args_with_operators to None, run_after=None
[2024-04-17T23:58:09.740+0000] {processor.py:183} INFO - Processing /home/airflow/.local/lib/python3.12/site-packages/airflow/example_dags/example_xcomargs.py took 0.139 seconds
[2024-04-17T23:58:40.494+0000] {processor.py:161} INFO - Started process (PID=168) to work on /home/airflow/.local/lib/python3.12/site-packages/airflow/example_dags/example_xcomargs.py
[2024-04-17T23:58:40.495+0000] {processor.py:830} INFO - Processing file /home/airflow/.local/lib/python3.12/site-packages/airflow/example_dags/example_xcomargs.py for tasks to queue
[2024-04-17T23:58:40.498+0000] {logging_mixin.py:188} INFO - [2024-04-17T23:58:40.498+0000] {dagbag.py:540} INFO - Filling up the DagBag from /home/airflow/.local/lib/python3.12/site-packages/airflow/example_dags/example_xcomargs.py
[2024-04-17T23:58:40.513+0000] {processor.py:840} INFO - DAG(s) 'example_xcom_args_with_operators', 'example_xcom_args' retrieved from /home/airflow/.local/lib/python3.12/site-packages/airflow/example_dags/example_xcomargs.py
[2024-04-17T23:58:40.562+0000] {logging_mixin.py:188} INFO - [2024-04-17T23:58:40.562+0000] {dag.py:3096} INFO - Sync 2 DAGs
[2024-04-17T23:58:40.584+0000] {logging_mixin.py:188} INFO - [2024-04-17T23:58:40.583+0000] {dag.py:3954} INFO - Setting next_dagrun for example_xcom_args to None, run_after=None
[2024-04-17T23:58:40.594+0000] {logging_mixin.py:188} INFO - [2024-04-17T23:58:40.593+0000] {dag.py:3954} INFO - Setting next_dagrun for example_xcom_args_with_operators to None, run_after=None
[2024-04-17T23:58:40.649+0000] {processor.py:183} INFO - Processing /home/airflow/.local/lib/python3.12/site-packages/airflow/example_dags/example_xcomargs.py took 0.163 seconds
[2024-04-17T23:59:11.624+0000] {processor.py:161} INFO - Started process (PID=226) to work on /home/airflow/.local/lib/python3.12/site-packages/airflow/example_dags/example_xcomargs.py
[2024-04-17T23:59:11.626+0000] {processor.py:830} INFO - Processing file /home/airflow/.local/lib/python3.12/site-packages/airflow/example_dags/example_xcomargs.py for tasks to queue
[2024-04-17T23:59:11.628+0000] {logging_mixin.py:188} INFO - [2024-04-17T23:59:11.628+0000] {dagbag.py:540} INFO - Filling up the DagBag from /home/airflow/.local/lib/python3.12/site-packages/airflow/example_dags/example_xcomargs.py
[2024-04-17T23:59:11.645+0000] {processor.py:840} INFO - DAG(s) 'example_xcom_args_with_operators', 'example_xcom_args' retrieved from /home/airflow/.local/lib/python3.12/site-packages/airflow/example_dags/example_xcomargs.py
[2024-04-17T23:59:11.690+0000] {logging_mixin.py:188} INFO - [2024-04-17T23:59:11.689+0000] {dag.py:3096} INFO - Sync 2 DAGs
[2024-04-17T23:59:11.718+0000] {logging_mixin.py:188} INFO - [2024-04-17T23:59:11.718+0000] {dag.py:3954} INFO - Setting next_dagrun for example_xcom_args to None, run_after=None
[2024-04-17T23:59:11.727+0000] {logging_mixin.py:188} INFO - [2024-04-17T23:59:11.726+0000] {dag.py:3954} INFO - Setting next_dagrun for example_xcom_args_with_operators to None, run_after=None
[2024-04-17T23:59:11.767+0000] {processor.py:183} INFO - Processing /home/airflow/.local/lib/python3.12/site-packages/airflow/example_dags/example_xcomargs.py took 0.152 seconds
[2024-04-17T23:59:41.823+0000] {processor.py:161} INFO - Started process (PID=285) to work on /home/airflow/.local/lib/python3.12/site-packages/airflow/example_dags/example_xcomargs.py
[2024-04-17T23:59:41.825+0000] {processor.py:830} INFO - Processing file /home/airflow/.local/lib/python3.12/site-packages/airflow/example_dags/example_xcomargs.py for tasks to queue
[2024-04-17T23:59:41.828+0000] {logging_mixin.py:188} INFO - [2024-04-17T23:59:41.828+0000] {dagbag.py:540} INFO - Filling up the DagBag from /home/airflow/.local/lib/python3.12/site-packages/airflow/example_dags/example_xcomargs.py
[2024-04-17T23:59:41.839+0000] {processor.py:840} INFO - DAG(s) 'example_xcom_args', 'example_xcom_args_with_operators' retrieved from /home/airflow/.local/lib/python3.12/site-packages/airflow/example_dags/example_xcomargs.py
[2024-04-17T23:59:41.871+0000] {logging_mixin.py:188} INFO - [2024-04-17T23:59:41.871+0000] {dag.py:3096} INFO - Sync 2 DAGs
[2024-04-17T23:59:41.891+0000] {logging_mixin.py:188} INFO - [2024-04-17T23:59:41.891+0000] {dag.py:3954} INFO - Setting next_dagrun for example_xcom_args to None, run_after=None
[2024-04-17T23:59:41.898+0000] {logging_mixin.py:188} INFO - [2024-04-17T23:59:41.897+0000] {dag.py:3954} INFO - Setting next_dagrun for example_xcom_args_with_operators to None, run_after=None
[2024-04-17T23:59:41.921+0000] {processor.py:183} INFO - Processing /home/airflow/.local/lib/python3.12/site-packages/airflow/example_dags/example_xcomargs.py took 0.105 seconds
