[2024-04-17T21:04:33.585+0000] {processor.py:161} INFO - Started process (PID=63) to work on /home/airflow/.local/lib/python3.12/site-packages/airflow/example_dags/example_complex.py
[2024-04-17T21:04:33.630+0000] {processor.py:830} INFO - Processing file /home/airflow/.local/lib/python3.12/site-packages/airflow/example_dags/example_complex.py for tasks to queue
[2024-04-17T21:04:34.153+0000] {logging_mixin.py:188} INFO - [2024-04-17T21:04:33.846+0000] {dagbag.py:540} INFO - Filling up the DagBag from /home/airflow/.local/lib/python3.12/site-packages/airflow/example_dags/example_complex.py
[2024-04-17T21:04:34.340+0000] {processor.py:840} INFO - DAG(s) 'example_complex' retrieved from /home/airflow/.local/lib/python3.12/site-packages/airflow/example_dags/example_complex.py
[2024-04-17T21:04:37.198+0000] {logging_mixin.py:188} INFO - [2024-04-17T21:04:37.197+0000] {dag.py:3096} INFO - Sync 1 DAGs
[2024-04-17T21:04:37.289+0000] {logging_mixin.py:188} INFO - [2024-04-17T21:04:37.289+0000] {dag.py:3954} INFO - Setting next_dagrun for example_complex to None, run_after=None
[2024-04-17T21:04:37.500+0000] {processor.py:183} INFO - Processing /home/airflow/.local/lib/python3.12/site-packages/airflow/example_dags/example_complex.py took 3.932 seconds
[2024-04-17T21:05:10.732+0000] {processor.py:161} INFO - Started process (PID=127) to work on /home/airflow/.local/lib/python3.12/site-packages/airflow/example_dags/example_complex.py
[2024-04-17T21:05:10.746+0000] {processor.py:830} INFO - Processing file /home/airflow/.local/lib/python3.12/site-packages/airflow/example_dags/example_complex.py for tasks to queue
[2024-04-17T21:05:10.751+0000] {logging_mixin.py:188} INFO - [2024-04-17T21:05:10.750+0000] {dagbag.py:540} INFO - Filling up the DagBag from /home/airflow/.local/lib/python3.12/site-packages/airflow/example_dags/example_complex.py
[2024-04-17T21:05:10.812+0000] {processor.py:840} INFO - DAG(s) 'example_complex' retrieved from /home/airflow/.local/lib/python3.12/site-packages/airflow/example_dags/example_complex.py
[2024-04-17T21:05:10.979+0000] {logging_mixin.py:188} INFO - [2024-04-17T21:05:10.978+0000] {dag.py:3096} INFO - Sync 1 DAGs
[2024-04-17T21:05:11.007+0000] {logging_mixin.py:188} INFO - [2024-04-17T21:05:11.007+0000] {dag.py:3954} INFO - Setting next_dagrun for example_complex to None, run_after=None
[2024-04-17T21:05:11.524+0000] {processor.py:183} INFO - Processing /home/airflow/.local/lib/python3.12/site-packages/airflow/example_dags/example_complex.py took 0.805 seconds
[2024-04-17T21:05:41.821+0000] {processor.py:161} INFO - Started process (PID=185) to work on /home/airflow/.local/lib/python3.12/site-packages/airflow/example_dags/example_complex.py
[2024-04-17T21:05:41.885+0000] {processor.py:830} INFO - Processing file /home/airflow/.local/lib/python3.12/site-packages/airflow/example_dags/example_complex.py for tasks to queue
[2024-04-17T21:05:41.888+0000] {logging_mixin.py:188} INFO - [2024-04-17T21:05:41.888+0000] {dagbag.py:540} INFO - Filling up the DagBag from /home/airflow/.local/lib/python3.12/site-packages/airflow/example_dags/example_complex.py
[2024-04-17T21:05:41.935+0000] {processor.py:840} INFO - DAG(s) 'example_complex' retrieved from /home/airflow/.local/lib/python3.12/site-packages/airflow/example_dags/example_complex.py
[2024-04-17T21:05:42.066+0000] {logging_mixin.py:188} INFO - [2024-04-17T21:05:42.066+0000] {dag.py:3096} INFO - Sync 1 DAGs
[2024-04-17T21:05:42.105+0000] {logging_mixin.py:188} INFO - [2024-04-17T21:05:42.105+0000] {dag.py:3954} INFO - Setting next_dagrun for example_complex to None, run_after=None
[2024-04-17T21:05:42.446+0000] {processor.py:183} INFO - Processing /home/airflow/.local/lib/python3.12/site-packages/airflow/example_dags/example_complex.py took 0.649 seconds
[2024-04-17T21:06:12.963+0000] {processor.py:161} INFO - Started process (PID=243) to work on /home/airflow/.local/lib/python3.12/site-packages/airflow/example_dags/example_complex.py
[2024-04-17T21:06:12.965+0000] {processor.py:830} INFO - Processing file /home/airflow/.local/lib/python3.12/site-packages/airflow/example_dags/example_complex.py for tasks to queue
[2024-04-17T21:06:12.969+0000] {logging_mixin.py:188} INFO - [2024-04-17T21:06:12.968+0000] {dagbag.py:540} INFO - Filling up the DagBag from /home/airflow/.local/lib/python3.12/site-packages/airflow/example_dags/example_complex.py
[2024-04-17T21:06:13.020+0000] {processor.py:840} INFO - DAG(s) 'example_complex' retrieved from /home/airflow/.local/lib/python3.12/site-packages/airflow/example_dags/example_complex.py
[2024-04-17T21:06:13.180+0000] {logging_mixin.py:188} INFO - [2024-04-17T21:06:13.179+0000] {dag.py:3096} INFO - Sync 1 DAGs
[2024-04-17T21:06:13.213+0000] {logging_mixin.py:188} INFO - [2024-04-17T21:06:13.213+0000] {dag.py:3954} INFO - Setting next_dagrun for example_complex to None, run_after=None
[2024-04-17T21:06:13.671+0000] {processor.py:183} INFO - Processing /home/airflow/.local/lib/python3.12/site-packages/airflow/example_dags/example_complex.py took 0.725 seconds
[2024-04-17T21:06:45.651+0000] {processor.py:161} INFO - Started process (PID=299) to work on /home/airflow/.local/lib/python3.12/site-packages/airflow/example_dags/example_complex.py
[2024-04-17T21:06:45.669+0000] {processor.py:830} INFO - Processing file /home/airflow/.local/lib/python3.12/site-packages/airflow/example_dags/example_complex.py for tasks to queue
[2024-04-17T21:06:45.680+0000] {logging_mixin.py:188} INFO - [2024-04-17T21:06:45.679+0000] {dagbag.py:540} INFO - Filling up the DagBag from /home/airflow/.local/lib/python3.12/site-packages/airflow/example_dags/example_complex.py
[2024-04-17T21:06:45.755+0000] {processor.py:840} INFO - DAG(s) 'example_complex' retrieved from /home/airflow/.local/lib/python3.12/site-packages/airflow/example_dags/example_complex.py
[2024-04-17T21:06:45.979+0000] {logging_mixin.py:188} INFO - [2024-04-17T21:06:45.978+0000] {dag.py:3096} INFO - Sync 1 DAGs
[2024-04-17T21:06:46.052+0000] {logging_mixin.py:188} INFO - [2024-04-17T21:06:46.050+0000] {dag.py:3954} INFO - Setting next_dagrun for example_complex to None, run_after=None
[2024-04-17T21:06:46.190+0000] {processor.py:183} INFO - Processing /home/airflow/.local/lib/python3.12/site-packages/airflow/example_dags/example_complex.py took 0.548 seconds
[2024-04-17T21:07:23.013+0000] {processor.py:161} INFO - Started process (PID=357) to work on /home/airflow/.local/lib/python3.12/site-packages/airflow/example_dags/example_complex.py
[2024-04-17T21:07:23.027+0000] {processor.py:830} INFO - Processing file /home/airflow/.local/lib/python3.12/site-packages/airflow/example_dags/example_complex.py for tasks to queue
[2024-04-17T21:07:23.064+0000] {logging_mixin.py:188} INFO - [2024-04-17T21:07:23.063+0000] {dagbag.py:540} INFO - Filling up the DagBag from /home/airflow/.local/lib/python3.12/site-packages/airflow/example_dags/example_complex.py
[2024-04-17T21:07:23.142+0000] {processor.py:840} INFO - DAG(s) 'example_complex' retrieved from /home/airflow/.local/lib/python3.12/site-packages/airflow/example_dags/example_complex.py
[2024-04-17T21:07:23.419+0000] {logging_mixin.py:188} INFO - [2024-04-17T21:07:23.418+0000] {dag.py:3096} INFO - Sync 1 DAGs
[2024-04-17T21:07:23.522+0000] {logging_mixin.py:188} INFO - [2024-04-17T21:07:23.521+0000] {dag.py:3954} INFO - Setting next_dagrun for example_complex to None, run_after=None
[2024-04-17T21:07:23.671+0000] {processor.py:183} INFO - Processing /home/airflow/.local/lib/python3.12/site-packages/airflow/example_dags/example_complex.py took 0.693 seconds
[2024-04-17T21:07:54.209+0000] {processor.py:161} INFO - Started process (PID=415) to work on /home/airflow/.local/lib/python3.12/site-packages/airflow/example_dags/example_complex.py
[2024-04-17T21:07:54.211+0000] {processor.py:830} INFO - Processing file /home/airflow/.local/lib/python3.12/site-packages/airflow/example_dags/example_complex.py for tasks to queue
[2024-04-17T21:07:54.215+0000] {logging_mixin.py:188} INFO - [2024-04-17T21:07:54.215+0000] {dagbag.py:540} INFO - Filling up the DagBag from /home/airflow/.local/lib/python3.12/site-packages/airflow/example_dags/example_complex.py
[2024-04-17T21:07:54.256+0000] {processor.py:840} INFO - DAG(s) 'example_complex' retrieved from /home/airflow/.local/lib/python3.12/site-packages/airflow/example_dags/example_complex.py
[2024-04-17T21:07:54.452+0000] {logging_mixin.py:188} INFO - [2024-04-17T21:07:54.451+0000] {dag.py:3096} INFO - Sync 1 DAGs
[2024-04-17T21:07:54.559+0000] {logging_mixin.py:188} INFO - [2024-04-17T21:07:54.549+0000] {dag.py:3954} INFO - Setting next_dagrun for example_complex to None, run_after=None
[2024-04-17T21:07:54.660+0000] {processor.py:183} INFO - Processing /home/airflow/.local/lib/python3.12/site-packages/airflow/example_dags/example_complex.py took 0.466 seconds
[2024-04-17T21:08:25.024+0000] {processor.py:161} INFO - Started process (PID=473) to work on /home/airflow/.local/lib/python3.12/site-packages/airflow/example_dags/example_complex.py
[2024-04-17T21:08:25.035+0000] {processor.py:830} INFO - Processing file /home/airflow/.local/lib/python3.12/site-packages/airflow/example_dags/example_complex.py for tasks to queue
[2024-04-17T21:08:25.042+0000] {logging_mixin.py:188} INFO - [2024-04-17T21:08:25.041+0000] {dagbag.py:540} INFO - Filling up the DagBag from /home/airflow/.local/lib/python3.12/site-packages/airflow/example_dags/example_complex.py
[2024-04-17T21:08:25.114+0000] {processor.py:840} INFO - DAG(s) 'example_complex' retrieved from /home/airflow/.local/lib/python3.12/site-packages/airflow/example_dags/example_complex.py
[2024-04-17T21:08:25.305+0000] {logging_mixin.py:188} INFO - [2024-04-17T21:08:25.304+0000] {dag.py:3096} INFO - Sync 1 DAGs
[2024-04-17T21:08:25.387+0000] {logging_mixin.py:188} INFO - [2024-04-17T21:08:25.386+0000] {dag.py:3954} INFO - Setting next_dagrun for example_complex to None, run_after=None
[2024-04-17T21:08:25.502+0000] {processor.py:183} INFO - Processing /home/airflow/.local/lib/python3.12/site-packages/airflow/example_dags/example_complex.py took 0.503 seconds
[2024-04-17T21:08:55.932+0000] {processor.py:161} INFO - Started process (PID=531) to work on /home/airflow/.local/lib/python3.12/site-packages/airflow/example_dags/example_complex.py
[2024-04-17T21:08:55.935+0000] {processor.py:830} INFO - Processing file /home/airflow/.local/lib/python3.12/site-packages/airflow/example_dags/example_complex.py for tasks to queue
[2024-04-17T21:08:55.949+0000] {logging_mixin.py:188} INFO - [2024-04-17T21:08:55.948+0000] {dagbag.py:540} INFO - Filling up the DagBag from /home/airflow/.local/lib/python3.12/site-packages/airflow/example_dags/example_complex.py
[2024-04-17T21:08:55.996+0000] {processor.py:840} INFO - DAG(s) 'example_complex' retrieved from /home/airflow/.local/lib/python3.12/site-packages/airflow/example_dags/example_complex.py
[2024-04-17T21:08:56.168+0000] {logging_mixin.py:188} INFO - [2024-04-17T21:08:56.167+0000] {dag.py:3096} INFO - Sync 1 DAGs
[2024-04-17T21:08:56.243+0000] {logging_mixin.py:188} INFO - [2024-04-17T21:08:56.243+0000] {dag.py:3954} INFO - Setting next_dagrun for example_complex to None, run_after=None
[2024-04-17T21:08:56.715+0000] {processor.py:183} INFO - Processing /home/airflow/.local/lib/python3.12/site-packages/airflow/example_dags/example_complex.py took 0.807 seconds
[2024-04-17T21:09:27.513+0000] {processor.py:161} INFO - Started process (PID=589) to work on /home/airflow/.local/lib/python3.12/site-packages/airflow/example_dags/example_complex.py
[2024-04-17T21:09:27.557+0000] {processor.py:830} INFO - Processing file /home/airflow/.local/lib/python3.12/site-packages/airflow/example_dags/example_complex.py for tasks to queue
[2024-04-17T21:09:27.561+0000] {logging_mixin.py:188} INFO - [2024-04-17T21:09:27.560+0000] {dagbag.py:540} INFO - Filling up the DagBag from /home/airflow/.local/lib/python3.12/site-packages/airflow/example_dags/example_complex.py
[2024-04-17T21:09:27.577+0000] {processor.py:840} INFO - DAG(s) 'example_complex' retrieved from /home/airflow/.local/lib/python3.12/site-packages/airflow/example_dags/example_complex.py
[2024-04-17T21:09:27.623+0000] {logging_mixin.py:188} INFO - [2024-04-17T21:09:27.622+0000] {dag.py:3096} INFO - Sync 1 DAGs
[2024-04-17T21:09:27.649+0000] {logging_mixin.py:188} INFO - [2024-04-17T21:09:27.648+0000] {dag.py:3954} INFO - Setting next_dagrun for example_complex to None, run_after=None
[2024-04-17T21:09:28.137+0000] {processor.py:183} INFO - Processing /home/airflow/.local/lib/python3.12/site-packages/airflow/example_dags/example_complex.py took 0.635 seconds
[2024-04-17T21:09:58.367+0000] {processor.py:161} INFO - Started process (PID=647) to work on /home/airflow/.local/lib/python3.12/site-packages/airflow/example_dags/example_complex.py
[2024-04-17T21:09:58.369+0000] {processor.py:830} INFO - Processing file /home/airflow/.local/lib/python3.12/site-packages/airflow/example_dags/example_complex.py for tasks to queue
[2024-04-17T21:09:58.374+0000] {logging_mixin.py:188} INFO - [2024-04-17T21:09:58.373+0000] {dagbag.py:540} INFO - Filling up the DagBag from /home/airflow/.local/lib/python3.12/site-packages/airflow/example_dags/example_complex.py
[2024-04-17T21:09:58.396+0000] {processor.py:840} INFO - DAG(s) 'example_complex' retrieved from /home/airflow/.local/lib/python3.12/site-packages/airflow/example_dags/example_complex.py
[2024-04-17T21:09:58.473+0000] {logging_mixin.py:188} INFO - [2024-04-17T21:09:58.472+0000] {dag.py:3096} INFO - Sync 1 DAGs
[2024-04-17T21:09:58.499+0000] {logging_mixin.py:188} INFO - [2024-04-17T21:09:58.498+0000] {dag.py:3954} INFO - Setting next_dagrun for example_complex to None, run_after=None
[2024-04-17T21:09:58.548+0000] {processor.py:183} INFO - Processing /home/airflow/.local/lib/python3.12/site-packages/airflow/example_dags/example_complex.py took 0.190 seconds
[2024-04-17T21:10:28.939+0000] {processor.py:161} INFO - Started process (PID=705) to work on /home/airflow/.local/lib/python3.12/site-packages/airflow/example_dags/example_complex.py
[2024-04-17T21:10:28.942+0000] {processor.py:830} INFO - Processing file /home/airflow/.local/lib/python3.12/site-packages/airflow/example_dags/example_complex.py for tasks to queue
[2024-04-17T21:10:28.945+0000] {logging_mixin.py:188} INFO - [2024-04-17T21:10:28.945+0000] {dagbag.py:540} INFO - Filling up the DagBag from /home/airflow/.local/lib/python3.12/site-packages/airflow/example_dags/example_complex.py
[2024-04-17T21:10:28.983+0000] {processor.py:840} INFO - DAG(s) 'example_complex' retrieved from /home/airflow/.local/lib/python3.12/site-packages/airflow/example_dags/example_complex.py
[2024-04-17T21:10:29.077+0000] {logging_mixin.py:188} INFO - [2024-04-17T21:10:29.077+0000] {dag.py:3096} INFO - Sync 1 DAGs
[2024-04-17T21:10:29.106+0000] {logging_mixin.py:188} INFO - [2024-04-17T21:10:29.105+0000] {dag.py:3954} INFO - Setting next_dagrun for example_complex to None, run_after=None
[2024-04-17T21:10:29.158+0000] {processor.py:183} INFO - Processing /home/airflow/.local/lib/python3.12/site-packages/airflow/example_dags/example_complex.py took 0.232 seconds
[2024-04-17T21:10:59.263+0000] {processor.py:161} INFO - Started process (PID=764) to work on /home/airflow/.local/lib/python3.12/site-packages/airflow/example_dags/example_complex.py
[2024-04-17T21:10:59.265+0000] {processor.py:830} INFO - Processing file /home/airflow/.local/lib/python3.12/site-packages/airflow/example_dags/example_complex.py for tasks to queue
[2024-04-17T21:10:59.269+0000] {logging_mixin.py:188} INFO - [2024-04-17T21:10:59.269+0000] {dagbag.py:540} INFO - Filling up the DagBag from /home/airflow/.local/lib/python3.12/site-packages/airflow/example_dags/example_complex.py
[2024-04-17T21:10:59.309+0000] {processor.py:840} INFO - DAG(s) 'example_complex' retrieved from /home/airflow/.local/lib/python3.12/site-packages/airflow/example_dags/example_complex.py
[2024-04-17T21:10:59.404+0000] {logging_mixin.py:188} INFO - [2024-04-17T21:10:59.402+0000] {dag.py:3096} INFO - Sync 1 DAGs
[2024-04-17T21:10:59.434+0000] {logging_mixin.py:188} INFO - [2024-04-17T21:10:59.433+0000] {dag.py:3954} INFO - Setting next_dagrun for example_complex to None, run_after=None
[2024-04-17T21:10:59.488+0000] {processor.py:183} INFO - Processing /home/airflow/.local/lib/python3.12/site-packages/airflow/example_dags/example_complex.py took 0.236 seconds
[2024-04-17T21:11:29.724+0000] {processor.py:161} INFO - Started process (PID=821) to work on /home/airflow/.local/lib/python3.12/site-packages/airflow/example_dags/example_complex.py
[2024-04-17T21:11:29.726+0000] {processor.py:830} INFO - Processing file /home/airflow/.local/lib/python3.12/site-packages/airflow/example_dags/example_complex.py for tasks to queue
[2024-04-17T21:11:29.729+0000] {logging_mixin.py:188} INFO - [2024-04-17T21:11:29.728+0000] {dagbag.py:540} INFO - Filling up the DagBag from /home/airflow/.local/lib/python3.12/site-packages/airflow/example_dags/example_complex.py
[2024-04-17T21:11:29.771+0000] {processor.py:840} INFO - DAG(s) 'example_complex' retrieved from /home/airflow/.local/lib/python3.12/site-packages/airflow/example_dags/example_complex.py
[2024-04-17T21:11:29.857+0000] {logging_mixin.py:188} INFO - [2024-04-17T21:11:29.856+0000] {dag.py:3096} INFO - Sync 1 DAGs
[2024-04-17T21:11:29.886+0000] {logging_mixin.py:188} INFO - [2024-04-17T21:11:29.886+0000] {dag.py:3954} INFO - Setting next_dagrun for example_complex to None, run_after=None
[2024-04-17T21:11:29.940+0000] {processor.py:183} INFO - Processing /home/airflow/.local/lib/python3.12/site-packages/airflow/example_dags/example_complex.py took 0.224 seconds
[2024-04-17T21:12:00.174+0000] {processor.py:161} INFO - Started process (PID=879) to work on /home/airflow/.local/lib/python3.12/site-packages/airflow/example_dags/example_complex.py
[2024-04-17T21:12:00.175+0000] {processor.py:830} INFO - Processing file /home/airflow/.local/lib/python3.12/site-packages/airflow/example_dags/example_complex.py for tasks to queue
[2024-04-17T21:12:00.178+0000] {logging_mixin.py:188} INFO - [2024-04-17T21:12:00.177+0000] {dagbag.py:540} INFO - Filling up the DagBag from /home/airflow/.local/lib/python3.12/site-packages/airflow/example_dags/example_complex.py
[2024-04-17T21:12:00.196+0000] {processor.py:840} INFO - DAG(s) 'example_complex' retrieved from /home/airflow/.local/lib/python3.12/site-packages/airflow/example_dags/example_complex.py
[2024-04-17T21:12:00.255+0000] {logging_mixin.py:188} INFO - [2024-04-17T21:12:00.255+0000] {dag.py:3096} INFO - Sync 1 DAGs
[2024-04-17T21:12:00.278+0000] {logging_mixin.py:188} INFO - [2024-04-17T21:12:00.277+0000] {dag.py:3954} INFO - Setting next_dagrun for example_complex to None, run_after=None
[2024-04-17T21:12:00.345+0000] {processor.py:183} INFO - Processing /home/airflow/.local/lib/python3.12/site-packages/airflow/example_dags/example_complex.py took 0.179 seconds
[2024-04-17T21:12:31.110+0000] {processor.py:161} INFO - Started process (PID=937) to work on /home/airflow/.local/lib/python3.12/site-packages/airflow/example_dags/example_complex.py
[2024-04-17T21:12:31.112+0000] {processor.py:830} INFO - Processing file /home/airflow/.local/lib/python3.12/site-packages/airflow/example_dags/example_complex.py for tasks to queue
[2024-04-17T21:12:31.114+0000] {logging_mixin.py:188} INFO - [2024-04-17T21:12:31.114+0000] {dagbag.py:540} INFO - Filling up the DagBag from /home/airflow/.local/lib/python3.12/site-packages/airflow/example_dags/example_complex.py
[2024-04-17T21:12:31.132+0000] {processor.py:840} INFO - DAG(s) 'example_complex' retrieved from /home/airflow/.local/lib/python3.12/site-packages/airflow/example_dags/example_complex.py
[2024-04-17T21:12:31.185+0000] {logging_mixin.py:188} INFO - [2024-04-17T21:12:31.185+0000] {dag.py:3096} INFO - Sync 1 DAGs
[2024-04-17T21:12:31.210+0000] {logging_mixin.py:188} INFO - [2024-04-17T21:12:31.210+0000] {dag.py:3954} INFO - Setting next_dagrun for example_complex to None, run_after=None
[2024-04-17T21:12:31.246+0000] {processor.py:183} INFO - Processing /home/airflow/.local/lib/python3.12/site-packages/airflow/example_dags/example_complex.py took 0.145 seconds
[2024-04-17T21:13:01.958+0000] {processor.py:161} INFO - Started process (PID=995) to work on /home/airflow/.local/lib/python3.12/site-packages/airflow/example_dags/example_complex.py
[2024-04-17T21:13:01.961+0000] {processor.py:830} INFO - Processing file /home/airflow/.local/lib/python3.12/site-packages/airflow/example_dags/example_complex.py for tasks to queue
[2024-04-17T21:13:01.965+0000] {logging_mixin.py:188} INFO - [2024-04-17T21:13:01.964+0000] {dagbag.py:540} INFO - Filling up the DagBag from /home/airflow/.local/lib/python3.12/site-packages/airflow/example_dags/example_complex.py
[2024-04-17T21:13:02.033+0000] {processor.py:840} INFO - DAG(s) 'example_complex' retrieved from /home/airflow/.local/lib/python3.12/site-packages/airflow/example_dags/example_complex.py
[2024-04-17T21:13:02.152+0000] {logging_mixin.py:188} INFO - [2024-04-17T21:13:02.152+0000] {dag.py:3096} INFO - Sync 1 DAGs
[2024-04-17T21:13:02.181+0000] {logging_mixin.py:188} INFO - [2024-04-17T21:13:02.181+0000] {dag.py:3954} INFO - Setting next_dagrun for example_complex to None, run_after=None
[2024-04-17T21:13:02.223+0000] {processor.py:183} INFO - Processing /home/airflow/.local/lib/python3.12/site-packages/airflow/example_dags/example_complex.py took 0.277 seconds
[2024-04-17T21:14:57.681+0000] {processor.py:161} INFO - Started process (PID=52) to work on /home/airflow/.local/lib/python3.12/site-packages/airflow/example_dags/example_complex.py
[2024-04-17T21:14:57.683+0000] {processor.py:830} INFO - Processing file /home/airflow/.local/lib/python3.12/site-packages/airflow/example_dags/example_complex.py for tasks to queue
[2024-04-17T21:14:57.687+0000] {logging_mixin.py:188} INFO - [2024-04-17T21:14:57.687+0000] {dagbag.py:540} INFO - Filling up the DagBag from /home/airflow/.local/lib/python3.12/site-packages/airflow/example_dags/example_complex.py
[2024-04-17T21:14:57.723+0000] {processor.py:840} INFO - DAG(s) 'example_complex' retrieved from /home/airflow/.local/lib/python3.12/site-packages/airflow/example_dags/example_complex.py
[2024-04-17T21:14:58.055+0000] {logging_mixin.py:188} INFO - [2024-04-17T21:14:58.054+0000] {dag.py:3096} INFO - Sync 1 DAGs
[2024-04-17T21:14:58.084+0000] {logging_mixin.py:188} INFO - [2024-04-17T21:14:58.084+0000] {dag.py:3954} INFO - Setting next_dagrun for example_complex to None, run_after=None
[2024-04-17T21:14:58.155+0000] {processor.py:183} INFO - Processing /home/airflow/.local/lib/python3.12/site-packages/airflow/example_dags/example_complex.py took 0.487 seconds
[2024-04-17T21:15:28.763+0000] {processor.py:161} INFO - Started process (PID=110) to work on /home/airflow/.local/lib/python3.12/site-packages/airflow/example_dags/example_complex.py
[2024-04-17T21:15:28.764+0000] {processor.py:830} INFO - Processing file /home/airflow/.local/lib/python3.12/site-packages/airflow/example_dags/example_complex.py for tasks to queue
[2024-04-17T21:15:28.767+0000] {logging_mixin.py:188} INFO - [2024-04-17T21:15:28.766+0000] {dagbag.py:540} INFO - Filling up the DagBag from /home/airflow/.local/lib/python3.12/site-packages/airflow/example_dags/example_complex.py
[2024-04-17T21:15:28.784+0000] {processor.py:840} INFO - DAG(s) 'example_complex' retrieved from /home/airflow/.local/lib/python3.12/site-packages/airflow/example_dags/example_complex.py
[2024-04-17T21:15:28.831+0000] {logging_mixin.py:188} INFO - [2024-04-17T21:15:28.831+0000] {dag.py:3096} INFO - Sync 1 DAGs
[2024-04-17T21:15:28.855+0000] {logging_mixin.py:188} INFO - [2024-04-17T21:15:28.854+0000] {dag.py:3954} INFO - Setting next_dagrun for example_complex to None, run_after=None
[2024-04-17T21:15:28.889+0000] {processor.py:183} INFO - Processing /home/airflow/.local/lib/python3.12/site-packages/airflow/example_dags/example_complex.py took 0.135 seconds
[2024-04-17T21:15:58.972+0000] {processor.py:161} INFO - Started process (PID=168) to work on /home/airflow/.local/lib/python3.12/site-packages/airflow/example_dags/example_complex.py
[2024-04-17T21:15:58.974+0000] {processor.py:830} INFO - Processing file /home/airflow/.local/lib/python3.12/site-packages/airflow/example_dags/example_complex.py for tasks to queue
[2024-04-17T21:15:58.977+0000] {logging_mixin.py:188} INFO - [2024-04-17T21:15:58.977+0000] {dagbag.py:540} INFO - Filling up the DagBag from /home/airflow/.local/lib/python3.12/site-packages/airflow/example_dags/example_complex.py
[2024-04-17T21:15:58.993+0000] {processor.py:840} INFO - DAG(s) 'example_complex' retrieved from /home/airflow/.local/lib/python3.12/site-packages/airflow/example_dags/example_complex.py
[2024-04-17T21:15:59.048+0000] {logging_mixin.py:188} INFO - [2024-04-17T21:15:59.048+0000] {dag.py:3096} INFO - Sync 1 DAGs
[2024-04-17T21:15:59.067+0000] {logging_mixin.py:188} INFO - [2024-04-17T21:15:59.067+0000] {dag.py:3954} INFO - Setting next_dagrun for example_complex to None, run_after=None
[2024-04-17T21:15:59.101+0000] {processor.py:183} INFO - Processing /home/airflow/.local/lib/python3.12/site-packages/airflow/example_dags/example_complex.py took 0.136 seconds
[2024-04-17T21:16:29.254+0000] {processor.py:161} INFO - Started process (PID=226) to work on /home/airflow/.local/lib/python3.12/site-packages/airflow/example_dags/example_complex.py
[2024-04-17T21:16:29.256+0000] {processor.py:830} INFO - Processing file /home/airflow/.local/lib/python3.12/site-packages/airflow/example_dags/example_complex.py for tasks to queue
[2024-04-17T21:16:29.259+0000] {logging_mixin.py:188} INFO - [2024-04-17T21:16:29.258+0000] {dagbag.py:540} INFO - Filling up the DagBag from /home/airflow/.local/lib/python3.12/site-packages/airflow/example_dags/example_complex.py
[2024-04-17T21:16:29.278+0000] {processor.py:840} INFO - DAG(s) 'example_complex' retrieved from /home/airflow/.local/lib/python3.12/site-packages/airflow/example_dags/example_complex.py
[2024-04-17T21:16:29.349+0000] {logging_mixin.py:188} INFO - [2024-04-17T21:16:29.349+0000] {dag.py:3096} INFO - Sync 1 DAGs
[2024-04-17T21:16:29.396+0000] {logging_mixin.py:188} INFO - [2024-04-17T21:16:29.395+0000] {dag.py:3954} INFO - Setting next_dagrun for example_complex to None, run_after=None
[2024-04-17T21:16:29.440+0000] {processor.py:183} INFO - Processing /home/airflow/.local/lib/python3.12/site-packages/airflow/example_dags/example_complex.py took 0.192 seconds
[2024-04-17T21:16:59.749+0000] {processor.py:161} INFO - Started process (PID=284) to work on /home/airflow/.local/lib/python3.12/site-packages/airflow/example_dags/example_complex.py
[2024-04-17T21:16:59.751+0000] {processor.py:830} INFO - Processing file /home/airflow/.local/lib/python3.12/site-packages/airflow/example_dags/example_complex.py for tasks to queue
[2024-04-17T21:16:59.753+0000] {logging_mixin.py:188} INFO - [2024-04-17T21:16:59.753+0000] {dagbag.py:540} INFO - Filling up the DagBag from /home/airflow/.local/lib/python3.12/site-packages/airflow/example_dags/example_complex.py
[2024-04-17T21:16:59.786+0000] {processor.py:840} INFO - DAG(s) 'example_complex' retrieved from /home/airflow/.local/lib/python3.12/site-packages/airflow/example_dags/example_complex.py
[2024-04-17T21:16:59.890+0000] {logging_mixin.py:188} INFO - [2024-04-17T21:16:59.889+0000] {dag.py:3096} INFO - Sync 1 DAGs
[2024-04-17T21:16:59.923+0000] {logging_mixin.py:188} INFO - [2024-04-17T21:16:59.922+0000] {dag.py:3954} INFO - Setting next_dagrun for example_complex to None, run_after=None
[2024-04-17T21:16:59.967+0000] {processor.py:183} INFO - Processing /home/airflow/.local/lib/python3.12/site-packages/airflow/example_dags/example_complex.py took 0.229 seconds
[2024-04-17T21:17:30.072+0000] {processor.py:161} INFO - Started process (PID=342) to work on /home/airflow/.local/lib/python3.12/site-packages/airflow/example_dags/example_complex.py
[2024-04-17T21:17:30.074+0000] {processor.py:830} INFO - Processing file /home/airflow/.local/lib/python3.12/site-packages/airflow/example_dags/example_complex.py for tasks to queue
[2024-04-17T21:17:30.080+0000] {logging_mixin.py:188} INFO - [2024-04-17T21:17:30.079+0000] {dagbag.py:540} INFO - Filling up the DagBag from /home/airflow/.local/lib/python3.12/site-packages/airflow/example_dags/example_complex.py
[2024-04-17T21:17:30.117+0000] {processor.py:840} INFO - DAG(s) 'example_complex' retrieved from /home/airflow/.local/lib/python3.12/site-packages/airflow/example_dags/example_complex.py
[2024-04-17T21:17:30.183+0000] {logging_mixin.py:188} INFO - [2024-04-17T21:17:30.182+0000] {dag.py:3096} INFO - Sync 1 DAGs
[2024-04-17T21:17:30.208+0000] {logging_mixin.py:188} INFO - [2024-04-17T21:17:30.207+0000] {dag.py:3954} INFO - Setting next_dagrun for example_complex to None, run_after=None
[2024-04-17T21:17:30.250+0000] {processor.py:183} INFO - Processing /home/airflow/.local/lib/python3.12/site-packages/airflow/example_dags/example_complex.py took 0.195 seconds
[2024-04-17T21:18:00.385+0000] {processor.py:161} INFO - Started process (PID=400) to work on /home/airflow/.local/lib/python3.12/site-packages/airflow/example_dags/example_complex.py
[2024-04-17T21:18:00.386+0000] {processor.py:830} INFO - Processing file /home/airflow/.local/lib/python3.12/site-packages/airflow/example_dags/example_complex.py for tasks to queue
[2024-04-17T21:18:00.390+0000] {logging_mixin.py:188} INFO - [2024-04-17T21:18:00.389+0000] {dagbag.py:540} INFO - Filling up the DagBag from /home/airflow/.local/lib/python3.12/site-packages/airflow/example_dags/example_complex.py
[2024-04-17T21:18:00.416+0000] {processor.py:840} INFO - DAG(s) 'example_complex' retrieved from /home/airflow/.local/lib/python3.12/site-packages/airflow/example_dags/example_complex.py
[2024-04-17T21:18:00.490+0000] {logging_mixin.py:188} INFO - [2024-04-17T21:18:00.489+0000] {dag.py:3096} INFO - Sync 1 DAGs
[2024-04-17T21:18:00.524+0000] {logging_mixin.py:188} INFO - [2024-04-17T21:18:00.523+0000] {dag.py:3954} INFO - Setting next_dagrun for example_complex to None, run_after=None
[2024-04-17T21:18:00.575+0000] {processor.py:183} INFO - Processing /home/airflow/.local/lib/python3.12/site-packages/airflow/example_dags/example_complex.py took 0.200 seconds
[2024-04-17T21:18:31.060+0000] {processor.py:161} INFO - Started process (PID=458) to work on /home/airflow/.local/lib/python3.12/site-packages/airflow/example_dags/example_complex.py
[2024-04-17T21:18:31.062+0000] {processor.py:830} INFO - Processing file /home/airflow/.local/lib/python3.12/site-packages/airflow/example_dags/example_complex.py for tasks to queue
[2024-04-17T21:18:31.064+0000] {logging_mixin.py:188} INFO - [2024-04-17T21:18:31.063+0000] {dagbag.py:540} INFO - Filling up the DagBag from /home/airflow/.local/lib/python3.12/site-packages/airflow/example_dags/example_complex.py
[2024-04-17T21:18:31.079+0000] {processor.py:840} INFO - DAG(s) 'example_complex' retrieved from /home/airflow/.local/lib/python3.12/site-packages/airflow/example_dags/example_complex.py
[2024-04-17T21:18:31.130+0000] {logging_mixin.py:188} INFO - [2024-04-17T21:18:31.129+0000] {dag.py:3096} INFO - Sync 1 DAGs
[2024-04-17T21:18:31.153+0000] {logging_mixin.py:188} INFO - [2024-04-17T21:18:31.153+0000] {dag.py:3954} INFO - Setting next_dagrun for example_complex to None, run_after=None
[2024-04-17T21:18:31.188+0000] {processor.py:183} INFO - Processing /home/airflow/.local/lib/python3.12/site-packages/airflow/example_dags/example_complex.py took 0.134 seconds
[2024-04-17T21:19:02.452+0000] {processor.py:161} INFO - Started process (PID=516) to work on /home/airflow/.local/lib/python3.12/site-packages/airflow/example_dags/example_complex.py
[2024-04-17T21:19:02.454+0000] {processor.py:830} INFO - Processing file /home/airflow/.local/lib/python3.12/site-packages/airflow/example_dags/example_complex.py for tasks to queue
[2024-04-17T21:19:02.459+0000] {logging_mixin.py:188} INFO - [2024-04-17T21:19:02.458+0000] {dagbag.py:540} INFO - Filling up the DagBag from /home/airflow/.local/lib/python3.12/site-packages/airflow/example_dags/example_complex.py
[2024-04-17T21:19:02.483+0000] {processor.py:840} INFO - DAG(s) 'example_complex' retrieved from /home/airflow/.local/lib/python3.12/site-packages/airflow/example_dags/example_complex.py
[2024-04-17T21:19:02.557+0000] {logging_mixin.py:188} INFO - [2024-04-17T21:19:02.557+0000] {dag.py:3096} INFO - Sync 1 DAGs
[2024-04-17T21:19:02.587+0000] {logging_mixin.py:188} INFO - [2024-04-17T21:19:02.586+0000] {dag.py:3954} INFO - Setting next_dagrun for example_complex to None, run_after=None
[2024-04-17T21:19:02.629+0000] {processor.py:183} INFO - Processing /home/airflow/.local/lib/python3.12/site-packages/airflow/example_dags/example_complex.py took 0.187 seconds
[2024-04-17T23:57:39.162+0000] {processor.py:161} INFO - Started process (PID=50) to work on /home/airflow/.local/lib/python3.12/site-packages/airflow/example_dags/example_complex.py
[2024-04-17T23:57:39.165+0000] {processor.py:830} INFO - Processing file /home/airflow/.local/lib/python3.12/site-packages/airflow/example_dags/example_complex.py for tasks to queue
[2024-04-17T23:57:39.169+0000] {logging_mixin.py:188} INFO - [2024-04-17T23:57:39.168+0000] {dagbag.py:540} INFO - Filling up the DagBag from /home/airflow/.local/lib/python3.12/site-packages/airflow/example_dags/example_complex.py
[2024-04-17T23:57:39.190+0000] {processor.py:840} INFO - DAG(s) 'example_complex' retrieved from /home/airflow/.local/lib/python3.12/site-packages/airflow/example_dags/example_complex.py
[2024-04-17T23:57:39.245+0000] {logging_mixin.py:188} INFO - [2024-04-17T23:57:39.245+0000] {dag.py:3096} INFO - Sync 1 DAGs
[2024-04-17T23:57:39.269+0000] {logging_mixin.py:188} INFO - [2024-04-17T23:57:39.269+0000] {dag.py:3954} INFO - Setting next_dagrun for example_complex to None, run_after=None
[2024-04-17T23:57:39.307+0000] {processor.py:183} INFO - Processing /home/airflow/.local/lib/python3.12/site-packages/airflow/example_dags/example_complex.py took 0.155 seconds
[2024-04-17T23:58:09.482+0000] {processor.py:161} INFO - Started process (PID=108) to work on /home/airflow/.local/lib/python3.12/site-packages/airflow/example_dags/example_complex.py
[2024-04-17T23:58:09.483+0000] {processor.py:830} INFO - Processing file /home/airflow/.local/lib/python3.12/site-packages/airflow/example_dags/example_complex.py for tasks to queue
[2024-04-17T23:58:09.486+0000] {logging_mixin.py:188} INFO - [2024-04-17T23:58:09.485+0000] {dagbag.py:540} INFO - Filling up the DagBag from /home/airflow/.local/lib/python3.12/site-packages/airflow/example_dags/example_complex.py
[2024-04-17T23:58:09.499+0000] {processor.py:840} INFO - DAG(s) 'example_complex' retrieved from /home/airflow/.local/lib/python3.12/site-packages/airflow/example_dags/example_complex.py
[2024-04-17T23:58:09.549+0000] {logging_mixin.py:188} INFO - [2024-04-17T23:58:09.549+0000] {dag.py:3096} INFO - Sync 1 DAGs
[2024-04-17T23:58:09.570+0000] {logging_mixin.py:188} INFO - [2024-04-17T23:58:09.570+0000] {dag.py:3954} INFO - Setting next_dagrun for example_complex to None, run_after=None
[2024-04-17T23:58:09.605+0000] {processor.py:183} INFO - Processing /home/airflow/.local/lib/python3.12/site-packages/airflow/example_dags/example_complex.py took 0.130 seconds
[2024-04-17T23:58:40.290+0000] {processor.py:161} INFO - Started process (PID=166) to work on /home/airflow/.local/lib/python3.12/site-packages/airflow/example_dags/example_complex.py
[2024-04-17T23:58:40.291+0000] {processor.py:830} INFO - Processing file /home/airflow/.local/lib/python3.12/site-packages/airflow/example_dags/example_complex.py for tasks to queue
[2024-04-17T23:58:40.294+0000] {logging_mixin.py:188} INFO - [2024-04-17T23:58:40.293+0000] {dagbag.py:540} INFO - Filling up the DagBag from /home/airflow/.local/lib/python3.12/site-packages/airflow/example_dags/example_complex.py
[2024-04-17T23:58:40.314+0000] {processor.py:840} INFO - DAG(s) 'example_complex' retrieved from /home/airflow/.local/lib/python3.12/site-packages/airflow/example_dags/example_complex.py
[2024-04-17T23:58:40.379+0000] {logging_mixin.py:188} INFO - [2024-04-17T23:58:40.379+0000] {dag.py:3096} INFO - Sync 1 DAGs
[2024-04-17T23:58:40.408+0000] {logging_mixin.py:188} INFO - [2024-04-17T23:58:40.407+0000] {dag.py:3954} INFO - Setting next_dagrun for example_complex to None, run_after=None
[2024-04-17T23:58:40.448+0000] {processor.py:183} INFO - Processing /home/airflow/.local/lib/python3.12/site-packages/airflow/example_dags/example_complex.py took 0.167 seconds
[2024-04-17T23:59:11.417+0000] {processor.py:161} INFO - Started process (PID=224) to work on /home/airflow/.local/lib/python3.12/site-packages/airflow/example_dags/example_complex.py
[2024-04-17T23:59:11.418+0000] {processor.py:830} INFO - Processing file /home/airflow/.local/lib/python3.12/site-packages/airflow/example_dags/example_complex.py for tasks to queue
[2024-04-17T23:59:11.422+0000] {logging_mixin.py:188} INFO - [2024-04-17T23:59:11.421+0000] {dagbag.py:540} INFO - Filling up the DagBag from /home/airflow/.local/lib/python3.12/site-packages/airflow/example_dags/example_complex.py
[2024-04-17T23:59:11.437+0000] {processor.py:840} INFO - DAG(s) 'example_complex' retrieved from /home/airflow/.local/lib/python3.12/site-packages/airflow/example_dags/example_complex.py
[2024-04-17T23:59:11.491+0000] {logging_mixin.py:188} INFO - [2024-04-17T23:59:11.491+0000] {dag.py:3096} INFO - Sync 1 DAGs
[2024-04-17T23:59:11.517+0000] {logging_mixin.py:188} INFO - [2024-04-17T23:59:11.516+0000] {dag.py:3954} INFO - Setting next_dagrun for example_complex to None, run_after=None
[2024-04-17T23:59:11.555+0000] {processor.py:183} INFO - Processing /home/airflow/.local/lib/python3.12/site-packages/airflow/example_dags/example_complex.py took 0.146 seconds
[2024-04-17T23:59:41.665+0000] {processor.py:161} INFO - Started process (PID=283) to work on /home/airflow/.local/lib/python3.12/site-packages/airflow/example_dags/example_complex.py
[2024-04-17T23:59:41.666+0000] {processor.py:830} INFO - Processing file /home/airflow/.local/lib/python3.12/site-packages/airflow/example_dags/example_complex.py for tasks to queue
[2024-04-17T23:59:41.668+0000] {logging_mixin.py:188} INFO - [2024-04-17T23:59:41.668+0000] {dagbag.py:540} INFO - Filling up the DagBag from /home/airflow/.local/lib/python3.12/site-packages/airflow/example_dags/example_complex.py
[2024-04-17T23:59:41.682+0000] {processor.py:840} INFO - DAG(s) 'example_complex' retrieved from /home/airflow/.local/lib/python3.12/site-packages/airflow/example_dags/example_complex.py
[2024-04-17T23:59:41.730+0000] {logging_mixin.py:188} INFO - [2024-04-17T23:59:41.730+0000] {dag.py:3096} INFO - Sync 1 DAGs
[2024-04-17T23:59:41.749+0000] {logging_mixin.py:188} INFO - [2024-04-17T23:59:41.749+0000] {dag.py:3954} INFO - Setting next_dagrun for example_complex to None, run_after=None
[2024-04-17T23:59:41.777+0000] {processor.py:183} INFO - Processing /home/airflow/.local/lib/python3.12/site-packages/airflow/example_dags/example_complex.py took 0.118 seconds
