[2024-04-17T21:04:28.185+0000] {processor.py:161} INFO - Started process (PID=60) to work on /home/airflow/.local/lib/python3.12/site-packages/airflow/example_dags/example_latest_only_with_trigger.py
[2024-04-17T21:04:28.188+0000] {processor.py:830} INFO - Processing file /home/airflow/.local/lib/python3.12/site-packages/airflow/example_dags/example_latest_only_with_trigger.py for tasks to queue
[2024-04-17T21:04:28.196+0000] {logging_mixin.py:188} INFO - [2024-04-17T21:04:28.192+0000] {dagbag.py:540} INFO - Filling up the DagBag from /home/airflow/.local/lib/python3.12/site-packages/airflow/example_dags/example_latest_only_with_trigger.py
[2024-04-17T21:04:28.258+0000] {processor.py:840} INFO - DAG(s) 'latest_only_with_trigger' retrieved from /home/airflow/.local/lib/python3.12/site-packages/airflow/example_dags/example_latest_only_with_trigger.py
[2024-04-17T21:04:30.466+0000] {logging_mixin.py:188} INFO - [2024-04-17T21:04:30.466+0000] {dag.py:3096} INFO - Sync 1 DAGs
[2024-04-17T21:04:30.720+0000] {logging_mixin.py:188} INFO - [2024-04-17T21:04:30.719+0000] {dag.py:3954} INFO - Setting next_dagrun for latest_only_with_trigger to 2024-04-17 16:00:00+00:00, run_after=2024-04-17 20:00:00+00:00
[2024-04-17T21:04:30.891+0000] {processor.py:183} INFO - Processing /home/airflow/.local/lib/python3.12/site-packages/airflow/example_dags/example_latest_only_with_trigger.py took 2.723 seconds
[2024-04-17T21:05:08.604+0000] {processor.py:161} INFO - Started process (PID=124) to work on /home/airflow/.local/lib/python3.12/site-packages/airflow/example_dags/example_latest_only_with_trigger.py
[2024-04-17T21:05:08.607+0000] {processor.py:830} INFO - Processing file /home/airflow/.local/lib/python3.12/site-packages/airflow/example_dags/example_latest_only_with_trigger.py for tasks to queue
[2024-04-17T21:05:08.616+0000] {logging_mixin.py:188} INFO - [2024-04-17T21:05:08.615+0000] {dagbag.py:540} INFO - Filling up the DagBag from /home/airflow/.local/lib/python3.12/site-packages/airflow/example_dags/example_latest_only_with_trigger.py
[2024-04-17T21:05:08.645+0000] {processor.py:840} INFO - DAG(s) 'latest_only_with_trigger' retrieved from /home/airflow/.local/lib/python3.12/site-packages/airflow/example_dags/example_latest_only_with_trigger.py
[2024-04-17T21:05:08.735+0000] {logging_mixin.py:188} INFO - [2024-04-17T21:05:08.734+0000] {dag.py:3096} INFO - Sync 1 DAGs
[2024-04-17T21:05:08.878+0000] {logging_mixin.py:188} INFO - [2024-04-17T21:05:08.875+0000] {dag.py:3954} INFO - Setting next_dagrun for latest_only_with_trigger to 2024-04-17 16:00:00+00:00, run_after=2024-04-17 20:00:00+00:00
[2024-04-17T21:05:10.013+0000] {processor.py:183} INFO - Processing /home/airflow/.local/lib/python3.12/site-packages/airflow/example_dags/example_latest_only_with_trigger.py took 1.433 seconds
[2024-04-17T21:05:40.301+0000] {processor.py:161} INFO - Started process (PID=182) to work on /home/airflow/.local/lib/python3.12/site-packages/airflow/example_dags/example_latest_only_with_trigger.py
[2024-04-17T21:05:40.304+0000] {processor.py:830} INFO - Processing file /home/airflow/.local/lib/python3.12/site-packages/airflow/example_dags/example_latest_only_with_trigger.py for tasks to queue
[2024-04-17T21:05:40.315+0000] {logging_mixin.py:188} INFO - [2024-04-17T21:05:40.314+0000] {dagbag.py:540} INFO - Filling up the DagBag from /home/airflow/.local/lib/python3.12/site-packages/airflow/example_dags/example_latest_only_with_trigger.py
[2024-04-17T21:05:40.329+0000] {processor.py:840} INFO - DAG(s) 'latest_only_with_trigger' retrieved from /home/airflow/.local/lib/python3.12/site-packages/airflow/example_dags/example_latest_only_with_trigger.py
[2024-04-17T21:05:40.391+0000] {logging_mixin.py:188} INFO - [2024-04-17T21:05:40.390+0000] {dag.py:3096} INFO - Sync 1 DAGs
[2024-04-17T21:05:40.451+0000] {logging_mixin.py:188} INFO - [2024-04-17T21:05:40.450+0000] {dag.py:3954} INFO - Setting next_dagrun for latest_only_with_trigger to 2024-04-17 16:00:00+00:00, run_after=2024-04-17 20:00:00+00:00
[2024-04-17T21:05:40.504+0000] {processor.py:183} INFO - Processing /home/airflow/.local/lib/python3.12/site-packages/airflow/example_dags/example_latest_only_with_trigger.py took 0.215 seconds
[2024-04-17T21:06:10.778+0000] {processor.py:161} INFO - Started process (PID=238) to work on /home/airflow/.local/lib/python3.12/site-packages/airflow/example_dags/example_latest_only_with_trigger.py
[2024-04-17T21:06:10.832+0000] {processor.py:830} INFO - Processing file /home/airflow/.local/lib/python3.12/site-packages/airflow/example_dags/example_latest_only_with_trigger.py for tasks to queue
[2024-04-17T21:06:10.835+0000] {logging_mixin.py:188} INFO - [2024-04-17T21:06:10.834+0000] {dagbag.py:540} INFO - Filling up the DagBag from /home/airflow/.local/lib/python3.12/site-packages/airflow/example_dags/example_latest_only_with_trigger.py
[2024-04-17T21:06:10.844+0000] {processor.py:840} INFO - DAG(s) 'latest_only_with_trigger' retrieved from /home/airflow/.local/lib/python3.12/site-packages/airflow/example_dags/example_latest_only_with_trigger.py
[2024-04-17T21:06:10.887+0000] {logging_mixin.py:188} INFO - [2024-04-17T21:06:10.887+0000] {dag.py:3096} INFO - Sync 1 DAGs
[2024-04-17T21:06:10.967+0000] {logging_mixin.py:188} INFO - [2024-04-17T21:06:10.966+0000] {dag.py:3954} INFO - Setting next_dagrun for latest_only_with_trigger to 2024-04-17 16:00:00+00:00, run_after=2024-04-17 20:00:00+00:00
[2024-04-17T21:06:11.345+0000] {processor.py:183} INFO - Processing /home/airflow/.local/lib/python3.12/site-packages/airflow/example_dags/example_latest_only_with_trigger.py took 0.582 seconds
[2024-04-17T21:06:44.563+0000] {processor.py:161} INFO - Started process (PID=296) to work on /home/airflow/.local/lib/python3.12/site-packages/airflow/example_dags/example_latest_only_with_trigger.py
[2024-04-17T21:06:44.570+0000] {processor.py:830} INFO - Processing file /home/airflow/.local/lib/python3.12/site-packages/airflow/example_dags/example_latest_only_with_trigger.py for tasks to queue
[2024-04-17T21:06:44.590+0000] {logging_mixin.py:188} INFO - [2024-04-17T21:06:44.589+0000] {dagbag.py:540} INFO - Filling up the DagBag from /home/airflow/.local/lib/python3.12/site-packages/airflow/example_dags/example_latest_only_with_trigger.py
[2024-04-17T21:06:44.628+0000] {processor.py:840} INFO - DAG(s) 'latest_only_with_trigger' retrieved from /home/airflow/.local/lib/python3.12/site-packages/airflow/example_dags/example_latest_only_with_trigger.py
[2024-04-17T21:06:44.734+0000] {logging_mixin.py:188} INFO - [2024-04-17T21:06:44.733+0000] {dag.py:3096} INFO - Sync 1 DAGs
[2024-04-17T21:06:44.890+0000] {logging_mixin.py:188} INFO - [2024-04-17T21:06:44.879+0000] {dag.py:3954} INFO - Setting next_dagrun for latest_only_with_trigger to 2024-04-17 16:00:00+00:00, run_after=2024-04-17 20:00:00+00:00
[2024-04-17T21:06:45.069+0000] {processor.py:183} INFO - Processing /home/airflow/.local/lib/python3.12/site-packages/airflow/example_dags/example_latest_only_with_trigger.py took 0.542 seconds
[2024-04-17T21:07:21.270+0000] {processor.py:161} INFO - Started process (PID=352) to work on /home/airflow/.local/lib/python3.12/site-packages/airflow/example_dags/example_latest_only_with_trigger.py
[2024-04-17T21:07:21.283+0000] {processor.py:830} INFO - Processing file /home/airflow/.local/lib/python3.12/site-packages/airflow/example_dags/example_latest_only_with_trigger.py for tasks to queue
[2024-04-17T21:07:21.298+0000] {logging_mixin.py:188} INFO - [2024-04-17T21:07:21.297+0000] {dagbag.py:540} INFO - Filling up the DagBag from /home/airflow/.local/lib/python3.12/site-packages/airflow/example_dags/example_latest_only_with_trigger.py
[2024-04-17T21:07:21.334+0000] {processor.py:840} INFO - DAG(s) 'latest_only_with_trigger' retrieved from /home/airflow/.local/lib/python3.12/site-packages/airflow/example_dags/example_latest_only_with_trigger.py
[2024-04-17T21:07:21.440+0000] {logging_mixin.py:188} INFO - [2024-04-17T21:07:21.440+0000] {dag.py:3096} INFO - Sync 1 DAGs
[2024-04-17T21:07:21.521+0000] {logging_mixin.py:188} INFO - [2024-04-17T21:07:21.520+0000] {dag.py:3954} INFO - Setting next_dagrun for latest_only_with_trigger to 2024-04-17 16:00:00+00:00, run_after=2024-04-17 20:00:00+00:00
[2024-04-17T21:07:21.882+0000] {processor.py:183} INFO - Processing /home/airflow/.local/lib/python3.12/site-packages/airflow/example_dags/example_latest_only_with_trigger.py took 0.642 seconds
[2024-04-17T21:07:52.499+0000] {processor.py:161} INFO - Started process (PID=410) to work on /home/airflow/.local/lib/python3.12/site-packages/airflow/example_dags/example_latest_only_with_trigger.py
[2024-04-17T21:07:52.507+0000] {processor.py:830} INFO - Processing file /home/airflow/.local/lib/python3.12/site-packages/airflow/example_dags/example_latest_only_with_trigger.py for tasks to queue
[2024-04-17T21:07:52.517+0000] {logging_mixin.py:188} INFO - [2024-04-17T21:07:52.516+0000] {dagbag.py:540} INFO - Filling up the DagBag from /home/airflow/.local/lib/python3.12/site-packages/airflow/example_dags/example_latest_only_with_trigger.py
[2024-04-17T21:07:52.537+0000] {processor.py:840} INFO - DAG(s) 'latest_only_with_trigger' retrieved from /home/airflow/.local/lib/python3.12/site-packages/airflow/example_dags/example_latest_only_with_trigger.py
[2024-04-17T21:07:52.638+0000] {logging_mixin.py:188} INFO - [2024-04-17T21:07:52.637+0000] {dag.py:3096} INFO - Sync 1 DAGs
[2024-04-17T21:07:52.766+0000] {logging_mixin.py:188} INFO - [2024-04-17T21:07:52.765+0000] {dag.py:3954} INFO - Setting next_dagrun for latest_only_with_trigger to 2024-04-17 16:00:00+00:00, run_after=2024-04-17 20:00:00+00:00
[2024-04-17T21:07:52.897+0000] {processor.py:183} INFO - Processing /home/airflow/.local/lib/python3.12/site-packages/airflow/example_dags/example_latest_only_with_trigger.py took 0.416 seconds
[2024-04-17T21:08:23.279+0000] {processor.py:161} INFO - Started process (PID=468) to work on /home/airflow/.local/lib/python3.12/site-packages/airflow/example_dags/example_latest_only_with_trigger.py
[2024-04-17T21:08:23.283+0000] {processor.py:830} INFO - Processing file /home/airflow/.local/lib/python3.12/site-packages/airflow/example_dags/example_latest_only_with_trigger.py for tasks to queue
[2024-04-17T21:08:23.293+0000] {logging_mixin.py:188} INFO - [2024-04-17T21:08:23.292+0000] {dagbag.py:540} INFO - Filling up the DagBag from /home/airflow/.local/lib/python3.12/site-packages/airflow/example_dags/example_latest_only_with_trigger.py
[2024-04-17T21:08:23.315+0000] {processor.py:840} INFO - DAG(s) 'latest_only_with_trigger' retrieved from /home/airflow/.local/lib/python3.12/site-packages/airflow/example_dags/example_latest_only_with_trigger.py
[2024-04-17T21:08:23.387+0000] {logging_mixin.py:188} INFO - [2024-04-17T21:08:23.387+0000] {dag.py:3096} INFO - Sync 1 DAGs
[2024-04-17T21:08:23.524+0000] {logging_mixin.py:188} INFO - [2024-04-17T21:08:23.523+0000] {dag.py:3954} INFO - Setting next_dagrun for latest_only_with_trigger to 2024-04-17 16:00:00+00:00, run_after=2024-04-17 20:00:00+00:00
[2024-04-17T21:08:23.629+0000] {processor.py:183} INFO - Processing /home/airflow/.local/lib/python3.12/site-packages/airflow/example_dags/example_latest_only_with_trigger.py took 0.374 seconds
[2024-04-17T21:08:54.595+0000] {processor.py:161} INFO - Started process (PID=526) to work on /home/airflow/.local/lib/python3.12/site-packages/airflow/example_dags/example_latest_only_with_trigger.py
[2024-04-17T21:08:54.597+0000] {processor.py:830} INFO - Processing file /home/airflow/.local/lib/python3.12/site-packages/airflow/example_dags/example_latest_only_with_trigger.py for tasks to queue
[2024-04-17T21:08:54.601+0000] {logging_mixin.py:188} INFO - [2024-04-17T21:08:54.601+0000] {dagbag.py:540} INFO - Filling up the DagBag from /home/airflow/.local/lib/python3.12/site-packages/airflow/example_dags/example_latest_only_with_trigger.py
[2024-04-17T21:08:54.618+0000] {processor.py:840} INFO - DAG(s) 'latest_only_with_trigger' retrieved from /home/airflow/.local/lib/python3.12/site-packages/airflow/example_dags/example_latest_only_with_trigger.py
[2024-04-17T21:08:54.717+0000] {logging_mixin.py:188} INFO - [2024-04-17T21:08:54.716+0000] {dag.py:3096} INFO - Sync 1 DAGs
[2024-04-17T21:08:54.833+0000] {logging_mixin.py:188} INFO - [2024-04-17T21:08:54.832+0000] {dag.py:3954} INFO - Setting next_dagrun for latest_only_with_trigger to 2024-04-17 16:00:00+00:00, run_after=2024-04-17 20:00:00+00:00
[2024-04-17T21:08:54.914+0000] {processor.py:183} INFO - Processing /home/airflow/.local/lib/python3.12/site-packages/airflow/example_dags/example_latest_only_with_trigger.py took 0.331 seconds
[2024-04-17T21:09:26.200+0000] {processor.py:161} INFO - Started process (PID=584) to work on /home/airflow/.local/lib/python3.12/site-packages/airflow/example_dags/example_latest_only_with_trigger.py
[2024-04-17T21:09:26.225+0000] {processor.py:830} INFO - Processing file /home/airflow/.local/lib/python3.12/site-packages/airflow/example_dags/example_latest_only_with_trigger.py for tasks to queue
[2024-04-17T21:09:26.234+0000] {logging_mixin.py:188} INFO - [2024-04-17T21:09:26.233+0000] {dagbag.py:540} INFO - Filling up the DagBag from /home/airflow/.local/lib/python3.12/site-packages/airflow/example_dags/example_latest_only_with_trigger.py
[2024-04-17T21:09:26.255+0000] {processor.py:840} INFO - DAG(s) 'latest_only_with_trigger' retrieved from /home/airflow/.local/lib/python3.12/site-packages/airflow/example_dags/example_latest_only_with_trigger.py
[2024-04-17T21:09:26.321+0000] {logging_mixin.py:188} INFO - [2024-04-17T21:09:26.321+0000] {dag.py:3096} INFO - Sync 1 DAGs
[2024-04-17T21:09:26.408+0000] {logging_mixin.py:188} INFO - [2024-04-17T21:09:26.408+0000] {dag.py:3954} INFO - Setting next_dagrun for latest_only_with_trigger to 2024-04-17 16:00:00+00:00, run_after=2024-04-17 20:00:00+00:00
[2024-04-17T21:09:27.029+0000] {processor.py:183} INFO - Processing /home/airflow/.local/lib/python3.12/site-packages/airflow/example_dags/example_latest_only_with_trigger.py took 0.841 seconds
[2024-04-17T21:09:57.901+0000] {processor.py:161} INFO - Started process (PID=643) to work on /home/airflow/.local/lib/python3.12/site-packages/airflow/example_dags/example_latest_only_with_trigger.py
[2024-04-17T21:09:57.903+0000] {processor.py:830} INFO - Processing file /home/airflow/.local/lib/python3.12/site-packages/airflow/example_dags/example_latest_only_with_trigger.py for tasks to queue
[2024-04-17T21:09:57.907+0000] {logging_mixin.py:188} INFO - [2024-04-17T21:09:57.906+0000] {dagbag.py:540} INFO - Filling up the DagBag from /home/airflow/.local/lib/python3.12/site-packages/airflow/example_dags/example_latest_only_with_trigger.py
[2024-04-17T21:09:57.917+0000] {processor.py:840} INFO - DAG(s) 'latest_only_with_trigger' retrieved from /home/airflow/.local/lib/python3.12/site-packages/airflow/example_dags/example_latest_only_with_trigger.py
[2024-04-17T21:09:57.951+0000] {logging_mixin.py:188} INFO - [2024-04-17T21:09:57.950+0000] {dag.py:3096} INFO - Sync 1 DAGs
[2024-04-17T21:09:57.992+0000] {logging_mixin.py:188} INFO - [2024-04-17T21:09:57.991+0000] {dag.py:3954} INFO - Setting next_dagrun for latest_only_with_trigger to 2024-04-17 16:00:00+00:00, run_after=2024-04-17 20:00:00+00:00
[2024-04-17T21:09:58.047+0000] {processor.py:183} INFO - Processing /home/airflow/.local/lib/python3.12/site-packages/airflow/example_dags/example_latest_only_with_trigger.py took 0.153 seconds
[2024-04-17T21:10:28.385+0000] {processor.py:161} INFO - Started process (PID=701) to work on /home/airflow/.local/lib/python3.12/site-packages/airflow/example_dags/example_latest_only_with_trigger.py
[2024-04-17T21:10:28.387+0000] {processor.py:830} INFO - Processing file /home/airflow/.local/lib/python3.12/site-packages/airflow/example_dags/example_latest_only_with_trigger.py for tasks to queue
[2024-04-17T21:10:28.392+0000] {logging_mixin.py:188} INFO - [2024-04-17T21:10:28.391+0000] {dagbag.py:540} INFO - Filling up the DagBag from /home/airflow/.local/lib/python3.12/site-packages/airflow/example_dags/example_latest_only_with_trigger.py
[2024-04-17T21:10:28.405+0000] {processor.py:840} INFO - DAG(s) 'latest_only_with_trigger' retrieved from /home/airflow/.local/lib/python3.12/site-packages/airflow/example_dags/example_latest_only_with_trigger.py
[2024-04-17T21:10:28.465+0000] {logging_mixin.py:188} INFO - [2024-04-17T21:10:28.464+0000] {dag.py:3096} INFO - Sync 1 DAGs
[2024-04-17T21:10:28.520+0000] {logging_mixin.py:188} INFO - [2024-04-17T21:10:28.519+0000] {dag.py:3954} INFO - Setting next_dagrun for latest_only_with_trigger to 2024-04-17 16:00:00+00:00, run_after=2024-04-17 20:00:00+00:00
[2024-04-17T21:10:28.575+0000] {processor.py:183} INFO - Processing /home/airflow/.local/lib/python3.12/site-packages/airflow/example_dags/example_latest_only_with_trigger.py took 0.202 seconds
[2024-04-17T21:10:58.808+0000] {processor.py:161} INFO - Started process (PID=760) to work on /home/airflow/.local/lib/python3.12/site-packages/airflow/example_dags/example_latest_only_with_trigger.py
[2024-04-17T21:10:58.811+0000] {processor.py:830} INFO - Processing file /home/airflow/.local/lib/python3.12/site-packages/airflow/example_dags/example_latest_only_with_trigger.py for tasks to queue
[2024-04-17T21:10:58.814+0000] {logging_mixin.py:188} INFO - [2024-04-17T21:10:58.814+0000] {dagbag.py:540} INFO - Filling up the DagBag from /home/airflow/.local/lib/python3.12/site-packages/airflow/example_dags/example_latest_only_with_trigger.py
[2024-04-17T21:10:58.824+0000] {processor.py:840} INFO - DAG(s) 'latest_only_with_trigger' retrieved from /home/airflow/.local/lib/python3.12/site-packages/airflow/example_dags/example_latest_only_with_trigger.py
[2024-04-17T21:10:58.863+0000] {logging_mixin.py:188} INFO - [2024-04-17T21:10:58.863+0000] {dag.py:3096} INFO - Sync 1 DAGs
[2024-04-17T21:10:58.923+0000] {logging_mixin.py:188} INFO - [2024-04-17T21:10:58.922+0000] {dag.py:3954} INFO - Setting next_dagrun for latest_only_with_trigger to 2024-04-17 16:00:00+00:00, run_after=2024-04-17 20:00:00+00:00
[2024-04-17T21:10:58.987+0000] {processor.py:183} INFO - Processing /home/airflow/.local/lib/python3.12/site-packages/airflow/example_dags/example_latest_only_with_trigger.py took 0.188 seconds
[2024-04-17T21:11:29.540+0000] {processor.py:161} INFO - Started process (PID=818) to work on /home/airflow/.local/lib/python3.12/site-packages/airflow/example_dags/example_latest_only_with_trigger.py
[2024-04-17T21:11:29.541+0000] {processor.py:830} INFO - Processing file /home/airflow/.local/lib/python3.12/site-packages/airflow/example_dags/example_latest_only_with_trigger.py for tasks to queue
[2024-04-17T21:11:29.544+0000] {logging_mixin.py:188} INFO - [2024-04-17T21:11:29.543+0000] {dagbag.py:540} INFO - Filling up the DagBag from /home/airflow/.local/lib/python3.12/site-packages/airflow/example_dags/example_latest_only_with_trigger.py
[2024-04-17T21:11:29.551+0000] {processor.py:840} INFO - DAG(s) 'latest_only_with_trigger' retrieved from /home/airflow/.local/lib/python3.12/site-packages/airflow/example_dags/example_latest_only_with_trigger.py
[2024-04-17T21:11:29.581+0000] {logging_mixin.py:188} INFO - [2024-04-17T21:11:29.581+0000] {dag.py:3096} INFO - Sync 1 DAGs
[2024-04-17T21:11:29.618+0000] {logging_mixin.py:188} INFO - [2024-04-17T21:11:29.617+0000] {dag.py:3954} INFO - Setting next_dagrun for latest_only_with_trigger to 2024-04-17 16:00:00+00:00, run_after=2024-04-17 20:00:00+00:00
[2024-04-17T21:11:29.670+0000] {processor.py:183} INFO - Processing /home/airflow/.local/lib/python3.12/site-packages/airflow/example_dags/example_latest_only_with_trigger.py took 0.138 seconds
[2024-04-17T21:11:59.991+0000] {processor.py:161} INFO - Started process (PID=876) to work on /home/airflow/.local/lib/python3.12/site-packages/airflow/example_dags/example_latest_only_with_trigger.py
[2024-04-17T21:11:59.992+0000] {processor.py:830} INFO - Processing file /home/airflow/.local/lib/python3.12/site-packages/airflow/example_dags/example_latest_only_with_trigger.py for tasks to queue
[2024-04-17T21:11:59.995+0000] {logging_mixin.py:188} INFO - [2024-04-17T21:11:59.994+0000] {dagbag.py:540} INFO - Filling up the DagBag from /home/airflow/.local/lib/python3.12/site-packages/airflow/example_dags/example_latest_only_with_trigger.py
[2024-04-17T21:12:00.009+0000] {processor.py:840} INFO - DAG(s) 'latest_only_with_trigger' retrieved from /home/airflow/.local/lib/python3.12/site-packages/airflow/example_dags/example_latest_only_with_trigger.py
[2024-04-17T21:12:00.047+0000] {logging_mixin.py:188} INFO - [2024-04-17T21:12:00.046+0000] {dag.py:3096} INFO - Sync 1 DAGs
[2024-04-17T21:12:00.089+0000] {logging_mixin.py:188} INFO - [2024-04-17T21:12:00.089+0000] {dag.py:3954} INFO - Setting next_dagrun for latest_only_with_trigger to 2024-04-17 16:00:00+00:00, run_after=2024-04-17 20:00:00+00:00
[2024-04-17T21:12:00.129+0000] {processor.py:183} INFO - Processing /home/airflow/.local/lib/python3.12/site-packages/airflow/example_dags/example_latest_only_with_trigger.py took 0.149 seconds
[2024-04-17T21:12:30.751+0000] {processor.py:161} INFO - Started process (PID=934) to work on /home/airflow/.local/lib/python3.12/site-packages/airflow/example_dags/example_latest_only_with_trigger.py
[2024-04-17T21:12:30.752+0000] {processor.py:830} INFO - Processing file /home/airflow/.local/lib/python3.12/site-packages/airflow/example_dags/example_latest_only_with_trigger.py for tasks to queue
[2024-04-17T21:12:30.755+0000] {logging_mixin.py:188} INFO - [2024-04-17T21:12:30.755+0000] {dagbag.py:540} INFO - Filling up the DagBag from /home/airflow/.local/lib/python3.12/site-packages/airflow/example_dags/example_latest_only_with_trigger.py
[2024-04-17T21:12:30.773+0000] {processor.py:840} INFO - DAG(s) 'latest_only_with_trigger' retrieved from /home/airflow/.local/lib/python3.12/site-packages/airflow/example_dags/example_latest_only_with_trigger.py
[2024-04-17T21:12:30.817+0000] {logging_mixin.py:188} INFO - [2024-04-17T21:12:30.816+0000] {dag.py:3096} INFO - Sync 1 DAGs
[2024-04-17T21:12:30.869+0000] {logging_mixin.py:188} INFO - [2024-04-17T21:12:30.868+0000] {dag.py:3954} INFO - Setting next_dagrun for latest_only_with_trigger to 2024-04-17 16:00:00+00:00, run_after=2024-04-17 20:00:00+00:00
[2024-04-17T21:12:30.909+0000] {processor.py:183} INFO - Processing /home/airflow/.local/lib/python3.12/site-packages/airflow/example_dags/example_latest_only_with_trigger.py took 0.167 seconds
[2024-04-17T21:13:01.743+0000] {processor.py:161} INFO - Started process (PID=992) to work on /home/airflow/.local/lib/python3.12/site-packages/airflow/example_dags/example_latest_only_with_trigger.py
[2024-04-17T21:13:01.744+0000] {processor.py:830} INFO - Processing file /home/airflow/.local/lib/python3.12/site-packages/airflow/example_dags/example_latest_only_with_trigger.py for tasks to queue
[2024-04-17T21:13:01.747+0000] {logging_mixin.py:188} INFO - [2024-04-17T21:13:01.746+0000] {dagbag.py:540} INFO - Filling up the DagBag from /home/airflow/.local/lib/python3.12/site-packages/airflow/example_dags/example_latest_only_with_trigger.py
[2024-04-17T21:13:01.757+0000] {processor.py:840} INFO - DAG(s) 'latest_only_with_trigger' retrieved from /home/airflow/.local/lib/python3.12/site-packages/airflow/example_dags/example_latest_only_with_trigger.py
[2024-04-17T21:13:01.805+0000] {logging_mixin.py:188} INFO - [2024-04-17T21:13:01.804+0000] {dag.py:3096} INFO - Sync 1 DAGs
[2024-04-17T21:13:01.849+0000] {logging_mixin.py:188} INFO - [2024-04-17T21:13:01.849+0000] {dag.py:3954} INFO - Setting next_dagrun for latest_only_with_trigger to 2024-04-17 16:00:00+00:00, run_after=2024-04-17 20:00:00+00:00
[2024-04-17T21:13:01.889+0000] {processor.py:183} INFO - Processing /home/airflow/.local/lib/python3.12/site-packages/airflow/example_dags/example_latest_only_with_trigger.py took 0.158 seconds
[2024-04-17T21:13:32.535+0000] {processor.py:161} INFO - Started process (PID=1050) to work on /home/airflow/.local/lib/python3.12/site-packages/airflow/example_dags/example_latest_only_with_trigger.py
[2024-04-17T21:13:32.543+0000] {processor.py:830} INFO - Processing file /home/airflow/.local/lib/python3.12/site-packages/airflow/example_dags/example_latest_only_with_trigger.py for tasks to queue
[2024-04-17T21:13:32.554+0000] {logging_mixin.py:188} INFO - [2024-04-17T21:13:32.553+0000] {dagbag.py:540} INFO - Filling up the DagBag from /home/airflow/.local/lib/python3.12/site-packages/airflow/example_dags/example_latest_only_with_trigger.py
[2024-04-17T21:13:32.570+0000] {processor.py:840} INFO - DAG(s) 'latest_only_with_trigger' retrieved from /home/airflow/.local/lib/python3.12/site-packages/airflow/example_dags/example_latest_only_with_trigger.py
[2024-04-17T21:13:32.625+0000] {logging_mixin.py:188} INFO - [2024-04-17T21:13:32.624+0000] {dag.py:3096} INFO - Sync 1 DAGs
[2024-04-17T21:13:32.713+0000] {logging_mixin.py:188} INFO - [2024-04-17T21:13:32.712+0000] {dag.py:3954} INFO - Setting next_dagrun for latest_only_with_trigger to 2024-04-17 16:00:00+00:00, run_after=2024-04-17 20:00:00+00:00
[2024-04-17T21:13:32.807+0000] {processor.py:183} INFO - Processing /home/airflow/.local/lib/python3.12/site-packages/airflow/example_dags/example_latest_only_with_trigger.py took 0.282 seconds
[2024-04-17T21:14:57.031+0000] {processor.py:161} INFO - Started process (PID=49) to work on /home/airflow/.local/lib/python3.12/site-packages/airflow/example_dags/example_latest_only_with_trigger.py
[2024-04-17T21:14:57.033+0000] {processor.py:830} INFO - Processing file /home/airflow/.local/lib/python3.12/site-packages/airflow/example_dags/example_latest_only_with_trigger.py for tasks to queue
[2024-04-17T21:14:57.040+0000] {logging_mixin.py:188} INFO - [2024-04-17T21:14:57.039+0000] {dagbag.py:540} INFO - Filling up the DagBag from /home/airflow/.local/lib/python3.12/site-packages/airflow/example_dags/example_latest_only_with_trigger.py
[2024-04-17T21:14:57.062+0000] {processor.py:840} INFO - DAG(s) 'latest_only_with_trigger' retrieved from /home/airflow/.local/lib/python3.12/site-packages/airflow/example_dags/example_latest_only_with_trigger.py
[2024-04-17T21:14:57.442+0000] {logging_mixin.py:188} INFO - [2024-04-17T21:14:57.441+0000] {dag.py:3096} INFO - Sync 1 DAGs
[2024-04-17T21:14:57.498+0000] {logging_mixin.py:188} INFO - [2024-04-17T21:14:57.497+0000] {dag.py:3954} INFO - Setting next_dagrun for latest_only_with_trigger to 2024-04-17 16:00:00+00:00, run_after=2024-04-17 20:00:00+00:00
[2024-04-17T21:14:57.557+0000] {processor.py:183} INFO - Processing /home/airflow/.local/lib/python3.12/site-packages/airflow/example_dags/example_latest_only_with_trigger.py took 0.550 seconds
[2024-04-17T21:15:28.434+0000] {processor.py:161} INFO - Started process (PID=107) to work on /home/airflow/.local/lib/python3.12/site-packages/airflow/example_dags/example_latest_only_with_trigger.py
[2024-04-17T21:15:28.436+0000] {processor.py:830} INFO - Processing file /home/airflow/.local/lib/python3.12/site-packages/airflow/example_dags/example_latest_only_with_trigger.py for tasks to queue
[2024-04-17T21:15:28.439+0000] {logging_mixin.py:188} INFO - [2024-04-17T21:15:28.438+0000] {dagbag.py:540} INFO - Filling up the DagBag from /home/airflow/.local/lib/python3.12/site-packages/airflow/example_dags/example_latest_only_with_trigger.py
[2024-04-17T21:15:28.446+0000] {processor.py:840} INFO - DAG(s) 'latest_only_with_trigger' retrieved from /home/airflow/.local/lib/python3.12/site-packages/airflow/example_dags/example_latest_only_with_trigger.py
[2024-04-17T21:15:28.478+0000] {logging_mixin.py:188} INFO - [2024-04-17T21:15:28.478+0000] {dag.py:3096} INFO - Sync 1 DAGs
[2024-04-17T21:15:28.512+0000] {logging_mixin.py:188} INFO - [2024-04-17T21:15:28.511+0000] {dag.py:3954} INFO - Setting next_dagrun for latest_only_with_trigger to 2024-04-17 16:00:00+00:00, run_after=2024-04-17 20:00:00+00:00
[2024-04-17T21:15:28.545+0000] {processor.py:183} INFO - Processing /home/airflow/.local/lib/python3.12/site-packages/airflow/example_dags/example_latest_only_with_trigger.py took 0.117 seconds
[2024-04-17T21:15:58.624+0000] {processor.py:161} INFO - Started process (PID=165) to work on /home/airflow/.local/lib/python3.12/site-packages/airflow/example_dags/example_latest_only_with_trigger.py
[2024-04-17T21:15:58.625+0000] {processor.py:830} INFO - Processing file /home/airflow/.local/lib/python3.12/site-packages/airflow/example_dags/example_latest_only_with_trigger.py for tasks to queue
[2024-04-17T21:15:58.628+0000] {logging_mixin.py:188} INFO - [2024-04-17T21:15:58.628+0000] {dagbag.py:540} INFO - Filling up the DagBag from /home/airflow/.local/lib/python3.12/site-packages/airflow/example_dags/example_latest_only_with_trigger.py
[2024-04-17T21:15:58.635+0000] {processor.py:840} INFO - DAG(s) 'latest_only_with_trigger' retrieved from /home/airflow/.local/lib/python3.12/site-packages/airflow/example_dags/example_latest_only_with_trigger.py
[2024-04-17T21:15:58.671+0000] {logging_mixin.py:188} INFO - [2024-04-17T21:15:58.670+0000] {dag.py:3096} INFO - Sync 1 DAGs
[2024-04-17T21:15:58.713+0000] {logging_mixin.py:188} INFO - [2024-04-17T21:15:58.712+0000] {dag.py:3954} INFO - Setting next_dagrun for latest_only_with_trigger to 2024-04-17 16:00:00+00:00, run_after=2024-04-17 20:00:00+00:00
[2024-04-17T21:15:58.749+0000] {processor.py:183} INFO - Processing /home/airflow/.local/lib/python3.12/site-packages/airflow/example_dags/example_latest_only_with_trigger.py took 0.132 seconds
[2024-04-17T21:16:28.894+0000] {processor.py:161} INFO - Started process (PID=223) to work on /home/airflow/.local/lib/python3.12/site-packages/airflow/example_dags/example_latest_only_with_trigger.py
[2024-04-17T21:16:28.895+0000] {processor.py:830} INFO - Processing file /home/airflow/.local/lib/python3.12/site-packages/airflow/example_dags/example_latest_only_with_trigger.py for tasks to queue
[2024-04-17T21:16:28.898+0000] {logging_mixin.py:188} INFO - [2024-04-17T21:16:28.897+0000] {dagbag.py:540} INFO - Filling up the DagBag from /home/airflow/.local/lib/python3.12/site-packages/airflow/example_dags/example_latest_only_with_trigger.py
[2024-04-17T21:16:28.905+0000] {processor.py:840} INFO - DAG(s) 'latest_only_with_trigger' retrieved from /home/airflow/.local/lib/python3.12/site-packages/airflow/example_dags/example_latest_only_with_trigger.py
[2024-04-17T21:16:28.935+0000] {logging_mixin.py:188} INFO - [2024-04-17T21:16:28.934+0000] {dag.py:3096} INFO - Sync 1 DAGs
[2024-04-17T21:16:28.980+0000] {logging_mixin.py:188} INFO - [2024-04-17T21:16:28.980+0000] {dag.py:3954} INFO - Setting next_dagrun for latest_only_with_trigger to 2024-04-17 16:00:00+00:00, run_after=2024-04-17 20:00:00+00:00
[2024-04-17T21:16:29.021+0000] {processor.py:183} INFO - Processing /home/airflow/.local/lib/python3.12/site-packages/airflow/example_dags/example_latest_only_with_trigger.py took 0.133 seconds
[2024-04-17T21:16:59.386+0000] {processor.py:161} INFO - Started process (PID=281) to work on /home/airflow/.local/lib/python3.12/site-packages/airflow/example_dags/example_latest_only_with_trigger.py
[2024-04-17T21:16:59.388+0000] {processor.py:830} INFO - Processing file /home/airflow/.local/lib/python3.12/site-packages/airflow/example_dags/example_latest_only_with_trigger.py for tasks to queue
[2024-04-17T21:16:59.391+0000] {logging_mixin.py:188} INFO - [2024-04-17T21:16:59.390+0000] {dagbag.py:540} INFO - Filling up the DagBag from /home/airflow/.local/lib/python3.12/site-packages/airflow/example_dags/example_latest_only_with_trigger.py
[2024-04-17T21:16:59.397+0000] {processor.py:840} INFO - DAG(s) 'latest_only_with_trigger' retrieved from /home/airflow/.local/lib/python3.12/site-packages/airflow/example_dags/example_latest_only_with_trigger.py
[2024-04-17T21:16:59.428+0000] {logging_mixin.py:188} INFO - [2024-04-17T21:16:59.427+0000] {dag.py:3096} INFO - Sync 1 DAGs
[2024-04-17T21:16:59.463+0000] {logging_mixin.py:188} INFO - [2024-04-17T21:16:59.463+0000] {dag.py:3954} INFO - Setting next_dagrun for latest_only_with_trigger to 2024-04-17 16:00:00+00:00, run_after=2024-04-17 20:00:00+00:00
[2024-04-17T21:16:59.503+0000] {processor.py:183} INFO - Processing /home/airflow/.local/lib/python3.12/site-packages/airflow/example_dags/example_latest_only_with_trigger.py took 0.123 seconds
[2024-04-17T21:17:29.639+0000] {processor.py:161} INFO - Started process (PID=339) to work on /home/airflow/.local/lib/python3.12/site-packages/airflow/example_dags/example_latest_only_with_trigger.py
[2024-04-17T21:17:29.641+0000] {processor.py:830} INFO - Processing file /home/airflow/.local/lib/python3.12/site-packages/airflow/example_dags/example_latest_only_with_trigger.py for tasks to queue
[2024-04-17T21:17:29.645+0000] {logging_mixin.py:188} INFO - [2024-04-17T21:17:29.644+0000] {dagbag.py:540} INFO - Filling up the DagBag from /home/airflow/.local/lib/python3.12/site-packages/airflow/example_dags/example_latest_only_with_trigger.py
[2024-04-17T21:17:29.656+0000] {processor.py:840} INFO - DAG(s) 'latest_only_with_trigger' retrieved from /home/airflow/.local/lib/python3.12/site-packages/airflow/example_dags/example_latest_only_with_trigger.py
[2024-04-17T21:17:29.707+0000] {logging_mixin.py:188} INFO - [2024-04-17T21:17:29.706+0000] {dag.py:3096} INFO - Sync 1 DAGs
[2024-04-17T21:17:29.753+0000] {logging_mixin.py:188} INFO - [2024-04-17T21:17:29.752+0000] {dag.py:3954} INFO - Setting next_dagrun for latest_only_with_trigger to 2024-04-17 16:00:00+00:00, run_after=2024-04-17 20:00:00+00:00
[2024-04-17T21:17:29.793+0000] {processor.py:183} INFO - Processing /home/airflow/.local/lib/python3.12/site-packages/airflow/example_dags/example_latest_only_with_trigger.py took 0.167 seconds
[2024-04-17T21:17:59.893+0000] {processor.py:161} INFO - Started process (PID=397) to work on /home/airflow/.local/lib/python3.12/site-packages/airflow/example_dags/example_latest_only_with_trigger.py
[2024-04-17T21:17:59.895+0000] {processor.py:830} INFO - Processing file /home/airflow/.local/lib/python3.12/site-packages/airflow/example_dags/example_latest_only_with_trigger.py for tasks to queue
[2024-04-17T21:17:59.899+0000] {logging_mixin.py:188} INFO - [2024-04-17T21:17:59.898+0000] {dagbag.py:540} INFO - Filling up the DagBag from /home/airflow/.local/lib/python3.12/site-packages/airflow/example_dags/example_latest_only_with_trigger.py
[2024-04-17T21:17:59.911+0000] {processor.py:840} INFO - DAG(s) 'latest_only_with_trigger' retrieved from /home/airflow/.local/lib/python3.12/site-packages/airflow/example_dags/example_latest_only_with_trigger.py
[2024-04-17T21:17:59.954+0000] {logging_mixin.py:188} INFO - [2024-04-17T21:17:59.953+0000] {dag.py:3096} INFO - Sync 1 DAGs
[2024-04-17T21:18:00.021+0000] {logging_mixin.py:188} INFO - [2024-04-17T21:18:00.021+0000] {dag.py:3954} INFO - Setting next_dagrun for latest_only_with_trigger to 2024-04-17 16:00:00+00:00, run_after=2024-04-17 20:00:00+00:00
[2024-04-17T21:18:00.129+0000] {processor.py:183} INFO - Processing /home/airflow/.local/lib/python3.12/site-packages/airflow/example_dags/example_latest_only_with_trigger.py took 0.246 seconds
[2024-04-17T21:18:30.730+0000] {processor.py:161} INFO - Started process (PID=455) to work on /home/airflow/.local/lib/python3.12/site-packages/airflow/example_dags/example_latest_only_with_trigger.py
[2024-04-17T21:18:30.732+0000] {processor.py:830} INFO - Processing file /home/airflow/.local/lib/python3.12/site-packages/airflow/example_dags/example_latest_only_with_trigger.py for tasks to queue
[2024-04-17T21:18:30.735+0000] {logging_mixin.py:188} INFO - [2024-04-17T21:18:30.735+0000] {dagbag.py:540} INFO - Filling up the DagBag from /home/airflow/.local/lib/python3.12/site-packages/airflow/example_dags/example_latest_only_with_trigger.py
[2024-04-17T21:18:30.743+0000] {processor.py:840} INFO - DAG(s) 'latest_only_with_trigger' retrieved from /home/airflow/.local/lib/python3.12/site-packages/airflow/example_dags/example_latest_only_with_trigger.py
[2024-04-17T21:18:30.777+0000] {logging_mixin.py:188} INFO - [2024-04-17T21:18:30.777+0000] {dag.py:3096} INFO - Sync 1 DAGs
[2024-04-17T21:18:30.813+0000] {logging_mixin.py:188} INFO - [2024-04-17T21:18:30.813+0000] {dag.py:3954} INFO - Setting next_dagrun for latest_only_with_trigger to 2024-04-17 16:00:00+00:00, run_after=2024-04-17 20:00:00+00:00
[2024-04-17T21:18:30.851+0000] {processor.py:183} INFO - Processing /home/airflow/.local/lib/python3.12/site-packages/airflow/example_dags/example_latest_only_with_trigger.py took 0.129 seconds
[2024-04-17T21:19:02.095+0000] {processor.py:161} INFO - Started process (PID=513) to work on /home/airflow/.local/lib/python3.12/site-packages/airflow/example_dags/example_latest_only_with_trigger.py
[2024-04-17T21:19:02.097+0000] {processor.py:830} INFO - Processing file /home/airflow/.local/lib/python3.12/site-packages/airflow/example_dags/example_latest_only_with_trigger.py for tasks to queue
[2024-04-17T21:19:02.100+0000] {logging_mixin.py:188} INFO - [2024-04-17T21:19:02.100+0000] {dagbag.py:540} INFO - Filling up the DagBag from /home/airflow/.local/lib/python3.12/site-packages/airflow/example_dags/example_latest_only_with_trigger.py
[2024-04-17T21:19:02.110+0000] {processor.py:840} INFO - DAG(s) 'latest_only_with_trigger' retrieved from /home/airflow/.local/lib/python3.12/site-packages/airflow/example_dags/example_latest_only_with_trigger.py
[2024-04-17T21:19:02.149+0000] {logging_mixin.py:188} INFO - [2024-04-17T21:19:02.149+0000] {dag.py:3096} INFO - Sync 1 DAGs
[2024-04-17T21:19:02.205+0000] {logging_mixin.py:188} INFO - [2024-04-17T21:19:02.204+0000] {dag.py:3954} INFO - Setting next_dagrun for latest_only_with_trigger to 2024-04-17 16:00:00+00:00, run_after=2024-04-17 20:00:00+00:00
[2024-04-17T21:19:02.260+0000] {processor.py:183} INFO - Processing /home/airflow/.local/lib/python3.12/site-packages/airflow/example_dags/example_latest_only_with_trigger.py took 0.173 seconds
[2024-04-17T23:57:38.863+0000] {processor.py:161} INFO - Started process (PID=47) to work on /home/airflow/.local/lib/python3.12/site-packages/airflow/example_dags/example_latest_only_with_trigger.py
[2024-04-17T23:57:38.865+0000] {processor.py:830} INFO - Processing file /home/airflow/.local/lib/python3.12/site-packages/airflow/example_dags/example_latest_only_with_trigger.py for tasks to queue
[2024-04-17T23:57:38.868+0000] {logging_mixin.py:188} INFO - [2024-04-17T23:57:38.867+0000] {dagbag.py:540} INFO - Filling up the DagBag from /home/airflow/.local/lib/python3.12/site-packages/airflow/example_dags/example_latest_only_with_trigger.py
[2024-04-17T23:57:38.878+0000] {processor.py:840} INFO - DAG(s) 'latest_only_with_trigger' retrieved from /home/airflow/.local/lib/python3.12/site-packages/airflow/example_dags/example_latest_only_with_trigger.py
[2024-04-17T23:57:38.912+0000] {logging_mixin.py:188} INFO - [2024-04-17T23:57:38.912+0000] {dag.py:3096} INFO - Sync 1 DAGs
[2024-04-17T23:57:38.970+0000] {logging_mixin.py:188} INFO - [2024-04-17T23:57:38.969+0000] {dag.py:3954} INFO - Setting next_dagrun for latest_only_with_trigger to 2024-04-17 16:00:00+00:00, run_after=2024-04-17 20:00:00+00:00
[2024-04-17T23:57:39.017+0000] {processor.py:183} INFO - Processing /home/airflow/.local/lib/python3.12/site-packages/airflow/example_dags/example_latest_only_with_trigger.py took 0.163 seconds
[2024-04-17T23:58:09.191+0000] {processor.py:161} INFO - Started process (PID=105) to work on /home/airflow/.local/lib/python3.12/site-packages/airflow/example_dags/example_latest_only_with_trigger.py
[2024-04-17T23:58:09.192+0000] {processor.py:830} INFO - Processing file /home/airflow/.local/lib/python3.12/site-packages/airflow/example_dags/example_latest_only_with_trigger.py for tasks to queue
[2024-04-17T23:58:09.195+0000] {logging_mixin.py:188} INFO - [2024-04-17T23:58:09.194+0000] {dagbag.py:540} INFO - Filling up the DagBag from /home/airflow/.local/lib/python3.12/site-packages/airflow/example_dags/example_latest_only_with_trigger.py
[2024-04-17T23:58:09.202+0000] {processor.py:840} INFO - DAG(s) 'latest_only_with_trigger' retrieved from /home/airflow/.local/lib/python3.12/site-packages/airflow/example_dags/example_latest_only_with_trigger.py
[2024-04-17T23:58:09.231+0000] {logging_mixin.py:188} INFO - [2024-04-17T23:58:09.230+0000] {dag.py:3096} INFO - Sync 1 DAGs
[2024-04-17T23:58:09.268+0000] {logging_mixin.py:188} INFO - [2024-04-17T23:58:09.268+0000] {dag.py:3954} INFO - Setting next_dagrun for latest_only_with_trigger to 2024-04-17 16:00:00+00:00, run_after=2024-04-17 20:00:00+00:00
[2024-04-17T23:58:09.301+0000] {processor.py:183} INFO - Processing /home/airflow/.local/lib/python3.12/site-packages/airflow/example_dags/example_latest_only_with_trigger.py took 0.117 seconds
[2024-04-17T23:58:40.050+0000] {processor.py:161} INFO - Started process (PID=163) to work on /home/airflow/.local/lib/python3.12/site-packages/airflow/example_dags/example_latest_only_with_trigger.py
[2024-04-17T23:58:40.052+0000] {processor.py:830} INFO - Processing file /home/airflow/.local/lib/python3.12/site-packages/airflow/example_dags/example_latest_only_with_trigger.py for tasks to queue
[2024-04-17T23:58:40.057+0000] {logging_mixin.py:188} INFO - [2024-04-17T23:58:40.056+0000] {dagbag.py:540} INFO - Filling up the DagBag from /home/airflow/.local/lib/python3.12/site-packages/airflow/example_dags/example_latest_only_with_trigger.py
[2024-04-17T23:58:40.068+0000] {processor.py:840} INFO - DAG(s) 'latest_only_with_trigger' retrieved from /home/airflow/.local/lib/python3.12/site-packages/airflow/example_dags/example_latest_only_with_trigger.py
[2024-04-17T23:58:40.109+0000] {logging_mixin.py:188} INFO - [2024-04-17T23:58:40.108+0000] {dag.py:3096} INFO - Sync 1 DAGs
[2024-04-17T23:58:40.152+0000] {logging_mixin.py:188} INFO - [2024-04-17T23:58:40.152+0000] {dag.py:3954} INFO - Setting next_dagrun for latest_only_with_trigger to 2024-04-17 16:00:00+00:00, run_after=2024-04-17 20:00:00+00:00
[2024-04-17T23:58:40.193+0000] {processor.py:183} INFO - Processing /home/airflow/.local/lib/python3.12/site-packages/airflow/example_dags/example_latest_only_with_trigger.py took 0.152 seconds
[2024-04-17T23:59:11.047+0000] {processor.py:161} INFO - Started process (PID=221) to work on /home/airflow/.local/lib/python3.12/site-packages/airflow/example_dags/example_latest_only_with_trigger.py
[2024-04-17T23:59:11.049+0000] {processor.py:830} INFO - Processing file /home/airflow/.local/lib/python3.12/site-packages/airflow/example_dags/example_latest_only_with_trigger.py for tasks to queue
[2024-04-17T23:59:11.052+0000] {logging_mixin.py:188} INFO - [2024-04-17T23:59:11.051+0000] {dagbag.py:540} INFO - Filling up the DagBag from /home/airflow/.local/lib/python3.12/site-packages/airflow/example_dags/example_latest_only_with_trigger.py
[2024-04-17T23:59:11.062+0000] {processor.py:840} INFO - DAG(s) 'latest_only_with_trigger' retrieved from /home/airflow/.local/lib/python3.12/site-packages/airflow/example_dags/example_latest_only_with_trigger.py
[2024-04-17T23:59:11.101+0000] {logging_mixin.py:188} INFO - [2024-04-17T23:59:11.100+0000] {dag.py:3096} INFO - Sync 1 DAGs
[2024-04-17T23:59:11.146+0000] {logging_mixin.py:188} INFO - [2024-04-17T23:59:11.145+0000] {dag.py:3954} INFO - Setting next_dagrun for latest_only_with_trigger to 2024-04-17 16:00:00+00:00, run_after=2024-04-17 20:00:00+00:00
[2024-04-17T23:59:11.199+0000] {processor.py:183} INFO - Processing /home/airflow/.local/lib/python3.12/site-packages/airflow/example_dags/example_latest_only_with_trigger.py took 0.160 seconds
[2024-04-17T23:59:41.381+0000] {processor.py:161} INFO - Started process (PID=280) to work on /home/airflow/.local/lib/python3.12/site-packages/airflow/example_dags/example_latest_only_with_trigger.py
[2024-04-17T23:59:41.382+0000] {processor.py:830} INFO - Processing file /home/airflow/.local/lib/python3.12/site-packages/airflow/example_dags/example_latest_only_with_trigger.py for tasks to queue
[2024-04-17T23:59:41.385+0000] {logging_mixin.py:188} INFO - [2024-04-17T23:59:41.384+0000] {dagbag.py:540} INFO - Filling up the DagBag from /home/airflow/.local/lib/python3.12/site-packages/airflow/example_dags/example_latest_only_with_trigger.py
[2024-04-17T23:59:41.393+0000] {processor.py:840} INFO - DAG(s) 'latest_only_with_trigger' retrieved from /home/airflow/.local/lib/python3.12/site-packages/airflow/example_dags/example_latest_only_with_trigger.py
[2024-04-17T23:59:41.421+0000] {logging_mixin.py:188} INFO - [2024-04-17T23:59:41.421+0000] {dag.py:3096} INFO - Sync 1 DAGs
[2024-04-17T23:59:41.450+0000] {logging_mixin.py:188} INFO - [2024-04-17T23:59:41.450+0000] {dag.py:3954} INFO - Setting next_dagrun for latest_only_with_trigger to 2024-04-17 16:00:00+00:00, run_after=2024-04-17 20:00:00+00:00
[2024-04-17T23:59:41.478+0000] {processor.py:183} INFO - Processing /home/airflow/.local/lib/python3.12/site-packages/airflow/example_dags/example_latest_only_with_trigger.py took 0.103 seconds
