[2024-04-17T21:04:34.463+0000] {processor.py:161} INFO - Started process (PID=64) to work on /home/airflow/.local/lib/python3.12/site-packages/airflow/example_dags/example_sensor_decorator.py
[2024-04-17T21:04:34.513+0000] {processor.py:830} INFO - Processing file /home/airflow/.local/lib/python3.12/site-packages/airflow/example_dags/example_sensor_decorator.py for tasks to queue
[2024-04-17T21:04:34.578+0000] {logging_mixin.py:188} INFO - [2024-04-17T21:04:34.577+0000] {dagbag.py:540} INFO - Filling up the DagBag from /home/airflow/.local/lib/python3.12/site-packages/airflow/example_dags/example_sensor_decorator.py
[2024-04-17T21:04:34.695+0000] {processor.py:840} INFO - DAG(s) 'example_sensor_decorator' retrieved from /home/airflow/.local/lib/python3.12/site-packages/airflow/example_dags/example_sensor_decorator.py
[2024-04-17T21:04:37.606+0000] {logging_mixin.py:188} INFO - [2024-04-17T21:04:37.606+0000] {dag.py:3096} INFO - Sync 1 DAGs
[2024-04-17T21:04:37.723+0000] {logging_mixin.py:188} INFO - [2024-04-17T21:04:37.722+0000] {dag.py:3954} INFO - Setting next_dagrun for example_sensor_decorator to None, run_after=None
[2024-04-17T21:04:37.977+0000] {processor.py:183} INFO - Processing /home/airflow/.local/lib/python3.12/site-packages/airflow/example_dags/example_sensor_decorator.py took 3.591 seconds
[2024-04-17T21:05:11.134+0000] {processor.py:161} INFO - Started process (PID=128) to work on /home/airflow/.local/lib/python3.12/site-packages/airflow/example_dags/example_sensor_decorator.py
[2024-04-17T21:05:11.190+0000] {processor.py:830} INFO - Processing file /home/airflow/.local/lib/python3.12/site-packages/airflow/example_dags/example_sensor_decorator.py for tasks to queue
[2024-04-17T21:05:11.198+0000] {logging_mixin.py:188} INFO - [2024-04-17T21:05:11.197+0000] {dagbag.py:540} INFO - Filling up the DagBag from /home/airflow/.local/lib/python3.12/site-packages/airflow/example_dags/example_sensor_decorator.py
[2024-04-17T21:05:11.213+0000] {processor.py:840} INFO - DAG(s) 'example_sensor_decorator' retrieved from /home/airflow/.local/lib/python3.12/site-packages/airflow/example_dags/example_sensor_decorator.py
[2024-04-17T21:05:11.275+0000] {logging_mixin.py:188} INFO - [2024-04-17T21:05:11.274+0000] {dag.py:3096} INFO - Sync 1 DAGs
[2024-04-17T21:05:11.332+0000] {logging_mixin.py:188} INFO - [2024-04-17T21:05:11.330+0000] {dag.py:3954} INFO - Setting next_dagrun for example_sensor_decorator to None, run_after=None
[2024-04-17T21:05:11.642+0000] {processor.py:183} INFO - Processing /home/airflow/.local/lib/python3.12/site-packages/airflow/example_dags/example_sensor_decorator.py took 0.522 seconds
[2024-04-17T21:05:41.824+0000] {processor.py:161} INFO - Started process (PID=186) to work on /home/airflow/.local/lib/python3.12/site-packages/airflow/example_dags/example_sensor_decorator.py
[2024-04-17T21:05:41.882+0000] {processor.py:830} INFO - Processing file /home/airflow/.local/lib/python3.12/site-packages/airflow/example_dags/example_sensor_decorator.py for tasks to queue
[2024-04-17T21:05:41.886+0000] {logging_mixin.py:188} INFO - [2024-04-17T21:05:41.886+0000] {dagbag.py:540} INFO - Filling up the DagBag from /home/airflow/.local/lib/python3.12/site-packages/airflow/example_dags/example_sensor_decorator.py
[2024-04-17T21:05:41.906+0000] {processor.py:840} INFO - DAG(s) 'example_sensor_decorator' retrieved from /home/airflow/.local/lib/python3.12/site-packages/airflow/example_dags/example_sensor_decorator.py
[2024-04-17T21:05:41.961+0000] {logging_mixin.py:188} INFO - [2024-04-17T21:05:41.961+0000] {dag.py:3096} INFO - Sync 1 DAGs
[2024-04-17T21:05:42.018+0000] {logging_mixin.py:188} INFO - [2024-04-17T21:05:42.018+0000] {dag.py:3954} INFO - Setting next_dagrun for example_sensor_decorator to None, run_after=None
[2024-04-17T21:05:42.374+0000] {processor.py:183} INFO - Processing /home/airflow/.local/lib/python3.12/site-packages/airflow/example_dags/example_sensor_decorator.py took 0.573 seconds
[2024-04-17T21:06:12.963+0000] {processor.py:161} INFO - Started process (PID=244) to work on /home/airflow/.local/lib/python3.12/site-packages/airflow/example_dags/example_sensor_decorator.py
[2024-04-17T21:06:12.965+0000] {processor.py:830} INFO - Processing file /home/airflow/.local/lib/python3.12/site-packages/airflow/example_dags/example_sensor_decorator.py for tasks to queue
[2024-04-17T21:06:12.969+0000] {logging_mixin.py:188} INFO - [2024-04-17T21:06:12.968+0000] {dagbag.py:540} INFO - Filling up the DagBag from /home/airflow/.local/lib/python3.12/site-packages/airflow/example_dags/example_sensor_decorator.py
[2024-04-17T21:06:12.985+0000] {processor.py:840} INFO - DAG(s) 'example_sensor_decorator' retrieved from /home/airflow/.local/lib/python3.12/site-packages/airflow/example_dags/example_sensor_decorator.py
[2024-04-17T21:06:13.066+0000] {logging_mixin.py:188} INFO - [2024-04-17T21:06:13.065+0000] {dag.py:3096} INFO - Sync 1 DAGs
[2024-04-17T21:06:13.146+0000] {logging_mixin.py:188} INFO - [2024-04-17T21:06:13.145+0000] {dag.py:3954} INFO - Setting next_dagrun for example_sensor_decorator to None, run_after=None
[2024-04-17T21:06:13.444+0000] {processor.py:183} INFO - Processing /home/airflow/.local/lib/python3.12/site-packages/airflow/example_dags/example_sensor_decorator.py took 0.499 seconds
[2024-04-17T21:06:45.889+0000] {processor.py:161} INFO - Started process (PID=300) to work on /home/airflow/.local/lib/python3.12/site-packages/airflow/example_dags/example_sensor_decorator.py
[2024-04-17T21:06:45.899+0000] {processor.py:830} INFO - Processing file /home/airflow/.local/lib/python3.12/site-packages/airflow/example_dags/example_sensor_decorator.py for tasks to queue
[2024-04-17T21:06:45.904+0000] {logging_mixin.py:188} INFO - [2024-04-17T21:06:45.903+0000] {dagbag.py:540} INFO - Filling up the DagBag from /home/airflow/.local/lib/python3.12/site-packages/airflow/example_dags/example_sensor_decorator.py
[2024-04-17T21:06:45.942+0000] {processor.py:840} INFO - DAG(s) 'example_sensor_decorator' retrieved from /home/airflow/.local/lib/python3.12/site-packages/airflow/example_dags/example_sensor_decorator.py
[2024-04-17T21:06:46.081+0000] {logging_mixin.py:188} INFO - [2024-04-17T21:06:46.080+0000] {dag.py:3096} INFO - Sync 1 DAGs
[2024-04-17T21:06:46.165+0000] {logging_mixin.py:188} INFO - [2024-04-17T21:06:46.164+0000] {dag.py:3954} INFO - Setting next_dagrun for example_sensor_decorator to None, run_after=None
[2024-04-17T21:06:46.282+0000] {processor.py:183} INFO - Processing /home/airflow/.local/lib/python3.12/site-packages/airflow/example_dags/example_sensor_decorator.py took 0.425 seconds
[2024-04-17T21:07:23.391+0000] {processor.py:161} INFO - Started process (PID=358) to work on /home/airflow/.local/lib/python3.12/site-packages/airflow/example_dags/example_sensor_decorator.py
[2024-04-17T21:07:23.396+0000] {processor.py:830} INFO - Processing file /home/airflow/.local/lib/python3.12/site-packages/airflow/example_dags/example_sensor_decorator.py for tasks to queue
[2024-04-17T21:07:23.425+0000] {logging_mixin.py:188} INFO - [2024-04-17T21:07:23.425+0000] {dagbag.py:540} INFO - Filling up the DagBag from /home/airflow/.local/lib/python3.12/site-packages/airflow/example_dags/example_sensor_decorator.py
[2024-04-17T21:07:23.451+0000] {processor.py:840} INFO - DAG(s) 'example_sensor_decorator' retrieved from /home/airflow/.local/lib/python3.12/site-packages/airflow/example_dags/example_sensor_decorator.py
[2024-04-17T21:07:23.585+0000] {logging_mixin.py:188} INFO - [2024-04-17T21:07:23.584+0000] {dag.py:3096} INFO - Sync 1 DAGs
[2024-04-17T21:07:23.981+0000] {logging_mixin.py:188} INFO - [2024-04-17T21:07:23.980+0000] {dag.py:3954} INFO - Setting next_dagrun for example_sensor_decorator to None, run_after=None
[2024-04-17T21:07:24.289+0000] {processor.py:183} INFO - Processing /home/airflow/.local/lib/python3.12/site-packages/airflow/example_dags/example_sensor_decorator.py took 0.922 seconds
[2024-04-17T21:07:54.855+0000] {processor.py:161} INFO - Started process (PID=416) to work on /home/airflow/.local/lib/python3.12/site-packages/airflow/example_dags/example_sensor_decorator.py
[2024-04-17T21:07:54.859+0000] {processor.py:830} INFO - Processing file /home/airflow/.local/lib/python3.12/site-packages/airflow/example_dags/example_sensor_decorator.py for tasks to queue
[2024-04-17T21:07:54.865+0000] {logging_mixin.py:188} INFO - [2024-04-17T21:07:54.864+0000] {dagbag.py:540} INFO - Filling up the DagBag from /home/airflow/.local/lib/python3.12/site-packages/airflow/example_dags/example_sensor_decorator.py
[2024-04-17T21:07:54.898+0000] {processor.py:840} INFO - DAG(s) 'example_sensor_decorator' retrieved from /home/airflow/.local/lib/python3.12/site-packages/airflow/example_dags/example_sensor_decorator.py
[2024-04-17T21:07:54.986+0000] {logging_mixin.py:188} INFO - [2024-04-17T21:07:54.985+0000] {dag.py:3096} INFO - Sync 1 DAGs
[2024-04-17T21:07:55.104+0000] {logging_mixin.py:188} INFO - [2024-04-17T21:07:55.102+0000] {dag.py:3954} INFO - Setting next_dagrun for example_sensor_decorator to None, run_after=None
[2024-04-17T21:07:55.218+0000] {processor.py:183} INFO - Processing /home/airflow/.local/lib/python3.12/site-packages/airflow/example_dags/example_sensor_decorator.py took 0.401 seconds
[2024-04-17T21:08:25.619+0000] {processor.py:161} INFO - Started process (PID=474) to work on /home/airflow/.local/lib/python3.12/site-packages/airflow/example_dags/example_sensor_decorator.py
[2024-04-17T21:08:25.622+0000] {processor.py:830} INFO - Processing file /home/airflow/.local/lib/python3.12/site-packages/airflow/example_dags/example_sensor_decorator.py for tasks to queue
[2024-04-17T21:08:25.633+0000] {logging_mixin.py:188} INFO - [2024-04-17T21:08:25.629+0000] {dagbag.py:540} INFO - Filling up the DagBag from /home/airflow/.local/lib/python3.12/site-packages/airflow/example_dags/example_sensor_decorator.py
[2024-04-17T21:08:25.660+0000] {processor.py:840} INFO - DAG(s) 'example_sensor_decorator' retrieved from /home/airflow/.local/lib/python3.12/site-packages/airflow/example_dags/example_sensor_decorator.py
[2024-04-17T21:08:25.771+0000] {logging_mixin.py:188} INFO - [2024-04-17T21:08:25.770+0000] {dag.py:3096} INFO - Sync 1 DAGs
[2024-04-17T21:08:25.846+0000] {logging_mixin.py:188} INFO - [2024-04-17T21:08:25.845+0000] {dag.py:3954} INFO - Setting next_dagrun for example_sensor_decorator to None, run_after=None
[2024-04-17T21:08:25.958+0000] {processor.py:183} INFO - Processing /home/airflow/.local/lib/python3.12/site-packages/airflow/example_dags/example_sensor_decorator.py took 0.363 seconds
[2024-04-17T21:08:56.603+0000] {processor.py:161} INFO - Started process (PID=532) to work on /home/airflow/.local/lib/python3.12/site-packages/airflow/example_dags/example_sensor_decorator.py
[2024-04-17T21:08:56.607+0000] {processor.py:830} INFO - Processing file /home/airflow/.local/lib/python3.12/site-packages/airflow/example_dags/example_sensor_decorator.py for tasks to queue
[2024-04-17T21:08:56.618+0000] {logging_mixin.py:188} INFO - [2024-04-17T21:08:56.616+0000] {dagbag.py:540} INFO - Filling up the DagBag from /home/airflow/.local/lib/python3.12/site-packages/airflow/example_dags/example_sensor_decorator.py
[2024-04-17T21:08:56.642+0000] {processor.py:840} INFO - DAG(s) 'example_sensor_decorator' retrieved from /home/airflow/.local/lib/python3.12/site-packages/airflow/example_dags/example_sensor_decorator.py
[2024-04-17T21:08:56.714+0000] {logging_mixin.py:188} INFO - [2024-04-17T21:08:56.713+0000] {dag.py:3096} INFO - Sync 1 DAGs
[2024-04-17T21:08:56.810+0000] {logging_mixin.py:188} INFO - [2024-04-17T21:08:56.809+0000] {dag.py:3954} INFO - Setting next_dagrun for example_sensor_decorator to None, run_after=None
[2024-04-17T21:08:56.894+0000] {processor.py:183} INFO - Processing /home/airflow/.local/lib/python3.12/site-packages/airflow/example_dags/example_sensor_decorator.py took 0.314 seconds
[2024-04-17T21:09:27.759+0000] {processor.py:161} INFO - Started process (PID=590) to work on /home/airflow/.local/lib/python3.12/site-packages/airflow/example_dags/example_sensor_decorator.py
[2024-04-17T21:09:27.807+0000] {processor.py:830} INFO - Processing file /home/airflow/.local/lib/python3.12/site-packages/airflow/example_dags/example_sensor_decorator.py for tasks to queue
[2024-04-17T21:09:27.838+0000] {logging_mixin.py:188} INFO - [2024-04-17T21:09:27.837+0000] {dagbag.py:540} INFO - Filling up the DagBag from /home/airflow/.local/lib/python3.12/site-packages/airflow/example_dags/example_sensor_decorator.py
[2024-04-17T21:09:27.858+0000] {processor.py:840} INFO - DAG(s) 'example_sensor_decorator' retrieved from /home/airflow/.local/lib/python3.12/site-packages/airflow/example_dags/example_sensor_decorator.py
[2024-04-17T21:09:27.910+0000] {logging_mixin.py:188} INFO - [2024-04-17T21:09:27.910+0000] {dag.py:3096} INFO - Sync 1 DAGs
[2024-04-17T21:09:27.941+0000] {logging_mixin.py:188} INFO - [2024-04-17T21:09:27.941+0000] {dag.py:3954} INFO - Setting next_dagrun for example_sensor_decorator to None, run_after=None
[2024-04-17T21:09:28.207+0000] {processor.py:183} INFO - Processing /home/airflow/.local/lib/python3.12/site-packages/airflow/example_dags/example_sensor_decorator.py took 0.461 seconds
[2024-04-17T21:09:58.367+0000] {processor.py:161} INFO - Started process (PID=648) to work on /home/airflow/.local/lib/python3.12/site-packages/airflow/example_dags/example_sensor_decorator.py
[2024-04-17T21:09:58.369+0000] {processor.py:830} INFO - Processing file /home/airflow/.local/lib/python3.12/site-packages/airflow/example_dags/example_sensor_decorator.py for tasks to queue
[2024-04-17T21:09:58.374+0000] {logging_mixin.py:188} INFO - [2024-04-17T21:09:58.373+0000] {dagbag.py:540} INFO - Filling up the DagBag from /home/airflow/.local/lib/python3.12/site-packages/airflow/example_dags/example_sensor_decorator.py
[2024-04-17T21:09:58.384+0000] {processor.py:840} INFO - DAG(s) 'example_sensor_decorator' retrieved from /home/airflow/.local/lib/python3.12/site-packages/airflow/example_dags/example_sensor_decorator.py
[2024-04-17T21:09:58.424+0000] {logging_mixin.py:188} INFO - [2024-04-17T21:09:58.424+0000] {dag.py:3096} INFO - Sync 1 DAGs
[2024-04-17T21:09:58.460+0000] {logging_mixin.py:188} INFO - [2024-04-17T21:09:58.459+0000] {dag.py:3954} INFO - Setting next_dagrun for example_sensor_decorator to None, run_after=None
[2024-04-17T21:09:58.518+0000] {processor.py:183} INFO - Processing /home/airflow/.local/lib/python3.12/site-packages/airflow/example_dags/example_sensor_decorator.py took 0.160 seconds
[2024-04-17T21:10:28.938+0000] {processor.py:161} INFO - Started process (PID=706) to work on /home/airflow/.local/lib/python3.12/site-packages/airflow/example_dags/example_sensor_decorator.py
[2024-04-17T21:10:28.940+0000] {processor.py:830} INFO - Processing file /home/airflow/.local/lib/python3.12/site-packages/airflow/example_dags/example_sensor_decorator.py for tasks to queue
[2024-04-17T21:10:28.945+0000] {logging_mixin.py:188} INFO - [2024-04-17T21:10:28.944+0000] {dagbag.py:540} INFO - Filling up the DagBag from /home/airflow/.local/lib/python3.12/site-packages/airflow/example_dags/example_sensor_decorator.py
[2024-04-17T21:10:28.956+0000] {processor.py:840} INFO - DAG(s) 'example_sensor_decorator' retrieved from /home/airflow/.local/lib/python3.12/site-packages/airflow/example_dags/example_sensor_decorator.py
[2024-04-17T21:10:29.003+0000] {logging_mixin.py:188} INFO - [2024-04-17T21:10:29.002+0000] {dag.py:3096} INFO - Sync 1 DAGs
[2024-04-17T21:10:29.040+0000] {logging_mixin.py:188} INFO - [2024-04-17T21:10:29.040+0000] {dag.py:3954} INFO - Setting next_dagrun for example_sensor_decorator to None, run_after=None
[2024-04-17T21:10:29.096+0000] {processor.py:183} INFO - Processing /home/airflow/.local/lib/python3.12/site-packages/airflow/example_dags/example_sensor_decorator.py took 0.170 seconds
[2024-04-17T21:10:59.269+0000] {processor.py:161} INFO - Started process (PID=765) to work on /home/airflow/.local/lib/python3.12/site-packages/airflow/example_dags/example_sensor_decorator.py
[2024-04-17T21:10:59.272+0000] {processor.py:830} INFO - Processing file /home/airflow/.local/lib/python3.12/site-packages/airflow/example_dags/example_sensor_decorator.py for tasks to queue
[2024-04-17T21:10:59.278+0000] {logging_mixin.py:188} INFO - [2024-04-17T21:10:59.277+0000] {dagbag.py:540} INFO - Filling up the DagBag from /home/airflow/.local/lib/python3.12/site-packages/airflow/example_dags/example_sensor_decorator.py
[2024-04-17T21:10:59.290+0000] {processor.py:840} INFO - DAG(s) 'example_sensor_decorator' retrieved from /home/airflow/.local/lib/python3.12/site-packages/airflow/example_dags/example_sensor_decorator.py
[2024-04-17T21:10:59.343+0000] {logging_mixin.py:188} INFO - [2024-04-17T21:10:59.342+0000] {dag.py:3096} INFO - Sync 1 DAGs
[2024-04-17T21:10:59.382+0000] {logging_mixin.py:188} INFO - [2024-04-17T21:10:59.381+0000] {dag.py:3954} INFO - Setting next_dagrun for example_sensor_decorator to None, run_after=None
[2024-04-17T21:10:59.443+0000] {processor.py:183} INFO - Processing /home/airflow/.local/lib/python3.12/site-packages/airflow/example_dags/example_sensor_decorator.py took 0.191 seconds
[2024-04-17T21:11:29.928+0000] {processor.py:161} INFO - Started process (PID=822) to work on /home/airflow/.local/lib/python3.12/site-packages/airflow/example_dags/example_sensor_decorator.py
[2024-04-17T21:11:29.929+0000] {processor.py:830} INFO - Processing file /home/airflow/.local/lib/python3.12/site-packages/airflow/example_dags/example_sensor_decorator.py for tasks to queue
[2024-04-17T21:11:29.933+0000] {logging_mixin.py:188} INFO - [2024-04-17T21:11:29.932+0000] {dagbag.py:540} INFO - Filling up the DagBag from /home/airflow/.local/lib/python3.12/site-packages/airflow/example_dags/example_sensor_decorator.py
[2024-04-17T21:11:29.942+0000] {processor.py:840} INFO - DAG(s) 'example_sensor_decorator' retrieved from /home/airflow/.local/lib/python3.12/site-packages/airflow/example_dags/example_sensor_decorator.py
[2024-04-17T21:11:29.983+0000] {logging_mixin.py:188} INFO - [2024-04-17T21:11:29.982+0000] {dag.py:3096} INFO - Sync 1 DAGs
[2024-04-17T21:11:30.023+0000] {logging_mixin.py:188} INFO - [2024-04-17T21:11:30.022+0000] {dag.py:3954} INFO - Setting next_dagrun for example_sensor_decorator to None, run_after=None
[2024-04-17T21:11:30.079+0000] {processor.py:183} INFO - Processing /home/airflow/.local/lib/python3.12/site-packages/airflow/example_dags/example_sensor_decorator.py took 0.159 seconds
[2024-04-17T21:12:00.368+0000] {processor.py:161} INFO - Started process (PID=880) to work on /home/airflow/.local/lib/python3.12/site-packages/airflow/example_dags/example_sensor_decorator.py
[2024-04-17T21:12:00.371+0000] {processor.py:830} INFO - Processing file /home/airflow/.local/lib/python3.12/site-packages/airflow/example_dags/example_sensor_decorator.py for tasks to queue
[2024-04-17T21:12:00.376+0000] {logging_mixin.py:188} INFO - [2024-04-17T21:12:00.374+0000] {dagbag.py:540} INFO - Filling up the DagBag from /home/airflow/.local/lib/python3.12/site-packages/airflow/example_dags/example_sensor_decorator.py
[2024-04-17T21:12:00.389+0000] {processor.py:840} INFO - DAG(s) 'example_sensor_decorator' retrieved from /home/airflow/.local/lib/python3.12/site-packages/airflow/example_dags/example_sensor_decorator.py
[2024-04-17T21:12:00.436+0000] {logging_mixin.py:188} INFO - [2024-04-17T21:12:00.435+0000] {dag.py:3096} INFO - Sync 1 DAGs
[2024-04-17T21:12:00.463+0000] {logging_mixin.py:188} INFO - [2024-04-17T21:12:00.463+0000] {dag.py:3954} INFO - Setting next_dagrun for example_sensor_decorator to None, run_after=None
[2024-04-17T21:12:00.504+0000] {processor.py:183} INFO - Processing /home/airflow/.local/lib/python3.12/site-packages/airflow/example_dags/example_sensor_decorator.py took 0.148 seconds
[2024-04-17T21:12:31.110+0000] {processor.py:161} INFO - Started process (PID=938) to work on /home/airflow/.local/lib/python3.12/site-packages/airflow/example_dags/example_sensor_decorator.py
[2024-04-17T21:12:31.112+0000] {processor.py:830} INFO - Processing file /home/airflow/.local/lib/python3.12/site-packages/airflow/example_dags/example_sensor_decorator.py for tasks to queue
[2024-04-17T21:12:31.114+0000] {logging_mixin.py:188} INFO - [2024-04-17T21:12:31.114+0000] {dagbag.py:540} INFO - Filling up the DagBag from /home/airflow/.local/lib/python3.12/site-packages/airflow/example_dags/example_sensor_decorator.py
[2024-04-17T21:12:31.122+0000] {processor.py:840} INFO - DAG(s) 'example_sensor_decorator' retrieved from /home/airflow/.local/lib/python3.12/site-packages/airflow/example_dags/example_sensor_decorator.py
[2024-04-17T21:12:31.153+0000] {logging_mixin.py:188} INFO - [2024-04-17T21:12:31.153+0000] {dag.py:3096} INFO - Sync 1 DAGs
[2024-04-17T21:12:31.171+0000] {logging_mixin.py:188} INFO - [2024-04-17T21:12:31.170+0000] {dag.py:3954} INFO - Setting next_dagrun for example_sensor_decorator to None, run_after=None
[2024-04-17T21:12:31.202+0000] {processor.py:183} INFO - Processing /home/airflow/.local/lib/python3.12/site-packages/airflow/example_dags/example_sensor_decorator.py took 0.101 seconds
[2024-04-17T21:13:02.231+0000] {processor.py:161} INFO - Started process (PID=996) to work on /home/airflow/.local/lib/python3.12/site-packages/airflow/example_dags/example_sensor_decorator.py
[2024-04-17T21:13:02.232+0000] {processor.py:830} INFO - Processing file /home/airflow/.local/lib/python3.12/site-packages/airflow/example_dags/example_sensor_decorator.py for tasks to queue
[2024-04-17T21:13:02.235+0000] {logging_mixin.py:188} INFO - [2024-04-17T21:13:02.234+0000] {dagbag.py:540} INFO - Filling up the DagBag from /home/airflow/.local/lib/python3.12/site-packages/airflow/example_dags/example_sensor_decorator.py
[2024-04-17T21:13:02.248+0000] {processor.py:840} INFO - DAG(s) 'example_sensor_decorator' retrieved from /home/airflow/.local/lib/python3.12/site-packages/airflow/example_dags/example_sensor_decorator.py
[2024-04-17T21:13:02.290+0000] {logging_mixin.py:188} INFO - [2024-04-17T21:13:02.290+0000] {dag.py:3096} INFO - Sync 1 DAGs
[2024-04-17T21:13:02.325+0000] {logging_mixin.py:188} INFO - [2024-04-17T21:13:02.324+0000] {dag.py:3954} INFO - Setting next_dagrun for example_sensor_decorator to None, run_after=None
[2024-04-17T21:13:02.386+0000] {processor.py:183} INFO - Processing /home/airflow/.local/lib/python3.12/site-packages/airflow/example_dags/example_sensor_decorator.py took 0.163 seconds
[2024-04-17T21:14:58.148+0000] {processor.py:161} INFO - Started process (PID=53) to work on /home/airflow/.local/lib/python3.12/site-packages/airflow/example_dags/example_sensor_decorator.py
[2024-04-17T21:14:58.151+0000] {processor.py:830} INFO - Processing file /home/airflow/.local/lib/python3.12/site-packages/airflow/example_dags/example_sensor_decorator.py for tasks to queue
[2024-04-17T21:14:58.155+0000] {logging_mixin.py:188} INFO - [2024-04-17T21:14:58.154+0000] {dagbag.py:540} INFO - Filling up the DagBag from /home/airflow/.local/lib/python3.12/site-packages/airflow/example_dags/example_sensor_decorator.py
[2024-04-17T21:14:58.173+0000] {processor.py:840} INFO - DAG(s) 'example_sensor_decorator' retrieved from /home/airflow/.local/lib/python3.12/site-packages/airflow/example_dags/example_sensor_decorator.py
[2024-04-17T21:14:58.599+0000] {logging_mixin.py:188} INFO - [2024-04-17T21:14:58.598+0000] {dag.py:3096} INFO - Sync 1 DAGs
[2024-04-17T21:14:58.632+0000] {logging_mixin.py:188} INFO - [2024-04-17T21:14:58.631+0000] {dag.py:3954} INFO - Setting next_dagrun for example_sensor_decorator to None, run_after=None
[2024-04-17T21:14:58.685+0000] {processor.py:183} INFO - Processing /home/airflow/.local/lib/python3.12/site-packages/airflow/example_dags/example_sensor_decorator.py took 0.551 seconds
[2024-04-17T21:15:28.942+0000] {processor.py:161} INFO - Started process (PID=111) to work on /home/airflow/.local/lib/python3.12/site-packages/airflow/example_dags/example_sensor_decorator.py
[2024-04-17T21:15:28.943+0000] {processor.py:830} INFO - Processing file /home/airflow/.local/lib/python3.12/site-packages/airflow/example_dags/example_sensor_decorator.py for tasks to queue
[2024-04-17T21:15:28.946+0000] {logging_mixin.py:188} INFO - [2024-04-17T21:15:28.945+0000] {dagbag.py:540} INFO - Filling up the DagBag from /home/airflow/.local/lib/python3.12/site-packages/airflow/example_dags/example_sensor_decorator.py
[2024-04-17T21:15:28.953+0000] {processor.py:840} INFO - DAG(s) 'example_sensor_decorator' retrieved from /home/airflow/.local/lib/python3.12/site-packages/airflow/example_dags/example_sensor_decorator.py
[2024-04-17T21:15:28.986+0000] {logging_mixin.py:188} INFO - [2024-04-17T21:15:28.986+0000] {dag.py:3096} INFO - Sync 1 DAGs
[2024-04-17T21:15:29.011+0000] {logging_mixin.py:188} INFO - [2024-04-17T21:15:29.010+0000] {dag.py:3954} INFO - Setting next_dagrun for example_sensor_decorator to None, run_after=None
[2024-04-17T21:15:29.046+0000] {processor.py:183} INFO - Processing /home/airflow/.local/lib/python3.12/site-packages/airflow/example_dags/example_sensor_decorator.py took 0.113 seconds
[2024-04-17T21:15:59.153+0000] {processor.py:161} INFO - Started process (PID=169) to work on /home/airflow/.local/lib/python3.12/site-packages/airflow/example_dags/example_sensor_decorator.py
[2024-04-17T21:15:59.155+0000] {processor.py:830} INFO - Processing file /home/airflow/.local/lib/python3.12/site-packages/airflow/example_dags/example_sensor_decorator.py for tasks to queue
[2024-04-17T21:15:59.157+0000] {logging_mixin.py:188} INFO - [2024-04-17T21:15:59.157+0000] {dagbag.py:540} INFO - Filling up the DagBag from /home/airflow/.local/lib/python3.12/site-packages/airflow/example_dags/example_sensor_decorator.py
[2024-04-17T21:15:59.164+0000] {processor.py:840} INFO - DAG(s) 'example_sensor_decorator' retrieved from /home/airflow/.local/lib/python3.12/site-packages/airflow/example_dags/example_sensor_decorator.py
[2024-04-17T21:15:59.195+0000] {logging_mixin.py:188} INFO - [2024-04-17T21:15:59.195+0000] {dag.py:3096} INFO - Sync 1 DAGs
[2024-04-17T21:15:59.219+0000] {logging_mixin.py:188} INFO - [2024-04-17T21:15:59.219+0000] {dag.py:3954} INFO - Setting next_dagrun for example_sensor_decorator to None, run_after=None
[2024-04-17T21:15:59.253+0000] {processor.py:183} INFO - Processing /home/airflow/.local/lib/python3.12/site-packages/airflow/example_dags/example_sensor_decorator.py took 0.108 seconds
[2024-04-17T21:16:29.502+0000] {processor.py:161} INFO - Started process (PID=227) to work on /home/airflow/.local/lib/python3.12/site-packages/airflow/example_dags/example_sensor_decorator.py
[2024-04-17T21:16:29.505+0000] {processor.py:830} INFO - Processing file /home/airflow/.local/lib/python3.12/site-packages/airflow/example_dags/example_sensor_decorator.py for tasks to queue
[2024-04-17T21:16:29.510+0000] {logging_mixin.py:188} INFO - [2024-04-17T21:16:29.509+0000] {dagbag.py:540} INFO - Filling up the DagBag from /home/airflow/.local/lib/python3.12/site-packages/airflow/example_dags/example_sensor_decorator.py
[2024-04-17T21:16:29.520+0000] {processor.py:840} INFO - DAG(s) 'example_sensor_decorator' retrieved from /home/airflow/.local/lib/python3.12/site-packages/airflow/example_dags/example_sensor_decorator.py
[2024-04-17T21:16:29.558+0000] {logging_mixin.py:188} INFO - [2024-04-17T21:16:29.557+0000] {dag.py:3096} INFO - Sync 1 DAGs
[2024-04-17T21:16:29.587+0000] {logging_mixin.py:188} INFO - [2024-04-17T21:16:29.587+0000] {dag.py:3954} INFO - Setting next_dagrun for example_sensor_decorator to None, run_after=None
[2024-04-17T21:16:29.637+0000] {processor.py:183} INFO - Processing /home/airflow/.local/lib/python3.12/site-packages/airflow/example_dags/example_sensor_decorator.py took 0.145 seconds
[2024-04-17T21:16:59.751+0000] {processor.py:161} INFO - Started process (PID=285) to work on /home/airflow/.local/lib/python3.12/site-packages/airflow/example_dags/example_sensor_decorator.py
[2024-04-17T21:16:59.753+0000] {processor.py:830} INFO - Processing file /home/airflow/.local/lib/python3.12/site-packages/airflow/example_dags/example_sensor_decorator.py for tasks to queue
[2024-04-17T21:16:59.755+0000] {logging_mixin.py:188} INFO - [2024-04-17T21:16:59.755+0000] {dagbag.py:540} INFO - Filling up the DagBag from /home/airflow/.local/lib/python3.12/site-packages/airflow/example_dags/example_sensor_decorator.py
[2024-04-17T21:16:59.766+0000] {processor.py:840} INFO - DAG(s) 'example_sensor_decorator' retrieved from /home/airflow/.local/lib/python3.12/site-packages/airflow/example_dags/example_sensor_decorator.py
[2024-04-17T21:16:59.821+0000] {logging_mixin.py:188} INFO - [2024-04-17T21:16:59.821+0000] {dag.py:3096} INFO - Sync 1 DAGs
[2024-04-17T21:16:59.856+0000] {logging_mixin.py:188} INFO - [2024-04-17T21:16:59.854+0000] {dag.py:3954} INFO - Setting next_dagrun for example_sensor_decorator to None, run_after=None
[2024-04-17T21:16:59.902+0000] {processor.py:183} INFO - Processing /home/airflow/.local/lib/python3.12/site-packages/airflow/example_dags/example_sensor_decorator.py took 0.162 seconds
[2024-04-17T21:17:30.076+0000] {processor.py:161} INFO - Started process (PID=343) to work on /home/airflow/.local/lib/python3.12/site-packages/airflow/example_dags/example_sensor_decorator.py
[2024-04-17T21:17:30.080+0000] {processor.py:830} INFO - Processing file /home/airflow/.local/lib/python3.12/site-packages/airflow/example_dags/example_sensor_decorator.py for tasks to queue
[2024-04-17T21:17:30.084+0000] {logging_mixin.py:188} INFO - [2024-04-17T21:17:30.083+0000] {dagbag.py:540} INFO - Filling up the DagBag from /home/airflow/.local/lib/python3.12/site-packages/airflow/example_dags/example_sensor_decorator.py
[2024-04-17T21:17:30.100+0000] {processor.py:840} INFO - DAG(s) 'example_sensor_decorator' retrieved from /home/airflow/.local/lib/python3.12/site-packages/airflow/example_dags/example_sensor_decorator.py
[2024-04-17T21:17:30.146+0000] {logging_mixin.py:188} INFO - [2024-04-17T21:17:30.146+0000] {dag.py:3096} INFO - Sync 1 DAGs
[2024-04-17T21:17:30.173+0000] {logging_mixin.py:188} INFO - [2024-04-17T21:17:30.173+0000] {dag.py:3954} INFO - Setting next_dagrun for example_sensor_decorator to None, run_after=None
[2024-04-17T21:17:30.213+0000] {processor.py:183} INFO - Processing /home/airflow/.local/lib/python3.12/site-packages/airflow/example_dags/example_sensor_decorator.py took 0.156 seconds
[2024-04-17T21:18:00.603+0000] {processor.py:161} INFO - Started process (PID=401) to work on /home/airflow/.local/lib/python3.12/site-packages/airflow/example_dags/example_sensor_decorator.py
[2024-04-17T21:18:00.606+0000] {processor.py:830} INFO - Processing file /home/airflow/.local/lib/python3.12/site-packages/airflow/example_dags/example_sensor_decorator.py for tasks to queue
[2024-04-17T21:18:00.611+0000] {logging_mixin.py:188} INFO - [2024-04-17T21:18:00.611+0000] {dagbag.py:540} INFO - Filling up the DagBag from /home/airflow/.local/lib/python3.12/site-packages/airflow/example_dags/example_sensor_decorator.py
[2024-04-17T21:18:00.622+0000] {processor.py:840} INFO - DAG(s) 'example_sensor_decorator' retrieved from /home/airflow/.local/lib/python3.12/site-packages/airflow/example_dags/example_sensor_decorator.py
[2024-04-17T21:18:00.671+0000] {logging_mixin.py:188} INFO - [2024-04-17T21:18:00.670+0000] {dag.py:3096} INFO - Sync 1 DAGs
[2024-04-17T21:18:00.697+0000] {logging_mixin.py:188} INFO - [2024-04-17T21:18:00.697+0000] {dag.py:3954} INFO - Setting next_dagrun for example_sensor_decorator to None, run_after=None
[2024-04-17T21:18:00.751+0000] {processor.py:183} INFO - Processing /home/airflow/.local/lib/python3.12/site-packages/airflow/example_dags/example_sensor_decorator.py took 0.161 seconds
[2024-04-17T21:18:31.218+0000] {processor.py:161} INFO - Started process (PID=459) to work on /home/airflow/.local/lib/python3.12/site-packages/airflow/example_dags/example_sensor_decorator.py
[2024-04-17T21:18:31.219+0000] {processor.py:830} INFO - Processing file /home/airflow/.local/lib/python3.12/site-packages/airflow/example_dags/example_sensor_decorator.py for tasks to queue
[2024-04-17T21:18:31.222+0000] {logging_mixin.py:188} INFO - [2024-04-17T21:18:31.221+0000] {dagbag.py:540} INFO - Filling up the DagBag from /home/airflow/.local/lib/python3.12/site-packages/airflow/example_dags/example_sensor_decorator.py
[2024-04-17T21:18:31.229+0000] {processor.py:840} INFO - DAG(s) 'example_sensor_decorator' retrieved from /home/airflow/.local/lib/python3.12/site-packages/airflow/example_dags/example_sensor_decorator.py
[2024-04-17T21:18:31.263+0000] {logging_mixin.py:188} INFO - [2024-04-17T21:18:31.263+0000] {dag.py:3096} INFO - Sync 1 DAGs
[2024-04-17T21:18:31.283+0000] {logging_mixin.py:188} INFO - [2024-04-17T21:18:31.282+0000] {dag.py:3954} INFO - Setting next_dagrun for example_sensor_decorator to None, run_after=None
[2024-04-17T21:18:31.315+0000] {processor.py:183} INFO - Processing /home/airflow/.local/lib/python3.12/site-packages/airflow/example_dags/example_sensor_decorator.py took 0.103 seconds
[2024-04-17T21:19:02.541+0000] {processor.py:161} INFO - Started process (PID=517) to work on /home/airflow/.local/lib/python3.12/site-packages/airflow/example_dags/example_sensor_decorator.py
[2024-04-17T21:19:02.543+0000] {processor.py:830} INFO - Processing file /home/airflow/.local/lib/python3.12/site-packages/airflow/example_dags/example_sensor_decorator.py for tasks to queue
[2024-04-17T21:19:02.546+0000] {logging_mixin.py:188} INFO - [2024-04-17T21:19:02.546+0000] {dagbag.py:540} INFO - Filling up the DagBag from /home/airflow/.local/lib/python3.12/site-packages/airflow/example_dags/example_sensor_decorator.py
[2024-04-17T21:19:02.560+0000] {processor.py:840} INFO - DAG(s) 'example_sensor_decorator' retrieved from /home/airflow/.local/lib/python3.12/site-packages/airflow/example_dags/example_sensor_decorator.py
[2024-04-17T21:19:02.596+0000] {logging_mixin.py:188} INFO - [2024-04-17T21:19:02.595+0000] {dag.py:3096} INFO - Sync 1 DAGs
[2024-04-17T21:19:02.625+0000] {logging_mixin.py:188} INFO - [2024-04-17T21:19:02.624+0000] {dag.py:3954} INFO - Setting next_dagrun for example_sensor_decorator to None, run_after=None
[2024-04-17T21:19:02.675+0000] {processor.py:183} INFO - Processing /home/airflow/.local/lib/python3.12/site-packages/airflow/example_dags/example_sensor_decorator.py took 0.145 seconds
[2024-04-17T23:57:39.227+0000] {processor.py:161} INFO - Started process (PID=51) to work on /home/airflow/.local/lib/python3.12/site-packages/airflow/example_dags/example_sensor_decorator.py
[2024-04-17T23:57:39.228+0000] {processor.py:830} INFO - Processing file /home/airflow/.local/lib/python3.12/site-packages/airflow/example_dags/example_sensor_decorator.py for tasks to queue
[2024-04-17T23:57:39.231+0000] {logging_mixin.py:188} INFO - [2024-04-17T23:57:39.230+0000] {dagbag.py:540} INFO - Filling up the DagBag from /home/airflow/.local/lib/python3.12/site-packages/airflow/example_dags/example_sensor_decorator.py
[2024-04-17T23:57:39.239+0000] {processor.py:840} INFO - DAG(s) 'example_sensor_decorator' retrieved from /home/airflow/.local/lib/python3.12/site-packages/airflow/example_dags/example_sensor_decorator.py
[2024-04-17T23:57:39.274+0000] {logging_mixin.py:188} INFO - [2024-04-17T23:57:39.273+0000] {dag.py:3096} INFO - Sync 1 DAGs
[2024-04-17T23:57:39.304+0000] {logging_mixin.py:188} INFO - [2024-04-17T23:57:39.303+0000] {dag.py:3954} INFO - Setting next_dagrun for example_sensor_decorator to None, run_after=None
[2024-04-17T23:57:39.338+0000] {processor.py:183} INFO - Processing /home/airflow/.local/lib/python3.12/site-packages/airflow/example_dags/example_sensor_decorator.py took 0.118 seconds
[2024-04-17T23:58:09.484+0000] {processor.py:161} INFO - Started process (PID=109) to work on /home/airflow/.local/lib/python3.12/site-packages/airflow/example_dags/example_sensor_decorator.py
[2024-04-17T23:58:09.485+0000] {processor.py:830} INFO - Processing file /home/airflow/.local/lib/python3.12/site-packages/airflow/example_dags/example_sensor_decorator.py for tasks to queue
[2024-04-17T23:58:09.487+0000] {logging_mixin.py:188} INFO - [2024-04-17T23:58:09.487+0000] {dagbag.py:540} INFO - Filling up the DagBag from /home/airflow/.local/lib/python3.12/site-packages/airflow/example_dags/example_sensor_decorator.py
[2024-04-17T23:58:09.493+0000] {processor.py:840} INFO - DAG(s) 'example_sensor_decorator' retrieved from /home/airflow/.local/lib/python3.12/site-packages/airflow/example_dags/example_sensor_decorator.py
[2024-04-17T23:58:09.519+0000] {logging_mixin.py:188} INFO - [2024-04-17T23:58:09.518+0000] {dag.py:3096} INFO - Sync 1 DAGs
[2024-04-17T23:58:09.536+0000] {logging_mixin.py:188} INFO - [2024-04-17T23:58:09.535+0000] {dag.py:3954} INFO - Setting next_dagrun for example_sensor_decorator to None, run_after=None
[2024-04-17T23:58:09.568+0000] {processor.py:183} INFO - Processing /home/airflow/.local/lib/python3.12/site-packages/airflow/example_dags/example_sensor_decorator.py took 0.091 seconds
[2024-04-17T23:58:40.413+0000] {processor.py:161} INFO - Started process (PID=167) to work on /home/airflow/.local/lib/python3.12/site-packages/airflow/example_dags/example_sensor_decorator.py
[2024-04-17T23:58:40.415+0000] {processor.py:830} INFO - Processing file /home/airflow/.local/lib/python3.12/site-packages/airflow/example_dags/example_sensor_decorator.py for tasks to queue
[2024-04-17T23:58:40.418+0000] {logging_mixin.py:188} INFO - [2024-04-17T23:58:40.417+0000] {dagbag.py:540} INFO - Filling up the DagBag from /home/airflow/.local/lib/python3.12/site-packages/airflow/example_dags/example_sensor_decorator.py
[2024-04-17T23:58:40.429+0000] {processor.py:840} INFO - DAG(s) 'example_sensor_decorator' retrieved from /home/airflow/.local/lib/python3.12/site-packages/airflow/example_dags/example_sensor_decorator.py
[2024-04-17T23:58:40.464+0000] {logging_mixin.py:188} INFO - [2024-04-17T23:58:40.463+0000] {dag.py:3096} INFO - Sync 1 DAGs
[2024-04-17T23:58:40.486+0000] {logging_mixin.py:188} INFO - [2024-04-17T23:58:40.486+0000] {dag.py:3954} INFO - Setting next_dagrun for example_sensor_decorator to None, run_after=None
[2024-04-17T23:58:40.530+0000] {processor.py:183} INFO - Processing /home/airflow/.local/lib/python3.12/site-packages/airflow/example_dags/example_sensor_decorator.py took 0.127 seconds
[2024-04-17T23:59:11.623+0000] {processor.py:161} INFO - Started process (PID=225) to work on /home/airflow/.local/lib/python3.12/site-packages/airflow/example_dags/example_sensor_decorator.py
[2024-04-17T23:59:11.624+0000] {processor.py:830} INFO - Processing file /home/airflow/.local/lib/python3.12/site-packages/airflow/example_dags/example_sensor_decorator.py for tasks to queue
[2024-04-17T23:59:11.626+0000] {logging_mixin.py:188} INFO - [2024-04-17T23:59:11.626+0000] {dagbag.py:540} INFO - Filling up the DagBag from /home/airflow/.local/lib/python3.12/site-packages/airflow/example_dags/example_sensor_decorator.py
[2024-04-17T23:59:11.636+0000] {processor.py:840} INFO - DAG(s) 'example_sensor_decorator' retrieved from /home/airflow/.local/lib/python3.12/site-packages/airflow/example_dags/example_sensor_decorator.py
[2024-04-17T23:59:11.672+0000] {logging_mixin.py:188} INFO - [2024-04-17T23:59:11.671+0000] {dag.py:3096} INFO - Sync 1 DAGs
[2024-04-17T23:59:11.699+0000] {logging_mixin.py:188} INFO - [2024-04-17T23:59:11.698+0000] {dag.py:3954} INFO - Setting next_dagrun for example_sensor_decorator to None, run_after=None
[2024-04-17T23:59:11.743+0000] {processor.py:183} INFO - Processing /home/airflow/.local/lib/python3.12/site-packages/airflow/example_dags/example_sensor_decorator.py took 0.130 seconds
[2024-04-17T23:59:41.821+0000] {processor.py:161} INFO - Started process (PID=284) to work on /home/airflow/.local/lib/python3.12/site-packages/airflow/example_dags/example_sensor_decorator.py
[2024-04-17T23:59:41.822+0000] {processor.py:830} INFO - Processing file /home/airflow/.local/lib/python3.12/site-packages/airflow/example_dags/example_sensor_decorator.py for tasks to queue
[2024-04-17T23:59:41.824+0000] {logging_mixin.py:188} INFO - [2024-04-17T23:59:41.824+0000] {dagbag.py:540} INFO - Filling up the DagBag from /home/airflow/.local/lib/python3.12/site-packages/airflow/example_dags/example_sensor_decorator.py
[2024-04-17T23:59:41.830+0000] {processor.py:840} INFO - DAG(s) 'example_sensor_decorator' retrieved from /home/airflow/.local/lib/python3.12/site-packages/airflow/example_dags/example_sensor_decorator.py
[2024-04-17T23:59:41.853+0000] {logging_mixin.py:188} INFO - [2024-04-17T23:59:41.853+0000] {dag.py:3096} INFO - Sync 1 DAGs
[2024-04-17T23:59:41.869+0000] {logging_mixin.py:188} INFO - [2024-04-17T23:59:41.869+0000] {dag.py:3954} INFO - Setting next_dagrun for example_sensor_decorator to None, run_after=None
[2024-04-17T23:59:41.900+0000] {processor.py:183} INFO - Processing /home/airflow/.local/lib/python3.12/site-packages/airflow/example_dags/example_sensor_decorator.py took 0.084 seconds
