[2024-04-17T21:04:38.188+0000] {processor.py:161} INFO - Started process (PID=72) to work on /home/airflow/.local/lib/python3.12/site-packages/airflow/example_dags/example_sensors.py
[2024-04-17T21:04:38.191+0000] {processor.py:830} INFO - Processing file /home/airflow/.local/lib/python3.12/site-packages/airflow/example_dags/example_sensors.py for tasks to queue
[2024-04-17T21:04:38.196+0000] {logging_mixin.py:188} INFO - [2024-04-17T21:04:38.195+0000] {dagbag.py:540} INFO - Filling up the DagBag from /home/airflow/.local/lib/python3.12/site-packages/airflow/example_dags/example_sensors.py
[2024-04-17T21:04:38.254+0000] {processor.py:840} INFO - DAG(s) 'example_sensors' retrieved from /home/airflow/.local/lib/python3.12/site-packages/airflow/example_dags/example_sensors.py
[2024-04-17T21:04:40.963+0000] {logging_mixin.py:188} INFO - [2024-04-17T21:04:40.962+0000] {dag.py:3096} INFO - Sync 1 DAGs
[2024-04-17T21:04:41.011+0000] {logging_mixin.py:188} INFO - [2024-04-17T21:04:41.011+0000] {dag.py:3954} INFO - Setting next_dagrun for example_sensors to None, run_after=None
[2024-04-17T21:04:41.128+0000] {processor.py:183} INFO - Processing /home/airflow/.local/lib/python3.12/site-packages/airflow/example_dags/example_sensors.py took 3.000 seconds
[2024-04-17T21:05:11.786+0000] {processor.py:161} INFO - Started process (PID=130) to work on /home/airflow/.local/lib/python3.12/site-packages/airflow/example_dags/example_sensors.py
[2024-04-17T21:05:11.954+0000] {processor.py:830} INFO - Processing file /home/airflow/.local/lib/python3.12/site-packages/airflow/example_dags/example_sensors.py for tasks to queue
[2024-04-17T21:05:11.959+0000] {logging_mixin.py:188} INFO - [2024-04-17T21:05:11.958+0000] {dagbag.py:540} INFO - Filling up the DagBag from /home/airflow/.local/lib/python3.12/site-packages/airflow/example_dags/example_sensors.py
[2024-04-17T21:05:11.997+0000] {processor.py:840} INFO - DAG(s) 'example_sensors' retrieved from /home/airflow/.local/lib/python3.12/site-packages/airflow/example_dags/example_sensors.py
[2024-04-17T21:05:12.068+0000] {logging_mixin.py:188} INFO - [2024-04-17T21:05:12.067+0000] {dag.py:3096} INFO - Sync 1 DAGs
[2024-04-17T21:05:12.097+0000] {logging_mixin.py:188} INFO - [2024-04-17T21:05:12.096+0000] {dag.py:3954} INFO - Setting next_dagrun for example_sensors to None, run_after=None
[2024-04-17T21:05:12.590+0000] {processor.py:183} INFO - Processing /home/airflow/.local/lib/python3.12/site-packages/airflow/example_dags/example_sensors.py took 0.830 seconds
[2024-04-17T21:05:43.432+0000] {processor.py:161} INFO - Started process (PID=188) to work on /home/airflow/.local/lib/python3.12/site-packages/airflow/example_dags/example_sensors.py
[2024-04-17T21:05:43.437+0000] {processor.py:830} INFO - Processing file /home/airflow/.local/lib/python3.12/site-packages/airflow/example_dags/example_sensors.py for tasks to queue
[2024-04-17T21:05:43.445+0000] {logging_mixin.py:188} INFO - [2024-04-17T21:05:43.444+0000] {dagbag.py:540} INFO - Filling up the DagBag from /home/airflow/.local/lib/python3.12/site-packages/airflow/example_dags/example_sensors.py
[2024-04-17T21:05:43.504+0000] {processor.py:840} INFO - DAG(s) 'example_sensors' retrieved from /home/airflow/.local/lib/python3.12/site-packages/airflow/example_dags/example_sensors.py
[2024-04-17T21:05:43.631+0000] {logging_mixin.py:188} INFO - [2024-04-17T21:05:43.631+0000] {dag.py:3096} INFO - Sync 1 DAGs
[2024-04-17T21:05:43.712+0000] {logging_mixin.py:188} INFO - [2024-04-17T21:05:43.711+0000] {dag.py:3954} INFO - Setting next_dagrun for example_sensors to None, run_after=None
[2024-04-17T21:05:44.115+0000] {processor.py:183} INFO - Processing /home/airflow/.local/lib/python3.12/site-packages/airflow/example_dags/example_sensors.py took 0.716 seconds
[2024-04-17T21:06:14.253+0000] {processor.py:161} INFO - Started process (PID=246) to work on /home/airflow/.local/lib/python3.12/site-packages/airflow/example_dags/example_sensors.py
[2024-04-17T21:06:14.255+0000] {processor.py:830} INFO - Processing file /home/airflow/.local/lib/python3.12/site-packages/airflow/example_dags/example_sensors.py for tasks to queue
[2024-04-17T21:06:14.259+0000] {logging_mixin.py:188} INFO - [2024-04-17T21:06:14.258+0000] {dagbag.py:540} INFO - Filling up the DagBag from /home/airflow/.local/lib/python3.12/site-packages/airflow/example_dags/example_sensors.py
[2024-04-17T21:06:14.285+0000] {processor.py:840} INFO - DAG(s) 'example_sensors' retrieved from /home/airflow/.local/lib/python3.12/site-packages/airflow/example_dags/example_sensors.py
[2024-04-17T21:06:14.356+0000] {logging_mixin.py:188} INFO - [2024-04-17T21:06:14.355+0000] {dag.py:3096} INFO - Sync 1 DAGs
[2024-04-17T21:06:14.396+0000] {logging_mixin.py:188} INFO - [2024-04-17T21:06:14.395+0000] {dag.py:3954} INFO - Setting next_dagrun for example_sensors to None, run_after=None
[2024-04-17T21:06:14.544+0000] {processor.py:183} INFO - Processing /home/airflow/.local/lib/python3.12/site-packages/airflow/example_dags/example_sensors.py took 0.308 seconds
[2024-04-17T21:06:46.962+0000] {processor.py:161} INFO - Started process (PID=304) to work on /home/airflow/.local/lib/python3.12/site-packages/airflow/example_dags/example_sensors.py
[2024-04-17T21:06:46.968+0000] {processor.py:830} INFO - Processing file /home/airflow/.local/lib/python3.12/site-packages/airflow/example_dags/example_sensors.py for tasks to queue
[2024-04-17T21:06:46.981+0000] {logging_mixin.py:188} INFO - [2024-04-17T21:06:46.980+0000] {dagbag.py:540} INFO - Filling up the DagBag from /home/airflow/.local/lib/python3.12/site-packages/airflow/example_dags/example_sensors.py
[2024-04-17T21:06:47.043+0000] {processor.py:840} INFO - DAG(s) 'example_sensors' retrieved from /home/airflow/.local/lib/python3.12/site-packages/airflow/example_dags/example_sensors.py
[2024-04-17T21:06:47.217+0000] {logging_mixin.py:188} INFO - [2024-04-17T21:06:47.216+0000] {dag.py:3096} INFO - Sync 1 DAGs
[2024-04-17T21:06:47.299+0000] {logging_mixin.py:188} INFO - [2024-04-17T21:06:47.298+0000] {dag.py:3954} INFO - Setting next_dagrun for example_sensors to None, run_after=None
[2024-04-17T21:06:48.326+0000] {processor.py:183} INFO - Processing /home/airflow/.local/lib/python3.12/site-packages/airflow/example_dags/example_sensors.py took 1.409 seconds
[2024-04-17T21:07:25.036+0000] {processor.py:161} INFO - Started process (PID=360) to work on /home/airflow/.local/lib/python3.12/site-packages/airflow/example_dags/example_sensors.py
[2024-04-17T21:07:25.051+0000] {processor.py:830} INFO - Processing file /home/airflow/.local/lib/python3.12/site-packages/airflow/example_dags/example_sensors.py for tasks to queue
[2024-04-17T21:07:25.068+0000] {logging_mixin.py:188} INFO - [2024-04-17T21:07:25.067+0000] {dagbag.py:540} INFO - Filling up the DagBag from /home/airflow/.local/lib/python3.12/site-packages/airflow/example_dags/example_sensors.py
[2024-04-17T21:07:25.184+0000] {processor.py:840} INFO - DAG(s) 'example_sensors' retrieved from /home/airflow/.local/lib/python3.12/site-packages/airflow/example_dags/example_sensors.py
[2024-04-17T21:07:25.363+0000] {logging_mixin.py:188} INFO - [2024-04-17T21:07:25.362+0000] {dag.py:3096} INFO - Sync 1 DAGs
[2024-04-17T21:07:25.466+0000] {logging_mixin.py:188} INFO - [2024-04-17T21:07:25.464+0000] {dag.py:3954} INFO - Setting next_dagrun for example_sensors to None, run_after=None
[2024-04-17T21:07:25.615+0000] {processor.py:183} INFO - Processing /home/airflow/.local/lib/python3.12/site-packages/airflow/example_dags/example_sensors.py took 0.643 seconds
[2024-04-17T21:07:55.847+0000] {processor.py:161} INFO - Started process (PID=418) to work on /home/airflow/.local/lib/python3.12/site-packages/airflow/example_dags/example_sensors.py
[2024-04-17T21:07:55.849+0000] {processor.py:830} INFO - Processing file /home/airflow/.local/lib/python3.12/site-packages/airflow/example_dags/example_sensors.py for tasks to queue
[2024-04-17T21:07:55.853+0000] {logging_mixin.py:188} INFO - [2024-04-17T21:07:55.853+0000] {dagbag.py:540} INFO - Filling up the DagBag from /home/airflow/.local/lib/python3.12/site-packages/airflow/example_dags/example_sensors.py
[2024-04-17T21:07:55.885+0000] {processor.py:840} INFO - DAG(s) 'example_sensors' retrieved from /home/airflow/.local/lib/python3.12/site-packages/airflow/example_dags/example_sensors.py
[2024-04-17T21:07:55.978+0000] {logging_mixin.py:188} INFO - [2024-04-17T21:07:55.977+0000] {dag.py:3096} INFO - Sync 1 DAGs
[2024-04-17T21:07:56.053+0000] {logging_mixin.py:188} INFO - [2024-04-17T21:07:56.052+0000] {dag.py:3954} INFO - Setting next_dagrun for example_sensors to None, run_after=None
[2024-04-17T21:07:56.157+0000] {processor.py:183} INFO - Processing /home/airflow/.local/lib/python3.12/site-packages/airflow/example_dags/example_sensors.py took 0.341 seconds
[2024-04-17T21:08:26.702+0000] {processor.py:161} INFO - Started process (PID=476) to work on /home/airflow/.local/lib/python3.12/site-packages/airflow/example_dags/example_sensors.py
[2024-04-17T21:08:26.713+0000] {processor.py:830} INFO - Processing file /home/airflow/.local/lib/python3.12/site-packages/airflow/example_dags/example_sensors.py for tasks to queue
[2024-04-17T21:08:26.719+0000] {logging_mixin.py:188} INFO - [2024-04-17T21:08:26.718+0000] {dagbag.py:540} INFO - Filling up the DagBag from /home/airflow/.local/lib/python3.12/site-packages/airflow/example_dags/example_sensors.py
[2024-04-17T21:08:26.762+0000] {processor.py:840} INFO - DAG(s) 'example_sensors' retrieved from /home/airflow/.local/lib/python3.12/site-packages/airflow/example_dags/example_sensors.py
[2024-04-17T21:08:26.877+0000] {logging_mixin.py:188} INFO - [2024-04-17T21:08:26.876+0000] {dag.py:3096} INFO - Sync 1 DAGs
[2024-04-17T21:08:26.914+0000] {logging_mixin.py:188} INFO - [2024-04-17T21:08:26.913+0000] {dag.py:3954} INFO - Setting next_dagrun for example_sensors to None, run_after=None
[2024-04-17T21:08:27.220+0000] {processor.py:183} INFO - Processing /home/airflow/.local/lib/python3.12/site-packages/airflow/example_dags/example_sensors.py took 0.553 seconds
[2024-04-17T21:08:57.644+0000] {processor.py:161} INFO - Started process (PID=534) to work on /home/airflow/.local/lib/python3.12/site-packages/airflow/example_dags/example_sensors.py
[2024-04-17T21:08:57.709+0000] {processor.py:830} INFO - Processing file /home/airflow/.local/lib/python3.12/site-packages/airflow/example_dags/example_sensors.py for tasks to queue
[2024-04-17T21:08:57.714+0000] {logging_mixin.py:188} INFO - [2024-04-17T21:08:57.713+0000] {dagbag.py:540} INFO - Filling up the DagBag from /home/airflow/.local/lib/python3.12/site-packages/airflow/example_dags/example_sensors.py
[2024-04-17T21:08:57.738+0000] {processor.py:840} INFO - DAG(s) 'example_sensors' retrieved from /home/airflow/.local/lib/python3.12/site-packages/airflow/example_dags/example_sensors.py
[2024-04-17T21:08:57.830+0000] {logging_mixin.py:188} INFO - [2024-04-17T21:08:57.829+0000] {dag.py:3096} INFO - Sync 1 DAGs
[2024-04-17T21:08:57.893+0000] {logging_mixin.py:188} INFO - [2024-04-17T21:08:57.892+0000] {dag.py:3954} INFO - Setting next_dagrun for example_sensors to None, run_after=None
[2024-04-17T21:08:58.070+0000] {processor.py:183} INFO - Processing /home/airflow/.local/lib/python3.12/site-packages/airflow/example_dags/example_sensors.py took 0.437 seconds
[2024-04-17T21:09:28.451+0000] {processor.py:161} INFO - Started process (PID=592) to work on /home/airflow/.local/lib/python3.12/site-packages/airflow/example_dags/example_sensors.py
[2024-04-17T21:09:28.463+0000] {processor.py:830} INFO - Processing file /home/airflow/.local/lib/python3.12/site-packages/airflow/example_dags/example_sensors.py for tasks to queue
[2024-04-17T21:09:28.471+0000] {logging_mixin.py:188} INFO - [2024-04-17T21:09:28.469+0000] {dagbag.py:540} INFO - Filling up the DagBag from /home/airflow/.local/lib/python3.12/site-packages/airflow/example_dags/example_sensors.py
[2024-04-17T21:09:28.545+0000] {processor.py:840} INFO - DAG(s) 'example_sensors' retrieved from /home/airflow/.local/lib/python3.12/site-packages/airflow/example_dags/example_sensors.py
[2024-04-17T21:09:28.682+0000] {logging_mixin.py:188} INFO - [2024-04-17T21:09:28.681+0000] {dag.py:3096} INFO - Sync 1 DAGs
[2024-04-17T21:09:28.753+0000] {logging_mixin.py:188} INFO - [2024-04-17T21:09:28.752+0000] {dag.py:3954} INFO - Setting next_dagrun for example_sensors to None, run_after=None
[2024-04-17T21:09:28.945+0000] {processor.py:183} INFO - Processing /home/airflow/.local/lib/python3.12/site-packages/airflow/example_dags/example_sensors.py took 0.518 seconds
[2024-04-17T21:09:59.586+0000] {processor.py:161} INFO - Started process (PID=650) to work on /home/airflow/.local/lib/python3.12/site-packages/airflow/example_dags/example_sensors.py
[2024-04-17T21:09:59.588+0000] {processor.py:830} INFO - Processing file /home/airflow/.local/lib/python3.12/site-packages/airflow/example_dags/example_sensors.py for tasks to queue
[2024-04-17T21:09:59.590+0000] {logging_mixin.py:188} INFO - [2024-04-17T21:09:59.590+0000] {dagbag.py:540} INFO - Filling up the DagBag from /home/airflow/.local/lib/python3.12/site-packages/airflow/example_dags/example_sensors.py
[2024-04-17T21:09:59.602+0000] {processor.py:840} INFO - DAG(s) 'example_sensors' retrieved from /home/airflow/.local/lib/python3.12/site-packages/airflow/example_dags/example_sensors.py
[2024-04-17T21:09:59.651+0000] {logging_mixin.py:188} INFO - [2024-04-17T21:09:59.651+0000] {dag.py:3096} INFO - Sync 1 DAGs
[2024-04-17T21:09:59.674+0000] {logging_mixin.py:188} INFO - [2024-04-17T21:09:59.674+0000] {dag.py:3954} INFO - Setting next_dagrun for example_sensors to None, run_after=None
[2024-04-17T21:09:59.726+0000] {processor.py:183} INFO - Processing /home/airflow/.local/lib/python3.12/site-packages/airflow/example_dags/example_sensors.py took 0.148 seconds
[2024-04-17T21:10:30.172+0000] {processor.py:161} INFO - Started process (PID=708) to work on /home/airflow/.local/lib/python3.12/site-packages/airflow/example_dags/example_sensors.py
[2024-04-17T21:10:30.174+0000] {processor.py:830} INFO - Processing file /home/airflow/.local/lib/python3.12/site-packages/airflow/example_dags/example_sensors.py for tasks to queue
[2024-04-17T21:10:30.178+0000] {logging_mixin.py:188} INFO - [2024-04-17T21:10:30.177+0000] {dagbag.py:540} INFO - Filling up the DagBag from /home/airflow/.local/lib/python3.12/site-packages/airflow/example_dags/example_sensors.py
[2024-04-17T21:10:30.194+0000] {processor.py:840} INFO - DAG(s) 'example_sensors' retrieved from /home/airflow/.local/lib/python3.12/site-packages/airflow/example_dags/example_sensors.py
[2024-04-17T21:10:30.246+0000] {logging_mixin.py:188} INFO - [2024-04-17T21:10:30.245+0000] {dag.py:3096} INFO - Sync 1 DAGs
[2024-04-17T21:10:30.268+0000] {logging_mixin.py:188} INFO - [2024-04-17T21:10:30.267+0000] {dag.py:3954} INFO - Setting next_dagrun for example_sensors to None, run_after=None
[2024-04-17T21:10:30.321+0000] {processor.py:183} INFO - Processing /home/airflow/.local/lib/python3.12/site-packages/airflow/example_dags/example_sensors.py took 0.158 seconds
[2024-04-17T21:11:00.529+0000] {processor.py:161} INFO - Started process (PID=767) to work on /home/airflow/.local/lib/python3.12/site-packages/airflow/example_dags/example_sensors.py
[2024-04-17T21:11:00.531+0000] {processor.py:830} INFO - Processing file /home/airflow/.local/lib/python3.12/site-packages/airflow/example_dags/example_sensors.py for tasks to queue
[2024-04-17T21:11:00.536+0000] {logging_mixin.py:188} INFO - [2024-04-17T21:11:00.535+0000] {dagbag.py:540} INFO - Filling up the DagBag from /home/airflow/.local/lib/python3.12/site-packages/airflow/example_dags/example_sensors.py
[2024-04-17T21:11:00.563+0000] {processor.py:840} INFO - DAG(s) 'example_sensors' retrieved from /home/airflow/.local/lib/python3.12/site-packages/airflow/example_dags/example_sensors.py
[2024-04-17T21:11:00.642+0000] {logging_mixin.py:188} INFO - [2024-04-17T21:11:00.641+0000] {dag.py:3096} INFO - Sync 1 DAGs
[2024-04-17T21:11:00.684+0000] {logging_mixin.py:188} INFO - [2024-04-17T21:11:00.684+0000] {dag.py:3954} INFO - Setting next_dagrun for example_sensors to None, run_after=None
[2024-04-17T21:11:00.759+0000] {processor.py:183} INFO - Processing /home/airflow/.local/lib/python3.12/site-packages/airflow/example_dags/example_sensors.py took 0.242 seconds
[2024-04-17T21:11:31.105+0000] {processor.py:161} INFO - Started process (PID=825) to work on /home/airflow/.local/lib/python3.12/site-packages/airflow/example_dags/example_sensors.py
[2024-04-17T21:11:31.106+0000] {processor.py:830} INFO - Processing file /home/airflow/.local/lib/python3.12/site-packages/airflow/example_dags/example_sensors.py for tasks to queue
[2024-04-17T21:11:31.109+0000] {logging_mixin.py:188} INFO - [2024-04-17T21:11:31.108+0000] {dagbag.py:540} INFO - Filling up the DagBag from /home/airflow/.local/lib/python3.12/site-packages/airflow/example_dags/example_sensors.py
[2024-04-17T21:11:31.121+0000] {processor.py:840} INFO - DAG(s) 'example_sensors' retrieved from /home/airflow/.local/lib/python3.12/site-packages/airflow/example_dags/example_sensors.py
[2024-04-17T21:11:31.156+0000] {logging_mixin.py:188} INFO - [2024-04-17T21:11:31.156+0000] {dag.py:3096} INFO - Sync 1 DAGs
[2024-04-17T21:11:31.180+0000] {logging_mixin.py:188} INFO - [2024-04-17T21:11:31.179+0000] {dag.py:3954} INFO - Setting next_dagrun for example_sensors to None, run_after=None
[2024-04-17T21:11:31.218+0000] {processor.py:183} INFO - Processing /home/airflow/.local/lib/python3.12/site-packages/airflow/example_dags/example_sensors.py took 0.123 seconds
[2024-04-17T21:12:01.520+0000] {processor.py:161} INFO - Started process (PID=883) to work on /home/airflow/.local/lib/python3.12/site-packages/airflow/example_dags/example_sensors.py
[2024-04-17T21:12:01.522+0000] {processor.py:830} INFO - Processing file /home/airflow/.local/lib/python3.12/site-packages/airflow/example_dags/example_sensors.py for tasks to queue
[2024-04-17T21:12:01.524+0000] {logging_mixin.py:188} INFO - [2024-04-17T21:12:01.524+0000] {dagbag.py:540} INFO - Filling up the DagBag from /home/airflow/.local/lib/python3.12/site-packages/airflow/example_dags/example_sensors.py
[2024-04-17T21:12:01.545+0000] {processor.py:840} INFO - DAG(s) 'example_sensors' retrieved from /home/airflow/.local/lib/python3.12/site-packages/airflow/example_dags/example_sensors.py
[2024-04-17T21:12:01.585+0000] {logging_mixin.py:188} INFO - [2024-04-17T21:12:01.585+0000] {dag.py:3096} INFO - Sync 1 DAGs
[2024-04-17T21:12:01.608+0000] {logging_mixin.py:188} INFO - [2024-04-17T21:12:01.608+0000] {dag.py:3954} INFO - Setting next_dagrun for example_sensors to None, run_after=None
[2024-04-17T21:12:01.639+0000] {processor.py:183} INFO - Processing /home/airflow/.local/lib/python3.12/site-packages/airflow/example_dags/example_sensors.py took 0.125 seconds
[2024-04-17T21:12:32.302+0000] {processor.py:161} INFO - Started process (PID=941) to work on /home/airflow/.local/lib/python3.12/site-packages/airflow/example_dags/example_sensors.py
[2024-04-17T21:12:32.304+0000] {processor.py:830} INFO - Processing file /home/airflow/.local/lib/python3.12/site-packages/airflow/example_dags/example_sensors.py for tasks to queue
[2024-04-17T21:12:32.307+0000] {logging_mixin.py:188} INFO - [2024-04-17T21:12:32.307+0000] {dagbag.py:540} INFO - Filling up the DagBag from /home/airflow/.local/lib/python3.12/site-packages/airflow/example_dags/example_sensors.py
[2024-04-17T21:12:32.325+0000] {processor.py:840} INFO - DAG(s) 'example_sensors' retrieved from /home/airflow/.local/lib/python3.12/site-packages/airflow/example_dags/example_sensors.py
[2024-04-17T21:12:32.374+0000] {logging_mixin.py:188} INFO - [2024-04-17T21:12:32.373+0000] {dag.py:3096} INFO - Sync 1 DAGs
[2024-04-17T21:12:32.398+0000] {logging_mixin.py:188} INFO - [2024-04-17T21:12:32.397+0000] {dag.py:3954} INFO - Setting next_dagrun for example_sensors to None, run_after=None
[2024-04-17T21:12:32.444+0000] {processor.py:183} INFO - Processing /home/airflow/.local/lib/python3.12/site-packages/airflow/example_dags/example_sensors.py took 0.150 seconds
[2024-04-17T21:13:03.407+0000] {processor.py:161} INFO - Started process (PID=999) to work on /home/airflow/.local/lib/python3.12/site-packages/airflow/example_dags/example_sensors.py
[2024-04-17T21:13:03.412+0000] {processor.py:830} INFO - Processing file /home/airflow/.local/lib/python3.12/site-packages/airflow/example_dags/example_sensors.py for tasks to queue
[2024-04-17T21:13:03.417+0000] {logging_mixin.py:188} INFO - [2024-04-17T21:13:03.416+0000] {dagbag.py:540} INFO - Filling up the DagBag from /home/airflow/.local/lib/python3.12/site-packages/airflow/example_dags/example_sensors.py
[2024-04-17T21:13:03.435+0000] {processor.py:840} INFO - DAG(s) 'example_sensors' retrieved from /home/airflow/.local/lib/python3.12/site-packages/airflow/example_dags/example_sensors.py
[2024-04-17T21:13:03.493+0000] {logging_mixin.py:188} INFO - [2024-04-17T21:13:03.492+0000] {dag.py:3096} INFO - Sync 1 DAGs
[2024-04-17T21:13:03.537+0000] {logging_mixin.py:188} INFO - [2024-04-17T21:13:03.535+0000] {dag.py:3954} INFO - Setting next_dagrun for example_sensors to None, run_after=None
[2024-04-17T21:13:03.599+0000] {processor.py:183} INFO - Processing /home/airflow/.local/lib/python3.12/site-packages/airflow/example_dags/example_sensors.py took 0.205 seconds
[2024-04-17T21:14:58.778+0000] {processor.py:161} INFO - Started process (PID=55) to work on /home/airflow/.local/lib/python3.12/site-packages/airflow/example_dags/example_sensors.py
[2024-04-17T21:14:58.780+0000] {processor.py:830} INFO - Processing file /home/airflow/.local/lib/python3.12/site-packages/airflow/example_dags/example_sensors.py for tasks to queue
[2024-04-17T21:14:58.784+0000] {logging_mixin.py:188} INFO - [2024-04-17T21:14:58.783+0000] {dagbag.py:540} INFO - Filling up the DagBag from /home/airflow/.local/lib/python3.12/site-packages/airflow/example_dags/example_sensors.py
[2024-04-17T21:14:58.829+0000] {processor.py:840} INFO - DAG(s) 'example_sensors' retrieved from /home/airflow/.local/lib/python3.12/site-packages/airflow/example_dags/example_sensors.py
[2024-04-17T21:14:59.164+0000] {logging_mixin.py:188} INFO - [2024-04-17T21:14:59.163+0000] {dag.py:3096} INFO - Sync 1 DAGs
[2024-04-17T21:14:59.203+0000] {logging_mixin.py:188} INFO - [2024-04-17T21:14:59.203+0000] {dag.py:3954} INFO - Setting next_dagrun for example_sensors to None, run_after=None
[2024-04-17T21:14:59.281+0000] {processor.py:183} INFO - Processing /home/airflow/.local/lib/python3.12/site-packages/airflow/example_dags/example_sensors.py took 0.521 seconds
[2024-04-17T21:15:30.120+0000] {processor.py:161} INFO - Started process (PID=113) to work on /home/airflow/.local/lib/python3.12/site-packages/airflow/example_dags/example_sensors.py
[2024-04-17T21:15:30.122+0000] {processor.py:830} INFO - Processing file /home/airflow/.local/lib/python3.12/site-packages/airflow/example_dags/example_sensors.py for tasks to queue
[2024-04-17T21:15:30.126+0000] {logging_mixin.py:188} INFO - [2024-04-17T21:15:30.125+0000] {dagbag.py:540} INFO - Filling up the DagBag from /home/airflow/.local/lib/python3.12/site-packages/airflow/example_dags/example_sensors.py
[2024-04-17T21:15:30.150+0000] {processor.py:840} INFO - DAG(s) 'example_sensors' retrieved from /home/airflow/.local/lib/python3.12/site-packages/airflow/example_dags/example_sensors.py
[2024-04-17T21:15:30.201+0000] {logging_mixin.py:188} INFO - [2024-04-17T21:15:30.200+0000] {dag.py:3096} INFO - Sync 1 DAGs
[2024-04-17T21:15:30.233+0000] {logging_mixin.py:188} INFO - [2024-04-17T21:15:30.232+0000] {dag.py:3954} INFO - Setting next_dagrun for example_sensors to None, run_after=None
[2024-04-17T21:15:30.289+0000] {processor.py:183} INFO - Processing /home/airflow/.local/lib/python3.12/site-packages/airflow/example_dags/example_sensors.py took 0.179 seconds
[2024-04-17T21:16:00.468+0000] {processor.py:161} INFO - Started process (PID=172) to work on /home/airflow/.local/lib/python3.12/site-packages/airflow/example_dags/example_sensors.py
[2024-04-17T21:16:00.469+0000] {processor.py:830} INFO - Processing file /home/airflow/.local/lib/python3.12/site-packages/airflow/example_dags/example_sensors.py for tasks to queue
[2024-04-17T21:16:00.474+0000] {logging_mixin.py:188} INFO - [2024-04-17T21:16:00.472+0000] {dagbag.py:540} INFO - Filling up the DagBag from /home/airflow/.local/lib/python3.12/site-packages/airflow/example_dags/example_sensors.py
[2024-04-17T21:16:00.487+0000] {processor.py:840} INFO - DAG(s) 'example_sensors' retrieved from /home/airflow/.local/lib/python3.12/site-packages/airflow/example_dags/example_sensors.py
[2024-04-17T21:16:00.523+0000] {logging_mixin.py:188} INFO - [2024-04-17T21:16:00.523+0000] {dag.py:3096} INFO - Sync 1 DAGs
[2024-04-17T21:16:00.542+0000] {logging_mixin.py:188} INFO - [2024-04-17T21:16:00.542+0000] {dag.py:3954} INFO - Setting next_dagrun for example_sensors to None, run_after=None
[2024-04-17T21:16:00.579+0000] {processor.py:183} INFO - Processing /home/airflow/.local/lib/python3.12/site-packages/airflow/example_dags/example_sensors.py took 0.118 seconds
[2024-04-17T21:16:30.718+0000] {processor.py:161} INFO - Started process (PID=229) to work on /home/airflow/.local/lib/python3.12/site-packages/airflow/example_dags/example_sensors.py
[2024-04-17T21:16:30.720+0000] {processor.py:830} INFO - Processing file /home/airflow/.local/lib/python3.12/site-packages/airflow/example_dags/example_sensors.py for tasks to queue
[2024-04-17T21:16:30.723+0000] {logging_mixin.py:188} INFO - [2024-04-17T21:16:30.722+0000] {dagbag.py:540} INFO - Filling up the DagBag from /home/airflow/.local/lib/python3.12/site-packages/airflow/example_dags/example_sensors.py
[2024-04-17T21:16:30.736+0000] {processor.py:840} INFO - DAG(s) 'example_sensors' retrieved from /home/airflow/.local/lib/python3.12/site-packages/airflow/example_dags/example_sensors.py
[2024-04-17T21:16:30.789+0000] {logging_mixin.py:188} INFO - [2024-04-17T21:16:30.789+0000] {dag.py:3096} INFO - Sync 1 DAGs
[2024-04-17T21:16:30.817+0000] {logging_mixin.py:188} INFO - [2024-04-17T21:16:30.816+0000] {dag.py:3954} INFO - Setting next_dagrun for example_sensors to None, run_after=None
[2024-04-17T21:16:30.854+0000] {processor.py:183} INFO - Processing /home/airflow/.local/lib/python3.12/site-packages/airflow/example_dags/example_sensors.py took 0.142 seconds
[2024-04-17T21:17:01.068+0000] {processor.py:161} INFO - Started process (PID=287) to work on /home/airflow/.local/lib/python3.12/site-packages/airflow/example_dags/example_sensors.py
[2024-04-17T21:17:01.071+0000] {processor.py:830} INFO - Processing file /home/airflow/.local/lib/python3.12/site-packages/airflow/example_dags/example_sensors.py for tasks to queue
[2024-04-17T21:17:01.080+0000] {logging_mixin.py:188} INFO - [2024-04-17T21:17:01.075+0000] {dagbag.py:540} INFO - Filling up the DagBag from /home/airflow/.local/lib/python3.12/site-packages/airflow/example_dags/example_sensors.py
[2024-04-17T21:17:01.107+0000] {processor.py:840} INFO - DAG(s) 'example_sensors' retrieved from /home/airflow/.local/lib/python3.12/site-packages/airflow/example_dags/example_sensors.py
[2024-04-17T21:17:01.169+0000] {logging_mixin.py:188} INFO - [2024-04-17T21:17:01.169+0000] {dag.py:3096} INFO - Sync 1 DAGs
[2024-04-17T21:17:01.211+0000] {logging_mixin.py:188} INFO - [2024-04-17T21:17:01.210+0000] {dag.py:3954} INFO - Setting next_dagrun for example_sensors to None, run_after=None
[2024-04-17T21:17:01.291+0000] {processor.py:183} INFO - Processing /home/airflow/.local/lib/python3.12/site-packages/airflow/example_dags/example_sensors.py took 0.236 seconds
[2024-04-17T21:17:31.458+0000] {processor.py:161} INFO - Started process (PID=345) to work on /home/airflow/.local/lib/python3.12/site-packages/airflow/example_dags/example_sensors.py
[2024-04-17T21:17:31.460+0000] {processor.py:830} INFO - Processing file /home/airflow/.local/lib/python3.12/site-packages/airflow/example_dags/example_sensors.py for tasks to queue
[2024-04-17T21:17:31.463+0000] {logging_mixin.py:188} INFO - [2024-04-17T21:17:31.463+0000] {dagbag.py:540} INFO - Filling up the DagBag from /home/airflow/.local/lib/python3.12/site-packages/airflow/example_dags/example_sensors.py
[2024-04-17T21:17:31.480+0000] {processor.py:840} INFO - DAG(s) 'example_sensors' retrieved from /home/airflow/.local/lib/python3.12/site-packages/airflow/example_dags/example_sensors.py
[2024-04-17T21:17:31.542+0000] {logging_mixin.py:188} INFO - [2024-04-17T21:17:31.542+0000] {dag.py:3096} INFO - Sync 1 DAGs
[2024-04-17T21:17:31.591+0000] {logging_mixin.py:188} INFO - [2024-04-17T21:17:31.591+0000] {dag.py:3954} INFO - Setting next_dagrun for example_sensors to None, run_after=None
[2024-04-17T21:17:31.631+0000] {processor.py:183} INFO - Processing /home/airflow/.local/lib/python3.12/site-packages/airflow/example_dags/example_sensors.py took 0.181 seconds
[2024-04-17T21:18:01.832+0000] {processor.py:161} INFO - Started process (PID=403) to work on /home/airflow/.local/lib/python3.12/site-packages/airflow/example_dags/example_sensors.py
[2024-04-17T21:18:01.834+0000] {processor.py:830} INFO - Processing file /home/airflow/.local/lib/python3.12/site-packages/airflow/example_dags/example_sensors.py for tasks to queue
[2024-04-17T21:18:01.838+0000] {logging_mixin.py:188} INFO - [2024-04-17T21:18:01.837+0000] {dagbag.py:540} INFO - Filling up the DagBag from /home/airflow/.local/lib/python3.12/site-packages/airflow/example_dags/example_sensors.py
[2024-04-17T21:18:01.860+0000] {processor.py:840} INFO - DAG(s) 'example_sensors' retrieved from /home/airflow/.local/lib/python3.12/site-packages/airflow/example_dags/example_sensors.py
[2024-04-17T21:18:01.927+0000] {logging_mixin.py:188} INFO - [2024-04-17T21:18:01.926+0000] {dag.py:3096} INFO - Sync 1 DAGs
[2024-04-17T21:18:01.958+0000] {logging_mixin.py:188} INFO - [2024-04-17T21:18:01.957+0000] {dag.py:3954} INFO - Setting next_dagrun for example_sensors to None, run_after=None
[2024-04-17T21:18:02.010+0000] {processor.py:183} INFO - Processing /home/airflow/.local/lib/python3.12/site-packages/airflow/example_dags/example_sensors.py took 0.189 seconds
[2024-04-17T21:18:32.391+0000] {processor.py:161} INFO - Started process (PID=461) to work on /home/airflow/.local/lib/python3.12/site-packages/airflow/example_dags/example_sensors.py
[2024-04-17T21:18:32.393+0000] {processor.py:830} INFO - Processing file /home/airflow/.local/lib/python3.12/site-packages/airflow/example_dags/example_sensors.py for tasks to queue
[2024-04-17T21:18:32.398+0000] {logging_mixin.py:188} INFO - [2024-04-17T21:18:32.397+0000] {dagbag.py:540} INFO - Filling up the DagBag from /home/airflow/.local/lib/python3.12/site-packages/airflow/example_dags/example_sensors.py
[2024-04-17T21:18:32.423+0000] {processor.py:840} INFO - DAG(s) 'example_sensors' retrieved from /home/airflow/.local/lib/python3.12/site-packages/airflow/example_dags/example_sensors.py
[2024-04-17T21:18:32.480+0000] {logging_mixin.py:188} INFO - [2024-04-17T21:18:32.479+0000] {dag.py:3096} INFO - Sync 1 DAGs
[2024-04-17T21:18:32.508+0000] {logging_mixin.py:188} INFO - [2024-04-17T21:18:32.508+0000] {dag.py:3954} INFO - Setting next_dagrun for example_sensors to None, run_after=None
[2024-04-17T21:18:32.553+0000] {processor.py:183} INFO - Processing /home/airflow/.local/lib/python3.12/site-packages/airflow/example_dags/example_sensors.py took 0.174 seconds
[2024-04-17T21:19:02.739+0000] {processor.py:161} INFO - Started process (PID=519) to work on /home/airflow/.local/lib/python3.12/site-packages/airflow/example_dags/example_sensors.py
[2024-04-17T21:19:02.744+0000] {processor.py:830} INFO - Processing file /home/airflow/.local/lib/python3.12/site-packages/airflow/example_dags/example_sensors.py for tasks to queue
[2024-04-17T21:19:02.748+0000] {logging_mixin.py:188} INFO - [2024-04-17T21:19:02.747+0000] {dagbag.py:540} INFO - Filling up the DagBag from /home/airflow/.local/lib/python3.12/site-packages/airflow/example_dags/example_sensors.py
[2024-04-17T21:19:02.764+0000] {processor.py:840} INFO - DAG(s) 'example_sensors' retrieved from /home/airflow/.local/lib/python3.12/site-packages/airflow/example_dags/example_sensors.py
[2024-04-17T21:19:02.822+0000] {logging_mixin.py:188} INFO - [2024-04-17T21:19:02.822+0000] {dag.py:3096} INFO - Sync 1 DAGs
[2024-04-17T21:19:02.857+0000] {logging_mixin.py:188} INFO - [2024-04-17T21:19:02.857+0000] {dag.py:3954} INFO - Setting next_dagrun for example_sensors to None, run_after=None
[2024-04-17T21:19:02.920+0000] {processor.py:183} INFO - Processing /home/airflow/.local/lib/python3.12/site-packages/airflow/example_dags/example_sensors.py took 0.195 seconds
[2024-04-17T23:57:39.390+0000] {processor.py:161} INFO - Started process (PID=53) to work on /home/airflow/.local/lib/python3.12/site-packages/airflow/example_dags/example_sensors.py
[2024-04-17T23:57:39.392+0000] {processor.py:830} INFO - Processing file /home/airflow/.local/lib/python3.12/site-packages/airflow/example_dags/example_sensors.py for tasks to queue
[2024-04-17T23:57:39.394+0000] {logging_mixin.py:188} INFO - [2024-04-17T23:57:39.394+0000] {dagbag.py:540} INFO - Filling up the DagBag from /home/airflow/.local/lib/python3.12/site-packages/airflow/example_dags/example_sensors.py
[2024-04-17T23:57:39.412+0000] {processor.py:840} INFO - DAG(s) 'example_sensors' retrieved from /home/airflow/.local/lib/python3.12/site-packages/airflow/example_dags/example_sensors.py
[2024-04-17T23:57:39.475+0000] {logging_mixin.py:188} INFO - [2024-04-17T23:57:39.474+0000] {dag.py:3096} INFO - Sync 1 DAGs
[2024-04-17T23:57:39.503+0000] {logging_mixin.py:188} INFO - [2024-04-17T23:57:39.502+0000] {dag.py:3954} INFO - Setting next_dagrun for example_sensors to None, run_after=None
[2024-04-17T23:57:39.548+0000] {processor.py:183} INFO - Processing /home/airflow/.local/lib/python3.12/site-packages/airflow/example_dags/example_sensors.py took 0.164 seconds
[2024-04-17T23:58:09.661+0000] {processor.py:161} INFO - Started process (PID=111) to work on /home/airflow/.local/lib/python3.12/site-packages/airflow/example_dags/example_sensors.py
[2024-04-17T23:58:09.662+0000] {processor.py:830} INFO - Processing file /home/airflow/.local/lib/python3.12/site-packages/airflow/example_dags/example_sensors.py for tasks to queue
[2024-04-17T23:58:09.665+0000] {logging_mixin.py:188} INFO - [2024-04-17T23:58:09.665+0000] {dagbag.py:540} INFO - Filling up the DagBag from /home/airflow/.local/lib/python3.12/site-packages/airflow/example_dags/example_sensors.py
[2024-04-17T23:58:09.683+0000] {processor.py:840} INFO - DAG(s) 'example_sensors' retrieved from /home/airflow/.local/lib/python3.12/site-packages/airflow/example_dags/example_sensors.py
[2024-04-17T23:58:09.722+0000] {logging_mixin.py:188} INFO - [2024-04-17T23:58:09.722+0000] {dag.py:3096} INFO - Sync 1 DAGs
[2024-04-17T23:58:09.742+0000] {logging_mixin.py:188} INFO - [2024-04-17T23:58:09.742+0000] {dag.py:3954} INFO - Setting next_dagrun for example_sensors to None, run_after=None
[2024-04-17T23:58:09.777+0000] {processor.py:183} INFO - Processing /home/airflow/.local/lib/python3.12/site-packages/airflow/example_dags/example_sensors.py took 0.125 seconds
[2024-04-17T23:58:40.578+0000] {processor.py:161} INFO - Started process (PID=169) to work on /home/airflow/.local/lib/python3.12/site-packages/airflow/example_dags/example_sensors.py
[2024-04-17T23:58:40.580+0000] {processor.py:830} INFO - Processing file /home/airflow/.local/lib/python3.12/site-packages/airflow/example_dags/example_sensors.py for tasks to queue
[2024-04-17T23:58:40.583+0000] {logging_mixin.py:188} INFO - [2024-04-17T23:58:40.582+0000] {dagbag.py:540} INFO - Filling up the DagBag from /home/airflow/.local/lib/python3.12/site-packages/airflow/example_dags/example_sensors.py
[2024-04-17T23:58:40.607+0000] {processor.py:840} INFO - DAG(s) 'example_sensors' retrieved from /home/airflow/.local/lib/python3.12/site-packages/airflow/example_dags/example_sensors.py
[2024-04-17T23:58:40.677+0000] {logging_mixin.py:188} INFO - [2024-04-17T23:58:40.676+0000] {dag.py:3096} INFO - Sync 1 DAGs
[2024-04-17T23:58:40.725+0000] {logging_mixin.py:188} INFO - [2024-04-17T23:58:40.724+0000] {dag.py:3954} INFO - Setting next_dagrun for example_sensors to None, run_after=None
[2024-04-17T23:58:40.801+0000] {processor.py:183} INFO - Processing /home/airflow/.local/lib/python3.12/site-packages/airflow/example_dags/example_sensors.py took 0.231 seconds
[2024-04-17T23:59:11.797+0000] {processor.py:161} INFO - Started process (PID=227) to work on /home/airflow/.local/lib/python3.12/site-packages/airflow/example_dags/example_sensors.py
[2024-04-17T23:59:11.799+0000] {processor.py:830} INFO - Processing file /home/airflow/.local/lib/python3.12/site-packages/airflow/example_dags/example_sensors.py for tasks to queue
[2024-04-17T23:59:11.802+0000] {logging_mixin.py:188} INFO - [2024-04-17T23:59:11.801+0000] {dagbag.py:540} INFO - Filling up the DagBag from /home/airflow/.local/lib/python3.12/site-packages/airflow/example_dags/example_sensors.py
[2024-04-17T23:59:11.824+0000] {processor.py:840} INFO - DAG(s) 'example_sensors' retrieved from /home/airflow/.local/lib/python3.12/site-packages/airflow/example_dags/example_sensors.py
[2024-04-17T23:59:11.885+0000] {logging_mixin.py:188} INFO - [2024-04-17T23:59:11.884+0000] {dag.py:3096} INFO - Sync 1 DAGs
[2024-04-17T23:59:11.912+0000] {logging_mixin.py:188} INFO - [2024-04-17T23:59:11.911+0000] {dag.py:3954} INFO - Setting next_dagrun for example_sensors to None, run_after=None
[2024-04-17T23:59:11.972+0000] {processor.py:183} INFO - Processing /home/airflow/.local/lib/python3.12/site-packages/airflow/example_dags/example_sensors.py took 0.180 seconds
[2024-04-17T23:59:43.017+0000] {processor.py:161} INFO - Started process (PID=286) to work on /home/airflow/.local/lib/python3.12/site-packages/airflow/example_dags/example_sensors.py
[2024-04-17T23:59:43.019+0000] {processor.py:830} INFO - Processing file /home/airflow/.local/lib/python3.12/site-packages/airflow/example_dags/example_sensors.py for tasks to queue
[2024-04-17T23:59:43.021+0000] {logging_mixin.py:188} INFO - [2024-04-17T23:59:43.021+0000] {dagbag.py:540} INFO - Filling up the DagBag from /home/airflow/.local/lib/python3.12/site-packages/airflow/example_dags/example_sensors.py
[2024-04-17T23:59:43.034+0000] {processor.py:840} INFO - DAG(s) 'example_sensors' retrieved from /home/airflow/.local/lib/python3.12/site-packages/airflow/example_dags/example_sensors.py
[2024-04-17T23:59:43.071+0000] {logging_mixin.py:188} INFO - [2024-04-17T23:59:43.070+0000] {dag.py:3096} INFO - Sync 1 DAGs
[2024-04-17T23:59:43.094+0000] {logging_mixin.py:188} INFO - [2024-04-17T23:59:43.094+0000] {dag.py:3954} INFO - Setting next_dagrun for example_sensors to None, run_after=None
[2024-04-17T23:59:43.126+0000] {processor.py:183} INFO - Processing /home/airflow/.local/lib/python3.12/site-packages/airflow/example_dags/example_sensors.py took 0.116 seconds
