[2024-04-17T21:04:07.782+0000] {processor.py:161} INFO - Started process (PID=49) to work on /home/airflow/.local/lib/python3.12/site-packages/airflow/example_dags/example_skip_dag.py
[2024-04-17T21:04:07.791+0000] {processor.py:830} INFO - Processing file /home/airflow/.local/lib/python3.12/site-packages/airflow/example_dags/example_skip_dag.py for tasks to queue
[2024-04-17T21:04:07.808+0000] {logging_mixin.py:188} INFO - [2024-04-17T21:04:07.807+0000] {dagbag.py:540} INFO - Filling up the DagBag from /home/airflow/.local/lib/python3.12/site-packages/airflow/example_dags/example_skip_dag.py
[2024-04-17T21:04:07.886+0000] {processor.py:840} INFO - DAG(s) 'example_skip_dag' retrieved from /home/airflow/.local/lib/python3.12/site-packages/airflow/example_dags/example_skip_dag.py
[2024-04-17T21:04:10.999+0000] {logging_mixin.py:188} INFO - [2024-04-17T21:04:10.999+0000] {dag.py:3096} INFO - Sync 1 DAGs
[2024-04-17T21:04:11.076+0000] {logging_mixin.py:188} INFO - [2024-04-17T21:04:11.076+0000] {dag.py:3954} INFO - Setting next_dagrun for example_skip_dag to 2024-04-16 00:00:00+00:00, run_after=2024-04-17 00:00:00+00:00
[2024-04-17T21:04:11.627+0000] {processor.py:183} INFO - Processing /home/airflow/.local/lib/python3.12/site-packages/airflow/example_dags/example_skip_dag.py took 3.866 seconds
[2024-04-17T21:05:03.817+0000] {processor.py:161} INFO - Started process (PID=107) to work on /home/airflow/.local/lib/python3.12/site-packages/airflow/example_dags/example_skip_dag.py
[2024-04-17T21:05:03.819+0000] {processor.py:830} INFO - Processing file /home/airflow/.local/lib/python3.12/site-packages/airflow/example_dags/example_skip_dag.py for tasks to queue
[2024-04-17T21:05:03.831+0000] {logging_mixin.py:188} INFO - [2024-04-17T21:05:03.830+0000] {dagbag.py:540} INFO - Filling up the DagBag from /home/airflow/.local/lib/python3.12/site-packages/airflow/example_dags/example_skip_dag.py
[2024-04-17T21:05:03.856+0000] {processor.py:840} INFO - DAG(s) 'example_skip_dag' retrieved from /home/airflow/.local/lib/python3.12/site-packages/airflow/example_dags/example_skip_dag.py
[2024-04-17T21:05:03.946+0000] {logging_mixin.py:188} INFO - [2024-04-17T21:05:03.946+0000] {dag.py:3096} INFO - Sync 1 DAGs
[2024-04-17T21:05:04.022+0000] {logging_mixin.py:188} INFO - [2024-04-17T21:05:04.021+0000] {dag.py:3954} INFO - Setting next_dagrun for example_skip_dag to 2024-04-16 00:00:00+00:00, run_after=2024-04-17 00:00:00+00:00
[2024-04-17T21:05:04.078+0000] {processor.py:183} INFO - Processing /home/airflow/.local/lib/python3.12/site-packages/airflow/example_dags/example_skip_dag.py took 0.283 seconds
[2024-04-17T21:05:34.551+0000] {processor.py:161} INFO - Started process (PID=163) to work on /home/airflow/.local/lib/python3.12/site-packages/airflow/example_dags/example_skip_dag.py
[2024-04-17T21:05:34.610+0000] {processor.py:830} INFO - Processing file /home/airflow/.local/lib/python3.12/site-packages/airflow/example_dags/example_skip_dag.py for tasks to queue
[2024-04-17T21:05:34.613+0000] {logging_mixin.py:188} INFO - [2024-04-17T21:05:34.612+0000] {dagbag.py:540} INFO - Filling up the DagBag from /home/airflow/.local/lib/python3.12/site-packages/airflow/example_dags/example_skip_dag.py
[2024-04-17T21:05:34.633+0000] {processor.py:840} INFO - DAG(s) 'example_skip_dag' retrieved from /home/airflow/.local/lib/python3.12/site-packages/airflow/example_dags/example_skip_dag.py
[2024-04-17T21:05:34.692+0000] {logging_mixin.py:188} INFO - [2024-04-17T21:05:34.687+0000] {dag.py:3096} INFO - Sync 1 DAGs
[2024-04-17T21:05:34.786+0000] {logging_mixin.py:188} INFO - [2024-04-17T21:05:34.785+0000] {dag.py:3954} INFO - Setting next_dagrun for example_skip_dag to 2024-04-16 00:00:00+00:00, run_after=2024-04-17 00:00:00+00:00
[2024-04-17T21:05:35.125+0000] {processor.py:183} INFO - Processing /home/airflow/.local/lib/python3.12/site-packages/airflow/example_dags/example_skip_dag.py took 0.582 seconds
[2024-04-17T21:06:07.275+0000] {processor.py:161} INFO - Started process (PID=219) to work on /home/airflow/.local/lib/python3.12/site-packages/airflow/example_dags/example_skip_dag.py
[2024-04-17T21:06:07.348+0000] {processor.py:830} INFO - Processing file /home/airflow/.local/lib/python3.12/site-packages/airflow/example_dags/example_skip_dag.py for tasks to queue
[2024-04-17T21:06:07.351+0000] {logging_mixin.py:188} INFO - [2024-04-17T21:06:07.350+0000] {dagbag.py:540} INFO - Filling up the DagBag from /home/airflow/.local/lib/python3.12/site-packages/airflow/example_dags/example_skip_dag.py
[2024-04-17T21:06:07.364+0000] {processor.py:840} INFO - DAG(s) 'example_skip_dag' retrieved from /home/airflow/.local/lib/python3.12/site-packages/airflow/example_dags/example_skip_dag.py
[2024-04-17T21:06:07.404+0000] {logging_mixin.py:188} INFO - [2024-04-17T21:06:07.403+0000] {dag.py:3096} INFO - Sync 1 DAGs
[2024-04-17T21:06:07.487+0000] {logging_mixin.py:188} INFO - [2024-04-17T21:06:07.485+0000] {dag.py:3954} INFO - Setting next_dagrun for example_skip_dag to 2024-04-16 00:00:00+00:00, run_after=2024-04-17 00:00:00+00:00
[2024-04-17T21:06:07.924+0000] {processor.py:183} INFO - Processing /home/airflow/.local/lib/python3.12/site-packages/airflow/example_dags/example_skip_dag.py took 0.661 seconds
[2024-04-17T21:06:38.773+0000] {processor.py:161} INFO - Started process (PID=279) to work on /home/airflow/.local/lib/python3.12/site-packages/airflow/example_dags/example_skip_dag.py
[2024-04-17T21:06:38.789+0000] {processor.py:830} INFO - Processing file /home/airflow/.local/lib/python3.12/site-packages/airflow/example_dags/example_skip_dag.py for tasks to queue
[2024-04-17T21:06:38.795+0000] {logging_mixin.py:188} INFO - [2024-04-17T21:06:38.794+0000] {dagbag.py:540} INFO - Filling up the DagBag from /home/airflow/.local/lib/python3.12/site-packages/airflow/example_dags/example_skip_dag.py
[2024-04-17T21:06:38.847+0000] {processor.py:840} INFO - DAG(s) 'example_skip_dag' retrieved from /home/airflow/.local/lib/python3.12/site-packages/airflow/example_dags/example_skip_dag.py
[2024-04-17T21:06:39.017+0000] {logging_mixin.py:188} INFO - [2024-04-17T21:06:39.016+0000] {dag.py:3096} INFO - Sync 1 DAGs
[2024-04-17T21:06:39.187+0000] {logging_mixin.py:188} INFO - [2024-04-17T21:06:39.182+0000] {dag.py:3954} INFO - Setting next_dagrun for example_skip_dag to 2024-04-16 00:00:00+00:00, run_after=2024-04-17 00:00:00+00:00
[2024-04-17T21:06:39.326+0000] {processor.py:183} INFO - Processing /home/airflow/.local/lib/python3.12/site-packages/airflow/example_dags/example_skip_dag.py took 0.587 seconds
[2024-04-17T21:07:11.480+0000] {processor.py:161} INFO - Started process (PID=337) to work on /home/airflow/.local/lib/python3.12/site-packages/airflow/example_dags/example_skip_dag.py
[2024-04-17T21:07:11.522+0000] {processor.py:830} INFO - Processing file /home/airflow/.local/lib/python3.12/site-packages/airflow/example_dags/example_skip_dag.py for tasks to queue
[2024-04-17T21:07:11.544+0000] {logging_mixin.py:188} INFO - [2024-04-17T21:07:11.543+0000] {dagbag.py:540} INFO - Filling up the DagBag from /home/airflow/.local/lib/python3.12/site-packages/airflow/example_dags/example_skip_dag.py
[2024-04-17T21:07:11.616+0000] {processor.py:840} INFO - DAG(s) 'example_skip_dag' retrieved from /home/airflow/.local/lib/python3.12/site-packages/airflow/example_dags/example_skip_dag.py
[2024-04-17T21:07:11.713+0000] {logging_mixin.py:188} INFO - [2024-04-17T21:07:11.712+0000] {dag.py:3096} INFO - Sync 1 DAGs
[2024-04-17T21:07:11.885+0000] {logging_mixin.py:188} INFO - [2024-04-17T21:07:11.885+0000] {dag.py:3954} INFO - Setting next_dagrun for example_skip_dag to 2024-04-16 00:00:00+00:00, run_after=2024-04-17 00:00:00+00:00
[2024-04-17T21:07:12.216+0000] {processor.py:183} INFO - Processing /home/airflow/.local/lib/python3.12/site-packages/airflow/example_dags/example_skip_dag.py took 0.764 seconds
[2024-04-17T21:07:42.633+0000] {processor.py:161} INFO - Started process (PID=395) to work on /home/airflow/.local/lib/python3.12/site-packages/airflow/example_dags/example_skip_dag.py
[2024-04-17T21:07:42.639+0000] {processor.py:830} INFO - Processing file /home/airflow/.local/lib/python3.12/site-packages/airflow/example_dags/example_skip_dag.py for tasks to queue
[2024-04-17T21:07:42.642+0000] {logging_mixin.py:188} INFO - [2024-04-17T21:07:42.642+0000] {dagbag.py:540} INFO - Filling up the DagBag from /home/airflow/.local/lib/python3.12/site-packages/airflow/example_dags/example_skip_dag.py
[2024-04-17T21:07:42.656+0000] {processor.py:840} INFO - DAG(s) 'example_skip_dag' retrieved from /home/airflow/.local/lib/python3.12/site-packages/airflow/example_dags/example_skip_dag.py
[2024-04-17T21:07:42.732+0000] {logging_mixin.py:188} INFO - [2024-04-17T21:07:42.731+0000] {dag.py:3096} INFO - Sync 1 DAGs
[2024-04-17T21:07:42.850+0000] {logging_mixin.py:188} INFO - [2024-04-17T21:07:42.849+0000] {dag.py:3954} INFO - Setting next_dagrun for example_skip_dag to 2024-04-16 00:00:00+00:00, run_after=2024-04-17 00:00:00+00:00
[2024-04-17T21:07:42.953+0000] {processor.py:183} INFO - Processing /home/airflow/.local/lib/python3.12/site-packages/airflow/example_dags/example_skip_dag.py took 0.331 seconds
[2024-04-17T21:08:13.098+0000] {processor.py:161} INFO - Started process (PID=453) to work on /home/airflow/.local/lib/python3.12/site-packages/airflow/example_dags/example_skip_dag.py
[2024-04-17T21:08:13.102+0000] {processor.py:830} INFO - Processing file /home/airflow/.local/lib/python3.12/site-packages/airflow/example_dags/example_skip_dag.py for tasks to queue
[2024-04-17T21:08:13.107+0000] {logging_mixin.py:188} INFO - [2024-04-17T21:08:13.107+0000] {dagbag.py:540} INFO - Filling up the DagBag from /home/airflow/.local/lib/python3.12/site-packages/airflow/example_dags/example_skip_dag.py
[2024-04-17T21:08:13.143+0000] {processor.py:840} INFO - DAG(s) 'example_skip_dag' retrieved from /home/airflow/.local/lib/python3.12/site-packages/airflow/example_dags/example_skip_dag.py
[2024-04-17T21:08:13.277+0000] {logging_mixin.py:188} INFO - [2024-04-17T21:08:13.277+0000] {dag.py:3096} INFO - Sync 1 DAGs
[2024-04-17T21:08:13.448+0000] {logging_mixin.py:188} INFO - [2024-04-17T21:08:13.448+0000] {dag.py:3954} INFO - Setting next_dagrun for example_skip_dag to 2024-04-16 00:00:00+00:00, run_after=2024-04-17 00:00:00+00:00
[2024-04-17T21:08:13.609+0000] {processor.py:183} INFO - Processing /home/airflow/.local/lib/python3.12/site-packages/airflow/example_dags/example_skip_dag.py took 0.544 seconds
[2024-04-17T21:08:44.214+0000] {processor.py:161} INFO - Started process (PID=511) to work on /home/airflow/.local/lib/python3.12/site-packages/airflow/example_dags/example_skip_dag.py
[2024-04-17T21:08:44.217+0000] {processor.py:830} INFO - Processing file /home/airflow/.local/lib/python3.12/site-packages/airflow/example_dags/example_skip_dag.py for tasks to queue
[2024-04-17T21:08:44.222+0000] {logging_mixin.py:188} INFO - [2024-04-17T21:08:44.221+0000] {dagbag.py:540} INFO - Filling up the DagBag from /home/airflow/.local/lib/python3.12/site-packages/airflow/example_dags/example_skip_dag.py
[2024-04-17T21:08:44.243+0000] {processor.py:840} INFO - DAG(s) 'example_skip_dag' retrieved from /home/airflow/.local/lib/python3.12/site-packages/airflow/example_dags/example_skip_dag.py
[2024-04-17T21:08:44.299+0000] {logging_mixin.py:188} INFO - [2024-04-17T21:08:44.298+0000] {dag.py:3096} INFO - Sync 1 DAGs
[2024-04-17T21:08:44.437+0000] {logging_mixin.py:188} INFO - [2024-04-17T21:08:44.436+0000] {dag.py:3954} INFO - Setting next_dagrun for example_skip_dag to 2024-04-16 00:00:00+00:00, run_after=2024-04-17 00:00:00+00:00
[2024-04-17T21:08:44.561+0000] {processor.py:183} INFO - Processing /home/airflow/.local/lib/python3.12/site-packages/airflow/example_dags/example_skip_dag.py took 0.366 seconds
[2024-04-17T21:09:15.482+0000] {processor.py:161} INFO - Started process (PID=569) to work on /home/airflow/.local/lib/python3.12/site-packages/airflow/example_dags/example_skip_dag.py
[2024-04-17T21:09:15.526+0000] {processor.py:830} INFO - Processing file /home/airflow/.local/lib/python3.12/site-packages/airflow/example_dags/example_skip_dag.py for tasks to queue
[2024-04-17T21:09:15.532+0000] {logging_mixin.py:188} INFO - [2024-04-17T21:09:15.531+0000] {dagbag.py:540} INFO - Filling up the DagBag from /home/airflow/.local/lib/python3.12/site-packages/airflow/example_dags/example_skip_dag.py
[2024-04-17T21:09:15.591+0000] {processor.py:840} INFO - DAG(s) 'example_skip_dag' retrieved from /home/airflow/.local/lib/python3.12/site-packages/airflow/example_dags/example_skip_dag.py
[2024-04-17T21:09:15.689+0000] {logging_mixin.py:188} INFO - [2024-04-17T21:09:15.689+0000] {dag.py:3096} INFO - Sync 1 DAGs
[2024-04-17T21:09:15.778+0000] {logging_mixin.py:188} INFO - [2024-04-17T21:09:15.777+0000] {dag.py:3954} INFO - Setting next_dagrun for example_skip_dag to 2024-04-16 00:00:00+00:00, run_after=2024-04-17 00:00:00+00:00
[2024-04-17T21:09:16.033+0000] {processor.py:183} INFO - Processing /home/airflow/.local/lib/python3.12/site-packages/airflow/example_dags/example_skip_dag.py took 0.570 seconds
[2024-04-17T21:09:47.074+0000] {processor.py:161} INFO - Started process (PID=627) to work on /home/airflow/.local/lib/python3.12/site-packages/airflow/example_dags/example_skip_dag.py
[2024-04-17T21:09:47.076+0000] {processor.py:830} INFO - Processing file /home/airflow/.local/lib/python3.12/site-packages/airflow/example_dags/example_skip_dag.py for tasks to queue
[2024-04-17T21:09:47.079+0000] {logging_mixin.py:188} INFO - [2024-04-17T21:09:47.078+0000] {dagbag.py:540} INFO - Filling up the DagBag from /home/airflow/.local/lib/python3.12/site-packages/airflow/example_dags/example_skip_dag.py
[2024-04-17T21:09:47.088+0000] {processor.py:840} INFO - DAG(s) 'example_skip_dag' retrieved from /home/airflow/.local/lib/python3.12/site-packages/airflow/example_dags/example_skip_dag.py
[2024-04-17T21:09:47.125+0000] {logging_mixin.py:188} INFO - [2024-04-17T21:09:47.124+0000] {dag.py:3096} INFO - Sync 1 DAGs
[2024-04-17T21:09:47.160+0000] {logging_mixin.py:188} INFO - [2024-04-17T21:09:47.160+0000] {dag.py:3954} INFO - Setting next_dagrun for example_skip_dag to 2024-04-16 00:00:00+00:00, run_after=2024-04-17 00:00:00+00:00
[2024-04-17T21:09:47.201+0000] {processor.py:183} INFO - Processing /home/airflow/.local/lib/python3.12/site-packages/airflow/example_dags/example_skip_dag.py took 0.135 seconds
[2024-04-17T21:10:17.424+0000] {processor.py:161} INFO - Started process (PID=685) to work on /home/airflow/.local/lib/python3.12/site-packages/airflow/example_dags/example_skip_dag.py
[2024-04-17T21:10:17.425+0000] {processor.py:830} INFO - Processing file /home/airflow/.local/lib/python3.12/site-packages/airflow/example_dags/example_skip_dag.py for tasks to queue
[2024-04-17T21:10:17.429+0000] {logging_mixin.py:188} INFO - [2024-04-17T21:10:17.428+0000] {dagbag.py:540} INFO - Filling up the DagBag from /home/airflow/.local/lib/python3.12/site-packages/airflow/example_dags/example_skip_dag.py
[2024-04-17T21:10:17.445+0000] {processor.py:840} INFO - DAG(s) 'example_skip_dag' retrieved from /home/airflow/.local/lib/python3.12/site-packages/airflow/example_dags/example_skip_dag.py
[2024-04-17T21:10:17.495+0000] {logging_mixin.py:188} INFO - [2024-04-17T21:10:17.495+0000] {dag.py:3096} INFO - Sync 1 DAGs
[2024-04-17T21:10:17.549+0000] {logging_mixin.py:188} INFO - [2024-04-17T21:10:17.549+0000] {dag.py:3954} INFO - Setting next_dagrun for example_skip_dag to 2024-04-16 00:00:00+00:00, run_after=2024-04-17 00:00:00+00:00
[2024-04-17T21:10:17.600+0000] {processor.py:183} INFO - Processing /home/airflow/.local/lib/python3.12/site-packages/airflow/example_dags/example_skip_dag.py took 0.189 seconds
[2024-04-17T21:10:47.809+0000] {processor.py:161} INFO - Started process (PID=744) to work on /home/airflow/.local/lib/python3.12/site-packages/airflow/example_dags/example_skip_dag.py
[2024-04-17T21:10:47.811+0000] {processor.py:830} INFO - Processing file /home/airflow/.local/lib/python3.12/site-packages/airflow/example_dags/example_skip_dag.py for tasks to queue
[2024-04-17T21:10:47.815+0000] {logging_mixin.py:188} INFO - [2024-04-17T21:10:47.814+0000] {dagbag.py:540} INFO - Filling up the DagBag from /home/airflow/.local/lib/python3.12/site-packages/airflow/example_dags/example_skip_dag.py
[2024-04-17T21:10:47.824+0000] {processor.py:840} INFO - DAG(s) 'example_skip_dag' retrieved from /home/airflow/.local/lib/python3.12/site-packages/airflow/example_dags/example_skip_dag.py
[2024-04-17T21:10:47.869+0000] {logging_mixin.py:188} INFO - [2024-04-17T21:10:47.869+0000] {dag.py:3096} INFO - Sync 1 DAGs
[2024-04-17T21:10:47.922+0000] {logging_mixin.py:188} INFO - [2024-04-17T21:10:47.922+0000] {dag.py:3954} INFO - Setting next_dagrun for example_skip_dag to 2024-04-16 00:00:00+00:00, run_after=2024-04-17 00:00:00+00:00
[2024-04-17T21:10:47.981+0000] {processor.py:183} INFO - Processing /home/airflow/.local/lib/python3.12/site-packages/airflow/example_dags/example_skip_dag.py took 0.185 seconds
[2024-04-17T21:11:18.820+0000] {processor.py:161} INFO - Started process (PID=802) to work on /home/airflow/.local/lib/python3.12/site-packages/airflow/example_dags/example_skip_dag.py
[2024-04-17T21:11:18.822+0000] {processor.py:830} INFO - Processing file /home/airflow/.local/lib/python3.12/site-packages/airflow/example_dags/example_skip_dag.py for tasks to queue
[2024-04-17T21:11:18.825+0000] {logging_mixin.py:188} INFO - [2024-04-17T21:11:18.824+0000] {dagbag.py:540} INFO - Filling up the DagBag from /home/airflow/.local/lib/python3.12/site-packages/airflow/example_dags/example_skip_dag.py
[2024-04-17T21:11:18.832+0000] {processor.py:840} INFO - DAG(s) 'example_skip_dag' retrieved from /home/airflow/.local/lib/python3.12/site-packages/airflow/example_dags/example_skip_dag.py
[2024-04-17T21:11:18.863+0000] {logging_mixin.py:188} INFO - [2024-04-17T21:11:18.862+0000] {dag.py:3096} INFO - Sync 1 DAGs
[2024-04-17T21:11:18.902+0000] {logging_mixin.py:188} INFO - [2024-04-17T21:11:18.901+0000] {dag.py:3954} INFO - Setting next_dagrun for example_skip_dag to 2024-04-16 00:00:00+00:00, run_after=2024-04-17 00:00:00+00:00
[2024-04-17T21:11:18.950+0000] {processor.py:183} INFO - Processing /home/airflow/.local/lib/python3.12/site-packages/airflow/example_dags/example_skip_dag.py took 0.137 seconds
[2024-04-17T21:11:49.568+0000] {processor.py:161} INFO - Started process (PID=860) to work on /home/airflow/.local/lib/python3.12/site-packages/airflow/example_dags/example_skip_dag.py
[2024-04-17T21:11:49.569+0000] {processor.py:830} INFO - Processing file /home/airflow/.local/lib/python3.12/site-packages/airflow/example_dags/example_skip_dag.py for tasks to queue
[2024-04-17T21:11:49.572+0000] {logging_mixin.py:188} INFO - [2024-04-17T21:11:49.571+0000] {dagbag.py:540} INFO - Filling up the DagBag from /home/airflow/.local/lib/python3.12/site-packages/airflow/example_dags/example_skip_dag.py
[2024-04-17T21:11:49.581+0000] {processor.py:840} INFO - DAG(s) 'example_skip_dag' retrieved from /home/airflow/.local/lib/python3.12/site-packages/airflow/example_dags/example_skip_dag.py
[2024-04-17T21:11:49.615+0000] {logging_mixin.py:188} INFO - [2024-04-17T21:11:49.614+0000] {dag.py:3096} INFO - Sync 1 DAGs
[2024-04-17T21:11:49.651+0000] {logging_mixin.py:188} INFO - [2024-04-17T21:11:49.650+0000] {dag.py:3954} INFO - Setting next_dagrun for example_skip_dag to 2024-04-16 00:00:00+00:00, run_after=2024-04-17 00:00:00+00:00
[2024-04-17T21:11:49.691+0000] {processor.py:183} INFO - Processing /home/airflow/.local/lib/python3.12/site-packages/airflow/example_dags/example_skip_dag.py took 0.130 seconds
[2024-04-17T21:12:20.108+0000] {processor.py:161} INFO - Started process (PID=918) to work on /home/airflow/.local/lib/python3.12/site-packages/airflow/example_dags/example_skip_dag.py
[2024-04-17T21:12:20.111+0000] {processor.py:830} INFO - Processing file /home/airflow/.local/lib/python3.12/site-packages/airflow/example_dags/example_skip_dag.py for tasks to queue
[2024-04-17T21:12:20.116+0000] {logging_mixin.py:188} INFO - [2024-04-17T21:12:20.115+0000] {dagbag.py:540} INFO - Filling up the DagBag from /home/airflow/.local/lib/python3.12/site-packages/airflow/example_dags/example_skip_dag.py
[2024-04-17T21:12:20.147+0000] {processor.py:840} INFO - DAG(s) 'example_skip_dag' retrieved from /home/airflow/.local/lib/python3.12/site-packages/airflow/example_dags/example_skip_dag.py
[2024-04-17T21:12:20.196+0000] {logging_mixin.py:188} INFO - [2024-04-17T21:12:20.196+0000] {dag.py:3096} INFO - Sync 1 DAGs
[2024-04-17T21:12:20.258+0000] {logging_mixin.py:188} INFO - [2024-04-17T21:12:20.258+0000] {dag.py:3954} INFO - Setting next_dagrun for example_skip_dag to 2024-04-16 00:00:00+00:00, run_after=2024-04-17 00:00:00+00:00
[2024-04-17T21:12:20.309+0000] {processor.py:183} INFO - Processing /home/airflow/.local/lib/python3.12/site-packages/airflow/example_dags/example_skip_dag.py took 0.219 seconds
[2024-04-17T21:12:51.011+0000] {processor.py:161} INFO - Started process (PID=976) to work on /home/airflow/.local/lib/python3.12/site-packages/airflow/example_dags/example_skip_dag.py
[2024-04-17T21:12:51.013+0000] {processor.py:830} INFO - Processing file /home/airflow/.local/lib/python3.12/site-packages/airflow/example_dags/example_skip_dag.py for tasks to queue
[2024-04-17T21:12:51.017+0000] {logging_mixin.py:188} INFO - [2024-04-17T21:12:51.016+0000] {dagbag.py:540} INFO - Filling up the DagBag from /home/airflow/.local/lib/python3.12/site-packages/airflow/example_dags/example_skip_dag.py
[2024-04-17T21:12:51.028+0000] {processor.py:840} INFO - DAG(s) 'example_skip_dag' retrieved from /home/airflow/.local/lib/python3.12/site-packages/airflow/example_dags/example_skip_dag.py
[2024-04-17T21:12:51.074+0000] {logging_mixin.py:188} INFO - [2024-04-17T21:12:51.073+0000] {dag.py:3096} INFO - Sync 1 DAGs
[2024-04-17T21:12:51.118+0000] {logging_mixin.py:188} INFO - [2024-04-17T21:12:51.117+0000] {dag.py:3954} INFO - Setting next_dagrun for example_skip_dag to 2024-04-16 00:00:00+00:00, run_after=2024-04-17 00:00:00+00:00
[2024-04-17T21:12:51.161+0000] {processor.py:183} INFO - Processing /home/airflow/.local/lib/python3.12/site-packages/airflow/example_dags/example_skip_dag.py took 0.161 seconds
[2024-04-17T21:13:21.690+0000] {processor.py:161} INFO - Started process (PID=1034) to work on /home/airflow/.local/lib/python3.12/site-packages/airflow/example_dags/example_skip_dag.py
[2024-04-17T21:13:21.692+0000] {processor.py:830} INFO - Processing file /home/airflow/.local/lib/python3.12/site-packages/airflow/example_dags/example_skip_dag.py for tasks to queue
[2024-04-17T21:13:21.695+0000] {logging_mixin.py:188} INFO - [2024-04-17T21:13:21.694+0000] {dagbag.py:540} INFO - Filling up the DagBag from /home/airflow/.local/lib/python3.12/site-packages/airflow/example_dags/example_skip_dag.py
[2024-04-17T21:13:21.709+0000] {processor.py:840} INFO - DAG(s) 'example_skip_dag' retrieved from /home/airflow/.local/lib/python3.12/site-packages/airflow/example_dags/example_skip_dag.py
[2024-04-17T21:13:21.758+0000] {logging_mixin.py:188} INFO - [2024-04-17T21:13:21.757+0000] {dag.py:3096} INFO - Sync 1 DAGs
[2024-04-17T21:13:21.833+0000] {logging_mixin.py:188} INFO - [2024-04-17T21:13:21.833+0000] {dag.py:3954} INFO - Setting next_dagrun for example_skip_dag to 2024-04-16 00:00:00+00:00, run_after=2024-04-17 00:00:00+00:00
[2024-04-17T21:13:21.900+0000] {processor.py:183} INFO - Processing /home/airflow/.local/lib/python3.12/site-packages/airflow/example_dags/example_skip_dag.py took 0.221 seconds
[2024-04-17T21:14:53.061+0000] {processor.py:161} INFO - Started process (PID=31) to work on /home/airflow/.local/lib/python3.12/site-packages/airflow/example_dags/example_skip_dag.py
[2024-04-17T21:14:53.063+0000] {processor.py:830} INFO - Processing file /home/airflow/.local/lib/python3.12/site-packages/airflow/example_dags/example_skip_dag.py for tasks to queue
[2024-04-17T21:14:53.068+0000] {logging_mixin.py:188} INFO - [2024-04-17T21:14:53.068+0000] {dagbag.py:540} INFO - Filling up the DagBag from /home/airflow/.local/lib/python3.12/site-packages/airflow/example_dags/example_skip_dag.py
[2024-04-17T21:14:53.118+0000] {processor.py:840} INFO - DAG(s) 'example_skip_dag' retrieved from /home/airflow/.local/lib/python3.12/site-packages/airflow/example_dags/example_skip_dag.py
[2024-04-17T21:14:53.592+0000] {logging_mixin.py:188} INFO - [2024-04-17T21:14:53.592+0000] {dag.py:3096} INFO - Sync 1 DAGs
[2024-04-17T21:14:53.684+0000] {logging_mixin.py:188} INFO - [2024-04-17T21:14:53.683+0000] {dag.py:3954} INFO - Setting next_dagrun for example_skip_dag to 2024-04-16 00:00:00+00:00, run_after=2024-04-17 00:00:00+00:00
[2024-04-17T21:14:53.768+0000] {processor.py:183} INFO - Processing /home/airflow/.local/lib/python3.12/site-packages/airflow/example_dags/example_skip_dag.py took 0.727 seconds
[2024-04-17T21:15:23.914+0000] {processor.py:161} INFO - Started process (PID=96) to work on /home/airflow/.local/lib/python3.12/site-packages/airflow/example_dags/example_skip_dag.py
[2024-04-17T21:15:23.916+0000] {processor.py:830} INFO - Processing file /home/airflow/.local/lib/python3.12/site-packages/airflow/example_dags/example_skip_dag.py for tasks to queue
[2024-04-17T21:15:23.923+0000] {logging_mixin.py:188} INFO - [2024-04-17T21:15:23.922+0000] {dagbag.py:540} INFO - Filling up the DagBag from /home/airflow/.local/lib/python3.12/site-packages/airflow/example_dags/example_skip_dag.py
[2024-04-17T21:15:23.948+0000] {processor.py:840} INFO - DAG(s) 'example_skip_dag' retrieved from /home/airflow/.local/lib/python3.12/site-packages/airflow/example_dags/example_skip_dag.py
[2024-04-17T21:15:24.056+0000] {logging_mixin.py:188} INFO - [2024-04-17T21:15:24.055+0000] {dag.py:3096} INFO - Sync 1 DAGs
[2024-04-17T21:15:24.193+0000] {logging_mixin.py:188} INFO - [2024-04-17T21:15:24.193+0000] {dag.py:3954} INFO - Setting next_dagrun for example_skip_dag to 2024-04-16 00:00:00+00:00, run_after=2024-04-17 00:00:00+00:00
[2024-04-17T21:15:24.690+0000] {processor.py:183} INFO - Processing /home/airflow/.local/lib/python3.12/site-packages/airflow/example_dags/example_skip_dag.py took 0.800 seconds
[2024-04-17T21:15:55.005+0000] {processor.py:161} INFO - Started process (PID=154) to work on /home/airflow/.local/lib/python3.12/site-packages/airflow/example_dags/example_skip_dag.py
[2024-04-17T21:15:55.007+0000] {processor.py:830} INFO - Processing file /home/airflow/.local/lib/python3.12/site-packages/airflow/example_dags/example_skip_dag.py for tasks to queue
[2024-04-17T21:15:55.011+0000] {logging_mixin.py:188} INFO - [2024-04-17T21:15:55.010+0000] {dagbag.py:540} INFO - Filling up the DagBag from /home/airflow/.local/lib/python3.12/site-packages/airflow/example_dags/example_skip_dag.py
[2024-04-17T21:15:55.021+0000] {processor.py:840} INFO - DAG(s) 'example_skip_dag' retrieved from /home/airflow/.local/lib/python3.12/site-packages/airflow/example_dags/example_skip_dag.py
[2024-04-17T21:15:55.054+0000] {logging_mixin.py:188} INFO - [2024-04-17T21:15:55.053+0000] {dag.py:3096} INFO - Sync 1 DAGs
[2024-04-17T21:15:55.095+0000] {logging_mixin.py:188} INFO - [2024-04-17T21:15:55.094+0000] {dag.py:3954} INFO - Setting next_dagrun for example_skip_dag to 2024-04-16 00:00:00+00:00, run_after=2024-04-17 00:00:00+00:00
[2024-04-17T21:15:55.517+0000] {processor.py:183} INFO - Processing /home/airflow/.local/lib/python3.12/site-packages/airflow/example_dags/example_skip_dag.py took 0.524 seconds
[2024-04-17T21:16:25.684+0000] {processor.py:161} INFO - Started process (PID=212) to work on /home/airflow/.local/lib/python3.12/site-packages/airflow/example_dags/example_skip_dag.py
[2024-04-17T21:16:25.685+0000] {processor.py:830} INFO - Processing file /home/airflow/.local/lib/python3.12/site-packages/airflow/example_dags/example_skip_dag.py for tasks to queue
[2024-04-17T21:16:25.688+0000] {logging_mixin.py:188} INFO - [2024-04-17T21:16:25.687+0000] {dagbag.py:540} INFO - Filling up the DagBag from /home/airflow/.local/lib/python3.12/site-packages/airflow/example_dags/example_skip_dag.py
[2024-04-17T21:16:25.697+0000] {processor.py:840} INFO - DAG(s) 'example_skip_dag' retrieved from /home/airflow/.local/lib/python3.12/site-packages/airflow/example_dags/example_skip_dag.py
[2024-04-17T21:16:25.728+0000] {logging_mixin.py:188} INFO - [2024-04-17T21:16:25.728+0000] {dag.py:3096} INFO - Sync 1 DAGs
[2024-04-17T21:16:25.764+0000] {logging_mixin.py:188} INFO - [2024-04-17T21:16:25.763+0000] {dag.py:3954} INFO - Setting next_dagrun for example_skip_dag to 2024-04-16 00:00:00+00:00, run_after=2024-04-17 00:00:00+00:00
[2024-04-17T21:16:25.799+0000] {processor.py:183} INFO - Processing /home/airflow/.local/lib/python3.12/site-packages/airflow/example_dags/example_skip_dag.py took 0.123 seconds
[2024-04-17T21:16:56.057+0000] {processor.py:161} INFO - Started process (PID=270) to work on /home/airflow/.local/lib/python3.12/site-packages/airflow/example_dags/example_skip_dag.py
[2024-04-17T21:16:56.059+0000] {processor.py:830} INFO - Processing file /home/airflow/.local/lib/python3.12/site-packages/airflow/example_dags/example_skip_dag.py for tasks to queue
[2024-04-17T21:16:56.064+0000] {logging_mixin.py:188} INFO - [2024-04-17T21:16:56.063+0000] {dagbag.py:540} INFO - Filling up the DagBag from /home/airflow/.local/lib/python3.12/site-packages/airflow/example_dags/example_skip_dag.py
[2024-04-17T21:16:56.080+0000] {processor.py:840} INFO - DAG(s) 'example_skip_dag' retrieved from /home/airflow/.local/lib/python3.12/site-packages/airflow/example_dags/example_skip_dag.py
[2024-04-17T21:16:56.126+0000] {logging_mixin.py:188} INFO - [2024-04-17T21:16:56.126+0000] {dag.py:3096} INFO - Sync 1 DAGs
[2024-04-17T21:16:56.191+0000] {logging_mixin.py:188} INFO - [2024-04-17T21:16:56.190+0000] {dag.py:3954} INFO - Setting next_dagrun for example_skip_dag to 2024-04-16 00:00:00+00:00, run_after=2024-04-17 00:00:00+00:00
[2024-04-17T21:16:56.240+0000] {processor.py:183} INFO - Processing /home/airflow/.local/lib/python3.12/site-packages/airflow/example_dags/example_skip_dag.py took 0.196 seconds
[2024-04-17T21:17:26.715+0000] {processor.py:161} INFO - Started process (PID=328) to work on /home/airflow/.local/lib/python3.12/site-packages/airflow/example_dags/example_skip_dag.py
[2024-04-17T21:17:26.717+0000] {processor.py:830} INFO - Processing file /home/airflow/.local/lib/python3.12/site-packages/airflow/example_dags/example_skip_dag.py for tasks to queue
[2024-04-17T21:17:26.720+0000] {logging_mixin.py:188} INFO - [2024-04-17T21:17:26.720+0000] {dagbag.py:540} INFO - Filling up the DagBag from /home/airflow/.local/lib/python3.12/site-packages/airflow/example_dags/example_skip_dag.py
[2024-04-17T21:17:26.732+0000] {processor.py:840} INFO - DAG(s) 'example_skip_dag' retrieved from /home/airflow/.local/lib/python3.12/site-packages/airflow/example_dags/example_skip_dag.py
[2024-04-17T21:17:26.782+0000] {logging_mixin.py:188} INFO - [2024-04-17T21:17:26.782+0000] {dag.py:3096} INFO - Sync 1 DAGs
[2024-04-17T21:17:26.834+0000] {logging_mixin.py:188} INFO - [2024-04-17T21:17:26.834+0000] {dag.py:3954} INFO - Setting next_dagrun for example_skip_dag to 2024-04-16 00:00:00+00:00, run_after=2024-04-17 00:00:00+00:00
[2024-04-17T21:17:26.882+0000] {processor.py:183} INFO - Processing /home/airflow/.local/lib/python3.12/site-packages/airflow/example_dags/example_skip_dag.py took 0.183 seconds
[2024-04-17T21:17:57.530+0000] {processor.py:161} INFO - Started process (PID=386) to work on /home/airflow/.local/lib/python3.12/site-packages/airflow/example_dags/example_skip_dag.py
[2024-04-17T21:17:57.532+0000] {processor.py:830} INFO - Processing file /home/airflow/.local/lib/python3.12/site-packages/airflow/example_dags/example_skip_dag.py for tasks to queue
[2024-04-17T21:17:57.535+0000] {logging_mixin.py:188} INFO - [2024-04-17T21:17:57.535+0000] {dagbag.py:540} INFO - Filling up the DagBag from /home/airflow/.local/lib/python3.12/site-packages/airflow/example_dags/example_skip_dag.py
[2024-04-17T21:17:57.546+0000] {processor.py:840} INFO - DAG(s) 'example_skip_dag' retrieved from /home/airflow/.local/lib/python3.12/site-packages/airflow/example_dags/example_skip_dag.py
[2024-04-17T21:17:57.586+0000] {logging_mixin.py:188} INFO - [2024-04-17T21:17:57.585+0000] {dag.py:3096} INFO - Sync 1 DAGs
[2024-04-17T21:17:57.646+0000] {logging_mixin.py:188} INFO - [2024-04-17T21:17:57.645+0000] {dag.py:3954} INFO - Setting next_dagrun for example_skip_dag to 2024-04-16 00:00:00+00:00, run_after=2024-04-17 00:00:00+00:00
[2024-04-17T21:17:57.697+0000] {processor.py:183} INFO - Processing /home/airflow/.local/lib/python3.12/site-packages/airflow/example_dags/example_skip_dag.py took 0.177 seconds
[2024-04-17T21:18:27.757+0000] {processor.py:161} INFO - Started process (PID=444) to work on /home/airflow/.local/lib/python3.12/site-packages/airflow/example_dags/example_skip_dag.py
[2024-04-17T21:18:27.759+0000] {processor.py:830} INFO - Processing file /home/airflow/.local/lib/python3.12/site-packages/airflow/example_dags/example_skip_dag.py for tasks to queue
[2024-04-17T21:18:27.761+0000] {logging_mixin.py:188} INFO - [2024-04-17T21:18:27.761+0000] {dagbag.py:540} INFO - Filling up the DagBag from /home/airflow/.local/lib/python3.12/site-packages/airflow/example_dags/example_skip_dag.py
[2024-04-17T21:18:27.774+0000] {processor.py:840} INFO - DAG(s) 'example_skip_dag' retrieved from /home/airflow/.local/lib/python3.12/site-packages/airflow/example_dags/example_skip_dag.py
[2024-04-17T21:18:27.820+0000] {logging_mixin.py:188} INFO - [2024-04-17T21:18:27.819+0000] {dag.py:3096} INFO - Sync 1 DAGs
[2024-04-17T21:18:27.861+0000] {logging_mixin.py:188} INFO - [2024-04-17T21:18:27.860+0000] {dag.py:3954} INFO - Setting next_dagrun for example_skip_dag to 2024-04-16 00:00:00+00:00, run_after=2024-04-17 00:00:00+00:00
[2024-04-17T21:18:27.933+0000] {processor.py:183} INFO - Processing /home/airflow/.local/lib/python3.12/site-packages/airflow/example_dags/example_skip_dag.py took 0.183 seconds
[2024-04-17T21:18:58.492+0000] {processor.py:161} INFO - Started process (PID=502) to work on /home/airflow/.local/lib/python3.12/site-packages/airflow/example_dags/example_skip_dag.py
[2024-04-17T21:18:58.493+0000] {processor.py:830} INFO - Processing file /home/airflow/.local/lib/python3.12/site-packages/airflow/example_dags/example_skip_dag.py for tasks to queue
[2024-04-17T21:18:58.498+0000] {logging_mixin.py:188} INFO - [2024-04-17T21:18:58.497+0000] {dagbag.py:540} INFO - Filling up the DagBag from /home/airflow/.local/lib/python3.12/site-packages/airflow/example_dags/example_skip_dag.py
[2024-04-17T21:18:58.509+0000] {processor.py:840} INFO - DAG(s) 'example_skip_dag' retrieved from /home/airflow/.local/lib/python3.12/site-packages/airflow/example_dags/example_skip_dag.py
[2024-04-17T21:18:58.545+0000] {logging_mixin.py:188} INFO - [2024-04-17T21:18:58.545+0000] {dag.py:3096} INFO - Sync 1 DAGs
[2024-04-17T21:18:58.592+0000] {logging_mixin.py:188} INFO - [2024-04-17T21:18:58.592+0000] {dag.py:3954} INFO - Setting next_dagrun for example_skip_dag to 2024-04-16 00:00:00+00:00, run_after=2024-04-17 00:00:00+00:00
[2024-04-17T21:18:58.633+0000] {processor.py:183} INFO - Processing /home/airflow/.local/lib/python3.12/site-packages/airflow/example_dags/example_skip_dag.py took 0.150 seconds
[2024-04-17T21:19:28.812+0000] {processor.py:161} INFO - Started process (PID=560) to work on /home/airflow/.local/lib/python3.12/site-packages/airflow/example_dags/example_skip_dag.py
[2024-04-17T21:19:28.814+0000] {processor.py:830} INFO - Processing file /home/airflow/.local/lib/python3.12/site-packages/airflow/example_dags/example_skip_dag.py for tasks to queue
[2024-04-17T21:19:28.818+0000] {logging_mixin.py:188} INFO - [2024-04-17T21:19:28.818+0000] {dagbag.py:540} INFO - Filling up the DagBag from /home/airflow/.local/lib/python3.12/site-packages/airflow/example_dags/example_skip_dag.py
[2024-04-17T21:19:28.828+0000] {processor.py:840} INFO - DAG(s) 'example_skip_dag' retrieved from /home/airflow/.local/lib/python3.12/site-packages/airflow/example_dags/example_skip_dag.py
[2024-04-17T21:19:28.864+0000] {logging_mixin.py:188} INFO - [2024-04-17T21:19:28.864+0000] {dag.py:3096} INFO - Sync 1 DAGs
[2024-04-17T21:19:28.914+0000] {logging_mixin.py:188} INFO - [2024-04-17T21:19:28.913+0000] {dag.py:3954} INFO - Setting next_dagrun for example_skip_dag to 2024-04-16 00:00:00+00:00, run_after=2024-04-17 00:00:00+00:00
[2024-04-17T21:19:28.958+0000] {processor.py:183} INFO - Processing /home/airflow/.local/lib/python3.12/site-packages/airflow/example_dags/example_skip_dag.py took 0.152 seconds
[2024-04-17T23:57:37.600+0000] {processor.py:161} INFO - Started process (PID=36) to work on /home/airflow/.local/lib/python3.12/site-packages/airflow/example_dags/example_skip_dag.py
[2024-04-17T23:57:37.602+0000] {processor.py:830} INFO - Processing file /home/airflow/.local/lib/python3.12/site-packages/airflow/example_dags/example_skip_dag.py for tasks to queue
[2024-04-17T23:57:37.605+0000] {logging_mixin.py:188} INFO - [2024-04-17T23:57:37.604+0000] {dagbag.py:540} INFO - Filling up the DagBag from /home/airflow/.local/lib/python3.12/site-packages/airflow/example_dags/example_skip_dag.py
[2024-04-17T23:57:37.627+0000] {processor.py:840} INFO - DAG(s) 'example_skip_dag' retrieved from /home/airflow/.local/lib/python3.12/site-packages/airflow/example_dags/example_skip_dag.py
[2024-04-17T23:57:37.701+0000] {logging_mixin.py:188} INFO - [2024-04-17T23:57:37.701+0000] {dag.py:3096} INFO - Sync 1 DAGs
[2024-04-17T23:57:37.737+0000] {logging_mixin.py:188} INFO - [2024-04-17T23:57:37.737+0000] {dag.py:3954} INFO - Setting next_dagrun for example_skip_dag to 2024-04-16 00:00:00+00:00, run_after=2024-04-17 00:00:00+00:00
[2024-04-17T23:57:37.777+0000] {processor.py:183} INFO - Processing /home/airflow/.local/lib/python3.12/site-packages/airflow/example_dags/example_skip_dag.py took 0.185 seconds
[2024-04-17T23:58:08.164+0000] {processor.py:161} INFO - Started process (PID=94) to work on /home/airflow/.local/lib/python3.12/site-packages/airflow/example_dags/example_skip_dag.py
[2024-04-17T23:58:08.166+0000] {processor.py:830} INFO - Processing file /home/airflow/.local/lib/python3.12/site-packages/airflow/example_dags/example_skip_dag.py for tasks to queue
[2024-04-17T23:58:08.170+0000] {logging_mixin.py:188} INFO - [2024-04-17T23:58:08.169+0000] {dagbag.py:540} INFO - Filling up the DagBag from /home/airflow/.local/lib/python3.12/site-packages/airflow/example_dags/example_skip_dag.py
[2024-04-17T23:58:08.177+0000] {processor.py:840} INFO - DAG(s) 'example_skip_dag' retrieved from /home/airflow/.local/lib/python3.12/site-packages/airflow/example_dags/example_skip_dag.py
[2024-04-17T23:58:08.203+0000] {logging_mixin.py:188} INFO - [2024-04-17T23:58:08.202+0000] {dag.py:3096} INFO - Sync 1 DAGs
[2024-04-17T23:58:08.231+0000] {logging_mixin.py:188} INFO - [2024-04-17T23:58:08.231+0000] {dag.py:3954} INFO - Setting next_dagrun for example_skip_dag to 2024-04-16 00:00:00+00:00, run_after=2024-04-17 00:00:00+00:00
[2024-04-17T23:58:08.260+0000] {processor.py:183} INFO - Processing /home/airflow/.local/lib/python3.12/site-packages/airflow/example_dags/example_skip_dag.py took 0.101 seconds
[2024-04-17T23:58:38.353+0000] {processor.py:161} INFO - Started process (PID=152) to work on /home/airflow/.local/lib/python3.12/site-packages/airflow/example_dags/example_skip_dag.py
[2024-04-17T23:58:38.354+0000] {processor.py:830} INFO - Processing file /home/airflow/.local/lib/python3.12/site-packages/airflow/example_dags/example_skip_dag.py for tasks to queue
[2024-04-17T23:58:38.362+0000] {logging_mixin.py:188} INFO - [2024-04-17T23:58:38.362+0000] {dagbag.py:540} INFO - Filling up the DagBag from /home/airflow/.local/lib/python3.12/site-packages/airflow/example_dags/example_skip_dag.py
[2024-04-17T23:58:38.387+0000] {processor.py:840} INFO - DAG(s) 'example_skip_dag' retrieved from /home/airflow/.local/lib/python3.12/site-packages/airflow/example_dags/example_skip_dag.py
[2024-04-17T23:58:38.440+0000] {logging_mixin.py:188} INFO - [2024-04-17T23:58:38.440+0000] {dag.py:3096} INFO - Sync 1 DAGs
[2024-04-17T23:58:38.484+0000] {logging_mixin.py:188} INFO - [2024-04-17T23:58:38.484+0000] {dag.py:3954} INFO - Setting next_dagrun for example_skip_dag to 2024-04-16 00:00:00+00:00, run_after=2024-04-17 00:00:00+00:00
[2024-04-17T23:58:38.536+0000] {processor.py:183} INFO - Processing /home/airflow/.local/lib/python3.12/site-packages/airflow/example_dags/example_skip_dag.py took 0.200 seconds
[2024-04-17T23:59:08.906+0000] {processor.py:161} INFO - Started process (PID=210) to work on /home/airflow/.local/lib/python3.12/site-packages/airflow/example_dags/example_skip_dag.py
[2024-04-17T23:59:08.907+0000] {processor.py:830} INFO - Processing file /home/airflow/.local/lib/python3.12/site-packages/airflow/example_dags/example_skip_dag.py for tasks to queue
[2024-04-17T23:59:08.909+0000] {logging_mixin.py:188} INFO - [2024-04-17T23:59:08.909+0000] {dagbag.py:540} INFO - Filling up the DagBag from /home/airflow/.local/lib/python3.12/site-packages/airflow/example_dags/example_skip_dag.py
[2024-04-17T23:59:08.917+0000] {processor.py:840} INFO - DAG(s) 'example_skip_dag' retrieved from /home/airflow/.local/lib/python3.12/site-packages/airflow/example_dags/example_skip_dag.py
[2024-04-17T23:59:08.943+0000] {logging_mixin.py:188} INFO - [2024-04-17T23:59:08.942+0000] {dag.py:3096} INFO - Sync 1 DAGs
[2024-04-17T23:59:08.975+0000] {logging_mixin.py:188} INFO - [2024-04-17T23:59:08.975+0000] {dag.py:3954} INFO - Setting next_dagrun for example_skip_dag to 2024-04-16 00:00:00+00:00, run_after=2024-04-17 00:00:00+00:00
[2024-04-17T23:59:09.008+0000] {processor.py:183} INFO - Processing /home/airflow/.local/lib/python3.12/site-packages/airflow/example_dags/example_skip_dag.py took 0.108 seconds
[2024-04-17T23:59:39.068+0000] {processor.py:161} INFO - Started process (PID=269) to work on /home/airflow/.local/lib/python3.12/site-packages/airflow/example_dags/example_skip_dag.py
[2024-04-17T23:59:39.069+0000] {processor.py:830} INFO - Processing file /home/airflow/.local/lib/python3.12/site-packages/airflow/example_dags/example_skip_dag.py for tasks to queue
[2024-04-17T23:59:39.071+0000] {logging_mixin.py:188} INFO - [2024-04-17T23:59:39.071+0000] {dagbag.py:540} INFO - Filling up the DagBag from /home/airflow/.local/lib/python3.12/site-packages/airflow/example_dags/example_skip_dag.py
[2024-04-17T23:59:39.078+0000] {processor.py:840} INFO - DAG(s) 'example_skip_dag' retrieved from /home/airflow/.local/lib/python3.12/site-packages/airflow/example_dags/example_skip_dag.py
[2024-04-17T23:59:39.103+0000] {logging_mixin.py:188} INFO - [2024-04-17T23:59:39.103+0000] {dag.py:3096} INFO - Sync 1 DAGs
[2024-04-17T23:59:39.137+0000] {logging_mixin.py:188} INFO - [2024-04-17T23:59:39.137+0000] {dag.py:3954} INFO - Setting next_dagrun for example_skip_dag to 2024-04-16 00:00:00+00:00, run_after=2024-04-17 00:00:00+00:00
[2024-04-17T23:59:39.166+0000] {processor.py:183} INFO - Processing /home/airflow/.local/lib/python3.12/site-packages/airflow/example_dags/example_skip_dag.py took 0.106 seconds
