[2024-04-17T21:04:25.818+0000] {processor.py:161} INFO - Started process (PID=59) to work on /home/airflow/.local/lib/python3.12/site-packages/airflow/example_dags/example_branch_python_dop_operator_3.py
[2024-04-17T21:04:25.820+0000] {processor.py:830} INFO - Processing file /home/airflow/.local/lib/python3.12/site-packages/airflow/example_dags/example_branch_python_dop_operator_3.py for tasks to queue
[2024-04-17T21:04:25.827+0000] {logging_mixin.py:188} INFO - [2024-04-17T21:04:25.826+0000] {dagbag.py:540} INFO - Filling up the DagBag from /home/airflow/.local/lib/python3.12/site-packages/airflow/example_dags/example_branch_python_dop_operator_3.py
[2024-04-17T21:04:25.875+0000] {processor.py:840} INFO - DAG(s) 'example_branch_dop_operator_v3' retrieved from /home/airflow/.local/lib/python3.12/site-packages/airflow/example_dags/example_branch_python_dop_operator_3.py
[2024-04-17T21:04:27.737+0000] {logging_mixin.py:188} INFO - [2024-04-17T21:04:27.737+0000] {dag.py:3096} INFO - Sync 1 DAGs
[2024-04-17T21:04:27.965+0000] {logging_mixin.py:188} INFO - [2024-04-17T21:04:27.964+0000] {dag.py:3954} INFO - Setting next_dagrun for example_branch_dop_operator_v3 to 2024-04-17 21:03:00+00:00, run_after=2024-04-17 21:04:00+00:00
[2024-04-17T21:04:28.074+0000] {processor.py:183} INFO - Processing /home/airflow/.local/lib/python3.12/site-packages/airflow/example_dags/example_branch_python_dop_operator_3.py took 2.558 seconds
[2024-04-17T21:05:07.709+0000] {processor.py:161} INFO - Started process (PID=123) to work on /home/airflow/.local/lib/python3.12/site-packages/airflow/example_dags/example_branch_python_dop_operator_3.py
[2024-04-17T21:05:07.713+0000] {processor.py:830} INFO - Processing file /home/airflow/.local/lib/python3.12/site-packages/airflow/example_dags/example_branch_python_dop_operator_3.py for tasks to queue
[2024-04-17T21:05:07.729+0000] {logging_mixin.py:188} INFO - [2024-04-17T21:05:07.728+0000] {dagbag.py:540} INFO - Filling up the DagBag from /home/airflow/.local/lib/python3.12/site-packages/airflow/example_dags/example_branch_python_dop_operator_3.py
[2024-04-17T21:05:07.797+0000] {processor.py:840} INFO - DAG(s) 'example_branch_dop_operator_v3' retrieved from /home/airflow/.local/lib/python3.12/site-packages/airflow/example_dags/example_branch_python_dop_operator_3.py
[2024-04-17T21:05:07.931+0000] {logging_mixin.py:188} INFO - [2024-04-17T21:05:07.924+0000] {dag.py:3096} INFO - Sync 1 DAGs
[2024-04-17T21:05:08.165+0000] {logging_mixin.py:188} INFO - [2024-04-17T21:05:08.154+0000] {dag.py:3954} INFO - Setting next_dagrun for example_branch_dop_operator_v3 to 2024-04-17 21:04:00+00:00, run_after=2024-04-17 21:05:00+00:00
[2024-04-17T21:05:08.323+0000] {processor.py:183} INFO - Processing /home/airflow/.local/lib/python3.12/site-packages/airflow/example_dags/example_branch_python_dop_operator_3.py took 0.656 seconds
[2024-04-17T21:05:38.783+0000] {processor.py:161} INFO - Started process (PID=179) to work on /home/airflow/.local/lib/python3.12/site-packages/airflow/example_dags/example_branch_python_dop_operator_3.py
[2024-04-17T21:05:38.786+0000] {processor.py:830} INFO - Processing file /home/airflow/.local/lib/python3.12/site-packages/airflow/example_dags/example_branch_python_dop_operator_3.py for tasks to queue
[2024-04-17T21:05:38.790+0000] {logging_mixin.py:188} INFO - [2024-04-17T21:05:38.789+0000] {dagbag.py:540} INFO - Filling up the DagBag from /home/airflow/.local/lib/python3.12/site-packages/airflow/example_dags/example_branch_python_dop_operator_3.py
[2024-04-17T21:05:38.826+0000] {processor.py:840} INFO - DAG(s) 'example_branch_dop_operator_v3' retrieved from /home/airflow/.local/lib/python3.12/site-packages/airflow/example_dags/example_branch_python_dop_operator_3.py
[2024-04-17T21:05:38.937+0000] {logging_mixin.py:188} INFO - [2024-04-17T21:05:38.936+0000] {dag.py:3096} INFO - Sync 1 DAGs
[2024-04-17T21:05:39.076+0000] {logging_mixin.py:188} INFO - [2024-04-17T21:05:39.075+0000] {dag.py:3954} INFO - Setting next_dagrun for example_branch_dop_operator_v3 to 2024-04-17 21:04:00+00:00, run_after=2024-04-17 21:05:00+00:00
[2024-04-17T21:05:39.177+0000] {processor.py:183} INFO - Processing /home/airflow/.local/lib/python3.12/site-packages/airflow/example_dags/example_branch_python_dop_operator_3.py took 0.411 seconds
[2024-04-17T21:06:10.594+0000] {processor.py:161} INFO - Started process (PID=237) to work on /home/airflow/.local/lib/python3.12/site-packages/airflow/example_dags/example_branch_python_dop_operator_3.py
[2024-04-17T21:06:10.681+0000] {processor.py:830} INFO - Processing file /home/airflow/.local/lib/python3.12/site-packages/airflow/example_dags/example_branch_python_dop_operator_3.py for tasks to queue
[2024-04-17T21:06:10.686+0000] {logging_mixin.py:188} INFO - [2024-04-17T21:06:10.685+0000] {dagbag.py:540} INFO - Filling up the DagBag from /home/airflow/.local/lib/python3.12/site-packages/airflow/example_dags/example_branch_python_dop_operator_3.py
[2024-04-17T21:06:10.723+0000] {processor.py:840} INFO - DAG(s) 'example_branch_dop_operator_v3' retrieved from /home/airflow/.local/lib/python3.12/site-packages/airflow/example_dags/example_branch_python_dop_operator_3.py
[2024-04-17T21:06:10.778+0000] {logging_mixin.py:188} INFO - [2024-04-17T21:06:10.778+0000] {dag.py:3096} INFO - Sync 1 DAGs
[2024-04-17T21:06:10.831+0000] {logging_mixin.py:188} INFO - [2024-04-17T21:06:10.831+0000] {dag.py:3954} INFO - Setting next_dagrun for example_branch_dop_operator_v3 to 2024-04-17 21:05:00+00:00, run_after=2024-04-17 21:06:00+00:00
[2024-04-17T21:06:11.128+0000] {processor.py:183} INFO - Processing /home/airflow/.local/lib/python3.12/site-packages/airflow/example_dags/example_branch_python_dop_operator_3.py took 0.547 seconds
[2024-04-17T21:06:44.301+0000] {processor.py:161} INFO - Started process (PID=295) to work on /home/airflow/.local/lib/python3.12/site-packages/airflow/example_dags/example_branch_python_dop_operator_3.py
[2024-04-17T21:06:44.305+0000] {processor.py:830} INFO - Processing file /home/airflow/.local/lib/python3.12/site-packages/airflow/example_dags/example_branch_python_dop_operator_3.py for tasks to queue
[2024-04-17T21:06:44.313+0000] {logging_mixin.py:188} INFO - [2024-04-17T21:06:44.312+0000] {dagbag.py:540} INFO - Filling up the DagBag from /home/airflow/.local/lib/python3.12/site-packages/airflow/example_dags/example_branch_python_dop_operator_3.py
[2024-04-17T21:06:44.392+0000] {processor.py:840} INFO - DAG(s) 'example_branch_dop_operator_v3' retrieved from /home/airflow/.local/lib/python3.12/site-packages/airflow/example_dags/example_branch_python_dop_operator_3.py
[2024-04-17T21:06:44.518+0000] {logging_mixin.py:188} INFO - [2024-04-17T21:06:44.518+0000] {dag.py:3096} INFO - Sync 1 DAGs
[2024-04-17T21:06:44.697+0000] {logging_mixin.py:188} INFO - [2024-04-17T21:06:44.696+0000] {dag.py:3954} INFO - Setting next_dagrun for example_branch_dop_operator_v3 to 2024-04-17 21:05:00+00:00, run_after=2024-04-17 21:06:00+00:00
[2024-04-17T21:06:44.855+0000] {processor.py:183} INFO - Processing /home/airflow/.local/lib/python3.12/site-packages/airflow/example_dags/example_branch_python_dop_operator_3.py took 0.579 seconds
[2024-04-17T21:07:21.111+0000] {processor.py:161} INFO - Started process (PID=351) to work on /home/airflow/.local/lib/python3.12/site-packages/airflow/example_dags/example_branch_python_dop_operator_3.py
[2024-04-17T21:07:21.128+0000] {processor.py:830} INFO - Processing file /home/airflow/.local/lib/python3.12/site-packages/airflow/example_dags/example_branch_python_dop_operator_3.py for tasks to queue
[2024-04-17T21:07:21.156+0000] {logging_mixin.py:188} INFO - [2024-04-17T21:07:21.155+0000] {dagbag.py:540} INFO - Filling up the DagBag from /home/airflow/.local/lib/python3.12/site-packages/airflow/example_dags/example_branch_python_dop_operator_3.py
[2024-04-17T21:07:21.214+0000] {processor.py:840} INFO - DAG(s) 'example_branch_dop_operator_v3' retrieved from /home/airflow/.local/lib/python3.12/site-packages/airflow/example_dags/example_branch_python_dop_operator_3.py
[2024-04-17T21:07:21.319+0000] {logging_mixin.py:188} INFO - [2024-04-17T21:07:21.319+0000] {dag.py:3096} INFO - Sync 1 DAGs
[2024-04-17T21:07:21.466+0000] {logging_mixin.py:188} INFO - [2024-04-17T21:07:21.466+0000] {dag.py:3954} INFO - Setting next_dagrun for example_branch_dop_operator_v3 to 2024-04-17 21:06:00+00:00, run_after=2024-04-17 21:07:00+00:00
[2024-04-17T21:07:21.798+0000] {processor.py:183} INFO - Processing /home/airflow/.local/lib/python3.12/site-packages/airflow/example_dags/example_branch_python_dop_operator_3.py took 0.715 seconds
[2024-04-17T21:07:52.503+0000] {processor.py:161} INFO - Started process (PID=409) to work on /home/airflow/.local/lib/python3.12/site-packages/airflow/example_dags/example_branch_python_dop_operator_3.py
[2024-04-17T21:07:52.510+0000] {processor.py:830} INFO - Processing file /home/airflow/.local/lib/python3.12/site-packages/airflow/example_dags/example_branch_python_dop_operator_3.py for tasks to queue
[2024-04-17T21:07:52.515+0000] {logging_mixin.py:188} INFO - [2024-04-17T21:07:52.514+0000] {dagbag.py:540} INFO - Filling up the DagBag from /home/airflow/.local/lib/python3.12/site-packages/airflow/example_dags/example_branch_python_dop_operator_3.py
[2024-04-17T21:07:52.556+0000] {processor.py:840} INFO - DAG(s) 'example_branch_dop_operator_v3' retrieved from /home/airflow/.local/lib/python3.12/site-packages/airflow/example_dags/example_branch_python_dop_operator_3.py
[2024-04-17T21:07:52.663+0000] {logging_mixin.py:188} INFO - [2024-04-17T21:07:52.662+0000] {dag.py:3096} INFO - Sync 1 DAGs
[2024-04-17T21:07:52.886+0000] {logging_mixin.py:188} INFO - [2024-04-17T21:07:52.885+0000] {dag.py:3954} INFO - Setting next_dagrun for example_branch_dop_operator_v3 to 2024-04-17 21:06:00+00:00, run_after=2024-04-17 21:07:00+00:00
[2024-04-17T21:07:53.024+0000] {processor.py:183} INFO - Processing /home/airflow/.local/lib/python3.12/site-packages/airflow/example_dags/example_branch_python_dop_operator_3.py took 0.536 seconds
[2024-04-17T21:08:23.279+0000] {processor.py:161} INFO - Started process (PID=467) to work on /home/airflow/.local/lib/python3.12/site-packages/airflow/example_dags/example_branch_python_dop_operator_3.py
[2024-04-17T21:08:23.282+0000] {processor.py:830} INFO - Processing file /home/airflow/.local/lib/python3.12/site-packages/airflow/example_dags/example_branch_python_dop_operator_3.py for tasks to queue
[2024-04-17T21:08:23.286+0000] {logging_mixin.py:188} INFO - [2024-04-17T21:08:23.285+0000] {dagbag.py:540} INFO - Filling up the DagBag from /home/airflow/.local/lib/python3.12/site-packages/airflow/example_dags/example_branch_python_dop_operator_3.py
[2024-04-17T21:08:23.325+0000] {processor.py:840} INFO - DAG(s) 'example_branch_dop_operator_v3' retrieved from /home/airflow/.local/lib/python3.12/site-packages/airflow/example_dags/example_branch_python_dop_operator_3.py
[2024-04-17T21:08:23.399+0000] {logging_mixin.py:188} INFO - [2024-04-17T21:08:23.398+0000] {dag.py:3096} INFO - Sync 1 DAGs
[2024-04-17T21:08:23.566+0000] {logging_mixin.py:188} INFO - [2024-04-17T21:08:23.566+0000] {dag.py:3954} INFO - Setting next_dagrun for example_branch_dop_operator_v3 to 2024-04-17 21:07:00+00:00, run_after=2024-04-17 21:08:00+00:00
[2024-04-17T21:08:23.680+0000] {processor.py:183} INFO - Processing /home/airflow/.local/lib/python3.12/site-packages/airflow/example_dags/example_branch_python_dop_operator_3.py took 0.422 seconds
[2024-04-17T21:08:54.289+0000] {processor.py:161} INFO - Started process (PID=525) to work on /home/airflow/.local/lib/python3.12/site-packages/airflow/example_dags/example_branch_python_dop_operator_3.py
[2024-04-17T21:08:54.292+0000] {processor.py:830} INFO - Processing file /home/airflow/.local/lib/python3.12/site-packages/airflow/example_dags/example_branch_python_dop_operator_3.py for tasks to queue
[2024-04-17T21:08:54.298+0000] {logging_mixin.py:188} INFO - [2024-04-17T21:08:54.296+0000] {dagbag.py:540} INFO - Filling up the DagBag from /home/airflow/.local/lib/python3.12/site-packages/airflow/example_dags/example_branch_python_dop_operator_3.py
[2024-04-17T21:08:54.329+0000] {processor.py:840} INFO - DAG(s) 'example_branch_dop_operator_v3' retrieved from /home/airflow/.local/lib/python3.12/site-packages/airflow/example_dags/example_branch_python_dop_operator_3.py
[2024-04-17T21:08:54.398+0000] {logging_mixin.py:188} INFO - [2024-04-17T21:08:54.397+0000] {dag.py:3096} INFO - Sync 1 DAGs
[2024-04-17T21:08:54.549+0000] {logging_mixin.py:188} INFO - [2024-04-17T21:08:54.548+0000] {dag.py:3954} INFO - Setting next_dagrun for example_branch_dop_operator_v3 to 2024-04-17 21:07:00+00:00, run_after=2024-04-17 21:08:00+00:00
[2024-04-17T21:08:54.884+0000] {processor.py:183} INFO - Processing /home/airflow/.local/lib/python3.12/site-packages/airflow/example_dags/example_branch_python_dop_operator_3.py took 0.617 seconds
[2024-04-17T21:09:25.344+0000] {processor.py:161} INFO - Started process (PID=583) to work on /home/airflow/.local/lib/python3.12/site-packages/airflow/example_dags/example_branch_python_dop_operator_3.py
[2024-04-17T21:09:25.423+0000] {processor.py:830} INFO - Processing file /home/airflow/.local/lib/python3.12/site-packages/airflow/example_dags/example_branch_python_dop_operator_3.py for tasks to queue
[2024-04-17T21:09:25.428+0000] {logging_mixin.py:188} INFO - [2024-04-17T21:09:25.427+0000] {dagbag.py:540} INFO - Filling up the DagBag from /home/airflow/.local/lib/python3.12/site-packages/airflow/example_dags/example_branch_python_dop_operator_3.py
[2024-04-17T21:09:25.483+0000] {processor.py:840} INFO - DAG(s) 'example_branch_dop_operator_v3' retrieved from /home/airflow/.local/lib/python3.12/site-packages/airflow/example_dags/example_branch_python_dop_operator_3.py
[2024-04-17T21:09:25.547+0000] {logging_mixin.py:188} INFO - [2024-04-17T21:09:25.546+0000] {dag.py:3096} INFO - Sync 1 DAGs
[2024-04-17T21:09:25.629+0000] {logging_mixin.py:188} INFO - [2024-04-17T21:09:25.629+0000] {dag.py:3954} INFO - Setting next_dagrun for example_branch_dop_operator_v3 to 2024-04-17 21:08:00+00:00, run_after=2024-04-17 21:09:00+00:00
[2024-04-17T21:09:26.256+0000] {processor.py:183} INFO - Processing /home/airflow/.local/lib/python3.12/site-packages/airflow/example_dags/example_branch_python_dop_operator_3.py took 0.930 seconds
[2024-04-17T21:09:56.677+0000] {processor.py:161} INFO - Started process (PID=641) to work on /home/airflow/.local/lib/python3.12/site-packages/airflow/example_dags/example_branch_python_dop_operator_3.py
[2024-04-17T21:09:56.679+0000] {processor.py:830} INFO - Processing file /home/airflow/.local/lib/python3.12/site-packages/airflow/example_dags/example_branch_python_dop_operator_3.py for tasks to queue
[2024-04-17T21:09:56.682+0000] {logging_mixin.py:188} INFO - [2024-04-17T21:09:56.681+0000] {dagbag.py:540} INFO - Filling up the DagBag from /home/airflow/.local/lib/python3.12/site-packages/airflow/example_dags/example_branch_python_dop_operator_3.py
[2024-04-17T21:09:56.694+0000] {processor.py:840} INFO - DAG(s) 'example_branch_dop_operator_v3' retrieved from /home/airflow/.local/lib/python3.12/site-packages/airflow/example_dags/example_branch_python_dop_operator_3.py
[2024-04-17T21:09:56.727+0000] {logging_mixin.py:188} INFO - [2024-04-17T21:09:56.726+0000] {dag.py:3096} INFO - Sync 1 DAGs
[2024-04-17T21:09:56.779+0000] {logging_mixin.py:188} INFO - [2024-04-17T21:09:56.779+0000] {dag.py:3954} INFO - Setting next_dagrun for example_branch_dop_operator_v3 to 2024-04-17 21:08:00+00:00, run_after=2024-04-17 21:09:00+00:00
[2024-04-17T21:09:56.830+0000] {processor.py:183} INFO - Processing /home/airflow/.local/lib/python3.12/site-packages/airflow/example_dags/example_branch_python_dop_operator_3.py took 0.162 seconds
[2024-04-17T21:10:27.096+0000] {processor.py:161} INFO - Started process (PID=699) to work on /home/airflow/.local/lib/python3.12/site-packages/airflow/example_dags/example_branch_python_dop_operator_3.py
[2024-04-17T21:10:27.097+0000] {processor.py:830} INFO - Processing file /home/airflow/.local/lib/python3.12/site-packages/airflow/example_dags/example_branch_python_dop_operator_3.py for tasks to queue
[2024-04-17T21:10:27.100+0000] {logging_mixin.py:188} INFO - [2024-04-17T21:10:27.100+0000] {dagbag.py:540} INFO - Filling up the DagBag from /home/airflow/.local/lib/python3.12/site-packages/airflow/example_dags/example_branch_python_dop_operator_3.py
[2024-04-17T21:10:27.122+0000] {processor.py:840} INFO - DAG(s) 'example_branch_dop_operator_v3' retrieved from /home/airflow/.local/lib/python3.12/site-packages/airflow/example_dags/example_branch_python_dop_operator_3.py
[2024-04-17T21:10:27.164+0000] {logging_mixin.py:188} INFO - [2024-04-17T21:10:27.163+0000] {dag.py:3096} INFO - Sync 1 DAGs
[2024-04-17T21:10:27.220+0000] {logging_mixin.py:188} INFO - [2024-04-17T21:10:27.219+0000] {dag.py:3954} INFO - Setting next_dagrun for example_branch_dop_operator_v3 to 2024-04-17 21:09:00+00:00, run_after=2024-04-17 21:10:00+00:00
[2024-04-17T21:10:27.285+0000] {processor.py:183} INFO - Processing /home/airflow/.local/lib/python3.12/site-packages/airflow/example_dags/example_branch_python_dop_operator_3.py took 0.198 seconds
[2024-04-17T21:10:57.587+0000] {processor.py:161} INFO - Started process (PID=758) to work on /home/airflow/.local/lib/python3.12/site-packages/airflow/example_dags/example_branch_python_dop_operator_3.py
[2024-04-17T21:10:57.589+0000] {processor.py:830} INFO - Processing file /home/airflow/.local/lib/python3.12/site-packages/airflow/example_dags/example_branch_python_dop_operator_3.py for tasks to queue
[2024-04-17T21:10:57.592+0000] {logging_mixin.py:188} INFO - [2024-04-17T21:10:57.591+0000] {dagbag.py:540} INFO - Filling up the DagBag from /home/airflow/.local/lib/python3.12/site-packages/airflow/example_dags/example_branch_python_dop_operator_3.py
[2024-04-17T21:10:57.606+0000] {processor.py:840} INFO - DAG(s) 'example_branch_dop_operator_v3' retrieved from /home/airflow/.local/lib/python3.12/site-packages/airflow/example_dags/example_branch_python_dop_operator_3.py
[2024-04-17T21:10:57.636+0000] {logging_mixin.py:188} INFO - [2024-04-17T21:10:57.636+0000] {dag.py:3096} INFO - Sync 1 DAGs
[2024-04-17T21:10:57.688+0000] {logging_mixin.py:188} INFO - [2024-04-17T21:10:57.687+0000] {dag.py:3954} INFO - Setting next_dagrun for example_branch_dop_operator_v3 to 2024-04-17 21:09:00+00:00, run_after=2024-04-17 21:10:00+00:00
[2024-04-17T21:10:57.735+0000] {processor.py:183} INFO - Processing /home/airflow/.local/lib/python3.12/site-packages/airflow/example_dags/example_branch_python_dop_operator_3.py took 0.156 seconds
[2024-04-17T21:11:28.312+0000] {processor.py:161} INFO - Started process (PID=816) to work on /home/airflow/.local/lib/python3.12/site-packages/airflow/example_dags/example_branch_python_dop_operator_3.py
[2024-04-17T21:11:28.313+0000] {processor.py:830} INFO - Processing file /home/airflow/.local/lib/python3.12/site-packages/airflow/example_dags/example_branch_python_dop_operator_3.py for tasks to queue
[2024-04-17T21:11:28.317+0000] {logging_mixin.py:188} INFO - [2024-04-17T21:11:28.316+0000] {dagbag.py:540} INFO - Filling up the DagBag from /home/airflow/.local/lib/python3.12/site-packages/airflow/example_dags/example_branch_python_dop_operator_3.py
[2024-04-17T21:11:28.335+0000] {processor.py:840} INFO - DAG(s) 'example_branch_dop_operator_v3' retrieved from /home/airflow/.local/lib/python3.12/site-packages/airflow/example_dags/example_branch_python_dop_operator_3.py
[2024-04-17T21:11:28.368+0000] {logging_mixin.py:188} INFO - [2024-04-17T21:11:28.368+0000] {dag.py:3096} INFO - Sync 1 DAGs
[2024-04-17T21:11:28.420+0000] {logging_mixin.py:188} INFO - [2024-04-17T21:11:28.420+0000] {dag.py:3954} INFO - Setting next_dagrun for example_branch_dop_operator_v3 to 2024-04-17 21:10:00+00:00, run_after=2024-04-17 21:11:00+00:00
[2024-04-17T21:11:28.468+0000] {processor.py:183} INFO - Processing /home/airflow/.local/lib/python3.12/site-packages/airflow/example_dags/example_branch_python_dop_operator_3.py took 0.167 seconds
[2024-04-17T21:11:58.766+0000] {processor.py:161} INFO - Started process (PID=874) to work on /home/airflow/.local/lib/python3.12/site-packages/airflow/example_dags/example_branch_python_dop_operator_3.py
[2024-04-17T21:11:58.767+0000] {processor.py:830} INFO - Processing file /home/airflow/.local/lib/python3.12/site-packages/airflow/example_dags/example_branch_python_dop_operator_3.py for tasks to queue
[2024-04-17T21:11:58.771+0000] {logging_mixin.py:188} INFO - [2024-04-17T21:11:58.770+0000] {dagbag.py:540} INFO - Filling up the DagBag from /home/airflow/.local/lib/python3.12/site-packages/airflow/example_dags/example_branch_python_dop_operator_3.py
[2024-04-17T21:11:58.785+0000] {processor.py:840} INFO - DAG(s) 'example_branch_dop_operator_v3' retrieved from /home/airflow/.local/lib/python3.12/site-packages/airflow/example_dags/example_branch_python_dop_operator_3.py
[2024-04-17T21:11:58.823+0000] {logging_mixin.py:188} INFO - [2024-04-17T21:11:58.823+0000] {dag.py:3096} INFO - Sync 1 DAGs
[2024-04-17T21:11:58.866+0000] {logging_mixin.py:188} INFO - [2024-04-17T21:11:58.865+0000] {dag.py:3954} INFO - Setting next_dagrun for example_branch_dop_operator_v3 to 2024-04-17 21:10:00+00:00, run_after=2024-04-17 21:11:00+00:00
[2024-04-17T21:11:58.903+0000] {processor.py:183} INFO - Processing /home/airflow/.local/lib/python3.12/site-packages/airflow/example_dags/example_branch_python_dop_operator_3.py took 0.145 seconds
[2024-04-17T21:12:29.542+0000] {processor.py:161} INFO - Started process (PID=932) to work on /home/airflow/.local/lib/python3.12/site-packages/airflow/example_dags/example_branch_python_dop_operator_3.py
[2024-04-17T21:12:29.543+0000] {processor.py:830} INFO - Processing file /home/airflow/.local/lib/python3.12/site-packages/airflow/example_dags/example_branch_python_dop_operator_3.py for tasks to queue
[2024-04-17T21:12:29.546+0000] {logging_mixin.py:188} INFO - [2024-04-17T21:12:29.546+0000] {dagbag.py:540} INFO - Filling up the DagBag from /home/airflow/.local/lib/python3.12/site-packages/airflow/example_dags/example_branch_python_dop_operator_3.py
[2024-04-17T21:12:29.557+0000] {processor.py:840} INFO - DAG(s) 'example_branch_dop_operator_v3' retrieved from /home/airflow/.local/lib/python3.12/site-packages/airflow/example_dags/example_branch_python_dop_operator_3.py
[2024-04-17T21:12:29.589+0000] {logging_mixin.py:188} INFO - [2024-04-17T21:12:29.588+0000] {dag.py:3096} INFO - Sync 1 DAGs
[2024-04-17T21:12:29.631+0000] {logging_mixin.py:188} INFO - [2024-04-17T21:12:29.630+0000] {dag.py:3954} INFO - Setting next_dagrun for example_branch_dop_operator_v3 to 2024-04-17 21:11:00+00:00, run_after=2024-04-17 21:12:00+00:00
[2024-04-17T21:12:29.667+0000] {processor.py:183} INFO - Processing /home/airflow/.local/lib/python3.12/site-packages/airflow/example_dags/example_branch_python_dop_operator_3.py took 0.133 seconds
[2024-04-17T21:13:00.466+0000] {processor.py:161} INFO - Started process (PID=990) to work on /home/airflow/.local/lib/python3.12/site-packages/airflow/example_dags/example_branch_python_dop_operator_3.py
[2024-04-17T21:13:00.468+0000] {processor.py:830} INFO - Processing file /home/airflow/.local/lib/python3.12/site-packages/airflow/example_dags/example_branch_python_dop_operator_3.py for tasks to queue
[2024-04-17T21:13:00.473+0000] {logging_mixin.py:188} INFO - [2024-04-17T21:13:00.472+0000] {dagbag.py:540} INFO - Filling up the DagBag from /home/airflow/.local/lib/python3.12/site-packages/airflow/example_dags/example_branch_python_dop_operator_3.py
[2024-04-17T21:13:00.494+0000] {processor.py:840} INFO - DAG(s) 'example_branch_dop_operator_v3' retrieved from /home/airflow/.local/lib/python3.12/site-packages/airflow/example_dags/example_branch_python_dop_operator_3.py
[2024-04-17T21:13:00.539+0000] {logging_mixin.py:188} INFO - [2024-04-17T21:13:00.538+0000] {dag.py:3096} INFO - Sync 1 DAGs
[2024-04-17T21:13:00.614+0000] {logging_mixin.py:188} INFO - [2024-04-17T21:13:00.614+0000] {dag.py:3954} INFO - Setting next_dagrun for example_branch_dop_operator_v3 to 2024-04-17 21:12:00+00:00, run_after=2024-04-17 21:13:00+00:00
[2024-04-17T21:13:00.663+0000] {processor.py:183} INFO - Processing /home/airflow/.local/lib/python3.12/site-packages/airflow/example_dags/example_branch_python_dop_operator_3.py took 0.206 seconds
[2024-04-17T21:13:31.252+0000] {processor.py:161} INFO - Started process (PID=1048) to work on /home/airflow/.local/lib/python3.12/site-packages/airflow/example_dags/example_branch_python_dop_operator_3.py
[2024-04-17T21:13:31.254+0000] {processor.py:830} INFO - Processing file /home/airflow/.local/lib/python3.12/site-packages/airflow/example_dags/example_branch_python_dop_operator_3.py for tasks to queue
[2024-04-17T21:13:31.257+0000] {logging_mixin.py:188} INFO - [2024-04-17T21:13:31.256+0000] {dagbag.py:540} INFO - Filling up the DagBag from /home/airflow/.local/lib/python3.12/site-packages/airflow/example_dags/example_branch_python_dop_operator_3.py
[2024-04-17T21:13:31.275+0000] {processor.py:840} INFO - DAG(s) 'example_branch_dop_operator_v3' retrieved from /home/airflow/.local/lib/python3.12/site-packages/airflow/example_dags/example_branch_python_dop_operator_3.py
[2024-04-17T21:13:31.322+0000] {logging_mixin.py:188} INFO - [2024-04-17T21:13:31.321+0000] {dag.py:3096} INFO - Sync 1 DAGs
[2024-04-17T21:13:31.399+0000] {logging_mixin.py:188} INFO - [2024-04-17T21:13:31.399+0000] {dag.py:3954} INFO - Setting next_dagrun for example_branch_dop_operator_v3 to 2024-04-17 21:12:00+00:00, run_after=2024-04-17 21:13:00+00:00
[2024-04-17T21:13:31.453+0000] {processor.py:183} INFO - Processing /home/airflow/.local/lib/python3.12/site-packages/airflow/example_dags/example_branch_python_dop_operator_3.py took 0.209 seconds
[2024-04-17T21:14:56.487+0000] {processor.py:161} INFO - Started process (PID=48) to work on /home/airflow/.local/lib/python3.12/site-packages/airflow/example_dags/example_branch_python_dop_operator_3.py
[2024-04-17T21:14:56.489+0000] {processor.py:830} INFO - Processing file /home/airflow/.local/lib/python3.12/site-packages/airflow/example_dags/example_branch_python_dop_operator_3.py for tasks to queue
[2024-04-17T21:14:56.495+0000] {logging_mixin.py:188} INFO - [2024-04-17T21:14:56.494+0000] {dagbag.py:540} INFO - Filling up the DagBag from /home/airflow/.local/lib/python3.12/site-packages/airflow/example_dags/example_branch_python_dop_operator_3.py
[2024-04-17T21:14:56.522+0000] {processor.py:840} INFO - DAG(s) 'example_branch_dop_operator_v3' retrieved from /home/airflow/.local/lib/python3.12/site-packages/airflow/example_dags/example_branch_python_dop_operator_3.py
[2024-04-17T21:14:56.872+0000] {logging_mixin.py:188} INFO - [2024-04-17T21:14:56.871+0000] {dag.py:3096} INFO - Sync 1 DAGs
[2024-04-17T21:14:56.950+0000] {logging_mixin.py:188} INFO - [2024-04-17T21:14:56.950+0000] {dag.py:3954} INFO - Setting next_dagrun for example_branch_dop_operator_v3 to 2024-04-17 21:13:00+00:00, run_after=2024-04-17 21:14:00+00:00
[2024-04-17T21:14:57.017+0000] {processor.py:183} INFO - Processing /home/airflow/.local/lib/python3.12/site-packages/airflow/example_dags/example_branch_python_dop_operator_3.py took 0.551 seconds
[2024-04-17T21:15:27.419+0000] {processor.py:161} INFO - Started process (PID=106) to work on /home/airflow/.local/lib/python3.12/site-packages/airflow/example_dags/example_branch_python_dop_operator_3.py
[2024-04-17T21:15:27.421+0000] {processor.py:830} INFO - Processing file /home/airflow/.local/lib/python3.12/site-packages/airflow/example_dags/example_branch_python_dop_operator_3.py for tasks to queue
[2024-04-17T21:15:27.424+0000] {logging_mixin.py:188} INFO - [2024-04-17T21:15:27.423+0000] {dagbag.py:540} INFO - Filling up the DagBag from /home/airflow/.local/lib/python3.12/site-packages/airflow/example_dags/example_branch_python_dop_operator_3.py
[2024-04-17T21:15:27.438+0000] {processor.py:840} INFO - DAG(s) 'example_branch_dop_operator_v3' retrieved from /home/airflow/.local/lib/python3.12/site-packages/airflow/example_dags/example_branch_python_dop_operator_3.py
[2024-04-17T21:15:27.473+0000] {logging_mixin.py:188} INFO - [2024-04-17T21:15:27.473+0000] {dag.py:3096} INFO - Sync 1 DAGs
[2024-04-17T21:15:27.519+0000] {logging_mixin.py:188} INFO - [2024-04-17T21:15:27.518+0000] {dag.py:3954} INFO - Setting next_dagrun for example_branch_dop_operator_v3 to 2024-04-17 21:14:00+00:00, run_after=2024-04-17 21:15:00+00:00
[2024-04-17T21:15:27.555+0000] {processor.py:183} INFO - Processing /home/airflow/.local/lib/python3.12/site-packages/airflow/example_dags/example_branch_python_dop_operator_3.py took 0.144 seconds
[2024-04-17T21:15:57.610+0000] {processor.py:161} INFO - Started process (PID=164) to work on /home/airflow/.local/lib/python3.12/site-packages/airflow/example_dags/example_branch_python_dop_operator_3.py
[2024-04-17T21:15:57.612+0000] {processor.py:830} INFO - Processing file /home/airflow/.local/lib/python3.12/site-packages/airflow/example_dags/example_branch_python_dop_operator_3.py for tasks to queue
[2024-04-17T21:15:57.614+0000] {logging_mixin.py:188} INFO - [2024-04-17T21:15:57.614+0000] {dagbag.py:540} INFO - Filling up the DagBag from /home/airflow/.local/lib/python3.12/site-packages/airflow/example_dags/example_branch_python_dop_operator_3.py
[2024-04-17T21:15:57.625+0000] {processor.py:840} INFO - DAG(s) 'example_branch_dop_operator_v3' retrieved from /home/airflow/.local/lib/python3.12/site-packages/airflow/example_dags/example_branch_python_dop_operator_3.py
[2024-04-17T21:15:57.655+0000] {logging_mixin.py:188} INFO - [2024-04-17T21:15:57.654+0000] {dag.py:3096} INFO - Sync 1 DAGs
[2024-04-17T21:15:57.698+0000] {logging_mixin.py:188} INFO - [2024-04-17T21:15:57.698+0000] {dag.py:3954} INFO - Setting next_dagrun for example_branch_dop_operator_v3 to 2024-04-17 21:14:00+00:00, run_after=2024-04-17 21:15:00+00:00
[2024-04-17T21:15:57.729+0000] {processor.py:183} INFO - Processing /home/airflow/.local/lib/python3.12/site-packages/airflow/example_dags/example_branch_python_dop_operator_3.py took 0.128 seconds
[2024-04-17T21:16:27.880+0000] {processor.py:161} INFO - Started process (PID=222) to work on /home/airflow/.local/lib/python3.12/site-packages/airflow/example_dags/example_branch_python_dop_operator_3.py
[2024-04-17T21:16:27.882+0000] {processor.py:830} INFO - Processing file /home/airflow/.local/lib/python3.12/site-packages/airflow/example_dags/example_branch_python_dop_operator_3.py for tasks to queue
[2024-04-17T21:16:27.885+0000] {logging_mixin.py:188} INFO - [2024-04-17T21:16:27.885+0000] {dagbag.py:540} INFO - Filling up the DagBag from /home/airflow/.local/lib/python3.12/site-packages/airflow/example_dags/example_branch_python_dop_operator_3.py
[2024-04-17T21:16:27.897+0000] {processor.py:840} INFO - DAG(s) 'example_branch_dop_operator_v3' retrieved from /home/airflow/.local/lib/python3.12/site-packages/airflow/example_dags/example_branch_python_dop_operator_3.py
[2024-04-17T21:16:27.931+0000] {logging_mixin.py:188} INFO - [2024-04-17T21:16:27.930+0000] {dag.py:3096} INFO - Sync 1 DAGs
[2024-04-17T21:16:27.973+0000] {logging_mixin.py:188} INFO - [2024-04-17T21:16:27.972+0000] {dag.py:3954} INFO - Setting next_dagrun for example_branch_dop_operator_v3 to 2024-04-17 21:15:00+00:00, run_after=2024-04-17 21:16:00+00:00
[2024-04-17T21:16:28.009+0000] {processor.py:183} INFO - Processing /home/airflow/.local/lib/python3.12/site-packages/airflow/example_dags/example_branch_python_dop_operator_3.py took 0.136 seconds
[2024-04-17T21:16:58.370+0000] {processor.py:161} INFO - Started process (PID=280) to work on /home/airflow/.local/lib/python3.12/site-packages/airflow/example_dags/example_branch_python_dop_operator_3.py
[2024-04-17T21:16:58.372+0000] {processor.py:830} INFO - Processing file /home/airflow/.local/lib/python3.12/site-packages/airflow/example_dags/example_branch_python_dop_operator_3.py for tasks to queue
[2024-04-17T21:16:58.375+0000] {logging_mixin.py:188} INFO - [2024-04-17T21:16:58.375+0000] {dagbag.py:540} INFO - Filling up the DagBag from /home/airflow/.local/lib/python3.12/site-packages/airflow/example_dags/example_branch_python_dop_operator_3.py
[2024-04-17T21:16:58.386+0000] {processor.py:840} INFO - DAG(s) 'example_branch_dop_operator_v3' retrieved from /home/airflow/.local/lib/python3.12/site-packages/airflow/example_dags/example_branch_python_dop_operator_3.py
[2024-04-17T21:16:58.419+0000] {logging_mixin.py:188} INFO - [2024-04-17T21:16:58.419+0000] {dag.py:3096} INFO - Sync 1 DAGs
[2024-04-17T21:16:58.464+0000] {logging_mixin.py:188} INFO - [2024-04-17T21:16:58.464+0000] {dag.py:3954} INFO - Setting next_dagrun for example_branch_dop_operator_v3 to 2024-04-17 21:15:00+00:00, run_after=2024-04-17 21:16:00+00:00
[2024-04-17T21:16:58.505+0000] {processor.py:183} INFO - Processing /home/airflow/.local/lib/python3.12/site-packages/airflow/example_dags/example_branch_python_dop_operator_3.py took 0.142 seconds
[2024-04-17T21:17:29.390+0000] {processor.py:161} INFO - Started process (PID=338) to work on /home/airflow/.local/lib/python3.12/site-packages/airflow/example_dags/example_branch_python_dop_operator_3.py
[2024-04-17T21:17:29.392+0000] {processor.py:830} INFO - Processing file /home/airflow/.local/lib/python3.12/site-packages/airflow/example_dags/example_branch_python_dop_operator_3.py for tasks to queue
[2024-04-17T21:17:29.396+0000] {logging_mixin.py:188} INFO - [2024-04-17T21:17:29.395+0000] {dagbag.py:540} INFO - Filling up the DagBag from /home/airflow/.local/lib/python3.12/site-packages/airflow/example_dags/example_branch_python_dop_operator_3.py
[2024-04-17T21:17:29.412+0000] {processor.py:840} INFO - DAG(s) 'example_branch_dop_operator_v3' retrieved from /home/airflow/.local/lib/python3.12/site-packages/airflow/example_dags/example_branch_python_dop_operator_3.py
[2024-04-17T21:17:29.447+0000] {logging_mixin.py:188} INFO - [2024-04-17T21:17:29.447+0000] {dag.py:3096} INFO - Sync 1 DAGs
[2024-04-17T21:17:29.496+0000] {logging_mixin.py:188} INFO - [2024-04-17T21:17:29.496+0000] {dag.py:3954} INFO - Setting next_dagrun for example_branch_dop_operator_v3 to 2024-04-17 21:16:00+00:00, run_after=2024-04-17 21:17:00+00:00
[2024-04-17T21:17:29.545+0000] {processor.py:183} INFO - Processing /home/airflow/.local/lib/python3.12/site-packages/airflow/example_dags/example_branch_python_dop_operator_3.py took 0.164 seconds
[2024-04-17T21:17:59.859+0000] {processor.py:161} INFO - Started process (PID=396) to work on /home/airflow/.local/lib/python3.12/site-packages/airflow/example_dags/example_branch_python_dop_operator_3.py
[2024-04-17T21:17:59.860+0000] {processor.py:830} INFO - Processing file /home/airflow/.local/lib/python3.12/site-packages/airflow/example_dags/example_branch_python_dop_operator_3.py for tasks to queue
[2024-04-17T21:17:59.866+0000] {logging_mixin.py:188} INFO - [2024-04-17T21:17:59.865+0000] {dagbag.py:540} INFO - Filling up the DagBag from /home/airflow/.local/lib/python3.12/site-packages/airflow/example_dags/example_branch_python_dop_operator_3.py
[2024-04-17T21:17:59.884+0000] {processor.py:840} INFO - DAG(s) 'example_branch_dop_operator_v3' retrieved from /home/airflow/.local/lib/python3.12/site-packages/airflow/example_dags/example_branch_python_dop_operator_3.py
[2024-04-17T21:17:59.924+0000] {logging_mixin.py:188} INFO - [2024-04-17T21:17:59.924+0000] {dag.py:3096} INFO - Sync 1 DAGs
[2024-04-17T21:17:59.998+0000] {logging_mixin.py:188} INFO - [2024-04-17T21:17:59.997+0000] {dag.py:3954} INFO - Setting next_dagrun for example_branch_dop_operator_v3 to 2024-04-17 21:16:00+00:00, run_after=2024-04-17 21:17:00+00:00
[2024-04-17T21:18:00.091+0000] {processor.py:183} INFO - Processing /home/airflow/.local/lib/python3.12/site-packages/airflow/example_dags/example_branch_python_dop_operator_3.py took 0.243 seconds
[2024-04-17T21:18:30.710+0000] {processor.py:161} INFO - Started process (PID=454) to work on /home/airflow/.local/lib/python3.12/site-packages/airflow/example_dags/example_branch_python_dop_operator_3.py
[2024-04-17T21:18:30.712+0000] {processor.py:830} INFO - Processing file /home/airflow/.local/lib/python3.12/site-packages/airflow/example_dags/example_branch_python_dop_operator_3.py for tasks to queue
[2024-04-17T21:18:30.715+0000] {logging_mixin.py:188} INFO - [2024-04-17T21:18:30.715+0000] {dagbag.py:540} INFO - Filling up the DagBag from /home/airflow/.local/lib/python3.12/site-packages/airflow/example_dags/example_branch_python_dop_operator_3.py
[2024-04-17T21:18:30.726+0000] {processor.py:840} INFO - DAG(s) 'example_branch_dop_operator_v3' retrieved from /home/airflow/.local/lib/python3.12/site-packages/airflow/example_dags/example_branch_python_dop_operator_3.py
[2024-04-17T21:18:30.759+0000] {logging_mixin.py:188} INFO - [2024-04-17T21:18:30.758+0000] {dag.py:3096} INFO - Sync 1 DAGs
[2024-04-17T21:18:30.802+0000] {logging_mixin.py:188} INFO - [2024-04-17T21:18:30.802+0000] {dag.py:3954} INFO - Setting next_dagrun for example_branch_dop_operator_v3 to 2024-04-17 21:17:00+00:00, run_after=2024-04-17 21:18:00+00:00
[2024-04-17T21:18:30.839+0000] {processor.py:183} INFO - Processing /home/airflow/.local/lib/python3.12/site-packages/airflow/example_dags/example_branch_python_dop_operator_3.py took 0.139 seconds
[2024-04-17T21:19:02.005+0000] {processor.py:161} INFO - Started process (PID=512) to work on /home/airflow/.local/lib/python3.12/site-packages/airflow/example_dags/example_branch_python_dop_operator_3.py
[2024-04-17T21:19:02.007+0000] {processor.py:830} INFO - Processing file /home/airflow/.local/lib/python3.12/site-packages/airflow/example_dags/example_branch_python_dop_operator_3.py for tasks to queue
[2024-04-17T21:19:02.009+0000] {logging_mixin.py:188} INFO - [2024-04-17T21:19:02.009+0000] {dagbag.py:540} INFO - Filling up the DagBag from /home/airflow/.local/lib/python3.12/site-packages/airflow/example_dags/example_branch_python_dop_operator_3.py
[2024-04-17T21:19:02.023+0000] {processor.py:840} INFO - DAG(s) 'example_branch_dop_operator_v3' retrieved from /home/airflow/.local/lib/python3.12/site-packages/airflow/example_dags/example_branch_python_dop_operator_3.py
[2024-04-17T21:19:02.061+0000] {logging_mixin.py:188} INFO - [2024-04-17T21:19:02.061+0000] {dag.py:3096} INFO - Sync 1 DAGs
[2024-04-17T21:19:02.120+0000] {logging_mixin.py:188} INFO - [2024-04-17T21:19:02.120+0000] {dag.py:3954} INFO - Setting next_dagrun for example_branch_dop_operator_v3 to 2024-04-17 21:18:00+00:00, run_after=2024-04-17 21:19:00+00:00
[2024-04-17T21:19:02.159+0000] {processor.py:183} INFO - Processing /home/airflow/.local/lib/python3.12/site-packages/airflow/example_dags/example_branch_python_dop_operator_3.py took 0.164 seconds
[2024-04-17T23:57:38.798+0000] {processor.py:161} INFO - Started process (PID=46) to work on /home/airflow/.local/lib/python3.12/site-packages/airflow/example_dags/example_branch_python_dop_operator_3.py
[2024-04-17T23:57:38.800+0000] {processor.py:830} INFO - Processing file /home/airflow/.local/lib/python3.12/site-packages/airflow/example_dags/example_branch_python_dop_operator_3.py for tasks to queue
[2024-04-17T23:57:38.804+0000] {logging_mixin.py:188} INFO - [2024-04-17T23:57:38.803+0000] {dagbag.py:540} INFO - Filling up the DagBag from /home/airflow/.local/lib/python3.12/site-packages/airflow/example_dags/example_branch_python_dop_operator_3.py
[2024-04-17T23:57:38.821+0000] {processor.py:840} INFO - DAG(s) 'example_branch_dop_operator_v3' retrieved from /home/airflow/.local/lib/python3.12/site-packages/airflow/example_dags/example_branch_python_dop_operator_3.py
[2024-04-17T23:57:38.851+0000] {logging_mixin.py:188} INFO - [2024-04-17T23:57:38.851+0000] {dag.py:3096} INFO - Sync 1 DAGs
[2024-04-17T23:57:38.896+0000] {logging_mixin.py:188} INFO - [2024-04-17T23:57:38.895+0000] {dag.py:3954} INFO - Setting next_dagrun for example_branch_dop_operator_v3 to 2024-04-17 23:56:00+00:00, run_after=2024-04-17 23:57:00+00:00
[2024-04-17T23:57:38.937+0000] {processor.py:183} INFO - Processing /home/airflow/.local/lib/python3.12/site-packages/airflow/example_dags/example_branch_python_dop_operator_3.py took 0.146 seconds
[2024-04-17T23:58:09.021+0000] {processor.py:161} INFO - Started process (PID=104) to work on /home/airflow/.local/lib/python3.12/site-packages/airflow/example_dags/example_branch_python_dop_operator_3.py
[2024-04-17T23:58:09.022+0000] {processor.py:830} INFO - Processing file /home/airflow/.local/lib/python3.12/site-packages/airflow/example_dags/example_branch_python_dop_operator_3.py for tasks to queue
[2024-04-17T23:58:09.025+0000] {logging_mixin.py:188} INFO - [2024-04-17T23:58:09.025+0000] {dagbag.py:540} INFO - Filling up the DagBag from /home/airflow/.local/lib/python3.12/site-packages/airflow/example_dags/example_branch_python_dop_operator_3.py
[2024-04-17T23:58:09.038+0000] {processor.py:840} INFO - DAG(s) 'example_branch_dop_operator_v3' retrieved from /home/airflow/.local/lib/python3.12/site-packages/airflow/example_dags/example_branch_python_dop_operator_3.py
[2024-04-17T23:58:09.066+0000] {logging_mixin.py:188} INFO - [2024-04-17T23:58:09.066+0000] {dag.py:3096} INFO - Sync 1 DAGs
[2024-04-17T23:58:09.109+0000] {logging_mixin.py:188} INFO - [2024-04-17T23:58:09.109+0000] {dag.py:3954} INFO - Setting next_dagrun for example_branch_dop_operator_v3 to 2024-04-17 23:57:00+00:00, run_after=2024-04-17 23:58:00+00:00
[2024-04-17T23:58:09.143+0000] {processor.py:183} INFO - Processing /home/airflow/.local/lib/python3.12/site-packages/airflow/example_dags/example_branch_python_dop_operator_3.py took 0.131 seconds
[2024-04-17T23:58:39.834+0000] {processor.py:161} INFO - Started process (PID=162) to work on /home/airflow/.local/lib/python3.12/site-packages/airflow/example_dags/example_branch_python_dop_operator_3.py
[2024-04-17T23:58:39.846+0000] {processor.py:830} INFO - Processing file /home/airflow/.local/lib/python3.12/site-packages/airflow/example_dags/example_branch_python_dop_operator_3.py for tasks to queue
[2024-04-17T23:58:39.849+0000] {logging_mixin.py:188} INFO - [2024-04-17T23:58:39.849+0000] {dagbag.py:540} INFO - Filling up the DagBag from /home/airflow/.local/lib/python3.12/site-packages/airflow/example_dags/example_branch_python_dop_operator_3.py
[2024-04-17T23:58:39.892+0000] {processor.py:840} INFO - DAG(s) 'example_branch_dop_operator_v3' retrieved from /home/airflow/.local/lib/python3.12/site-packages/airflow/example_dags/example_branch_python_dop_operator_3.py
[2024-04-17T23:58:39.944+0000] {logging_mixin.py:188} INFO - [2024-04-17T23:58:39.944+0000] {dag.py:3096} INFO - Sync 1 DAGs
[2024-04-17T23:58:40.029+0000] {logging_mixin.py:188} INFO - [2024-04-17T23:58:40.028+0000] {dag.py:3954} INFO - Setting next_dagrun for example_branch_dop_operator_v3 to 2024-04-17 23:57:00+00:00, run_after=2024-04-17 23:58:00+00:00
[2024-04-17T23:58:40.071+0000] {processor.py:183} INFO - Processing /home/airflow/.local/lib/python3.12/site-packages/airflow/example_dags/example_branch_python_dop_operator_3.py took 0.247 seconds
[2024-04-17T23:59:10.756+0000] {processor.py:161} INFO - Started process (PID=220) to work on /home/airflow/.local/lib/python3.12/site-packages/airflow/example_dags/example_branch_python_dop_operator_3.py
[2024-04-17T23:59:10.758+0000] {processor.py:830} INFO - Processing file /home/airflow/.local/lib/python3.12/site-packages/airflow/example_dags/example_branch_python_dop_operator_3.py for tasks to queue
[2024-04-17T23:59:10.762+0000] {logging_mixin.py:188} INFO - [2024-04-17T23:59:10.761+0000] {dagbag.py:540} INFO - Filling up the DagBag from /home/airflow/.local/lib/python3.12/site-packages/airflow/example_dags/example_branch_python_dop_operator_3.py
[2024-04-17T23:59:10.778+0000] {processor.py:840} INFO - DAG(s) 'example_branch_dop_operator_v3' retrieved from /home/airflow/.local/lib/python3.12/site-packages/airflow/example_dags/example_branch_python_dop_operator_3.py
[2024-04-17T23:59:10.814+0000] {logging_mixin.py:188} INFO - [2024-04-17T23:59:10.814+0000] {dag.py:3096} INFO - Sync 1 DAGs
[2024-04-17T23:59:10.896+0000] {logging_mixin.py:188} INFO - [2024-04-17T23:59:10.896+0000] {dag.py:3954} INFO - Setting next_dagrun for example_branch_dop_operator_v3 to 2024-04-17 23:58:00+00:00, run_after=2024-04-17 23:59:00+00:00
[2024-04-17T23:59:10.979+0000] {processor.py:183} INFO - Processing /home/airflow/.local/lib/python3.12/site-packages/airflow/example_dags/example_branch_python_dop_operator_3.py took 0.231 seconds
[2024-04-17T23:59:41.238+0000] {processor.py:161} INFO - Started process (PID=279) to work on /home/airflow/.local/lib/python3.12/site-packages/airflow/example_dags/example_branch_python_dop_operator_3.py
[2024-04-17T23:59:41.240+0000] {processor.py:830} INFO - Processing file /home/airflow/.local/lib/python3.12/site-packages/airflow/example_dags/example_branch_python_dop_operator_3.py for tasks to queue
[2024-04-17T23:59:41.242+0000] {logging_mixin.py:188} INFO - [2024-04-17T23:59:41.242+0000] {dagbag.py:540} INFO - Filling up the DagBag from /home/airflow/.local/lib/python3.12/site-packages/airflow/example_dags/example_branch_python_dop_operator_3.py
[2024-04-17T23:59:41.251+0000] {processor.py:840} INFO - DAG(s) 'example_branch_dop_operator_v3' retrieved from /home/airflow/.local/lib/python3.12/site-packages/airflow/example_dags/example_branch_python_dop_operator_3.py
[2024-04-17T23:59:41.276+0000] {logging_mixin.py:188} INFO - [2024-04-17T23:59:41.276+0000] {dag.py:3096} INFO - Sync 1 DAGs
[2024-04-17T23:59:41.309+0000] {logging_mixin.py:188} INFO - [2024-04-17T23:59:41.309+0000] {dag.py:3954} INFO - Setting next_dagrun for example_branch_dop_operator_v3 to 2024-04-17 23:58:00+00:00, run_after=2024-04-17 23:59:00+00:00
[2024-04-17T23:59:41.340+0000] {processor.py:183} INFO - Processing /home/airflow/.local/lib/python3.12/site-packages/airflow/example_dags/example_branch_python_dop_operator_3.py took 0.107 seconds
