[2024-04-17T21:04:46.844+0000] {processor.py:161} INFO - Started process (PID=80) to work on /home/airflow/.local/lib/python3.12/site-packages/airflow/example_dags/example_latest_only.py
[2024-04-17T21:04:46.847+0000] {processor.py:830} INFO - Processing file /home/airflow/.local/lib/python3.12/site-packages/airflow/example_dags/example_latest_only.py for tasks to queue
[2024-04-17T21:04:46.852+0000] {logging_mixin.py:188} INFO - [2024-04-17T21:04:46.851+0000] {dagbag.py:540} INFO - Filling up the DagBag from /home/airflow/.local/lib/python3.12/site-packages/airflow/example_dags/example_latest_only.py
[2024-04-17T21:04:46.873+0000] {processor.py:840} INFO - DAG(s) 'latest_only' retrieved from /home/airflow/.local/lib/python3.12/site-packages/airflow/example_dags/example_latest_only.py
[2024-04-17T21:04:47.545+0000] {logging_mixin.py:188} INFO - [2024-04-17T21:04:47.544+0000] {dag.py:3096} INFO - Sync 1 DAGs
[2024-04-17T21:04:47.771+0000] {logging_mixin.py:188} INFO - [2024-04-17T21:04:47.770+0000] {dag.py:3954} INFO - Setting next_dagrun for latest_only to 2024-04-17 16:00:00+00:00, run_after=2024-04-17 20:00:00+00:00
[2024-04-17T21:04:47.901+0000] {processor.py:183} INFO - Processing /home/airflow/.local/lib/python3.12/site-packages/airflow/example_dags/example_latest_only.py took 1.071 seconds
[2024-04-17T21:05:21.514+0000] {processor.py:161} INFO - Started process (PID=138) to work on /home/airflow/.local/lib/python3.12/site-packages/airflow/example_dags/example_latest_only.py
[2024-04-17T21:05:21.527+0000] {processor.py:830} INFO - Processing file /home/airflow/.local/lib/python3.12/site-packages/airflow/example_dags/example_latest_only.py for tasks to queue
[2024-04-17T21:05:21.546+0000] {logging_mixin.py:188} INFO - [2024-04-17T21:05:21.545+0000] {dagbag.py:540} INFO - Filling up the DagBag from /home/airflow/.local/lib/python3.12/site-packages/airflow/example_dags/example_latest_only.py
[2024-04-17T21:05:21.569+0000] {processor.py:840} INFO - DAG(s) 'latest_only' retrieved from /home/airflow/.local/lib/python3.12/site-packages/airflow/example_dags/example_latest_only.py
[2024-04-17T21:05:21.708+0000] {logging_mixin.py:188} INFO - [2024-04-17T21:05:21.707+0000] {dag.py:3096} INFO - Sync 1 DAGs
[2024-04-17T21:05:21.951+0000] {logging_mixin.py:188} INFO - [2024-04-17T21:05:21.950+0000] {dag.py:3954} INFO - Setting next_dagrun for latest_only to 2024-04-17 16:00:00+00:00, run_after=2024-04-17 20:00:00+00:00
[2024-04-17T21:05:22.118+0000] {processor.py:183} INFO - Processing /home/airflow/.local/lib/python3.12/site-packages/airflow/example_dags/example_latest_only.py took 0.626 seconds
[2024-04-17T21:05:52.591+0000] {processor.py:161} INFO - Started process (PID=195) to work on /home/airflow/.local/lib/python3.12/site-packages/airflow/example_dags/example_latest_only.py
[2024-04-17T21:05:52.594+0000] {processor.py:830} INFO - Processing file /home/airflow/.local/lib/python3.12/site-packages/airflow/example_dags/example_latest_only.py for tasks to queue
[2024-04-17T21:05:52.608+0000] {logging_mixin.py:188} INFO - [2024-04-17T21:05:52.608+0000] {dagbag.py:540} INFO - Filling up the DagBag from /home/airflow/.local/lib/python3.12/site-packages/airflow/example_dags/example_latest_only.py
[2024-04-17T21:05:52.635+0000] {processor.py:840} INFO - DAG(s) 'latest_only' retrieved from /home/airflow/.local/lib/python3.12/site-packages/airflow/example_dags/example_latest_only.py
[2024-04-17T21:05:52.778+0000] {logging_mixin.py:188} INFO - [2024-04-17T21:05:52.777+0000] {dag.py:3096} INFO - Sync 1 DAGs
[2024-04-17T21:05:52.917+0000] {logging_mixin.py:188} INFO - [2024-04-17T21:05:52.916+0000] {dag.py:3954} INFO - Setting next_dagrun for latest_only to 2024-04-17 16:00:00+00:00, run_after=2024-04-17 20:00:00+00:00
[2024-04-17T21:05:53.058+0000] {processor.py:183} INFO - Processing /home/airflow/.local/lib/python3.12/site-packages/airflow/example_dags/example_latest_only.py took 0.505 seconds
[2024-04-17T21:06:23.690+0000] {processor.py:161} INFO - Started process (PID=253) to work on /home/airflow/.local/lib/python3.12/site-packages/airflow/example_dags/example_latest_only.py
[2024-04-17T21:06:23.694+0000] {processor.py:830} INFO - Processing file /home/airflow/.local/lib/python3.12/site-packages/airflow/example_dags/example_latest_only.py for tasks to queue
[2024-04-17T21:06:23.703+0000] {logging_mixin.py:188} INFO - [2024-04-17T21:06:23.699+0000] {dagbag.py:540} INFO - Filling up the DagBag from /home/airflow/.local/lib/python3.12/site-packages/airflow/example_dags/example_latest_only.py
[2024-04-17T21:06:23.728+0000] {processor.py:840} INFO - DAG(s) 'latest_only' retrieved from /home/airflow/.local/lib/python3.12/site-packages/airflow/example_dags/example_latest_only.py
[2024-04-17T21:06:23.834+0000] {logging_mixin.py:188} INFO - [2024-04-17T21:06:23.833+0000] {dag.py:3096} INFO - Sync 1 DAGs
[2024-04-17T21:06:24.013+0000] {logging_mixin.py:188} INFO - [2024-04-17T21:06:24.006+0000] {dag.py:3954} INFO - Setting next_dagrun for latest_only to 2024-04-17 16:00:00+00:00, run_after=2024-04-17 20:00:00+00:00
[2024-04-17T21:06:24.134+0000] {processor.py:183} INFO - Processing /home/airflow/.local/lib/python3.12/site-packages/airflow/example_dags/example_latest_only.py took 0.475 seconds
[2024-04-17T21:06:54.724+0000] {processor.py:161} INFO - Started process (PID=311) to work on /home/airflow/.local/lib/python3.12/site-packages/airflow/example_dags/example_latest_only.py
[2024-04-17T21:06:54.726+0000] {processor.py:830} INFO - Processing file /home/airflow/.local/lib/python3.12/site-packages/airflow/example_dags/example_latest_only.py for tasks to queue
[2024-04-17T21:06:54.734+0000] {logging_mixin.py:188} INFO - [2024-04-17T21:06:54.732+0000] {dagbag.py:540} INFO - Filling up the DagBag from /home/airflow/.local/lib/python3.12/site-packages/airflow/example_dags/example_latest_only.py
[2024-04-17T21:06:54.750+0000] {processor.py:840} INFO - DAG(s) 'latest_only' retrieved from /home/airflow/.local/lib/python3.12/site-packages/airflow/example_dags/example_latest_only.py
[2024-04-17T21:06:54.805+0000] {logging_mixin.py:188} INFO - [2024-04-17T21:06:54.804+0000] {dag.py:3096} INFO - Sync 1 DAGs
[2024-04-17T21:06:54.864+0000] {logging_mixin.py:188} INFO - [2024-04-17T21:06:54.863+0000] {dag.py:3954} INFO - Setting next_dagrun for latest_only to 2024-04-17 16:00:00+00:00, run_after=2024-04-17 20:00:00+00:00
[2024-04-17T21:06:54.942+0000] {processor.py:183} INFO - Processing /home/airflow/.local/lib/python3.12/site-packages/airflow/example_dags/example_latest_only.py took 0.232 seconds
[2024-04-17T21:07:29.280+0000] {processor.py:161} INFO - Started process (PID=369) to work on /home/airflow/.local/lib/python3.12/site-packages/airflow/example_dags/example_latest_only.py
[2024-04-17T21:07:29.326+0000] {processor.py:830} INFO - Processing file /home/airflow/.local/lib/python3.12/site-packages/airflow/example_dags/example_latest_only.py for tasks to queue
[2024-04-17T21:07:29.338+0000] {logging_mixin.py:188} INFO - [2024-04-17T21:07:29.337+0000] {dagbag.py:540} INFO - Filling up the DagBag from /home/airflow/.local/lib/python3.12/site-packages/airflow/example_dags/example_latest_only.py
[2024-04-17T21:07:29.386+0000] {processor.py:840} INFO - DAG(s) 'latest_only' retrieved from /home/airflow/.local/lib/python3.12/site-packages/airflow/example_dags/example_latest_only.py
[2024-04-17T21:07:29.534+0000] {logging_mixin.py:188} INFO - [2024-04-17T21:07:29.533+0000] {dag.py:3096} INFO - Sync 1 DAGs
[2024-04-17T21:07:29.681+0000] {logging_mixin.py:188} INFO - [2024-04-17T21:07:29.681+0000] {dag.py:3954} INFO - Setting next_dagrun for latest_only to 2024-04-17 16:00:00+00:00, run_after=2024-04-17 20:00:00+00:00
[2024-04-17T21:07:29.908+0000] {processor.py:183} INFO - Processing /home/airflow/.local/lib/python3.12/site-packages/airflow/example_dags/example_latest_only.py took 0.650 seconds
[2024-04-17T21:08:00.547+0000] {processor.py:161} INFO - Started process (PID=427) to work on /home/airflow/.local/lib/python3.12/site-packages/airflow/example_dags/example_latest_only.py
[2024-04-17T21:08:00.550+0000] {processor.py:830} INFO - Processing file /home/airflow/.local/lib/python3.12/site-packages/airflow/example_dags/example_latest_only.py for tasks to queue
[2024-04-17T21:08:00.562+0000] {logging_mixin.py:188} INFO - [2024-04-17T21:08:00.555+0000] {dagbag.py:540} INFO - Filling up the DagBag from /home/airflow/.local/lib/python3.12/site-packages/airflow/example_dags/example_latest_only.py
[2024-04-17T21:08:00.583+0000] {processor.py:840} INFO - DAG(s) 'latest_only' retrieved from /home/airflow/.local/lib/python3.12/site-packages/airflow/example_dags/example_latest_only.py
[2024-04-17T21:08:00.669+0000] {logging_mixin.py:188} INFO - [2024-04-17T21:08:00.665+0000] {dag.py:3096} INFO - Sync 1 DAGs
[2024-04-17T21:08:00.765+0000] {logging_mixin.py:188} INFO - [2024-04-17T21:08:00.764+0000] {dag.py:3954} INFO - Setting next_dagrun for latest_only to 2024-04-17 16:00:00+00:00, run_after=2024-04-17 20:00:00+00:00
[2024-04-17T21:08:00.905+0000] {processor.py:183} INFO - Processing /home/airflow/.local/lib/python3.12/site-packages/airflow/example_dags/example_latest_only.py took 0.382 seconds
[2024-04-17T21:08:31.192+0000] {processor.py:161} INFO - Started process (PID=483) to work on /home/airflow/.local/lib/python3.12/site-packages/airflow/example_dags/example_latest_only.py
[2024-04-17T21:08:31.201+0000] {processor.py:830} INFO - Processing file /home/airflow/.local/lib/python3.12/site-packages/airflow/example_dags/example_latest_only.py for tasks to queue
[2024-04-17T21:08:31.218+0000] {logging_mixin.py:188} INFO - [2024-04-17T21:08:31.217+0000] {dagbag.py:540} INFO - Filling up the DagBag from /home/airflow/.local/lib/python3.12/site-packages/airflow/example_dags/example_latest_only.py
[2024-04-17T21:08:31.240+0000] {processor.py:840} INFO - DAG(s) 'latest_only' retrieved from /home/airflow/.local/lib/python3.12/site-packages/airflow/example_dags/example_latest_only.py
[2024-04-17T21:08:31.337+0000] {logging_mixin.py:188} INFO - [2024-04-17T21:08:31.336+0000] {dag.py:3096} INFO - Sync 1 DAGs
[2024-04-17T21:08:31.466+0000] {logging_mixin.py:188} INFO - [2024-04-17T21:08:31.465+0000] {dag.py:3954} INFO - Setting next_dagrun for latest_only to 2024-04-17 16:00:00+00:00, run_after=2024-04-17 20:00:00+00:00
[2024-04-17T21:08:31.587+0000] {processor.py:183} INFO - Processing /home/airflow/.local/lib/python3.12/site-packages/airflow/example_dags/example_latest_only.py took 0.419 seconds
[2024-04-17T21:09:02.402+0000] {processor.py:161} INFO - Started process (PID=541) to work on /home/airflow/.local/lib/python3.12/site-packages/airflow/example_dags/example_latest_only.py
[2024-04-17T21:09:02.537+0000] {processor.py:830} INFO - Processing file /home/airflow/.local/lib/python3.12/site-packages/airflow/example_dags/example_latest_only.py for tasks to queue
[2024-04-17T21:09:02.542+0000] {logging_mixin.py:188} INFO - [2024-04-17T21:09:02.541+0000] {dagbag.py:540} INFO - Filling up the DagBag from /home/airflow/.local/lib/python3.12/site-packages/airflow/example_dags/example_latest_only.py
[2024-04-17T21:09:02.554+0000] {processor.py:840} INFO - DAG(s) 'latest_only' retrieved from /home/airflow/.local/lib/python3.12/site-packages/airflow/example_dags/example_latest_only.py
[2024-04-17T21:09:02.603+0000] {logging_mixin.py:188} INFO - [2024-04-17T21:09:02.602+0000] {dag.py:3096} INFO - Sync 1 DAGs
[2024-04-17T21:09:02.661+0000] {logging_mixin.py:188} INFO - [2024-04-17T21:09:02.660+0000] {dag.py:3954} INFO - Setting next_dagrun for latest_only to 2024-04-17 16:00:00+00:00, run_after=2024-04-17 20:00:00+00:00
[2024-04-17T21:09:03.046+0000] {processor.py:183} INFO - Processing /home/airflow/.local/lib/python3.12/site-packages/airflow/example_dags/example_latest_only.py took 0.659 seconds
[2024-04-17T21:09:33.221+0000] {processor.py:161} INFO - Started process (PID=599) to work on /home/airflow/.local/lib/python3.12/site-packages/airflow/example_dags/example_latest_only.py
[2024-04-17T21:09:33.251+0000] {processor.py:830} INFO - Processing file /home/airflow/.local/lib/python3.12/site-packages/airflow/example_dags/example_latest_only.py for tasks to queue
[2024-04-17T21:09:33.255+0000] {logging_mixin.py:188} INFO - [2024-04-17T21:09:33.254+0000] {dagbag.py:540} INFO - Filling up the DagBag from /home/airflow/.local/lib/python3.12/site-packages/airflow/example_dags/example_latest_only.py
[2024-04-17T21:09:33.542+0000] {processor.py:840} INFO - DAG(s) 'latest_only' retrieved from /home/airflow/.local/lib/python3.12/site-packages/airflow/example_dags/example_latest_only.py
[2024-04-17T21:09:33.651+0000] {logging_mixin.py:188} INFO - [2024-04-17T21:09:33.650+0000] {dag.py:3096} INFO - Sync 1 DAGs
[2024-04-17T21:09:33.796+0000] {logging_mixin.py:188} INFO - [2024-04-17T21:09:33.795+0000] {dag.py:3954} INFO - Setting next_dagrun for latest_only to 2024-04-17 16:00:00+00:00, run_after=2024-04-17 20:00:00+00:00
[2024-04-17T21:09:33.911+0000] {processor.py:183} INFO - Processing /home/airflow/.local/lib/python3.12/site-packages/airflow/example_dags/example_latest_only.py took 0.699 seconds
[2024-04-17T21:10:04.324+0000] {processor.py:161} INFO - Started process (PID=657) to work on /home/airflow/.local/lib/python3.12/site-packages/airflow/example_dags/example_latest_only.py
[2024-04-17T21:10:04.325+0000] {processor.py:830} INFO - Processing file /home/airflow/.local/lib/python3.12/site-packages/airflow/example_dags/example_latest_only.py for tasks to queue
[2024-04-17T21:10:04.329+0000] {logging_mixin.py:188} INFO - [2024-04-17T21:10:04.328+0000] {dagbag.py:540} INFO - Filling up the DagBag from /home/airflow/.local/lib/python3.12/site-packages/airflow/example_dags/example_latest_only.py
[2024-04-17T21:10:04.342+0000] {processor.py:840} INFO - DAG(s) 'latest_only' retrieved from /home/airflow/.local/lib/python3.12/site-packages/airflow/example_dags/example_latest_only.py
[2024-04-17T21:10:04.398+0000] {logging_mixin.py:188} INFO - [2024-04-17T21:10:04.397+0000] {dag.py:3096} INFO - Sync 1 DAGs
[2024-04-17T21:10:04.457+0000] {logging_mixin.py:188} INFO - [2024-04-17T21:10:04.456+0000] {dag.py:3954} INFO - Setting next_dagrun for latest_only to 2024-04-17 16:00:00+00:00, run_after=2024-04-17 20:00:00+00:00
[2024-04-17T21:10:04.522+0000] {processor.py:183} INFO - Processing /home/airflow/.local/lib/python3.12/site-packages/airflow/example_dags/example_latest_only.py took 0.206 seconds
[2024-04-17T21:10:34.880+0000] {processor.py:161} INFO - Started process (PID=715) to work on /home/airflow/.local/lib/python3.12/site-packages/airflow/example_dags/example_latest_only.py
[2024-04-17T21:10:34.882+0000] {processor.py:830} INFO - Processing file /home/airflow/.local/lib/python3.12/site-packages/airflow/example_dags/example_latest_only.py for tasks to queue
[2024-04-17T21:10:34.887+0000] {logging_mixin.py:188} INFO - [2024-04-17T21:10:34.885+0000] {dagbag.py:540} INFO - Filling up the DagBag from /home/airflow/.local/lib/python3.12/site-packages/airflow/example_dags/example_latest_only.py
[2024-04-17T21:10:34.896+0000] {processor.py:840} INFO - DAG(s) 'latest_only' retrieved from /home/airflow/.local/lib/python3.12/site-packages/airflow/example_dags/example_latest_only.py
[2024-04-17T21:10:34.946+0000] {logging_mixin.py:188} INFO - [2024-04-17T21:10:34.945+0000] {dag.py:3096} INFO - Sync 1 DAGs
[2024-04-17T21:10:35.008+0000] {logging_mixin.py:188} INFO - [2024-04-17T21:10:35.008+0000] {dag.py:3954} INFO - Setting next_dagrun for latest_only to 2024-04-17 16:00:00+00:00, run_after=2024-04-17 20:00:00+00:00
[2024-04-17T21:10:35.063+0000] {processor.py:183} INFO - Processing /home/airflow/.local/lib/python3.12/site-packages/airflow/example_dags/example_latest_only.py took 0.192 seconds
[2024-04-17T21:11:05.609+0000] {processor.py:161} INFO - Started process (PID=774) to work on /home/airflow/.local/lib/python3.12/site-packages/airflow/example_dags/example_latest_only.py
[2024-04-17T21:11:05.612+0000] {processor.py:830} INFO - Processing file /home/airflow/.local/lib/python3.12/site-packages/airflow/example_dags/example_latest_only.py for tasks to queue
[2024-04-17T21:11:05.617+0000] {logging_mixin.py:188} INFO - [2024-04-17T21:11:05.616+0000] {dagbag.py:540} INFO - Filling up the DagBag from /home/airflow/.local/lib/python3.12/site-packages/airflow/example_dags/example_latest_only.py
[2024-04-17T21:11:05.628+0000] {processor.py:840} INFO - DAG(s) 'latest_only' retrieved from /home/airflow/.local/lib/python3.12/site-packages/airflow/example_dags/example_latest_only.py
[2024-04-17T21:11:05.678+0000] {logging_mixin.py:188} INFO - [2024-04-17T21:11:05.677+0000] {dag.py:3096} INFO - Sync 1 DAGs
[2024-04-17T21:11:05.756+0000] {logging_mixin.py:188} INFO - [2024-04-17T21:11:05.755+0000] {dag.py:3954} INFO - Setting next_dagrun for latest_only to 2024-04-17 16:00:00+00:00, run_after=2024-04-17 20:00:00+00:00
[2024-04-17T21:11:05.825+0000] {processor.py:183} INFO - Processing /home/airflow/.local/lib/python3.12/site-packages/airflow/example_dags/example_latest_only.py took 0.236 seconds
[2024-04-17T21:11:36.012+0000] {processor.py:161} INFO - Started process (PID=832) to work on /home/airflow/.local/lib/python3.12/site-packages/airflow/example_dags/example_latest_only.py
[2024-04-17T21:11:36.013+0000] {processor.py:830} INFO - Processing file /home/airflow/.local/lib/python3.12/site-packages/airflow/example_dags/example_latest_only.py for tasks to queue
[2024-04-17T21:11:36.016+0000] {logging_mixin.py:188} INFO - [2024-04-17T21:11:36.015+0000] {dagbag.py:540} INFO - Filling up the DagBag from /home/airflow/.local/lib/python3.12/site-packages/airflow/example_dags/example_latest_only.py
[2024-04-17T21:11:36.021+0000] {processor.py:840} INFO - DAG(s) 'latest_only' retrieved from /home/airflow/.local/lib/python3.12/site-packages/airflow/example_dags/example_latest_only.py
[2024-04-17T21:11:36.053+0000] {logging_mixin.py:188} INFO - [2024-04-17T21:11:36.053+0000] {dag.py:3096} INFO - Sync 1 DAGs
[2024-04-17T21:11:36.100+0000] {logging_mixin.py:188} INFO - [2024-04-17T21:11:36.099+0000] {dag.py:3954} INFO - Setting next_dagrun for latest_only to 2024-04-17 16:00:00+00:00, run_after=2024-04-17 20:00:00+00:00
[2024-04-17T21:11:36.150+0000] {processor.py:183} INFO - Processing /home/airflow/.local/lib/python3.12/site-packages/airflow/example_dags/example_latest_only.py took 0.149 seconds
[2024-04-17T21:12:06.313+0000] {processor.py:161} INFO - Started process (PID=890) to work on /home/airflow/.local/lib/python3.12/site-packages/airflow/example_dags/example_latest_only.py
[2024-04-17T21:12:06.314+0000] {processor.py:830} INFO - Processing file /home/airflow/.local/lib/python3.12/site-packages/airflow/example_dags/example_latest_only.py for tasks to queue
[2024-04-17T21:12:06.317+0000] {logging_mixin.py:188} INFO - [2024-04-17T21:12:06.316+0000] {dagbag.py:540} INFO - Filling up the DagBag from /home/airflow/.local/lib/python3.12/site-packages/airflow/example_dags/example_latest_only.py
[2024-04-17T21:12:06.323+0000] {processor.py:840} INFO - DAG(s) 'latest_only' retrieved from /home/airflow/.local/lib/python3.12/site-packages/airflow/example_dags/example_latest_only.py
[2024-04-17T21:12:06.355+0000] {logging_mixin.py:188} INFO - [2024-04-17T21:12:06.354+0000] {dag.py:3096} INFO - Sync 1 DAGs
[2024-04-17T21:12:06.394+0000] {logging_mixin.py:188} INFO - [2024-04-17T21:12:06.393+0000] {dag.py:3954} INFO - Setting next_dagrun for latest_only to 2024-04-17 16:00:00+00:00, run_after=2024-04-17 20:00:00+00:00
[2024-04-17T21:12:06.430+0000] {processor.py:183} INFO - Processing /home/airflow/.local/lib/python3.12/site-packages/airflow/example_dags/example_latest_only.py took 0.124 seconds
[2024-04-17T21:12:36.964+0000] {processor.py:161} INFO - Started process (PID=948) to work on /home/airflow/.local/lib/python3.12/site-packages/airflow/example_dags/example_latest_only.py
[2024-04-17T21:12:36.965+0000] {processor.py:830} INFO - Processing file /home/airflow/.local/lib/python3.12/site-packages/airflow/example_dags/example_latest_only.py for tasks to queue
[2024-04-17T21:12:36.969+0000] {logging_mixin.py:188} INFO - [2024-04-17T21:12:36.968+0000] {dagbag.py:540} INFO - Filling up the DagBag from /home/airflow/.local/lib/python3.12/site-packages/airflow/example_dags/example_latest_only.py
[2024-04-17T21:12:36.980+0000] {processor.py:840} INFO - DAG(s) 'latest_only' retrieved from /home/airflow/.local/lib/python3.12/site-packages/airflow/example_dags/example_latest_only.py
[2024-04-17T21:12:37.023+0000] {logging_mixin.py:188} INFO - [2024-04-17T21:12:37.022+0000] {dag.py:3096} INFO - Sync 1 DAGs
[2024-04-17T21:12:37.072+0000] {logging_mixin.py:188} INFO - [2024-04-17T21:12:37.071+0000] {dag.py:3954} INFO - Setting next_dagrun for latest_only to 2024-04-17 16:00:00+00:00, run_after=2024-04-17 20:00:00+00:00
[2024-04-17T21:12:37.113+0000] {processor.py:183} INFO - Processing /home/airflow/.local/lib/python3.12/site-packages/airflow/example_dags/example_latest_only.py took 0.159 seconds
[2024-04-17T21:13:07.620+0000] {processor.py:161} INFO - Started process (PID=1006) to work on /home/airflow/.local/lib/python3.12/site-packages/airflow/example_dags/example_latest_only.py
[2024-04-17T21:13:07.622+0000] {processor.py:830} INFO - Processing file /home/airflow/.local/lib/python3.12/site-packages/airflow/example_dags/example_latest_only.py for tasks to queue
[2024-04-17T21:13:07.625+0000] {logging_mixin.py:188} INFO - [2024-04-17T21:13:07.624+0000] {dagbag.py:540} INFO - Filling up the DagBag from /home/airflow/.local/lib/python3.12/site-packages/airflow/example_dags/example_latest_only.py
[2024-04-17T21:13:07.632+0000] {processor.py:840} INFO - DAG(s) 'latest_only' retrieved from /home/airflow/.local/lib/python3.12/site-packages/airflow/example_dags/example_latest_only.py
[2024-04-17T21:13:07.670+0000] {logging_mixin.py:188} INFO - [2024-04-17T21:13:07.669+0000] {dag.py:3096} INFO - Sync 1 DAGs
[2024-04-17T21:13:07.712+0000] {logging_mixin.py:188} INFO - [2024-04-17T21:13:07.711+0000] {dag.py:3954} INFO - Setting next_dagrun for latest_only to 2024-04-17 16:00:00+00:00, run_after=2024-04-17 20:00:00+00:00
[2024-04-17T21:13:07.748+0000] {processor.py:183} INFO - Processing /home/airflow/.local/lib/python3.12/site-packages/airflow/example_dags/example_latest_only.py took 0.139 seconds
[2024-04-17T21:15:01.355+0000] {processor.py:161} INFO - Started process (PID=63) to work on /home/airflow/.local/lib/python3.12/site-packages/airflow/example_dags/example_latest_only.py
[2024-04-17T21:15:01.357+0000] {processor.py:830} INFO - Processing file /home/airflow/.local/lib/python3.12/site-packages/airflow/example_dags/example_latest_only.py for tasks to queue
[2024-04-17T21:15:01.362+0000] {logging_mixin.py:188} INFO - [2024-04-17T21:15:01.361+0000] {dagbag.py:540} INFO - Filling up the DagBag from /home/airflow/.local/lib/python3.12/site-packages/airflow/example_dags/example_latest_only.py
[2024-04-17T21:15:01.382+0000] {processor.py:840} INFO - DAG(s) 'latest_only' retrieved from /home/airflow/.local/lib/python3.12/site-packages/airflow/example_dags/example_latest_only.py
[2024-04-17T21:15:01.686+0000] {logging_mixin.py:188} INFO - [2024-04-17T21:15:01.686+0000] {dag.py:3096} INFO - Sync 1 DAGs
[2024-04-17T21:15:01.746+0000] {logging_mixin.py:188} INFO - [2024-04-17T21:15:01.746+0000] {dag.py:3954} INFO - Setting next_dagrun for latest_only to 2024-04-17 16:00:00+00:00, run_after=2024-04-17 20:00:00+00:00
[2024-04-17T21:15:01.821+0000] {processor.py:183} INFO - Processing /home/airflow/.local/lib/python3.12/site-packages/airflow/example_dags/example_latest_only.py took 0.483 seconds
[2024-04-17T21:15:31.961+0000] {processor.py:161} INFO - Started process (PID=121) to work on /home/airflow/.local/lib/python3.12/site-packages/airflow/example_dags/example_latest_only.py
[2024-04-17T21:15:31.962+0000] {processor.py:830} INFO - Processing file /home/airflow/.local/lib/python3.12/site-packages/airflow/example_dags/example_latest_only.py for tasks to queue
[2024-04-17T21:15:31.965+0000] {logging_mixin.py:188} INFO - [2024-04-17T21:15:31.964+0000] {dagbag.py:540} INFO - Filling up the DagBag from /home/airflow/.local/lib/python3.12/site-packages/airflow/example_dags/example_latest_only.py
[2024-04-17T21:15:31.971+0000] {processor.py:840} INFO - DAG(s) 'latest_only' retrieved from /home/airflow/.local/lib/python3.12/site-packages/airflow/example_dags/example_latest_only.py
[2024-04-17T21:15:31.998+0000] {logging_mixin.py:188} INFO - [2024-04-17T21:15:31.998+0000] {dag.py:3096} INFO - Sync 1 DAGs
[2024-04-17T21:15:32.034+0000] {logging_mixin.py:188} INFO - [2024-04-17T21:15:32.033+0000] {dag.py:3954} INFO - Setting next_dagrun for latest_only to 2024-04-17 16:00:00+00:00, run_after=2024-04-17 20:00:00+00:00
[2024-04-17T21:15:32.069+0000] {processor.py:183} INFO - Processing /home/airflow/.local/lib/python3.12/site-packages/airflow/example_dags/example_latest_only.py took 0.114 seconds
[2024-04-17T21:16:02.251+0000] {processor.py:161} INFO - Started process (PID=178) to work on /home/airflow/.local/lib/python3.12/site-packages/airflow/example_dags/example_latest_only.py
[2024-04-17T21:16:02.252+0000] {processor.py:830} INFO - Processing file /home/airflow/.local/lib/python3.12/site-packages/airflow/example_dags/example_latest_only.py for tasks to queue
[2024-04-17T21:16:02.265+0000] {logging_mixin.py:188} INFO - [2024-04-17T21:16:02.264+0000] {dagbag.py:540} INFO - Filling up the DagBag from /home/airflow/.local/lib/python3.12/site-packages/airflow/example_dags/example_latest_only.py
[2024-04-17T21:16:02.272+0000] {processor.py:840} INFO - DAG(s) 'latest_only' retrieved from /home/airflow/.local/lib/python3.12/site-packages/airflow/example_dags/example_latest_only.py
[2024-04-17T21:16:02.304+0000] {logging_mixin.py:188} INFO - [2024-04-17T21:16:02.303+0000] {dag.py:3096} INFO - Sync 1 DAGs
[2024-04-17T21:16:02.346+0000] {logging_mixin.py:188} INFO - [2024-04-17T21:16:02.345+0000] {dag.py:3954} INFO - Setting next_dagrun for latest_only to 2024-04-17 16:00:00+00:00, run_after=2024-04-17 20:00:00+00:00
[2024-04-17T21:16:02.382+0000] {processor.py:183} INFO - Processing /home/airflow/.local/lib/python3.12/site-packages/airflow/example_dags/example_latest_only.py took 0.139 seconds
[2024-04-17T21:16:32.496+0000] {processor.py:161} INFO - Started process (PID=236) to work on /home/airflow/.local/lib/python3.12/site-packages/airflow/example_dags/example_latest_only.py
[2024-04-17T21:16:32.498+0000] {processor.py:830} INFO - Processing file /home/airflow/.local/lib/python3.12/site-packages/airflow/example_dags/example_latest_only.py for tasks to queue
[2024-04-17T21:16:32.501+0000] {logging_mixin.py:188} INFO - [2024-04-17T21:16:32.500+0000] {dagbag.py:540} INFO - Filling up the DagBag from /home/airflow/.local/lib/python3.12/site-packages/airflow/example_dags/example_latest_only.py
[2024-04-17T21:16:32.517+0000] {processor.py:840} INFO - DAG(s) 'latest_only' retrieved from /home/airflow/.local/lib/python3.12/site-packages/airflow/example_dags/example_latest_only.py
[2024-04-17T21:16:32.560+0000] {logging_mixin.py:188} INFO - [2024-04-17T21:16:32.559+0000] {dag.py:3096} INFO - Sync 1 DAGs
[2024-04-17T21:16:32.613+0000] {logging_mixin.py:188} INFO - [2024-04-17T21:16:32.613+0000] {dag.py:3954} INFO - Setting next_dagrun for latest_only to 2024-04-17 16:00:00+00:00, run_after=2024-04-17 20:00:00+00:00
[2024-04-17T21:16:32.674+0000] {processor.py:183} INFO - Processing /home/airflow/.local/lib/python3.12/site-packages/airflow/example_dags/example_latest_only.py took 0.187 seconds
[2024-04-17T21:17:02.933+0000] {processor.py:161} INFO - Started process (PID=294) to work on /home/airflow/.local/lib/python3.12/site-packages/airflow/example_dags/example_latest_only.py
[2024-04-17T21:17:02.935+0000] {processor.py:830} INFO - Processing file /home/airflow/.local/lib/python3.12/site-packages/airflow/example_dags/example_latest_only.py for tasks to queue
[2024-04-17T21:17:02.938+0000] {logging_mixin.py:188} INFO - [2024-04-17T21:17:02.938+0000] {dagbag.py:540} INFO - Filling up the DagBag from /home/airflow/.local/lib/python3.12/site-packages/airflow/example_dags/example_latest_only.py
[2024-04-17T21:17:02.947+0000] {processor.py:840} INFO - DAG(s) 'latest_only' retrieved from /home/airflow/.local/lib/python3.12/site-packages/airflow/example_dags/example_latest_only.py
[2024-04-17T21:17:02.987+0000] {logging_mixin.py:188} INFO - [2024-04-17T21:17:02.986+0000] {dag.py:3096} INFO - Sync 1 DAGs
[2024-04-17T21:17:03.032+0000] {logging_mixin.py:188} INFO - [2024-04-17T21:17:03.032+0000] {dag.py:3954} INFO - Setting next_dagrun for latest_only to 2024-04-17 16:00:00+00:00, run_after=2024-04-17 20:00:00+00:00
[2024-04-17T21:17:03.081+0000] {processor.py:183} INFO - Processing /home/airflow/.local/lib/python3.12/site-packages/airflow/example_dags/example_latest_only.py took 0.156 seconds
[2024-04-17T21:17:33.453+0000] {processor.py:161} INFO - Started process (PID=352) to work on /home/airflow/.local/lib/python3.12/site-packages/airflow/example_dags/example_latest_only.py
[2024-04-17T21:17:33.454+0000] {processor.py:830} INFO - Processing file /home/airflow/.local/lib/python3.12/site-packages/airflow/example_dags/example_latest_only.py for tasks to queue
[2024-04-17T21:17:33.457+0000] {logging_mixin.py:188} INFO - [2024-04-17T21:17:33.457+0000] {dagbag.py:540} INFO - Filling up the DagBag from /home/airflow/.local/lib/python3.12/site-packages/airflow/example_dags/example_latest_only.py
[2024-04-17T21:17:33.462+0000] {processor.py:840} INFO - DAG(s) 'latest_only' retrieved from /home/airflow/.local/lib/python3.12/site-packages/airflow/example_dags/example_latest_only.py
[2024-04-17T21:17:33.493+0000] {logging_mixin.py:188} INFO - [2024-04-17T21:17:33.492+0000] {dag.py:3096} INFO - Sync 1 DAGs
[2024-04-17T21:17:33.531+0000] {logging_mixin.py:188} INFO - [2024-04-17T21:17:33.530+0000] {dag.py:3954} INFO - Setting next_dagrun for latest_only to 2024-04-17 16:00:00+00:00, run_after=2024-04-17 20:00:00+00:00
[2024-04-17T21:17:33.573+0000] {processor.py:183} INFO - Processing /home/airflow/.local/lib/python3.12/site-packages/airflow/example_dags/example_latest_only.py took 0.126 seconds
[2024-04-17T21:18:03.759+0000] {processor.py:161} INFO - Started process (PID=410) to work on /home/airflow/.local/lib/python3.12/site-packages/airflow/example_dags/example_latest_only.py
[2024-04-17T21:18:03.761+0000] {processor.py:830} INFO - Processing file /home/airflow/.local/lib/python3.12/site-packages/airflow/example_dags/example_latest_only.py for tasks to queue
[2024-04-17T21:18:03.764+0000] {logging_mixin.py:188} INFO - [2024-04-17T21:18:03.763+0000] {dagbag.py:540} INFO - Filling up the DagBag from /home/airflow/.local/lib/python3.12/site-packages/airflow/example_dags/example_latest_only.py
[2024-04-17T21:18:03.776+0000] {processor.py:840} INFO - DAG(s) 'latest_only' retrieved from /home/airflow/.local/lib/python3.12/site-packages/airflow/example_dags/example_latest_only.py
[2024-04-17T21:18:03.823+0000] {logging_mixin.py:188} INFO - [2024-04-17T21:18:03.822+0000] {dag.py:3096} INFO - Sync 1 DAGs
[2024-04-17T21:18:03.883+0000] {logging_mixin.py:188} INFO - [2024-04-17T21:18:03.882+0000] {dag.py:3954} INFO - Setting next_dagrun for latest_only to 2024-04-17 16:00:00+00:00, run_after=2024-04-17 20:00:00+00:00
[2024-04-17T21:18:03.959+0000] {processor.py:183} INFO - Processing /home/airflow/.local/lib/python3.12/site-packages/airflow/example_dags/example_latest_only.py took 0.211 seconds
[2024-04-17T21:18:34.271+0000] {processor.py:161} INFO - Started process (PID=468) to work on /home/airflow/.local/lib/python3.12/site-packages/airflow/example_dags/example_latest_only.py
[2024-04-17T21:18:34.272+0000] {processor.py:830} INFO - Processing file /home/airflow/.local/lib/python3.12/site-packages/airflow/example_dags/example_latest_only.py for tasks to queue
[2024-04-17T21:18:34.276+0000] {logging_mixin.py:188} INFO - [2024-04-17T21:18:34.276+0000] {dagbag.py:540} INFO - Filling up the DagBag from /home/airflow/.local/lib/python3.12/site-packages/airflow/example_dags/example_latest_only.py
[2024-04-17T21:18:34.283+0000] {processor.py:840} INFO - DAG(s) 'latest_only' retrieved from /home/airflow/.local/lib/python3.12/site-packages/airflow/example_dags/example_latest_only.py
[2024-04-17T21:18:34.317+0000] {logging_mixin.py:188} INFO - [2024-04-17T21:18:34.316+0000] {dag.py:3096} INFO - Sync 1 DAGs
[2024-04-17T21:18:34.358+0000] {logging_mixin.py:188} INFO - [2024-04-17T21:18:34.357+0000] {dag.py:3954} INFO - Setting next_dagrun for latest_only to 2024-04-17 16:00:00+00:00, run_after=2024-04-17 20:00:00+00:00
[2024-04-17T21:18:34.397+0000] {processor.py:183} INFO - Processing /home/airflow/.local/lib/python3.12/site-packages/airflow/example_dags/example_latest_only.py took 0.138 seconds
[2024-04-17T21:19:04.798+0000] {processor.py:161} INFO - Started process (PID=526) to work on /home/airflow/.local/lib/python3.12/site-packages/airflow/example_dags/example_latest_only.py
[2024-04-17T21:19:04.799+0000] {processor.py:830} INFO - Processing file /home/airflow/.local/lib/python3.12/site-packages/airflow/example_dags/example_latest_only.py for tasks to queue
[2024-04-17T21:19:04.803+0000] {logging_mixin.py:188} INFO - [2024-04-17T21:19:04.802+0000] {dagbag.py:540} INFO - Filling up the DagBag from /home/airflow/.local/lib/python3.12/site-packages/airflow/example_dags/example_latest_only.py
[2024-04-17T21:19:04.810+0000] {processor.py:840} INFO - DAG(s) 'latest_only' retrieved from /home/airflow/.local/lib/python3.12/site-packages/airflow/example_dags/example_latest_only.py
[2024-04-17T21:19:04.838+0000] {logging_mixin.py:188} INFO - [2024-04-17T21:19:04.838+0000] {dag.py:3096} INFO - Sync 1 DAGs
[2024-04-17T21:19:04.877+0000] {logging_mixin.py:188} INFO - [2024-04-17T21:19:04.877+0000] {dag.py:3954} INFO - Setting next_dagrun for latest_only to 2024-04-17 16:00:00+00:00, run_after=2024-04-17 20:00:00+00:00
[2024-04-17T21:19:04.913+0000] {processor.py:183} INFO - Processing /home/airflow/.local/lib/python3.12/site-packages/airflow/example_dags/example_latest_only.py took 0.123 seconds
[2024-04-17T23:57:40.317+0000] {processor.py:161} INFO - Started process (PID=61) to work on /home/airflow/.local/lib/python3.12/site-packages/airflow/example_dags/example_latest_only.py
[2024-04-17T23:57:40.318+0000] {processor.py:830} INFO - Processing file /home/airflow/.local/lib/python3.12/site-packages/airflow/example_dags/example_latest_only.py for tasks to queue
[2024-04-17T23:57:40.321+0000] {logging_mixin.py:188} INFO - [2024-04-17T23:57:40.320+0000] {dagbag.py:540} INFO - Filling up the DagBag from /home/airflow/.local/lib/python3.12/site-packages/airflow/example_dags/example_latest_only.py
[2024-04-17T23:57:40.328+0000] {processor.py:840} INFO - DAG(s) 'latest_only' retrieved from /home/airflow/.local/lib/python3.12/site-packages/airflow/example_dags/example_latest_only.py
[2024-04-17T23:57:40.360+0000] {logging_mixin.py:188} INFO - [2024-04-17T23:57:40.360+0000] {dag.py:3096} INFO - Sync 1 DAGs
[2024-04-17T23:57:40.397+0000] {logging_mixin.py:188} INFO - [2024-04-17T23:57:40.396+0000] {dag.py:3954} INFO - Setting next_dagrun for latest_only to 2024-04-17 16:00:00+00:00, run_after=2024-04-17 20:00:00+00:00
[2024-04-17T23:57:40.430+0000] {processor.py:183} INFO - Processing /home/airflow/.local/lib/python3.12/site-packages/airflow/example_dags/example_latest_only.py took 0.120 seconds
[2024-04-17T23:58:11.380+0000] {processor.py:161} INFO - Started process (PID=119) to work on /home/airflow/.local/lib/python3.12/site-packages/airflow/example_dags/example_latest_only.py
[2024-04-17T23:58:11.381+0000] {processor.py:830} INFO - Processing file /home/airflow/.local/lib/python3.12/site-packages/airflow/example_dags/example_latest_only.py for tasks to queue
[2024-04-17T23:58:11.386+0000] {logging_mixin.py:188} INFO - [2024-04-17T23:58:11.384+0000] {dagbag.py:540} INFO - Filling up the DagBag from /home/airflow/.local/lib/python3.12/site-packages/airflow/example_dags/example_latest_only.py
[2024-04-17T23:58:11.398+0000] {processor.py:840} INFO - DAG(s) 'latest_only' retrieved from /home/airflow/.local/lib/python3.12/site-packages/airflow/example_dags/example_latest_only.py
[2024-04-17T23:58:11.448+0000] {logging_mixin.py:188} INFO - [2024-04-17T23:58:11.446+0000] {dag.py:3096} INFO - Sync 1 DAGs
[2024-04-17T23:58:11.499+0000] {logging_mixin.py:188} INFO - [2024-04-17T23:58:11.499+0000] {dag.py:3954} INFO - Setting next_dagrun for latest_only to 2024-04-17 16:00:00+00:00, run_after=2024-04-17 20:00:00+00:00
[2024-04-17T23:58:11.542+0000] {processor.py:183} INFO - Processing /home/airflow/.local/lib/python3.12/site-packages/airflow/example_dags/example_latest_only.py took 0.174 seconds
[2024-04-17T23:58:41.621+0000] {processor.py:161} INFO - Started process (PID=176) to work on /home/airflow/.local/lib/python3.12/site-packages/airflow/example_dags/example_latest_only.py
[2024-04-17T23:58:41.623+0000] {processor.py:830} INFO - Processing file /home/airflow/.local/lib/python3.12/site-packages/airflow/example_dags/example_latest_only.py for tasks to queue
[2024-04-17T23:58:41.625+0000] {logging_mixin.py:188} INFO - [2024-04-17T23:58:41.625+0000] {dagbag.py:540} INFO - Filling up the DagBag from /home/airflow/.local/lib/python3.12/site-packages/airflow/example_dags/example_latest_only.py
[2024-04-17T23:58:41.630+0000] {processor.py:840} INFO - DAG(s) 'latest_only' retrieved from /home/airflow/.local/lib/python3.12/site-packages/airflow/example_dags/example_latest_only.py
[2024-04-17T23:58:41.658+0000] {logging_mixin.py:188} INFO - [2024-04-17T23:58:41.657+0000] {dag.py:3096} INFO - Sync 1 DAGs
[2024-04-17T23:58:41.690+0000] {logging_mixin.py:188} INFO - [2024-04-17T23:58:41.690+0000] {dag.py:3954} INFO - Setting next_dagrun for latest_only to 2024-04-17 16:00:00+00:00, run_after=2024-04-17 20:00:00+00:00
[2024-04-17T23:58:41.721+0000] {processor.py:183} INFO - Processing /home/airflow/.local/lib/python3.12/site-packages/airflow/example_dags/example_latest_only.py took 0.107 seconds
[2024-04-17T23:59:12.583+0000] {processor.py:161} INFO - Started process (PID=234) to work on /home/airflow/.local/lib/python3.12/site-packages/airflow/example_dags/example_latest_only.py
[2024-04-17T23:59:12.584+0000] {processor.py:830} INFO - Processing file /home/airflow/.local/lib/python3.12/site-packages/airflow/example_dags/example_latest_only.py for tasks to queue
[2024-04-17T23:59:12.588+0000] {logging_mixin.py:188} INFO - [2024-04-17T23:59:12.587+0000] {dagbag.py:540} INFO - Filling up the DagBag from /home/airflow/.local/lib/python3.12/site-packages/airflow/example_dags/example_latest_only.py
[2024-04-17T23:59:12.593+0000] {processor.py:840} INFO - DAG(s) 'latest_only' retrieved from /home/airflow/.local/lib/python3.12/site-packages/airflow/example_dags/example_latest_only.py
[2024-04-17T23:59:12.620+0000] {logging_mixin.py:188} INFO - [2024-04-17T23:59:12.620+0000] {dag.py:3096} INFO - Sync 1 DAGs
[2024-04-17T23:59:12.654+0000] {logging_mixin.py:188} INFO - [2024-04-17T23:59:12.653+0000] {dag.py:3954} INFO - Setting next_dagrun for latest_only to 2024-04-17 16:00:00+00:00, run_after=2024-04-17 20:00:00+00:00
[2024-04-17T23:59:12.688+0000] {processor.py:183} INFO - Processing /home/airflow/.local/lib/python3.12/site-packages/airflow/example_dags/example_latest_only.py took 0.111 seconds
[2024-04-17T23:59:43.665+0000] {processor.py:161} INFO - Started process (PID=293) to work on /home/airflow/.local/lib/python3.12/site-packages/airflow/example_dags/example_latest_only.py
[2024-04-17T23:59:43.666+0000] {processor.py:830} INFO - Processing file /home/airflow/.local/lib/python3.12/site-packages/airflow/example_dags/example_latest_only.py for tasks to queue
[2024-04-17T23:59:43.669+0000] {logging_mixin.py:188} INFO - [2024-04-17T23:59:43.668+0000] {dagbag.py:540} INFO - Filling up the DagBag from /home/airflow/.local/lib/python3.12/site-packages/airflow/example_dags/example_latest_only.py
[2024-04-17T23:59:43.675+0000] {processor.py:840} INFO - DAG(s) 'latest_only' retrieved from /home/airflow/.local/lib/python3.12/site-packages/airflow/example_dags/example_latest_only.py
[2024-04-17T23:59:43.702+0000] {logging_mixin.py:188} INFO - [2024-04-17T23:59:43.702+0000] {dag.py:3096} INFO - Sync 1 DAGs
[2024-04-17T23:59:43.748+0000] {logging_mixin.py:188} INFO - [2024-04-17T23:59:43.747+0000] {dag.py:3954} INFO - Setting next_dagrun for latest_only to 2024-04-17 16:00:00+00:00, run_after=2024-04-17 20:00:00+00:00
[2024-04-17T23:59:43.786+0000] {processor.py:183} INFO - Processing /home/airflow/.local/lib/python3.12/site-packages/airflow/example_dags/example_latest_only.py took 0.128 seconds
