[2024-04-17T21:05:01.262+0000] {processor.py:161} INFO - Started process (PID=98) to work on /home/airflow/.local/lib/python3.12/site-packages/airflow/example_dags/example_short_circuit_operator.py
[2024-04-17T21:05:01.265+0000] {processor.py:830} INFO - Processing file /home/airflow/.local/lib/python3.12/site-packages/airflow/example_dags/example_short_circuit_operator.py for tasks to queue
[2024-04-17T21:05:01.270+0000] {logging_mixin.py:188} INFO - [2024-04-17T21:05:01.269+0000] {dagbag.py:540} INFO - Filling up the DagBag from /home/airflow/.local/lib/python3.12/site-packages/airflow/example_dags/example_short_circuit_operator.py
[2024-04-17T21:05:01.321+0000] {processor.py:840} INFO - DAG(s) 'example_short_circuit_operator' retrieved from /home/airflow/.local/lib/python3.12/site-packages/airflow/example_dags/example_short_circuit_operator.py
[2024-04-17T21:05:01.606+0000] {logging_mixin.py:188} INFO - [2024-04-17T21:05:01.605+0000] {dag.py:3096} INFO - Sync 1 DAGs
[2024-04-17T21:05:01.792+0000] {logging_mixin.py:188} INFO - [2024-04-17T21:05:01.792+0000] {dag.py:3954} INFO - Setting next_dagrun for example_short_circuit_operator to 2024-04-16 00:00:00+00:00, run_after=2024-04-17 00:00:00+00:00
[2024-04-17T21:05:02.438+0000] {processor.py:183} INFO - Processing /home/airflow/.local/lib/python3.12/site-packages/airflow/example_dags/example_short_circuit_operator.py took 1.193 seconds
[2024-04-17T21:05:33.115+0000] {processor.py:161} INFO - Started process (PID=156) to work on /home/airflow/.local/lib/python3.12/site-packages/airflow/example_dags/example_short_circuit_operator.py
[2024-04-17T21:05:33.189+0000] {processor.py:830} INFO - Processing file /home/airflow/.local/lib/python3.12/site-packages/airflow/example_dags/example_short_circuit_operator.py for tasks to queue
[2024-04-17T21:05:33.195+0000] {logging_mixin.py:188} INFO - [2024-04-17T21:05:33.194+0000] {dagbag.py:540} INFO - Filling up the DagBag from /home/airflow/.local/lib/python3.12/site-packages/airflow/example_dags/example_short_circuit_operator.py
[2024-04-17T21:05:33.228+0000] {processor.py:840} INFO - DAG(s) 'example_short_circuit_operator' retrieved from /home/airflow/.local/lib/python3.12/site-packages/airflow/example_dags/example_short_circuit_operator.py
[2024-04-17T21:05:33.361+0000] {logging_mixin.py:188} INFO - [2024-04-17T21:05:33.361+0000] {dag.py:3096} INFO - Sync 1 DAGs
[2024-04-17T21:05:33.442+0000] {logging_mixin.py:188} INFO - [2024-04-17T21:05:33.441+0000] {dag.py:3954} INFO - Setting next_dagrun for example_short_circuit_operator to 2024-04-16 00:00:00+00:00, run_after=2024-04-17 00:00:00+00:00
[2024-04-17T21:05:33.738+0000] {processor.py:183} INFO - Processing /home/airflow/.local/lib/python3.12/site-packages/airflow/example_dags/example_short_circuit_operator.py took 0.644 seconds
[2024-04-17T21:06:06.426+0000] {processor.py:161} INFO - Started process (PID=214) to work on /home/airflow/.local/lib/python3.12/site-packages/airflow/example_dags/example_short_circuit_operator.py
[2024-04-17T21:06:06.429+0000] {processor.py:830} INFO - Processing file /home/airflow/.local/lib/python3.12/site-packages/airflow/example_dags/example_short_circuit_operator.py for tasks to queue
[2024-04-17T21:06:06.440+0000] {logging_mixin.py:188} INFO - [2024-04-17T21:06:06.439+0000] {dagbag.py:540} INFO - Filling up the DagBag from /home/airflow/.local/lib/python3.12/site-packages/airflow/example_dags/example_short_circuit_operator.py
[2024-04-17T21:06:06.478+0000] {processor.py:840} INFO - DAG(s) 'example_short_circuit_operator' retrieved from /home/airflow/.local/lib/python3.12/site-packages/airflow/example_dags/example_short_circuit_operator.py
[2024-04-17T21:06:06.593+0000] {logging_mixin.py:188} INFO - [2024-04-17T21:06:06.592+0000] {dag.py:3096} INFO - Sync 1 DAGs
[2024-04-17T21:06:06.712+0000] {logging_mixin.py:188} INFO - [2024-04-17T21:06:06.712+0000] {dag.py:3954} INFO - Setting next_dagrun for example_short_circuit_operator to 2024-04-16 00:00:00+00:00, run_after=2024-04-17 00:00:00+00:00
[2024-04-17T21:06:06.989+0000] {processor.py:183} INFO - Processing /home/airflow/.local/lib/python3.12/site-packages/airflow/example_dags/example_short_circuit_operator.py took 0.585 seconds
[2024-04-17T21:06:39.646+0000] {processor.py:161} INFO - Started process (PID=281) to work on /home/airflow/.local/lib/python3.12/site-packages/airflow/example_dags/example_short_circuit_operator.py
[2024-04-17T21:06:39.662+0000] {processor.py:830} INFO - Processing file /home/airflow/.local/lib/python3.12/site-packages/airflow/example_dags/example_short_circuit_operator.py for tasks to queue
[2024-04-17T21:06:39.673+0000] {logging_mixin.py:188} INFO - [2024-04-17T21:06:39.672+0000] {dagbag.py:540} INFO - Filling up the DagBag from /home/airflow/.local/lib/python3.12/site-packages/airflow/example_dags/example_short_circuit_operator.py
[2024-04-17T21:06:39.727+0000] {processor.py:840} INFO - DAG(s) 'example_short_circuit_operator' retrieved from /home/airflow/.local/lib/python3.12/site-packages/airflow/example_dags/example_short_circuit_operator.py
[2024-04-17T21:06:39.927+0000] {logging_mixin.py:188} INFO - [2024-04-17T21:06:39.926+0000] {dag.py:3096} INFO - Sync 1 DAGs
[2024-04-17T21:06:40.147+0000] {logging_mixin.py:188} INFO - [2024-04-17T21:06:40.146+0000] {dag.py:3954} INFO - Setting next_dagrun for example_short_circuit_operator to 2024-04-16 00:00:00+00:00, run_after=2024-04-17 00:00:00+00:00
[2024-04-17T21:06:40.300+0000] {processor.py:183} INFO - Processing /home/airflow/.local/lib/python3.12/site-packages/airflow/example_dags/example_short_circuit_operator.py took 0.780 seconds
[2024-04-17T21:07:12.285+0000] {processor.py:161} INFO - Started process (PID=339) to work on /home/airflow/.local/lib/python3.12/site-packages/airflow/example_dags/example_short_circuit_operator.py
[2024-04-17T21:07:12.305+0000] {processor.py:830} INFO - Processing file /home/airflow/.local/lib/python3.12/site-packages/airflow/example_dags/example_short_circuit_operator.py for tasks to queue
[2024-04-17T21:07:12.309+0000] {logging_mixin.py:188} INFO - [2024-04-17T21:07:12.308+0000] {dagbag.py:540} INFO - Filling up the DagBag from /home/airflow/.local/lib/python3.12/site-packages/airflow/example_dags/example_short_circuit_operator.py
[2024-04-17T21:07:12.325+0000] {processor.py:840} INFO - DAG(s) 'example_short_circuit_operator' retrieved from /home/airflow/.local/lib/python3.12/site-packages/airflow/example_dags/example_short_circuit_operator.py
[2024-04-17T21:07:12.385+0000] {logging_mixin.py:188} INFO - [2024-04-17T21:07:12.384+0000] {dag.py:3096} INFO - Sync 1 DAGs
[2024-04-17T21:07:14.354+0000] {logging_mixin.py:188} INFO - [2024-04-17T21:07:14.354+0000] {dag.py:3954} INFO - Setting next_dagrun for example_short_circuit_operator to 2024-04-16 00:00:00+00:00, run_after=2024-04-17 00:00:00+00:00
[2024-04-17T21:07:15.226+0000] {processor.py:183} INFO - Processing /home/airflow/.local/lib/python3.12/site-packages/airflow/example_dags/example_short_circuit_operator.py took 2.953 seconds
[2024-04-17T21:07:46.072+0000] {processor.py:161} INFO - Started process (PID=397) to work on /home/airflow/.local/lib/python3.12/site-packages/airflow/example_dags/example_short_circuit_operator.py
[2024-04-17T21:07:46.075+0000] {processor.py:830} INFO - Processing file /home/airflow/.local/lib/python3.12/site-packages/airflow/example_dags/example_short_circuit_operator.py for tasks to queue
[2024-04-17T21:07:46.079+0000] {logging_mixin.py:188} INFO - [2024-04-17T21:07:46.078+0000] {dagbag.py:540} INFO - Filling up the DagBag from /home/airflow/.local/lib/python3.12/site-packages/airflow/example_dags/example_short_circuit_operator.py
[2024-04-17T21:07:46.099+0000] {processor.py:840} INFO - DAG(s) 'example_short_circuit_operator' retrieved from /home/airflow/.local/lib/python3.12/site-packages/airflow/example_dags/example_short_circuit_operator.py
[2024-04-17T21:07:46.153+0000] {logging_mixin.py:188} INFO - [2024-04-17T21:07:46.152+0000] {dag.py:3096} INFO - Sync 1 DAGs
[2024-04-17T21:07:46.201+0000] {logging_mixin.py:188} INFO - [2024-04-17T21:07:46.200+0000] {dag.py:3954} INFO - Setting next_dagrun for example_short_circuit_operator to 2024-04-16 00:00:00+00:00, run_after=2024-04-17 00:00:00+00:00
[2024-04-17T21:07:46.261+0000] {processor.py:183} INFO - Processing /home/airflow/.local/lib/python3.12/site-packages/airflow/example_dags/example_short_circuit_operator.py took 0.212 seconds
[2024-04-17T21:08:16.533+0000] {processor.py:161} INFO - Started process (PID=455) to work on /home/airflow/.local/lib/python3.12/site-packages/airflow/example_dags/example_short_circuit_operator.py
[2024-04-17T21:08:16.566+0000] {processor.py:830} INFO - Processing file /home/airflow/.local/lib/python3.12/site-packages/airflow/example_dags/example_short_circuit_operator.py for tasks to queue
[2024-04-17T21:08:16.570+0000] {logging_mixin.py:188} INFO - [2024-04-17T21:08:16.569+0000] {dagbag.py:540} INFO - Filling up the DagBag from /home/airflow/.local/lib/python3.12/site-packages/airflow/example_dags/example_short_circuit_operator.py
[2024-04-17T21:08:16.583+0000] {processor.py:840} INFO - DAG(s) 'example_short_circuit_operator' retrieved from /home/airflow/.local/lib/python3.12/site-packages/airflow/example_dags/example_short_circuit_operator.py
[2024-04-17T21:08:16.641+0000] {logging_mixin.py:188} INFO - [2024-04-17T21:08:16.640+0000] {dag.py:3096} INFO - Sync 1 DAGs
[2024-04-17T21:08:16.719+0000] {logging_mixin.py:188} INFO - [2024-04-17T21:08:16.718+0000] {dag.py:3954} INFO - Setting next_dagrun for example_short_circuit_operator to 2024-04-16 00:00:00+00:00, run_after=2024-04-17 00:00:00+00:00
[2024-04-17T21:08:17.152+0000] {processor.py:183} INFO - Processing /home/airflow/.local/lib/python3.12/site-packages/airflow/example_dags/example_short_circuit_operator.py took 0.632 seconds
[2024-04-17T21:08:47.728+0000] {processor.py:161} INFO - Started process (PID=513) to work on /home/airflow/.local/lib/python3.12/site-packages/airflow/example_dags/example_short_circuit_operator.py
[2024-04-17T21:08:47.730+0000] {processor.py:830} INFO - Processing file /home/airflow/.local/lib/python3.12/site-packages/airflow/example_dags/example_short_circuit_operator.py for tasks to queue
[2024-04-17T21:08:47.735+0000] {logging_mixin.py:188} INFO - [2024-04-17T21:08:47.734+0000] {dagbag.py:540} INFO - Filling up the DagBag from /home/airflow/.local/lib/python3.12/site-packages/airflow/example_dags/example_short_circuit_operator.py
[2024-04-17T21:08:47.755+0000] {processor.py:840} INFO - DAG(s) 'example_short_circuit_operator' retrieved from /home/airflow/.local/lib/python3.12/site-packages/airflow/example_dags/example_short_circuit_operator.py
[2024-04-17T21:08:47.880+0000] {logging_mixin.py:188} INFO - [2024-04-17T21:08:47.879+0000] {dag.py:3096} INFO - Sync 1 DAGs
[2024-04-17T21:08:48.005+0000] {logging_mixin.py:188} INFO - [2024-04-17T21:08:48.004+0000] {dag.py:3954} INFO - Setting next_dagrun for example_short_circuit_operator to 2024-04-16 00:00:00+00:00, run_after=2024-04-17 00:00:00+00:00
[2024-04-17T21:08:48.092+0000] {processor.py:183} INFO - Processing /home/airflow/.local/lib/python3.12/site-packages/airflow/example_dags/example_short_circuit_operator.py took 0.376 seconds
[2024-04-17T21:09:18.691+0000] {processor.py:161} INFO - Started process (PID=571) to work on /home/airflow/.local/lib/python3.12/site-packages/airflow/example_dags/example_short_circuit_operator.py
[2024-04-17T21:09:18.732+0000] {processor.py:830} INFO - Processing file /home/airflow/.local/lib/python3.12/site-packages/airflow/example_dags/example_short_circuit_operator.py for tasks to queue
[2024-04-17T21:09:18.760+0000] {logging_mixin.py:188} INFO - [2024-04-17T21:09:18.760+0000] {dagbag.py:540} INFO - Filling up the DagBag from /home/airflow/.local/lib/python3.12/site-packages/airflow/example_dags/example_short_circuit_operator.py
[2024-04-17T21:09:18.813+0000] {processor.py:840} INFO - DAG(s) 'example_short_circuit_operator' retrieved from /home/airflow/.local/lib/python3.12/site-packages/airflow/example_dags/example_short_circuit_operator.py
[2024-04-17T21:09:19.012+0000] {logging_mixin.py:188} INFO - [2024-04-17T21:09:19.012+0000] {dag.py:3096} INFO - Sync 1 DAGs
[2024-04-17T21:09:19.173+0000] {logging_mixin.py:188} INFO - [2024-04-17T21:09:19.146+0000] {dag.py:3954} INFO - Setting next_dagrun for example_short_circuit_operator to 2024-04-16 00:00:00+00:00, run_after=2024-04-17 00:00:00+00:00
[2024-04-17T21:09:20.033+0000] {processor.py:183} INFO - Processing /home/airflow/.local/lib/python3.12/site-packages/airflow/example_dags/example_short_circuit_operator.py took 1.364 seconds
[2024-04-17T21:09:50.294+0000] {processor.py:161} INFO - Started process (PID=629) to work on /home/airflow/.local/lib/python3.12/site-packages/airflow/example_dags/example_short_circuit_operator.py
[2024-04-17T21:09:50.295+0000] {processor.py:830} INFO - Processing file /home/airflow/.local/lib/python3.12/site-packages/airflow/example_dags/example_short_circuit_operator.py for tasks to queue
[2024-04-17T21:09:50.299+0000] {logging_mixin.py:188} INFO - [2024-04-17T21:09:50.298+0000] {dagbag.py:540} INFO - Filling up the DagBag from /home/airflow/.local/lib/python3.12/site-packages/airflow/example_dags/example_short_circuit_operator.py
[2024-04-17T21:09:50.314+0000] {processor.py:840} INFO - DAG(s) 'example_short_circuit_operator' retrieved from /home/airflow/.local/lib/python3.12/site-packages/airflow/example_dags/example_short_circuit_operator.py
[2024-04-17T21:09:50.365+0000] {logging_mixin.py:188} INFO - [2024-04-17T21:09:50.364+0000] {dag.py:3096} INFO - Sync 1 DAGs
[2024-04-17T21:09:50.419+0000] {logging_mixin.py:188} INFO - [2024-04-17T21:09:50.418+0000] {dag.py:3954} INFO - Setting next_dagrun for example_short_circuit_operator to 2024-04-16 00:00:00+00:00, run_after=2024-04-17 00:00:00+00:00
[2024-04-17T21:09:50.471+0000] {processor.py:183} INFO - Processing /home/airflow/.local/lib/python3.12/site-packages/airflow/example_dags/example_short_circuit_operator.py took 0.187 seconds
[2024-04-17T21:10:20.684+0000] {processor.py:161} INFO - Started process (PID=687) to work on /home/airflow/.local/lib/python3.12/site-packages/airflow/example_dags/example_short_circuit_operator.py
[2024-04-17T21:10:20.685+0000] {processor.py:830} INFO - Processing file /home/airflow/.local/lib/python3.12/site-packages/airflow/example_dags/example_short_circuit_operator.py for tasks to queue
[2024-04-17T21:10:20.687+0000] {logging_mixin.py:188} INFO - [2024-04-17T21:10:20.687+0000] {dagbag.py:540} INFO - Filling up the DagBag from /home/airflow/.local/lib/python3.12/site-packages/airflow/example_dags/example_short_circuit_operator.py
[2024-04-17T21:10:20.697+0000] {processor.py:840} INFO - DAG(s) 'example_short_circuit_operator' retrieved from /home/airflow/.local/lib/python3.12/site-packages/airflow/example_dags/example_short_circuit_operator.py
[2024-04-17T21:10:20.735+0000] {logging_mixin.py:188} INFO - [2024-04-17T21:10:20.734+0000] {dag.py:3096} INFO - Sync 1 DAGs
[2024-04-17T21:10:20.790+0000] {logging_mixin.py:188} INFO - [2024-04-17T21:10:20.790+0000] {dag.py:3954} INFO - Setting next_dagrun for example_short_circuit_operator to 2024-04-16 00:00:00+00:00, run_after=2024-04-17 00:00:00+00:00
[2024-04-17T21:10:20.854+0000] {processor.py:183} INFO - Processing /home/airflow/.local/lib/python3.12/site-packages/airflow/example_dags/example_short_circuit_operator.py took 0.179 seconds
[2024-04-17T21:10:51.080+0000] {processor.py:161} INFO - Started process (PID=746) to work on /home/airflow/.local/lib/python3.12/site-packages/airflow/example_dags/example_short_circuit_operator.py
[2024-04-17T21:10:51.081+0000] {processor.py:830} INFO - Processing file /home/airflow/.local/lib/python3.12/site-packages/airflow/example_dags/example_short_circuit_operator.py for tasks to queue
[2024-04-17T21:10:51.086+0000] {logging_mixin.py:188} INFO - [2024-04-17T21:10:51.085+0000] {dagbag.py:540} INFO - Filling up the DagBag from /home/airflow/.local/lib/python3.12/site-packages/airflow/example_dags/example_short_circuit_operator.py
[2024-04-17T21:10:51.104+0000] {processor.py:840} INFO - DAG(s) 'example_short_circuit_operator' retrieved from /home/airflow/.local/lib/python3.12/site-packages/airflow/example_dags/example_short_circuit_operator.py
[2024-04-17T21:10:51.158+0000] {logging_mixin.py:188} INFO - [2024-04-17T21:10:51.157+0000] {dag.py:3096} INFO - Sync 1 DAGs
[2024-04-17T21:10:51.213+0000] {logging_mixin.py:188} INFO - [2024-04-17T21:10:51.213+0000] {dag.py:3954} INFO - Setting next_dagrun for example_short_circuit_operator to 2024-04-16 00:00:00+00:00, run_after=2024-04-17 00:00:00+00:00
[2024-04-17T21:10:51.257+0000] {processor.py:183} INFO - Processing /home/airflow/.local/lib/python3.12/site-packages/airflow/example_dags/example_short_circuit_operator.py took 0.192 seconds
[2024-04-17T21:11:22.041+0000] {processor.py:161} INFO - Started process (PID=804) to work on /home/airflow/.local/lib/python3.12/site-packages/airflow/example_dags/example_short_circuit_operator.py
[2024-04-17T21:11:22.043+0000] {processor.py:830} INFO - Processing file /home/airflow/.local/lib/python3.12/site-packages/airflow/example_dags/example_short_circuit_operator.py for tasks to queue
[2024-04-17T21:11:22.047+0000] {logging_mixin.py:188} INFO - [2024-04-17T21:11:22.046+0000] {dagbag.py:540} INFO - Filling up the DagBag from /home/airflow/.local/lib/python3.12/site-packages/airflow/example_dags/example_short_circuit_operator.py
[2024-04-17T21:11:22.064+0000] {processor.py:840} INFO - DAG(s) 'example_short_circuit_operator' retrieved from /home/airflow/.local/lib/python3.12/site-packages/airflow/example_dags/example_short_circuit_operator.py
[2024-04-17T21:11:22.118+0000] {logging_mixin.py:188} INFO - [2024-04-17T21:11:22.118+0000] {dag.py:3096} INFO - Sync 1 DAGs
[2024-04-17T21:11:22.192+0000] {logging_mixin.py:188} INFO - [2024-04-17T21:11:22.191+0000] {dag.py:3954} INFO - Setting next_dagrun for example_short_circuit_operator to 2024-04-16 00:00:00+00:00, run_after=2024-04-17 00:00:00+00:00
[2024-04-17T21:11:22.271+0000] {processor.py:183} INFO - Processing /home/airflow/.local/lib/python3.12/site-packages/airflow/example_dags/example_short_circuit_operator.py took 0.242 seconds
[2024-04-17T21:11:52.767+0000] {processor.py:161} INFO - Started process (PID=862) to work on /home/airflow/.local/lib/python3.12/site-packages/airflow/example_dags/example_short_circuit_operator.py
[2024-04-17T21:11:52.768+0000] {processor.py:830} INFO - Processing file /home/airflow/.local/lib/python3.12/site-packages/airflow/example_dags/example_short_circuit_operator.py for tasks to queue
[2024-04-17T21:11:52.773+0000] {logging_mixin.py:188} INFO - [2024-04-17T21:11:52.772+0000] {dagbag.py:540} INFO - Filling up the DagBag from /home/airflow/.local/lib/python3.12/site-packages/airflow/example_dags/example_short_circuit_operator.py
[2024-04-17T21:11:52.787+0000] {processor.py:840} INFO - DAG(s) 'example_short_circuit_operator' retrieved from /home/airflow/.local/lib/python3.12/site-packages/airflow/example_dags/example_short_circuit_operator.py
[2024-04-17T21:11:52.835+0000] {logging_mixin.py:188} INFO - [2024-04-17T21:11:52.834+0000] {dag.py:3096} INFO - Sync 1 DAGs
[2024-04-17T21:11:52.882+0000] {logging_mixin.py:188} INFO - [2024-04-17T21:11:52.882+0000] {dag.py:3954} INFO - Setting next_dagrun for example_short_circuit_operator to 2024-04-16 00:00:00+00:00, run_after=2024-04-17 00:00:00+00:00
[2024-04-17T21:11:52.924+0000] {processor.py:183} INFO - Processing /home/airflow/.local/lib/python3.12/site-packages/airflow/example_dags/example_short_circuit_operator.py took 0.167 seconds
[2024-04-17T21:12:23.391+0000] {processor.py:161} INFO - Started process (PID=920) to work on /home/airflow/.local/lib/python3.12/site-packages/airflow/example_dags/example_short_circuit_operator.py
[2024-04-17T21:12:23.393+0000] {processor.py:830} INFO - Processing file /home/airflow/.local/lib/python3.12/site-packages/airflow/example_dags/example_short_circuit_operator.py for tasks to queue
[2024-04-17T21:12:23.395+0000] {logging_mixin.py:188} INFO - [2024-04-17T21:12:23.395+0000] {dagbag.py:540} INFO - Filling up the DagBag from /home/airflow/.local/lib/python3.12/site-packages/airflow/example_dags/example_short_circuit_operator.py
[2024-04-17T21:12:23.408+0000] {processor.py:840} INFO - DAG(s) 'example_short_circuit_operator' retrieved from /home/airflow/.local/lib/python3.12/site-packages/airflow/example_dags/example_short_circuit_operator.py
[2024-04-17T21:12:23.452+0000] {logging_mixin.py:188} INFO - [2024-04-17T21:12:23.452+0000] {dag.py:3096} INFO - Sync 1 DAGs
[2024-04-17T21:12:23.494+0000] {logging_mixin.py:188} INFO - [2024-04-17T21:12:23.493+0000] {dag.py:3954} INFO - Setting next_dagrun for example_short_circuit_operator to 2024-04-16 00:00:00+00:00, run_after=2024-04-17 00:00:00+00:00
[2024-04-17T21:12:23.539+0000] {processor.py:183} INFO - Processing /home/airflow/.local/lib/python3.12/site-packages/airflow/example_dags/example_short_circuit_operator.py took 0.156 seconds
[2024-04-17T21:12:54.259+0000] {processor.py:161} INFO - Started process (PID=978) to work on /home/airflow/.local/lib/python3.12/site-packages/airflow/example_dags/example_short_circuit_operator.py
[2024-04-17T21:12:54.260+0000] {processor.py:830} INFO - Processing file /home/airflow/.local/lib/python3.12/site-packages/airflow/example_dags/example_short_circuit_operator.py for tasks to queue
[2024-04-17T21:12:54.263+0000] {logging_mixin.py:188} INFO - [2024-04-17T21:12:54.263+0000] {dagbag.py:540} INFO - Filling up the DagBag from /home/airflow/.local/lib/python3.12/site-packages/airflow/example_dags/example_short_circuit_operator.py
[2024-04-17T21:12:54.281+0000] {processor.py:840} INFO - DAG(s) 'example_short_circuit_operator' retrieved from /home/airflow/.local/lib/python3.12/site-packages/airflow/example_dags/example_short_circuit_operator.py
[2024-04-17T21:12:54.349+0000] {logging_mixin.py:188} INFO - [2024-04-17T21:12:54.349+0000] {dag.py:3096} INFO - Sync 1 DAGs
[2024-04-17T21:12:54.403+0000] {logging_mixin.py:188} INFO - [2024-04-17T21:12:54.402+0000] {dag.py:3954} INFO - Setting next_dagrun for example_short_circuit_operator to 2024-04-16 00:00:00+00:00, run_after=2024-04-17 00:00:00+00:00
[2024-04-17T21:12:54.452+0000] {processor.py:183} INFO - Processing /home/airflow/.local/lib/python3.12/site-packages/airflow/example_dags/example_short_circuit_operator.py took 0.202 seconds
[2024-04-17T21:13:24.990+0000] {processor.py:161} INFO - Started process (PID=1036) to work on /home/airflow/.local/lib/python3.12/site-packages/airflow/example_dags/example_short_circuit_operator.py
[2024-04-17T21:13:24.992+0000] {processor.py:830} INFO - Processing file /home/airflow/.local/lib/python3.12/site-packages/airflow/example_dags/example_short_circuit_operator.py for tasks to queue
[2024-04-17T21:13:24.995+0000] {logging_mixin.py:188} INFO - [2024-04-17T21:13:24.994+0000] {dagbag.py:540} INFO - Filling up the DagBag from /home/airflow/.local/lib/python3.12/site-packages/airflow/example_dags/example_short_circuit_operator.py
[2024-04-17T21:13:25.011+0000] {processor.py:840} INFO - DAG(s) 'example_short_circuit_operator' retrieved from /home/airflow/.local/lib/python3.12/site-packages/airflow/example_dags/example_short_circuit_operator.py
[2024-04-17T21:13:25.064+0000] {logging_mixin.py:188} INFO - [2024-04-17T21:13:25.064+0000] {dag.py:3096} INFO - Sync 1 DAGs
[2024-04-17T21:13:25.124+0000] {logging_mixin.py:188} INFO - [2024-04-17T21:13:25.124+0000] {dag.py:3954} INFO - Setting next_dagrun for example_short_circuit_operator to 2024-04-16 00:00:00+00:00, run_after=2024-04-17 00:00:00+00:00
[2024-04-17T21:13:25.178+0000] {processor.py:183} INFO - Processing /home/airflow/.local/lib/python3.12/site-packages/airflow/example_dags/example_short_circuit_operator.py took 0.197 seconds
[2024-04-17T21:15:06.443+0000] {processor.py:161} INFO - Started process (PID=81) to work on /home/airflow/.local/lib/python3.12/site-packages/airflow/example_dags/example_short_circuit_operator.py
[2024-04-17T21:15:06.445+0000] {processor.py:830} INFO - Processing file /home/airflow/.local/lib/python3.12/site-packages/airflow/example_dags/example_short_circuit_operator.py for tasks to queue
[2024-04-17T21:15:06.448+0000] {logging_mixin.py:188} INFO - [2024-04-17T21:15:06.448+0000] {dagbag.py:540} INFO - Filling up the DagBag from /home/airflow/.local/lib/python3.12/site-packages/airflow/example_dags/example_short_circuit_operator.py
[2024-04-17T21:15:06.461+0000] {processor.py:840} INFO - DAG(s) 'example_short_circuit_operator' retrieved from /home/airflow/.local/lib/python3.12/site-packages/airflow/example_dags/example_short_circuit_operator.py
[2024-04-17T21:15:06.685+0000] {logging_mixin.py:188} INFO - [2024-04-17T21:15:06.684+0000] {dag.py:3096} INFO - Sync 1 DAGs
[2024-04-17T21:15:06.729+0000] {logging_mixin.py:188} INFO - [2024-04-17T21:15:06.729+0000] {dag.py:3954} INFO - Setting next_dagrun for example_short_circuit_operator to 2024-04-16 00:00:00+00:00, run_after=2024-04-17 00:00:00+00:00
[2024-04-17T21:15:06.776+0000] {processor.py:183} INFO - Processing /home/airflow/.local/lib/python3.12/site-packages/airflow/example_dags/example_short_circuit_operator.py took 0.344 seconds
[2024-04-17T21:15:37.190+0000] {processor.py:161} INFO - Started process (PID=139) to work on /home/airflow/.local/lib/python3.12/site-packages/airflow/example_dags/example_short_circuit_operator.py
[2024-04-17T21:15:37.193+0000] {processor.py:830} INFO - Processing file /home/airflow/.local/lib/python3.12/site-packages/airflow/example_dags/example_short_circuit_operator.py for tasks to queue
[2024-04-17T21:15:37.197+0000] {logging_mixin.py:188} INFO - [2024-04-17T21:15:37.196+0000] {dagbag.py:540} INFO - Filling up the DagBag from /home/airflow/.local/lib/python3.12/site-packages/airflow/example_dags/example_short_circuit_operator.py
[2024-04-17T21:15:37.221+0000] {processor.py:840} INFO - DAG(s) 'example_short_circuit_operator' retrieved from /home/airflow/.local/lib/python3.12/site-packages/airflow/example_dags/example_short_circuit_operator.py
[2024-04-17T21:15:37.296+0000] {logging_mixin.py:188} INFO - [2024-04-17T21:15:37.296+0000] {dag.py:3096} INFO - Sync 1 DAGs
[2024-04-17T21:15:37.377+0000] {logging_mixin.py:188} INFO - [2024-04-17T21:15:37.376+0000] {dag.py:3954} INFO - Setting next_dagrun for example_short_circuit_operator to 2024-04-16 00:00:00+00:00, run_after=2024-04-17 00:00:00+00:00
[2024-04-17T21:15:37.436+0000] {processor.py:183} INFO - Processing /home/airflow/.local/lib/python3.12/site-packages/airflow/example_dags/example_short_circuit_operator.py took 0.263 seconds
[2024-04-17T21:16:08.243+0000] {processor.py:161} INFO - Started process (PID=197) to work on /home/airflow/.local/lib/python3.12/site-packages/airflow/example_dags/example_short_circuit_operator.py
[2024-04-17T21:16:08.245+0000] {processor.py:830} INFO - Processing file /home/airflow/.local/lib/python3.12/site-packages/airflow/example_dags/example_short_circuit_operator.py for tasks to queue
[2024-04-17T21:16:08.248+0000] {logging_mixin.py:188} INFO - [2024-04-17T21:16:08.247+0000] {dagbag.py:540} INFO - Filling up the DagBag from /home/airflow/.local/lib/python3.12/site-packages/airflow/example_dags/example_short_circuit_operator.py
[2024-04-17T21:16:08.256+0000] {processor.py:840} INFO - DAG(s) 'example_short_circuit_operator' retrieved from /home/airflow/.local/lib/python3.12/site-packages/airflow/example_dags/example_short_circuit_operator.py
[2024-04-17T21:16:08.293+0000] {logging_mixin.py:188} INFO - [2024-04-17T21:16:08.293+0000] {dag.py:3096} INFO - Sync 1 DAGs
[2024-04-17T21:16:08.330+0000] {logging_mixin.py:188} INFO - [2024-04-17T21:16:08.330+0000] {dag.py:3954} INFO - Setting next_dagrun for example_short_circuit_operator to 2024-04-16 00:00:00+00:00, run_after=2024-04-17 00:00:00+00:00
[2024-04-17T21:16:08.362+0000] {processor.py:183} INFO - Processing /home/airflow/.local/lib/python3.12/site-packages/airflow/example_dags/example_short_circuit_operator.py took 0.126 seconds
[2024-04-17T21:16:38.725+0000] {processor.py:161} INFO - Started process (PID=255) to work on /home/airflow/.local/lib/python3.12/site-packages/airflow/example_dags/example_short_circuit_operator.py
[2024-04-17T21:16:38.727+0000] {processor.py:830} INFO - Processing file /home/airflow/.local/lib/python3.12/site-packages/airflow/example_dags/example_short_circuit_operator.py for tasks to queue
[2024-04-17T21:16:38.730+0000] {logging_mixin.py:188} INFO - [2024-04-17T21:16:38.729+0000] {dagbag.py:540} INFO - Filling up the DagBag from /home/airflow/.local/lib/python3.12/site-packages/airflow/example_dags/example_short_circuit_operator.py
[2024-04-17T21:16:38.739+0000] {processor.py:840} INFO - DAG(s) 'example_short_circuit_operator' retrieved from /home/airflow/.local/lib/python3.12/site-packages/airflow/example_dags/example_short_circuit_operator.py
[2024-04-17T21:16:38.776+0000] {logging_mixin.py:188} INFO - [2024-04-17T21:16:38.775+0000] {dag.py:3096} INFO - Sync 1 DAGs
[2024-04-17T21:16:38.814+0000] {logging_mixin.py:188} INFO - [2024-04-17T21:16:38.813+0000] {dag.py:3954} INFO - Setting next_dagrun for example_short_circuit_operator to 2024-04-16 00:00:00+00:00, run_after=2024-04-17 00:00:00+00:00
[2024-04-17T21:16:38.852+0000] {processor.py:183} INFO - Processing /home/airflow/.local/lib/python3.12/site-packages/airflow/example_dags/example_short_circuit_operator.py took 0.134 seconds
[2024-04-17T21:17:09.124+0000] {processor.py:161} INFO - Started process (PID=313) to work on /home/airflow/.local/lib/python3.12/site-packages/airflow/example_dags/example_short_circuit_operator.py
[2024-04-17T21:17:09.125+0000] {processor.py:830} INFO - Processing file /home/airflow/.local/lib/python3.12/site-packages/airflow/example_dags/example_short_circuit_operator.py for tasks to queue
[2024-04-17T21:17:09.128+0000] {logging_mixin.py:188} INFO - [2024-04-17T21:17:09.127+0000] {dagbag.py:540} INFO - Filling up the DagBag from /home/airflow/.local/lib/python3.12/site-packages/airflow/example_dags/example_short_circuit_operator.py
[2024-04-17T21:17:09.136+0000] {processor.py:840} INFO - DAG(s) 'example_short_circuit_operator' retrieved from /home/airflow/.local/lib/python3.12/site-packages/airflow/example_dags/example_short_circuit_operator.py
[2024-04-17T21:17:09.173+0000] {logging_mixin.py:188} INFO - [2024-04-17T21:17:09.173+0000] {dag.py:3096} INFO - Sync 1 DAGs
[2024-04-17T21:17:09.213+0000] {logging_mixin.py:188} INFO - [2024-04-17T21:17:09.212+0000] {dag.py:3954} INFO - Setting next_dagrun for example_short_circuit_operator to 2024-04-16 00:00:00+00:00, run_after=2024-04-17 00:00:00+00:00
[2024-04-17T21:17:09.248+0000] {processor.py:183} INFO - Processing /home/airflow/.local/lib/python3.12/site-packages/airflow/example_dags/example_short_circuit_operator.py took 0.131 seconds
[2024-04-17T21:17:40.257+0000] {processor.py:161} INFO - Started process (PID=371) to work on /home/airflow/.local/lib/python3.12/site-packages/airflow/example_dags/example_short_circuit_operator.py
[2024-04-17T21:17:40.259+0000] {processor.py:830} INFO - Processing file /home/airflow/.local/lib/python3.12/site-packages/airflow/example_dags/example_short_circuit_operator.py for tasks to queue
[2024-04-17T21:17:40.261+0000] {logging_mixin.py:188} INFO - [2024-04-17T21:17:40.261+0000] {dagbag.py:540} INFO - Filling up the DagBag from /home/airflow/.local/lib/python3.12/site-packages/airflow/example_dags/example_short_circuit_operator.py
[2024-04-17T21:17:40.271+0000] {processor.py:840} INFO - DAG(s) 'example_short_circuit_operator' retrieved from /home/airflow/.local/lib/python3.12/site-packages/airflow/example_dags/example_short_circuit_operator.py
[2024-04-17T21:17:40.311+0000] {logging_mixin.py:188} INFO - [2024-04-17T21:17:40.311+0000] {dag.py:3096} INFO - Sync 1 DAGs
[2024-04-17T21:17:40.346+0000] {logging_mixin.py:188} INFO - [2024-04-17T21:17:40.346+0000] {dag.py:3954} INFO - Setting next_dagrun for example_short_circuit_operator to 2024-04-16 00:00:00+00:00, run_after=2024-04-17 00:00:00+00:00
[2024-04-17T21:17:40.382+0000] {processor.py:183} INFO - Processing /home/airflow/.local/lib/python3.12/site-packages/airflow/example_dags/example_short_circuit_operator.py took 0.132 seconds
[2024-04-17T21:18:11.165+0000] {processor.py:161} INFO - Started process (PID=429) to work on /home/airflow/.local/lib/python3.12/site-packages/airflow/example_dags/example_short_circuit_operator.py
[2024-04-17T21:18:11.167+0000] {processor.py:830} INFO - Processing file /home/airflow/.local/lib/python3.12/site-packages/airflow/example_dags/example_short_circuit_operator.py for tasks to queue
[2024-04-17T21:18:11.171+0000] {logging_mixin.py:188} INFO - [2024-04-17T21:18:11.171+0000] {dagbag.py:540} INFO - Filling up the DagBag from /home/airflow/.local/lib/python3.12/site-packages/airflow/example_dags/example_short_circuit_operator.py
[2024-04-17T21:18:11.185+0000] {processor.py:840} INFO - DAG(s) 'example_short_circuit_operator' retrieved from /home/airflow/.local/lib/python3.12/site-packages/airflow/example_dags/example_short_circuit_operator.py
[2024-04-17T21:18:11.222+0000] {logging_mixin.py:188} INFO - [2024-04-17T21:18:11.221+0000] {dag.py:3096} INFO - Sync 1 DAGs
[2024-04-17T21:18:11.257+0000] {logging_mixin.py:188} INFO - [2024-04-17T21:18:11.257+0000] {dag.py:3954} INFO - Setting next_dagrun for example_short_circuit_operator to 2024-04-16 00:00:00+00:00, run_after=2024-04-17 00:00:00+00:00
[2024-04-17T21:18:11.301+0000] {processor.py:183} INFO - Processing /home/airflow/.local/lib/python3.12/site-packages/airflow/example_dags/example_short_circuit_operator.py took 0.144 seconds
[2024-04-17T21:18:41.966+0000] {processor.py:161} INFO - Started process (PID=487) to work on /home/airflow/.local/lib/python3.12/site-packages/airflow/example_dags/example_short_circuit_operator.py
[2024-04-17T21:18:41.968+0000] {processor.py:830} INFO - Processing file /home/airflow/.local/lib/python3.12/site-packages/airflow/example_dags/example_short_circuit_operator.py for tasks to queue
[2024-04-17T21:18:41.977+0000] {logging_mixin.py:188} INFO - [2024-04-17T21:18:41.975+0000] {dagbag.py:540} INFO - Filling up the DagBag from /home/airflow/.local/lib/python3.12/site-packages/airflow/example_dags/example_short_circuit_operator.py
[2024-04-17T21:18:42.002+0000] {processor.py:840} INFO - DAG(s) 'example_short_circuit_operator' retrieved from /home/airflow/.local/lib/python3.12/site-packages/airflow/example_dags/example_short_circuit_operator.py
[2024-04-17T21:18:42.072+0000] {logging_mixin.py:188} INFO - [2024-04-17T21:18:42.071+0000] {dag.py:3096} INFO - Sync 1 DAGs
[2024-04-17T21:18:42.127+0000] {logging_mixin.py:188} INFO - [2024-04-17T21:18:42.127+0000] {dag.py:3954} INFO - Setting next_dagrun for example_short_circuit_operator to 2024-04-16 00:00:00+00:00, run_after=2024-04-17 00:00:00+00:00
[2024-04-17T21:18:42.173+0000] {processor.py:183} INFO - Processing /home/airflow/.local/lib/python3.12/site-packages/airflow/example_dags/example_short_circuit_operator.py took 0.216 seconds
[2024-04-17T21:19:13.135+0000] {processor.py:161} INFO - Started process (PID=545) to work on /home/airflow/.local/lib/python3.12/site-packages/airflow/example_dags/example_short_circuit_operator.py
[2024-04-17T21:19:13.137+0000] {processor.py:830} INFO - Processing file /home/airflow/.local/lib/python3.12/site-packages/airflow/example_dags/example_short_circuit_operator.py for tasks to queue
[2024-04-17T21:19:13.141+0000] {logging_mixin.py:188} INFO - [2024-04-17T21:19:13.140+0000] {dagbag.py:540} INFO - Filling up the DagBag from /home/airflow/.local/lib/python3.12/site-packages/airflow/example_dags/example_short_circuit_operator.py
[2024-04-17T21:19:13.160+0000] {processor.py:840} INFO - DAG(s) 'example_short_circuit_operator' retrieved from /home/airflow/.local/lib/python3.12/site-packages/airflow/example_dags/example_short_circuit_operator.py
[2024-04-17T21:19:13.236+0000] {logging_mixin.py:188} INFO - [2024-04-17T21:19:13.235+0000] {dag.py:3096} INFO - Sync 1 DAGs
[2024-04-17T21:19:13.305+0000] {logging_mixin.py:188} INFO - [2024-04-17T21:19:13.305+0000] {dag.py:3954} INFO - Setting next_dagrun for example_short_circuit_operator to 2024-04-16 00:00:00+00:00, run_after=2024-04-17 00:00:00+00:00
[2024-04-17T21:19:13.376+0000] {processor.py:183} INFO - Processing /home/airflow/.local/lib/python3.12/site-packages/airflow/example_dags/example_short_circuit_operator.py took 0.251 seconds
[2024-04-17T23:57:42.820+0000] {processor.py:161} INFO - Started process (PID=79) to work on /home/airflow/.local/lib/python3.12/site-packages/airflow/example_dags/example_short_circuit_operator.py
[2024-04-17T23:57:42.821+0000] {processor.py:830} INFO - Processing file /home/airflow/.local/lib/python3.12/site-packages/airflow/example_dags/example_short_circuit_operator.py for tasks to queue
[2024-04-17T23:57:42.824+0000] {logging_mixin.py:188} INFO - [2024-04-17T23:57:42.823+0000] {dagbag.py:540} INFO - Filling up the DagBag from /home/airflow/.local/lib/python3.12/site-packages/airflow/example_dags/example_short_circuit_operator.py
[2024-04-17T23:57:42.833+0000] {processor.py:840} INFO - DAG(s) 'example_short_circuit_operator' retrieved from /home/airflow/.local/lib/python3.12/site-packages/airflow/example_dags/example_short_circuit_operator.py
[2024-04-17T23:57:42.867+0000] {logging_mixin.py:188} INFO - [2024-04-17T23:57:42.867+0000] {dag.py:3096} INFO - Sync 1 DAGs
[2024-04-17T23:57:42.913+0000] {logging_mixin.py:188} INFO - [2024-04-17T23:57:42.912+0000] {dag.py:3954} INFO - Setting next_dagrun for example_short_circuit_operator to 2024-04-16 00:00:00+00:00, run_after=2024-04-17 00:00:00+00:00
[2024-04-17T23:57:42.946+0000] {processor.py:183} INFO - Processing /home/airflow/.local/lib/python3.12/site-packages/airflow/example_dags/example_short_circuit_operator.py took 0.133 seconds
[2024-04-17T23:58:14.072+0000] {processor.py:161} INFO - Started process (PID=137) to work on /home/airflow/.local/lib/python3.12/site-packages/airflow/example_dags/example_short_circuit_operator.py
[2024-04-17T23:58:14.073+0000] {processor.py:830} INFO - Processing file /home/airflow/.local/lib/python3.12/site-packages/airflow/example_dags/example_short_circuit_operator.py for tasks to queue
[2024-04-17T23:58:14.076+0000] {logging_mixin.py:188} INFO - [2024-04-17T23:58:14.075+0000] {dagbag.py:540} INFO - Filling up the DagBag from /home/airflow/.local/lib/python3.12/site-packages/airflow/example_dags/example_short_circuit_operator.py
[2024-04-17T23:58:14.086+0000] {processor.py:840} INFO - DAG(s) 'example_short_circuit_operator' retrieved from /home/airflow/.local/lib/python3.12/site-packages/airflow/example_dags/example_short_circuit_operator.py
[2024-04-17T23:58:14.127+0000] {logging_mixin.py:188} INFO - [2024-04-17T23:58:14.127+0000] {dag.py:3096} INFO - Sync 1 DAGs
[2024-04-17T23:58:14.170+0000] {logging_mixin.py:188} INFO - [2024-04-17T23:58:14.169+0000] {dag.py:3954} INFO - Setting next_dagrun for example_short_circuit_operator to 2024-04-16 00:00:00+00:00, run_after=2024-04-17 00:00:00+00:00
[2024-04-17T23:58:14.214+0000] {processor.py:183} INFO - Processing /home/airflow/.local/lib/python3.12/site-packages/airflow/example_dags/example_short_circuit_operator.py took 0.148 seconds
[2024-04-17T23:58:44.335+0000] {processor.py:161} INFO - Started process (PID=195) to work on /home/airflow/.local/lib/python3.12/site-packages/airflow/example_dags/example_short_circuit_operator.py
[2024-04-17T23:58:44.336+0000] {processor.py:830} INFO - Processing file /home/airflow/.local/lib/python3.12/site-packages/airflow/example_dags/example_short_circuit_operator.py for tasks to queue
[2024-04-17T23:58:44.339+0000] {logging_mixin.py:188} INFO - [2024-04-17T23:58:44.339+0000] {dagbag.py:540} INFO - Filling up the DagBag from /home/airflow/.local/lib/python3.12/site-packages/airflow/example_dags/example_short_circuit_operator.py
[2024-04-17T23:58:44.352+0000] {processor.py:840} INFO - DAG(s) 'example_short_circuit_operator' retrieved from /home/airflow/.local/lib/python3.12/site-packages/airflow/example_dags/example_short_circuit_operator.py
[2024-04-17T23:58:44.388+0000] {logging_mixin.py:188} INFO - [2024-04-17T23:58:44.387+0000] {dag.py:3096} INFO - Sync 1 DAGs
[2024-04-17T23:58:44.422+0000] {logging_mixin.py:188} INFO - [2024-04-17T23:58:44.422+0000] {dag.py:3954} INFO - Setting next_dagrun for example_short_circuit_operator to 2024-04-16 00:00:00+00:00, run_after=2024-04-17 00:00:00+00:00
[2024-04-17T23:58:44.461+0000] {processor.py:183} INFO - Processing /home/airflow/.local/lib/python3.12/site-packages/airflow/example_dags/example_short_circuit_operator.py took 0.132 seconds
[2024-04-17T23:59:15.585+0000] {processor.py:161} INFO - Started process (PID=253) to work on /home/airflow/.local/lib/python3.12/site-packages/airflow/example_dags/example_short_circuit_operator.py
[2024-04-17T23:59:15.586+0000] {processor.py:830} INFO - Processing file /home/airflow/.local/lib/python3.12/site-packages/airflow/example_dags/example_short_circuit_operator.py for tasks to queue
[2024-04-17T23:59:15.589+0000] {logging_mixin.py:188} INFO - [2024-04-17T23:59:15.588+0000] {dagbag.py:540} INFO - Filling up the DagBag from /home/airflow/.local/lib/python3.12/site-packages/airflow/example_dags/example_short_circuit_operator.py
[2024-04-17T23:59:15.599+0000] {processor.py:840} INFO - DAG(s) 'example_short_circuit_operator' retrieved from /home/airflow/.local/lib/python3.12/site-packages/airflow/example_dags/example_short_circuit_operator.py
[2024-04-17T23:59:15.640+0000] {logging_mixin.py:188} INFO - [2024-04-17T23:59:15.639+0000] {dag.py:3096} INFO - Sync 1 DAGs
[2024-04-17T23:59:15.679+0000] {logging_mixin.py:188} INFO - [2024-04-17T23:59:15.678+0000] {dag.py:3954} INFO - Setting next_dagrun for example_short_circuit_operator to 2024-04-16 00:00:00+00:00, run_after=2024-04-17 00:00:00+00:00
[2024-04-17T23:59:15.715+0000] {processor.py:183} INFO - Processing /home/airflow/.local/lib/python3.12/site-packages/airflow/example_dags/example_short_circuit_operator.py took 0.136 seconds
[2024-04-17T23:59:46.686+0000] {processor.py:161} INFO - Started process (PID=312) to work on /home/airflow/.local/lib/python3.12/site-packages/airflow/example_dags/example_short_circuit_operator.py
[2024-04-17T23:59:46.688+0000] {processor.py:830} INFO - Processing file /home/airflow/.local/lib/python3.12/site-packages/airflow/example_dags/example_short_circuit_operator.py for tasks to queue
[2024-04-17T23:59:46.691+0000] {logging_mixin.py:188} INFO - [2024-04-17T23:59:46.691+0000] {dagbag.py:540} INFO - Filling up the DagBag from /home/airflow/.local/lib/python3.12/site-packages/airflow/example_dags/example_short_circuit_operator.py
[2024-04-17T23:59:46.702+0000] {processor.py:840} INFO - DAG(s) 'example_short_circuit_operator' retrieved from /home/airflow/.local/lib/python3.12/site-packages/airflow/example_dags/example_short_circuit_operator.py
[2024-04-17T23:59:46.742+0000] {logging_mixin.py:188} INFO - [2024-04-17T23:59:46.742+0000] {dag.py:3096} INFO - Sync 1 DAGs
[2024-04-17T23:59:46.779+0000] {logging_mixin.py:188} INFO - [2024-04-17T23:59:46.778+0000] {dag.py:3954} INFO - Setting next_dagrun for example_short_circuit_operator to 2024-04-16 00:00:00+00:00, run_after=2024-04-17 00:00:00+00:00
[2024-04-17T23:59:46.815+0000] {processor.py:183} INFO - Processing /home/airflow/.local/lib/python3.12/site-packages/airflow/example_dags/example_short_circuit_operator.py took 0.136 seconds
