[2024-04-17T21:04:20.201+0000] {processor.py:161} INFO - Started process (PID=55) to work on /home/airflow/.local/lib/python3.12/site-packages/airflow/example_dags/example_external_task_marker_dag.py
[2024-04-17T21:04:20.208+0000] {processor.py:830} INFO - Processing file /home/airflow/.local/lib/python3.12/site-packages/airflow/example_dags/example_external_task_marker_dag.py for tasks to queue
[2024-04-17T21:04:20.271+0000] {logging_mixin.py:188} INFO - [2024-04-17T21:04:20.271+0000] {dagbag.py:540} INFO - Filling up the DagBag from /home/airflow/.local/lib/python3.12/site-packages/airflow/example_dags/example_external_task_marker_dag.py
[2024-04-17T21:04:20.673+0000] {processor.py:840} INFO - DAG(s) 'example_external_task_marker_parent', 'example_external_task_marker_child' retrieved from /home/airflow/.local/lib/python3.12/site-packages/airflow/example_dags/example_external_task_marker_dag.py
[2024-04-17T21:04:22.296+0000] {logging_mixin.py:188} INFO - [2024-04-17T21:04:22.295+0000] {dag.py:3096} INFO - Sync 2 DAGs
[2024-04-17T21:04:22.364+0000] {logging_mixin.py:188} INFO - [2024-04-17T21:04:22.363+0000] {dag.py:3954} INFO - Setting next_dagrun for example_external_task_marker_child to None, run_after=None
[2024-04-17T21:04:22.388+0000] {logging_mixin.py:188} INFO - [2024-04-17T21:04:22.388+0000] {dag.py:3954} INFO - Setting next_dagrun for example_external_task_marker_parent to None, run_after=None
[2024-04-17T21:04:22.549+0000] {processor.py:183} INFO - Processing /home/airflow/.local/lib/python3.12/site-packages/airflow/example_dags/example_external_task_marker_dag.py took 2.565 seconds
[2024-04-17T21:05:05.671+0000] {processor.py:161} INFO - Started process (PID=113) to work on /home/airflow/.local/lib/python3.12/site-packages/airflow/example_dags/example_external_task_marker_dag.py
[2024-04-17T21:05:05.673+0000] {processor.py:830} INFO - Processing file /home/airflow/.local/lib/python3.12/site-packages/airflow/example_dags/example_external_task_marker_dag.py for tasks to queue
[2024-04-17T21:05:05.678+0000] {logging_mixin.py:188} INFO - [2024-04-17T21:05:05.677+0000] {dagbag.py:540} INFO - Filling up the DagBag from /home/airflow/.local/lib/python3.12/site-packages/airflow/example_dags/example_external_task_marker_dag.py
[2024-04-17T21:05:05.689+0000] {processor.py:840} INFO - DAG(s) 'example_external_task_marker_child', 'example_external_task_marker_parent' retrieved from /home/airflow/.local/lib/python3.12/site-packages/airflow/example_dags/example_external_task_marker_dag.py
[2024-04-17T21:05:05.738+0000] {logging_mixin.py:188} INFO - [2024-04-17T21:05:05.737+0000] {dag.py:3096} INFO - Sync 2 DAGs
[2024-04-17T21:05:05.765+0000] {logging_mixin.py:188} INFO - [2024-04-17T21:05:05.765+0000] {dag.py:3954} INFO - Setting next_dagrun for example_external_task_marker_child to None, run_after=None
[2024-04-17T21:05:05.778+0000] {logging_mixin.py:188} INFO - [2024-04-17T21:05:05.777+0000] {dag.py:3954} INFO - Setting next_dagrun for example_external_task_marker_parent to None, run_after=None
[2024-04-17T21:05:05.842+0000] {processor.py:183} INFO - Processing /home/airflow/.local/lib/python3.12/site-packages/airflow/example_dags/example_external_task_marker_dag.py took 0.184 seconds
[2024-04-17T21:05:36.688+0000] {processor.py:161} INFO - Started process (PID=169) to work on /home/airflow/.local/lib/python3.12/site-packages/airflow/example_dags/example_external_task_marker_dag.py
[2024-04-17T21:05:36.745+0000] {processor.py:830} INFO - Processing file /home/airflow/.local/lib/python3.12/site-packages/airflow/example_dags/example_external_task_marker_dag.py for tasks to queue
[2024-04-17T21:05:36.749+0000] {logging_mixin.py:188} INFO - [2024-04-17T21:05:36.748+0000] {dagbag.py:540} INFO - Filling up the DagBag from /home/airflow/.local/lib/python3.12/site-packages/airflow/example_dags/example_external_task_marker_dag.py
[2024-04-17T21:05:36.765+0000] {processor.py:840} INFO - DAG(s) 'example_external_task_marker_parent', 'example_external_task_marker_child' retrieved from /home/airflow/.local/lib/python3.12/site-packages/airflow/example_dags/example_external_task_marker_dag.py
[2024-04-17T21:05:36.851+0000] {logging_mixin.py:188} INFO - [2024-04-17T21:05:36.850+0000] {dag.py:3096} INFO - Sync 2 DAGs
[2024-04-17T21:05:36.896+0000] {logging_mixin.py:188} INFO - [2024-04-17T21:05:36.895+0000] {dag.py:3954} INFO - Setting next_dagrun for example_external_task_marker_child to None, run_after=None
[2024-04-17T21:05:36.913+0000] {logging_mixin.py:188} INFO - [2024-04-17T21:05:36.912+0000] {dag.py:3954} INFO - Setting next_dagrun for example_external_task_marker_parent to None, run_after=None
[2024-04-17T21:05:37.235+0000] {processor.py:183} INFO - Processing /home/airflow/.local/lib/python3.12/site-packages/airflow/example_dags/example_external_task_marker_dag.py took 0.568 seconds
[2024-04-17T21:06:09.317+0000] {processor.py:161} INFO - Started process (PID=233) to work on /home/airflow/.local/lib/python3.12/site-packages/airflow/example_dags/example_external_task_marker_dag.py
[2024-04-17T21:06:09.321+0000] {processor.py:830} INFO - Processing file /home/airflow/.local/lib/python3.12/site-packages/airflow/example_dags/example_external_task_marker_dag.py for tasks to queue
[2024-04-17T21:06:09.337+0000] {logging_mixin.py:188} INFO - [2024-04-17T21:06:09.336+0000] {dagbag.py:540} INFO - Filling up the DagBag from /home/airflow/.local/lib/python3.12/site-packages/airflow/example_dags/example_external_task_marker_dag.py
[2024-04-17T21:06:09.387+0000] {processor.py:840} INFO - DAG(s) 'example_external_task_marker_parent', 'example_external_task_marker_child' retrieved from /home/airflow/.local/lib/python3.12/site-packages/airflow/example_dags/example_external_task_marker_dag.py
[2024-04-17T21:06:09.551+0000] {logging_mixin.py:188} INFO - [2024-04-17T21:06:09.550+0000] {dag.py:3096} INFO - Sync 2 DAGs
[2024-04-17T21:06:09.663+0000] {logging_mixin.py:188} INFO - [2024-04-17T21:06:09.651+0000] {dag.py:3954} INFO - Setting next_dagrun for example_external_task_marker_child to None, run_after=None
[2024-04-17T21:06:09.686+0000] {logging_mixin.py:188} INFO - [2024-04-17T21:06:09.685+0000] {dag.py:3954} INFO - Setting next_dagrun for example_external_task_marker_parent to None, run_after=None
[2024-04-17T21:06:09.805+0000] {processor.py:183} INFO - Processing /home/airflow/.local/lib/python3.12/site-packages/airflow/example_dags/example_external_task_marker_dag.py took 0.536 seconds
[2024-04-17T21:06:42.393+0000] {processor.py:161} INFO - Started process (PID=289) to work on /home/airflow/.local/lib/python3.12/site-packages/airflow/example_dags/example_external_task_marker_dag.py
[2024-04-17T21:06:42.406+0000] {processor.py:830} INFO - Processing file /home/airflow/.local/lib/python3.12/site-packages/airflow/example_dags/example_external_task_marker_dag.py for tasks to queue
[2024-04-17T21:06:42.412+0000] {logging_mixin.py:188} INFO - [2024-04-17T21:06:42.411+0000] {dagbag.py:540} INFO - Filling up the DagBag from /home/airflow/.local/lib/python3.12/site-packages/airflow/example_dags/example_external_task_marker_dag.py
[2024-04-17T21:06:42.448+0000] {processor.py:840} INFO - DAG(s) 'example_external_task_marker_child', 'example_external_task_marker_parent' retrieved from /home/airflow/.local/lib/python3.12/site-packages/airflow/example_dags/example_external_task_marker_dag.py
[2024-04-17T21:06:42.579+0000] {logging_mixin.py:188} INFO - [2024-04-17T21:06:42.578+0000] {dag.py:3096} INFO - Sync 2 DAGs
[2024-04-17T21:06:42.653+0000] {logging_mixin.py:188} INFO - [2024-04-17T21:06:42.653+0000] {dag.py:3954} INFO - Setting next_dagrun for example_external_task_marker_child to None, run_after=None
[2024-04-17T21:06:42.675+0000] {logging_mixin.py:188} INFO - [2024-04-17T21:06:42.674+0000] {dag.py:3954} INFO - Setting next_dagrun for example_external_task_marker_parent to None, run_after=None
[2024-04-17T21:06:42.776+0000] {processor.py:183} INFO - Processing /home/airflow/.local/lib/python3.12/site-packages/airflow/example_dags/example_external_task_marker_dag.py took 0.405 seconds
[2024-04-17T21:07:19.153+0000] {processor.py:161} INFO - Started process (PID=347) to work on /home/airflow/.local/lib/python3.12/site-packages/airflow/example_dags/example_external_task_marker_dag.py
[2024-04-17T21:07:19.183+0000] {processor.py:830} INFO - Processing file /home/airflow/.local/lib/python3.12/site-packages/airflow/example_dags/example_external_task_marker_dag.py for tasks to queue
[2024-04-17T21:07:19.188+0000] {logging_mixin.py:188} INFO - [2024-04-17T21:07:19.187+0000] {dagbag.py:540} INFO - Filling up the DagBag from /home/airflow/.local/lib/python3.12/site-packages/airflow/example_dags/example_external_task_marker_dag.py
[2024-04-17T21:07:19.215+0000] {processor.py:840} INFO - DAG(s) 'example_external_task_marker_parent', 'example_external_task_marker_child' retrieved from /home/airflow/.local/lib/python3.12/site-packages/airflow/example_dags/example_external_task_marker_dag.py
[2024-04-17T21:07:19.288+0000] {logging_mixin.py:188} INFO - [2024-04-17T21:07:19.287+0000] {dag.py:3096} INFO - Sync 2 DAGs
[2024-04-17T21:07:19.334+0000] {logging_mixin.py:188} INFO - [2024-04-17T21:07:19.333+0000] {dag.py:3954} INFO - Setting next_dagrun for example_external_task_marker_child to None, run_after=None
[2024-04-17T21:07:19.350+0000] {logging_mixin.py:188} INFO - [2024-04-17T21:07:19.348+0000] {dag.py:3954} INFO - Setting next_dagrun for example_external_task_marker_parent to None, run_after=None
[2024-04-17T21:07:19.476+0000] {processor.py:183} INFO - Processing /home/airflow/.local/lib/python3.12/site-packages/airflow/example_dags/example_external_task_marker_dag.py took 0.345 seconds
[2024-04-17T21:07:50.198+0000] {processor.py:161} INFO - Started process (PID=405) to work on /home/airflow/.local/lib/python3.12/site-packages/airflow/example_dags/example_external_task_marker_dag.py
[2024-04-17T21:07:50.332+0000] {processor.py:830} INFO - Processing file /home/airflow/.local/lib/python3.12/site-packages/airflow/example_dags/example_external_task_marker_dag.py for tasks to queue
[2024-04-17T21:07:50.339+0000] {logging_mixin.py:188} INFO - [2024-04-17T21:07:50.338+0000] {dagbag.py:540} INFO - Filling up the DagBag from /home/airflow/.local/lib/python3.12/site-packages/airflow/example_dags/example_external_task_marker_dag.py
[2024-04-17T21:07:50.374+0000] {processor.py:840} INFO - DAG(s) 'example_external_task_marker_parent', 'example_external_task_marker_child' retrieved from /home/airflow/.local/lib/python3.12/site-packages/airflow/example_dags/example_external_task_marker_dag.py
[2024-04-17T21:07:50.474+0000] {logging_mixin.py:188} INFO - [2024-04-17T21:07:50.473+0000] {dag.py:3096} INFO - Sync 2 DAGs
[2024-04-17T21:07:50.513+0000] {logging_mixin.py:188} INFO - [2024-04-17T21:07:50.512+0000] {dag.py:3954} INFO - Setting next_dagrun for example_external_task_marker_child to None, run_after=None
[2024-04-17T21:07:50.523+0000] {logging_mixin.py:188} INFO - [2024-04-17T21:07:50.522+0000] {dag.py:3954} INFO - Setting next_dagrun for example_external_task_marker_parent to None, run_after=None
[2024-04-17T21:07:50.859+0000] {processor.py:183} INFO - Processing /home/airflow/.local/lib/python3.12/site-packages/airflow/example_dags/example_external_task_marker_dag.py took 0.677 seconds
[2024-04-17T21:08:21.482+0000] {processor.py:161} INFO - Started process (PID=463) to work on /home/airflow/.local/lib/python3.12/site-packages/airflow/example_dags/example_external_task_marker_dag.py
[2024-04-17T21:08:21.495+0000] {processor.py:830} INFO - Processing file /home/airflow/.local/lib/python3.12/site-packages/airflow/example_dags/example_external_task_marker_dag.py for tasks to queue
[2024-04-17T21:08:21.500+0000] {logging_mixin.py:188} INFO - [2024-04-17T21:08:21.499+0000] {dagbag.py:540} INFO - Filling up the DagBag from /home/airflow/.local/lib/python3.12/site-packages/airflow/example_dags/example_external_task_marker_dag.py
[2024-04-17T21:08:21.525+0000] {processor.py:840} INFO - DAG(s) 'example_external_task_marker_parent', 'example_external_task_marker_child' retrieved from /home/airflow/.local/lib/python3.12/site-packages/airflow/example_dags/example_external_task_marker_dag.py
[2024-04-17T21:08:21.645+0000] {logging_mixin.py:188} INFO - [2024-04-17T21:08:21.644+0000] {dag.py:3096} INFO - Sync 2 DAGs
[2024-04-17T21:08:21.700+0000] {logging_mixin.py:188} INFO - [2024-04-17T21:08:21.699+0000] {dag.py:3954} INFO - Setting next_dagrun for example_external_task_marker_child to None, run_after=None
[2024-04-17T21:08:21.724+0000] {logging_mixin.py:188} INFO - [2024-04-17T21:08:21.721+0000] {dag.py:3954} INFO - Setting next_dagrun for example_external_task_marker_parent to None, run_after=None
[2024-04-17T21:08:21.837+0000] {processor.py:183} INFO - Processing /home/airflow/.local/lib/python3.12/site-packages/airflow/example_dags/example_external_task_marker_dag.py took 0.382 seconds
[2024-04-17T21:08:51.970+0000] {processor.py:161} INFO - Started process (PID=521) to work on /home/airflow/.local/lib/python3.12/site-packages/airflow/example_dags/example_external_task_marker_dag.py
[2024-04-17T21:08:51.972+0000] {processor.py:830} INFO - Processing file /home/airflow/.local/lib/python3.12/site-packages/airflow/example_dags/example_external_task_marker_dag.py for tasks to queue
[2024-04-17T21:08:51.981+0000] {logging_mixin.py:188} INFO - [2024-04-17T21:08:51.980+0000] {dagbag.py:540} INFO - Filling up the DagBag from /home/airflow/.local/lib/python3.12/site-packages/airflow/example_dags/example_external_task_marker_dag.py
[2024-04-17T21:08:52.001+0000] {processor.py:840} INFO - DAG(s) 'example_external_task_marker_parent', 'example_external_task_marker_child' retrieved from /home/airflow/.local/lib/python3.12/site-packages/airflow/example_dags/example_external_task_marker_dag.py
[2024-04-17T21:08:52.087+0000] {logging_mixin.py:188} INFO - [2024-04-17T21:08:52.087+0000] {dag.py:3096} INFO - Sync 2 DAGs
[2024-04-17T21:08:52.129+0000] {logging_mixin.py:188} INFO - [2024-04-17T21:08:52.128+0000] {dag.py:3954} INFO - Setting next_dagrun for example_external_task_marker_child to None, run_after=None
[2024-04-17T21:08:52.140+0000] {logging_mixin.py:188} INFO - [2024-04-17T21:08:52.140+0000] {dag.py:3954} INFO - Setting next_dagrun for example_external_task_marker_parent to None, run_after=None
[2024-04-17T21:08:52.187+0000] {processor.py:183} INFO - Processing /home/airflow/.local/lib/python3.12/site-packages/airflow/example_dags/example_external_task_marker_dag.py took 0.239 seconds
[2024-04-17T21:09:22.923+0000] {processor.py:161} INFO - Started process (PID=579) to work on /home/airflow/.local/lib/python3.12/site-packages/airflow/example_dags/example_external_task_marker_dag.py
[2024-04-17T21:09:22.961+0000] {processor.py:830} INFO - Processing file /home/airflow/.local/lib/python3.12/site-packages/airflow/example_dags/example_external_task_marker_dag.py for tasks to queue
[2024-04-17T21:09:22.966+0000] {logging_mixin.py:188} INFO - [2024-04-17T21:09:22.965+0000] {dagbag.py:540} INFO - Filling up the DagBag from /home/airflow/.local/lib/python3.12/site-packages/airflow/example_dags/example_external_task_marker_dag.py
[2024-04-17T21:09:22.993+0000] {processor.py:840} INFO - DAG(s) 'example_external_task_marker_child', 'example_external_task_marker_parent' retrieved from /home/airflow/.local/lib/python3.12/site-packages/airflow/example_dags/example_external_task_marker_dag.py
[2024-04-17T21:09:23.059+0000] {logging_mixin.py:188} INFO - [2024-04-17T21:09:23.058+0000] {dag.py:3096} INFO - Sync 2 DAGs
[2024-04-17T21:09:23.090+0000] {logging_mixin.py:188} INFO - [2024-04-17T21:09:23.090+0000] {dag.py:3954} INFO - Setting next_dagrun for example_external_task_marker_child to None, run_after=None
[2024-04-17T21:09:23.099+0000] {logging_mixin.py:188} INFO - [2024-04-17T21:09:23.099+0000] {dag.py:3954} INFO - Setting next_dagrun for example_external_task_marker_parent to None, run_after=None
[2024-04-17T21:09:23.434+0000] {processor.py:183} INFO - Processing /home/airflow/.local/lib/python3.12/site-packages/airflow/example_dags/example_external_task_marker_dag.py took 0.525 seconds
[2024-04-17T21:09:54.183+0000] {processor.py:161} INFO - Started process (PID=637) to work on /home/airflow/.local/lib/python3.12/site-packages/airflow/example_dags/example_external_task_marker_dag.py
[2024-04-17T21:09:54.186+0000] {processor.py:830} INFO - Processing file /home/airflow/.local/lib/python3.12/site-packages/airflow/example_dags/example_external_task_marker_dag.py for tasks to queue
[2024-04-17T21:09:54.191+0000] {logging_mixin.py:188} INFO - [2024-04-17T21:09:54.190+0000] {dagbag.py:540} INFO - Filling up the DagBag from /home/airflow/.local/lib/python3.12/site-packages/airflow/example_dags/example_external_task_marker_dag.py
[2024-04-17T21:09:54.207+0000] {processor.py:840} INFO - DAG(s) 'example_external_task_marker_child', 'example_external_task_marker_parent' retrieved from /home/airflow/.local/lib/python3.12/site-packages/airflow/example_dags/example_external_task_marker_dag.py
[2024-04-17T21:09:54.263+0000] {logging_mixin.py:188} INFO - [2024-04-17T21:09:54.263+0000] {dag.py:3096} INFO - Sync 2 DAGs
[2024-04-17T21:09:54.302+0000] {logging_mixin.py:188} INFO - [2024-04-17T21:09:54.302+0000] {dag.py:3954} INFO - Setting next_dagrun for example_external_task_marker_child to None, run_after=None
[2024-04-17T21:09:54.314+0000] {logging_mixin.py:188} INFO - [2024-04-17T21:09:54.313+0000] {dag.py:3954} INFO - Setting next_dagrun for example_external_task_marker_parent to None, run_after=None
[2024-04-17T21:09:54.362+0000] {processor.py:183} INFO - Processing /home/airflow/.local/lib/python3.12/site-packages/airflow/example_dags/example_external_task_marker_dag.py took 0.193 seconds
[2024-04-17T21:10:25.401+0000] {processor.py:161} INFO - Started process (PID=695) to work on /home/airflow/.local/lib/python3.12/site-packages/airflow/example_dags/example_external_task_marker_dag.py
[2024-04-17T21:10:25.403+0000] {processor.py:830} INFO - Processing file /home/airflow/.local/lib/python3.12/site-packages/airflow/example_dags/example_external_task_marker_dag.py for tasks to queue
[2024-04-17T21:10:25.411+0000] {logging_mixin.py:188} INFO - [2024-04-17T21:10:25.410+0000] {dagbag.py:540} INFO - Filling up the DagBag from /home/airflow/.local/lib/python3.12/site-packages/airflow/example_dags/example_external_task_marker_dag.py
[2024-04-17T21:10:25.425+0000] {processor.py:840} INFO - DAG(s) 'example_external_task_marker_child', 'example_external_task_marker_parent' retrieved from /home/airflow/.local/lib/python3.12/site-packages/airflow/example_dags/example_external_task_marker_dag.py
[2024-04-17T21:10:25.479+0000] {logging_mixin.py:188} INFO - [2024-04-17T21:10:25.478+0000] {dag.py:3096} INFO - Sync 2 DAGs
[2024-04-17T21:10:25.507+0000] {logging_mixin.py:188} INFO - [2024-04-17T21:10:25.506+0000] {dag.py:3954} INFO - Setting next_dagrun for example_external_task_marker_child to None, run_after=None
[2024-04-17T21:10:25.516+0000] {logging_mixin.py:188} INFO - [2024-04-17T21:10:25.516+0000] {dag.py:3954} INFO - Setting next_dagrun for example_external_task_marker_parent to None, run_after=None
[2024-04-17T21:10:25.570+0000] {processor.py:183} INFO - Processing /home/airflow/.local/lib/python3.12/site-packages/airflow/example_dags/example_external_task_marker_dag.py took 0.180 seconds
[2024-04-17T21:10:55.876+0000] {processor.py:161} INFO - Started process (PID=754) to work on /home/airflow/.local/lib/python3.12/site-packages/airflow/example_dags/example_external_task_marker_dag.py
[2024-04-17T21:10:55.877+0000] {processor.py:830} INFO - Processing file /home/airflow/.local/lib/python3.12/site-packages/airflow/example_dags/example_external_task_marker_dag.py for tasks to queue
[2024-04-17T21:10:55.881+0000] {logging_mixin.py:188} INFO - [2024-04-17T21:10:55.880+0000] {dagbag.py:540} INFO - Filling up the DagBag from /home/airflow/.local/lib/python3.12/site-packages/airflow/example_dags/example_external_task_marker_dag.py
[2024-04-17T21:10:55.890+0000] {processor.py:840} INFO - DAG(s) 'example_external_task_marker_child', 'example_external_task_marker_parent' retrieved from /home/airflow/.local/lib/python3.12/site-packages/airflow/example_dags/example_external_task_marker_dag.py
[2024-04-17T21:10:55.932+0000] {logging_mixin.py:188} INFO - [2024-04-17T21:10:55.931+0000] {dag.py:3096} INFO - Sync 2 DAGs
[2024-04-17T21:10:55.958+0000] {logging_mixin.py:188} INFO - [2024-04-17T21:10:55.958+0000] {dag.py:3954} INFO - Setting next_dagrun for example_external_task_marker_child to None, run_after=None
[2024-04-17T21:10:55.965+0000] {logging_mixin.py:188} INFO - [2024-04-17T21:10:55.965+0000] {dag.py:3954} INFO - Setting next_dagrun for example_external_task_marker_parent to None, run_after=None
[2024-04-17T21:10:56.008+0000] {processor.py:183} INFO - Processing /home/airflow/.local/lib/python3.12/site-packages/airflow/example_dags/example_external_task_marker_dag.py took 0.141 seconds
[2024-04-17T21:11:26.906+0000] {processor.py:161} INFO - Started process (PID=812) to work on /home/airflow/.local/lib/python3.12/site-packages/airflow/example_dags/example_external_task_marker_dag.py
[2024-04-17T21:11:26.908+0000] {processor.py:830} INFO - Processing file /home/airflow/.local/lib/python3.12/site-packages/airflow/example_dags/example_external_task_marker_dag.py for tasks to queue
[2024-04-17T21:11:26.912+0000] {logging_mixin.py:188} INFO - [2024-04-17T21:11:26.911+0000] {dagbag.py:540} INFO - Filling up the DagBag from /home/airflow/.local/lib/python3.12/site-packages/airflow/example_dags/example_external_task_marker_dag.py
[2024-04-17T21:11:26.922+0000] {processor.py:840} INFO - DAG(s) 'example_external_task_marker_parent', 'example_external_task_marker_child' retrieved from /home/airflow/.local/lib/python3.12/site-packages/airflow/example_dags/example_external_task_marker_dag.py
[2024-04-17T21:11:26.968+0000] {logging_mixin.py:188} INFO - [2024-04-17T21:11:26.966+0000] {dag.py:3096} INFO - Sync 2 DAGs
[2024-04-17T21:11:26.992+0000] {logging_mixin.py:188} INFO - [2024-04-17T21:11:26.992+0000] {dag.py:3954} INFO - Setting next_dagrun for example_external_task_marker_child to None, run_after=None
[2024-04-17T21:11:27.001+0000] {logging_mixin.py:188} INFO - [2024-04-17T21:11:27.001+0000] {dag.py:3954} INFO - Setting next_dagrun for example_external_task_marker_parent to None, run_after=None
[2024-04-17T21:11:27.052+0000] {processor.py:183} INFO - Processing /home/airflow/.local/lib/python3.12/site-packages/airflow/example_dags/example_external_task_marker_dag.py took 0.156 seconds
[2024-04-17T21:11:57.358+0000] {processor.py:161} INFO - Started process (PID=870) to work on /home/airflow/.local/lib/python3.12/site-packages/airflow/example_dags/example_external_task_marker_dag.py
[2024-04-17T21:11:57.360+0000] {processor.py:830} INFO - Processing file /home/airflow/.local/lib/python3.12/site-packages/airflow/example_dags/example_external_task_marker_dag.py for tasks to queue
[2024-04-17T21:11:57.364+0000] {logging_mixin.py:188} INFO - [2024-04-17T21:11:57.363+0000] {dagbag.py:540} INFO - Filling up the DagBag from /home/airflow/.local/lib/python3.12/site-packages/airflow/example_dags/example_external_task_marker_dag.py
[2024-04-17T21:11:57.377+0000] {processor.py:840} INFO - DAG(s) 'example_external_task_marker_child', 'example_external_task_marker_parent' retrieved from /home/airflow/.local/lib/python3.12/site-packages/airflow/example_dags/example_external_task_marker_dag.py
[2024-04-17T21:11:57.421+0000] {logging_mixin.py:188} INFO - [2024-04-17T21:11:57.421+0000] {dag.py:3096} INFO - Sync 2 DAGs
[2024-04-17T21:11:57.446+0000] {logging_mixin.py:188} INFO - [2024-04-17T21:11:57.446+0000] {dag.py:3954} INFO - Setting next_dagrun for example_external_task_marker_child to None, run_after=None
[2024-04-17T21:11:57.454+0000] {logging_mixin.py:188} INFO - [2024-04-17T21:11:57.454+0000] {dag.py:3954} INFO - Setting next_dagrun for example_external_task_marker_parent to None, run_after=None
[2024-04-17T21:11:57.494+0000] {processor.py:183} INFO - Processing /home/airflow/.local/lib/python3.12/site-packages/airflow/example_dags/example_external_task_marker_dag.py took 0.147 seconds
[2024-04-17T21:12:28.107+0000] {processor.py:161} INFO - Started process (PID=928) to work on /home/airflow/.local/lib/python3.12/site-packages/airflow/example_dags/example_external_task_marker_dag.py
[2024-04-17T21:12:28.109+0000] {processor.py:830} INFO - Processing file /home/airflow/.local/lib/python3.12/site-packages/airflow/example_dags/example_external_task_marker_dag.py for tasks to queue
[2024-04-17T21:12:28.112+0000] {logging_mixin.py:188} INFO - [2024-04-17T21:12:28.112+0000] {dagbag.py:540} INFO - Filling up the DagBag from /home/airflow/.local/lib/python3.12/site-packages/airflow/example_dags/example_external_task_marker_dag.py
[2024-04-17T21:12:28.122+0000] {processor.py:840} INFO - DAG(s) 'example_external_task_marker_child', 'example_external_task_marker_parent' retrieved from /home/airflow/.local/lib/python3.12/site-packages/airflow/example_dags/example_external_task_marker_dag.py
[2024-04-17T21:12:28.167+0000] {logging_mixin.py:188} INFO - [2024-04-17T21:12:28.166+0000] {dag.py:3096} INFO - Sync 2 DAGs
[2024-04-17T21:12:28.193+0000] {logging_mixin.py:188} INFO - [2024-04-17T21:12:28.193+0000] {dag.py:3954} INFO - Setting next_dagrun for example_external_task_marker_child to None, run_after=None
[2024-04-17T21:12:28.200+0000] {logging_mixin.py:188} INFO - [2024-04-17T21:12:28.199+0000] {dag.py:3954} INFO - Setting next_dagrun for example_external_task_marker_parent to None, run_after=None
[2024-04-17T21:12:28.242+0000] {processor.py:183} INFO - Processing /home/airflow/.local/lib/python3.12/site-packages/airflow/example_dags/example_external_task_marker_dag.py took 0.145 seconds
[2024-04-17T21:12:58.939+0000] {processor.py:161} INFO - Started process (PID=986) to work on /home/airflow/.local/lib/python3.12/site-packages/airflow/example_dags/example_external_task_marker_dag.py
[2024-04-17T21:12:58.941+0000] {processor.py:830} INFO - Processing file /home/airflow/.local/lib/python3.12/site-packages/airflow/example_dags/example_external_task_marker_dag.py for tasks to queue
[2024-04-17T21:12:58.945+0000] {logging_mixin.py:188} INFO - [2024-04-17T21:12:58.945+0000] {dagbag.py:540} INFO - Filling up the DagBag from /home/airflow/.local/lib/python3.12/site-packages/airflow/example_dags/example_external_task_marker_dag.py
[2024-04-17T21:12:58.959+0000] {processor.py:840} INFO - DAG(s) 'example_external_task_marker_child', 'example_external_task_marker_parent' retrieved from /home/airflow/.local/lib/python3.12/site-packages/airflow/example_dags/example_external_task_marker_dag.py
[2024-04-17T21:12:59.030+0000] {logging_mixin.py:188} INFO - [2024-04-17T21:12:59.029+0000] {dag.py:3096} INFO - Sync 2 DAGs
[2024-04-17T21:12:59.062+0000] {logging_mixin.py:188} INFO - [2024-04-17T21:12:59.062+0000] {dag.py:3954} INFO - Setting next_dagrun for example_external_task_marker_child to None, run_after=None
[2024-04-17T21:12:59.073+0000] {logging_mixin.py:188} INFO - [2024-04-17T21:12:59.072+0000] {dag.py:3954} INFO - Setting next_dagrun for example_external_task_marker_parent to None, run_after=None
[2024-04-17T21:12:59.115+0000] {processor.py:183} INFO - Processing /home/airflow/.local/lib/python3.12/site-packages/airflow/example_dags/example_external_task_marker_dag.py took 0.190 seconds
[2024-04-17T21:13:29.851+0000] {processor.py:161} INFO - Started process (PID=1044) to work on /home/airflow/.local/lib/python3.12/site-packages/airflow/example_dags/example_external_task_marker_dag.py
[2024-04-17T21:13:29.852+0000] {processor.py:830} INFO - Processing file /home/airflow/.local/lib/python3.12/site-packages/airflow/example_dags/example_external_task_marker_dag.py for tasks to queue
[2024-04-17T21:13:29.855+0000] {logging_mixin.py:188} INFO - [2024-04-17T21:13:29.855+0000] {dagbag.py:540} INFO - Filling up the DagBag from /home/airflow/.local/lib/python3.12/site-packages/airflow/example_dags/example_external_task_marker_dag.py
[2024-04-17T21:13:29.864+0000] {processor.py:840} INFO - DAG(s) 'example_external_task_marker_child', 'example_external_task_marker_parent' retrieved from /home/airflow/.local/lib/python3.12/site-packages/airflow/example_dags/example_external_task_marker_dag.py
[2024-04-17T21:13:29.904+0000] {logging_mixin.py:188} INFO - [2024-04-17T21:13:29.904+0000] {dag.py:3096} INFO - Sync 2 DAGs
[2024-04-17T21:13:29.929+0000] {logging_mixin.py:188} INFO - [2024-04-17T21:13:29.928+0000] {dag.py:3954} INFO - Setting next_dagrun for example_external_task_marker_child to None, run_after=None
[2024-04-17T21:13:29.937+0000] {logging_mixin.py:188} INFO - [2024-04-17T21:13:29.936+0000] {dag.py:3954} INFO - Setting next_dagrun for example_external_task_marker_parent to None, run_after=None
[2024-04-17T21:13:29.968+0000] {processor.py:183} INFO - Processing /home/airflow/.local/lib/python3.12/site-packages/airflow/example_dags/example_external_task_marker_dag.py took 0.126 seconds
[2024-04-17T21:14:55.241+0000] {processor.py:161} INFO - Started process (PID=44) to work on /home/airflow/.local/lib/python3.12/site-packages/airflow/example_dags/example_external_task_marker_dag.py
[2024-04-17T21:14:55.244+0000] {processor.py:830} INFO - Processing file /home/airflow/.local/lib/python3.12/site-packages/airflow/example_dags/example_external_task_marker_dag.py for tasks to queue
[2024-04-17T21:14:55.249+0000] {logging_mixin.py:188} INFO - [2024-04-17T21:14:55.248+0000] {dagbag.py:540} INFO - Filling up the DagBag from /home/airflow/.local/lib/python3.12/site-packages/airflow/example_dags/example_external_task_marker_dag.py
[2024-04-17T21:14:55.270+0000] {processor.py:840} INFO - DAG(s) 'example_external_task_marker_parent', 'example_external_task_marker_child' retrieved from /home/airflow/.local/lib/python3.12/site-packages/airflow/example_dags/example_external_task_marker_dag.py
[2024-04-17T21:14:55.680+0000] {logging_mixin.py:188} INFO - [2024-04-17T21:14:55.679+0000] {dag.py:3096} INFO - Sync 2 DAGs
[2024-04-17T21:14:55.721+0000] {logging_mixin.py:188} INFO - [2024-04-17T21:14:55.720+0000] {dag.py:3954} INFO - Setting next_dagrun for example_external_task_marker_child to None, run_after=None
[2024-04-17T21:14:55.733+0000] {logging_mixin.py:188} INFO - [2024-04-17T21:14:55.733+0000] {dag.py:3954} INFO - Setting next_dagrun for example_external_task_marker_parent to None, run_after=None
[2024-04-17T21:14:55.800+0000] {processor.py:183} INFO - Processing /home/airflow/.local/lib/python3.12/site-packages/airflow/example_dags/example_external_task_marker_dag.py took 0.572 seconds
[2024-04-17T21:15:26.020+0000] {processor.py:161} INFO - Started process (PID=102) to work on /home/airflow/.local/lib/python3.12/site-packages/airflow/example_dags/example_external_task_marker_dag.py
[2024-04-17T21:15:26.021+0000] {processor.py:830} INFO - Processing file /home/airflow/.local/lib/python3.12/site-packages/airflow/example_dags/example_external_task_marker_dag.py for tasks to queue
[2024-04-17T21:15:26.024+0000] {logging_mixin.py:188} INFO - [2024-04-17T21:15:26.024+0000] {dagbag.py:540} INFO - Filling up the DagBag from /home/airflow/.local/lib/python3.12/site-packages/airflow/example_dags/example_external_task_marker_dag.py
[2024-04-17T21:15:26.033+0000] {processor.py:840} INFO - DAG(s) 'example_external_task_marker_parent', 'example_external_task_marker_child' retrieved from /home/airflow/.local/lib/python3.12/site-packages/airflow/example_dags/example_external_task_marker_dag.py
[2024-04-17T21:15:26.076+0000] {logging_mixin.py:188} INFO - [2024-04-17T21:15:26.075+0000] {dag.py:3096} INFO - Sync 2 DAGs
[2024-04-17T21:15:26.101+0000] {logging_mixin.py:188} INFO - [2024-04-17T21:15:26.100+0000] {dag.py:3954} INFO - Setting next_dagrun for example_external_task_marker_child to None, run_after=None
[2024-04-17T21:15:26.110+0000] {logging_mixin.py:188} INFO - [2024-04-17T21:15:26.109+0000] {dag.py:3954} INFO - Setting next_dagrun for example_external_task_marker_parent to None, run_after=None
[2024-04-17T21:15:26.141+0000] {processor.py:183} INFO - Processing /home/airflow/.local/lib/python3.12/site-packages/airflow/example_dags/example_external_task_marker_dag.py took 0.130 seconds
[2024-04-17T21:15:56.219+0000] {processor.py:161} INFO - Started process (PID=160) to work on /home/airflow/.local/lib/python3.12/site-packages/airflow/example_dags/example_external_task_marker_dag.py
[2024-04-17T21:15:56.220+0000] {processor.py:830} INFO - Processing file /home/airflow/.local/lib/python3.12/site-packages/airflow/example_dags/example_external_task_marker_dag.py for tasks to queue
[2024-04-17T21:15:56.224+0000] {logging_mixin.py:188} INFO - [2024-04-17T21:15:56.223+0000] {dagbag.py:540} INFO - Filling up the DagBag from /home/airflow/.local/lib/python3.12/site-packages/airflow/example_dags/example_external_task_marker_dag.py
[2024-04-17T21:15:56.233+0000] {processor.py:840} INFO - DAG(s) 'example_external_task_marker_parent', 'example_external_task_marker_child' retrieved from /home/airflow/.local/lib/python3.12/site-packages/airflow/example_dags/example_external_task_marker_dag.py
[2024-04-17T21:15:56.274+0000] {logging_mixin.py:188} INFO - [2024-04-17T21:15:56.273+0000] {dag.py:3096} INFO - Sync 2 DAGs
[2024-04-17T21:15:56.298+0000] {logging_mixin.py:188} INFO - [2024-04-17T21:15:56.298+0000] {dag.py:3954} INFO - Setting next_dagrun for example_external_task_marker_child to None, run_after=None
[2024-04-17T21:15:56.305+0000] {logging_mixin.py:188} INFO - [2024-04-17T21:15:56.305+0000] {dag.py:3954} INFO - Setting next_dagrun for example_external_task_marker_parent to None, run_after=None
[2024-04-17T21:15:56.338+0000] {processor.py:183} INFO - Processing /home/airflow/.local/lib/python3.12/site-packages/airflow/example_dags/example_external_task_marker_dag.py took 0.127 seconds
[2024-04-17T21:16:27.238+0000] {processor.py:161} INFO - Started process (PID=218) to work on /home/airflow/.local/lib/python3.12/site-packages/airflow/example_dags/example_external_task_marker_dag.py
[2024-04-17T21:16:27.241+0000] {processor.py:830} INFO - Processing file /home/airflow/.local/lib/python3.12/site-packages/airflow/example_dags/example_external_task_marker_dag.py for tasks to queue
[2024-04-17T21:16:27.245+0000] {logging_mixin.py:188} INFO - [2024-04-17T21:16:27.244+0000] {dagbag.py:540} INFO - Filling up the DagBag from /home/airflow/.local/lib/python3.12/site-packages/airflow/example_dags/example_external_task_marker_dag.py
[2024-04-17T21:16:27.256+0000] {processor.py:840} INFO - DAG(s) 'example_external_task_marker_child', 'example_external_task_marker_parent' retrieved from /home/airflow/.local/lib/python3.12/site-packages/airflow/example_dags/example_external_task_marker_dag.py
[2024-04-17T21:16:27.304+0000] {logging_mixin.py:188} INFO - [2024-04-17T21:16:27.303+0000] {dag.py:3096} INFO - Sync 2 DAGs
[2024-04-17T21:16:27.333+0000] {logging_mixin.py:188} INFO - [2024-04-17T21:16:27.332+0000] {dag.py:3954} INFO - Setting next_dagrun for example_external_task_marker_child to None, run_after=None
[2024-04-17T21:16:27.341+0000] {logging_mixin.py:188} INFO - [2024-04-17T21:16:27.341+0000] {dag.py:3954} INFO - Setting next_dagrun for example_external_task_marker_parent to None, run_after=None
[2024-04-17T21:16:27.390+0000] {processor.py:183} INFO - Processing /home/airflow/.local/lib/python3.12/site-packages/airflow/example_dags/example_external_task_marker_dag.py took 0.160 seconds
[2024-04-17T21:16:57.817+0000] {processor.py:161} INFO - Started process (PID=276) to work on /home/airflow/.local/lib/python3.12/site-packages/airflow/example_dags/example_external_task_marker_dag.py
[2024-04-17T21:16:57.818+0000] {processor.py:830} INFO - Processing file /home/airflow/.local/lib/python3.12/site-packages/airflow/example_dags/example_external_task_marker_dag.py for tasks to queue
[2024-04-17T21:16:57.821+0000] {logging_mixin.py:188} INFO - [2024-04-17T21:16:57.821+0000] {dagbag.py:540} INFO - Filling up the DagBag from /home/airflow/.local/lib/python3.12/site-packages/airflow/example_dags/example_external_task_marker_dag.py
[2024-04-17T21:16:57.829+0000] {processor.py:840} INFO - DAG(s) 'example_external_task_marker_child', 'example_external_task_marker_parent' retrieved from /home/airflow/.local/lib/python3.12/site-packages/airflow/example_dags/example_external_task_marker_dag.py
[2024-04-17T21:16:57.869+0000] {logging_mixin.py:188} INFO - [2024-04-17T21:16:57.869+0000] {dag.py:3096} INFO - Sync 2 DAGs
[2024-04-17T21:16:57.897+0000] {logging_mixin.py:188} INFO - [2024-04-17T21:16:57.896+0000] {dag.py:3954} INFO - Setting next_dagrun for example_external_task_marker_child to None, run_after=None
[2024-04-17T21:16:57.903+0000] {logging_mixin.py:188} INFO - [2024-04-17T21:16:57.903+0000] {dag.py:3954} INFO - Setting next_dagrun for example_external_task_marker_parent to None, run_after=None
[2024-04-17T21:16:57.932+0000] {processor.py:183} INFO - Processing /home/airflow/.local/lib/python3.12/site-packages/airflow/example_dags/example_external_task_marker_dag.py took 0.122 seconds
[2024-04-17T21:17:28.743+0000] {processor.py:161} INFO - Started process (PID=334) to work on /home/airflow/.local/lib/python3.12/site-packages/airflow/example_dags/example_external_task_marker_dag.py
[2024-04-17T21:17:28.747+0000] {processor.py:830} INFO - Processing file /home/airflow/.local/lib/python3.12/site-packages/airflow/example_dags/example_external_task_marker_dag.py for tasks to queue
[2024-04-17T21:17:28.752+0000] {logging_mixin.py:188} INFO - [2024-04-17T21:17:28.751+0000] {dagbag.py:540} INFO - Filling up the DagBag from /home/airflow/.local/lib/python3.12/site-packages/airflow/example_dags/example_external_task_marker_dag.py
[2024-04-17T21:17:28.781+0000] {processor.py:840} INFO - DAG(s) 'example_external_task_marker_child', 'example_external_task_marker_parent' retrieved from /home/airflow/.local/lib/python3.12/site-packages/airflow/example_dags/example_external_task_marker_dag.py
[2024-04-17T21:17:28.842+0000] {logging_mixin.py:188} INFO - [2024-04-17T21:17:28.841+0000] {dag.py:3096} INFO - Sync 2 DAGs
[2024-04-17T21:17:28.882+0000] {logging_mixin.py:188} INFO - [2024-04-17T21:17:28.882+0000] {dag.py:3954} INFO - Setting next_dagrun for example_external_task_marker_child to None, run_after=None
[2024-04-17T21:17:28.892+0000] {logging_mixin.py:188} INFO - [2024-04-17T21:17:28.891+0000] {dag.py:3954} INFO - Setting next_dagrun for example_external_task_marker_parent to None, run_after=None
[2024-04-17T21:17:28.967+0000] {processor.py:183} INFO - Processing /home/airflow/.local/lib/python3.12/site-packages/airflow/example_dags/example_external_task_marker_dag.py took 0.243 seconds
[2024-04-17T21:17:59.437+0000] {processor.py:161} INFO - Started process (PID=392) to work on /home/airflow/.local/lib/python3.12/site-packages/airflow/example_dags/example_external_task_marker_dag.py
[2024-04-17T21:17:59.439+0000] {processor.py:830} INFO - Processing file /home/airflow/.local/lib/python3.12/site-packages/airflow/example_dags/example_external_task_marker_dag.py for tasks to queue
[2024-04-17T21:17:59.443+0000] {logging_mixin.py:188} INFO - [2024-04-17T21:17:59.443+0000] {dagbag.py:540} INFO - Filling up the DagBag from /home/airflow/.local/lib/python3.12/site-packages/airflow/example_dags/example_external_task_marker_dag.py
[2024-04-17T21:17:59.451+0000] {processor.py:840} INFO - DAG(s) 'example_external_task_marker_parent', 'example_external_task_marker_child' retrieved from /home/airflow/.local/lib/python3.12/site-packages/airflow/example_dags/example_external_task_marker_dag.py
[2024-04-17T21:17:59.501+0000] {logging_mixin.py:188} INFO - [2024-04-17T21:17:59.500+0000] {dag.py:3096} INFO - Sync 2 DAGs
[2024-04-17T21:17:59.528+0000] {logging_mixin.py:188} INFO - [2024-04-17T21:17:59.528+0000] {dag.py:3954} INFO - Setting next_dagrun for example_external_task_marker_child to None, run_after=None
[2024-04-17T21:17:59.539+0000] {logging_mixin.py:188} INFO - [2024-04-17T21:17:59.539+0000] {dag.py:3954} INFO - Setting next_dagrun for example_external_task_marker_parent to None, run_after=None
[2024-04-17T21:17:59.576+0000] {processor.py:183} INFO - Processing /home/airflow/.local/lib/python3.12/site-packages/airflow/example_dags/example_external_task_marker_dag.py took 0.150 seconds
[2024-04-17T21:18:30.359+0000] {processor.py:161} INFO - Started process (PID=450) to work on /home/airflow/.local/lib/python3.12/site-packages/airflow/example_dags/example_external_task_marker_dag.py
[2024-04-17T21:18:30.360+0000] {processor.py:830} INFO - Processing file /home/airflow/.local/lib/python3.12/site-packages/airflow/example_dags/example_external_task_marker_dag.py for tasks to queue
[2024-04-17T21:18:30.363+0000] {logging_mixin.py:188} INFO - [2024-04-17T21:18:30.363+0000] {dagbag.py:540} INFO - Filling up the DagBag from /home/airflow/.local/lib/python3.12/site-packages/airflow/example_dags/example_external_task_marker_dag.py
[2024-04-17T21:18:30.374+0000] {processor.py:840} INFO - DAG(s) 'example_external_task_marker_parent', 'example_external_task_marker_child' retrieved from /home/airflow/.local/lib/python3.12/site-packages/airflow/example_dags/example_external_task_marker_dag.py
[2024-04-17T21:18:30.410+0000] {logging_mixin.py:188} INFO - [2024-04-17T21:18:30.409+0000] {dag.py:3096} INFO - Sync 2 DAGs
[2024-04-17T21:18:30.429+0000] {logging_mixin.py:188} INFO - [2024-04-17T21:18:30.428+0000] {dag.py:3954} INFO - Setting next_dagrun for example_external_task_marker_child to None, run_after=None
[2024-04-17T21:18:30.434+0000] {logging_mixin.py:188} INFO - [2024-04-17T21:18:30.434+0000] {dag.py:3954} INFO - Setting next_dagrun for example_external_task_marker_parent to None, run_after=None
[2024-04-17T21:18:30.470+0000] {processor.py:183} INFO - Processing /home/airflow/.local/lib/python3.12/site-packages/airflow/example_dags/example_external_task_marker_dag.py took 0.120 seconds
[2024-04-17T21:19:01.587+0000] {processor.py:161} INFO - Started process (PID=508) to work on /home/airflow/.local/lib/python3.12/site-packages/airflow/example_dags/example_external_task_marker_dag.py
[2024-04-17T21:19:01.588+0000] {processor.py:830} INFO - Processing file /home/airflow/.local/lib/python3.12/site-packages/airflow/example_dags/example_external_task_marker_dag.py for tasks to queue
[2024-04-17T21:19:01.592+0000] {logging_mixin.py:188} INFO - [2024-04-17T21:19:01.591+0000] {dagbag.py:540} INFO - Filling up the DagBag from /home/airflow/.local/lib/python3.12/site-packages/airflow/example_dags/example_external_task_marker_dag.py
[2024-04-17T21:19:01.603+0000] {processor.py:840} INFO - DAG(s) 'example_external_task_marker_child', 'example_external_task_marker_parent' retrieved from /home/airflow/.local/lib/python3.12/site-packages/airflow/example_dags/example_external_task_marker_dag.py
[2024-04-17T21:19:01.651+0000] {logging_mixin.py:188} INFO - [2024-04-17T21:19:01.650+0000] {dag.py:3096} INFO - Sync 2 DAGs
[2024-04-17T21:19:01.678+0000] {logging_mixin.py:188} INFO - [2024-04-17T21:19:01.678+0000] {dag.py:3954} INFO - Setting next_dagrun for example_external_task_marker_child to None, run_after=None
[2024-04-17T21:19:01.686+0000] {logging_mixin.py:188} INFO - [2024-04-17T21:19:01.685+0000] {dag.py:3954} INFO - Setting next_dagrun for example_external_task_marker_parent to None, run_after=None
[2024-04-17T21:19:01.722+0000] {processor.py:183} INFO - Processing /home/airflow/.local/lib/python3.12/site-packages/airflow/example_dags/example_external_task_marker_dag.py took 0.154 seconds
[2024-04-17T23:57:38.440+0000] {processor.py:161} INFO - Started process (PID=42) to work on /home/airflow/.local/lib/python3.12/site-packages/airflow/example_dags/example_external_task_marker_dag.py
[2024-04-17T23:57:38.441+0000] {processor.py:830} INFO - Processing file /home/airflow/.local/lib/python3.12/site-packages/airflow/example_dags/example_external_task_marker_dag.py for tasks to queue
[2024-04-17T23:57:38.444+0000] {logging_mixin.py:188} INFO - [2024-04-17T23:57:38.443+0000] {dagbag.py:540} INFO - Filling up the DagBag from /home/airflow/.local/lib/python3.12/site-packages/airflow/example_dags/example_external_task_marker_dag.py
[2024-04-17T23:57:38.457+0000] {processor.py:840} INFO - DAG(s) 'example_external_task_marker_parent', 'example_external_task_marker_child' retrieved from /home/airflow/.local/lib/python3.12/site-packages/airflow/example_dags/example_external_task_marker_dag.py
[2024-04-17T23:57:38.502+0000] {logging_mixin.py:188} INFO - [2024-04-17T23:57:38.501+0000] {dag.py:3096} INFO - Sync 2 DAGs
[2024-04-17T23:57:38.532+0000] {logging_mixin.py:188} INFO - [2024-04-17T23:57:38.532+0000] {dag.py:3954} INFO - Setting next_dagrun for example_external_task_marker_child to None, run_after=None
[2024-04-17T23:57:38.541+0000] {logging_mixin.py:188} INFO - [2024-04-17T23:57:38.540+0000] {dag.py:3954} INFO - Setting next_dagrun for example_external_task_marker_parent to None, run_after=None
[2024-04-17T23:57:38.574+0000] {processor.py:183} INFO - Processing /home/airflow/.local/lib/python3.12/site-packages/airflow/example_dags/example_external_task_marker_dag.py took 0.143 seconds
[2024-04-17T23:58:08.684+0000] {processor.py:161} INFO - Started process (PID=100) to work on /home/airflow/.local/lib/python3.12/site-packages/airflow/example_dags/example_external_task_marker_dag.py
[2024-04-17T23:58:08.685+0000] {processor.py:830} INFO - Processing file /home/airflow/.local/lib/python3.12/site-packages/airflow/example_dags/example_external_task_marker_dag.py for tasks to queue
[2024-04-17T23:58:08.687+0000] {logging_mixin.py:188} INFO - [2024-04-17T23:58:08.687+0000] {dagbag.py:540} INFO - Filling up the DagBag from /home/airflow/.local/lib/python3.12/site-packages/airflow/example_dags/example_external_task_marker_dag.py
[2024-04-17T23:58:08.695+0000] {processor.py:840} INFO - DAG(s) 'example_external_task_marker_parent', 'example_external_task_marker_child' retrieved from /home/airflow/.local/lib/python3.12/site-packages/airflow/example_dags/example_external_task_marker_dag.py
[2024-04-17T23:58:08.734+0000] {logging_mixin.py:188} INFO - [2024-04-17T23:58:08.734+0000] {dag.py:3096} INFO - Sync 2 DAGs
[2024-04-17T23:58:08.759+0000] {logging_mixin.py:188} INFO - [2024-04-17T23:58:08.758+0000] {dag.py:3954} INFO - Setting next_dagrun for example_external_task_marker_child to None, run_after=None
[2024-04-17T23:58:08.766+0000] {logging_mixin.py:188} INFO - [2024-04-17T23:58:08.766+0000] {dag.py:3954} INFO - Setting next_dagrun for example_external_task_marker_parent to None, run_after=None
[2024-04-17T23:58:08.800+0000] {processor.py:183} INFO - Processing /home/airflow/.local/lib/python3.12/site-packages/airflow/example_dags/example_external_task_marker_dag.py took 0.122 seconds
[2024-04-17T23:58:39.035+0000] {processor.py:161} INFO - Started process (PID=158) to work on /home/airflow/.local/lib/python3.12/site-packages/airflow/example_dags/example_external_task_marker_dag.py
[2024-04-17T23:58:39.053+0000] {processor.py:830} INFO - Processing file /home/airflow/.local/lib/python3.12/site-packages/airflow/example_dags/example_external_task_marker_dag.py for tasks to queue
[2024-04-17T23:58:39.061+0000] {logging_mixin.py:188} INFO - [2024-04-17T23:58:39.060+0000] {dagbag.py:540} INFO - Filling up the DagBag from /home/airflow/.local/lib/python3.12/site-packages/airflow/example_dags/example_external_task_marker_dag.py
[2024-04-17T23:58:39.092+0000] {processor.py:840} INFO - DAG(s) 'example_external_task_marker_parent', 'example_external_task_marker_child' retrieved from /home/airflow/.local/lib/python3.12/site-packages/airflow/example_dags/example_external_task_marker_dag.py
[2024-04-17T23:58:39.176+0000] {logging_mixin.py:188} INFO - [2024-04-17T23:58:39.175+0000] {dag.py:3096} INFO - Sync 2 DAGs
[2024-04-17T23:58:39.220+0000] {logging_mixin.py:188} INFO - [2024-04-17T23:58:39.220+0000] {dag.py:3954} INFO - Setting next_dagrun for example_external_task_marker_child to None, run_after=None
[2024-04-17T23:58:39.235+0000] {logging_mixin.py:188} INFO - [2024-04-17T23:58:39.234+0000] {dag.py:3954} INFO - Setting next_dagrun for example_external_task_marker_parent to None, run_after=None
[2024-04-17T23:58:39.338+0000] {processor.py:183} INFO - Processing /home/airflow/.local/lib/python3.12/site-packages/airflow/example_dags/example_external_task_marker_dag.py took 0.324 seconds
[2024-04-17T23:59:09.551+0000] {processor.py:161} INFO - Started process (PID=216) to work on /home/airflow/.local/lib/python3.12/site-packages/airflow/example_dags/example_external_task_marker_dag.py
[2024-04-17T23:59:09.553+0000] {processor.py:830} INFO - Processing file /home/airflow/.local/lib/python3.12/site-packages/airflow/example_dags/example_external_task_marker_dag.py for tasks to queue
[2024-04-17T23:59:09.555+0000] {logging_mixin.py:188} INFO - [2024-04-17T23:59:09.554+0000] {dagbag.py:540} INFO - Filling up the DagBag from /home/airflow/.local/lib/python3.12/site-packages/airflow/example_dags/example_external_task_marker_dag.py
[2024-04-17T23:59:09.562+0000] {processor.py:840} INFO - DAG(s) 'example_external_task_marker_child', 'example_external_task_marker_parent' retrieved from /home/airflow/.local/lib/python3.12/site-packages/airflow/example_dags/example_external_task_marker_dag.py
[2024-04-17T23:59:09.593+0000] {logging_mixin.py:188} INFO - [2024-04-17T23:59:09.593+0000] {dag.py:3096} INFO - Sync 2 DAGs
[2024-04-17T23:59:09.617+0000] {logging_mixin.py:188} INFO - [2024-04-17T23:59:09.616+0000] {dag.py:3954} INFO - Setting next_dagrun for example_external_task_marker_child to None, run_after=None
[2024-04-17T23:59:09.625+0000] {logging_mixin.py:188} INFO - [2024-04-17T23:59:09.624+0000] {dag.py:3954} INFO - Setting next_dagrun for example_external_task_marker_parent to None, run_after=None
[2024-04-17T23:59:09.649+0000] {processor.py:183} INFO - Processing /home/airflow/.local/lib/python3.12/site-packages/airflow/example_dags/example_external_task_marker_dag.py took 0.103 seconds
[2024-04-17T23:59:40.618+0000] {processor.py:161} INFO - Started process (PID=275) to work on /home/airflow/.local/lib/python3.12/site-packages/airflow/example_dags/example_external_task_marker_dag.py
[2024-04-17T23:59:40.619+0000] {processor.py:830} INFO - Processing file /home/airflow/.local/lib/python3.12/site-packages/airflow/example_dags/example_external_task_marker_dag.py for tasks to queue
[2024-04-17T23:59:40.622+0000] {logging_mixin.py:188} INFO - [2024-04-17T23:59:40.621+0000] {dagbag.py:540} INFO - Filling up the DagBag from /home/airflow/.local/lib/python3.12/site-packages/airflow/example_dags/example_external_task_marker_dag.py
[2024-04-17T23:59:40.628+0000] {processor.py:840} INFO - DAG(s) 'example_external_task_marker_parent', 'example_external_task_marker_child' retrieved from /home/airflow/.local/lib/python3.12/site-packages/airflow/example_dags/example_external_task_marker_dag.py
[2024-04-17T23:59:40.675+0000] {logging_mixin.py:188} INFO - [2024-04-17T23:59:40.674+0000] {dag.py:3096} INFO - Sync 2 DAGs
[2024-04-17T23:59:40.702+0000] {logging_mixin.py:188} INFO - [2024-04-17T23:59:40.701+0000] {dag.py:3954} INFO - Setting next_dagrun for example_external_task_marker_child to None, run_after=None
[2024-04-17T23:59:40.709+0000] {logging_mixin.py:188} INFO - [2024-04-17T23:59:40.708+0000] {dag.py:3954} INFO - Setting next_dagrun for example_external_task_marker_parent to None, run_after=None
[2024-04-17T23:59:40.746+0000] {processor.py:183} INFO - Processing /home/airflow/.local/lib/python3.12/site-packages/airflow/example_dags/example_external_task_marker_dag.py took 0.137 seconds
