[2024-04-17T21:04:41.106+0000] {processor.py:161} INFO - Started process (PID=73) to work on /home/airflow/.local/lib/python3.12/site-packages/airflow/example_dags/tutorial_dag.py
[2024-04-17T21:04:41.113+0000] {processor.py:830} INFO - Processing file /home/airflow/.local/lib/python3.12/site-packages/airflow/example_dags/tutorial_dag.py for tasks to queue
[2024-04-17T21:04:41.140+0000] {logging_mixin.py:188} INFO - [2024-04-17T21:04:41.128+0000] {dagbag.py:540} INFO - Filling up the DagBag from /home/airflow/.local/lib/python3.12/site-packages/airflow/example_dags/tutorial_dag.py
[2024-04-17T21:04:41.199+0000] {processor.py:840} INFO - DAG(s) 'tutorial_dag' retrieved from /home/airflow/.local/lib/python3.12/site-packages/airflow/example_dags/tutorial_dag.py
[2024-04-17T21:04:41.917+0000] {logging_mixin.py:188} INFO - [2024-04-17T21:04:41.916+0000] {dag.py:3096} INFO - Sync 1 DAGs
[2024-04-17T21:04:41.968+0000] {logging_mixin.py:188} INFO - [2024-04-17T21:04:41.967+0000] {dag.py:3954} INFO - Setting next_dagrun for tutorial_dag to None, run_after=None
[2024-04-17T21:04:42.091+0000] {processor.py:183} INFO - Processing /home/airflow/.local/lib/python3.12/site-packages/airflow/example_dags/tutorial_dag.py took 1.003 seconds
[2024-04-17T21:05:12.440+0000] {processor.py:161} INFO - Started process (PID=131) to work on /home/airflow/.local/lib/python3.12/site-packages/airflow/example_dags/tutorial_dag.py
[2024-04-17T21:05:12.476+0000] {processor.py:830} INFO - Processing file /home/airflow/.local/lib/python3.12/site-packages/airflow/example_dags/tutorial_dag.py for tasks to queue
[2024-04-17T21:05:12.482+0000] {logging_mixin.py:188} INFO - [2024-04-17T21:05:12.481+0000] {dagbag.py:540} INFO - Filling up the DagBag from /home/airflow/.local/lib/python3.12/site-packages/airflow/example_dags/tutorial_dag.py
[2024-04-17T21:05:12.497+0000] {processor.py:840} INFO - DAG(s) 'tutorial_dag' retrieved from /home/airflow/.local/lib/python3.12/site-packages/airflow/example_dags/tutorial_dag.py
[2024-04-17T21:05:12.564+0000] {logging_mixin.py:188} INFO - [2024-04-17T21:05:12.563+0000] {dag.py:3096} INFO - Sync 1 DAGs
[2024-04-17T21:05:12.631+0000] {logging_mixin.py:188} INFO - [2024-04-17T21:05:12.630+0000] {dag.py:3954} INFO - Setting next_dagrun for tutorial_dag to None, run_after=None
[2024-04-17T21:05:13.348+0000] {processor.py:183} INFO - Processing /home/airflow/.local/lib/python3.12/site-packages/airflow/example_dags/tutorial_dag.py took 0.920 seconds
[2024-04-17T21:05:43.648+0000] {processor.py:161} INFO - Started process (PID=189) to work on /home/airflow/.local/lib/python3.12/site-packages/airflow/example_dags/tutorial_dag.py
[2024-04-17T21:05:43.654+0000] {processor.py:830} INFO - Processing file /home/airflow/.local/lib/python3.12/site-packages/airflow/example_dags/tutorial_dag.py for tasks to queue
[2024-04-17T21:05:43.658+0000] {logging_mixin.py:188} INFO - [2024-04-17T21:05:43.657+0000] {dagbag.py:540} INFO - Filling up the DagBag from /home/airflow/.local/lib/python3.12/site-packages/airflow/example_dags/tutorial_dag.py
[2024-04-17T21:05:43.677+0000] {processor.py:840} INFO - DAG(s) 'tutorial_dag' retrieved from /home/airflow/.local/lib/python3.12/site-packages/airflow/example_dags/tutorial_dag.py
[2024-04-17T21:05:43.783+0000] {logging_mixin.py:188} INFO - [2024-04-17T21:05:43.782+0000] {dag.py:3096} INFO - Sync 1 DAGs
[2024-04-17T21:05:43.879+0000] {logging_mixin.py:188} INFO - [2024-04-17T21:05:43.878+0000] {dag.py:3954} INFO - Setting next_dagrun for tutorial_dag to None, run_after=None
[2024-04-17T21:05:44.146+0000] {processor.py:183} INFO - Processing /home/airflow/.local/lib/python3.12/site-packages/airflow/example_dags/tutorial_dag.py took 0.521 seconds
[2024-04-17T21:06:14.641+0000] {processor.py:161} INFO - Started process (PID=247) to work on /home/airflow/.local/lib/python3.12/site-packages/airflow/example_dags/tutorial_dag.py
[2024-04-17T21:06:14.650+0000] {processor.py:830} INFO - Processing file /home/airflow/.local/lib/python3.12/site-packages/airflow/example_dags/tutorial_dag.py for tasks to queue
[2024-04-17T21:06:14.655+0000] {logging_mixin.py:188} INFO - [2024-04-17T21:06:14.654+0000] {dagbag.py:540} INFO - Filling up the DagBag from /home/airflow/.local/lib/python3.12/site-packages/airflow/example_dags/tutorial_dag.py
[2024-04-17T21:06:14.678+0000] {processor.py:840} INFO - DAG(s) 'tutorial_dag' retrieved from /home/airflow/.local/lib/python3.12/site-packages/airflow/example_dags/tutorial_dag.py
[2024-04-17T21:06:14.741+0000] {logging_mixin.py:188} INFO - [2024-04-17T21:06:14.740+0000] {dag.py:3096} INFO - Sync 1 DAGs
[2024-04-17T21:06:14.792+0000] {logging_mixin.py:188} INFO - [2024-04-17T21:06:14.792+0000] {dag.py:3954} INFO - Setting next_dagrun for tutorial_dag to None, run_after=None
[2024-04-17T21:06:14.862+0000] {processor.py:183} INFO - Processing /home/airflow/.local/lib/python3.12/site-packages/airflow/example_dags/tutorial_dag.py took 0.234 seconds
[2024-04-17T21:06:48.438+0000] {processor.py:161} INFO - Started process (PID=305) to work on /home/airflow/.local/lib/python3.12/site-packages/airflow/example_dags/tutorial_dag.py
[2024-04-17T21:06:48.471+0000] {processor.py:830} INFO - Processing file /home/airflow/.local/lib/python3.12/site-packages/airflow/example_dags/tutorial_dag.py for tasks to queue
[2024-04-17T21:06:48.475+0000] {logging_mixin.py:188} INFO - [2024-04-17T21:06:48.474+0000] {dagbag.py:540} INFO - Filling up the DagBag from /home/airflow/.local/lib/python3.12/site-packages/airflow/example_dags/tutorial_dag.py
[2024-04-17T21:06:48.488+0000] {processor.py:840} INFO - DAG(s) 'tutorial_dag' retrieved from /home/airflow/.local/lib/python3.12/site-packages/airflow/example_dags/tutorial_dag.py
[2024-04-17T21:06:48.554+0000] {logging_mixin.py:188} INFO - [2024-04-17T21:06:48.553+0000] {dag.py:3096} INFO - Sync 1 DAGs
[2024-04-17T21:06:48.614+0000] {logging_mixin.py:188} INFO - [2024-04-17T21:06:48.613+0000] {dag.py:3954} INFO - Setting next_dagrun for tutorial_dag to None, run_after=None
[2024-04-17T21:06:49.804+0000] {processor.py:183} INFO - Processing /home/airflow/.local/lib/python3.12/site-packages/airflow/example_dags/tutorial_dag.py took 1.378 seconds
[2024-04-17T21:07:25.408+0000] {processor.py:161} INFO - Started process (PID=361) to work on /home/airflow/.local/lib/python3.12/site-packages/airflow/example_dags/tutorial_dag.py
[2024-04-17T21:07:25.423+0000] {processor.py:830} INFO - Processing file /home/airflow/.local/lib/python3.12/site-packages/airflow/example_dags/tutorial_dag.py for tasks to queue
[2024-04-17T21:07:25.445+0000] {logging_mixin.py:188} INFO - [2024-04-17T21:07:25.444+0000] {dagbag.py:540} INFO - Filling up the DagBag from /home/airflow/.local/lib/python3.12/site-packages/airflow/example_dags/tutorial_dag.py
[2024-04-17T21:07:25.481+0000] {processor.py:840} INFO - DAG(s) 'tutorial_dag' retrieved from /home/airflow/.local/lib/python3.12/site-packages/airflow/example_dags/tutorial_dag.py
[2024-04-17T21:07:25.620+0000] {logging_mixin.py:188} INFO - [2024-04-17T21:07:25.619+0000] {dag.py:3096} INFO - Sync 1 DAGs
[2024-04-17T21:07:25.749+0000] {logging_mixin.py:188} INFO - [2024-04-17T21:07:25.748+0000] {dag.py:3954} INFO - Setting next_dagrun for tutorial_dag to None, run_after=None
[2024-04-17T21:07:25.920+0000] {processor.py:183} INFO - Processing /home/airflow/.local/lib/python3.12/site-packages/airflow/example_dags/tutorial_dag.py took 0.552 seconds
[2024-04-17T21:07:56.281+0000] {processor.py:161} INFO - Started process (PID=419) to work on /home/airflow/.local/lib/python3.12/site-packages/airflow/example_dags/tutorial_dag.py
[2024-04-17T21:07:56.285+0000] {processor.py:830} INFO - Processing file /home/airflow/.local/lib/python3.12/site-packages/airflow/example_dags/tutorial_dag.py for tasks to queue
[2024-04-17T21:07:56.296+0000] {logging_mixin.py:188} INFO - [2024-04-17T21:07:56.295+0000] {dagbag.py:540} INFO - Filling up the DagBag from /home/airflow/.local/lib/python3.12/site-packages/airflow/example_dags/tutorial_dag.py
[2024-04-17T21:07:56.319+0000] {processor.py:840} INFO - DAG(s) 'tutorial_dag' retrieved from /home/airflow/.local/lib/python3.12/site-packages/airflow/example_dags/tutorial_dag.py
[2024-04-17T21:07:56.409+0000] {logging_mixin.py:188} INFO - [2024-04-17T21:07:56.409+0000] {dag.py:3096} INFO - Sync 1 DAGs
[2024-04-17T21:07:56.468+0000] {logging_mixin.py:188} INFO - [2024-04-17T21:07:56.466+0000] {dag.py:3954} INFO - Setting next_dagrun for tutorial_dag to None, run_after=None
[2024-04-17T21:07:56.543+0000] {processor.py:183} INFO - Processing /home/airflow/.local/lib/python3.12/site-packages/airflow/example_dags/tutorial_dag.py took 0.292 seconds
[2024-04-17T21:08:27.056+0000] {processor.py:161} INFO - Started process (PID=477) to work on /home/airflow/.local/lib/python3.12/site-packages/airflow/example_dags/tutorial_dag.py
[2024-04-17T21:08:27.184+0000] {processor.py:830} INFO - Processing file /home/airflow/.local/lib/python3.12/site-packages/airflow/example_dags/tutorial_dag.py for tasks to queue
[2024-04-17T21:08:27.190+0000] {logging_mixin.py:188} INFO - [2024-04-17T21:08:27.188+0000] {dagbag.py:540} INFO - Filling up the DagBag from /home/airflow/.local/lib/python3.12/site-packages/airflow/example_dags/tutorial_dag.py
[2024-04-17T21:08:27.212+0000] {processor.py:840} INFO - DAG(s) 'tutorial_dag' retrieved from /home/airflow/.local/lib/python3.12/site-packages/airflow/example_dags/tutorial_dag.py
[2024-04-17T21:08:27.286+0000] {logging_mixin.py:188} INFO - [2024-04-17T21:08:27.285+0000] {dag.py:3096} INFO - Sync 1 DAGs
[2024-04-17T21:08:27.336+0000] {logging_mixin.py:188} INFO - [2024-04-17T21:08:27.335+0000] {dag.py:3954} INFO - Setting next_dagrun for tutorial_dag to None, run_after=None
[2024-04-17T21:08:27.665+0000] {processor.py:183} INFO - Processing /home/airflow/.local/lib/python3.12/site-packages/airflow/example_dags/tutorial_dag.py took 0.620 seconds
[2024-04-17T21:08:58.014+0000] {processor.py:161} INFO - Started process (PID=535) to work on /home/airflow/.local/lib/python3.12/site-packages/airflow/example_dags/tutorial_dag.py
[2024-04-17T21:08:58.050+0000] {processor.py:830} INFO - Processing file /home/airflow/.local/lib/python3.12/site-packages/airflow/example_dags/tutorial_dag.py for tasks to queue
[2024-04-17T21:08:58.054+0000] {logging_mixin.py:188} INFO - [2024-04-17T21:08:58.053+0000] {dagbag.py:540} INFO - Filling up the DagBag from /home/airflow/.local/lib/python3.12/site-packages/airflow/example_dags/tutorial_dag.py
[2024-04-17T21:08:58.071+0000] {processor.py:840} INFO - DAG(s) 'tutorial_dag' retrieved from /home/airflow/.local/lib/python3.12/site-packages/airflow/example_dags/tutorial_dag.py
[2024-04-17T21:08:58.166+0000] {logging_mixin.py:188} INFO - [2024-04-17T21:08:58.166+0000] {dag.py:3096} INFO - Sync 1 DAGs
[2024-04-17T21:08:58.223+0000] {logging_mixin.py:188} INFO - [2024-04-17T21:08:58.222+0000] {dag.py:3954} INFO - Setting next_dagrun for tutorial_dag to None, run_after=None
[2024-04-17T21:08:58.594+0000] {processor.py:183} INFO - Processing /home/airflow/.local/lib/python3.12/site-packages/airflow/example_dags/tutorial_dag.py took 0.601 seconds
[2024-04-17T21:09:29.078+0000] {processor.py:161} INFO - Started process (PID=593) to work on /home/airflow/.local/lib/python3.12/site-packages/airflow/example_dags/tutorial_dag.py
[2024-04-17T21:09:29.091+0000] {processor.py:830} INFO - Processing file /home/airflow/.local/lib/python3.12/site-packages/airflow/example_dags/tutorial_dag.py for tasks to queue
[2024-04-17T21:09:29.104+0000] {logging_mixin.py:188} INFO - [2024-04-17T21:09:29.103+0000] {dagbag.py:540} INFO - Filling up the DagBag from /home/airflow/.local/lib/python3.12/site-packages/airflow/example_dags/tutorial_dag.py
[2024-04-17T21:09:29.143+0000] {processor.py:840} INFO - DAG(s) 'tutorial_dag' retrieved from /home/airflow/.local/lib/python3.12/site-packages/airflow/example_dags/tutorial_dag.py
[2024-04-17T21:09:29.253+0000] {logging_mixin.py:188} INFO - [2024-04-17T21:09:29.253+0000] {dag.py:3096} INFO - Sync 1 DAGs
[2024-04-17T21:09:29.285+0000] {logging_mixin.py:188} INFO - [2024-04-17T21:09:29.285+0000] {dag.py:3954} INFO - Setting next_dagrun for tutorial_dag to None, run_after=None
[2024-04-17T21:09:29.674+0000] {processor.py:183} INFO - Processing /home/airflow/.local/lib/python3.12/site-packages/airflow/example_dags/tutorial_dag.py took 0.617 seconds
[2024-04-17T21:09:59.785+0000] {processor.py:161} INFO - Started process (PID=651) to work on /home/airflow/.local/lib/python3.12/site-packages/airflow/example_dags/tutorial_dag.py
[2024-04-17T21:09:59.787+0000] {processor.py:830} INFO - Processing file /home/airflow/.local/lib/python3.12/site-packages/airflow/example_dags/tutorial_dag.py for tasks to queue
[2024-04-17T21:09:59.789+0000] {logging_mixin.py:188} INFO - [2024-04-17T21:09:59.789+0000] {dagbag.py:540} INFO - Filling up the DagBag from /home/airflow/.local/lib/python3.12/site-packages/airflow/example_dags/tutorial_dag.py
[2024-04-17T21:09:59.795+0000] {processor.py:840} INFO - DAG(s) 'tutorial_dag' retrieved from /home/airflow/.local/lib/python3.12/site-packages/airflow/example_dags/tutorial_dag.py
[2024-04-17T21:09:59.836+0000] {logging_mixin.py:188} INFO - [2024-04-17T21:09:59.835+0000] {dag.py:3096} INFO - Sync 1 DAGs
[2024-04-17T21:09:59.866+0000] {logging_mixin.py:188} INFO - [2024-04-17T21:09:59.865+0000] {dag.py:3954} INFO - Setting next_dagrun for tutorial_dag to None, run_after=None
[2024-04-17T21:09:59.921+0000] {processor.py:183} INFO - Processing /home/airflow/.local/lib/python3.12/site-packages/airflow/example_dags/tutorial_dag.py took 0.145 seconds
[2024-04-17T21:10:30.371+0000] {processor.py:161} INFO - Started process (PID=709) to work on /home/airflow/.local/lib/python3.12/site-packages/airflow/example_dags/tutorial_dag.py
[2024-04-17T21:10:30.373+0000] {processor.py:830} INFO - Processing file /home/airflow/.local/lib/python3.12/site-packages/airflow/example_dags/tutorial_dag.py for tasks to queue
[2024-04-17T21:10:30.376+0000] {logging_mixin.py:188} INFO - [2024-04-17T21:10:30.376+0000] {dagbag.py:540} INFO - Filling up the DagBag from /home/airflow/.local/lib/python3.12/site-packages/airflow/example_dags/tutorial_dag.py
[2024-04-17T21:10:30.384+0000] {processor.py:840} INFO - DAG(s) 'tutorial_dag' retrieved from /home/airflow/.local/lib/python3.12/site-packages/airflow/example_dags/tutorial_dag.py
[2024-04-17T21:10:30.418+0000] {logging_mixin.py:188} INFO - [2024-04-17T21:10:30.418+0000] {dag.py:3096} INFO - Sync 1 DAGs
[2024-04-17T21:10:30.444+0000] {logging_mixin.py:188} INFO - [2024-04-17T21:10:30.443+0000] {dag.py:3954} INFO - Setting next_dagrun for tutorial_dag to None, run_after=None
[2024-04-17T21:10:30.492+0000] {processor.py:183} INFO - Processing /home/airflow/.local/lib/python3.12/site-packages/airflow/example_dags/tutorial_dag.py took 0.128 seconds
[2024-04-17T21:11:00.793+0000] {processor.py:161} INFO - Started process (PID=768) to work on /home/airflow/.local/lib/python3.12/site-packages/airflow/example_dags/tutorial_dag.py
[2024-04-17T21:11:00.795+0000] {processor.py:830} INFO - Processing file /home/airflow/.local/lib/python3.12/site-packages/airflow/example_dags/tutorial_dag.py for tasks to queue
[2024-04-17T21:11:00.799+0000] {logging_mixin.py:188} INFO - [2024-04-17T21:11:00.798+0000] {dagbag.py:540} INFO - Filling up the DagBag from /home/airflow/.local/lib/python3.12/site-packages/airflow/example_dags/tutorial_dag.py
[2024-04-17T21:11:00.809+0000] {processor.py:840} INFO - DAG(s) 'tutorial_dag' retrieved from /home/airflow/.local/lib/python3.12/site-packages/airflow/example_dags/tutorial_dag.py
[2024-04-17T21:11:00.855+0000] {logging_mixin.py:188} INFO - [2024-04-17T21:11:00.854+0000] {dag.py:3096} INFO - Sync 1 DAGs
[2024-04-17T21:11:00.885+0000] {logging_mixin.py:188} INFO - [2024-04-17T21:11:00.885+0000] {dag.py:3954} INFO - Setting next_dagrun for tutorial_dag to None, run_after=None
[2024-04-17T21:11:00.939+0000] {processor.py:183} INFO - Processing /home/airflow/.local/lib/python3.12/site-packages/airflow/example_dags/tutorial_dag.py took 0.158 seconds
[2024-04-17T21:11:31.278+0000] {processor.py:161} INFO - Started process (PID=826) to work on /home/airflow/.local/lib/python3.12/site-packages/airflow/example_dags/tutorial_dag.py
[2024-04-17T21:11:31.280+0000] {processor.py:830} INFO - Processing file /home/airflow/.local/lib/python3.12/site-packages/airflow/example_dags/tutorial_dag.py for tasks to queue
[2024-04-17T21:11:31.285+0000] {logging_mixin.py:188} INFO - [2024-04-17T21:11:31.283+0000] {dagbag.py:540} INFO - Filling up the DagBag from /home/airflow/.local/lib/python3.12/site-packages/airflow/example_dags/tutorial_dag.py
[2024-04-17T21:11:31.296+0000] {processor.py:840} INFO - DAG(s) 'tutorial_dag' retrieved from /home/airflow/.local/lib/python3.12/site-packages/airflow/example_dags/tutorial_dag.py
[2024-04-17T21:11:31.339+0000] {logging_mixin.py:188} INFO - [2024-04-17T21:11:31.338+0000] {dag.py:3096} INFO - Sync 1 DAGs
[2024-04-17T21:11:31.369+0000] {logging_mixin.py:188} INFO - [2024-04-17T21:11:31.368+0000] {dag.py:3954} INFO - Setting next_dagrun for tutorial_dag to None, run_after=None
[2024-04-17T21:11:31.423+0000] {processor.py:183} INFO - Processing /home/airflow/.local/lib/python3.12/site-packages/airflow/example_dags/tutorial_dag.py took 0.157 seconds
[2024-04-17T21:12:01.688+0000] {processor.py:161} INFO - Started process (PID=884) to work on /home/airflow/.local/lib/python3.12/site-packages/airflow/example_dags/tutorial_dag.py
[2024-04-17T21:12:01.689+0000] {processor.py:830} INFO - Processing file /home/airflow/.local/lib/python3.12/site-packages/airflow/example_dags/tutorial_dag.py for tasks to queue
[2024-04-17T21:12:01.691+0000] {logging_mixin.py:188} INFO - [2024-04-17T21:12:01.691+0000] {dagbag.py:540} INFO - Filling up the DagBag from /home/airflow/.local/lib/python3.12/site-packages/airflow/example_dags/tutorial_dag.py
[2024-04-17T21:12:01.698+0000] {processor.py:840} INFO - DAG(s) 'tutorial_dag' retrieved from /home/airflow/.local/lib/python3.12/site-packages/airflow/example_dags/tutorial_dag.py
[2024-04-17T21:12:01.727+0000] {logging_mixin.py:188} INFO - [2024-04-17T21:12:01.727+0000] {dag.py:3096} INFO - Sync 1 DAGs
[2024-04-17T21:12:01.746+0000] {logging_mixin.py:188} INFO - [2024-04-17T21:12:01.745+0000] {dag.py:3954} INFO - Setting next_dagrun for tutorial_dag to None, run_after=None
[2024-04-17T21:12:01.841+0000] {processor.py:183} INFO - Processing /home/airflow/.local/lib/python3.12/site-packages/airflow/example_dags/tutorial_dag.py took 0.159 seconds
[2024-04-17T21:12:32.503+0000] {processor.py:161} INFO - Started process (PID=942) to work on /home/airflow/.local/lib/python3.12/site-packages/airflow/example_dags/tutorial_dag.py
[2024-04-17T21:12:32.505+0000] {processor.py:830} INFO - Processing file /home/airflow/.local/lib/python3.12/site-packages/airflow/example_dags/tutorial_dag.py for tasks to queue
[2024-04-17T21:12:32.508+0000] {logging_mixin.py:188} INFO - [2024-04-17T21:12:32.507+0000] {dagbag.py:540} INFO - Filling up the DagBag from /home/airflow/.local/lib/python3.12/site-packages/airflow/example_dags/tutorial_dag.py
[2024-04-17T21:12:32.518+0000] {processor.py:840} INFO - DAG(s) 'tutorial_dag' retrieved from /home/airflow/.local/lib/python3.12/site-packages/airflow/example_dags/tutorial_dag.py
[2024-04-17T21:12:32.561+0000] {logging_mixin.py:188} INFO - [2024-04-17T21:12:32.560+0000] {dag.py:3096} INFO - Sync 1 DAGs
[2024-04-17T21:12:32.591+0000] {logging_mixin.py:188} INFO - [2024-04-17T21:12:32.590+0000] {dag.py:3954} INFO - Setting next_dagrun for tutorial_dag to None, run_after=None
[2024-04-17T21:12:32.664+0000] {processor.py:183} INFO - Processing /home/airflow/.local/lib/python3.12/site-packages/airflow/example_dags/tutorial_dag.py took 0.169 seconds
[2024-04-17T21:13:03.680+0000] {processor.py:161} INFO - Started process (PID=1000) to work on /home/airflow/.local/lib/python3.12/site-packages/airflow/example_dags/tutorial_dag.py
[2024-04-17T21:13:03.681+0000] {processor.py:830} INFO - Processing file /home/airflow/.local/lib/python3.12/site-packages/airflow/example_dags/tutorial_dag.py for tasks to queue
[2024-04-17T21:13:03.685+0000] {logging_mixin.py:188} INFO - [2024-04-17T21:13:03.684+0000] {dagbag.py:540} INFO - Filling up the DagBag from /home/airflow/.local/lib/python3.12/site-packages/airflow/example_dags/tutorial_dag.py
[2024-04-17T21:13:03.694+0000] {processor.py:840} INFO - DAG(s) 'tutorial_dag' retrieved from /home/airflow/.local/lib/python3.12/site-packages/airflow/example_dags/tutorial_dag.py
[2024-04-17T21:13:03.744+0000] {logging_mixin.py:188} INFO - [2024-04-17T21:13:03.743+0000] {dag.py:3096} INFO - Sync 1 DAGs
[2024-04-17T21:13:03.769+0000] {logging_mixin.py:188} INFO - [2024-04-17T21:13:03.768+0000] {dag.py:3954} INFO - Setting next_dagrun for tutorial_dag to None, run_after=None
[2024-04-17T21:13:03.813+0000] {processor.py:183} INFO - Processing /home/airflow/.local/lib/python3.12/site-packages/airflow/example_dags/tutorial_dag.py took 0.145 seconds
[2024-04-17T21:14:58.923+0000] {processor.py:161} INFO - Started process (PID=56) to work on /home/airflow/.local/lib/python3.12/site-packages/airflow/example_dags/tutorial_dag.py
[2024-04-17T21:14:58.925+0000] {processor.py:830} INFO - Processing file /home/airflow/.local/lib/python3.12/site-packages/airflow/example_dags/tutorial_dag.py for tasks to queue
[2024-04-17T21:14:58.929+0000] {logging_mixin.py:188} INFO - [2024-04-17T21:14:58.928+0000] {dagbag.py:540} INFO - Filling up the DagBag from /home/airflow/.local/lib/python3.12/site-packages/airflow/example_dags/tutorial_dag.py
[2024-04-17T21:14:58.948+0000] {processor.py:840} INFO - DAG(s) 'tutorial_dag' retrieved from /home/airflow/.local/lib/python3.12/site-packages/airflow/example_dags/tutorial_dag.py
[2024-04-17T21:14:59.296+0000] {logging_mixin.py:188} INFO - [2024-04-17T21:14:59.295+0000] {dag.py:3096} INFO - Sync 1 DAGs
[2024-04-17T21:14:59.336+0000] {logging_mixin.py:188} INFO - [2024-04-17T21:14:59.335+0000] {dag.py:3954} INFO - Setting next_dagrun for tutorial_dag to None, run_after=None
[2024-04-17T21:14:59.398+0000] {processor.py:183} INFO - Processing /home/airflow/.local/lib/python3.12/site-packages/airflow/example_dags/tutorial_dag.py took 0.486 seconds
[2024-04-17T21:15:30.120+0000] {processor.py:161} INFO - Started process (PID=114) to work on /home/airflow/.local/lib/python3.12/site-packages/airflow/example_dags/tutorial_dag.py
[2024-04-17T21:15:30.121+0000] {processor.py:830} INFO - Processing file /home/airflow/.local/lib/python3.12/site-packages/airflow/example_dags/tutorial_dag.py for tasks to queue
[2024-04-17T21:15:30.125+0000] {logging_mixin.py:188} INFO - [2024-04-17T21:15:30.124+0000] {dagbag.py:540} INFO - Filling up the DagBag from /home/airflow/.local/lib/python3.12/site-packages/airflow/example_dags/tutorial_dag.py
[2024-04-17T21:15:30.134+0000] {processor.py:840} INFO - DAG(s) 'tutorial_dag' retrieved from /home/airflow/.local/lib/python3.12/site-packages/airflow/example_dags/tutorial_dag.py
[2024-04-17T21:15:30.178+0000] {logging_mixin.py:188} INFO - [2024-04-17T21:15:30.177+0000] {dag.py:3096} INFO - Sync 1 DAGs
[2024-04-17T21:15:30.208+0000] {logging_mixin.py:188} INFO - [2024-04-17T21:15:30.207+0000] {dag.py:3954} INFO - Setting next_dagrun for tutorial_dag to None, run_after=None
[2024-04-17T21:15:30.258+0000] {processor.py:183} INFO - Processing /home/airflow/.local/lib/python3.12/site-packages/airflow/example_dags/tutorial_dag.py took 0.148 seconds
[2024-04-17T21:16:00.326+0000] {processor.py:161} INFO - Started process (PID=171) to work on /home/airflow/.local/lib/python3.12/site-packages/airflow/example_dags/tutorial_dag.py
[2024-04-17T21:16:00.327+0000] {processor.py:830} INFO - Processing file /home/airflow/.local/lib/python3.12/site-packages/airflow/example_dags/tutorial_dag.py for tasks to queue
[2024-04-17T21:16:00.330+0000] {logging_mixin.py:188} INFO - [2024-04-17T21:16:00.329+0000] {dagbag.py:540} INFO - Filling up the DagBag from /home/airflow/.local/lib/python3.12/site-packages/airflow/example_dags/tutorial_dag.py
[2024-04-17T21:16:00.336+0000] {processor.py:840} INFO - DAG(s) 'tutorial_dag' retrieved from /home/airflow/.local/lib/python3.12/site-packages/airflow/example_dags/tutorial_dag.py
[2024-04-17T21:16:00.365+0000] {logging_mixin.py:188} INFO - [2024-04-17T21:16:00.364+0000] {dag.py:3096} INFO - Sync 1 DAGs
[2024-04-17T21:16:00.383+0000] {logging_mixin.py:188} INFO - [2024-04-17T21:16:00.383+0000] {dag.py:3954} INFO - Setting next_dagrun for tutorial_dag to None, run_after=None
[2024-04-17T21:16:00.416+0000] {processor.py:183} INFO - Processing /home/airflow/.local/lib/python3.12/site-packages/airflow/example_dags/tutorial_dag.py took 0.097 seconds
[2024-04-17T21:16:30.720+0000] {processor.py:161} INFO - Started process (PID=230) to work on /home/airflow/.local/lib/python3.12/site-packages/airflow/example_dags/tutorial_dag.py
[2024-04-17T21:16:30.721+0000] {processor.py:830} INFO - Processing file /home/airflow/.local/lib/python3.12/site-packages/airflow/example_dags/tutorial_dag.py for tasks to queue
[2024-04-17T21:16:30.724+0000] {logging_mixin.py:188} INFO - [2024-04-17T21:16:30.724+0000] {dagbag.py:540} INFO - Filling up the DagBag from /home/airflow/.local/lib/python3.12/site-packages/airflow/example_dags/tutorial_dag.py
[2024-04-17T21:16:30.732+0000] {processor.py:840} INFO - DAG(s) 'tutorial_dag' retrieved from /home/airflow/.local/lib/python3.12/site-packages/airflow/example_dags/tutorial_dag.py
[2024-04-17T21:16:30.765+0000] {logging_mixin.py:188} INFO - [2024-04-17T21:16:30.764+0000] {dag.py:3096} INFO - Sync 1 DAGs
[2024-04-17T21:16:30.795+0000] {logging_mixin.py:188} INFO - [2024-04-17T21:16:30.795+0000] {dag.py:3954} INFO - Setting next_dagrun for tutorial_dag to None, run_after=None
[2024-04-17T21:16:30.838+0000] {processor.py:183} INFO - Processing /home/airflow/.local/lib/python3.12/site-packages/airflow/example_dags/tutorial_dag.py took 0.126 seconds
[2024-04-17T21:17:01.069+0000] {processor.py:161} INFO - Started process (PID=288) to work on /home/airflow/.local/lib/python3.12/site-packages/airflow/example_dags/tutorial_dag.py
[2024-04-17T21:17:01.072+0000] {processor.py:830} INFO - Processing file /home/airflow/.local/lib/python3.12/site-packages/airflow/example_dags/tutorial_dag.py for tasks to queue
[2024-04-17T21:17:01.077+0000] {logging_mixin.py:188} INFO - [2024-04-17T21:17:01.076+0000] {dagbag.py:540} INFO - Filling up the DagBag from /home/airflow/.local/lib/python3.12/site-packages/airflow/example_dags/tutorial_dag.py
[2024-04-17T21:17:01.094+0000] {processor.py:840} INFO - DAG(s) 'tutorial_dag' retrieved from /home/airflow/.local/lib/python3.12/site-packages/airflow/example_dags/tutorial_dag.py
[2024-04-17T21:17:01.141+0000] {logging_mixin.py:188} INFO - [2024-04-17T21:17:01.141+0000] {dag.py:3096} INFO - Sync 1 DAGs
[2024-04-17T21:17:01.170+0000] {logging_mixin.py:188} INFO - [2024-04-17T21:17:01.170+0000] {dag.py:3954} INFO - Setting next_dagrun for tutorial_dag to None, run_after=None
[2024-04-17T21:17:01.255+0000] {processor.py:183} INFO - Processing /home/airflow/.local/lib/python3.12/site-packages/airflow/example_dags/tutorial_dag.py took 0.198 seconds
[2024-04-17T21:17:31.458+0000] {processor.py:161} INFO - Started process (PID=346) to work on /home/airflow/.local/lib/python3.12/site-packages/airflow/example_dags/tutorial_dag.py
[2024-04-17T21:17:31.460+0000] {processor.py:830} INFO - Processing file /home/airflow/.local/lib/python3.12/site-packages/airflow/example_dags/tutorial_dag.py for tasks to queue
[2024-04-17T21:17:31.464+0000] {logging_mixin.py:188} INFO - [2024-04-17T21:17:31.463+0000] {dagbag.py:540} INFO - Filling up the DagBag from /home/airflow/.local/lib/python3.12/site-packages/airflow/example_dags/tutorial_dag.py
[2024-04-17T21:17:31.473+0000] {processor.py:840} INFO - DAG(s) 'tutorial_dag' retrieved from /home/airflow/.local/lib/python3.12/site-packages/airflow/example_dags/tutorial_dag.py
[2024-04-17T21:17:31.509+0000] {logging_mixin.py:188} INFO - [2024-04-17T21:17:31.509+0000] {dag.py:3096} INFO - Sync 1 DAGs
[2024-04-17T21:17:31.550+0000] {logging_mixin.py:188} INFO - [2024-04-17T21:17:31.549+0000] {dag.py:3954} INFO - Setting next_dagrun for tutorial_dag to None, run_after=None
[2024-04-17T21:17:31.608+0000] {processor.py:183} INFO - Processing /home/airflow/.local/lib/python3.12/site-packages/airflow/example_dags/tutorial_dag.py took 0.159 seconds
[2024-04-17T21:18:01.832+0000] {processor.py:161} INFO - Started process (PID=404) to work on /home/airflow/.local/lib/python3.12/site-packages/airflow/example_dags/tutorial_dag.py
[2024-04-17T21:18:01.834+0000] {processor.py:830} INFO - Processing file /home/airflow/.local/lib/python3.12/site-packages/airflow/example_dags/tutorial_dag.py for tasks to queue
[2024-04-17T21:18:01.838+0000] {logging_mixin.py:188} INFO - [2024-04-17T21:18:01.837+0000] {dagbag.py:540} INFO - Filling up the DagBag from /home/airflow/.local/lib/python3.12/site-packages/airflow/example_dags/tutorial_dag.py
[2024-04-17T21:18:01.851+0000] {processor.py:840} INFO - DAG(s) 'tutorial_dag' retrieved from /home/airflow/.local/lib/python3.12/site-packages/airflow/example_dags/tutorial_dag.py
[2024-04-17T21:18:01.899+0000] {logging_mixin.py:188} INFO - [2024-04-17T21:18:01.898+0000] {dag.py:3096} INFO - Sync 1 DAGs
[2024-04-17T21:18:01.933+0000] {logging_mixin.py:188} INFO - [2024-04-17T21:18:01.932+0000] {dag.py:3954} INFO - Setting next_dagrun for tutorial_dag to None, run_after=None
[2024-04-17T21:18:01.995+0000] {processor.py:183} INFO - Processing /home/airflow/.local/lib/python3.12/site-packages/airflow/example_dags/tutorial_dag.py took 0.175 seconds
[2024-04-17T21:18:32.398+0000] {processor.py:161} INFO - Started process (PID=462) to work on /home/airflow/.local/lib/python3.12/site-packages/airflow/example_dags/tutorial_dag.py
[2024-04-17T21:18:32.401+0000] {processor.py:830} INFO - Processing file /home/airflow/.local/lib/python3.12/site-packages/airflow/example_dags/tutorial_dag.py for tasks to queue
[2024-04-17T21:18:32.406+0000] {logging_mixin.py:188} INFO - [2024-04-17T21:18:32.405+0000] {dagbag.py:540} INFO - Filling up the DagBag from /home/airflow/.local/lib/python3.12/site-packages/airflow/example_dags/tutorial_dag.py
[2024-04-17T21:18:32.418+0000] {processor.py:840} INFO - DAG(s) 'tutorial_dag' retrieved from /home/airflow/.local/lib/python3.12/site-packages/airflow/example_dags/tutorial_dag.py
[2024-04-17T21:18:32.474+0000] {logging_mixin.py:188} INFO - [2024-04-17T21:18:32.474+0000] {dag.py:3096} INFO - Sync 1 DAGs
[2024-04-17T21:18:32.504+0000] {logging_mixin.py:188} INFO - [2024-04-17T21:18:32.503+0000] {dag.py:3954} INFO - Setting next_dagrun for tutorial_dag to None, run_after=None
[2024-04-17T21:18:32.549+0000] {processor.py:183} INFO - Processing /home/airflow/.local/lib/python3.12/site-packages/airflow/example_dags/tutorial_dag.py took 0.166 seconds
[2024-04-17T21:19:02.921+0000] {processor.py:161} INFO - Started process (PID=520) to work on /home/airflow/.local/lib/python3.12/site-packages/airflow/example_dags/tutorial_dag.py
[2024-04-17T21:19:02.923+0000] {processor.py:830} INFO - Processing file /home/airflow/.local/lib/python3.12/site-packages/airflow/example_dags/tutorial_dag.py for tasks to queue
[2024-04-17T21:19:02.928+0000] {logging_mixin.py:188} INFO - [2024-04-17T21:19:02.927+0000] {dagbag.py:540} INFO - Filling up the DagBag from /home/airflow/.local/lib/python3.12/site-packages/airflow/example_dags/tutorial_dag.py
[2024-04-17T21:19:02.940+0000] {processor.py:840} INFO - DAG(s) 'tutorial_dag' retrieved from /home/airflow/.local/lib/python3.12/site-packages/airflow/example_dags/tutorial_dag.py
[2024-04-17T21:19:03.016+0000] {logging_mixin.py:188} INFO - [2024-04-17T21:19:03.016+0000] {dag.py:3096} INFO - Sync 1 DAGs
[2024-04-17T21:19:03.054+0000] {logging_mixin.py:188} INFO - [2024-04-17T21:19:03.053+0000] {dag.py:3954} INFO - Setting next_dagrun for tutorial_dag to None, run_after=None
[2024-04-17T21:19:03.133+0000] {processor.py:183} INFO - Processing /home/airflow/.local/lib/python3.12/site-packages/airflow/example_dags/tutorial_dag.py took 0.223 seconds
[2024-04-17T23:57:39.512+0000] {processor.py:161} INFO - Started process (PID=54) to work on /home/airflow/.local/lib/python3.12/site-packages/airflow/example_dags/tutorial_dag.py
[2024-04-17T23:57:39.514+0000] {processor.py:830} INFO - Processing file /home/airflow/.local/lib/python3.12/site-packages/airflow/example_dags/tutorial_dag.py for tasks to queue
[2024-04-17T23:57:39.518+0000] {logging_mixin.py:188} INFO - [2024-04-17T23:57:39.517+0000] {dagbag.py:540} INFO - Filling up the DagBag from /home/airflow/.local/lib/python3.12/site-packages/airflow/example_dags/tutorial_dag.py
[2024-04-17T23:57:39.533+0000] {processor.py:840} INFO - DAG(s) 'tutorial_dag' retrieved from /home/airflow/.local/lib/python3.12/site-packages/airflow/example_dags/tutorial_dag.py
[2024-04-17T23:57:39.588+0000] {logging_mixin.py:188} INFO - [2024-04-17T23:57:39.584+0000] {dag.py:3096} INFO - Sync 1 DAGs
[2024-04-17T23:57:39.623+0000] {logging_mixin.py:188} INFO - [2024-04-17T23:57:39.622+0000] {dag.py:3954} INFO - Setting next_dagrun for tutorial_dag to None, run_after=None
[2024-04-17T23:57:39.662+0000] {processor.py:183} INFO - Processing /home/airflow/.local/lib/python3.12/site-packages/airflow/example_dags/tutorial_dag.py took 0.158 seconds
[2024-04-17T23:58:09.779+0000] {processor.py:161} INFO - Started process (PID=112) to work on /home/airflow/.local/lib/python3.12/site-packages/airflow/example_dags/tutorial_dag.py
[2024-04-17T23:58:09.781+0000] {processor.py:830} INFO - Processing file /home/airflow/.local/lib/python3.12/site-packages/airflow/example_dags/tutorial_dag.py for tasks to queue
[2024-04-17T23:58:09.784+0000] {logging_mixin.py:188} INFO - [2024-04-17T23:58:09.783+0000] {dagbag.py:540} INFO - Filling up the DagBag from /home/airflow/.local/lib/python3.12/site-packages/airflow/example_dags/tutorial_dag.py
[2024-04-17T23:58:09.790+0000] {processor.py:840} INFO - DAG(s) 'tutorial_dag' retrieved from /home/airflow/.local/lib/python3.12/site-packages/airflow/example_dags/tutorial_dag.py
[2024-04-17T23:58:09.816+0000] {logging_mixin.py:188} INFO - [2024-04-17T23:58:09.816+0000] {dag.py:3096} INFO - Sync 1 DAGs
[2024-04-17T23:58:09.834+0000] {logging_mixin.py:188} INFO - [2024-04-17T23:58:09.834+0000] {dag.py:3954} INFO - Setting next_dagrun for tutorial_dag to None, run_after=None
[2024-04-17T23:58:09.867+0000] {processor.py:183} INFO - Processing /home/airflow/.local/lib/python3.12/site-packages/airflow/example_dags/tutorial_dag.py took 0.095 seconds
[2024-04-17T23:58:40.713+0000] {processor.py:161} INFO - Started process (PID=170) to work on /home/airflow/.local/lib/python3.12/site-packages/airflow/example_dags/tutorial_dag.py
[2024-04-17T23:58:40.715+0000] {processor.py:830} INFO - Processing file /home/airflow/.local/lib/python3.12/site-packages/airflow/example_dags/tutorial_dag.py for tasks to queue
[2024-04-17T23:58:40.719+0000] {logging_mixin.py:188} INFO - [2024-04-17T23:58:40.718+0000] {dagbag.py:540} INFO - Filling up the DagBag from /home/airflow/.local/lib/python3.12/site-packages/airflow/example_dags/tutorial_dag.py
[2024-04-17T23:58:40.729+0000] {processor.py:840} INFO - DAG(s) 'tutorial_dag' retrieved from /home/airflow/.local/lib/python3.12/site-packages/airflow/example_dags/tutorial_dag.py
[2024-04-17T23:58:40.781+0000] {logging_mixin.py:188} INFO - [2024-04-17T23:58:40.780+0000] {dag.py:3096} INFO - Sync 1 DAGs
[2024-04-17T23:58:40.832+0000] {logging_mixin.py:188} INFO - [2024-04-17T23:58:40.831+0000] {dag.py:3954} INFO - Setting next_dagrun for tutorial_dag to None, run_after=None
[2024-04-17T23:58:40.900+0000] {processor.py:183} INFO - Processing /home/airflow/.local/lib/python3.12/site-packages/airflow/example_dags/tutorial_dag.py took 0.199 seconds
[2024-04-17T23:59:11.824+0000] {processor.py:161} INFO - Started process (PID=228) to work on /home/airflow/.local/lib/python3.12/site-packages/airflow/example_dags/tutorial_dag.py
[2024-04-17T23:59:11.826+0000] {processor.py:830} INFO - Processing file /home/airflow/.local/lib/python3.12/site-packages/airflow/example_dags/tutorial_dag.py for tasks to queue
[2024-04-17T23:59:11.832+0000] {logging_mixin.py:188} INFO - [2024-04-17T23:59:11.829+0000] {dagbag.py:540} INFO - Filling up the DagBag from /home/airflow/.local/lib/python3.12/site-packages/airflow/example_dags/tutorial_dag.py
[2024-04-17T23:59:11.842+0000] {processor.py:840} INFO - DAG(s) 'tutorial_dag' retrieved from /home/airflow/.local/lib/python3.12/site-packages/airflow/example_dags/tutorial_dag.py
[2024-04-17T23:59:11.883+0000] {logging_mixin.py:188} INFO - [2024-04-17T23:59:11.882+0000] {dag.py:3096} INFO - Sync 1 DAGs
[2024-04-17T23:59:11.914+0000] {logging_mixin.py:188} INFO - [2024-04-17T23:59:11.914+0000] {dag.py:3954} INFO - Setting next_dagrun for tutorial_dag to None, run_after=None
[2024-04-17T23:59:11.967+0000] {processor.py:183} INFO - Processing /home/airflow/.local/lib/python3.12/site-packages/airflow/example_dags/tutorial_dag.py took 0.153 seconds
[2024-04-17T23:59:43.017+0000] {processor.py:161} INFO - Started process (PID=287) to work on /home/airflow/.local/lib/python3.12/site-packages/airflow/example_dags/tutorial_dag.py
[2024-04-17T23:59:43.019+0000] {processor.py:830} INFO - Processing file /home/airflow/.local/lib/python3.12/site-packages/airflow/example_dags/tutorial_dag.py for tasks to queue
[2024-04-17T23:59:43.021+0000] {logging_mixin.py:188} INFO - [2024-04-17T23:59:43.021+0000] {dagbag.py:540} INFO - Filling up the DagBag from /home/airflow/.local/lib/python3.12/site-packages/airflow/example_dags/tutorial_dag.py
[2024-04-17T23:59:43.028+0000] {processor.py:840} INFO - DAG(s) 'tutorial_dag' retrieved from /home/airflow/.local/lib/python3.12/site-packages/airflow/example_dags/tutorial_dag.py
[2024-04-17T23:59:43.059+0000] {logging_mixin.py:188} INFO - [2024-04-17T23:59:43.059+0000] {dag.py:3096} INFO - Sync 1 DAGs
[2024-04-17T23:59:43.078+0000] {logging_mixin.py:188} INFO - [2024-04-17T23:59:43.078+0000] {dag.py:3954} INFO - Setting next_dagrun for tutorial_dag to None, run_after=None
[2024-04-17T23:59:43.113+0000] {processor.py:183} INFO - Processing /home/airflow/.local/lib/python3.12/site-packages/airflow/example_dags/tutorial_dag.py took 0.103 seconds
