[2024-04-17T21:04:07.844+0000] {processor.py:161} INFO - Started process (PID=48) to work on /home/airflow/.local/lib/python3.12/site-packages/airflow/example_dags/tutorial_taskflow_api.py
[2024-04-17T21:04:07.852+0000] {processor.py:830} INFO - Processing file /home/airflow/.local/lib/python3.12/site-packages/airflow/example_dags/tutorial_taskflow_api.py for tasks to queue
[2024-04-17T21:04:07.881+0000] {logging_mixin.py:188} INFO - [2024-04-17T21:04:07.855+0000] {dagbag.py:540} INFO - Filling up the DagBag from /home/airflow/.local/lib/python3.12/site-packages/airflow/example_dags/tutorial_taskflow_api.py
[2024-04-17T21:04:08.002+0000] {processor.py:840} INFO - DAG(s) 'tutorial_taskflow_api' retrieved from /home/airflow/.local/lib/python3.12/site-packages/airflow/example_dags/tutorial_taskflow_api.py
[2024-04-17T21:04:10.865+0000] {logging_mixin.py:188} INFO - [2024-04-17T21:04:10.865+0000] {dag.py:3096} INFO - Sync 1 DAGs
[2024-04-17T21:04:10.942+0000] {logging_mixin.py:188} INFO - [2024-04-17T21:04:10.941+0000] {dag.py:3954} INFO - Setting next_dagrun for tutorial_taskflow_api to None, run_after=None
[2024-04-17T21:04:11.488+0000] {processor.py:183} INFO - Processing /home/airflow/.local/lib/python3.12/site-packages/airflow/example_dags/tutorial_taskflow_api.py took 3.710 seconds
[2024-04-17T21:05:03.488+0000] {processor.py:161} INFO - Started process (PID=106) to work on /home/airflow/.local/lib/python3.12/site-packages/airflow/example_dags/tutorial_taskflow_api.py
[2024-04-17T21:05:03.491+0000] {processor.py:830} INFO - Processing file /home/airflow/.local/lib/python3.12/site-packages/airflow/example_dags/tutorial_taskflow_api.py for tasks to queue
[2024-04-17T21:05:03.495+0000] {logging_mixin.py:188} INFO - [2024-04-17T21:05:03.494+0000] {dagbag.py:540} INFO - Filling up the DagBag from /home/airflow/.local/lib/python3.12/site-packages/airflow/example_dags/tutorial_taskflow_api.py
[2024-04-17T21:05:03.530+0000] {processor.py:840} INFO - DAG(s) 'tutorial_taskflow_api' retrieved from /home/airflow/.local/lib/python3.12/site-packages/airflow/example_dags/tutorial_taskflow_api.py
[2024-04-17T21:05:03.638+0000] {logging_mixin.py:188} INFO - [2024-04-17T21:05:03.628+0000] {dag.py:3096} INFO - Sync 1 DAGs
[2024-04-17T21:05:03.680+0000] {logging_mixin.py:188} INFO - [2024-04-17T21:05:03.679+0000] {dag.py:3954} INFO - Setting next_dagrun for tutorial_taskflow_api to None, run_after=None
[2024-04-17T21:05:03.740+0000] {processor.py:183} INFO - Processing /home/airflow/.local/lib/python3.12/site-packages/airflow/example_dags/tutorial_taskflow_api.py took 0.273 seconds
[2024-04-17T21:05:34.067+0000] {processor.py:161} INFO - Started process (PID=159) to work on /home/airflow/.local/lib/python3.12/site-packages/airflow/example_dags/tutorial_taskflow_api.py
[2024-04-17T21:05:34.129+0000] {processor.py:830} INFO - Processing file /home/airflow/.local/lib/python3.12/site-packages/airflow/example_dags/tutorial_taskflow_api.py for tasks to queue
[2024-04-17T21:05:34.132+0000] {logging_mixin.py:188} INFO - [2024-04-17T21:05:34.132+0000] {dagbag.py:540} INFO - Filling up the DagBag from /home/airflow/.local/lib/python3.12/site-packages/airflow/example_dags/tutorial_taskflow_api.py
[2024-04-17T21:05:34.157+0000] {processor.py:840} INFO - DAG(s) 'tutorial_taskflow_api' retrieved from /home/airflow/.local/lib/python3.12/site-packages/airflow/example_dags/tutorial_taskflow_api.py
[2024-04-17T21:05:34.217+0000] {logging_mixin.py:188} INFO - [2024-04-17T21:05:34.217+0000] {dag.py:3096} INFO - Sync 1 DAGs
[2024-04-17T21:05:34.253+0000] {logging_mixin.py:188} INFO - [2024-04-17T21:05:34.253+0000] {dag.py:3954} INFO - Setting next_dagrun for tutorial_taskflow_api to None, run_after=None
[2024-04-17T21:05:34.500+0000] {processor.py:183} INFO - Processing /home/airflow/.local/lib/python3.12/site-packages/airflow/example_dags/tutorial_taskflow_api.py took 0.443 seconds
[2024-04-17T21:06:07.240+0000] {processor.py:161} INFO - Started process (PID=218) to work on /home/airflow/.local/lib/python3.12/site-packages/airflow/example_dags/tutorial_taskflow_api.py
[2024-04-17T21:06:07.348+0000] {processor.py:830} INFO - Processing file /home/airflow/.local/lib/python3.12/site-packages/airflow/example_dags/tutorial_taskflow_api.py for tasks to queue
[2024-04-17T21:06:07.351+0000] {logging_mixin.py:188} INFO - [2024-04-17T21:06:07.350+0000] {dagbag.py:540} INFO - Filling up the DagBag from /home/airflow/.local/lib/python3.12/site-packages/airflow/example_dags/tutorial_taskflow_api.py
[2024-04-17T21:06:07.365+0000] {processor.py:840} INFO - DAG(s) 'tutorial_taskflow_api' retrieved from /home/airflow/.local/lib/python3.12/site-packages/airflow/example_dags/tutorial_taskflow_api.py
[2024-04-17T21:06:07.401+0000] {logging_mixin.py:188} INFO - [2024-04-17T21:06:07.400+0000] {dag.py:3096} INFO - Sync 1 DAGs
[2024-04-17T21:06:07.433+0000] {logging_mixin.py:188} INFO - [2024-04-17T21:06:07.433+0000] {dag.py:3954} INFO - Setting next_dagrun for tutorial_taskflow_api to None, run_after=None
[2024-04-17T21:06:07.743+0000] {processor.py:183} INFO - Processing /home/airflow/.local/lib/python3.12/site-packages/airflow/example_dags/tutorial_taskflow_api.py took 0.513 seconds
[2024-04-17T21:06:38.451+0000] {processor.py:161} INFO - Started process (PID=278) to work on /home/airflow/.local/lib/python3.12/site-packages/airflow/example_dags/tutorial_taskflow_api.py
[2024-04-17T21:06:38.456+0000] {processor.py:830} INFO - Processing file /home/airflow/.local/lib/python3.12/site-packages/airflow/example_dags/tutorial_taskflow_api.py for tasks to queue
[2024-04-17T21:06:38.472+0000] {logging_mixin.py:188} INFO - [2024-04-17T21:06:38.471+0000] {dagbag.py:540} INFO - Filling up the DagBag from /home/airflow/.local/lib/python3.12/site-packages/airflow/example_dags/tutorial_taskflow_api.py
[2024-04-17T21:06:38.512+0000] {processor.py:840} INFO - DAG(s) 'tutorial_taskflow_api' retrieved from /home/airflow/.local/lib/python3.12/site-packages/airflow/example_dags/tutorial_taskflow_api.py
[2024-04-17T21:06:38.773+0000] {logging_mixin.py:188} INFO - [2024-04-17T21:06:38.772+0000] {dag.py:3096} INFO - Sync 1 DAGs
[2024-04-17T21:06:38.886+0000] {logging_mixin.py:188} INFO - [2024-04-17T21:06:38.885+0000] {dag.py:3954} INFO - Setting next_dagrun for tutorial_taskflow_api to None, run_after=None
[2024-04-17T21:06:39.092+0000] {processor.py:183} INFO - Processing /home/airflow/.local/lib/python3.12/site-packages/airflow/example_dags/tutorial_taskflow_api.py took 0.701 seconds
[2024-04-17T21:07:10.520+0000] {processor.py:161} INFO - Started process (PID=336) to work on /home/airflow/.local/lib/python3.12/site-packages/airflow/example_dags/tutorial_taskflow_api.py
[2024-04-17T21:07:10.568+0000] {processor.py:830} INFO - Processing file /home/airflow/.local/lib/python3.12/site-packages/airflow/example_dags/tutorial_taskflow_api.py for tasks to queue
[2024-04-17T21:07:10.572+0000] {logging_mixin.py:188} INFO - [2024-04-17T21:07:10.571+0000] {dagbag.py:540} INFO - Filling up the DagBag from /home/airflow/.local/lib/python3.12/site-packages/airflow/example_dags/tutorial_taskflow_api.py
[2024-04-17T21:07:10.587+0000] {processor.py:840} INFO - DAG(s) 'tutorial_taskflow_api' retrieved from /home/airflow/.local/lib/python3.12/site-packages/airflow/example_dags/tutorial_taskflow_api.py
[2024-04-17T21:07:10.639+0000] {logging_mixin.py:188} INFO - [2024-04-17T21:07:10.638+0000] {dag.py:3096} INFO - Sync 1 DAGs
[2024-04-17T21:07:10.674+0000] {logging_mixin.py:188} INFO - [2024-04-17T21:07:10.674+0000] {dag.py:3954} INFO - Setting next_dagrun for tutorial_taskflow_api to None, run_after=None
[2024-04-17T21:07:10.903+0000] {processor.py:183} INFO - Processing /home/airflow/.local/lib/python3.12/site-packages/airflow/example_dags/tutorial_taskflow_api.py took 0.400 seconds
[2024-04-17T21:07:41.997+0000] {processor.py:161} INFO - Started process (PID=394) to work on /home/airflow/.local/lib/python3.12/site-packages/airflow/example_dags/tutorial_taskflow_api.py
[2024-04-17T21:07:42.123+0000] {processor.py:830} INFO - Processing file /home/airflow/.local/lib/python3.12/site-packages/airflow/example_dags/tutorial_taskflow_api.py for tasks to queue
[2024-04-17T21:07:42.128+0000] {logging_mixin.py:188} INFO - [2024-04-17T21:07:42.127+0000] {dagbag.py:540} INFO - Filling up the DagBag from /home/airflow/.local/lib/python3.12/site-packages/airflow/example_dags/tutorial_taskflow_api.py
[2024-04-17T21:07:42.141+0000] {processor.py:840} INFO - DAG(s) 'tutorial_taskflow_api' retrieved from /home/airflow/.local/lib/python3.12/site-packages/airflow/example_dags/tutorial_taskflow_api.py
[2024-04-17T21:07:42.182+0000] {logging_mixin.py:188} INFO - [2024-04-17T21:07:42.181+0000] {dag.py:3096} INFO - Sync 1 DAGs
[2024-04-17T21:07:42.211+0000] {logging_mixin.py:188} INFO - [2024-04-17T21:07:42.210+0000] {dag.py:3954} INFO - Setting next_dagrun for tutorial_taskflow_api to None, run_after=None
[2024-04-17T21:07:42.573+0000] {processor.py:183} INFO - Processing /home/airflow/.local/lib/python3.12/site-packages/airflow/example_dags/tutorial_taskflow_api.py took 0.585 seconds
[2024-04-17T21:08:13.039+0000] {processor.py:161} INFO - Started process (PID=452) to work on /home/airflow/.local/lib/python3.12/site-packages/airflow/example_dags/tutorial_taskflow_api.py
[2024-04-17T21:08:13.044+0000] {processor.py:830} INFO - Processing file /home/airflow/.local/lib/python3.12/site-packages/airflow/example_dags/tutorial_taskflow_api.py for tasks to queue
[2024-04-17T21:08:13.052+0000] {logging_mixin.py:188} INFO - [2024-04-17T21:08:13.049+0000] {dagbag.py:540} INFO - Filling up the DagBag from /home/airflow/.local/lib/python3.12/site-packages/airflow/example_dags/tutorial_taskflow_api.py
[2024-04-17T21:08:13.074+0000] {processor.py:840} INFO - DAG(s) 'tutorial_taskflow_api' retrieved from /home/airflow/.local/lib/python3.12/site-packages/airflow/example_dags/tutorial_taskflow_api.py
[2024-04-17T21:08:13.176+0000] {logging_mixin.py:188} INFO - [2024-04-17T21:08:13.176+0000] {dag.py:3096} INFO - Sync 1 DAGs
[2024-04-17T21:08:13.258+0000] {logging_mixin.py:188} INFO - [2024-04-17T21:08:13.257+0000] {dag.py:3954} INFO - Setting next_dagrun for tutorial_taskflow_api to None, run_after=None
[2024-04-17T21:08:13.385+0000] {processor.py:183} INFO - Processing /home/airflow/.local/lib/python3.12/site-packages/airflow/example_dags/tutorial_taskflow_api.py took 0.360 seconds
[2024-04-17T21:08:44.212+0000] {processor.py:161} INFO - Started process (PID=510) to work on /home/airflow/.local/lib/python3.12/site-packages/airflow/example_dags/tutorial_taskflow_api.py
[2024-04-17T21:08:44.214+0000] {processor.py:830} INFO - Processing file /home/airflow/.local/lib/python3.12/site-packages/airflow/example_dags/tutorial_taskflow_api.py for tasks to queue
[2024-04-17T21:08:44.218+0000] {logging_mixin.py:188} INFO - [2024-04-17T21:08:44.217+0000] {dagbag.py:540} INFO - Filling up the DagBag from /home/airflow/.local/lib/python3.12/site-packages/airflow/example_dags/tutorial_taskflow_api.py
[2024-04-17T21:08:44.233+0000] {processor.py:840} INFO - DAG(s) 'tutorial_taskflow_api' retrieved from /home/airflow/.local/lib/python3.12/site-packages/airflow/example_dags/tutorial_taskflow_api.py
[2024-04-17T21:08:44.290+0000] {logging_mixin.py:188} INFO - [2024-04-17T21:08:44.290+0000] {dag.py:3096} INFO - Sync 1 DAGs
[2024-04-17T21:08:44.345+0000] {logging_mixin.py:188} INFO - [2024-04-17T21:08:44.344+0000] {dag.py:3954} INFO - Setting next_dagrun for tutorial_taskflow_api to None, run_after=None
[2024-04-17T21:08:44.468+0000] {processor.py:183} INFO - Processing /home/airflow/.local/lib/python3.12/site-packages/airflow/example_dags/tutorial_taskflow_api.py took 0.274 seconds
[2024-04-17T21:09:15.478+0000] {processor.py:161} INFO - Started process (PID=568) to work on /home/airflow/.local/lib/python3.12/site-packages/airflow/example_dags/tutorial_taskflow_api.py
[2024-04-17T21:09:15.529+0000] {processor.py:830} INFO - Processing file /home/airflow/.local/lib/python3.12/site-packages/airflow/example_dags/tutorial_taskflow_api.py for tasks to queue
[2024-04-17T21:09:15.533+0000] {logging_mixin.py:188} INFO - [2024-04-17T21:09:15.532+0000] {dagbag.py:540} INFO - Filling up the DagBag from /home/airflow/.local/lib/python3.12/site-packages/airflow/example_dags/tutorial_taskflow_api.py
[2024-04-17T21:09:15.593+0000] {processor.py:840} INFO - DAG(s) 'tutorial_taskflow_api' retrieved from /home/airflow/.local/lib/python3.12/site-packages/airflow/example_dags/tutorial_taskflow_api.py
[2024-04-17T21:09:15.663+0000] {logging_mixin.py:188} INFO - [2024-04-17T21:09:15.662+0000] {dag.py:3096} INFO - Sync 1 DAGs
[2024-04-17T21:09:15.726+0000] {logging_mixin.py:188} INFO - [2024-04-17T21:09:15.725+0000] {dag.py:3954} INFO - Setting next_dagrun for tutorial_taskflow_api to None, run_after=None
[2024-04-17T21:09:16.034+0000] {processor.py:183} INFO - Processing /home/airflow/.local/lib/python3.12/site-packages/airflow/example_dags/tutorial_taskflow_api.py took 0.573 seconds
[2024-04-17T21:09:47.073+0000] {processor.py:161} INFO - Started process (PID=626) to work on /home/airflow/.local/lib/python3.12/site-packages/airflow/example_dags/tutorial_taskflow_api.py
[2024-04-17T21:09:47.074+0000] {processor.py:830} INFO - Processing file /home/airflow/.local/lib/python3.12/site-packages/airflow/example_dags/tutorial_taskflow_api.py for tasks to queue
[2024-04-17T21:09:47.078+0000] {logging_mixin.py:188} INFO - [2024-04-17T21:09:47.077+0000] {dagbag.py:540} INFO - Filling up the DagBag from /home/airflow/.local/lib/python3.12/site-packages/airflow/example_dags/tutorial_taskflow_api.py
[2024-04-17T21:09:47.087+0000] {processor.py:840} INFO - DAG(s) 'tutorial_taskflow_api' retrieved from /home/airflow/.local/lib/python3.12/site-packages/airflow/example_dags/tutorial_taskflow_api.py
[2024-04-17T21:09:47.121+0000] {logging_mixin.py:188} INFO - [2024-04-17T21:09:47.121+0000] {dag.py:3096} INFO - Sync 1 DAGs
[2024-04-17T21:09:47.147+0000] {logging_mixin.py:188} INFO - [2024-04-17T21:09:47.146+0000] {dag.py:3954} INFO - Setting next_dagrun for tutorial_taskflow_api to None, run_after=None
[2024-04-17T21:09:47.193+0000] {processor.py:183} INFO - Processing /home/airflow/.local/lib/python3.12/site-packages/airflow/example_dags/tutorial_taskflow_api.py took 0.128 seconds
[2024-04-17T21:10:17.424+0000] {processor.py:161} INFO - Started process (PID=684) to work on /home/airflow/.local/lib/python3.12/site-packages/airflow/example_dags/tutorial_taskflow_api.py
[2024-04-17T21:10:17.425+0000] {processor.py:830} INFO - Processing file /home/airflow/.local/lib/python3.12/site-packages/airflow/example_dags/tutorial_taskflow_api.py for tasks to queue
[2024-04-17T21:10:17.429+0000] {logging_mixin.py:188} INFO - [2024-04-17T21:10:17.428+0000] {dagbag.py:540} INFO - Filling up the DagBag from /home/airflow/.local/lib/python3.12/site-packages/airflow/example_dags/tutorial_taskflow_api.py
[2024-04-17T21:10:17.449+0000] {processor.py:840} INFO - DAG(s) 'tutorial_taskflow_api' retrieved from /home/airflow/.local/lib/python3.12/site-packages/airflow/example_dags/tutorial_taskflow_api.py
[2024-04-17T21:10:17.496+0000] {logging_mixin.py:188} INFO - [2024-04-17T21:10:17.495+0000] {dag.py:3096} INFO - Sync 1 DAGs
[2024-04-17T21:10:17.524+0000] {logging_mixin.py:188} INFO - [2024-04-17T21:10:17.523+0000] {dag.py:3954} INFO - Setting next_dagrun for tutorial_taskflow_api to None, run_after=None
[2024-04-17T21:10:17.572+0000] {processor.py:183} INFO - Processing /home/airflow/.local/lib/python3.12/site-packages/airflow/example_dags/tutorial_taskflow_api.py took 0.161 seconds
[2024-04-17T21:10:47.806+0000] {processor.py:161} INFO - Started process (PID=743) to work on /home/airflow/.local/lib/python3.12/site-packages/airflow/example_dags/tutorial_taskflow_api.py
[2024-04-17T21:10:47.808+0000] {processor.py:830} INFO - Processing file /home/airflow/.local/lib/python3.12/site-packages/airflow/example_dags/tutorial_taskflow_api.py for tasks to queue
[2024-04-17T21:10:47.813+0000] {logging_mixin.py:188} INFO - [2024-04-17T21:10:47.812+0000] {dagbag.py:540} INFO - Filling up the DagBag from /home/airflow/.local/lib/python3.12/site-packages/airflow/example_dags/tutorial_taskflow_api.py
[2024-04-17T21:10:47.827+0000] {processor.py:840} INFO - DAG(s) 'tutorial_taskflow_api' retrieved from /home/airflow/.local/lib/python3.12/site-packages/airflow/example_dags/tutorial_taskflow_api.py
[2024-04-17T21:10:47.860+0000] {logging_mixin.py:188} INFO - [2024-04-17T21:10:47.859+0000] {dag.py:3096} INFO - Sync 1 DAGs
[2024-04-17T21:10:47.894+0000] {logging_mixin.py:188} INFO - [2024-04-17T21:10:47.894+0000] {dag.py:3954} INFO - Setting next_dagrun for tutorial_taskflow_api to None, run_after=None
[2024-04-17T21:10:47.942+0000] {processor.py:183} INFO - Processing /home/airflow/.local/lib/python3.12/site-packages/airflow/example_dags/tutorial_taskflow_api.py took 0.149 seconds
[2024-04-17T21:11:18.820+0000] {processor.py:161} INFO - Started process (PID=801) to work on /home/airflow/.local/lib/python3.12/site-packages/airflow/example_dags/tutorial_taskflow_api.py
[2024-04-17T21:11:18.821+0000] {processor.py:830} INFO - Processing file /home/airflow/.local/lib/python3.12/site-packages/airflow/example_dags/tutorial_taskflow_api.py for tasks to queue
[2024-04-17T21:11:18.823+0000] {logging_mixin.py:188} INFO - [2024-04-17T21:11:18.823+0000] {dagbag.py:540} INFO - Filling up the DagBag from /home/airflow/.local/lib/python3.12/site-packages/airflow/example_dags/tutorial_taskflow_api.py
[2024-04-17T21:11:18.832+0000] {processor.py:840} INFO - DAG(s) 'tutorial_taskflow_api' retrieved from /home/airflow/.local/lib/python3.12/site-packages/airflow/example_dags/tutorial_taskflow_api.py
[2024-04-17T21:11:18.861+0000] {logging_mixin.py:188} INFO - [2024-04-17T21:11:18.860+0000] {dag.py:3096} INFO - Sync 1 DAGs
[2024-04-17T21:11:18.884+0000] {logging_mixin.py:188} INFO - [2024-04-17T21:11:18.883+0000] {dag.py:3954} INFO - Setting next_dagrun for tutorial_taskflow_api to None, run_after=None
[2024-04-17T21:11:18.926+0000] {processor.py:183} INFO - Processing /home/airflow/.local/lib/python3.12/site-packages/airflow/example_dags/tutorial_taskflow_api.py took 0.113 seconds
[2024-04-17T21:11:49.568+0000] {processor.py:161} INFO - Started process (PID=859) to work on /home/airflow/.local/lib/python3.12/site-packages/airflow/example_dags/tutorial_taskflow_api.py
[2024-04-17T21:11:49.569+0000] {processor.py:830} INFO - Processing file /home/airflow/.local/lib/python3.12/site-packages/airflow/example_dags/tutorial_taskflow_api.py for tasks to queue
[2024-04-17T21:11:49.572+0000] {logging_mixin.py:188} INFO - [2024-04-17T21:11:49.571+0000] {dagbag.py:540} INFO - Filling up the DagBag from /home/airflow/.local/lib/python3.12/site-packages/airflow/example_dags/tutorial_taskflow_api.py
[2024-04-17T21:11:49.579+0000] {processor.py:840} INFO - DAG(s) 'tutorial_taskflow_api' retrieved from /home/airflow/.local/lib/python3.12/site-packages/airflow/example_dags/tutorial_taskflow_api.py
[2024-04-17T21:11:49.613+0000] {logging_mixin.py:188} INFO - [2024-04-17T21:11:49.612+0000] {dag.py:3096} INFO - Sync 1 DAGs
[2024-04-17T21:11:49.635+0000] {logging_mixin.py:188} INFO - [2024-04-17T21:11:49.634+0000] {dag.py:3954} INFO - Setting next_dagrun for tutorial_taskflow_api to None, run_after=None
[2024-04-17T21:11:49.673+0000] {processor.py:183} INFO - Processing /home/airflow/.local/lib/python3.12/site-packages/airflow/example_dags/tutorial_taskflow_api.py took 0.112 seconds
[2024-04-17T21:12:20.108+0000] {processor.py:161} INFO - Started process (PID=917) to work on /home/airflow/.local/lib/python3.12/site-packages/airflow/example_dags/tutorial_taskflow_api.py
[2024-04-17T21:12:20.111+0000] {processor.py:830} INFO - Processing file /home/airflow/.local/lib/python3.12/site-packages/airflow/example_dags/tutorial_taskflow_api.py for tasks to queue
[2024-04-17T21:12:20.115+0000] {logging_mixin.py:188} INFO - [2024-04-17T21:12:20.114+0000] {dagbag.py:540} INFO - Filling up the DagBag from /home/airflow/.local/lib/python3.12/site-packages/airflow/example_dags/tutorial_taskflow_api.py
[2024-04-17T21:12:20.142+0000] {processor.py:840} INFO - DAG(s) 'tutorial_taskflow_api' retrieved from /home/airflow/.local/lib/python3.12/site-packages/airflow/example_dags/tutorial_taskflow_api.py
[2024-04-17T21:12:20.190+0000] {logging_mixin.py:188} INFO - [2024-04-17T21:12:20.189+0000] {dag.py:3096} INFO - Sync 1 DAGs
[2024-04-17T21:12:20.226+0000] {logging_mixin.py:188} INFO - [2024-04-17T21:12:20.226+0000] {dag.py:3954} INFO - Setting next_dagrun for tutorial_taskflow_api to None, run_after=None
[2024-04-17T21:12:20.274+0000] {processor.py:183} INFO - Processing /home/airflow/.local/lib/python3.12/site-packages/airflow/example_dags/tutorial_taskflow_api.py took 0.184 seconds
[2024-04-17T21:12:51.015+0000] {processor.py:161} INFO - Started process (PID=975) to work on /home/airflow/.local/lib/python3.12/site-packages/airflow/example_dags/tutorial_taskflow_api.py
[2024-04-17T21:12:51.016+0000] {processor.py:830} INFO - Processing file /home/airflow/.local/lib/python3.12/site-packages/airflow/example_dags/tutorial_taskflow_api.py for tasks to queue
[2024-04-17T21:12:51.020+0000] {logging_mixin.py:188} INFO - [2024-04-17T21:12:51.019+0000] {dagbag.py:540} INFO - Filling up the DagBag from /home/airflow/.local/lib/python3.12/site-packages/airflow/example_dags/tutorial_taskflow_api.py
[2024-04-17T21:12:51.032+0000] {processor.py:840} INFO - DAG(s) 'tutorial_taskflow_api' retrieved from /home/airflow/.local/lib/python3.12/site-packages/airflow/example_dags/tutorial_taskflow_api.py
[2024-04-17T21:12:51.070+0000] {logging_mixin.py:188} INFO - [2024-04-17T21:12:51.070+0000] {dag.py:3096} INFO - Sync 1 DAGs
[2024-04-17T21:12:51.097+0000] {logging_mixin.py:188} INFO - [2024-04-17T21:12:51.096+0000] {dag.py:3954} INFO - Setting next_dagrun for tutorial_taskflow_api to None, run_after=None
[2024-04-17T21:12:51.147+0000] {processor.py:183} INFO - Processing /home/airflow/.local/lib/python3.12/site-packages/airflow/example_dags/tutorial_taskflow_api.py took 0.148 seconds
[2024-04-17T21:13:21.693+0000] {processor.py:161} INFO - Started process (PID=1033) to work on /home/airflow/.local/lib/python3.12/site-packages/airflow/example_dags/tutorial_taskflow_api.py
[2024-04-17T21:13:21.695+0000] {processor.py:830} INFO - Processing file /home/airflow/.local/lib/python3.12/site-packages/airflow/example_dags/tutorial_taskflow_api.py for tasks to queue
[2024-04-17T21:13:21.699+0000] {logging_mixin.py:188} INFO - [2024-04-17T21:13:21.699+0000] {dagbag.py:540} INFO - Filling up the DagBag from /home/airflow/.local/lib/python3.12/site-packages/airflow/example_dags/tutorial_taskflow_api.py
[2024-04-17T21:13:21.712+0000] {processor.py:840} INFO - DAG(s) 'tutorial_taskflow_api' retrieved from /home/airflow/.local/lib/python3.12/site-packages/airflow/example_dags/tutorial_taskflow_api.py
[2024-04-17T21:13:21.756+0000] {logging_mixin.py:188} INFO - [2024-04-17T21:13:21.756+0000] {dag.py:3096} INFO - Sync 1 DAGs
[2024-04-17T21:13:21.799+0000] {logging_mixin.py:188} INFO - [2024-04-17T21:13:21.798+0000] {dag.py:3954} INFO - Setting next_dagrun for tutorial_taskflow_api to None, run_after=None
[2024-04-17T21:13:21.883+0000] {processor.py:183} INFO - Processing /home/airflow/.local/lib/python3.12/site-packages/airflow/example_dags/tutorial_taskflow_api.py took 0.206 seconds
[2024-04-17T21:14:53.065+0000] {processor.py:161} INFO - Started process (PID=30) to work on /home/airflow/.local/lib/python3.12/site-packages/airflow/example_dags/tutorial_taskflow_api.py
[2024-04-17T21:14:53.068+0000] {processor.py:830} INFO - Processing file /home/airflow/.local/lib/python3.12/site-packages/airflow/example_dags/tutorial_taskflow_api.py for tasks to queue
[2024-04-17T21:14:53.082+0000] {logging_mixin.py:188} INFO - [2024-04-17T21:14:53.081+0000] {dagbag.py:540} INFO - Filling up the DagBag from /home/airflow/.local/lib/python3.12/site-packages/airflow/example_dags/tutorial_taskflow_api.py
[2024-04-17T21:14:53.120+0000] {processor.py:840} INFO - DAG(s) 'tutorial_taskflow_api' retrieved from /home/airflow/.local/lib/python3.12/site-packages/airflow/example_dags/tutorial_taskflow_api.py
[2024-04-17T21:14:53.610+0000] {logging_mixin.py:188} INFO - [2024-04-17T21:14:53.609+0000] {dag.py:3096} INFO - Sync 1 DAGs
[2024-04-17T21:14:53.663+0000] {logging_mixin.py:188} INFO - [2024-04-17T21:14:53.662+0000] {dag.py:3954} INFO - Setting next_dagrun for tutorial_taskflow_api to None, run_after=None
[2024-04-17T21:14:53.747+0000] {processor.py:183} INFO - Processing /home/airflow/.local/lib/python3.12/site-packages/airflow/example_dags/tutorial_taskflow_api.py took 0.706 seconds
[2024-04-17T21:15:23.902+0000] {processor.py:161} INFO - Started process (PID=95) to work on /home/airflow/.local/lib/python3.12/site-packages/airflow/example_dags/tutorial_taskflow_api.py
[2024-04-17T21:15:23.905+0000] {processor.py:830} INFO - Processing file /home/airflow/.local/lib/python3.12/site-packages/airflow/example_dags/tutorial_taskflow_api.py for tasks to queue
[2024-04-17T21:15:23.914+0000] {logging_mixin.py:188} INFO - [2024-04-17T21:15:23.913+0000] {dagbag.py:540} INFO - Filling up the DagBag from /home/airflow/.local/lib/python3.12/site-packages/airflow/example_dags/tutorial_taskflow_api.py
[2024-04-17T21:15:23.939+0000] {processor.py:840} INFO - DAG(s) 'tutorial_taskflow_api' retrieved from /home/airflow/.local/lib/python3.12/site-packages/airflow/example_dags/tutorial_taskflow_api.py
[2024-04-17T21:15:24.034+0000] {logging_mixin.py:188} INFO - [2024-04-17T21:15:24.033+0000] {dag.py:3096} INFO - Sync 1 DAGs
[2024-04-17T21:15:24.103+0000] {logging_mixin.py:188} INFO - [2024-04-17T21:15:24.102+0000] {dag.py:3954} INFO - Setting next_dagrun for tutorial_taskflow_api to None, run_after=None
[2024-04-17T21:15:24.354+0000] {processor.py:183} INFO - Processing /home/airflow/.local/lib/python3.12/site-packages/airflow/example_dags/tutorial_taskflow_api.py took 0.464 seconds
[2024-04-17T21:15:55.005+0000] {processor.py:161} INFO - Started process (PID=153) to work on /home/airflow/.local/lib/python3.12/site-packages/airflow/example_dags/tutorial_taskflow_api.py
[2024-04-17T21:15:55.007+0000] {processor.py:830} INFO - Processing file /home/airflow/.local/lib/python3.12/site-packages/airflow/example_dags/tutorial_taskflow_api.py for tasks to queue
[2024-04-17T21:15:55.011+0000] {logging_mixin.py:188} INFO - [2024-04-17T21:15:55.010+0000] {dagbag.py:540} INFO - Filling up the DagBag from /home/airflow/.local/lib/python3.12/site-packages/airflow/example_dags/tutorial_taskflow_api.py
[2024-04-17T21:15:55.021+0000] {processor.py:840} INFO - DAG(s) 'tutorial_taskflow_api' retrieved from /home/airflow/.local/lib/python3.12/site-packages/airflow/example_dags/tutorial_taskflow_api.py
[2024-04-17T21:15:55.051+0000] {logging_mixin.py:188} INFO - [2024-04-17T21:15:55.051+0000] {dag.py:3096} INFO - Sync 1 DAGs
[2024-04-17T21:15:55.073+0000] {logging_mixin.py:188} INFO - [2024-04-17T21:15:55.072+0000] {dag.py:3954} INFO - Setting next_dagrun for tutorial_taskflow_api to None, run_after=None
[2024-04-17T21:15:55.467+0000] {processor.py:183} INFO - Processing /home/airflow/.local/lib/python3.12/site-packages/airflow/example_dags/tutorial_taskflow_api.py took 0.474 seconds
[2024-04-17T21:16:25.678+0000] {processor.py:161} INFO - Started process (PID=211) to work on /home/airflow/.local/lib/python3.12/site-packages/airflow/example_dags/tutorial_taskflow_api.py
[2024-04-17T21:16:25.680+0000] {processor.py:830} INFO - Processing file /home/airflow/.local/lib/python3.12/site-packages/airflow/example_dags/tutorial_taskflow_api.py for tasks to queue
[2024-04-17T21:16:25.682+0000] {logging_mixin.py:188} INFO - [2024-04-17T21:16:25.682+0000] {dagbag.py:540} INFO - Filling up the DagBag from /home/airflow/.local/lib/python3.12/site-packages/airflow/example_dags/tutorial_taskflow_api.py
[2024-04-17T21:16:25.691+0000] {processor.py:840} INFO - DAG(s) 'tutorial_taskflow_api' retrieved from /home/airflow/.local/lib/python3.12/site-packages/airflow/example_dags/tutorial_taskflow_api.py
[2024-04-17T21:16:25.722+0000] {logging_mixin.py:188} INFO - [2024-04-17T21:16:25.722+0000] {dag.py:3096} INFO - Sync 1 DAGs
[2024-04-17T21:16:25.744+0000] {logging_mixin.py:188} INFO - [2024-04-17T21:16:25.743+0000] {dag.py:3954} INFO - Setting next_dagrun for tutorial_taskflow_api to None, run_after=None
[2024-04-17T21:16:25.778+0000] {processor.py:183} INFO - Processing /home/airflow/.local/lib/python3.12/site-packages/airflow/example_dags/tutorial_taskflow_api.py took 0.111 seconds
[2024-04-17T21:16:56.053+0000] {processor.py:161} INFO - Started process (PID=269) to work on /home/airflow/.local/lib/python3.12/site-packages/airflow/example_dags/tutorial_taskflow_api.py
[2024-04-17T21:16:56.055+0000] {processor.py:830} INFO - Processing file /home/airflow/.local/lib/python3.12/site-packages/airflow/example_dags/tutorial_taskflow_api.py for tasks to queue
[2024-04-17T21:16:56.058+0000] {logging_mixin.py:188} INFO - [2024-04-17T21:16:56.057+0000] {dagbag.py:540} INFO - Filling up the DagBag from /home/airflow/.local/lib/python3.12/site-packages/airflow/example_dags/tutorial_taskflow_api.py
[2024-04-17T21:16:56.070+0000] {processor.py:840} INFO - DAG(s) 'tutorial_taskflow_api' retrieved from /home/airflow/.local/lib/python3.12/site-packages/airflow/example_dags/tutorial_taskflow_api.py
[2024-04-17T21:16:56.122+0000] {logging_mixin.py:188} INFO - [2024-04-17T21:16:56.121+0000] {dag.py:3096} INFO - Sync 1 DAGs
[2024-04-17T21:16:56.163+0000] {logging_mixin.py:188} INFO - [2024-04-17T21:16:56.163+0000] {dag.py:3954} INFO - Setting next_dagrun for tutorial_taskflow_api to None, run_after=None
[2024-04-17T21:16:56.220+0000] {processor.py:183} INFO - Processing /home/airflow/.local/lib/python3.12/site-packages/airflow/example_dags/tutorial_taskflow_api.py took 0.179 seconds
[2024-04-17T21:17:26.711+0000] {processor.py:161} INFO - Started process (PID=327) to work on /home/airflow/.local/lib/python3.12/site-packages/airflow/example_dags/tutorial_taskflow_api.py
[2024-04-17T21:17:26.713+0000] {processor.py:830} INFO - Processing file /home/airflow/.local/lib/python3.12/site-packages/airflow/example_dags/tutorial_taskflow_api.py for tasks to queue
[2024-04-17T21:17:26.716+0000] {logging_mixin.py:188} INFO - [2024-04-17T21:17:26.715+0000] {dagbag.py:540} INFO - Filling up the DagBag from /home/airflow/.local/lib/python3.12/site-packages/airflow/example_dags/tutorial_taskflow_api.py
[2024-04-17T21:17:26.730+0000] {processor.py:840} INFO - DAG(s) 'tutorial_taskflow_api' retrieved from /home/airflow/.local/lib/python3.12/site-packages/airflow/example_dags/tutorial_taskflow_api.py
[2024-04-17T21:17:26.774+0000] {logging_mixin.py:188} INFO - [2024-04-17T21:17:26.773+0000] {dag.py:3096} INFO - Sync 1 DAGs
[2024-04-17T21:17:26.804+0000] {logging_mixin.py:188} INFO - [2024-04-17T21:17:26.804+0000] {dag.py:3954} INFO - Setting next_dagrun for tutorial_taskflow_api to None, run_after=None
[2024-04-17T21:17:26.849+0000] {processor.py:183} INFO - Processing /home/airflow/.local/lib/python3.12/site-packages/airflow/example_dags/tutorial_taskflow_api.py took 0.149 seconds
[2024-04-17T21:17:57.529+0000] {processor.py:161} INFO - Started process (PID=385) to work on /home/airflow/.local/lib/python3.12/site-packages/airflow/example_dags/tutorial_taskflow_api.py
[2024-04-17T21:17:57.531+0000] {processor.py:830} INFO - Processing file /home/airflow/.local/lib/python3.12/site-packages/airflow/example_dags/tutorial_taskflow_api.py for tasks to queue
[2024-04-17T21:17:57.534+0000] {logging_mixin.py:188} INFO - [2024-04-17T21:17:57.533+0000] {dagbag.py:540} INFO - Filling up the DagBag from /home/airflow/.local/lib/python3.12/site-packages/airflow/example_dags/tutorial_taskflow_api.py
[2024-04-17T21:17:57.547+0000] {processor.py:840} INFO - DAG(s) 'tutorial_taskflow_api' retrieved from /home/airflow/.local/lib/python3.12/site-packages/airflow/example_dags/tutorial_taskflow_api.py
[2024-04-17T21:17:57.583+0000] {logging_mixin.py:188} INFO - [2024-04-17T21:17:57.582+0000] {dag.py:3096} INFO - Sync 1 DAGs
[2024-04-17T21:17:57.614+0000] {logging_mixin.py:188} INFO - [2024-04-17T21:17:57.613+0000] {dag.py:3954} INFO - Setting next_dagrun for tutorial_taskflow_api to None, run_after=None
[2024-04-17T21:17:57.657+0000] {processor.py:183} INFO - Processing /home/airflow/.local/lib/python3.12/site-packages/airflow/example_dags/tutorial_taskflow_api.py took 0.138 seconds
[2024-04-17T21:18:27.756+0000] {processor.py:161} INFO - Started process (PID=443) to work on /home/airflow/.local/lib/python3.12/site-packages/airflow/example_dags/tutorial_taskflow_api.py
[2024-04-17T21:18:27.758+0000] {processor.py:830} INFO - Processing file /home/airflow/.local/lib/python3.12/site-packages/airflow/example_dags/tutorial_taskflow_api.py for tasks to queue
[2024-04-17T21:18:27.761+0000] {logging_mixin.py:188} INFO - [2024-04-17T21:18:27.761+0000] {dagbag.py:540} INFO - Filling up the DagBag from /home/airflow/.local/lib/python3.12/site-packages/airflow/example_dags/tutorial_taskflow_api.py
[2024-04-17T21:18:27.773+0000] {processor.py:840} INFO - DAG(s) 'tutorial_taskflow_api' retrieved from /home/airflow/.local/lib/python3.12/site-packages/airflow/example_dags/tutorial_taskflow_api.py
[2024-04-17T21:18:27.815+0000] {logging_mixin.py:188} INFO - [2024-04-17T21:18:27.815+0000] {dag.py:3096} INFO - Sync 1 DAGs
[2024-04-17T21:18:27.842+0000] {logging_mixin.py:188} INFO - [2024-04-17T21:18:27.841+0000] {dag.py:3954} INFO - Setting next_dagrun for tutorial_taskflow_api to None, run_after=None
[2024-04-17T21:18:27.890+0000] {processor.py:183} INFO - Processing /home/airflow/.local/lib/python3.12/site-packages/airflow/example_dags/tutorial_taskflow_api.py took 0.142 seconds
[2024-04-17T21:18:58.489+0000] {processor.py:161} INFO - Started process (PID=501) to work on /home/airflow/.local/lib/python3.12/site-packages/airflow/example_dags/tutorial_taskflow_api.py
[2024-04-17T21:18:58.491+0000] {processor.py:830} INFO - Processing file /home/airflow/.local/lib/python3.12/site-packages/airflow/example_dags/tutorial_taskflow_api.py for tasks to queue
[2024-04-17T21:18:58.494+0000] {logging_mixin.py:188} INFO - [2024-04-17T21:18:58.494+0000] {dagbag.py:540} INFO - Filling up the DagBag from /home/airflow/.local/lib/python3.12/site-packages/airflow/example_dags/tutorial_taskflow_api.py
[2024-04-17T21:18:58.505+0000] {processor.py:840} INFO - DAG(s) 'tutorial_taskflow_api' retrieved from /home/airflow/.local/lib/python3.12/site-packages/airflow/example_dags/tutorial_taskflow_api.py
[2024-04-17T21:18:58.542+0000] {logging_mixin.py:188} INFO - [2024-04-17T21:18:58.542+0000] {dag.py:3096} INFO - Sync 1 DAGs
[2024-04-17T21:18:58.571+0000] {logging_mixin.py:188} INFO - [2024-04-17T21:18:58.570+0000] {dag.py:3954} INFO - Setting next_dagrun for tutorial_taskflow_api to None, run_after=None
[2024-04-17T21:18:58.611+0000] {processor.py:183} INFO - Processing /home/airflow/.local/lib/python3.12/site-packages/airflow/example_dags/tutorial_taskflow_api.py took 0.131 seconds
[2024-04-17T21:19:28.813+0000] {processor.py:161} INFO - Started process (PID=559) to work on /home/airflow/.local/lib/python3.12/site-packages/airflow/example_dags/tutorial_taskflow_api.py
[2024-04-17T21:19:28.814+0000] {processor.py:830} INFO - Processing file /home/airflow/.local/lib/python3.12/site-packages/airflow/example_dags/tutorial_taskflow_api.py for tasks to queue
[2024-04-17T21:19:28.818+0000] {logging_mixin.py:188} INFO - [2024-04-17T21:19:28.818+0000] {dagbag.py:540} INFO - Filling up the DagBag from /home/airflow/.local/lib/python3.12/site-packages/airflow/example_dags/tutorial_taskflow_api.py
[2024-04-17T21:19:28.828+0000] {processor.py:840} INFO - DAG(s) 'tutorial_taskflow_api' retrieved from /home/airflow/.local/lib/python3.12/site-packages/airflow/example_dags/tutorial_taskflow_api.py
[2024-04-17T21:19:28.864+0000] {logging_mixin.py:188} INFO - [2024-04-17T21:19:28.864+0000] {dag.py:3096} INFO - Sync 1 DAGs
[2024-04-17T21:19:28.893+0000] {logging_mixin.py:188} INFO - [2024-04-17T21:19:28.892+0000] {dag.py:3954} INFO - Setting next_dagrun for tutorial_taskflow_api to None, run_after=None
[2024-04-17T21:19:28.940+0000] {processor.py:183} INFO - Processing /home/airflow/.local/lib/python3.12/site-packages/airflow/example_dags/tutorial_taskflow_api.py took 0.135 seconds
[2024-04-17T23:57:37.599+0000] {processor.py:161} INFO - Started process (PID=35) to work on /home/airflow/.local/lib/python3.12/site-packages/airflow/example_dags/tutorial_taskflow_api.py
[2024-04-17T23:57:37.601+0000] {processor.py:830} INFO - Processing file /home/airflow/.local/lib/python3.12/site-packages/airflow/example_dags/tutorial_taskflow_api.py for tasks to queue
[2024-04-17T23:57:37.604+0000] {logging_mixin.py:188} INFO - [2024-04-17T23:57:37.604+0000] {dagbag.py:540} INFO - Filling up the DagBag from /home/airflow/.local/lib/python3.12/site-packages/airflow/example_dags/tutorial_taskflow_api.py
[2024-04-17T23:57:37.629+0000] {processor.py:840} INFO - DAG(s) 'tutorial_taskflow_api' retrieved from /home/airflow/.local/lib/python3.12/site-packages/airflow/example_dags/tutorial_taskflow_api.py
[2024-04-17T23:57:37.700+0000] {logging_mixin.py:188} INFO - [2024-04-17T23:57:37.699+0000] {dag.py:3096} INFO - Sync 1 DAGs
[2024-04-17T23:57:37.722+0000] {logging_mixin.py:188} INFO - [2024-04-17T23:57:37.721+0000] {dag.py:3954} INFO - Setting next_dagrun for tutorial_taskflow_api to None, run_after=None
[2024-04-17T23:57:37.759+0000] {processor.py:183} INFO - Processing /home/airflow/.local/lib/python3.12/site-packages/airflow/example_dags/tutorial_taskflow_api.py took 0.170 seconds
[2024-04-17T23:58:08.165+0000] {processor.py:161} INFO - Started process (PID=93) to work on /home/airflow/.local/lib/python3.12/site-packages/airflow/example_dags/tutorial_taskflow_api.py
[2024-04-17T23:58:08.166+0000] {processor.py:830} INFO - Processing file /home/airflow/.local/lib/python3.12/site-packages/airflow/example_dags/tutorial_taskflow_api.py for tasks to queue
[2024-04-17T23:58:08.170+0000] {logging_mixin.py:188} INFO - [2024-04-17T23:58:08.169+0000] {dagbag.py:540} INFO - Filling up the DagBag from /home/airflow/.local/lib/python3.12/site-packages/airflow/example_dags/tutorial_taskflow_api.py
[2024-04-17T23:58:08.176+0000] {processor.py:840} INFO - DAG(s) 'tutorial_taskflow_api' retrieved from /home/airflow/.local/lib/python3.12/site-packages/airflow/example_dags/tutorial_taskflow_api.py
[2024-04-17T23:58:08.201+0000] {logging_mixin.py:188} INFO - [2024-04-17T23:58:08.200+0000] {dag.py:3096} INFO - Sync 1 DAGs
[2024-04-17T23:58:08.217+0000] {logging_mixin.py:188} INFO - [2024-04-17T23:58:08.217+0000] {dag.py:3954} INFO - Setting next_dagrun for tutorial_taskflow_api to None, run_after=None
[2024-04-17T23:58:08.244+0000] {processor.py:183} INFO - Processing /home/airflow/.local/lib/python3.12/site-packages/airflow/example_dags/tutorial_taskflow_api.py took 0.085 seconds
[2024-04-17T23:58:38.304+0000] {processor.py:161} INFO - Started process (PID=151) to work on /home/airflow/.local/lib/python3.12/site-packages/airflow/example_dags/tutorial_taskflow_api.py
[2024-04-17T23:58:38.305+0000] {processor.py:830} INFO - Processing file /home/airflow/.local/lib/python3.12/site-packages/airflow/example_dags/tutorial_taskflow_api.py for tasks to queue
[2024-04-17T23:58:38.312+0000] {logging_mixin.py:188} INFO - [2024-04-17T23:58:38.311+0000] {dagbag.py:540} INFO - Filling up the DagBag from /home/airflow/.local/lib/python3.12/site-packages/airflow/example_dags/tutorial_taskflow_api.py
[2024-04-17T23:58:38.326+0000] {processor.py:840} INFO - DAG(s) 'tutorial_taskflow_api' retrieved from /home/airflow/.local/lib/python3.12/site-packages/airflow/example_dags/tutorial_taskflow_api.py
[2024-04-17T23:58:38.381+0000] {logging_mixin.py:188} INFO - [2024-04-17T23:58:38.381+0000] {dag.py:3096} INFO - Sync 1 DAGs
[2024-04-17T23:58:38.425+0000] {logging_mixin.py:188} INFO - [2024-04-17T23:58:38.425+0000] {dag.py:3954} INFO - Setting next_dagrun for tutorial_taskflow_api to None, run_after=None
[2024-04-17T23:58:38.481+0000] {processor.py:183} INFO - Processing /home/airflow/.local/lib/python3.12/site-packages/airflow/example_dags/tutorial_taskflow_api.py took 0.193 seconds
[2024-04-17T23:59:08.905+0000] {processor.py:161} INFO - Started process (PID=209) to work on /home/airflow/.local/lib/python3.12/site-packages/airflow/example_dags/tutorial_taskflow_api.py
[2024-04-17T23:59:08.906+0000] {processor.py:830} INFO - Processing file /home/airflow/.local/lib/python3.12/site-packages/airflow/example_dags/tutorial_taskflow_api.py for tasks to queue
[2024-04-17T23:59:08.909+0000] {logging_mixin.py:188} INFO - [2024-04-17T23:59:08.909+0000] {dagbag.py:540} INFO - Filling up the DagBag from /home/airflow/.local/lib/python3.12/site-packages/airflow/example_dags/tutorial_taskflow_api.py
[2024-04-17T23:59:08.915+0000] {processor.py:840} INFO - DAG(s) 'tutorial_taskflow_api' retrieved from /home/airflow/.local/lib/python3.12/site-packages/airflow/example_dags/tutorial_taskflow_api.py
[2024-04-17T23:59:08.941+0000] {logging_mixin.py:188} INFO - [2024-04-17T23:59:08.941+0000] {dag.py:3096} INFO - Sync 1 DAGs
[2024-04-17T23:59:08.958+0000] {logging_mixin.py:188} INFO - [2024-04-17T23:59:08.958+0000] {dag.py:3954} INFO - Setting next_dagrun for tutorial_taskflow_api to None, run_after=None
[2024-04-17T23:59:08.993+0000] {processor.py:183} INFO - Processing /home/airflow/.local/lib/python3.12/site-packages/airflow/example_dags/tutorial_taskflow_api.py took 0.094 seconds
[2024-04-17T23:59:39.063+0000] {processor.py:161} INFO - Started process (PID=268) to work on /home/airflow/.local/lib/python3.12/site-packages/airflow/example_dags/tutorial_taskflow_api.py
[2024-04-17T23:59:39.065+0000] {processor.py:830} INFO - Processing file /home/airflow/.local/lib/python3.12/site-packages/airflow/example_dags/tutorial_taskflow_api.py for tasks to queue
[2024-04-17T23:59:39.068+0000] {logging_mixin.py:188} INFO - [2024-04-17T23:59:39.067+0000] {dagbag.py:540} INFO - Filling up the DagBag from /home/airflow/.local/lib/python3.12/site-packages/airflow/example_dags/tutorial_taskflow_api.py
[2024-04-17T23:59:39.074+0000] {processor.py:840} INFO - DAG(s) 'tutorial_taskflow_api' retrieved from /home/airflow/.local/lib/python3.12/site-packages/airflow/example_dags/tutorial_taskflow_api.py
[2024-04-17T23:59:39.099+0000] {logging_mixin.py:188} INFO - [2024-04-17T23:59:39.099+0000] {dag.py:3096} INFO - Sync 1 DAGs
[2024-04-17T23:59:39.119+0000] {logging_mixin.py:188} INFO - [2024-04-17T23:59:39.119+0000] {dag.py:3954} INFO - Setting next_dagrun for tutorial_taskflow_api to None, run_after=None
[2024-04-17T23:59:39.152+0000] {processor.py:183} INFO - Processing /home/airflow/.local/lib/python3.12/site-packages/airflow/example_dags/tutorial_taskflow_api.py took 0.095 seconds
