[2024-04-17T21:04:57.618+0000] {processor.py:161} INFO - Started process (PID=93) to work on /home/airflow/.local/lib/python3.12/site-packages/airflow/example_dags/tutorial_objectstorage.py
[2024-04-17T21:04:57.984+0000] {processor.py:830} INFO - Processing file /home/airflow/.local/lib/python3.12/site-packages/airflow/example_dags/tutorial_objectstorage.py for tasks to queue
[2024-04-17T21:04:57.988+0000] {logging_mixin.py:188} INFO - [2024-04-17T21:04:57.987+0000] {dagbag.py:540} INFO - Filling up the DagBag from /home/airflow/.local/lib/python3.12/site-packages/airflow/example_dags/tutorial_objectstorage.py
[2024-04-17T21:04:58.108+0000] {processor.py:840} INFO - DAG(s) 'tutorial_objectstorage' retrieved from /home/airflow/.local/lib/python3.12/site-packages/airflow/example_dags/tutorial_objectstorage.py
[2024-04-17T21:04:58.468+0000] {logging_mixin.py:188} INFO - [2024-04-17T21:04:58.468+0000] {dag.py:3096} INFO - Sync 1 DAGs
[2024-04-17T21:04:58.498+0000] {logging_mixin.py:188} INFO - [2024-04-17T21:04:58.498+0000] {dag.py:3954} INFO - Setting next_dagrun for tutorial_objectstorage to None, run_after=None
[2024-04-17T21:04:59.122+0000] {processor.py:183} INFO - Processing /home/airflow/.local/lib/python3.12/site-packages/airflow/example_dags/tutorial_objectstorage.py took 1.513 seconds
[2024-04-17T21:05:30.485+0000] {processor.py:161} INFO - Started process (PID=151) to work on /home/airflow/.local/lib/python3.12/site-packages/airflow/example_dags/tutorial_objectstorage.py
[2024-04-17T21:05:30.525+0000] {processor.py:830} INFO - Processing file /home/airflow/.local/lib/python3.12/site-packages/airflow/example_dags/tutorial_objectstorage.py for tasks to queue
[2024-04-17T21:05:30.528+0000] {logging_mixin.py:188} INFO - [2024-04-17T21:05:30.527+0000] {dagbag.py:540} INFO - Filling up the DagBag from /home/airflow/.local/lib/python3.12/site-packages/airflow/example_dags/tutorial_objectstorage.py
[2024-04-17T21:05:30.560+0000] {processor.py:840} INFO - DAG(s) 'tutorial_objectstorage' retrieved from /home/airflow/.local/lib/python3.12/site-packages/airflow/example_dags/tutorial_objectstorage.py
[2024-04-17T21:05:30.638+0000] {logging_mixin.py:188} INFO - [2024-04-17T21:05:30.637+0000] {dag.py:3096} INFO - Sync 1 DAGs
[2024-04-17T21:05:30.718+0000] {logging_mixin.py:188} INFO - [2024-04-17T21:05:30.717+0000] {dag.py:3954} INFO - Setting next_dagrun for tutorial_objectstorage to None, run_after=None
[2024-04-17T21:05:30.932+0000] {processor.py:183} INFO - Processing /home/airflow/.local/lib/python3.12/site-packages/airflow/example_dags/tutorial_objectstorage.py took 0.455 seconds
[2024-04-17T21:06:03.528+0000] {processor.py:161} INFO - Started process (PID=209) to work on /home/airflow/.local/lib/python3.12/site-packages/airflow/example_dags/tutorial_objectstorage.py
[2024-04-17T21:06:03.595+0000] {processor.py:830} INFO - Processing file /home/airflow/.local/lib/python3.12/site-packages/airflow/example_dags/tutorial_objectstorage.py for tasks to queue
[2024-04-17T21:06:03.599+0000] {logging_mixin.py:188} INFO - [2024-04-17T21:06:03.598+0000] {dagbag.py:540} INFO - Filling up the DagBag from /home/airflow/.local/lib/python3.12/site-packages/airflow/example_dags/tutorial_objectstorage.py
[2024-04-17T21:06:03.637+0000] {processor.py:840} INFO - DAG(s) 'tutorial_objectstorage' retrieved from /home/airflow/.local/lib/python3.12/site-packages/airflow/example_dags/tutorial_objectstorage.py
[2024-04-17T21:06:03.728+0000] {logging_mixin.py:188} INFO - [2024-04-17T21:06:03.727+0000] {dag.py:3096} INFO - Sync 1 DAGs
[2024-04-17T21:06:03.765+0000] {logging_mixin.py:188} INFO - [2024-04-17T21:06:03.764+0000] {dag.py:3954} INFO - Setting next_dagrun for tutorial_objectstorage to None, run_after=None
[2024-04-17T21:06:04.238+0000] {processor.py:183} INFO - Processing /home/airflow/.local/lib/python3.12/site-packages/airflow/example_dags/tutorial_objectstorage.py took 0.719 seconds
[2024-04-17T21:06:36.232+0000] {processor.py:161} INFO - Started process (PID=267) to work on /home/airflow/.local/lib/python3.12/site-packages/airflow/example_dags/tutorial_objectstorage.py
[2024-04-17T21:06:36.348+0000] {processor.py:830} INFO - Processing file /home/airflow/.local/lib/python3.12/site-packages/airflow/example_dags/tutorial_objectstorage.py for tasks to queue
[2024-04-17T21:06:36.359+0000] {logging_mixin.py:188} INFO - [2024-04-17T21:06:36.358+0000] {dagbag.py:540} INFO - Filling up the DagBag from /home/airflow/.local/lib/python3.12/site-packages/airflow/example_dags/tutorial_objectstorage.py
[2024-04-17T21:06:36.383+0000] {processor.py:840} INFO - DAG(s) 'tutorial_objectstorage' retrieved from /home/airflow/.local/lib/python3.12/site-packages/airflow/example_dags/tutorial_objectstorage.py
[2024-04-17T21:06:36.489+0000] {logging_mixin.py:188} INFO - [2024-04-17T21:06:36.488+0000] {dag.py:3096} INFO - Sync 1 DAGs
[2024-04-17T21:06:36.543+0000] {logging_mixin.py:188} INFO - [2024-04-17T21:06:36.542+0000] {dag.py:3954} INFO - Setting next_dagrun for tutorial_objectstorage to None, run_after=None
[2024-04-17T21:06:36.699+0000] {processor.py:183} INFO - Processing /home/airflow/.local/lib/python3.12/site-packages/airflow/example_dags/tutorial_objectstorage.py took 0.475 seconds
[2024-04-17T21:07:07.061+0000] {processor.py:161} INFO - Started process (PID=325) to work on /home/airflow/.local/lib/python3.12/site-packages/airflow/example_dags/tutorial_objectstorage.py
[2024-04-17T21:07:07.154+0000] {processor.py:830} INFO - Processing file /home/airflow/.local/lib/python3.12/site-packages/airflow/example_dags/tutorial_objectstorage.py for tasks to queue
[2024-04-17T21:07:07.158+0000] {logging_mixin.py:188} INFO - [2024-04-17T21:07:07.157+0000] {dagbag.py:540} INFO - Filling up the DagBag from /home/airflow/.local/lib/python3.12/site-packages/airflow/example_dags/tutorial_objectstorage.py
[2024-04-17T21:07:07.176+0000] {processor.py:840} INFO - DAG(s) 'tutorial_objectstorage' retrieved from /home/airflow/.local/lib/python3.12/site-packages/airflow/example_dags/tutorial_objectstorage.py
[2024-04-17T21:07:07.224+0000] {logging_mixin.py:188} INFO - [2024-04-17T21:07:07.223+0000] {dag.py:3096} INFO - Sync 1 DAGs
[2024-04-17T21:07:07.255+0000] {logging_mixin.py:188} INFO - [2024-04-17T21:07:07.254+0000] {dag.py:3954} INFO - Setting next_dagrun for tutorial_objectstorage to None, run_after=None
[2024-04-17T21:07:07.568+0000] {processor.py:183} INFO - Processing /home/airflow/.local/lib/python3.12/site-packages/airflow/example_dags/tutorial_objectstorage.py took 0.517 seconds
[2024-04-17T21:07:37.852+0000] {processor.py:161} INFO - Started process (PID=383) to work on /home/airflow/.local/lib/python3.12/site-packages/airflow/example_dags/tutorial_objectstorage.py
[2024-04-17T21:07:37.853+0000] {processor.py:830} INFO - Processing file /home/airflow/.local/lib/python3.12/site-packages/airflow/example_dags/tutorial_objectstorage.py for tasks to queue
[2024-04-17T21:07:37.857+0000] {logging_mixin.py:188} INFO - [2024-04-17T21:07:37.856+0000] {dagbag.py:540} INFO - Filling up the DagBag from /home/airflow/.local/lib/python3.12/site-packages/airflow/example_dags/tutorial_objectstorage.py
[2024-04-17T21:07:37.880+0000] {processor.py:840} INFO - DAG(s) 'tutorial_objectstorage' retrieved from /home/airflow/.local/lib/python3.12/site-packages/airflow/example_dags/tutorial_objectstorage.py
[2024-04-17T21:07:37.944+0000] {logging_mixin.py:188} INFO - [2024-04-17T21:07:37.943+0000] {dag.py:3096} INFO - Sync 1 DAGs
[2024-04-17T21:07:38.018+0000] {logging_mixin.py:188} INFO - [2024-04-17T21:07:38.018+0000] {dag.py:3954} INFO - Setting next_dagrun for tutorial_objectstorage to None, run_after=None
[2024-04-17T21:07:38.119+0000] {processor.py:183} INFO - Processing /home/airflow/.local/lib/python3.12/site-packages/airflow/example_dags/tutorial_objectstorage.py took 0.280 seconds
[2024-04-17T21:08:08.800+0000] {processor.py:161} INFO - Started process (PID=447) to work on /home/airflow/.local/lib/python3.12/site-packages/airflow/example_dags/tutorial_objectstorage.py
[2024-04-17T21:08:08.803+0000] {processor.py:830} INFO - Processing file /home/airflow/.local/lib/python3.12/site-packages/airflow/example_dags/tutorial_objectstorage.py for tasks to queue
[2024-04-17T21:08:08.814+0000] {logging_mixin.py:188} INFO - [2024-04-17T21:08:08.813+0000] {dagbag.py:540} INFO - Filling up the DagBag from /home/airflow/.local/lib/python3.12/site-packages/airflow/example_dags/tutorial_objectstorage.py
[2024-04-17T21:08:08.842+0000] {processor.py:840} INFO - DAG(s) 'tutorial_objectstorage' retrieved from /home/airflow/.local/lib/python3.12/site-packages/airflow/example_dags/tutorial_objectstorage.py
[2024-04-17T21:08:08.941+0000] {logging_mixin.py:188} INFO - [2024-04-17T21:08:08.934+0000] {dag.py:3096} INFO - Sync 1 DAGs
[2024-04-17T21:08:09.005+0000] {logging_mixin.py:188} INFO - [2024-04-17T21:08:09.004+0000] {dag.py:3954} INFO - Setting next_dagrun for tutorial_objectstorage to None, run_after=None
[2024-04-17T21:08:09.119+0000] {processor.py:183} INFO - Processing /home/airflow/.local/lib/python3.12/site-packages/airflow/example_dags/tutorial_objectstorage.py took 0.343 seconds
[2024-04-17T21:08:39.867+0000] {processor.py:161} INFO - Started process (PID=505) to work on /home/airflow/.local/lib/python3.12/site-packages/airflow/example_dags/tutorial_objectstorage.py
[2024-04-17T21:08:39.874+0000] {processor.py:830} INFO - Processing file /home/airflow/.local/lib/python3.12/site-packages/airflow/example_dags/tutorial_objectstorage.py for tasks to queue
[2024-04-17T21:08:39.901+0000] {logging_mixin.py:188} INFO - [2024-04-17T21:08:39.900+0000] {dagbag.py:540} INFO - Filling up the DagBag from /home/airflow/.local/lib/python3.12/site-packages/airflow/example_dags/tutorial_objectstorage.py
[2024-04-17T21:08:39.940+0000] {processor.py:840} INFO - DAG(s) 'tutorial_objectstorage' retrieved from /home/airflow/.local/lib/python3.12/site-packages/airflow/example_dags/tutorial_objectstorage.py
[2024-04-17T21:08:40.050+0000] {logging_mixin.py:188} INFO - [2024-04-17T21:08:40.049+0000] {dag.py:3096} INFO - Sync 1 DAGs
[2024-04-17T21:08:40.119+0000] {logging_mixin.py:188} INFO - [2024-04-17T21:08:40.118+0000] {dag.py:3954} INFO - Setting next_dagrun for tutorial_objectstorage to None, run_after=None
[2024-04-17T21:08:40.258+0000] {processor.py:183} INFO - Processing /home/airflow/.local/lib/python3.12/site-packages/airflow/example_dags/tutorial_objectstorage.py took 0.412 seconds
[2024-04-17T21:09:10.571+0000] {processor.py:161} INFO - Started process (PID=563) to work on /home/airflow/.local/lib/python3.12/site-packages/airflow/example_dags/tutorial_objectstorage.py
[2024-04-17T21:09:10.584+0000] {processor.py:830} INFO - Processing file /home/airflow/.local/lib/python3.12/site-packages/airflow/example_dags/tutorial_objectstorage.py for tasks to queue
[2024-04-17T21:09:10.588+0000] {logging_mixin.py:188} INFO - [2024-04-17T21:09:10.587+0000] {dagbag.py:540} INFO - Filling up the DagBag from /home/airflow/.local/lib/python3.12/site-packages/airflow/example_dags/tutorial_objectstorage.py
[2024-04-17T21:09:10.608+0000] {processor.py:840} INFO - DAG(s) 'tutorial_objectstorage' retrieved from /home/airflow/.local/lib/python3.12/site-packages/airflow/example_dags/tutorial_objectstorage.py
[2024-04-17T21:09:10.674+0000] {logging_mixin.py:188} INFO - [2024-04-17T21:09:10.673+0000] {dag.py:3096} INFO - Sync 1 DAGs
[2024-04-17T21:09:10.728+0000] {logging_mixin.py:188} INFO - [2024-04-17T21:09:10.727+0000] {dag.py:3954} INFO - Setting next_dagrun for tutorial_objectstorage to None, run_after=None
[2024-04-17T21:09:11.024+0000] {processor.py:183} INFO - Processing /home/airflow/.local/lib/python3.12/site-packages/airflow/example_dags/tutorial_objectstorage.py took 0.478 seconds
[2024-04-17T21:09:43.076+0000] {processor.py:161} INFO - Started process (PID=621) to work on /home/airflow/.local/lib/python3.12/site-packages/airflow/example_dags/tutorial_objectstorage.py
[2024-04-17T21:09:43.078+0000] {processor.py:830} INFO - Processing file /home/airflow/.local/lib/python3.12/site-packages/airflow/example_dags/tutorial_objectstorage.py for tasks to queue
[2024-04-17T21:09:43.091+0000] {logging_mixin.py:188} INFO - [2024-04-17T21:09:43.090+0000] {dagbag.py:540} INFO - Filling up the DagBag from /home/airflow/.local/lib/python3.12/site-packages/airflow/example_dags/tutorial_objectstorage.py
[2024-04-17T21:09:43.126+0000] {processor.py:840} INFO - DAG(s) 'tutorial_objectstorage' retrieved from /home/airflow/.local/lib/python3.12/site-packages/airflow/example_dags/tutorial_objectstorage.py
[2024-04-17T21:09:43.215+0000] {logging_mixin.py:188} INFO - [2024-04-17T21:09:43.214+0000] {dag.py:3096} INFO - Sync 1 DAGs
[2024-04-17T21:09:43.289+0000] {logging_mixin.py:188} INFO - [2024-04-17T21:09:43.288+0000] {dag.py:3954} INFO - Setting next_dagrun for tutorial_objectstorage to None, run_after=None
[2024-04-17T21:09:43.371+0000] {processor.py:183} INFO - Processing /home/airflow/.local/lib/python3.12/site-packages/airflow/example_dags/tutorial_objectstorage.py took 0.329 seconds
[2024-04-17T21:10:13.610+0000] {processor.py:161} INFO - Started process (PID=679) to work on /home/airflow/.local/lib/python3.12/site-packages/airflow/example_dags/tutorial_objectstorage.py
[2024-04-17T21:10:13.612+0000] {processor.py:830} INFO - Processing file /home/airflow/.local/lib/python3.12/site-packages/airflow/example_dags/tutorial_objectstorage.py for tasks to queue
[2024-04-17T21:10:13.615+0000] {logging_mixin.py:188} INFO - [2024-04-17T21:10:13.615+0000] {dagbag.py:540} INFO - Filling up the DagBag from /home/airflow/.local/lib/python3.12/site-packages/airflow/example_dags/tutorial_objectstorage.py
[2024-04-17T21:10:13.628+0000] {processor.py:840} INFO - DAG(s) 'tutorial_objectstorage' retrieved from /home/airflow/.local/lib/python3.12/site-packages/airflow/example_dags/tutorial_objectstorage.py
[2024-04-17T21:10:13.661+0000] {logging_mixin.py:188} INFO - [2024-04-17T21:10:13.660+0000] {dag.py:3096} INFO - Sync 1 DAGs
[2024-04-17T21:10:13.683+0000] {logging_mixin.py:188} INFO - [2024-04-17T21:10:13.683+0000] {dag.py:3954} INFO - Setting next_dagrun for tutorial_objectstorage to None, run_after=None
[2024-04-17T21:10:13.722+0000] {processor.py:183} INFO - Processing /home/airflow/.local/lib/python3.12/site-packages/airflow/example_dags/tutorial_objectstorage.py took 0.124 seconds
[2024-04-17T21:10:43.823+0000] {processor.py:161} INFO - Started process (PID=738) to work on /home/airflow/.local/lib/python3.12/site-packages/airflow/example_dags/tutorial_objectstorage.py
[2024-04-17T21:10:43.824+0000] {processor.py:830} INFO - Processing file /home/airflow/.local/lib/python3.12/site-packages/airflow/example_dags/tutorial_objectstorage.py for tasks to queue
[2024-04-17T21:10:43.827+0000] {logging_mixin.py:188} INFO - [2024-04-17T21:10:43.827+0000] {dagbag.py:540} INFO - Filling up the DagBag from /home/airflow/.local/lib/python3.12/site-packages/airflow/example_dags/tutorial_objectstorage.py
[2024-04-17T21:10:43.841+0000] {processor.py:840} INFO - DAG(s) 'tutorial_objectstorage' retrieved from /home/airflow/.local/lib/python3.12/site-packages/airflow/example_dags/tutorial_objectstorage.py
[2024-04-17T21:10:43.876+0000] {logging_mixin.py:188} INFO - [2024-04-17T21:10:43.875+0000] {dag.py:3096} INFO - Sync 1 DAGs
[2024-04-17T21:10:43.896+0000] {logging_mixin.py:188} INFO - [2024-04-17T21:10:43.896+0000] {dag.py:3954} INFO - Setting next_dagrun for tutorial_objectstorage to None, run_after=None
[2024-04-17T21:10:43.937+0000] {processor.py:183} INFO - Processing /home/airflow/.local/lib/python3.12/site-packages/airflow/example_dags/tutorial_objectstorage.py took 0.121 seconds
[2024-04-17T21:11:14.327+0000] {processor.py:161} INFO - Started process (PID=796) to work on /home/airflow/.local/lib/python3.12/site-packages/airflow/example_dags/tutorial_objectstorage.py
[2024-04-17T21:11:14.329+0000] {processor.py:830} INFO - Processing file /home/airflow/.local/lib/python3.12/site-packages/airflow/example_dags/tutorial_objectstorage.py for tasks to queue
[2024-04-17T21:11:14.332+0000] {logging_mixin.py:188} INFO - [2024-04-17T21:11:14.331+0000] {dagbag.py:540} INFO - Filling up the DagBag from /home/airflow/.local/lib/python3.12/site-packages/airflow/example_dags/tutorial_objectstorage.py
[2024-04-17T21:11:14.341+0000] {processor.py:840} INFO - DAG(s) 'tutorial_objectstorage' retrieved from /home/airflow/.local/lib/python3.12/site-packages/airflow/example_dags/tutorial_objectstorage.py
[2024-04-17T21:11:14.376+0000] {logging_mixin.py:188} INFO - [2024-04-17T21:11:14.375+0000] {dag.py:3096} INFO - Sync 1 DAGs
[2024-04-17T21:11:14.395+0000] {logging_mixin.py:188} INFO - [2024-04-17T21:11:14.394+0000] {dag.py:3954} INFO - Setting next_dagrun for tutorial_objectstorage to None, run_after=None
[2024-04-17T21:11:14.431+0000] {processor.py:183} INFO - Processing /home/airflow/.local/lib/python3.12/site-packages/airflow/example_dags/tutorial_objectstorage.py took 0.112 seconds
[2024-04-17T21:11:44.934+0000] {processor.py:161} INFO - Started process (PID=854) to work on /home/airflow/.local/lib/python3.12/site-packages/airflow/example_dags/tutorial_objectstorage.py
[2024-04-17T21:11:44.936+0000] {processor.py:830} INFO - Processing file /home/airflow/.local/lib/python3.12/site-packages/airflow/example_dags/tutorial_objectstorage.py for tasks to queue
[2024-04-17T21:11:44.940+0000] {logging_mixin.py:188} INFO - [2024-04-17T21:11:44.939+0000] {dagbag.py:540} INFO - Filling up the DagBag from /home/airflow/.local/lib/python3.12/site-packages/airflow/example_dags/tutorial_objectstorage.py
[2024-04-17T21:11:44.955+0000] {processor.py:840} INFO - DAG(s) 'tutorial_objectstorage' retrieved from /home/airflow/.local/lib/python3.12/site-packages/airflow/example_dags/tutorial_objectstorage.py
[2024-04-17T21:11:44.995+0000] {logging_mixin.py:188} INFO - [2024-04-17T21:11:44.995+0000] {dag.py:3096} INFO - Sync 1 DAGs
[2024-04-17T21:11:45.029+0000] {logging_mixin.py:188} INFO - [2024-04-17T21:11:45.028+0000] {dag.py:3954} INFO - Setting next_dagrun for tutorial_objectstorage to None, run_after=None
[2024-04-17T21:11:45.095+0000] {processor.py:183} INFO - Processing /home/airflow/.local/lib/python3.12/site-packages/airflow/example_dags/tutorial_objectstorage.py took 0.171 seconds
[2024-04-17T21:12:15.448+0000] {processor.py:161} INFO - Started process (PID=912) to work on /home/airflow/.local/lib/python3.12/site-packages/airflow/example_dags/tutorial_objectstorage.py
[2024-04-17T21:12:15.450+0000] {processor.py:830} INFO - Processing file /home/airflow/.local/lib/python3.12/site-packages/airflow/example_dags/tutorial_objectstorage.py for tasks to queue
[2024-04-17T21:12:15.455+0000] {logging_mixin.py:188} INFO - [2024-04-17T21:12:15.454+0000] {dagbag.py:540} INFO - Filling up the DagBag from /home/airflow/.local/lib/python3.12/site-packages/airflow/example_dags/tutorial_objectstorage.py
[2024-04-17T21:12:15.470+0000] {processor.py:840} INFO - DAG(s) 'tutorial_objectstorage' retrieved from /home/airflow/.local/lib/python3.12/site-packages/airflow/example_dags/tutorial_objectstorage.py
[2024-04-17T21:12:15.511+0000] {logging_mixin.py:188} INFO - [2024-04-17T21:12:15.510+0000] {dag.py:3096} INFO - Sync 1 DAGs
[2024-04-17T21:12:15.543+0000] {logging_mixin.py:188} INFO - [2024-04-17T21:12:15.541+0000] {dag.py:3954} INFO - Setting next_dagrun for tutorial_objectstorage to None, run_after=None
[2024-04-17T21:12:15.614+0000] {processor.py:183} INFO - Processing /home/airflow/.local/lib/python3.12/site-packages/airflow/example_dags/tutorial_objectstorage.py took 0.180 seconds
[2024-04-17T21:12:45.993+0000] {processor.py:161} INFO - Started process (PID=970) to work on /home/airflow/.local/lib/python3.12/site-packages/airflow/example_dags/tutorial_objectstorage.py
[2024-04-17T21:12:45.994+0000] {processor.py:830} INFO - Processing file /home/airflow/.local/lib/python3.12/site-packages/airflow/example_dags/tutorial_objectstorage.py for tasks to queue
[2024-04-17T21:12:45.997+0000] {logging_mixin.py:188} INFO - [2024-04-17T21:12:45.997+0000] {dagbag.py:540} INFO - Filling up the DagBag from /home/airflow/.local/lib/python3.12/site-packages/airflow/example_dags/tutorial_objectstorage.py
[2024-04-17T21:12:46.012+0000] {processor.py:840} INFO - DAG(s) 'tutorial_objectstorage' retrieved from /home/airflow/.local/lib/python3.12/site-packages/airflow/example_dags/tutorial_objectstorage.py
[2024-04-17T21:12:46.059+0000] {logging_mixin.py:188} INFO - [2024-04-17T21:12:46.058+0000] {dag.py:3096} INFO - Sync 1 DAGs
[2024-04-17T21:12:46.095+0000] {logging_mixin.py:188} INFO - [2024-04-17T21:12:46.095+0000] {dag.py:3954} INFO - Setting next_dagrun for tutorial_objectstorage to None, run_after=None
[2024-04-17T21:12:46.146+0000] {processor.py:183} INFO - Processing /home/airflow/.local/lib/python3.12/site-packages/airflow/example_dags/tutorial_objectstorage.py took 0.166 seconds
[2024-04-17T21:13:17.018+0000] {processor.py:161} INFO - Started process (PID=1026) to work on /home/airflow/.local/lib/python3.12/site-packages/airflow/example_dags/tutorial_objectstorage.py
[2024-04-17T21:13:17.020+0000] {processor.py:830} INFO - Processing file /home/airflow/.local/lib/python3.12/site-packages/airflow/example_dags/tutorial_objectstorage.py for tasks to queue
[2024-04-17T21:13:17.026+0000] {logging_mixin.py:188} INFO - [2024-04-17T21:13:17.024+0000] {dagbag.py:540} INFO - Filling up the DagBag from /home/airflow/.local/lib/python3.12/site-packages/airflow/example_dags/tutorial_objectstorage.py
[2024-04-17T21:13:17.051+0000] {processor.py:840} INFO - DAG(s) 'tutorial_objectstorage' retrieved from /home/airflow/.local/lib/python3.12/site-packages/airflow/example_dags/tutorial_objectstorage.py
[2024-04-17T21:13:17.164+0000] {logging_mixin.py:188} INFO - [2024-04-17T21:13:17.163+0000] {dag.py:3096} INFO - Sync 1 DAGs
[2024-04-17T21:13:17.453+0000] {logging_mixin.py:188} INFO - [2024-04-17T21:13:17.452+0000] {dag.py:3954} INFO - Setting next_dagrun for tutorial_objectstorage to None, run_after=None
[2024-04-17T21:13:17.495+0000] {processor.py:183} INFO - Processing /home/airflow/.local/lib/python3.12/site-packages/airflow/example_dags/tutorial_objectstorage.py took 0.496 seconds
[2024-04-17T21:15:05.561+0000] {processor.py:161} INFO - Started process (PID=76) to work on /home/airflow/.local/lib/python3.12/site-packages/airflow/example_dags/tutorial_objectstorage.py
[2024-04-17T21:15:05.563+0000] {processor.py:830} INFO - Processing file /home/airflow/.local/lib/python3.12/site-packages/airflow/example_dags/tutorial_objectstorage.py for tasks to queue
[2024-04-17T21:15:05.566+0000] {logging_mixin.py:188} INFO - [2024-04-17T21:15:05.565+0000] {dagbag.py:540} INFO - Filling up the DagBag from /home/airflow/.local/lib/python3.12/site-packages/airflow/example_dags/tutorial_objectstorage.py
[2024-04-17T21:15:05.579+0000] {processor.py:840} INFO - DAG(s) 'tutorial_objectstorage' retrieved from /home/airflow/.local/lib/python3.12/site-packages/airflow/example_dags/tutorial_objectstorage.py
[2024-04-17T21:15:05.824+0000] {logging_mixin.py:188} INFO - [2024-04-17T21:15:05.824+0000] {dag.py:3096} INFO - Sync 1 DAGs
[2024-04-17T21:15:05.847+0000] {logging_mixin.py:188} INFO - [2024-04-17T21:15:05.847+0000] {dag.py:3954} INFO - Setting next_dagrun for tutorial_objectstorage to None, run_after=None
[2024-04-17T21:15:05.894+0000] {processor.py:183} INFO - Processing /home/airflow/.local/lib/python3.12/site-packages/airflow/example_dags/tutorial_objectstorage.py took 0.348 seconds
[2024-04-17T21:15:36.123+0000] {processor.py:161} INFO - Started process (PID=134) to work on /home/airflow/.local/lib/python3.12/site-packages/airflow/example_dags/tutorial_objectstorage.py
[2024-04-17T21:15:36.125+0000] {processor.py:830} INFO - Processing file /home/airflow/.local/lib/python3.12/site-packages/airflow/example_dags/tutorial_objectstorage.py for tasks to queue
[2024-04-17T21:15:36.130+0000] {logging_mixin.py:188} INFO - [2024-04-17T21:15:36.129+0000] {dagbag.py:540} INFO - Filling up the DagBag from /home/airflow/.local/lib/python3.12/site-packages/airflow/example_dags/tutorial_objectstorage.py
[2024-04-17T21:15:36.152+0000] {processor.py:840} INFO - DAG(s) 'tutorial_objectstorage' retrieved from /home/airflow/.local/lib/python3.12/site-packages/airflow/example_dags/tutorial_objectstorage.py
[2024-04-17T21:15:36.205+0000] {logging_mixin.py:188} INFO - [2024-04-17T21:15:36.204+0000] {dag.py:3096} INFO - Sync 1 DAGs
[2024-04-17T21:15:36.240+0000] {logging_mixin.py:188} INFO - [2024-04-17T21:15:36.239+0000] {dag.py:3954} INFO - Setting next_dagrun for tutorial_objectstorage to None, run_after=None
[2024-04-17T21:15:36.298+0000] {processor.py:183} INFO - Processing /home/airflow/.local/lib/python3.12/site-packages/airflow/example_dags/tutorial_objectstorage.py took 0.186 seconds
[2024-04-17T21:16:06.726+0000] {processor.py:161} INFO - Started process (PID=192) to work on /home/airflow/.local/lib/python3.12/site-packages/airflow/example_dags/tutorial_objectstorage.py
[2024-04-17T21:16:06.727+0000] {processor.py:830} INFO - Processing file /home/airflow/.local/lib/python3.12/site-packages/airflow/example_dags/tutorial_objectstorage.py for tasks to queue
[2024-04-17T21:16:06.730+0000] {logging_mixin.py:188} INFO - [2024-04-17T21:16:06.729+0000] {dagbag.py:540} INFO - Filling up the DagBag from /home/airflow/.local/lib/python3.12/site-packages/airflow/example_dags/tutorial_objectstorage.py
[2024-04-17T21:16:06.742+0000] {processor.py:840} INFO - DAG(s) 'tutorial_objectstorage' retrieved from /home/airflow/.local/lib/python3.12/site-packages/airflow/example_dags/tutorial_objectstorage.py
[2024-04-17T21:16:06.774+0000] {logging_mixin.py:188} INFO - [2024-04-17T21:16:06.773+0000] {dag.py:3096} INFO - Sync 1 DAGs
[2024-04-17T21:16:06.808+0000] {logging_mixin.py:188} INFO - [2024-04-17T21:16:06.807+0000] {dag.py:3954} INFO - Setting next_dagrun for tutorial_objectstorage to None, run_after=None
[2024-04-17T21:16:06.874+0000] {processor.py:183} INFO - Processing /home/airflow/.local/lib/python3.12/site-packages/airflow/example_dags/tutorial_objectstorage.py took 0.158 seconds
[2024-04-17T21:16:37.279+0000] {processor.py:161} INFO - Started process (PID=250) to work on /home/airflow/.local/lib/python3.12/site-packages/airflow/example_dags/tutorial_objectstorage.py
[2024-04-17T21:16:37.280+0000] {processor.py:830} INFO - Processing file /home/airflow/.local/lib/python3.12/site-packages/airflow/example_dags/tutorial_objectstorage.py for tasks to queue
[2024-04-17T21:16:37.283+0000] {logging_mixin.py:188} INFO - [2024-04-17T21:16:37.282+0000] {dagbag.py:540} INFO - Filling up the DagBag from /home/airflow/.local/lib/python3.12/site-packages/airflow/example_dags/tutorial_objectstorage.py
[2024-04-17T21:16:37.293+0000] {processor.py:840} INFO - DAG(s) 'tutorial_objectstorage' retrieved from /home/airflow/.local/lib/python3.12/site-packages/airflow/example_dags/tutorial_objectstorage.py
[2024-04-17T21:16:37.324+0000] {logging_mixin.py:188} INFO - [2024-04-17T21:16:37.323+0000] {dag.py:3096} INFO - Sync 1 DAGs
[2024-04-17T21:16:37.348+0000] {logging_mixin.py:188} INFO - [2024-04-17T21:16:37.348+0000] {dag.py:3954} INFO - Setting next_dagrun for tutorial_objectstorage to None, run_after=None
[2024-04-17T21:16:37.389+0000] {processor.py:183} INFO - Processing /home/airflow/.local/lib/python3.12/site-packages/airflow/example_dags/tutorial_objectstorage.py took 0.122 seconds
[2024-04-17T21:17:07.728+0000] {processor.py:161} INFO - Started process (PID=308) to work on /home/airflow/.local/lib/python3.12/site-packages/airflow/example_dags/tutorial_objectstorage.py
[2024-04-17T21:17:07.729+0000] {processor.py:830} INFO - Processing file /home/airflow/.local/lib/python3.12/site-packages/airflow/example_dags/tutorial_objectstorage.py for tasks to queue
[2024-04-17T21:17:07.732+0000] {logging_mixin.py:188} INFO - [2024-04-17T21:17:07.732+0000] {dagbag.py:540} INFO - Filling up the DagBag from /home/airflow/.local/lib/python3.12/site-packages/airflow/example_dags/tutorial_objectstorage.py
[2024-04-17T21:17:07.742+0000] {processor.py:840} INFO - DAG(s) 'tutorial_objectstorage' retrieved from /home/airflow/.local/lib/python3.12/site-packages/airflow/example_dags/tutorial_objectstorage.py
[2024-04-17T21:17:07.779+0000] {logging_mixin.py:188} INFO - [2024-04-17T21:17:07.779+0000] {dag.py:3096} INFO - Sync 1 DAGs
[2024-04-17T21:17:07.803+0000] {logging_mixin.py:188} INFO - [2024-04-17T21:17:07.802+0000] {dag.py:3954} INFO - Setting next_dagrun for tutorial_objectstorage to None, run_after=None
[2024-04-17T21:17:07.838+0000] {processor.py:183} INFO - Processing /home/airflow/.local/lib/python3.12/site-packages/airflow/example_dags/tutorial_objectstorage.py took 0.117 seconds
[2024-04-17T21:17:38.768+0000] {processor.py:161} INFO - Started process (PID=366) to work on /home/airflow/.local/lib/python3.12/site-packages/airflow/example_dags/tutorial_objectstorage.py
[2024-04-17T21:17:38.770+0000] {processor.py:830} INFO - Processing file /home/airflow/.local/lib/python3.12/site-packages/airflow/example_dags/tutorial_objectstorage.py for tasks to queue
[2024-04-17T21:17:38.773+0000] {logging_mixin.py:188} INFO - [2024-04-17T21:17:38.773+0000] {dagbag.py:540} INFO - Filling up the DagBag from /home/airflow/.local/lib/python3.12/site-packages/airflow/example_dags/tutorial_objectstorage.py
[2024-04-17T21:17:38.785+0000] {processor.py:840} INFO - DAG(s) 'tutorial_objectstorage' retrieved from /home/airflow/.local/lib/python3.12/site-packages/airflow/example_dags/tutorial_objectstorage.py
[2024-04-17T21:17:38.818+0000] {logging_mixin.py:188} INFO - [2024-04-17T21:17:38.818+0000] {dag.py:3096} INFO - Sync 1 DAGs
[2024-04-17T21:17:38.844+0000] {logging_mixin.py:188} INFO - [2024-04-17T21:17:38.843+0000] {dag.py:3954} INFO - Setting next_dagrun for tutorial_objectstorage to None, run_after=None
[2024-04-17T21:17:38.883+0000] {processor.py:183} INFO - Processing /home/airflow/.local/lib/python3.12/site-packages/airflow/example_dags/tutorial_objectstorage.py took 0.125 seconds
[2024-04-17T21:18:09.625+0000] {processor.py:161} INFO - Started process (PID=424) to work on /home/airflow/.local/lib/python3.12/site-packages/airflow/example_dags/tutorial_objectstorage.py
[2024-04-17T21:18:09.627+0000] {processor.py:830} INFO - Processing file /home/airflow/.local/lib/python3.12/site-packages/airflow/example_dags/tutorial_objectstorage.py for tasks to queue
[2024-04-17T21:18:09.633+0000] {logging_mixin.py:188} INFO - [2024-04-17T21:18:09.632+0000] {dagbag.py:540} INFO - Filling up the DagBag from /home/airflow/.local/lib/python3.12/site-packages/airflow/example_dags/tutorial_objectstorage.py
[2024-04-17T21:18:09.647+0000] {processor.py:840} INFO - DAG(s) 'tutorial_objectstorage' retrieved from /home/airflow/.local/lib/python3.12/site-packages/airflow/example_dags/tutorial_objectstorage.py
[2024-04-17T21:18:09.686+0000] {logging_mixin.py:188} INFO - [2024-04-17T21:18:09.686+0000] {dag.py:3096} INFO - Sync 1 DAGs
[2024-04-17T21:18:09.733+0000] {logging_mixin.py:188} INFO - [2024-04-17T21:18:09.732+0000] {dag.py:3954} INFO - Setting next_dagrun for tutorial_objectstorage to None, run_after=None
[2024-04-17T21:18:09.817+0000] {processor.py:183} INFO - Processing /home/airflow/.local/lib/python3.12/site-packages/airflow/example_dags/tutorial_objectstorage.py took 0.200 seconds
[2024-04-17T21:18:40.216+0000] {processor.py:161} INFO - Started process (PID=482) to work on /home/airflow/.local/lib/python3.12/site-packages/airflow/example_dags/tutorial_objectstorage.py
[2024-04-17T21:18:40.217+0000] {processor.py:830} INFO - Processing file /home/airflow/.local/lib/python3.12/site-packages/airflow/example_dags/tutorial_objectstorage.py for tasks to queue
[2024-04-17T21:18:40.221+0000] {logging_mixin.py:188} INFO - [2024-04-17T21:18:40.220+0000] {dagbag.py:540} INFO - Filling up the DagBag from /home/airflow/.local/lib/python3.12/site-packages/airflow/example_dags/tutorial_objectstorage.py
[2024-04-17T21:18:40.238+0000] {processor.py:840} INFO - DAG(s) 'tutorial_objectstorage' retrieved from /home/airflow/.local/lib/python3.12/site-packages/airflow/example_dags/tutorial_objectstorage.py
[2024-04-17T21:18:40.286+0000] {logging_mixin.py:188} INFO - [2024-04-17T21:18:40.286+0000] {dag.py:3096} INFO - Sync 1 DAGs
[2024-04-17T21:18:40.321+0000] {logging_mixin.py:188} INFO - [2024-04-17T21:18:40.321+0000] {dag.py:3954} INFO - Setting next_dagrun for tutorial_objectstorage to None, run_after=None
[2024-04-17T21:18:40.381+0000] {processor.py:183} INFO - Processing /home/airflow/.local/lib/python3.12/site-packages/airflow/example_dags/tutorial_objectstorage.py took 0.177 seconds
[2024-04-17T21:19:10.568+0000] {processor.py:161} INFO - Started process (PID=540) to work on /home/airflow/.local/lib/python3.12/site-packages/airflow/example_dags/tutorial_objectstorage.py
[2024-04-17T21:19:10.570+0000] {processor.py:830} INFO - Processing file /home/airflow/.local/lib/python3.12/site-packages/airflow/example_dags/tutorial_objectstorage.py for tasks to queue
[2024-04-17T21:19:10.574+0000] {logging_mixin.py:188} INFO - [2024-04-17T21:19:10.573+0000] {dagbag.py:540} INFO - Filling up the DagBag from /home/airflow/.local/lib/python3.12/site-packages/airflow/example_dags/tutorial_objectstorage.py
[2024-04-17T21:19:10.584+0000] {processor.py:840} INFO - DAG(s) 'tutorial_objectstorage' retrieved from /home/airflow/.local/lib/python3.12/site-packages/airflow/example_dags/tutorial_objectstorage.py
[2024-04-17T21:19:10.617+0000] {logging_mixin.py:188} INFO - [2024-04-17T21:19:10.617+0000] {dag.py:3096} INFO - Sync 1 DAGs
[2024-04-17T21:19:10.643+0000] {logging_mixin.py:188} INFO - [2024-04-17T21:19:10.642+0000] {dag.py:3954} INFO - Setting next_dagrun for tutorial_objectstorage to None, run_after=None
[2024-04-17T21:19:10.687+0000] {processor.py:183} INFO - Processing /home/airflow/.local/lib/python3.12/site-packages/airflow/example_dags/tutorial_objectstorage.py took 0.127 seconds
[2024-04-17T23:57:42.281+0000] {processor.py:161} INFO - Started process (PID=74) to work on /home/airflow/.local/lib/python3.12/site-packages/airflow/example_dags/tutorial_objectstorage.py
[2024-04-17T23:57:42.283+0000] {processor.py:830} INFO - Processing file /home/airflow/.local/lib/python3.12/site-packages/airflow/example_dags/tutorial_objectstorage.py for tasks to queue
[2024-04-17T23:57:42.286+0000] {logging_mixin.py:188} INFO - [2024-04-17T23:57:42.285+0000] {dagbag.py:540} INFO - Filling up the DagBag from /home/airflow/.local/lib/python3.12/site-packages/airflow/example_dags/tutorial_objectstorage.py
[2024-04-17T23:57:42.296+0000] {processor.py:840} INFO - DAG(s) 'tutorial_objectstorage' retrieved from /home/airflow/.local/lib/python3.12/site-packages/airflow/example_dags/tutorial_objectstorage.py
[2024-04-17T23:57:42.322+0000] {logging_mixin.py:188} INFO - [2024-04-17T23:57:42.322+0000] {dag.py:3096} INFO - Sync 1 DAGs
[2024-04-17T23:57:42.342+0000] {logging_mixin.py:188} INFO - [2024-04-17T23:57:42.342+0000] {dag.py:3954} INFO - Setting next_dagrun for tutorial_objectstorage to None, run_after=None
[2024-04-17T23:57:42.374+0000] {processor.py:183} INFO - Processing /home/airflow/.local/lib/python3.12/site-packages/airflow/example_dags/tutorial_objectstorage.py took 0.100 seconds
[2024-04-17T23:58:13.471+0000] {processor.py:161} INFO - Started process (PID=132) to work on /home/airflow/.local/lib/python3.12/site-packages/airflow/example_dags/tutorial_objectstorage.py
[2024-04-17T23:58:13.474+0000] {processor.py:830} INFO - Processing file /home/airflow/.local/lib/python3.12/site-packages/airflow/example_dags/tutorial_objectstorage.py for tasks to queue
[2024-04-17T23:58:13.484+0000] {logging_mixin.py:188} INFO - [2024-04-17T23:58:13.484+0000] {dagbag.py:540} INFO - Filling up the DagBag from /home/airflow/.local/lib/python3.12/site-packages/airflow/example_dags/tutorial_objectstorage.py
[2024-04-17T23:58:13.511+0000] {processor.py:840} INFO - DAG(s) 'tutorial_objectstorage' retrieved from /home/airflow/.local/lib/python3.12/site-packages/airflow/example_dags/tutorial_objectstorage.py
[2024-04-17T23:58:13.567+0000] {logging_mixin.py:188} INFO - [2024-04-17T23:58:13.566+0000] {dag.py:3096} INFO - Sync 1 DAGs
[2024-04-17T23:58:13.601+0000] {logging_mixin.py:188} INFO - [2024-04-17T23:58:13.601+0000] {dag.py:3954} INFO - Setting next_dagrun for tutorial_objectstorage to None, run_after=None
[2024-04-17T23:58:13.645+0000] {processor.py:183} INFO - Processing /home/airflow/.local/lib/python3.12/site-packages/airflow/example_dags/tutorial_objectstorage.py took 0.183 seconds
[2024-04-17T23:58:43.989+0000] {processor.py:161} INFO - Started process (PID=190) to work on /home/airflow/.local/lib/python3.12/site-packages/airflow/example_dags/tutorial_objectstorage.py
[2024-04-17T23:58:43.990+0000] {processor.py:830} INFO - Processing file /home/airflow/.local/lib/python3.12/site-packages/airflow/example_dags/tutorial_objectstorage.py for tasks to queue
[2024-04-17T23:58:43.993+0000] {logging_mixin.py:188} INFO - [2024-04-17T23:58:43.992+0000] {dagbag.py:540} INFO - Filling up the DagBag from /home/airflow/.local/lib/python3.12/site-packages/airflow/example_dags/tutorial_objectstorage.py
[2024-04-17T23:58:44.000+0000] {processor.py:840} INFO - DAG(s) 'tutorial_objectstorage' retrieved from /home/airflow/.local/lib/python3.12/site-packages/airflow/example_dags/tutorial_objectstorage.py
[2024-04-17T23:58:44.027+0000] {logging_mixin.py:188} INFO - [2024-04-17T23:58:44.027+0000] {dag.py:3096} INFO - Sync 1 DAGs
[2024-04-17T23:58:44.046+0000] {logging_mixin.py:188} INFO - [2024-04-17T23:58:44.045+0000] {dag.py:3954} INFO - Setting next_dagrun for tutorial_objectstorage to None, run_after=None
[2024-04-17T23:58:44.078+0000] {processor.py:183} INFO - Processing /home/airflow/.local/lib/python3.12/site-packages/airflow/example_dags/tutorial_objectstorage.py took 0.096 seconds
[2024-04-17T23:59:15.099+0000] {processor.py:161} INFO - Started process (PID=248) to work on /home/airflow/.local/lib/python3.12/site-packages/airflow/example_dags/tutorial_objectstorage.py
[2024-04-17T23:59:15.100+0000] {processor.py:830} INFO - Processing file /home/airflow/.local/lib/python3.12/site-packages/airflow/example_dags/tutorial_objectstorage.py for tasks to queue
[2024-04-17T23:59:15.103+0000] {logging_mixin.py:188} INFO - [2024-04-17T23:59:15.103+0000] {dagbag.py:540} INFO - Filling up the DagBag from /home/airflow/.local/lib/python3.12/site-packages/airflow/example_dags/tutorial_objectstorage.py
[2024-04-17T23:59:15.113+0000] {processor.py:840} INFO - DAG(s) 'tutorial_objectstorage' retrieved from /home/airflow/.local/lib/python3.12/site-packages/airflow/example_dags/tutorial_objectstorage.py
[2024-04-17T23:59:15.142+0000] {logging_mixin.py:188} INFO - [2024-04-17T23:59:15.141+0000] {dag.py:3096} INFO - Sync 1 DAGs
[2024-04-17T23:59:15.160+0000] {logging_mixin.py:188} INFO - [2024-04-17T23:59:15.160+0000] {dag.py:3954} INFO - Setting next_dagrun for tutorial_objectstorage to None, run_after=None
[2024-04-17T23:59:15.192+0000] {processor.py:183} INFO - Processing /home/airflow/.local/lib/python3.12/site-packages/airflow/example_dags/tutorial_objectstorage.py took 0.101 seconds
[2024-04-17T23:59:46.229+0000] {processor.py:161} INFO - Started process (PID=307) to work on /home/airflow/.local/lib/python3.12/site-packages/airflow/example_dags/tutorial_objectstorage.py
[2024-04-17T23:59:46.230+0000] {processor.py:830} INFO - Processing file /home/airflow/.local/lib/python3.12/site-packages/airflow/example_dags/tutorial_objectstorage.py for tasks to queue
[2024-04-17T23:59:46.233+0000] {logging_mixin.py:188} INFO - [2024-04-17T23:59:46.232+0000] {dagbag.py:540} INFO - Filling up the DagBag from /home/airflow/.local/lib/python3.12/site-packages/airflow/example_dags/tutorial_objectstorage.py
[2024-04-17T23:59:46.241+0000] {processor.py:840} INFO - DAG(s) 'tutorial_objectstorage' retrieved from /home/airflow/.local/lib/python3.12/site-packages/airflow/example_dags/tutorial_objectstorage.py
[2024-04-17T23:59:46.266+0000] {logging_mixin.py:188} INFO - [2024-04-17T23:59:46.266+0000] {dag.py:3096} INFO - Sync 1 DAGs
[2024-04-17T23:59:46.286+0000] {logging_mixin.py:188} INFO - [2024-04-17T23:59:46.285+0000] {dag.py:3954} INFO - Setting next_dagrun for tutorial_objectstorage to None, run_after=None
[2024-04-17T23:59:46.319+0000] {processor.py:183} INFO - Processing /home/airflow/.local/lib/python3.12/site-packages/airflow/example_dags/tutorial_objectstorage.py took 0.096 seconds
