[2024-04-18T02:47:53.650+0000] {local_task_job_runner.py:120} INFO - ::group::Pre task execution logs
[2024-04-18T02:47:53.854+0000] {taskinstance.py:2073} INFO - Dependencies all met for dep_context=non-requeueable deps ti=<TaskInstance: example_sensors.fire_immediately_async manual__2024-04-18T02:47:33.787232+00:00 [queued]>
[2024-04-18T02:47:53.902+0000] {taskinstance.py:2073} INFO - Dependencies all met for dep_context=requeueable deps ti=<TaskInstance: example_sensors.fire_immediately_async manual__2024-04-18T02:47:33.787232+00:00 [queued]>
[2024-04-18T02:47:53.907+0000] {taskinstance.py:2303} INFO - Starting attempt 1 of 1
[2024-04-18T02:47:53.968+0000] {taskinstance.py:2327} INFO - Executing <Task(TimeSensorAsync): fire_immediately_async> on 2024-04-18 02:47:33.787232+00:00
[2024-04-18T02:47:53.987+0000] {warnings.py:110} WARNING - /home/***/.local/lib/python3.12/site-packages/***/task/task_runner/standard_task_runner.py:61: DeprecationWarning: This process (pid=1583) is multi-threaded, use of fork() may lead to deadlocks in the child.
  pid = os.fork()

[2024-04-18T02:47:53.991+0000] {standard_task_runner.py:63} INFO - Started process 1601 to run task
[2024-04-18T02:47:54.000+0000] {standard_task_runner.py:90} INFO - Running: ['***', 'tasks', 'run', 'example_sensors', 'fire_immediately_async', 'manual__2024-04-18T02:47:33.787232+00:00', '--job-id', '15', '--raw', '--subdir', '/home/***/.local/lib/python3.12/site-packages/***/example_dags/example_sensors.py', '--cfg-path', '/tmp/tmpen0t3fvj']
[2024-04-18T02:47:54.015+0000] {standard_task_runner.py:91} INFO - Job 15: Subtask fire_immediately_async
[2024-04-18T02:47:54.498+0000] {task_command.py:426} INFO - Running <TaskInstance: example_sensors.fire_immediately_async manual__2024-04-18T02:47:33.787232+00:00 [running]> on host f31c3e7472ea
[2024-04-18T02:47:55.128+0000] {taskinstance.py:2644} INFO - Exporting env vars: AIRFLOW_CTX_DAG_OWNER='***' AIRFLOW_CTX_DAG_ID='example_sensors' AIRFLOW_CTX_TASK_ID='fire_immediately_async' AIRFLOW_CTX_EXECUTION_DATE='2024-04-18T02:47:33.787232+00:00' AIRFLOW_CTX_TRY_NUMBER='1' AIRFLOW_CTX_DAG_RUN_ID='manual__2024-04-18T02:47:33.787232+00:00'
[2024-04-18T02:47:55.138+0000] {taskinstance.py:430} INFO - ::endgroup::
[2024-04-18T02:47:55.139+0000] {taskinstance.py:441} INFO - ::group::Post task execution logs
[2024-04-18T02:47:55.141+0000] {crypto.py:82} WARNING - empty cryptography key - values will not be stored encrypted.
[2024-04-18T02:47:55.188+0000] {taskinstance.py:2486} INFO - Pausing task as DEFERRED. dag_id=example_sensors, task_id=fire_immediately_async, execution_date=20240418T024733, start_date=20240418T024753
[2024-04-18T02:47:55.332+0000] {local_task_job_runner.py:237} INFO - Task exited with return code 100 (task deferral)
[2024-04-18T02:47:55.333+0000] {local_task_job_runner.py:222} INFO - ::endgroup::
[2024-04-18T02:48:09.602+0000] {local_task_job_runner.py:120} INFO - ::group::Pre task execution logs
[2024-04-18T02:48:09.651+0000] {taskinstance.py:2073} INFO - Dependencies all met for dep_context=non-requeueable deps ti=<TaskInstance: example_sensors.fire_immediately_async manual__2024-04-18T02:47:33.787232+00:00 [queued]>
[2024-04-18T02:48:09.671+0000] {taskinstance.py:2073} INFO - Dependencies all met for dep_context=requeueable deps ti=<TaskInstance: example_sensors.fire_immediately_async manual__2024-04-18T02:47:33.787232+00:00 [queued]>
[2024-04-18T02:48:09.672+0000] {taskinstance.py:2301} INFO - Resuming after deferral
[2024-04-18T02:48:09.705+0000] {taskinstance.py:2327} INFO - Executing <Task(TimeSensorAsync): fire_immediately_async> on 2024-04-18 02:47:33.787232+00:00
[2024-04-18T02:48:09.715+0000] {warnings.py:110} WARNING - /home/***/.local/lib/python3.12/site-packages/***/task/task_runner/standard_task_runner.py:61: DeprecationWarning: This process (pid=1614) is multi-threaded, use of fork() may lead to deadlocks in the child.
  pid = os.fork()

[2024-04-18T02:48:09.719+0000] {standard_task_runner.py:63} INFO - Started process 1620 to run task
[2024-04-18T02:48:09.718+0000] {standard_task_runner.py:90} INFO - Running: ['***', 'tasks', 'run', 'example_sensors', 'fire_immediately_async', 'manual__2024-04-18T02:47:33.787232+00:00', '--job-id', '23', '--raw', '--subdir', '/home/***/.local/lib/python3.12/site-packages/***/example_dags/example_sensors.py', '--cfg-path', '/tmp/tmp4lk0rttz']
[2024-04-18T02:48:09.721+0000] {standard_task_runner.py:91} INFO - Job 23: Subtask fire_immediately_async
[2024-04-18T02:48:09.801+0000] {task_command.py:426} INFO - Running <TaskInstance: example_sensors.fire_immediately_async manual__2024-04-18T02:47:33.787232+00:00 [running]> on host f31c3e7472ea
[2024-04-18T02:48:09.967+0000] {taskinstance.py:430} INFO - ::endgroup::
[2024-04-18T02:48:09.968+0000] {taskinstance.py:441} INFO - ::group::Post task execution logs
[2024-04-18T02:48:09.988+0000] {taskinstance.py:1205} INFO - Marking task as SUCCESS. dag_id=example_sensors, task_id=fire_immediately_async, execution_date=20240418T024733, start_date=20240418T024753, end_date=20240418T024809
[2024-04-18T02:48:10.056+0000] {local_task_job_runner.py:240} INFO - Task exited with return code 0
[2024-04-18T02:48:10.102+0000] {taskinstance.py:3482} INFO - 0 downstream tasks scheduled from follow-on schedule check
[2024-04-18T02:48:10.106+0000] {local_task_job_runner.py:222} INFO - ::endgroup::
