[2024-04-18T02:47:53.709+0000] {local_task_job_runner.py:120} INFO - ::group::Pre task execution logs
[2024-04-18T02:47:53.889+0000] {taskinstance.py:2073} INFO - Dependencies all met for dep_context=non-requeueable deps ti=<TaskInstance: example_sensors.timeout_after_second_date_in_the_future manual__2024-04-18T02:47:33.787232+00:00 [queued]>
[2024-04-18T02:47:53.929+0000] {taskinstance.py:2073} INFO - Dependencies all met for dep_context=requeueable deps ti=<TaskInstance: example_sensors.timeout_after_second_date_in_the_future manual__2024-04-18T02:47:33.787232+00:00 [queued]>
[2024-04-18T02:47:53.931+0000] {taskinstance.py:2303} INFO - Starting attempt 1 of 1
[2024-04-18T02:47:53.977+0000] {taskinstance.py:2327} INFO - Executing <Task(TimeSensor): timeout_after_second_date_in_the_future> on 2024-04-18 02:47:33.787232+00:00
[2024-04-18T02:47:53.998+0000] {warnings.py:110} WARNING - /home/***/.local/lib/python3.12/site-packages/***/task/task_runner/standard_task_runner.py:61: DeprecationWarning: This process (pid=1578) is multi-threaded, use of fork() may lead to deadlocks in the child.
  pid = os.fork()

[2024-04-18T02:47:54.020+0000] {standard_task_runner.py:90} INFO - Running: ['***', 'tasks', 'run', 'example_sensors', 'timeout_after_second_date_in_the_future', 'manual__2024-04-18T02:47:33.787232+00:00', '--job-id', '18', '--raw', '--subdir', '/home/***/.local/lib/python3.12/site-packages/***/example_dags/example_sensors.py', '--cfg-path', '/tmp/tmpgs9_doe3']
[2024-04-18T02:47:54.068+0000] {standard_task_runner.py:91} INFO - Job 18: Subtask timeout_after_second_date_in_the_future
[2024-04-18T02:47:54.068+0000] {standard_task_runner.py:63} INFO - Started process 1603 to run task
[2024-04-18T02:47:54.483+0000] {task_command.py:426} INFO - Running <TaskInstance: example_sensors.timeout_after_second_date_in_the_future manual__2024-04-18T02:47:33.787232+00:00 [running]> on host f31c3e7472ea
[2024-04-18T02:47:55.084+0000] {taskinstance.py:2644} INFO - Exporting env vars: AIRFLOW_CTX_DAG_OWNER='***' AIRFLOW_CTX_DAG_ID='example_sensors' AIRFLOW_CTX_TASK_ID='timeout_after_second_date_in_the_future' AIRFLOW_CTX_EXECUTION_DATE='2024-04-18T02:47:33.787232+00:00' AIRFLOW_CTX_TRY_NUMBER='1' AIRFLOW_CTX_DAG_RUN_ID='manual__2024-04-18T02:47:33.787232+00:00'
[2024-04-18T02:47:55.094+0000] {taskinstance.py:430} INFO - ::endgroup::
[2024-04-18T02:47:55.099+0000] {time_sensor.py:48} INFO - Checking if the time (03:47:39.804253) has come
[2024-04-18T02:48:55.100+0000] {time_sensor.py:48} INFO - Checking if the time (03:47:39.804253) has come
[2024-04-18T02:48:55.101+0000] {taskinstance.py:441} INFO - ::group::Post task execution logs
[2024-04-18T02:48:55.103+0000] {taskinstance.py:2502} INFO - Sensor has timed out; run duration of 60.00315587699879 seconds exceeds the specified timeout of 1.0.
[2024-04-18T02:48:55.130+0000] {taskinstance.py:1205} INFO - Marking task as SKIPPED. dag_id=example_sensors, task_id=timeout_after_second_date_in_the_future, execution_date=20240418T024733, start_date=20240418T024753, end_date=20240418T024855
[2024-04-18T02:48:55.224+0000] {local_task_job_runner.py:240} INFO - Task exited with return code 0
[2024-04-18T02:48:55.259+0000] {taskinstance.py:3482} INFO - 0 downstream tasks scheduled from follow-on schedule check
[2024-04-18T02:48:55.264+0000] {local_task_job_runner.py:222} INFO - ::endgroup::
