[2024-04-18T02:47:53.748+0000] {local_task_job_runner.py:120} INFO - ::group::Pre task execution logs
[2024-04-18T02:47:53.933+0000] {taskinstance.py:2073} INFO - Dependencies all met for dep_context=non-requeueable deps ti=<TaskInstance: example_sensors.remove_file manual__2024-04-18T02:47:33.787232+00:00 [queued]>
[2024-04-18T02:47:53.980+0000] {taskinstance.py:2073} INFO - Dependencies all met for dep_context=requeueable deps ti=<TaskInstance: example_sensors.remove_file manual__2024-04-18T02:47:33.787232+00:00 [queued]>
[2024-04-18T02:47:53.984+0000] {taskinstance.py:2303} INFO - Starting attempt 1 of 1
[2024-04-18T02:47:54.191+0000] {taskinstance.py:2327} INFO - Executing <Task(BashOperator): remove_file> on 2024-04-18 02:47:33.787232+00:00
[2024-04-18T02:47:54.225+0000] {warnings.py:110} WARNING - /home/***/.local/lib/python3.12/site-packages/***/task/task_runner/standard_task_runner.py:61: DeprecationWarning: This process (pid=1581) is multi-threaded, use of fork() may lead to deadlocks in the child.
  pid = os.fork()

[2024-04-18T02:47:54.247+0000] {standard_task_runner.py:63} INFO - Started process 1608 to run task
[2024-04-18T02:47:54.270+0000] {standard_task_runner.py:90} INFO - Running: ['***', 'tasks', 'run', 'example_sensors', 'remove_file', 'manual__2024-04-18T02:47:33.787232+00:00', '--job-id', '19', '--raw', '--subdir', '/home/***/.local/lib/python3.12/site-packages/***/example_dags/example_sensors.py', '--cfg-path', '/tmp/tmpfyrp3kj5']
[2024-04-18T02:47:54.280+0000] {standard_task_runner.py:91} INFO - Job 19: Subtask remove_file
[2024-04-18T02:47:54.629+0000] {task_command.py:426} INFO - Running <TaskInstance: example_sensors.remove_file manual__2024-04-18T02:47:33.787232+00:00 [running]> on host f31c3e7472ea
[2024-04-18T02:47:55.195+0000] {taskinstance.py:2644} INFO - Exporting env vars: AIRFLOW_CTX_DAG_OWNER='***' AIRFLOW_CTX_DAG_ID='example_sensors' AIRFLOW_CTX_TASK_ID='remove_file' AIRFLOW_CTX_EXECUTION_DATE='2024-04-18T02:47:33.787232+00:00' AIRFLOW_CTX_TRY_NUMBER='1' AIRFLOW_CTX_DAG_RUN_ID='manual__2024-04-18T02:47:33.787232+00:00'
[2024-04-18T02:47:55.205+0000] {taskinstance.py:430} INFO - ::endgroup::
[2024-04-18T02:47:55.341+0000] {subprocess.py:63} INFO - Tmp dir root location: /tmp
[2024-04-18T02:47:55.344+0000] {subprocess.py:75} INFO - Running command: ['/usr/bin/bash', '-c', 'rm -rf /tmp/temporary_file_for_testing']
[2024-04-18T02:47:55.397+0000] {subprocess.py:86} INFO - Output:
[2024-04-18T02:47:55.590+0000] {subprocess.py:97} INFO - Command exited with return code 0
[2024-04-18T02:47:55.610+0000] {taskinstance.py:441} INFO - ::group::Post task execution logs
[2024-04-18T02:47:55.702+0000] {taskinstance.py:1205} INFO - Marking task as SUCCESS. dag_id=example_sensors, task_id=remove_file, execution_date=20240418T024733, start_date=20240418T024753, end_date=20240418T024755
[2024-04-18T02:47:55.789+0000] {local_task_job_runner.py:240} INFO - Task exited with return code 0
[2024-04-18T02:47:55.956+0000] {taskinstance.py:3482} INFO - 1 downstream tasks scheduled from follow-on schedule check
[2024-04-18T02:47:55.968+0000] {local_task_job_runner.py:222} INFO - ::endgroup::
