[2024-04-18T02:47:53.653+0000] {local_task_job_runner.py:120} INFO - ::group::Pre task execution logs
[2024-04-18T02:47:53.889+0000] {taskinstance.py:2073} INFO - Dependencies all met for dep_context=non-requeueable deps ti=<TaskInstance: example_sensors.Sensor_succeeds manual__2024-04-18T02:47:33.787232+00:00 [queued]>
[2024-04-18T02:47:53.961+0000] {taskinstance.py:2073} INFO - Dependencies all met for dep_context=requeueable deps ti=<TaskInstance: example_sensors.Sensor_succeeds manual__2024-04-18T02:47:33.787232+00:00 [queued]>
[2024-04-18T02:47:53.962+0000] {taskinstance.py:2303} INFO - Starting attempt 1 of 1
[2024-04-18T02:47:54.143+0000] {taskinstance.py:2327} INFO - Executing <Task(BashSensor): Sensor_succeeds> on 2024-04-18 02:47:33.787232+00:00
[2024-04-18T02:47:54.194+0000] {warnings.py:110} WARNING - /home/***/.local/lib/python3.12/site-packages/***/task/task_runner/standard_task_runner.py:61: DeprecationWarning: This process (pid=1579) is multi-threaded, use of fork() may lead to deadlocks in the child.
  pid = os.fork()

[2024-04-18T02:47:54.228+0000] {standard_task_runner.py:63} INFO - Started process 1606 to run task
[2024-04-18T02:47:54.184+0000] {standard_task_runner.py:90} INFO - Running: ['***', 'tasks', 'run', 'example_sensors', 'Sensor_succeeds', 'manual__2024-04-18T02:47:33.787232+00:00', '--job-id', '17', '--raw', '--subdir', '/home/***/.local/lib/python3.12/site-packages/***/example_dags/example_sensors.py', '--cfg-path', '/tmp/tmpftgahp3l']
[2024-04-18T02:47:54.261+0000] {standard_task_runner.py:91} INFO - Job 17: Subtask Sensor_succeeds
[2024-04-18T02:47:54.556+0000] {task_command.py:426} INFO - Running <TaskInstance: example_sensors.Sensor_succeeds manual__2024-04-18T02:47:33.787232+00:00 [running]> on host f31c3e7472ea
[2024-04-18T02:47:55.111+0000] {taskinstance.py:2644} INFO - Exporting env vars: AIRFLOW_CTX_DAG_OWNER='***' AIRFLOW_CTX_DAG_ID='example_sensors' AIRFLOW_CTX_TASK_ID='Sensor_succeeds' AIRFLOW_CTX_EXECUTION_DATE='2024-04-18T02:47:33.787232+00:00' AIRFLOW_CTX_TRY_NUMBER='1' AIRFLOW_CTX_DAG_RUN_ID='manual__2024-04-18T02:47:33.787232+00:00'
[2024-04-18T02:47:55.126+0000] {taskinstance.py:430} INFO - ::endgroup::
[2024-04-18T02:47:55.129+0000] {bash.py:72} INFO - Tmp dir root location: /tmp
[2024-04-18T02:47:55.140+0000] {bash.py:80} INFO - Temporary script location: /tmp/***tmpm62oxv2q//tmp/***tmpm62oxv2q/Sensor_succeedsdpmyasi2
[2024-04-18T02:47:55.142+0000] {bash.py:81} INFO - Running command: exit 0
[2024-04-18T02:47:55.368+0000] {bash.py:93} INFO - Output:
[2024-04-18T02:47:55.563+0000] {bash.py:97} INFO - Command exited with return code 0
[2024-04-18T02:47:55.570+0000] {base.py:294} INFO - Success criteria met. Exiting.
[2024-04-18T02:47:55.582+0000] {taskinstance.py:441} INFO - ::group::Post task execution logs
[2024-04-18T02:47:55.636+0000] {taskinstance.py:1205} INFO - Marking task as SUCCESS. dag_id=example_sensors, task_id=Sensor_succeeds, execution_date=20240418T024733, start_date=20240418T024753, end_date=20240418T024755
[2024-04-18T02:47:55.737+0000] {local_task_job_runner.py:240} INFO - Task exited with return code 0
[2024-04-18T02:47:55.799+0000] {taskinstance.py:3482} INFO - 0 downstream tasks scheduled from follow-on schedule check
[2024-04-18T02:47:55.805+0000] {local_task_job_runner.py:222} INFO - ::endgroup::
